cd /workdir/Cardumen_vul4j_codehaus-plexus_plexus-archiver_VUL4J-41;
export JAVA_TOOL_OPTIONS="-Dfile.encoding=UTF8 -Duser.language=en-US -Duser.country=US -Duser.language=en";
TZ="America/New_York"; export TZ;
export PATH="/usr/lib/jvm/java-8-openjdk-amd64/bin:$PATH";
export JAVA_HOME="/usr/lib/jvm/java-8-openjdk-amd64/bin";
time java -Xmx4g -Xms1g -XX:MaxPermSize=512m -cp /script/../libs/jtestex7.jar:/script/../repair_tools/astor.jar fr.inria.main.evolution.AstorMain \
	-mode cardumen \
	-location . \
	-id codehaus-plexus_plexus-archiver-VUL4J-41 \
	-failing org.codehaus.plexus.archiver.zip.ZipUnArchiverTest#testExtractingZipWithEntryOutsideDestDirThrowsException \
	-jvm4testexecution /usr/lib/jvm/java-8-openjdk-amd64/bin \
	-jvm4evosuitetestexecution /usr/lib/jvm/java-8-openjdk-amd64/bin \
	-maxgen 1000000 \
	-maxtime 120 \
	-stopfirst true \
	-seed 0 \
	-scope local \
	-population 1 \
	-javacompliancelevel 8 \
	-faultlocalization perfect \
    -perfectdata /script/../data/benchmarks/vul4j/perfectfl/VUL4J-41 \
    -validation externalcmd \
    -testfailingcmd "mvn test -Dtest=org.codehaus.plexus.archiver.zip.ZipUnArchiverTest#testExtractingZipWithEntryOutsideDestDirThrowsException -Dhttps.protocols=TLSv1.2 -Denforcer.skip=true -Dcheckstyle.skip=true -Dcobertura.skip=true -DskipITs=true -Drat.skip=true -Dlicense.skip=true -Dpmd.skip=true -Dfindbugs.skip=true -Dgpg.skip=true -Dskip.npm=true -Dskip.gulp=true -Dskip.bower=true -Danimal.sniffer.skip=true -V -B" \
    -testallcmd "mvn test -Dhttps.protocols=TLSv1.2 -Denforcer.skip=true -Dcheckstyle.skip=true -Dcobertura.skip=true -DskipITs=true -Drat.skip=true -Dlicense.skip=true -Dpmd.skip=true -Dfindbugs.skip=true -Dgpg.skip=true -Dskip.npm=true -Dskip.gulp=true -Dskip.bower=true -Danimal.sniffer.skip=true -V -B"  \ \
	-srcjavafolder src/main/java \
	-srctestfolder src/test/java \
	-binjavafolder target/classes \
	-bintestfolder target/test-classes \
	-parameters x:x:maxCombinationVariableLimit:true:maxVarCombination:1000:maxCombinationVariableLimit:true:maxVarCombination:1000:maxCombinationVariableLimit:true:maxVarCombination:1000:maxCombinationVariableLimit:true:maxVarCombination:1000:maxCombinationVariableLimit:true:maxVarCombination:1000:maxCombinationVariableLimit:true:maxVarCombination:1000:maxCombinationVariableLimit:true:maxVarCombination:1000:maxCombinationVariableLimit:true:maxVarCombination:1000:maxCombinationVariableLimit:true:maxVarCombination:1000:maxCombinationVariableLimit:true:maxVarCombination:1000:maxCombinationVariableLimit:true:maxVarCombination:1000:maxCombinationVariableLimit:true:maxVarCombination:1000:maxCombinationVariableLimit:true:maxVarCombination:1000:maxCombinationVariableLimit:true:maxVarCombination:1000:maxCombinationVariableLimit:true:maxVarCombination:1000:maxCombinationVariableLimit:true:maxVarCombination:1000:maxCombinationVariableLimit:true:maxVarCombination:1000:maxCombinationVariableLimit:true:maxVarCombination:1000:maxCombinationVariableLimit:true:maxVarCombination:1000:maxCombinationVariableLimit:true:maxVarCombination:1000:maxCombinationVariableLimit:true:maxVarCombination:1000:maxCombinationVariableLimit:true:maxVarCombination:1000:maxCombinationVariableLimit:true:maxVarCombination:1000:maxCombinationVariableLimit:true:maxVarCombination:1000:maxCombinationVariableLimit:true:maxVarCombination:1000:maxCombinationVariableLimit:true:maxVarCombination:1000:maxCombinationVariableLimit:true:maxVarCombination:1000:maxCombinationVariableLimit:true:maxVarCombination:1000:maxCombinationVariableLimit:true:maxVarCombination:1000:maxCombinationVariableLimit:true:maxVarCombination:1000:maxCombinationVariableLimit:true:maxVarCombination:1000 \
	-dependencies /root/.m2/repository/commons-io/commons-io/2.6/commons-io-2.6.jar:/root/.m2/repository/org/codehaus/plexus/plexus-classworlds/1.2-alpha-9/plexus-classworlds-1.2-alpha-9.jar:/root/.m2/repository/org/codehaus/plexus/plexus-io/3.0.1/plexus-io-3.0.1.jar:/root/.m2/repository/org/tukaani/xz/1.8/xz-1.8.jar:/root/.m2/repository/org/iq80/snappy/snappy/0.4/snappy-0.4.jar:/root/.m2/repository/junit/junit/4.12/junit-4.12.jar:/root/.m2/repository/org/codehaus/plexus/plexus-container-default/1.0-alpha-30/plexus-container-default-1.0-alpha-30.jar:/root/.m2/repository/org/codehaus/plexus/plexus-utils/3.1.0/plexus-utils-3.1.0.jar:/root/.m2/repository/org/apache/commons/commons-compress/1.16.1/commons-compress-1.16.1.jar:/root/.m2/repository/org/objenesis/objenesis/2.6/objenesis-2.6.jar:/root/.m2/repository/com/google/code/findbugs/jsr305/3.0.2/jsr305-3.0.2.jar:/root/.m2/repository/org/hamcrest/hamcrest-core/1.3/hamcrest-core-1.3.jar;
	echo "\n\nNode: `hostname`\n";
	echo "\n\nDate: `date`\n";
Picked up JAVA_TOOL_OPTIONS: -Dfile.encoding=UTF8 -Duser.language=en-US -Duser.country=US -Duser.language=en
OpenJDK 64-Bit Server VM warning: ignoring option MaxPermSize=512m; support was removed in 8.0
[0] INFO ProjectConfiguration - Version of the JVM used: 1.8.0_342
[0] INFO main - Java version of the JDK used to run tests: 1.8.0_342
[0] INFO main - The compliance of the JVM is:  8
[4] INFO main - command line arguments: [-mode  cardumen  -location  .  -id  codehaus-plexus_plexus-archiver-VUL4J-41  -failing  org.codehaus.plexus.archiver.zip.ZipUnArchiverTest#testExtractingZipWithEntryOutsideDestDirThrowsException  -jvm4testexecution  /usr/lib/jvm/java-8-openjdk-amd64/bin  -jvm4evosuitetestexecution  /usr/lib/jvm/java-8-openjdk-amd64/bin  -maxgen  1000000  -maxtime  120  -stopfirst  true  -seed  0  -scope  local  -population  1  -javacompliancelevel  8  -faultlocalization  perfect  -perfectdata  /script/../data/benchmarks/vul4j/perfectfl/VUL4J-41  -validation  externalcmd  -testfailingcmd  mvn test -Dtest=org.codehaus.plexus.archiver.zip.ZipUnArchiverTest#testExtractingZipWithEntryOutsideDestDirThrowsException -Dhttps.protocols=TLSv1.2 -Denforcer.skip=true -Dcheckstyle.skip=true -Dcobertura.skip=true -DskipITs=true -Drat.skip=true -Dlicense.skip=true -Dpmd.skip=true -Dfindbugs.skip=true -Dgpg.skip=true -Dskip.npm=true -Dskip.gulp=true -Dskip.bower=true -Danimal.sniffer.skip=true -V -B  -testallcmd  mvn test -Dhttps.protocols=TLSv1.2 -Denforcer.skip=true -Dcheckstyle.skip=true -Dcobertura.skip=true -DskipITs=true -Drat.skip=true -Dlicense.skip=true -Dpmd.skip=true -Dfindbugs.skip=true -Dgpg.skip=true -Dskip.npm=true -Dskip.gulp=true -Dskip.bower=true -Danimal.sniffer.skip=true -V -B     -srcjavafolder  src/main/java  -srctestfolder  src/test/java  -binjavafolder  target/classes  -bintestfolder  target/test-classes  -parameters  x:x:maxCombinationVariableLimit:true:maxVarCombination:1000:maxCombinationVariableLimit:true:maxVarCombination:1000:maxCombinationVariableLimit:true:maxVarCombination:1000:maxCombinationVariableLimit:true:maxVarCombination:1000:maxCombinationVariableLimit:true:maxVarCombination:1000:maxCombinationVariableLimit:true:maxVarCombination:1000:maxCombinationVariableLimit:true:maxVarCombination:1000:maxCombinationVariableLimit:true:maxVarCombination:1000:maxCombinationVariableLimit:true:maxVarCombination:1000:maxCombinationVariableLimit:true:maxVarCombination:1000:maxCombinationVariableLimit:true:maxVarCombination:1000:maxCombinationVariableLimit:true:maxVarCombination:1000:maxCombinationVariableLimit:true:maxVarCombination:1000:maxCombinationVariableLimit:true:maxVarCombination:1000:maxCombinationVariableLimit:true:maxVarCombination:1000:maxCombinationVariableLimit:true:maxVarCombination:1000:maxCombinationVariableLimit:true:maxVarCombination:1000:maxCombinationVariableLimit:true:maxVarCombination:1000:maxCombinationVariableLimit:true:maxVarCombination:1000:maxCombinationVariableLimit:true:maxVarCombination:1000:maxCombinationVariableLimit:true:maxVarCombination:1000:maxCombinationVariableLimit:true:maxVarCombination:1000:maxCombinationVariableLimit:true:maxVarCombination:1000:maxCombinationVariableLimit:true:maxVarCombination:1000:maxCombinationVariableLimit:true:maxVarCombination:1000:maxCombinationVariableLimit:true:maxVarCombination:1000:maxCombinationVariableLimit:true:maxVarCombination:1000:maxCombinationVariableLimit:true:maxVarCombination:1000:maxCombinationVariableLimit:true:maxVarCombination:1000:maxCombinationVariableLimit:true:maxVarCombination:1000:maxCombinationVariableLimit:true:maxVarCombination:1000  -dependencies  /root/.m2/repository/commons-io/commons-io/2.6/commons-io-2.6.jar:/root/.m2/repository/org/codehaus/plexus/plexus-classworlds/1.2-alpha-9/plexus-classworlds-1.2-alpha-9.jar:/root/.m2/repository/org/codehaus/plexus/plexus-io/3.0.1/plexus-io-3.0.1.jar:/root/.m2/repository/org/tukaani/xz/1.8/xz-1.8.jar:/root/.m2/repository/org/iq80/snappy/snappy/0.4/snappy-0.4.jar:/root/.m2/repository/junit/junit/4.12/junit-4.12.jar:/root/.m2/repository/org/codehaus/plexus/plexus-container-default/1.0-alpha-30/plexus-container-default-1.0-alpha-30.jar:/root/.m2/repository/org/codehaus/plexus/plexus-utils/3.1.0/plexus-utils-3.1.0.jar:/root/.m2/repository/org/apache/commons/commons-compress/1.16.1/commons-compress-1.16.1.jar:/root/.m2/repository/org/objenesis/objenesis/2.6/objenesis-2.6.jar:/root/.m2/repository/com/google/code/findbugs/jsr305/3.0.2/jsr305-3.0.2.jar:/root/.m2/repository/org/hamcrest/hamcrest-core/1.3/hamcrest-core-1.3.jar]
[21] INFO AstorMain - Running Astor on a JDK at /usr/lib/jvm/java-8-openjdk-amd64/jre
[101] INFO main - Source folders: [/workdir/Cardumen_vul4j_codehaus-plexus_plexus-archiver_VUL4J-41/./src/main/java]
[102] INFO main - Source Test folders: [/workdir/Cardumen_vul4j_codehaus-plexus_plexus-archiver_VUL4J-41/./src/test/java]
[2306] INFO AstorCoreEngine - ---- Creating spoon model
[2358] INFO MutationSupporter - Creating model,  Code location from working folder: /workdir/Cardumen_vul4j_codehaus-plexus_plexus-archiver_VUL4J-41/./src/main/java
[2358] INFO MutationSupporter - building model: /workdir/Cardumen_vul4j_codehaus-plexus_plexus-archiver_VUL4J-41/./src/main/java, compliance level: 8
[2451] INFO MutationSupporter - Classpath (Dependencies) for building SpoonModel: [/root/.m2/repository/commons-io/commons-io/2.6/commons-io-2.6.jar, /root/.m2/repository/org/codehaus/plexus/plexus-classworlds/1.2-alpha-9/plexus-classworlds-1.2-alpha-9.jar, /root/.m2/repository/org/codehaus/plexus/plexus-io/3.0.1/plexus-io-3.0.1.jar, /root/.m2/repository/org/tukaani/xz/1.8/xz-1.8.jar, /root/.m2/repository/org/iq80/snappy/snappy/0.4/snappy-0.4.jar, /root/.m2/repository/junit/junit/4.12/junit-4.12.jar, /root/.m2/repository/org/codehaus/plexus/plexus-container-default/1.0-alpha-30/plexus-container-default-1.0-alpha-30.jar, /root/.m2/repository/org/codehaus/plexus/plexus-utils/3.1.0/plexus-utils-3.1.0.jar, /root/.m2/repository/org/apache/commons/commons-compress/1.16.1/commons-compress-1.16.1.jar, /root/.m2/repository/org/objenesis/objenesis/2.6/objenesis-2.6.jar, /root/.m2/repository/com/google/code/findbugs/jsr305/3.0.2/jsr305-3.0.2.jar, /root/.m2/repository/org/hamcrest/hamcrest-core/1.3/hamcrest-core-1.3.jar]
[15650] INFO AstorCoreEngine - Number of CtTypes created: 100
[16049] INFO AstorCoreEngine - Test retrieved from classes: 0
[16336] INFO AstorCoreEngine - Setting up the max to 2870 milliseconds (2 sec)
[16336] INFO AstorCoreEngine - ---- Initial suspicious size: 1
[16529] INFO main - Total suspicious from FL: 1,  1
[16529] INFO main - Total ModPoint created: 1
[16529] INFO main - Creating program variant #1, [Variant id: 1, #gens: 1, #ops: 0, parent:-]
[16530] INFO main - Run previously failing tests...
[41977] INFO main - Failed tests: 1
[41979] INFO AstorCoreEngine - The original fitness is : 1.0
[46560] INFO ExpressionTypeIngredientSpace - Ingredient search space info : number keys 12 , number values 70 
[46560] WARN ConfigurationProperties - ----------------------------
[46560] INFO ConfigurationProperties - ---Configuration properties
[46560] INFO ConfigurationProperties - p:lastJUnitVersion= ./examples/libs/junit-4.11.jar
[46561] INFO ConfigurationProperties - p:alternativecompliancelevel= 8
[46561] INFO ConfigurationProperties - p:ignoredTestCases= 
[46561] INFO ConfigurationProperties - p:workingDirectory= /workdir/Cardumen_vul4j_codehaus-plexus_plexus-archiver_VUL4J-41/./output_astor
[46561] INFO ConfigurationProperties - p:manipulatesuper= false
[46561] INFO ConfigurationProperties - p:validation= externalcmd
[46561] INFO ConfigurationProperties - p:jvm4testexecution= /usr/lib/jvm/java-8-openjdk-amd64/bin
[46561] INFO ConfigurationProperties - p:operatorspace= r-expression
[46561] INFO ConfigurationProperties - p:diffcontext= 0
[46561] INFO ConfigurationProperties - p:binjavafolder= target/classes
[46561] INFO ConfigurationProperties - p:synthesis_depth= 3
[46561] INFO ConfigurationProperties - p:gzoltartestpackagetoexclude= junit.framework
[46561] INFO ConfigurationProperties - p:skipfitnessinitialpopulation= false
[46561] INFO ConfigurationProperties - p:evosuiteresultfolder= evosuite
[46561] INFO ConfigurationProperties - p:flthreshold= 0.1
[46561] INFO ConfigurationProperties - p:regressionforfaultlocalization= true
[46561] INFO ConfigurationProperties - p:collectonlyusedmethod= false
[46561] INFO ConfigurationProperties - p:preservelinenumbers= true
[46561] INFO ConfigurationProperties - p:tmax2= 2870
[46561] INFO ConfigurationProperties - p:ingredienttransformstrategy= name-probability-based
[46562] INFO ConfigurationProperties - p:tmax1= 10000
[46562] INFO ConfigurationProperties - p:probagenmutation= false
[46562] INFO ConfigurationProperties - p:nomodificationconvergence= 100
[46562] INFO ConfigurationProperties - p:diff_type= relative
[46562] INFO ConfigurationProperties - p:targetelementprocessor= expression
[46562] INFO ConfigurationProperties - p:srctestfolder= src/test/java
[46562] INFO ConfigurationProperties - p:forceExecuteRegression= false
[46562] INFO ConfigurationProperties - p:clusteringfilename= clustering.csv
[46562] INFO ConfigurationProperties - p:failing= org.codehaus.plexus.archiver.zip.ZipUnArchiverTest#testExtractingZipWithEntryOutsideDestDirThrowsException
[46562] INFO ConfigurationProperties - p:logtestexecution= false
[46562] INFO ConfigurationProperties - p:evo_buggy_class= true
[46563] INFO ConfigurationProperties - p:numberExecutions= 1
[46563] INFO ConfigurationProperties - p:maxnumbersolutions= 1000000
[46563] INFO ConfigurationProperties - p:evo_affected_by_op= true
[46563] INFO ConfigurationProperties - p:population= 1
[46563] INFO ConfigurationProperties - p:considerzerovaluesusp= false
[46563] INFO ConfigurationProperties - p:maxCombinationVariableLimit= true
[46563] INFO ConfigurationProperties - p:savesolution= true
[46563] INFO ConfigurationProperties - p:javacompliancelevel= 8
[46564] INFO ConfigurationProperties - p:x= x
[46565] INFO ConfigurationProperties - p:uniqueoptogen= false
[46565] INFO ConfigurationProperties - p:gzoltarpackagetonotinstrument= junit.framework
[46565] INFO ConfigurationProperties - p:projectIdentifier= codehaus-plexus_plexus-archiver-VUL4J-41
[46565] INFO ConfigurationProperties - p:modificationpointnavigation= weight
[46568] INFO ConfigurationProperties - p:stopfirst= true
[46568] INFO ConfigurationProperties - p:multipointmodification= false
[46568] INFO ConfigurationProperties - p:elementsToMutate= 10
[46568] INFO ConfigurationProperties - p:jsonoutputname= astor_output
[46568] INFO ConfigurationProperties - p:evoDSE= false
[46568] INFO ConfigurationProperties - p:bintestfolder= target/test-classes
[46568] INFO ConfigurationProperties - p:testbystep= false
[46568] INFO ConfigurationProperties - p:version-location= ./math-version/
[46568] INFO ConfigurationProperties - p:reintroduce= PARENTS:ORIGINAL
[46568] INFO ConfigurationProperties - p:perfectdata= /script/../data/benchmarks/vul4j/perfectfl/VUL4J-41
[46569] INFO ConfigurationProperties - p:executorjar= ./lib/jtestex7.jar
[46569] INFO ConfigurationProperties - p:maxGeneration= 1000000
[46569] INFO ConfigurationProperties - p:max_synthesis_step= 10000
[46569] INFO ConfigurationProperties - p:projectinfocommand= com.github.tdurieux:project-config-maven-plugin:info
[46569] INFO ConfigurationProperties - p:maxVarCombination= 1000
[46569] INFO ConfigurationProperties - p:maxtime= 120
[46569] INFO ConfigurationProperties - p:evosuitejar= ./lib/evosuite-master-1.0.4-SNAPSHOT.jar
[46569] INFO ConfigurationProperties - p:jvmversion= 1.8.0_342
[46570] INFO ConfigurationProperties - p:commandTrunk= 50000
[46570] INFO ConfigurationProperties - p:faultlocalization= perfect
[46570] INFO ConfigurationProperties - p:resetmodel= true
[46570] INFO ConfigurationProperties - p:maxsuspcandidates= 1000
[46570] INFO ConfigurationProperties - p:mode= cardumen
[46570] INFO ConfigurationProperties - p:learningdir= 
[46570] INFO ConfigurationProperties - p:jvm4evosuitetestexecution= /usr/lib/jvm/java-8-openjdk-amd64/bin
[46570] INFO ConfigurationProperties - p:filterfaultlocalization= true
[46570] INFO ConfigurationProperties - p:mutationrate= 1 
[46570] INFO ConfigurationProperties - p:pathToMVNRepository= 
[46570] INFO ConfigurationProperties - p:resourcesfolder= /src/main/resources:/src/test/resources:
[46570] INFO ConfigurationProperties - p:timezone= America/Los_Angeles
[46570] INFO ConfigurationProperties - p:runjava7code= false
[46570] INFO ConfigurationProperties - p:testfailingcmd= mvn test -Dtest=org.codehaus.plexus.archiver.zip.ZipUnArchiverTest#testExtractingZipWithEntryOutsideDestDirThrowsException -Dhttps.protocols=TLSv1.2 -Denforcer.skip=true -Dcheckstyle.skip=true -Dcobertura.skip=true -DskipITs=true -Drat.skip=true -Dlicense.skip=true -Dpmd.skip=true -Dfindbugs.skip=true -Dgpg.skip=true -Dskip.npm=true -Dskip.gulp=true -Dskip.bower=true -Danimal.sniffer.skip=true -V -B
[46570] INFO ConfigurationProperties - p:evoRunOnBuggyClass= true
[46570] INFO ConfigurationProperties - p:compiler= fr.inria.astor.core.manipulation.bytecode.compiler.SpoonClassCompiler
[46570] INFO ConfigurationProperties - p:limitbysuspicious= true
[46571] INFO ConfigurationProperties - p:logsattemps= true
[46571] INFO ConfigurationProperties - p:dependenciespath= /root/.m2/repository/commons-io/commons-io/2.6/commons-io-2.6.jar:/root/.m2/repository/org/codehaus/plexus/plexus-classworlds/1.2-alpha-9/plexus-classworlds-1.2-alpha-9.jar:/root/.m2/repository/org/codehaus/plexus/plexus-io/3.0.1/plexus-io-3.0.1.jar:/root/.m2/repository/org/tukaani/xz/1.8/xz-1.8.jar:/root/.m2/repository/org/iq80/snappy/snappy/0.4/snappy-0.4.jar:/root/.m2/repository/junit/junit/4.12/junit-4.12.jar:/root/.m2/repository/org/codehaus/plexus/plexus-container-default/1.0-alpha-30/plexus-container-default-1.0-alpha-30.jar:/root/.m2/repository/org/codehaus/plexus/plexus-utils/3.1.0/plexus-utils-3.1.0.jar:/root/.m2/repository/org/apache/commons/commons-compress/1.16.1/commons-compress-1.16.1.jar:/root/.m2/repository/org/objenesis/objenesis/2.6/objenesis-2.6.jar:/root/.m2/repository/com/google/code/findbugs/jsr305/3.0.2/jsr305-3.0.2.jar:/root/.m2/repository/org/hamcrest/hamcrest-core/1.3/hamcrest-core-1.3.jar
[46571] INFO ConfigurationProperties - p:packageToInstrument= 
[46571] INFO ConfigurationProperties - p:skipfaultlocalization= false
[46571] INFO ConfigurationProperties - p:scope= local
[46571] INFO ConfigurationProperties - p:transformingredient= false
[46571] INFO ConfigurationProperties - p:fitnessfunction= fr.inria.astor.core.solutionsearch.population.TestCaseFitnessFunction
[46571] INFO ConfigurationProperties - p:maxnumvariablesperingredient= 10
[46571] INFO ConfigurationProperties - p:parsesourcefromoriginal= true
[46571] INFO ConfigurationProperties - p:pvariantfoldername= variant-
[46571] INFO ConfigurationProperties - p:savespoonmodelondisk= false
[46571] INFO ConfigurationProperties - p:srcjavafolder= src/main/java
[46571] INFO ConfigurationProperties - p:populationcontroller= fr.inria.astor.core.solutionsearch.population.TestCaseBasedFitnessPopulationController
[46571] INFO ConfigurationProperties - p:ignoreflakyinfl= false
[46571] INFO ConfigurationProperties - p:cleantemplates= true
[46571] INFO ConfigurationProperties - p:applyCrossover= false
[46571] INFO ConfigurationProperties - p:maxmodificationpoints= 1000
[46571] INFO ConfigurationProperties - p:duplicateingredientsinspace= false
[46571] INFO ConfigurationProperties - p:metid= 0
[46572] INFO ConfigurationProperties - p:continuewhenmodelfail= true
[46572] INFO ConfigurationProperties - p:saveall= false
[46572] INFO ConfigurationProperties - p:seed= 0
[46572] INFO ConfigurationProperties - p:savecompletepatched= true
[46572] INFO ConfigurationProperties - p:resetoperations= false
[46573] INFO ConfigurationProperties - p:keepcomments= false
[46574] INFO ConfigurationProperties - p:processoutputinfile= false
[46574] INFO ConfigurationProperties - p:location= .
[46574] INFO ConfigurationProperties - p:probabilistictransformation= true
[46574] INFO ConfigurationProperties - p:overridemaxtime= true
[46574] INFO ConfigurationProperties - p:ingredientstrategy= name-probability-based
[46574] INFO ConfigurationProperties - p:outputjsonresult= true
[46574] INFO ConfigurationProperties - p:allpoints= false
[46574] INFO ConfigurationProperties - p:antipattern= false
[46574] INFO ConfigurationProperties - p:bugId= 280
[46574] INFO ConfigurationProperties - p:evosuitetimeout= 120
[46574] INFO ConfigurationProperties - p:maxtimefactor= 10
[46574] INFO ConfigurationProperties - p:nrPlaceholders= 1
[46575] INFO ConfigurationProperties - p:testallcmd= mvn test -Dhttps.protocols=TLSv1.2 -Denforcer.skip=true -Dcheckstyle.skip=true -Dcobertura.skip=true -DskipITs=true -Drat.skip=true -Dlicense.skip=true -Dpmd.skip=true -Dfindbugs.skip=true -Dgpg.skip=true -Dskip.npm=true -Dskip.gulp=true -Dskip.bower=true -Danimal.sniffer.skip=true -V -B
[46575] INFO ConfigurationProperties - p:forcesubprocesskilling= false
[46575] INFO ConfigurationProperties - ----------------------------
[46575] INFO AstorCoreEngine - ----Starting Solution Search
[46576] WARN AstorCoreEngine - ----------Running generation: 1, population size: 1
[53394] INFO main - Run previously failing tests...
[84414] INFO main - Failed tests: 1
[84459] WARN AstorCoreEngine - ----------Running generation: 2, population size: 1
[85362] INFO main - Run previously failing tests...
[116470] INFO main - Failed tests: 1
[116498] WARN AstorCoreEngine - ----------Running generation: 3, population size: 1
[117465] INFO main - Run previously failing tests...
[147259] INFO main - Failed tests: 1
[147264] WARN AstorCoreEngine - ----------Running generation: 4, population size: 1
[147507] WARN AstorCoreEngine - ----------Running generation: 5, population size: 1
[147589] WARN AstorCoreEngine - ----------Running generation: 6, population size: 1
[148402] INFO main - Run previously failing tests...
[178135] INFO main - Failed tests: 1
[178154] WARN AstorCoreEngine - ----------Running generation: 7, population size: 1
[178236] WARN AstorCoreEngine - ----------Running generation: 8, population size: 1
[178312] WARN AstorCoreEngine - ----------Running generation: 9, population size: 1
[179160] INFO main - Run previously failing tests...
[205826] INFO main - Failed tests: 1
[205836] WARN AstorCoreEngine - ----------Running generation: 10, population size: 1
[206522] INFO main - Run previously failing tests...
[237610] INFO main - Failed tests: 1
[237622] WARN AstorCoreEngine - ----------Running generation: 11, population size: 1
[238174] INFO main - Run previously failing tests...
[271801] INFO main - Failed tests: 1
[271815] WARN AstorCoreEngine - ----------Running generation: 12, population size: 1
[272637] INFO main - Run previously failing tests...
[302411] INFO main - Failed tests: 1
[302419] WARN AstorCoreEngine - ----------Running generation: 13, population size: 1
[302881] INFO main - Run previously failing tests...
[337809] INFO main - Failed tests: 1
[337834] WARN AstorCoreEngine - ----------Running generation: 14, population size: 1
[338651] INFO main - Run previously failing tests...
[366691] INFO main - Failed tests: 1
[366700] WARN AstorCoreEngine - ----------Running generation: 15, population size: 1
[367697] INFO main - Run previously failing tests...
[396161] INFO main - Failed tests: 1
[396169] WARN AstorCoreEngine - ----------Running generation: 16, population size: 1
[396269] WARN AstorCoreEngine - ----------Running generation: 17, population size: 1
[396858] INFO main - Run previously failing tests...
[425454] INFO main - Failed tests: 1
[425475] WARN AstorCoreEngine - ----------Running generation: 18, population size: 1
[426229] INFO main - Run previously failing tests...
[457202] INFO main - Failed tests: 1
[457210] WARN AstorCoreEngine - ----------Running generation: 19, population size: 1
[457964] INFO main - Run previously failing tests...
[486442] INFO main - Failed tests: 1
[486448] WARN AstorCoreEngine - ----------Running generation: 20, population size: 1
[486987] INFO main - Run previously failing tests...
[515798] INFO main - Failed tests: 1
[515805] WARN AstorCoreEngine - ----------Running generation: 21, population size: 1
[516357] INFO main - Run previously failing tests...
[544239] INFO main - Failed tests: 1
[544268] WARN AstorCoreEngine - ----------Running generation: 22, population size: 1
[544336] WARN AstorCoreEngine - ----------Running generation: 23, population size: 1
[544648] INFO main - Run previously failing tests...
[572982] INFO main - Failed tests: 1
[572996] WARN AstorCoreEngine - ----------Running generation: 24, population size: 1
[573600] INFO main - Run previously failing tests...
[600606] INFO main - Failed tests: 1
[600616] WARN AstorCoreEngine - ----------Running generation: 25, population size: 1
[601182] INFO main - Run previously failing tests...
[628462] INFO main - Failed tests: 1
[628476] WARN AstorCoreEngine - ----------Running generation: 26, population size: 1
[628621] WARN AstorCoreEngine - ----------Running generation: 27, population size: 1
[628669] WARN AstorCoreEngine - ----------Running generation: 28, population size: 1
[628996] INFO main - Run previously failing tests...
[658490] INFO main - Failed tests: 1
[658504] WARN AstorCoreEngine - ----------Running generation: 29, population size: 1
[658654] WARN AstorCoreEngine - ----------Running generation: 30, population size: 1
[658743] WARN AstorCoreEngine - ----------Running generation: 31, population size: 1
[658830] WARN AstorCoreEngine - ----------Running generation: 32, population size: 1
[659127] INFO main - Run previously failing tests...
[687288] INFO main - Failed tests: 1
[687306] WARN AstorCoreEngine - ----------Running generation: 33, population size: 1
[687408] WARN AstorCoreEngine - ----------Running generation: 34, population size: 1
[687469] WARN AstorCoreEngine - ----------Running generation: 35, population size: 1
[687852] INFO main - Run previously failing tests...
java.io.IOException: Stream closed
	at java.io.BufferedInputStream.getBufIfOpen(BufferedInputStream.java:170)
	at java.io.BufferedInputStream.read(BufferedInputStream.java:336)
	at sun.nio.cs.StreamDecoder.readBytes(StreamDecoder.java:284)
	at sun.nio.cs.StreamDecoder.implRead(StreamDecoder.java:326)
	at sun.nio.cs.StreamDecoder.read(StreamDecoder.java:178)
	at java.io.InputStreamReader.read(InputStreamReader.java:184)
	at java.io.BufferedReader.fill(BufferedReader.java:161)
	at java.io.BufferedReader.readLine(BufferedReader.java:324)
	at java.io.BufferedReader.readLine(BufferedReader.java:389)
	at fr.inria.astor.core.validation.StreamReaderThread.run(ExternalCmdValidator.java:180)
java.lang.IllegalStateException: Exception Occurred
	at fr.inria.astor.core.validation.ExternalCmdValidator.runShell(ExternalCmdValidator.java:142)
	at fr.inria.astor.core.validation.ExternalCmdValidator.runTests(ExternalCmdValidator.java:98)
	at fr.inria.astor.core.validation.ExternalCmdValidator.validate(ExternalCmdValidator.java:44)
	at fr.inria.astor.core.solutionsearch.AstorCoreEngine.validateInstance(AstorCoreEngine.java:522)
	at fr.inria.astor.core.solutionsearch.AstorCoreEngine.processCreatedVariant(AstorCoreEngine.java:443)
	at fr.inria.astor.core.solutionsearch.EvolutionarySearchEngine.processGenerations(EvolutionarySearchEngine.java:164)
	at fr.inria.astor.core.solutionsearch.EvolutionarySearchEngine.startEvolution(EvolutionarySearchEngine.java:70)
	at fr.inria.main.evolution.AstorMain.run(AstorMain.java:189)
	at fr.inria.main.evolution.AstorMain.execute(AstorMain.java:233)
	at fr.inria.main.evolution.AstorMain.main(AstorMain.java:204)
[716492] WARN AstorCoreEngine - ----------Running generation: 36, population size: 1
[716567] WARN AstorCoreEngine - ----------Running generation: 37, population size: 1
[716636] WARN AstorCoreEngine - ----------Running generation: 38, population size: 1
[716693] WARN AstorCoreEngine - ----------Running generation: 39, population size: 1
[716765] WARN AstorCoreEngine - ----------Running generation: 40, population size: 1
[716828] WARN AstorCoreEngine - ----------Running generation: 41, population size: 1
[716898] WARN AstorCoreEngine - ----------Running generation: 42, population size: 1
[716937] WARN AstorCoreEngine - ----------Running generation: 43, population size: 1
[716967] WARN AstorCoreEngine - ----------Running generation: 44, population size: 1
[717000] WARN AstorCoreEngine - ----------Running generation: 45, population size: 1
[717027] WARN AstorCoreEngine - ----------Running generation: 46, population size: 1
[717067] WARN AstorCoreEngine - ----------Running generation: 47, population size: 1
[717116] WARN AstorCoreEngine - ----------Running generation: 48, population size: 1
[717200] WARN AstorCoreEngine - ----------Running generation: 49, population size: 1
[717265] WARN AstorCoreEngine - ----------Running generation: 50, population size: 1
[717307] WARN AstorCoreEngine - ----------Running generation: 51, population size: 1
[717338] WARN AstorCoreEngine - ----------Running generation: 52, population size: 1
[717372] WARN AstorCoreEngine - ----------Running generation: 53, population size: 1
[717392] WARN AstorCoreEngine - ----------Running generation: 54, population size: 1
[717419] WARN AstorCoreEngine - ----------Running generation: 55, population size: 1
[717488] WARN AstorCoreEngine - ----------Running generation: 56, population size: 1
[717516] WARN AstorCoreEngine - ----------Running generation: 57, population size: 1
[717561] WARN AstorCoreEngine - ----------Running generation: 58, population size: 1
[717589] WARN AstorCoreEngine - ----------Running generation: 59, population size: 1
[717668] WARN AstorCoreEngine - ----------Running generation: 60, population size: 1
[717742] WARN AstorCoreEngine - ----------Running generation: 61, population size: 1
[717779] WARN AstorCoreEngine - ----------Running generation: 62, population size: 1
[717842] WARN AstorCoreEngine - ----------Running generation: 63, population size: 1
[717876] WARN AstorCoreEngine - ----------Running generation: 64, population size: 1
[717957] WARN AstorCoreEngine - ----------Running generation: 65, population size: 1
[717981] WARN AstorCoreEngine - ----------Running generation: 66, population size: 1
[718016] WARN AstorCoreEngine - ----------Running generation: 67, population size: 1
[718058] WARN AstorCoreEngine - ----------Running generation: 68, population size: 1
[718076] WARN AstorCoreEngine - ----------Running generation: 69, population size: 1
[718099] WARN AstorCoreEngine - ----------Running generation: 70, population size: 1
[718114] WARN AstorCoreEngine - ----------Running generation: 71, population size: 1
[718131] WARN AstorCoreEngine - ----------Running generation: 72, population size: 1
[718144] WARN AstorCoreEngine - ----------Running generation: 73, population size: 1
[718160] WARN AstorCoreEngine - ----------Running generation: 74, population size: 1
[718188] WARN AstorCoreEngine - ----------Running generation: 75, population size: 1
[718208] WARN AstorCoreEngine - ----------Running generation: 76, population size: 1
[718227] WARN AstorCoreEngine - ----------Running generation: 77, population size: 1
[718246] WARN AstorCoreEngine - ----------Running generation: 78, population size: 1
[718283] WARN AstorCoreEngine - ----------Running generation: 79, population size: 1
[718305] WARN AstorCoreEngine - ----------Running generation: 80, population size: 1
[718322] WARN AstorCoreEngine - ----------Running generation: 81, population size: 1
[718335] WARN AstorCoreEngine - ----------Running generation: 82, population size: 1
[718360] WARN AstorCoreEngine - ----------Running generation: 83, population size: 1
[718379] WARN AstorCoreEngine - ----------Running generation: 84, population size: 1
[718437] WARN AstorCoreEngine - ----------Running generation: 85, population size: 1
[718492] WARN AstorCoreEngine - ----------Running generation: 86, population size: 1
[718547] WARN AstorCoreEngine - ----------Running generation: 87, population size: 1
[718632] WARN AstorCoreEngine - ----------Running generation: 88, population size: 1
[718702] WARN AstorCoreEngine - ----------Running generation: 89, population size: 1
[718767] WARN AstorCoreEngine - ----------Running generation: 90, population size: 1
[718808] WARN AstorCoreEngine - ----------Running generation: 91, population size: 1
[718835] WARN AstorCoreEngine - ----------Running generation: 92, population size: 1
[718880] WARN AstorCoreEngine - ----------Running generation: 93, population size: 1
[718940] WARN AstorCoreEngine - ----------Running generation: 94, population size: 1
[719032] WARN AstorCoreEngine - ----------Running generation: 95, population size: 1
[719065] WARN AstorCoreEngine - ----------Running generation: 96, population size: 1
[719105] WARN AstorCoreEngine - ----------Running generation: 97, population size: 1
[719130] WARN AstorCoreEngine - ----------Running generation: 98, population size: 1
[719145] WARN AstorCoreEngine - ----------Running generation: 99, population size: 1
[719168] WARN AstorCoreEngine - ----------Running generation: 100, population size: 1
[719210] WARN AstorCoreEngine - ----------Running generation: 101, population size: 1
[719230] WARN AstorCoreEngine - ----------Running generation: 102, population size: 1
[719251] WARN AstorCoreEngine - ----------Running generation: 103, population size: 1
[719274] WARN AstorCoreEngine - ----------Running generation: 104, population size: 1
[719292] WARN AstorCoreEngine - ----------Running generation: 105, population size: 1
[719308] WARN AstorCoreEngine - ----------Running generation: 106, population size: 1
[719349] WARN AstorCoreEngine - ----------Running generation: 107, population size: 1
[719364] WARN AstorCoreEngine - ----------Running generation: 108, population size: 1
[719388] WARN AstorCoreEngine - ----------Running generation: 109, population size: 1
[719403] WARN AstorCoreEngine - ----------Running generation: 110, population size: 1
[719418] WARN AstorCoreEngine - ----------Running generation: 111, population size: 1
[719433] WARN AstorCoreEngine - ----------Running generation: 112, population size: 1
[719463] WARN AstorCoreEngine - ----------Running generation: 113, population size: 1
[719478] WARN AstorCoreEngine - ----------Running generation: 114, population size: 1
[719495] WARN AstorCoreEngine - ----------Running generation: 115, population size: 1
[719509] WARN AstorCoreEngine - ----------Running generation: 116, population size: 1
[719523] WARN AstorCoreEngine - ----------Running generation: 117, population size: 1
[719548] WARN AstorCoreEngine - ----------Running generation: 118, population size: 1
[719566] WARN AstorCoreEngine - ----------Running generation: 119, population size: 1
[719582] WARN AstorCoreEngine - ----------Running generation: 120, population size: 1
[719604] WARN AstorCoreEngine - ----------Running generation: 121, population size: 1
[719614] WARN AstorCoreEngine - ----------Running generation: 122, population size: 1
[719623] WARN AstorCoreEngine - ----------Running generation: 123, population size: 1
[719654] WARN AstorCoreEngine - ----------Running generation: 124, population size: 1
[719672] WARN AstorCoreEngine - ----------Running generation: 125, population size: 1
[719692] WARN AstorCoreEngine - ----------Running generation: 126, population size: 1
[719704] WARN AstorCoreEngine - ----------Running generation: 127, population size: 1
[719728] WARN AstorCoreEngine - ----------Running generation: 128, population size: 1
[719753] WARN AstorCoreEngine - ----------Running generation: 129, population size: 1
[719795] WARN AstorCoreEngine - ----------Running generation: 130, population size: 1
[719813] WARN AstorCoreEngine - ----------Running generation: 131, population size: 1
[719844] WARN AstorCoreEngine - ----------Running generation: 132, population size: 1
[719856] WARN AstorCoreEngine - ----------Running generation: 133, population size: 1
[719876] WARN AstorCoreEngine - ----------Running generation: 134, population size: 1
[719887] WARN AstorCoreEngine - ----------Running generation: 135, population size: 1
[719902] ERROR AstorCoreEngine - Stopping main loop at 135 generation
[719903] INFO AstorCoreEngine - Time Repair Loop (s): 673.328
[719903] INFO AstorCoreEngine - generationsexecuted: 135
[719903] WARN AstorCoreEngine - ----SUMMARY_EXECUTION---
[719903] WARN AstorCoreEngine - End Repair Search: NOT Found solution
[719903] WARN AstorCoreEngine - Number suspicious:1
[719904] INFO AstorCoreEngine - Total mod points: 1
[719918] INFO ExpressionTypeIngredientSpace - Storing ing JSON at /workdir/Cardumen_vul4j_codehaus-plexus_plexus-archiver_VUL4J-41/./output_astor/AstorMain-codehaus-plexus_plexus-archiver-VUL4J-41//src/ingredients.json
[719922] INFO IngredientStats - Storing ing JSON at /workdir/Cardumen_vul4j_codehaus-plexus_plexus-archiver_VUL4J-41/./output_astor/AstorMain-codehaus-plexus_plexus-archiver-VUL4J-41//ingredientSpaceSize.json
[719922] INFO IngredientStats - ingredientSpaceSize:{"allAttempts":37,"space":[{"a":2,"v":11},{"a":4,"v":3},{"a":1,"v":2},{"a":3,"v":21}]}
[719923] INFO IngredientStats - Storing ing JSON at /workdir/Cardumen_vul4j_codehaus-plexus_plexus-archiver_VUL4J-41/./output_astor/AstorMain-codehaus-plexus_plexus-archiver-VUL4J-41//combinationsTemplatesingredientSpaceSize.json
[719923] INFO IngredientStats - combinationsTemplatesingredientSpaceSize:{"allAttempts":78,"space":[{"a":15,"v":4},{"a":4,"v":3},{"a":8,"v":2},{"a":11,"v":2},{"a":3,"v":5},{"a":7,"v":2},{"a":12,"v":2},{"a":2,"v":4},{"a":13,"v":2},{"a":9,"v":2},{"a":6,"v":2},{"a":1,"v":41},{"a":14,"v":1},{"a":10,"v":2},{"a":5,"v":4}]}
[719925] INFO AstorCoreEngine - 
 --SOLUTIONS DESCRIPTION--


Astor Output:

General stats:
EXECUTION_IDENTIFIER=codehaus-plexus_plexus-archiver-VUL4J-41
TOTAL_TIME=673.328
NR_GENERATIONS=135
NR_RIGHT_COMPILATIONS=22
NR_FAILLING_COMPILATIONS=null
NR_ERRONEOUS_VARIANCES=null
NR_FAILING_VALIDATION_PROCESS=null
OUTPUT_STATUS=CONVERGED

Patch stats:

[719936] INFO Stats - Storing ing JSON at /workdir/Cardumen_vul4j_codehaus-plexus_plexus-archiver_VUL4J-41/./output_astor/AstorMain-codehaus-plexus_plexus-archiver-VUL4J-41//astor_output.json
[719937] INFO Stats - astor_output:
{"general":{"NR_RIGHT_COMPILATIONS":22,"NR_ERRONEOUS_VARIANCES":null,"EXECUTION_IDENTIFIER":"codehaus-plexus_plexus-archiver-VUL4J-41","OUTPUT_STATUS":"CONVERGED","NR_FAILLING_COMPILATIONS":null,"NR_GENERATIONS":135,"TOTAL_TIME":673.328,"NR_FAILING_VALIDATION_PROCESS":null},"patches":[]}
[719938] INFO AstorMain - Time Total(s): 719.898
687.50user 71.97system 12:02.31elapsed 105%CPU (0avgtext+0avgdata 663736maxresident)k
568inputs+44824outputs (1major+3587351minor)pagefaults 0swaps


Node: 9670332cfea8



Date: Fri Sep  9 02:10:25 EDT 2022

