cd /workdir/Arja_vul4j_spring-projects_spring-security_VUL4J-74;
export JAVA_TOOL_OPTIONS="-Dfile.encoding=UTF8 -Duser.language=en-US -Duser.country=US -Duser.language=en";
TZ="America/New_York"; export TZ;
export PATH="/usr/lib/jvm/java-8-openjdk-amd64/bin:$PATH";
export JAVA_HOME="/usr/lib/jvm/java-8-openjdk-amd64";
timeout 240m java -Xmx4g -Xms1g -XX:MaxPermSize=512m -cp /script/../libs/jmetal.jar:/script/../repair_tools/arja.jar us.msu.cse.repair.Main \
	Arja \
	-DexternalProjRoot /script/../libs/arja_external \
	-DprojectDir /workdir/Arja_vul4j_spring-projects_spring-security_VUL4J-74 \
    -DtestFiltered false \
    -DrunTestCommand "./gradlew :spring-security-core:test" \
	-DsrcJavaDir /workdir/Arja_vul4j_spring-projects_spring-security_VUL4J-74/core/src/main/java \
	-DbinJavaDir /workdir/Arja_vul4j_spring-projects_spring-security_VUL4J-74/core/build/classes/java/main \
	-DbinTestDir /workdir/Arja_vul4j_spring-projects_spring-security_VUL4J-74/core/build/classes/java/test \
	-DdiffFormat true \
	-Dseed 0 \
	-DgzoltarDataDir /script/../data/benchmarks/vul4j/perfectfl/VUL4J-74 \
	-Ddependences /workdir/Arja_vul4j_spring-projects_spring-security_VUL4J-74/core/build/classes/java/test:/workdir/Arja_vul4j_spring-projects_spring-security_VUL4J-74/core/build/resources/test:/workdir/Arja_vul4j_spring-projects_spring-security_VUL4J-74/core/build/classes/java/main:/workdir/Arja_vul4j_spring-projects_spring-security_VUL4J-74/core/build/resources/main:/root/.gradle/caches/modules-2/files-2.1/org.springframework/spring-context/5.0.13.RELEASE/16f61ac3bf75131034d4ace1ac24b199e03c6ba1/spring-context-5.0.13.RELEASE.jar:/root/.gradle/caches/modules-2/files-2.1/org.springframework/spring-aop/5.0.13.RELEASE/eb756b27d894d4de9491513a7f641e1ad2effcab/spring-aop-5.0.13.RELEASE.jar:/root/.gradle/caches/modules-2/files-2.1/org.springframework/spring-beans/5.0.13.RELEASE/13880e7cd21df626736d6a4f5decd17b42cdeaca/spring-beans-5.0.13.RELEASE.jar:/root/.gradle/caches/modules-2/files-2.1/org.springframework/spring-expression/5.0.13.RELEASE/eb4651b7c53be5a74f45717f262106758e58b681/spring-expression-5.0.13.RELEASE.jar:/root/.gradle/caches/modules-2/files-2.1/org.springframework/spring-test/5.0.13.RELEASE/6558aba528b690efcd04cef853862e66d7ad1fab/spring-test-5.0.13.RELEASE.jar:/root/.gradle/caches/modules-2/files-2.1/org.springframework/spring-core/5.0.13.RELEASE/5a306ec429a43ce126dae5df85927bc91e395894/spring-core-5.0.13.RELEASE.jar:/workdir/Arja_vul4j_spring-projects_spring-security_VUL4J-74/crypto/build/libs/spring-security-crypto-5.0.12.BUILD-SNAPSHOT.jar:/root/.gradle/caches/modules-2/files-2.1/org.powermock/powermock-module-junit4/2.0.0/6930eaf4dec9736d25423f4382d6212c169df576/powermock-module-junit4-2.0.0.jar:/root/.gradle/caches/modules-2/files-2.1/org.powermock/powermock-module-junit4-common/2.0.0/b04042e0669345b338fcd62fe5383de7cb761cf6/powermock-module-junit4-common-2.0.0.jar:/root/.gradle/caches/modules-2/files-2.1/junit/junit/4.12/2973d150c0dc1fefe998f834810d68f278ea58ec/junit-4.12.jar:/root/.gradle/caches/modules-2/files-2.1/org.powermock/powermock-api-mockito2/2.0.0/12d4d2de4152d75421bf0d1da2114370abfa29a5/powermock-api-mockito2-2.0.0.jar:/root/.gradle/caches/modules-2/files-2.1/org.mockito/mockito-core/2.18.3/98aa130476c5d1915dac35b5ad053a7ffcd675bc/mockito-core-2.18.3.jar:/root/.gradle/caches/modules-2/files-2.1/org.assertj/assertj-core/3.11.1/fdac3217b804d6900fa3650f17b5cb48e620b140/assertj-core-3.11.1.jar:/root/.gradle/caches/modules-2/files-2.1/org.powermock/powermock-api-support/2.0.0/baf2d5520bb281b166cef0e9edc7b1ac0b85f813/powermock-api-support-2.0.0.jar:/root/.gradle/caches/modules-2/files-2.1/org.powermock/powermock-core/2.0.0/c34a6706f810172e210d218627abf0541b9d66d2/powermock-core-2.0.0.jar:/root/.gradle/caches/modules-2/files-2.1/org.powermock/powermock-reflect/2.0.0/cd452bc345ec9f88ec5efecd41139de0cb1d4265/powermock-reflect-2.0.0.jar:/root/.gradle/caches/modules-2/files-2.1/commons-collections/commons-collections/3.2.2/8ad72fe39fa8c91eaaf12aadb21e0c3661fe26d5/commons-collections-3.2.2.jar:/root/.gradle/caches/modules-2/files-2.1/io.projectreactor/reactor-test/3.1.16.RELEASE/10759da94b566a03af3892fdf74c1104680a875c/reactor-test-3.1.16.RELEASE.jar:/root/.gradle/caches/modules-2/files-2.1/org.skyscreamer/jsonassert/1.5.0/6c9d5fe2f59da598d9aefc1cfc6528ff3cf32df3/jsonassert-1.5.0.jar:/root/.gradle/caches/modules-2/files-2.1/org.slf4j/jcl-over-slf4j/1.7.26/33fbc2d93de829fa5e263c5ce97f5eab8f57d53e/jcl-over-slf4j-1.7.26.jar:/root/.gradle/caches/modules-2/files-2.1/org.hsqldb/hsqldb/2.4.1/9daff99b4fbd6809fd46ab4327650ad00a1be6d4/hsqldb-2.4.1.jar:/root/.gradle/caches/modules-2/files-2.1/org.springframework/spring-jcl/5.0.13.RELEASE/db00d2cd65e1b556229104cc95ece433a83c72fe/spring-jcl-5.0.13.RELEASE.jar:/root/.gradle/caches/modules-2/files-2.1/org.hamcrest/hamcrest-core/1.3/42a25dc3219429f0e5d060061f71acb49bf010a0/hamcrest-core-1.3.jar:/root/.gradle/caches/modules-2/files-2.1/net.bytebuddy/byte-buddy/1.7.9/51218a01a882c04d0aba8c028179cce488bbcb58/byte-buddy-1.7.9.jar:/root/.gradle/caches/modules-2/files-2.1/net.bytebuddy/byte-buddy-agent/1.7.9/a6c65f9da7f467ee1f02ff2841ffd3155aee2fc9/byte-buddy-agent-1.7.9.jar:/root/.gradle/caches/modules-2/files-2.1/org.objenesis/objenesis/2.6/639033469776fd37c08358c6b92a4761feb2af4b/objenesis-2.6.jar:/root/.gradle/caches/modules-2/files-2.1/org.javassist/javassist/3.22.0-CR2/44eaf0990dea92f4bca4b9931b2239c0e8756ee7/javassist-3.22.0-CR2.jar:/root/.gradle/caches/modules-2/files-2.1/io.projectreactor/reactor-core/3.1.16.RELEASE/80d2b9cdcd3cee810a6a763e084f842b798c2299/reactor-core-3.1.16.RELEASE.jar:/root/.gradle/caches/modules-2/files-2.1/com.vaadin.external.google/android-json/0.0.20131108.vaadin1/fa26d351fe62a6a17f5cda1287c1c6110dec413f/android-json-0.0.20131108.vaadin1.jar:/root/.gradle/caches/modules-2/files-2.1/org.slf4j/slf4j-api/1.7.26/77100a62c2e6f04b53977b9f541044d7d722693d/slf4j-api-1.7.26.jar:/root/.gradle/caches/modules-2/files-2.1/org.reactivestreams/reactive-streams/1.0.1/1b1c911686eb40179219466e6a59b634b9d7a748/reactive-streams-1.0.1.jar:/root/.gradle/caches/modules-2/files-2.1/com.fasterxml.jackson.core/jackson-databind/2.9.8/11283f21cc480aa86c4df7a0a3243ec508372ed2/jackson-databind-2.9.8.jar:/root/.gradle/caches/modules-2/files-2.1/javax.annotation/jsr250-api/1.0/5025422767732a1ab45d93abfea846513d742dcf/jsr250-api-1.0.jar:/root/.gradle/caches/modules-2/files-2.1/net.sf.ehcache/ehcache/2.10.6/38076997b10f5c762a210ea8b9f6099da35ac5f/ehcache-2.10.6.jar:/root/.gradle/caches/modules-2/files-2.1/org.aspectj/aspectjrt/1.9.2/aa6462d131f63569997e74ecd345359a7d22d1d3/aspectjrt-1.9.2.jar:/root/.gradle/caches/modules-2/files-2.1/org.springframework/spring-jdbc/5.0.13.RELEASE/a88af1289bb3253b9d2051956b40b1a3796372c2/spring-jdbc-5.0.13.RELEASE.jar:/root/.gradle/caches/modules-2/files-2.1/org.springframework/spring-tx/5.0.13.RELEASE/a8442e8d2c11fd6a64f0c5476fa0416bb20463fa/spring-tx-5.0.13.RELEASE.jar:/root/.gradle/caches/modules-2/files-2.1/com.fasterxml.jackson.core/jackson-annotations/2.9.8/ba7f0e6f8f1b28d251eeff2a5604bed34c53ff35/jackson-annotations-2.9.8.jar:/root/.gradle/caches/modules-2/files-2.1/com.fasterxml.jackson.core/jackson-core/2.9.8/f5a654e4675769c716e5b387830d19b501ca191/jackson-core-2.9.8.jar;
	echo "\n\nNode: `hostname`\n";
	echo "\n\nDate: `date`\n";
Picked up JAVA_TOOL_OPTIONS: -Dfile.encoding=UTF8 -Duser.language=en-US -Duser.country=US -Duser.language=en
OpenJDK 64-Bit Server VM warning: ignoring option MaxPermSize=512m; support was removed in 8.0
Fault localization starts...
Number of positive tests: 730
Number of negative tests: 1
Negative tests: [org.springframework.security.core.token.SecureRandomFactoryBeanTests#testCreatesUsingSeed]
Faulty Lines: 
org.springframework.security.core.token.SecureRandomFactoryBean#45:1.0
org.springframework.security.core.token.SecureRandomFactoryBean#38:1.0
org.springframework.security.core.token.SecureRandomFactoryBean#48:1.0
Fault localization is finished!
AST parsing starts...
AST parsing is finished!
Detection of local variables starts...
Detection of local variables is finished!
Detection of fields starts...
Detection of fields is finished!
Detection of methods starts...
Detection of methods is finished!
Ingredient screener starts...
Ingredient screener is finished!
Initialization of manipulations starts...
Initialization of manipulations is finished!
Filtering of the tests starts...
Number of positive tests considered: 730
Filtering of the tests is finished!
----------------------------------
Patch Candidate:
@@ -43,9 +43,6 @@ public class SecureRandomFactoryBean implements FactoryBean<SecureRandom> {
rnd.setSeed(seedBytes);
}
else {
-			// Request the next bytes, thus eagerly incurring the expense of default
-			// seeding
-			rnd.nextBytes(new byte[1]);
}

return rnd;
Number of failed tests: 1, 0
Weighted failure rate: 1.0
----------------------------------
Patch Candidate:
@@ -43,9 +43,6 @@ public class SecureRandomFactoryBean implements FactoryBean<SecureRandom> {
rnd.setSeed(seedBytes);
}
else {
-			// Request the next bytes, thus eagerly incurring the expense of default
-			// seeding
-			rnd.nextBytes(new byte[1]);
}

return rnd;
Number of failed tests: 1, 0
Weighted failure rate: 1.0
----------------------------------
Patch Candidate:
@@ -43,9 +43,6 @@ public class SecureRandomFactoryBean implements FactoryBean<SecureRandom> {
rnd.setSeed(seedBytes);
}
else {
-			// Request the next bytes, thus eagerly incurring the expense of default
-			// seeding
-			rnd.nextBytes(new byte[1]);
}

return rnd;
Number of failed tests: 1, 0
Weighted failure rate: 1.0
----------------------------------
Patch Candidate:
@@ -43,9 +43,6 @@ public class SecureRandomFactoryBean implements FactoryBean<SecureRandom> {
rnd.setSeed(seedBytes);
}
else {
-			// Request the next bytes, thus eagerly incurring the expense of default
-			// seeding
-			rnd.nextBytes(new byte[1]);
}

return rnd;
Number of failed tests: 1, 0
Weighted failure rate: 1.0
----------------------------------
Patch Candidate:
@@ -43,9 +43,6 @@ public class SecureRandomFactoryBean implements FactoryBean<SecureRandom> {
rnd.setSeed(seedBytes);
}
else {
-			// Request the next bytes, thus eagerly incurring the expense of default
-			// seeding
-			rnd.nextBytes(new byte[1]);
}

return rnd;
Number of failed tests: 1, 0
Weighted failure rate: 1.0
----------------------------------
Patch Candidate:
@@ -43,9 +43,6 @@ public class SecureRandomFactoryBean implements FactoryBean<SecureRandom> {
rnd.setSeed(seedBytes);
}
else {
-			// Request the next bytes, thus eagerly incurring the expense of default
-			// seeding
-			rnd.nextBytes(new byte[1]);
}

return rnd;
Number of failed tests: 1, 0
Weighted failure rate: 1.0
----------------------------------
Patch Candidate:
@@ -43,9 +43,6 @@ public class SecureRandomFactoryBean implements FactoryBean<SecureRandom> {
rnd.setSeed(seedBytes);
}
else {
-			// Request the next bytes, thus eagerly incurring the expense of default
-			// seeding
-			rnd.nextBytes(new byte[1]);
}

return rnd;
Number of failed tests: 1, 0
Weighted failure rate: 1.0
----------------------------------
Patch Candidate:
@@ -43,9 +43,6 @@ public class SecureRandomFactoryBean implements FactoryBean<SecureRandom> {
rnd.setSeed(seedBytes);
}
else {
-			// Request the next bytes, thus eagerly incurring the expense of default
-			// seeding
-			rnd.nextBytes(new byte[1]);
}

return rnd;
Number of failed tests: 1, 0
Weighted failure rate: 1.0
----------------------------------
Patch Candidate:
@@ -43,9 +43,6 @@ public class SecureRandomFactoryBean implements FactoryBean<SecureRandom> {
rnd.setSeed(seedBytes);
}
else {
-			// Request the next bytes, thus eagerly incurring the expense of default
-			// seeding
-			rnd.nextBytes(new byte[1]);
}

return rnd;
Number of failed tests: 1, 0
Weighted failure rate: 1.0
----------------------------------
Patch Candidate:
@@ -43,9 +43,6 @@ public class SecureRandomFactoryBean implements FactoryBean<SecureRandom> {
rnd.setSeed(seedBytes);
}
else {
-			// Request the next bytes, thus eagerly incurring the expense of default
-			// seeding
-			rnd.nextBytes(new byte[1]);
}

return rnd;
Number of failed tests: 1, 0
Weighted failure rate: 1.0
----------------------------------
Patch Candidate:
@@ -43,9 +43,6 @@ public class SecureRandomFactoryBean implements FactoryBean<SecureRandom> {
rnd.setSeed(seedBytes);
}
else {
-			// Request the next bytes, thus eagerly incurring the expense of default
-			// seeding
-			rnd.nextBytes(new byte[1]);
}

return rnd;
Number of failed tests: 1, 0
Weighted failure rate: 1.0
----------------------------------
Patch Candidate:
@@ -43,9 +43,6 @@ public class SecureRandomFactoryBean implements FactoryBean<SecureRandom> {
rnd.setSeed(seedBytes);
}
else {
-			// Request the next bytes, thus eagerly incurring the expense of default
-			// seeding
-			rnd.nextBytes(new byte[1]);
}

return rnd;
Number of failed tests: 1, 0
Weighted failure rate: 1.0
----------------------------------
Patch Candidate:
@@ -43,9 +43,6 @@ public class SecureRandomFactoryBean implements FactoryBean<SecureRandom> {
rnd.setSeed(seedBytes);
}
else {
-			// Request the next bytes, thus eagerly incurring the expense of default
-			// seeding
-			rnd.nextBytes(new byte[1]);
}

return rnd;
Number of failed tests: 1, 0
Weighted failure rate: 1.0
----------------------------------
Patch Candidate:
@@ -43,9 +43,6 @@ public class SecureRandomFactoryBean implements FactoryBean<SecureRandom> {
rnd.setSeed(seedBytes);
}
else {
-			// Request the next bytes, thus eagerly incurring the expense of default
-			// seeding
-			rnd.nextBytes(new byte[1]);
}

return rnd;
Number of failed tests: 1, 0
Weighted failure rate: 1.0
----------------------------------
Patch Candidate:
@@ -43,9 +43,6 @@ public class SecureRandomFactoryBean implements FactoryBean<SecureRandom> {
rnd.setSeed(seedBytes);
}
else {
-			// Request the next bytes, thus eagerly incurring the expense of default
-			// seeding
-			rnd.nextBytes(new byte[1]);
}

return rnd;
Number of failed tests: 1, 0
Weighted failure rate: 1.0
----------------------------------
Patch Candidate:
@@ -43,9 +43,6 @@ public class SecureRandomFactoryBean implements FactoryBean<SecureRandom> {
rnd.setSeed(seedBytes);
}
else {
-			// Request the next bytes, thus eagerly incurring the expense of default
-			// seeding
-			rnd.nextBytes(new byte[1]);
}

return rnd;
Number of failed tests: 1, 0
Weighted failure rate: 1.0
----------------------------------
Patch Candidate:
@@ -43,9 +43,6 @@ public class SecureRandomFactoryBean implements FactoryBean<SecureRandom> {
rnd.setSeed(seedBytes);
}
else {
-			// Request the next bytes, thus eagerly incurring the expense of default
-			// seeding
-			rnd.nextBytes(new byte[1]);
}

return rnd;
Number of failed tests: 1, 0
Weighted failure rate: 1.0
----------------------------------
Patch Candidate:
@@ -43,9 +43,6 @@ public class SecureRandomFactoryBean implements FactoryBean<SecureRandom> {
rnd.setSeed(seedBytes);
}
else {
-			// Request the next bytes, thus eagerly incurring the expense of default
-			// seeding
-			rnd.nextBytes(new byte[1]);
}

return rnd;
Number of failed tests: 1, 0
Weighted failure rate: 1.0
----------------------------------
Patch Candidate:
@@ -43,9 +43,6 @@ public class SecureRandomFactoryBean implements FactoryBean<SecureRandom> {
rnd.setSeed(seedBytes);
}
else {
-			// Request the next bytes, thus eagerly incurring the expense of default
-			// seeding
-			rnd.nextBytes(new byte[1]);
}

return rnd;
Number of failed tests: 1, 0
Weighted failure rate: 1.0
----------------------------------
Patch Candidate:
@@ -43,9 +43,6 @@ public class SecureRandomFactoryBean implements FactoryBean<SecureRandom> {
rnd.setSeed(seedBytes);
}
else {
-			// Request the next bytes, thus eagerly incurring the expense of default
-			// seeding
-			rnd.nextBytes(new byte[1]);
}

return rnd;
Number of failed tests: 1, 0
Weighted failure rate: 1.0
----------------------------------
Patch Candidate:
@@ -43,9 +43,6 @@ public class SecureRandomFactoryBean implements FactoryBean<SecureRandom> {
rnd.setSeed(seedBytes);
}
else {
-			// Request the next bytes, thus eagerly incurring the expense of default
-			// seeding
-			rnd.nextBytes(new byte[1]);
}

return rnd;
Number of failed tests: 1, 0
Weighted failure rate: 1.0
----------------------------------
Patch Candidate:
@@ -43,9 +43,6 @@ public class SecureRandomFactoryBean implements FactoryBean<SecureRandom> {
rnd.setSeed(seedBytes);
}
else {
-			// Request the next bytes, thus eagerly incurring the expense of default
-			// seeding
-			rnd.nextBytes(new byte[1]);
}

return rnd;
Number of failed tests: 1, 0
Weighted failure rate: 1.0
----------------------------------
Patch Candidate:
@@ -43,9 +43,6 @@ public class SecureRandomFactoryBean implements FactoryBean<SecureRandom> {
rnd.setSeed(seedBytes);
}
else {
-			// Request the next bytes, thus eagerly incurring the expense of default
-			// seeding
-			rnd.nextBytes(new byte[1]);
}

return rnd;
Number of failed tests: 1, 0
Weighted failure rate: 1.0
----------------------------------
Patch Candidate:
@@ -43,9 +43,6 @@ public class SecureRandomFactoryBean implements FactoryBean<SecureRandom> {
rnd.setSeed(seedBytes);
}
else {
-			// Request the next bytes, thus eagerly incurring the expense of default
-			// seeding
-			rnd.nextBytes(new byte[1]);
}

return rnd;
Number of failed tests: 1, 0
Weighted failure rate: 1.0
----------------------------------
Patch Candidate:
@@ -43,9 +43,6 @@ public class SecureRandomFactoryBean implements FactoryBean<SecureRandom> {
rnd.setSeed(seedBytes);
}
else {
-			// Request the next bytes, thus eagerly incurring the expense of default
-			// seeding
-			rnd.nextBytes(new byte[1]);
}

return rnd;
Number of failed tests: 1, 0
Weighted failure rate: 1.0
----------------------------------
Patch Candidate:
@@ -43,9 +43,6 @@ public class SecureRandomFactoryBean implements FactoryBean<SecureRandom> {
rnd.setSeed(seedBytes);
}
else {
-			// Request the next bytes, thus eagerly incurring the expense of default
-			// seeding
-			rnd.nextBytes(new byte[1]);
}

return rnd;
Number of failed tests: 1, 0
Weighted failure rate: 1.0
----------------------------------
Patch Candidate:
java.io.IOException: Stream closed
	at java.io.BufferedInputStream.getBufIfOpen(BufferedInputStream.java:170)
	at java.io.BufferedInputStream.read1(BufferedInputStream.java:283)
	at java.io.BufferedInputStream.read(BufferedInputStream.java:345)
	at sun.nio.cs.StreamDecoder.readBytes(StreamDecoder.java:284)
	at sun.nio.cs.StreamDecoder.implRead(StreamDecoder.java:326)
	at sun.nio.cs.StreamDecoder.read(StreamDecoder.java:178)
	at java.io.InputStreamReader.read(InputStreamReader.java:184)
	at java.io.BufferedReader.fill(BufferedReader.java:161)
	at java.io.BufferedReader.readLine(BufferedReader.java:324)
	at java.io.BufferedReader.readLine(BufferedReader.java:389)
	at us.msu.cse.repair.core.util.StreamReaderThread.run(StreamReaderThread.java:36)
java.lang.IllegalStateException: Exception Occurred
	at us.msu.cse.repair.core.testexecutors.RExternalTestExecutor.runShell(RExternalTestExecutor.java:108)
	at us.msu.cse.repair.core.testexecutors.RExternalTestExecutor.runTests(RExternalTestExecutor.java:44)
	at us.msu.cse.repair.ec.problems.ArjaProblem.invokeTestExecutor(ArjaProblem.java:248)
	at us.msu.cse.repair.ec.problems.ArjaProblem.evaluate(ArjaProblem.java:177)
	at jmetal.metaheuristics.nsgaII.NSGAII.execute(NSGAII.java:122)
	at us.msu.cse.repair.core.AbstractRepairAlgorithm.execute(AbstractRepairAlgorithm.java:18)
	at us.msu.cse.repair.ArjaMain.main(ArjaMain.java:66)
	at us.msu.cse.repair.Main.main(Main.java:8)
java.lang.NullPointerException
	at us.msu.cse.repair.core.testexecutors.RExternalTestExecutor.runTests(RExternalTestExecutor.java:85)
	at us.msu.cse.repair.ec.problems.ArjaProblem.invokeTestExecutor(ArjaProblem.java:248)
	at us.msu.cse.repair.ec.problems.ArjaProblem.evaluate(ArjaProblem.java:177)
	at jmetal.metaheuristics.nsgaII.NSGAII.execute(NSGAII.java:122)
	at us.msu.cse.repair.core.AbstractRepairAlgorithm.execute(AbstractRepairAlgorithm.java:18)
	at us.msu.cse.repair.ArjaMain.main(ArjaMain.java:66)
	at us.msu.cse.repair.Main.main(Main.java:8)
----------------------------------
Patch Candidate:
@@ -43,9 +43,6 @@ public class SecureRandomFactoryBean implements FactoryBean<SecureRandom> {
rnd.setSeed(seedBytes);
}
else {
-			// Request the next bytes, thus eagerly incurring the expense of default
-			// seeding
-			rnd.nextBytes(new byte[1]);
}

return rnd;
Number of failed tests: 1, 0
Weighted failure rate: 1.0
----------------------------------
Patch Candidate:
@@ -43,9 +43,6 @@ public class SecureRandomFactoryBean implements FactoryBean<SecureRandom> {
rnd.setSeed(seedBytes);
}
else {
-			// Request the next bytes, thus eagerly incurring the expense of default
-			// seeding
-			rnd.nextBytes(new byte[1]);
}

return rnd;
Number of failed tests: 1, 0
Weighted failure rate: 1.0
----------------------------------
Patch Candidate:
@@ -43,9 +43,6 @@ public class SecureRandomFactoryBean implements FactoryBean<SecureRandom> {
rnd.setSeed(seedBytes);
}
else {
-			// Request the next bytes, thus eagerly incurring the expense of default
-			// seeding
-			rnd.nextBytes(new byte[1]);
}

return rnd;
Number of failed tests: 1, 0
Weighted failure rate: 1.0
----------------------------------
Patch Candidate:
@@ -43,9 +43,6 @@ public class SecureRandomFactoryBean implements FactoryBean<SecureRandom> {
rnd.setSeed(seedBytes);
}
else {
-			// Request the next bytes, thus eagerly incurring the expense of default
-			// seeding
-			rnd.nextBytes(new byte[1]);
}

return rnd;
Number of failed tests: 1, 0
Weighted failure rate: 1.0
----------------------------------
Patch Candidate:
@@ -43,9 +43,6 @@ public class SecureRandomFactoryBean implements FactoryBean<SecureRandom> {
rnd.setSeed(seedBytes);
}
else {
-			// Request the next bytes, thus eagerly incurring the expense of default
-			// seeding
-			rnd.nextBytes(new byte[1]);
}

return rnd;
Number of failed tests: 1, 0
Weighted failure rate: 1.0
----------------------------------
Patch Candidate:
@@ -43,9 +43,6 @@ public class SecureRandomFactoryBean implements FactoryBean<SecureRandom> {
rnd.setSeed(seedBytes);
}
else {
-			// Request the next bytes, thus eagerly incurring the expense of default
-			// seeding
-			rnd.nextBytes(new byte[1]);
}

return rnd;
Number of failed tests: 1, 0
Weighted failure rate: 1.0
----------------------------------
Patch Candidate:
@@ -43,9 +43,6 @@ public class SecureRandomFactoryBean implements FactoryBean<SecureRandom> {
rnd.setSeed(seedBytes);
}
else {
-			// Request the next bytes, thus eagerly incurring the expense of default
-			// seeding
-			rnd.nextBytes(new byte[1]);
}

return rnd;
Number of failed tests: 1, 0
Weighted failure rate: 1.0
----------------------------------
Patch Candidate:
@@ -43,9 +43,6 @@ public class SecureRandomFactoryBean implements FactoryBean<SecureRandom> {
rnd.setSeed(seedBytes);
}
else {
-			// Request the next bytes, thus eagerly incurring the expense of default
-			// seeding
-			rnd.nextBytes(new byte[1]);
}

return rnd;
Number of failed tests: 1, 0
Weighted failure rate: 1.0
----------------------------------
Patch Candidate:
@@ -43,9 +43,6 @@ public class SecureRandomFactoryBean implements FactoryBean<SecureRandom> {
rnd.setSeed(seedBytes);
}
else {
-			// Request the next bytes, thus eagerly incurring the expense of default
-			// seeding
-			rnd.nextBytes(new byte[1]);
}

return rnd;
Number of failed tests: 1, 0
Weighted failure rate: 1.0
----------------------------------
Patch Candidate:
@@ -43,9 +43,6 @@ public class SecureRandomFactoryBean implements FactoryBean<SecureRandom> {
rnd.setSeed(seedBytes);
}
else {
-			// Request the next bytes, thus eagerly incurring the expense of default
-			// seeding
-			rnd.nextBytes(new byte[1]);
}

return rnd;
Number of failed tests: 1, 0
Weighted failure rate: 1.0
----------------------------------
Patch Candidate:
@@ -43,9 +43,6 @@ public class SecureRandomFactoryBean implements FactoryBean<SecureRandom> {
rnd.setSeed(seedBytes);
}
else {
-			// Request the next bytes, thus eagerly incurring the expense of default
-			// seeding
-			rnd.nextBytes(new byte[1]);
}

return rnd;
Number of failed tests: 1, 0
Weighted failure rate: 1.0
----------------------------------
Patch Candidate:
@@ -43,9 +43,6 @@ public class SecureRandomFactoryBean implements FactoryBean<SecureRandom> {
rnd.setSeed(seedBytes);
}
else {
-			// Request the next bytes, thus eagerly incurring the expense of default
-			// seeding
-			rnd.nextBytes(new byte[1]);
}

return rnd;
Number of failed tests: 1, 0
Weighted failure rate: 1.0
----------------------------------
Patch Candidate:
@@ -43,9 +43,6 @@ public class SecureRandomFactoryBean implements FactoryBean<SecureRandom> {
rnd.setSeed(seedBytes);
}
else {
-			// Request the next bytes, thus eagerly incurring the expense of default
-			// seeding
-			rnd.nextBytes(new byte[1]);
}

return rnd;
Number of failed tests: 1, 0
Weighted failure rate: 1.0


Node: b97f25038321



Date: Sat Sep 17 00:01:13 EDT 2022

