cd /workdir/Kali_vul4j_apache_commons-compress_VUL4J-8;
export JAVA_TOOL_OPTIONS="-Dfile.encoding=UTF8 -Duser.language=en-US -Duser.country=US -Duser.language=en";
TZ="America/New_York"; export TZ;
export PATH="/usr/lib/jvm/jdk1.7.0_80/bin:$PATH";
export JAVA_HOME="/usr/lib/jvm/jdk1.7.0_80";
timeout 240m java -Xmx4g -Xms1g -XX:MaxPermSize=512m -cp /script/../libs/jmetal.jar:/script/../repair_tools/arja.jar us.msu.cse.repair.Main \
	Kali \
	-DexternalProjRoot /script/../libs/arja_external \
	-DprojectDir /workdir/Kali_vul4j_apache_commons-compress_VUL4J-8 \
    -DtestFiltered false \
    -DrunTestCommand "mvn test -Dhttps.protocols=TLSv1.2 -Denforcer.skip=true -Dcheckstyle.skip=true -Dcobertura.skip=true -DskipITs=true -Drat.skip=true -Dlicense.skip=true -Dpmd.skip=true -Dfindbugs.skip=true -Dgpg.skip=true -Dskip.npm=true -Dskip.gulp=true -Dskip.bower=true -Danimal.sniffer.skip=true -V -B" \
	-DsrcJavaDir /workdir/Kali_vul4j_apache_commons-compress_VUL4J-8/src/main/java \
	-DbinJavaDir /workdir/Kali_vul4j_apache_commons-compress_VUL4J-8/target/classes \
	-DbinTestDir /workdir/Kali_vul4j_apache_commons-compress_VUL4J-8/target/test-classes \
	-DdiffFormat true \
	-Dseed 0 \
	-DgzoltarDataDir /script/../data/benchmarks/vul4j/perfectfl/VUL4J-8 \
	-Ddependences /root/.m2/repository/org/ops4j/pax/swissbox/pax-swissbox-optional-jcl/1.8.2/pax-swissbox-optional-jcl-1.8.2.jar:/root/.m2/repository/org/ops4j/base/ops4j-base-util-property/1.5.0/ops4j-base-util-property-1.5.0.jar:/root/.m2/repository/javax/inject/javax.inject/1/javax.inject-1.jar:/root/.m2/repository/org/ops4j/pax/swissbox/pax-swissbox-lifecycle/1.8.2/pax-swissbox-lifecycle-1.8.2.jar:/root/.m2/repository/org/ops4j/pax/exam/pax-exam-link-mvn/4.13.1/pax-exam-link-mvn-4.13.1.jar:/root/.m2/repository/org/hamcrest/hamcrest-core/1.3/hamcrest-core-1.3.jar:/root/.m2/repository/org/ops4j/pax/tinybundles/tinybundles/2.1.1/tinybundles-2.1.1.jar:/root/.m2/repository/org/powermock/powermock-api-mockito/1.7.4/powermock-api-mockito-1.7.4.jar:/root/.m2/repository/org/ops4j/pax/exam/pax-exam/4.13.1/pax-exam-4.13.1.jar:/root/.m2/repository/org/ops4j/base/ops4j-base-lang/1.5.0/ops4j-base-lang-1.5.0.jar:/root/.m2/repository/org/mockito/mockito-core/1.10.19/mockito-core-1.10.19.jar:/root/.m2/repository/org/powermock/powermock-module-junit4-common/1.7.4/powermock-module-junit4-common-1.7.4.jar:/root/.m2/repository/org/objenesis/objenesis/2.1/objenesis-2.1.jar:/root/.m2/repository/org/ops4j/base/ops4j-base-spi/1.5.0/ops4j-base-spi-1.5.0.jar:/root/.m2/repository/org/powermock/powermock-core/1.7.4/powermock-core-1.7.4.jar:/root/.m2/repository/org/ops4j/pax/exam/pax-exam-cm/4.13.1/pax-exam-cm-4.13.1.jar:/root/.m2/repository/org/ops4j/base/ops4j-base-io/1.5.0/ops4j-base-io-1.5.0.jar:/root/.m2/repository/org/powermock/powermock-api-mockito-common/1.7.4/powermock-api-mockito-common-1.7.4.jar:/root/.m2/repository/org/ops4j/pax/url/pax-url-aether/2.4.5/pax-url-aether-2.4.5.jar:/root/.m2/repository/org/slf4j/jcl-over-slf4j/1.6.6/jcl-over-slf4j-1.6.6.jar:/root/.m2/repository/org/osgi/org.osgi.core/6.0.0/org.osgi.core-6.0.0.jar:/root/.m2/repository/org/ops4j/pax/url/pax-url-classpath/2.4.5/pax-url-classpath-2.4.5.jar:/root/.m2/repository/com/github/luben/zstd-jni/1.4.0-1/zstd-jni-1.4.0-1.jar:/root/.m2/repository/org/ops4j/base/ops4j-base-net/1.5.0/ops4j-base-net-1.5.0.jar:/root/.m2/repository/biz/aQute/bnd/bndlib/2.4.0/bndlib-2.4.0.jar:/root/.m2/repository/org/apache/felix/org.apache.felix.framework/6.0.2/org.apache.felix.framework-6.0.2.jar:/root/.m2/repository/org/ops4j/pax/exam/pax-exam-junit4/4.13.1/pax-exam-junit4-4.13.1.jar:/root/.m2/repository/org/javassist/javassist/3.21.0-GA/javassist-3.21.0-GA.jar:/root/.m2/repository/org/ops4j/pax/swissbox/pax-swissbox-core/1.8.2/pax-swissbox-core-1.8.2.jar:/root/.m2/repository/org/ops4j/base/ops4j-base-monitors/1.5.0/ops4j-base-monitors-1.5.0.jar:/root/.m2/repository/org/ops4j/pax/exam/pax-exam-container-native/4.13.1/pax-exam-container-native-4.13.1.jar:/root/.m2/repository/org/ops4j/base/ops4j-base-store/1.5.0/ops4j-base-store-1.5.0.jar:/root/.m2/repository/org/ops4j/pax/url/pax-url-commons/2.4.5/pax-url-commons-2.4.5.jar:/root/.m2/repository/org/slf4j/slf4j-api/1.7.26/slf4j-api-1.7.26.jar:/root/.m2/repository/org/ops4j/pax/swissbox/pax-swissbox-tracker/1.8.2/pax-swissbox-tracker-1.8.2.jar:/root/.m2/repository/org/powermock/powermock-api-support/1.7.4/powermock-api-support-1.7.4.jar:/root/.m2/repository/org/tukaani/xz/1.8/xz-1.8.jar:/root/.m2/repository/org/powermock/powermock-module-junit4/1.7.4/powermock-module-junit4-1.7.4.jar:/root/.m2/repository/junit/junit/4.12/junit-4.12.jar:/root/.m2/repository/org/ops4j/pax/exam/pax-exam-spi/4.13.1/pax-exam-spi-4.13.1.jar:/root/.m2/repository/org/powermock/powermock-reflect/1.7.4/powermock-reflect-1.7.4.jar:/root/.m2/repository/org/ops4j/pax/url/pax-url-link/2.4.5/pax-url-link-2.4.5.jar:/root/.m2/repository/org/brotli/dec/0.1.2/dec-0.1.2.jar:/root/.m2/repository/org/ops4j/pax/swissbox/pax-swissbox-property/1.8.2/pax-swissbox-property-1.8.2.jar:/root/.m2/repository/org/codehaus/mojo/animal-sniffer-annotations/1.9/animal-sniffer-annotations-1.9.jar;
	echo "\n\nNode: `hostname`\n";
	echo "\n\nDate: `date`\n";
Picked up JAVA_TOOL_OPTIONS: -Dfile.encoding=UTF8 -Duser.language=en-US -Duser.country=US -Duser.language=en
Fault localization starts...
Number of positive tests: 1093
Number of negative tests: 1
Negative tests: [org.apache.commons.compress.archivers.zip.NioZipEncodingTest#partialSurrogatePair]
Faulty Lines: 
org.apache.commons.compress.archivers.zip.NioZipEncoding#112:1.0
Fault localization is finished!
AST parsing starts...
AST parsing is finished!
Detection of local variables starts...
Detection of local variables is finished!
Detection of fields starts...
Detection of fields is finished!
Detection of methods starts...
Detection of methods is finished!
Ingredient screener starts...
Ingredient screener is finished!
Initialization of manipulations starts...
Initialization of manipulations is finished!
Filtering of the tests starts...
Number of positive tests considered: 1093
Filtering of the tests is finished!
----------------------------------
Patch Candidate:
+++ b/src/main/java/org/apache/commons/compress/archivers/zip/NioZipEncoding.java
@@ -109,7 +109,7 @@ public ByteBuffer encode(final String name) {
out = encodeFully(enc, encodeSurrogate(tmp, cb.get()), out);
}

-            } else if (res.isOverflow()) {
+            } else if (true) {
int increment = estimateIncrementalEncodingSize(enc, cb.remaining());
out = ZipEncodingHelper.growBufferBy(out, increment);
}
Number of failed tests: 1, 1
----------------------------------
Patch Candidate:
+++ b/src/main/java/org/apache/commons/compress/archivers/zip/NioZipEncoding.java
@@ -109,7 +109,7 @@ public ByteBuffer encode(final String name) {
out = encodeFully(enc, encodeSurrogate(tmp, cb.get()), out);
}

-            } else if (res.isOverflow()) {
+            } else if (false) {
int increment = estimateIncrementalEncodingSize(enc, cb.remaining());
out = ZipEncodingHelper.growBufferBy(out, increment);
}
Number of failed tests: 0, 1
----------------------------------
Patch Candidate:
+++ b/src/main/java/org/apache/commons/compress/archivers/zip/NioZipEncoding.java
@@ -109,10 +109,15 @@ public ByteBuffer encode(final String name) {
out = encodeFully(enc, encodeSurrogate(tmp, cb.get()), out);
}

-            } else if (res.isOverflow()) {
-                int increment = estimateIncrementalEncodingSize(enc, cb.remaining());
-                out = ZipEncodingHelper.growBufferBy(out, increment);
-            }
+            } else {
+				if (true)
+					return null;
+				if (res.isOverflow()) {
+					int increment = estimateIncrementalEncodingSize(enc,
+							cb.remaining());
+					out = ZipEncodingHelper.growBufferBy(out, increment);
+				}
+			}
}
// tell the encoder we are done
enc.encode(cb, out, true);
Number of failed tests: 1, 169
----------------------------------
Patch Candidate:
+++ b/src/main/java/org/apache/commons/compress/archivers/zip/NioZipEncoding.java
@@ -109,10 +109,15 @@ public ByteBuffer encode(final String name) {
out = encodeFully(enc, encodeSurrogate(tmp, cb.get()), out);
}

-            } else if (res.isOverflow()) {
-                int increment = estimateIncrementalEncodingSize(enc, cb.remaining());
-                out = ZipEncodingHelper.growBufferBy(out, increment);
-            }
+            } else {
+				if (true)
+					return null;
+				if (res.isOverflow()) {
+					int increment = estimateIncrementalEncodingSize(enc,
+							cb.remaining());
+					out = ZipEncodingHelper.growBufferBy(out, increment);
+				}
+			}
}
// tell the encoder we are done
enc.encode(cb, out, true);
Number of failed tests: 1, 169
----------------------------------
Patch Candidate:
+++ b/src/main/java/org/apache/commons/compress/archivers/zip/NioZipEncoding.java
@@ -109,10 +109,8 @@ public ByteBuffer encode(final String name) {
out = encodeFully(enc, encodeSurrogate(tmp, cb.get()), out);
}

-            } else if (res.isOverflow()) {
-                int increment = estimateIncrementalEncodingSize(enc, cb.remaining());
-                out = ZipEncodingHelper.growBufferBy(out, increment);
-            }
+            } else
+				;
}
// tell the encoder we are done
enc.encode(cb, out, true);


Node: 2c8178711f7b



Date: Mon Nov 28 22:06:23 EST 2022

