cd /workdir/jMutRepair_vul4j_OpenRefine_OpenRefine_VUL4J-65;
export JAVA_TOOL_OPTIONS="-Dfile.encoding=UTF8 -Duser.language=en-US -Duser.country=US -Duser.language=en";
TZ="America/New_York"; export TZ;
export PATH="/usr/lib/jvm/java-8-openjdk-amd64/bin:$PATH";
export JAVA_HOME="/usr/lib/jvm/java-8-openjdk-amd64/bin";
time java -Xmx4g -Xms1g -XX:MaxPermSize=512m -cp /script/../libs/jtestex7.jar:/script/../repair_tools/astor.jar fr.inria.main.evolution.AstorMain \
	-mode jMutRepair \
	-location . \
	-id OpenRefine_OpenRefine-VUL4J-65 \
	-failing com.google.refine.tests.importing.ImportingUtilitiesTests#testZipSlip \
	-jvm4testexecution /usr/lib/jvm/java-8-openjdk-amd64/bin \
	-jvm4evosuitetestexecution /usr/lib/jvm/java-8-openjdk-amd64/bin \
	-maxgen 1000000 \
	-maxtime 120 \
	-stopfirst true \
	-seed 0 \
	-scope local \
	-population 1 \
	-javacompliancelevel 8 \
	-faultlocalization perfect \
    -perfectdata /script/../data/benchmarks/vul4j/perfectfl/VUL4J-65 \
    -validation externalcmd \
    -testfailingcmd "mvn test -pl main -Dtest=com.google.refine.tests.importing.ImportingUtilitiesTests#testZipSlip -Dhttps.protocols=TLSv1.2 -Denforcer.skip=true -Dcheckstyle.skip=true -Dcobertura.skip=true -DskipITs=true -Drat.skip=true -Dlicense.skip=true -Dpmd.skip=true -Dfindbugs.skip=true -Dgpg.skip=true -Dskip.npm=true -Dskip.gulp=true -Dskip.bower=true -Danimal.sniffer.skip=true -V -B" \
    -testallcmd "mvn test -pl main -Dhttps.protocols=TLSv1.2 -Denforcer.skip=true -Dcheckstyle.skip=true -Dcobertura.skip=true -DskipITs=true -Drat.skip=true -Dlicense.skip=true -Dpmd.skip=true -Dfindbugs.skip=true -Dgpg.skip=true -Dskip.npm=true -Dskip.gulp=true -Dskip.bower=true -Danimal.sniffer.skip=true -V -B"  \ \
	-srcjavafolder main/src \
	-srctestfolder main/tests/server/src \
	-binjavafolder main/webapp/WEB-INF/classes \
	-bintestfolder main/target/test-classes \
	-parameters x:x \
	-dependencies /root/.m2/repository/stax/stax-api/1.0.1/stax-api-1.0.1.jar:/root/.m2/repository/org/apache/jena/jena-dboe-index/3.6.0/jena-dboe-index-3.6.0.jar:/root/.m2/repository/net/bytebuddy/byte-buddy/1.6.14/byte-buddy-1.6.14.jar:/root/.m2/repository/org/slf4j/jcl-over-slf4j/1.7.25/jcl-over-slf4j-1.7.25.jar:/root/.m2/repository/commons-validator/commons-validator/1.5.1/commons-validator-1.5.1.jar:/root/.m2/repository/edu/mit/simile/vicino/1.1/vicino-1.1.jar:/root/.m2/repository/com/wcohen/secondstring/20100303/secondstring-20100303.jar:/root/.m2/repository/org/powermock/powermock-api-support/1.7.1/powermock-api-support-1.7.1.jar:/root/.m2/repository/org/apache/poi/poi-ooxml/3.8/poi-ooxml-3.8.jar:/root/.m2/repository/org/slf4j/slf4j-log4j12/1.7.18/slf4j-log4j12-1.7.18.jar:/root/.m2/repository/org/apache/httpcomponents/httpcore/4.4.9/httpcore-4.4.9.jar:/root/.m2/repository/com/github/andrewoma/dexx/collection/0.7/collection-0.7.jar:/root/.m2/repository/org/mozilla/rhino/1.7.10/rhino-1.7.10.jar:/root/.m2/repository/org/apache/odftoolkit/taglets/0.8.8-incubating/taglets-0.8.8-incubating.jar:/root/.m2/repository/commons-collections/commons-collections/3.2.2/commons-collections-3.2.2.jar:/root/.m2/repository/org/apache/jena/jena-dboe-base/3.6.0/jena-dboe-base-3.6.0.jar:/root/.m2/repository/oauth/signpost/signpost-core/1.2.1.2/signpost-core-1.2.1.2.jar:/root/.m2/repository/org/apache/commons/commons-lang3/3.6/commons-lang3-3.6.jar:/root/.m2/repository/dom4j/dom4j/1.6.1/dom4j-1.6.1.jar:/root/.m2/repository/org/apache/jena/jena-tdb2/3.6.0/jena-tdb2-3.6.0.jar:/root/.m2/repository/commons-digester/commons-digester/1.8.1/commons-digester-1.8.1.jar:/root/.m2/repository/com/fasterxml/jackson/core/jackson-core/2.9.7/jackson-core-2.9.7.jar:/root/.m2/repository/commons-fileupload/commons-fileupload/1.2.1/commons-fileupload-1.2.1.jar:/root/.m2/repository/commons-beanutils/commons-beanutils/1.8.0/commons-beanutils-1.8.0.jar:/root/.m2/repository/org/apache/xmlbeans/xmlbeans/2.3.0/xmlbeans-2.3.0.jar:/root/.m2/repository/org/apache/jena/jena-core/3.6.0/jena-core-3.6.0.jar:/root/.m2/repository/org/powermock/powermock-api-mockito-common/1.7.1/powermock-api-mockito-common-1.7.1.jar:/root/.m2/repository/org/apache/odftoolkit/odfdom-java/0.8.8-incubating/odfdom-java-0.8.8-incubating.jar:/root/.m2/repository/org/apache/ant/ant-launcher/1.8.0/ant-launcher-1.8.0.jar:/root/.m2/repository/org/javassist/javassist/3.21.0-GA/javassist-3.21.0-GA.jar:/root/.m2/repository/org/apache/ant/ant/1.8.0/ant-1.8.0.jar:/root/.m2/repository/org/mockito/mockito-core/2.8.9/mockito-core-2.8.9.jar:/root/.m2/repository/org/powermock/powermock-module-junit4/1.7.1/powermock-module-junit4-1.7.1.jar:/root/.m2/repository/org/powermock/powermock-module-junit4-common/1.7.1/powermock-module-junit4-common-1.7.1.jar:/root/.m2/repository/commons-codec/commons-codec/1.5/commons-codec-1.5.jar:/root/.m2/repository/oauth/signpost/signpost-commonshttp4/1.2.1.2/signpost-commonshttp4-1.2.1.2.jar:/root/.m2/repository/org/apache/thrift/libthrift/0.10.0/libthrift-0.10.0.jar:/root/.m2/repository/de/fau/cs/osr/utils/utils/3.0.8/utils-3.0.8.jar:/root/.m2/repository/javax/servlet/servlet-api/2.5/servlet-api-2.5.jar:/root/.m2/repository/com/fasterxml/jackson/core/jackson-annotations/2.9.7/jackson-annotations-2.9.7.jar:/root/.m2/repository/com/github/jsonld-java/jsonld-java/0.11.1/jsonld-java-0.11.1.jar:/root/.m2/repository/com/fasterxml/jackson/core/jackson-databind/2.9.7/jackson-databind-2.9.7.jar:/root/.m2/repository/org/beanshell/bsh/2.0b4/bsh-2.0b4.jar:/root/.m2/repository/edu/mit/simile/butterfly/1.0.1/butterfly-1.0.1.jar:/root/.m2/repository/org/powermock/powermock-core/1.7.1/powermock-core-1.7.1.jar:/root/.m2/repository/org/clojure/clojure/1.5.1/clojure-1.5.1.jar:/root/.m2/repository/org/sweble/wikitext/swc-parser-lazy/3.1.7/swc-parser-lazy-3.1.7.jar:/root/.m2/repository/org/apache/jena/jena-arq/3.6.0/jena-arq-3.6.0.jar:/root/.m2/repository/org/testng/testng/6.9.10/testng-6.9.10.jar:/root/.m2/repository/marc4j/marc4j/2.4/marc4j-2.4.jar:/root/.m2/repository/commons-cli/commons-cli/1.4/commons-cli-1.4.jar:/root/.m2/repository/xtc/rats-runtime/1.15.0/rats-runtime-1.15.0.jar:/root/.m2/repository/org/apache/jena/jena-shaded-guava/3.6.0/jena-shaded-guava-3.6.0.jar:/root/.m2/repository/com/colloquial/arithcode/1.1/arithcode-1.1.jar:/root/.m2/repository/commons-io/commons-io/1.4/commons-io-1.4.jar:/root/.m2/repository/org/powermock/powermock-api-mockito2/1.7.1/powermock-api-mockito2-1.7.1.jar:/root/.m2/repository/org/hamcrest/hamcrest-core/1.3/hamcrest-core-1.3.jar:/root/.m2/repository/org/jsoup/jsoup/1.11.3/jsoup-1.11.3.jar:/root/.m2/repository/xerces/xercesImpl/2.9.1/xercesImpl-2.9.1.jar:/root/.m2/repository/org/slf4j/slf4j-api/1.7.18/slf4j-api-1.7.18.jar:/root/.m2/repository/com/beust/jcommander/1.48/jcommander-1.48.jar:/root/.m2/repository/de/fau/cs/osr/ptk/ptk-common/3.0.8/ptk-common-3.0.8.jar:/root/.m2/repository/org/powermock/powermock-reflect/1.7.1/powermock-reflect-1.7.1.jar:/root/.m2/repository/velocity/velocity/1.5/velocity-1.5.jar:/root/.m2/repository/org/apache/poi/poi-ooxml-schemas/3.8/poi-ooxml-schemas-3.8.jar:/root/.m2/repository/net/sf/opencsv/opencsv/2.4-SNAPSHOT/opencsv-2.4-SNAPSHOT.jar:/root/.m2/repository/net/bytebuddy/byte-buddy-agent/1.6.14/byte-buddy-agent-1.6.14.jar:/root/.m2/repository/org/apache/jena/jena-rdfconnection/3.6.0/jena-rdfconnection-3.6.0.jar:/root/.m2/repository/com/google/guava/guava/19.0/guava-19.0.jar:/root/.m2/repository/log4j/log4j/1.2.17/log4j-1.2.17.jar:/root/.m2/repository/com/metaweb/lessen/1.0/lessen-1.0.jar:/root/.m2/repository/commons-lang/commons-lang/2.1/commons-lang-2.1.jar:/root/.m2/repository/org/apache/jena/jena-dboe-trans-data/3.6.0/jena-dboe-trans-data-3.6.0.jar:/root/.m2/repository/org/objenesis/objenesis/2.5/objenesis-2.5.jar:/root/.m2/repository/org/apache/httpcomponents/httpclient/4.5.5/httpclient-4.5.5.jar:/root/.m2/repository/xml-apis/xml-apis/1.0.b2/xml-apis-1.0.b2.jar:/root/.m2/repository/org/apache/httpcomponents/httpclient-cache/4.5.3/httpclient-cache-4.5.3.jar:/root/.m2/repository/org/apache/jena/jena-base/3.6.0/jena-base-3.6.0.jar:/root/.m2/repository/org/apache/jena/jena-dboe-transaction/3.6.0/jena-dboe-transaction-3.6.0.jar:/root/.m2/repository/org/apache/jena/jena-iri/3.6.0/jena-iri-3.6.0.jar:/root/.m2/repository/commons-logging/commons-logging/1.1.1/commons-logging-1.1.1.jar:/root/.m2/repository/org/apache/poi/poi/3.8/poi-3.8.jar:/root/.m2/repository/org/apache/jena/jena-tdb/3.6.0/jena-tdb-3.6.0.jar:/root/.m2/repository/junit/junit/4.12/junit-4.12.jar:/root/.m2/repository/oro/oro/2.0.8/oro-2.0.8.jar:/root/.m2/repository/joda-time/joda-time/2.9.9/joda-time-2.9.9.jar:/root/.m2/repository/org/apache/jena/jena-cmds/3.6.0/jena-cmds-3.6.0.jar:/root/.m2/repository/org/apache/commons/commons-csv/1.5/commons-csv-1.5.jar;
	echo "\n\nNode: `hostname`\n";
	echo "\n\nDate: `date`\n";
Picked up JAVA_TOOL_OPTIONS: -Dfile.encoding=UTF8 -Duser.language=en-US -Duser.country=US -Duser.language=en
OpenJDK 64-Bit Server VM warning: ignoring option MaxPermSize=512m; support was removed in 8.0
[0] INFO ProjectConfiguration - Version of the JVM used: 1.8.0_342
[0] INFO main - Java version of the JDK used to run tests: 1.8.0_342
[0] INFO main - The compliance of the JVM is:  8
[4] INFO main - command line arguments: [-mode  jMutRepair  -location  .  -id  OpenRefine_OpenRefine-VUL4J-65  -failing  com.google.refine.tests.importing.ImportingUtilitiesTests#testZipSlip  -jvm4testexecution  /usr/lib/jvm/java-8-openjdk-amd64/bin  -jvm4evosuitetestexecution  /usr/lib/jvm/java-8-openjdk-amd64/bin  -maxgen  1000000  -maxtime  120  -stopfirst  true  -seed  0  -scope  local  -population  1  -javacompliancelevel  8  -faultlocalization  perfect  -perfectdata  /script/../data/benchmarks/vul4j/perfectfl/VUL4J-65  -validation  externalcmd  -testfailingcmd  mvn test -pl main -Dtest=com.google.refine.tests.importing.ImportingUtilitiesTests#testZipSlip -Dhttps.protocols=TLSv1.2 -Denforcer.skip=true -Dcheckstyle.skip=true -Dcobertura.skip=true -DskipITs=true -Drat.skip=true -Dlicense.skip=true -Dpmd.skip=true -Dfindbugs.skip=true -Dgpg.skip=true -Dskip.npm=true -Dskip.gulp=true -Dskip.bower=true -Danimal.sniffer.skip=true -V -B  -testallcmd  mvn test -pl main -Dhttps.protocols=TLSv1.2 -Denforcer.skip=true -Dcheckstyle.skip=true -Dcobertura.skip=true -DskipITs=true -Drat.skip=true -Dlicense.skip=true -Dpmd.skip=true -Dfindbugs.skip=true -Dgpg.skip=true -Dskip.npm=true -Dskip.gulp=true -Dskip.bower=true -Danimal.sniffer.skip=true -V -B     -srcjavafolder  main/src  -srctestfolder  main/tests/server/src  -binjavafolder  main/webapp/WEB-INF/classes  -bintestfolder  main/target/test-classes  -parameters  x:x  -dependencies  /root/.m2/repository/stax/stax-api/1.0.1/stax-api-1.0.1.jar:/root/.m2/repository/org/apache/jena/jena-dboe-index/3.6.0/jena-dboe-index-3.6.0.jar:/root/.m2/repository/net/bytebuddy/byte-buddy/1.6.14/byte-buddy-1.6.14.jar:/root/.m2/repository/org/slf4j/jcl-over-slf4j/1.7.25/jcl-over-slf4j-1.7.25.jar:/root/.m2/repository/commons-validator/commons-validator/1.5.1/commons-validator-1.5.1.jar:/root/.m2/repository/edu/mit/simile/vicino/1.1/vicino-1.1.jar:/root/.m2/repository/com/wcohen/secondstring/20100303/secondstring-20100303.jar:/root/.m2/repository/org/powermock/powermock-api-support/1.7.1/powermock-api-support-1.7.1.jar:/root/.m2/repository/org/apache/poi/poi-ooxml/3.8/poi-ooxml-3.8.jar:/root/.m2/repository/org/slf4j/slf4j-log4j12/1.7.18/slf4j-log4j12-1.7.18.jar:/root/.m2/repository/org/apache/httpcomponents/httpcore/4.4.9/httpcore-4.4.9.jar:/root/.m2/repository/com/github/andrewoma/dexx/collection/0.7/collection-0.7.jar:/root/.m2/repository/org/mozilla/rhino/1.7.10/rhino-1.7.10.jar:/root/.m2/repository/org/apache/odftoolkit/taglets/0.8.8-incubating/taglets-0.8.8-incubating.jar:/root/.m2/repository/commons-collections/commons-collections/3.2.2/commons-collections-3.2.2.jar:/root/.m2/repository/org/apache/jena/jena-dboe-base/3.6.0/jena-dboe-base-3.6.0.jar:/root/.m2/repository/oauth/signpost/signpost-core/1.2.1.2/signpost-core-1.2.1.2.jar:/root/.m2/repository/org/apache/commons/commons-lang3/3.6/commons-lang3-3.6.jar:/root/.m2/repository/dom4j/dom4j/1.6.1/dom4j-1.6.1.jar:/root/.m2/repository/org/apache/jena/jena-tdb2/3.6.0/jena-tdb2-3.6.0.jar:/root/.m2/repository/commons-digester/commons-digester/1.8.1/commons-digester-1.8.1.jar:/root/.m2/repository/com/fasterxml/jackson/core/jackson-core/2.9.7/jackson-core-2.9.7.jar:/root/.m2/repository/commons-fileupload/commons-fileupload/1.2.1/commons-fileupload-1.2.1.jar:/root/.m2/repository/commons-beanutils/commons-beanutils/1.8.0/commons-beanutils-1.8.0.jar:/root/.m2/repository/org/apache/xmlbeans/xmlbeans/2.3.0/xmlbeans-2.3.0.jar:/root/.m2/repository/org/apache/jena/jena-core/3.6.0/jena-core-3.6.0.jar:/root/.m2/repository/org/powermock/powermock-api-mockito-common/1.7.1/powermock-api-mockito-common-1.7.1.jar:/root/.m2/repository/org/apache/odftoolkit/odfdom-java/0.8.8-incubating/odfdom-java-0.8.8-incubating.jar:/root/.m2/repository/org/apache/ant/ant-launcher/1.8.0/ant-launcher-1.8.0.jar:/root/.m2/repository/org/javassist/javassist/3.21.0-GA/javassist-3.21.0-GA.jar:/root/.m2/repository/org/apache/ant/ant/1.8.0/ant-1.8.0.jar:/root/.m2/repository/org/mockito/mockito-core/2.8.9/mockito-core-2.8.9.jar:/root/.m2/repository/org/powermock/powermock-module-junit4/1.7.1/powermock-module-junit4-1.7.1.jar:/root/.m2/repository/org/powermock/powermock-module-junit4-common/1.7.1/powermock-module-junit4-common-1.7.1.jar:/root/.m2/repository/commons-codec/commons-codec/1.5/commons-codec-1.5.jar:/root/.m2/repository/oauth/signpost/signpost-commonshttp4/1.2.1.2/signpost-commonshttp4-1.2.1.2.jar:/root/.m2/repository/org/apache/thrift/libthrift/0.10.0/libthrift-0.10.0.jar:/root/.m2/repository/de/fau/cs/osr/utils/utils/3.0.8/utils-3.0.8.jar:/root/.m2/repository/javax/servlet/servlet-api/2.5/servlet-api-2.5.jar:/root/.m2/repository/com/fasterxml/jackson/core/jackson-annotations/2.9.7/jackson-annotations-2.9.7.jar:/root/.m2/repository/com/github/jsonld-java/jsonld-java/0.11.1/jsonld-java-0.11.1.jar:/root/.m2/repository/com/fasterxml/jackson/core/jackson-databind/2.9.7/jackson-databind-2.9.7.jar:/root/.m2/repository/org/beanshell/bsh/2.0b4/bsh-2.0b4.jar:/root/.m2/repository/edu/mit/simile/butterfly/1.0.1/butterfly-1.0.1.jar:/root/.m2/repository/org/powermock/powermock-core/1.7.1/powermock-core-1.7.1.jar:/root/.m2/repository/org/clojure/clojure/1.5.1/clojure-1.5.1.jar:/root/.m2/repository/org/sweble/wikitext/swc-parser-lazy/3.1.7/swc-parser-lazy-3.1.7.jar:/root/.m2/repository/org/apache/jena/jena-arq/3.6.0/jena-arq-3.6.0.jar:/root/.m2/repository/org/testng/testng/6.9.10/testng-6.9.10.jar:/root/.m2/repository/marc4j/marc4j/2.4/marc4j-2.4.jar:/root/.m2/repository/commons-cli/commons-cli/1.4/commons-cli-1.4.jar:/root/.m2/repository/xtc/rats-runtime/1.15.0/rats-runtime-1.15.0.jar:/root/.m2/repository/org/apache/jena/jena-shaded-guava/3.6.0/jena-shaded-guava-3.6.0.jar:/root/.m2/repository/com/colloquial/arithcode/1.1/arithcode-1.1.jar:/root/.m2/repository/commons-io/commons-io/1.4/commons-io-1.4.jar:/root/.m2/repository/org/powermock/powermock-api-mockito2/1.7.1/powermock-api-mockito2-1.7.1.jar:/root/.m2/repository/org/hamcrest/hamcrest-core/1.3/hamcrest-core-1.3.jar:/root/.m2/repository/org/jsoup/jsoup/1.11.3/jsoup-1.11.3.jar:/root/.m2/repository/xerces/xercesImpl/2.9.1/xercesImpl-2.9.1.jar:/root/.m2/repository/org/slf4j/slf4j-api/1.7.18/slf4j-api-1.7.18.jar:/root/.m2/repository/com/beust/jcommander/1.48/jcommander-1.48.jar:/root/.m2/repository/de/fau/cs/osr/ptk/ptk-common/3.0.8/ptk-common-3.0.8.jar:/root/.m2/repository/org/powermock/powermock-reflect/1.7.1/powermock-reflect-1.7.1.jar:/root/.m2/repository/velocity/velocity/1.5/velocity-1.5.jar:/root/.m2/repository/org/apache/poi/poi-ooxml-schemas/3.8/poi-ooxml-schemas-3.8.jar:/root/.m2/repository/net/sf/opencsv/opencsv/2.4-SNAPSHOT/opencsv-2.4-SNAPSHOT.jar:/root/.m2/repository/net/bytebuddy/byte-buddy-agent/1.6.14/byte-buddy-agent-1.6.14.jar:/root/.m2/repository/org/apache/jena/jena-rdfconnection/3.6.0/jena-rdfconnection-3.6.0.jar:/root/.m2/repository/com/google/guava/guava/19.0/guava-19.0.jar:/root/.m2/repository/log4j/log4j/1.2.17/log4j-1.2.17.jar:/root/.m2/repository/com/metaweb/lessen/1.0/lessen-1.0.jar:/root/.m2/repository/commons-lang/commons-lang/2.1/commons-lang-2.1.jar:/root/.m2/repository/org/apache/jena/jena-dboe-trans-data/3.6.0/jena-dboe-trans-data-3.6.0.jar:/root/.m2/repository/org/objenesis/objenesis/2.5/objenesis-2.5.jar:/root/.m2/repository/org/apache/httpcomponents/httpclient/4.5.5/httpclient-4.5.5.jar:/root/.m2/repository/xml-apis/xml-apis/1.0.b2/xml-apis-1.0.b2.jar:/root/.m2/repository/org/apache/httpcomponents/httpclient-cache/4.5.3/httpclient-cache-4.5.3.jar:/root/.m2/repository/org/apache/jena/jena-base/3.6.0/jena-base-3.6.0.jar:/root/.m2/repository/org/apache/jena/jena-dboe-transaction/3.6.0/jena-dboe-transaction-3.6.0.jar:/root/.m2/repository/org/apache/jena/jena-iri/3.6.0/jena-iri-3.6.0.jar:/root/.m2/repository/commons-logging/commons-logging/1.1.1/commons-logging-1.1.1.jar:/root/.m2/repository/org/apache/poi/poi/3.8/poi-3.8.jar:/root/.m2/repository/org/apache/jena/jena-tdb/3.6.0/jena-tdb-3.6.0.jar:/root/.m2/repository/junit/junit/4.12/junit-4.12.jar:/root/.m2/repository/oro/oro/2.0.8/oro-2.0.8.jar:/root/.m2/repository/joda-time/joda-time/2.9.9/joda-time-2.9.9.jar:/root/.m2/repository/org/apache/jena/jena-cmds/3.6.0/jena-cmds-3.6.0.jar:/root/.m2/repository/org/apache/commons/commons-csv/1.5/commons-csv-1.5.jar]
[5] INFO AstorMain - Running Astor on a JDK at /usr/lib/jvm/java-8-openjdk-amd64/jre
[8] INFO main - Source folders: [/workdir/jMutRepair_vul4j_OpenRefine_OpenRefine_VUL4J-65/./main/src]
[8] INFO main - Source Test folders: [/workdir/jMutRepair_vul4j_OpenRefine_OpenRefine_VUL4J-65/./main/tests/server/src]
[501] INFO AstorCoreEngine - ---- Creating spoon model
[517] INFO MutationSupporter - Creating model,  Code location from working folder: /workdir/jMutRepair_vul4j_OpenRefine_OpenRefine_VUL4J-65/./main/src
[517] INFO MutationSupporter - building model: /workdir/jMutRepair_vul4j_OpenRefine_OpenRefine_VUL4J-65/./main/src, compliance level: 8
[546] INFO MutationSupporter - Classpath (Dependencies) for building SpoonModel: [/root/.m2/repository/stax/stax-api/1.0.1/stax-api-1.0.1.jar, /root/.m2/repository/org/apache/jena/jena-dboe-index/3.6.0/jena-dboe-index-3.6.0.jar, /root/.m2/repository/net/bytebuddy/byte-buddy/1.6.14/byte-buddy-1.6.14.jar, /root/.m2/repository/org/slf4j/jcl-over-slf4j/1.7.25/jcl-over-slf4j-1.7.25.jar, /root/.m2/repository/commons-validator/commons-validator/1.5.1/commons-validator-1.5.1.jar, /root/.m2/repository/edu/mit/simile/vicino/1.1/vicino-1.1.jar, /root/.m2/repository/com/wcohen/secondstring/20100303/secondstring-20100303.jar, /root/.m2/repository/org/powermock/powermock-api-support/1.7.1/powermock-api-support-1.7.1.jar, /root/.m2/repository/org/apache/poi/poi-ooxml/3.8/poi-ooxml-3.8.jar, /root/.m2/repository/org/slf4j/slf4j-log4j12/1.7.18/slf4j-log4j12-1.7.18.jar, /root/.m2/repository/org/apache/httpcomponents/httpcore/4.4.9/httpcore-4.4.9.jar, /root/.m2/repository/com/github/andrewoma/dexx/collection/0.7/collection-0.7.jar, /root/.m2/repository/org/mozilla/rhino/1.7.10/rhino-1.7.10.jar, /root/.m2/repository/org/apache/odftoolkit/taglets/0.8.8-incubating/taglets-0.8.8-incubating.jar, /root/.m2/repository/commons-collections/commons-collections/3.2.2/commons-collections-3.2.2.jar, /root/.m2/repository/org/apache/jena/jena-dboe-base/3.6.0/jena-dboe-base-3.6.0.jar, /root/.m2/repository/oauth/signpost/signpost-core/1.2.1.2/signpost-core-1.2.1.2.jar, /root/.m2/repository/org/apache/commons/commons-lang3/3.6/commons-lang3-3.6.jar, /root/.m2/repository/dom4j/dom4j/1.6.1/dom4j-1.6.1.jar, /root/.m2/repository/org/apache/jena/jena-tdb2/3.6.0/jena-tdb2-3.6.0.jar, /root/.m2/repository/commons-digester/commons-digester/1.8.1/commons-digester-1.8.1.jar, /root/.m2/repository/com/fasterxml/jackson/core/jackson-core/2.9.7/jackson-core-2.9.7.jar, /root/.m2/repository/commons-fileupload/commons-fileupload/1.2.1/commons-fileupload-1.2.1.jar, /root/.m2/repository/commons-beanutils/commons-beanutils/1.8.0/commons-beanutils-1.8.0.jar, /root/.m2/repository/org/apache/xmlbeans/xmlbeans/2.3.0/xmlbeans-2.3.0.jar, /root/.m2/repository/org/apache/jena/jena-core/3.6.0/jena-core-3.6.0.jar, /root/.m2/repository/org/powermock/powermock-api-mockito-common/1.7.1/powermock-api-mockito-common-1.7.1.jar, /root/.m2/repository/org/apache/odftoolkit/odfdom-java/0.8.8-incubating/odfdom-java-0.8.8-incubating.jar, /root/.m2/repository/org/apache/ant/ant-launcher/1.8.0/ant-launcher-1.8.0.jar, /root/.m2/repository/org/javassist/javassist/3.21.0-GA/javassist-3.21.0-GA.jar, /root/.m2/repository/org/apache/ant/ant/1.8.0/ant-1.8.0.jar, /root/.m2/repository/org/mockito/mockito-core/2.8.9/mockito-core-2.8.9.jar, /root/.m2/repository/org/powermock/powermock-module-junit4/1.7.1/powermock-module-junit4-1.7.1.jar, /root/.m2/repository/org/powermock/powermock-module-junit4-common/1.7.1/powermock-module-junit4-common-1.7.1.jar, /root/.m2/repository/commons-codec/commons-codec/1.5/commons-codec-1.5.jar, /root/.m2/repository/oauth/signpost/signpost-commonshttp4/1.2.1.2/signpost-commonshttp4-1.2.1.2.jar, /root/.m2/repository/org/apache/thrift/libthrift/0.10.0/libthrift-0.10.0.jar, /root/.m2/repository/de/fau/cs/osr/utils/utils/3.0.8/utils-3.0.8.jar, /root/.m2/repository/javax/servlet/servlet-api/2.5/servlet-api-2.5.jar, /root/.m2/repository/com/fasterxml/jackson/core/jackson-annotations/2.9.7/jackson-annotations-2.9.7.jar, /root/.m2/repository/com/github/jsonld-java/jsonld-java/0.11.1/jsonld-java-0.11.1.jar, /root/.m2/repository/com/fasterxml/jackson/core/jackson-databind/2.9.7/jackson-databind-2.9.7.jar, /root/.m2/repository/org/beanshell/bsh/2.0b4/bsh-2.0b4.jar, /root/.m2/repository/edu/mit/simile/butterfly/1.0.1/butterfly-1.0.1.jar, /root/.m2/repository/org/powermock/powermock-core/1.7.1/powermock-core-1.7.1.jar, /root/.m2/repository/org/clojure/clojure/1.5.1/clojure-1.5.1.jar, /root/.m2/repository/org/sweble/wikitext/swc-parser-lazy/3.1.7/swc-parser-lazy-3.1.7.jar, /root/.m2/repository/org/apache/jena/jena-arq/3.6.0/jena-arq-3.6.0.jar, /root/.m2/repository/org/testng/testng/6.9.10/testng-6.9.10.jar, /root/.m2/repository/marc4j/marc4j/2.4/marc4j-2.4.jar, /root/.m2/repository/commons-cli/commons-cli/1.4/commons-cli-1.4.jar, /root/.m2/repository/xtc/rats-runtime/1.15.0/rats-runtime-1.15.0.jar, /root/.m2/repository/org/apache/jena/jena-shaded-guava/3.6.0/jena-shaded-guava-3.6.0.jar, /root/.m2/repository/com/colloquial/arithcode/1.1/arithcode-1.1.jar, /root/.m2/repository/commons-io/commons-io/1.4/commons-io-1.4.jar, /root/.m2/repository/org/powermock/powermock-api-mockito2/1.7.1/powermock-api-mockito2-1.7.1.jar, /root/.m2/repository/org/hamcrest/hamcrest-core/1.3/hamcrest-core-1.3.jar, /root/.m2/repository/org/jsoup/jsoup/1.11.3/jsoup-1.11.3.jar, /root/.m2/repository/xerces/xercesImpl/2.9.1/xercesImpl-2.9.1.jar, /root/.m2/repository/org/slf4j/slf4j-api/1.7.18/slf4j-api-1.7.18.jar, /root/.m2/repository/com/beust/jcommander/1.48/jcommander-1.48.jar, /root/.m2/repository/de/fau/cs/osr/ptk/ptk-common/3.0.8/ptk-common-3.0.8.jar, /root/.m2/repository/org/powermock/powermock-reflect/1.7.1/powermock-reflect-1.7.1.jar, /root/.m2/repository/velocity/velocity/1.5/velocity-1.5.jar, /root/.m2/repository/org/apache/poi/poi-ooxml-schemas/3.8/poi-ooxml-schemas-3.8.jar, /root/.m2/repository/net/sf/opencsv/opencsv/2.4-SNAPSHOT/opencsv-2.4-SNAPSHOT.jar, /root/.m2/repository/net/bytebuddy/byte-buddy-agent/1.6.14/byte-buddy-agent-1.6.14.jar, /root/.m2/repository/org/apache/jena/jena-rdfconnection/3.6.0/jena-rdfconnection-3.6.0.jar, /root/.m2/repository/com/google/guava/guava/19.0/guava-19.0.jar, /root/.m2/repository/log4j/log4j/1.2.17/log4j-1.2.17.jar, /root/.m2/repository/com/metaweb/lessen/1.0/lessen-1.0.jar, /root/.m2/repository/commons-lang/commons-lang/2.1/commons-lang-2.1.jar, /root/.m2/repository/org/apache/jena/jena-dboe-trans-data/3.6.0/jena-dboe-trans-data-3.6.0.jar, /root/.m2/repository/org/objenesis/objenesis/2.5/objenesis-2.5.jar, /root/.m2/repository/org/apache/httpcomponents/httpclient/4.5.5/httpclient-4.5.5.jar, /root/.m2/repository/xml-apis/xml-apis/1.0.b2/xml-apis-1.0.b2.jar, /root/.m2/repository/org/apache/httpcomponents/httpclient-cache/4.5.3/httpclient-cache-4.5.3.jar, /root/.m2/repository/org/apache/jena/jena-base/3.6.0/jena-base-3.6.0.jar, /root/.m2/repository/org/apache/jena/jena-dboe-transaction/3.6.0/jena-dboe-transaction-3.6.0.jar, /root/.m2/repository/org/apache/jena/jena-iri/3.6.0/jena-iri-3.6.0.jar, /root/.m2/repository/commons-logging/commons-logging/1.1.1/commons-logging-1.1.1.jar, /root/.m2/repository/org/apache/poi/poi/3.8/poi-3.8.jar, /root/.m2/repository/org/apache/jena/jena-tdb/3.6.0/jena-tdb-3.6.0.jar, /root/.m2/repository/junit/junit/4.12/junit-4.12.jar, /root/.m2/repository/oro/oro/2.0.8/oro-2.0.8.jar, /root/.m2/repository/joda-time/joda-time/2.9.9/joda-time-2.9.9.jar, /root/.m2/repository/org/apache/jena/jena-cmds/3.6.0/jena-cmds-3.6.0.jar, /root/.m2/repository/org/apache/commons/commons-csv/1.5/commons-csv-1.5.jar]
[6516] INFO AstorCoreEngine - Number of CtTypes created: 466
[6722] INFO AstorCoreEngine - Test retrieved from classes: 0
[7259] INFO AstorCoreEngine - Setting up the max to 5370 milliseconds (5 sec)
[7259] INFO AstorCoreEngine - ---- Initial suspicious size: 1
[7261] INFO main -  Not ctClass for suspicious code Candidate [className=main.src.com.google.refine.importing.ImportingUtilities, methodName=null, lineNumber=443, susp=1.0]
[7261] INFO main - Total suspicious from FL: 1,  0
[7261] INFO main - Total ModPoint created: 0
[7261] INFO main - Creating program variant #1, [Variant id: 1, #gens: 0, #ops: 0, parent:-]
[7261] ERROR AstorCoreEngine - [warning] Any modification point in variant
[7261] ERROR AstorCoreEngine - Variant with any gen
[7261] WARN ConfigurationProperties - ----------------------------
[7261] INFO ConfigurationProperties - ---Configuration properties
[7261] INFO ConfigurationProperties - p:lastJUnitVersion= ./examples/libs/junit-4.11.jar
[7261] INFO ConfigurationProperties - p:alternativecompliancelevel= 8
[7261] INFO ConfigurationProperties - p:ignoredTestCases= 
[7261] INFO ConfigurationProperties - p:workingDirectory= /workdir/jMutRepair_vul4j_OpenRefine_OpenRefine_VUL4J-65/./output_astor
[7262] INFO ConfigurationProperties - p:manipulatesuper= false
[7262] INFO ConfigurationProperties - p:validation= externalcmd
[7262] INFO ConfigurationProperties - p:jvm4testexecution= /usr/lib/jvm/java-8-openjdk-amd64/bin
[7262] INFO ConfigurationProperties - p:operatorspace= mutationspace
[7262] INFO ConfigurationProperties - p:diffcontext= 0
[7262] INFO ConfigurationProperties - p:binjavafolder= main/webapp/WEB-INF/classes
[7262] INFO ConfigurationProperties - p:synthesis_depth= 3
[7262] INFO ConfigurationProperties - p:gzoltartestpackagetoexclude= junit.framework
[7262] INFO ConfigurationProperties - p:skipfitnessinitialpopulation= false
[7262] INFO ConfigurationProperties - p:evosuiteresultfolder= evosuite
[7262] INFO ConfigurationProperties - p:flthreshold= 0.1
[7262] INFO ConfigurationProperties - p:regressionforfaultlocalization= true
[7262] INFO ConfigurationProperties - p:collectonlyusedmethod= false
[7262] INFO ConfigurationProperties - p:preservelinenumbers= true
[7262] INFO ConfigurationProperties - p:tmax2= 5370
[7262] INFO ConfigurationProperties - p:tmax1= 10000
[7262] INFO ConfigurationProperties - p:probagenmutation= false
[7262] INFO ConfigurationProperties - p:nomodificationconvergence= 100
[7262] INFO ConfigurationProperties - p:diff_type= relative
[7262] INFO ConfigurationProperties - p:targetelementprocessor= if-conditions:return-op-mutation
[7262] INFO ConfigurationProperties - p:srctestfolder= main/tests/server/src
[7262] INFO ConfigurationProperties - p:forceExecuteRegression= false
[7262] INFO ConfigurationProperties - p:clusteringfilename= clustering.csv
[7262] INFO ConfigurationProperties - p:failing= com.google.refine.tests.importing.ImportingUtilitiesTests#testZipSlip
[7262] INFO ConfigurationProperties - p:logtestexecution= false
[7262] INFO ConfigurationProperties - p:evo_buggy_class= true
[7262] INFO ConfigurationProperties - p:numberExecutions= 1
[7262] INFO ConfigurationProperties - p:maxnumbersolutions= 1000000
[7262] INFO ConfigurationProperties - p:evo_affected_by_op= true
[7262] INFO ConfigurationProperties - p:population= 1
[7262] INFO ConfigurationProperties - p:considerzerovaluesusp= false
[7262] INFO ConfigurationProperties - p:maxCombinationVariableLimit= false
[7262] INFO ConfigurationProperties - p:savesolution= true
[7262] INFO ConfigurationProperties - p:javacompliancelevel= 8
[7262] INFO ConfigurationProperties - p:x= x
[7262] INFO ConfigurationProperties - p:uniqueoptogen= false
[7262] INFO ConfigurationProperties - p:gzoltarpackagetonotinstrument= junit.framework
[7262] INFO ConfigurationProperties - p:projectIdentifier= OpenRefine_OpenRefine-VUL4J-65
[7262] INFO ConfigurationProperties - p:modificationpointnavigation= weight
[7262] INFO ConfigurationProperties - p:stopfirst= true
[7262] INFO ConfigurationProperties - p:multipointmodification= false
[7262] INFO ConfigurationProperties - p:elementsToMutate= 10
[7262] INFO ConfigurationProperties - p:jsonoutputname= astor_output
[7262] INFO ConfigurationProperties - p:evoDSE= false
[7262] INFO ConfigurationProperties - p:bintestfolder= main/target/test-classes
[7262] INFO ConfigurationProperties - p:testbystep= false
[7263] INFO ConfigurationProperties - p:version-location= ./math-version/
[7263] INFO ConfigurationProperties - p:reintroduce= PARENTS:ORIGINAL
[7263] INFO ConfigurationProperties - p:perfectdata= /script/../data/benchmarks/vul4j/perfectfl/VUL4J-65
[7263] INFO ConfigurationProperties - p:executorjar= ./lib/jtestex7.jar
[7263] INFO ConfigurationProperties - p:maxGeneration= 1000000
[7263] INFO ConfigurationProperties - p:max_synthesis_step= 10000
[7263] INFO ConfigurationProperties - p:projectinfocommand= com.github.tdurieux:project-config-maven-plugin:info
[7263] INFO ConfigurationProperties - p:maxVarCombination= 1000
[7263] INFO ConfigurationProperties - p:maxtime= 120
[7263] INFO ConfigurationProperties - p:evosuitejar= ./lib/evosuite-master-1.0.4-SNAPSHOT.jar
[7263] INFO ConfigurationProperties - p:jvmversion= 1.8.0_342
[7263] INFO ConfigurationProperties - p:commandTrunk= 50000
[7263] INFO ConfigurationProperties - p:faultlocalization= perfect
[7263] INFO ConfigurationProperties - p:resetmodel= true
[7263] INFO ConfigurationProperties - p:maxsuspcandidates= 1000
[7263] INFO ConfigurationProperties - p:mode= jMutRepair
[7263] INFO ConfigurationProperties - p:learningdir= 
[7263] INFO ConfigurationProperties - p:jvm4evosuitetestexecution= /usr/lib/jvm/java-8-openjdk-amd64/bin
[7263] INFO ConfigurationProperties - p:filterfaultlocalization= true
[7263] INFO ConfigurationProperties - p:mutationrate= 1 
[7263] INFO ConfigurationProperties - p:pathToMVNRepository= 
[7263] INFO ConfigurationProperties - p:resourcesfolder= /src/main/resources:/src/test/resources:
[7263] INFO ConfigurationProperties - p:timezone= America/Los_Angeles
[7263] INFO ConfigurationProperties - p:runjava7code= false
[7263] INFO ConfigurationProperties - p:testfailingcmd= mvn test -pl main -Dtest=com.google.refine.tests.importing.ImportingUtilitiesTests#testZipSlip -Dhttps.protocols=TLSv1.2 -Denforcer.skip=true -Dcheckstyle.skip=true -Dcobertura.skip=true -DskipITs=true -Drat.skip=true -Dlicense.skip=true -Dpmd.skip=true -Dfindbugs.skip=true -Dgpg.skip=true -Dskip.npm=true -Dskip.gulp=true -Dskip.bower=true -Danimal.sniffer.skip=true -V -B
[7263] INFO ConfigurationProperties - p:evoRunOnBuggyClass= true
[7263] INFO ConfigurationProperties - p:compiler= fr.inria.astor.core.manipulation.bytecode.compiler.SpoonClassCompiler
[7263] INFO ConfigurationProperties - p:limitbysuspicious= true
[7263] INFO ConfigurationProperties - p:logsattemps= true
[7263] INFO ConfigurationProperties - p:dependenciespath= /root/.m2/repository/stax/stax-api/1.0.1/stax-api-1.0.1.jar:/root/.m2/repository/org/apache/jena/jena-dboe-index/3.6.0/jena-dboe-index-3.6.0.jar:/root/.m2/repository/net/bytebuddy/byte-buddy/1.6.14/byte-buddy-1.6.14.jar:/root/.m2/repository/org/slf4j/jcl-over-slf4j/1.7.25/jcl-over-slf4j-1.7.25.jar:/root/.m2/repository/commons-validator/commons-validator/1.5.1/commons-validator-1.5.1.jar:/root/.m2/repository/edu/mit/simile/vicino/1.1/vicino-1.1.jar:/root/.m2/repository/com/wcohen/secondstring/20100303/secondstring-20100303.jar:/root/.m2/repository/org/powermock/powermock-api-support/1.7.1/powermock-api-support-1.7.1.jar:/root/.m2/repository/org/apache/poi/poi-ooxml/3.8/poi-ooxml-3.8.jar:/root/.m2/repository/org/slf4j/slf4j-log4j12/1.7.18/slf4j-log4j12-1.7.18.jar:/root/.m2/repository/org/apache/httpcomponents/httpcore/4.4.9/httpcore-4.4.9.jar:/root/.m2/repository/com/github/andrewoma/dexx/collection/0.7/collection-0.7.jar:/root/.m2/repository/org/mozilla/rhino/1.7.10/rhino-1.7.10.jar:/root/.m2/repository/org/apache/odftoolkit/taglets/0.8.8-incubating/taglets-0.8.8-incubating.jar:/root/.m2/repository/commons-collections/commons-collections/3.2.2/commons-collections-3.2.2.jar:/root/.m2/repository/org/apache/jena/jena-dboe-base/3.6.0/jena-dboe-base-3.6.0.jar:/root/.m2/repository/oauth/signpost/signpost-core/1.2.1.2/signpost-core-1.2.1.2.jar:/root/.m2/repository/org/apache/commons/commons-lang3/3.6/commons-lang3-3.6.jar:/root/.m2/repository/dom4j/dom4j/1.6.1/dom4j-1.6.1.jar:/root/.m2/repository/org/apache/jena/jena-tdb2/3.6.0/jena-tdb2-3.6.0.jar:/root/.m2/repository/commons-digester/commons-digester/1.8.1/commons-digester-1.8.1.jar:/root/.m2/repository/com/fasterxml/jackson/core/jackson-core/2.9.7/jackson-core-2.9.7.jar:/root/.m2/repository/commons-fileupload/commons-fileupload/1.2.1/commons-fileupload-1.2.1.jar:/root/.m2/repository/commons-beanutils/commons-beanutils/1.8.0/commons-beanutils-1.8.0.jar:/root/.m2/repository/org/apache/xmlbeans/xmlbeans/2.3.0/xmlbeans-2.3.0.jar:/root/.m2/repository/org/apache/jena/jena-core/3.6.0/jena-core-3.6.0.jar:/root/.m2/repository/org/powermock/powermock-api-mockito-common/1.7.1/powermock-api-mockito-common-1.7.1.jar:/root/.m2/repository/org/apache/odftoolkit/odfdom-java/0.8.8-incubating/odfdom-java-0.8.8-incubating.jar:/root/.m2/repository/org/apache/ant/ant-launcher/1.8.0/ant-launcher-1.8.0.jar:/root/.m2/repository/org/javassist/javassist/3.21.0-GA/javassist-3.21.0-GA.jar:/root/.m2/repository/org/apache/ant/ant/1.8.0/ant-1.8.0.jar:/root/.m2/repository/org/mockito/mockito-core/2.8.9/mockito-core-2.8.9.jar:/root/.m2/repository/org/powermock/powermock-module-junit4/1.7.1/powermock-module-junit4-1.7.1.jar:/root/.m2/repository/org/powermock/powermock-module-junit4-common/1.7.1/powermock-module-junit4-common-1.7.1.jar:/root/.m2/repository/commons-codec/commons-codec/1.5/commons-codec-1.5.jar:/root/.m2/repository/oauth/signpost/signpost-commonshttp4/1.2.1.2/signpost-commonshttp4-1.2.1.2.jar:/root/.m2/repository/org/apache/thrift/libthrift/0.10.0/libthrift-0.10.0.jar:/root/.m2/repository/de/fau/cs/osr/utils/utils/3.0.8/utils-3.0.8.jar:/root/.m2/repository/javax/servlet/servlet-api/2.5/servlet-api-2.5.jar:/root/.m2/repository/com/fasterxml/jackson/core/jackson-annotations/2.9.7/jackson-annotations-2.9.7.jar:/root/.m2/repository/com/github/jsonld-java/jsonld-java/0.11.1/jsonld-java-0.11.1.jar:/root/.m2/repository/com/fasterxml/jackson/core/jackson-databind/2.9.7/jackson-databind-2.9.7.jar:/root/.m2/repository/org/beanshell/bsh/2.0b4/bsh-2.0b4.jar:/root/.m2/repository/edu/mit/simile/butterfly/1.0.1/butterfly-1.0.1.jar:/root/.m2/repository/org/powermock/powermock-core/1.7.1/powermock-core-1.7.1.jar:/root/.m2/repository/org/clojure/clojure/1.5.1/clojure-1.5.1.jar:/root/.m2/repository/org/sweble/wikitext/swc-parser-lazy/3.1.7/swc-parser-lazy-3.1.7.jar:/root/.m2/repository/org/apache/jena/jena-arq/3.6.0/jena-arq-3.6.0.jar:/root/.m2/repository/org/testng/testng/6.9.10/testng-6.9.10.jar:/root/.m2/repository/marc4j/marc4j/2.4/marc4j-2.4.jar:/root/.m2/repository/commons-cli/commons-cli/1.4/commons-cli-1.4.jar:/root/.m2/repository/xtc/rats-runtime/1.15.0/rats-runtime-1.15.0.jar:/root/.m2/repository/org/apache/jena/jena-shaded-guava/3.6.0/jena-shaded-guava-3.6.0.jar:/root/.m2/repository/com/colloquial/arithcode/1.1/arithcode-1.1.jar:/root/.m2/repository/commons-io/commons-io/1.4/commons-io-1.4.jar:/root/.m2/repository/org/powermock/powermock-api-mockito2/1.7.1/powermock-api-mockito2-1.7.1.jar:/root/.m2/repository/org/hamcrest/hamcrest-core/1.3/hamcrest-core-1.3.jar:/root/.m2/repository/org/jsoup/jsoup/1.11.3/jsoup-1.11.3.jar:/root/.m2/repository/xerces/xercesImpl/2.9.1/xercesImpl-2.9.1.jar:/root/.m2/repository/org/slf4j/slf4j-api/1.7.18/slf4j-api-1.7.18.jar:/root/.m2/repository/com/beust/jcommander/1.48/jcommander-1.48.jar:/root/.m2/repository/de/fau/cs/osr/ptk/ptk-common/3.0.8/ptk-common-3.0.8.jar:/root/.m2/repository/org/powermock/powermock-reflect/1.7.1/powermock-reflect-1.7.1.jar:/root/.m2/repository/velocity/velocity/1.5/velocity-1.5.jar:/root/.m2/repository/org/apache/poi/poi-ooxml-schemas/3.8/poi-ooxml-schemas-3.8.jar:/root/.m2/repository/net/sf/opencsv/opencsv/2.4-SNAPSHOT/opencsv-2.4-SNAPSHOT.jar:/root/.m2/repository/net/bytebuddy/byte-buddy-agent/1.6.14/byte-buddy-agent-1.6.14.jar:/root/.m2/repository/org/apache/jena/jena-rdfconnection/3.6.0/jena-rdfconnection-3.6.0.jar:/root/.m2/repository/com/google/guava/guava/19.0/guava-19.0.jar:/root/.m2/repository/log4j/log4j/1.2.17/log4j-1.2.17.jar:/root/.m2/repository/com/metaweb/lessen/1.0/lessen-1.0.jar:/root/.m2/repository/commons-lang/commons-lang/2.1/commons-lang-2.1.jar:/root/.m2/repository/org/apache/jena/jena-dboe-trans-data/3.6.0/jena-dboe-trans-data-3.6.0.jar:/root/.m2/repository/org/objenesis/objenesis/2.5/objenesis-2.5.jar:/root/.m2/repository/org/apache/httpcomponents/httpclient/4.5.5/httpclient-4.5.5.jar:/root/.m2/repository/xml-apis/xml-apis/1.0.b2/xml-apis-1.0.b2.jar:/root/.m2/repository/org/apache/httpcomponents/httpclient-cache/4.5.3/httpclient-cache-4.5.3.jar:/root/.m2/repository/org/apache/jena/jena-base/3.6.0/jena-base-3.6.0.jar:/root/.m2/repository/org/apache/jena/jena-dboe-transaction/3.6.0/jena-dboe-transaction-3.6.0.jar:/root/.m2/repository/org/apache/jena/jena-iri/3.6.0/jena-iri-3.6.0.jar:/root/.m2/repository/commons-logging/commons-logging/1.1.1/commons-logging-1.1.1.jar:/root/.m2/repository/org/apache/poi/poi/3.8/poi-3.8.jar:/root/.m2/repository/org/apache/jena/jena-tdb/3.6.0/jena-tdb-3.6.0.jar:/root/.m2/repository/junit/junit/4.12/junit-4.12.jar:/root/.m2/repository/oro/oro/2.0.8/oro-2.0.8.jar:/root/.m2/repository/joda-time/joda-time/2.9.9/joda-time-2.9.9.jar:/root/.m2/repository/org/apache/jena/jena-cmds/3.6.0/jena-cmds-3.6.0.jar:/root/.m2/repository/org/apache/commons/commons-csv/1.5/commons-csv-1.5.jar
[7263] INFO ConfigurationProperties - p:packageToInstrument= 
[7263] INFO ConfigurationProperties - p:skipfaultlocalization= false
[7263] INFO ConfigurationProperties - p:scope= local
[7263] INFO ConfigurationProperties - p:transformingredient= false
[7263] INFO ConfigurationProperties - p:fitnessfunction= fr.inria.astor.core.solutionsearch.population.TestCaseFitnessFunction
[7263] INFO ConfigurationProperties - p:maxnumvariablesperingredient= 10
[7263] INFO ConfigurationProperties - p:parsesourcefromoriginal= true
[7263] INFO ConfigurationProperties - p:pvariantfoldername= variant-
[7263] INFO ConfigurationProperties - p:savespoonmodelondisk= false
[7263] INFO ConfigurationProperties - p:srcjavafolder= main/src
[7264] INFO ConfigurationProperties - p:populationcontroller= fr.inria.astor.core.solutionsearch.population.TestCaseBasedFitnessPopulationController
[7264] INFO ConfigurationProperties - p:ignoreflakyinfl= false
[7264] INFO ConfigurationProperties - p:cleantemplates= true
[7264] INFO ConfigurationProperties - p:applyCrossover= false
[7264] INFO ConfigurationProperties - p:maxmodificationpoints= 1000
[7264] INFO ConfigurationProperties - p:duplicateingredientsinspace= false
[7264] INFO ConfigurationProperties - p:metid= 0
[7264] INFO ConfigurationProperties - p:continuewhenmodelfail= true
[7264] INFO ConfigurationProperties - p:saveall= false
[7264] INFO ConfigurationProperties - p:seed= 0
[7264] INFO ConfigurationProperties - p:savecompletepatched= true
[7264] INFO ConfigurationProperties - p:resetoperations= false
[7264] INFO ConfigurationProperties - p:keepcomments= false
[7264] INFO ConfigurationProperties - p:processoutputinfile= false
[7264] INFO ConfigurationProperties - p:location= .
[7264] INFO ConfigurationProperties - p:probabilistictransformation= true
[7264] INFO ConfigurationProperties - p:overridemaxtime= true
[7264] INFO ConfigurationProperties - p:outputjsonresult= true
[7264] INFO ConfigurationProperties - p:allpoints= false
[7264] INFO ConfigurationProperties - p:antipattern= false
[7264] INFO ConfigurationProperties - p:bugId= 280
[7264] INFO ConfigurationProperties - p:evosuitetimeout= 120
[7264] INFO ConfigurationProperties - p:maxtimefactor= 10
[7264] INFO ConfigurationProperties - p:nrPlaceholders= 1
[7264] INFO ConfigurationProperties - p:testallcmd= mvn test -pl main -Dhttps.protocols=TLSv1.2 -Denforcer.skip=true -Dcheckstyle.skip=true -Dcobertura.skip=true -DskipITs=true -Drat.skip=true -Dlicense.skip=true -Dpmd.skip=true -Dfindbugs.skip=true -Dgpg.skip=true -Dskip.npm=true -Dskip.gulp=true -Dskip.bower=true -Danimal.sniffer.skip=true -V -B
[7264] INFO ConfigurationProperties - p:forcesubprocesskilling= false
[7264] INFO ConfigurationProperties - ----------------------------
[7264] INFO AstorCoreEngine - Time Repair Loop (s): 0.0
[7265] INFO AstorCoreEngine - generationsexecuted: 1
[7265] WARN AstorCoreEngine - ----SUMMARY_EXECUTION---
[7265] WARN AstorCoreEngine - End Repair Search: NOT Found solution
[7265] WARN AstorCoreEngine - Number suspicious:1
[7266] INFO AstorCoreEngine - 
 --SOLUTIONS DESCRIPTION--


Astor Output:

General stats:
EXECUTION_IDENTIFIER=OpenRefine_OpenRefine-VUL4J-65
TOTAL_TIME=0.0
NR_GENERATIONS=null
NR_RIGHT_COMPILATIONS=null
NR_FAILLING_COMPILATIONS=null
NR_ERRONEOUS_VARIANCES=null
NR_FAILING_VALIDATION_PROCESS=null
OUTPUT_STATUS=EXHAUSTIVE_NAVIGATED

Patch stats:

[7272] INFO Stats - Storing ing JSON at /workdir/jMutRepair_vul4j_OpenRefine_OpenRefine_VUL4J-65/./output_astor/AstorMain-OpenRefine_OpenRefine-VUL4J-65//astor_output.json
[7272] INFO Stats - astor_output:
{"general":{"NR_RIGHT_COMPILATIONS":null,"NR_ERRONEOUS_VARIANCES":null,"EXECUTION_IDENTIFIER":"OpenRefine_OpenRefine-VUL4J-65","OUTPUT_STATUS":"EXHAUSTIVE_NAVIGATED","NR_FAILLING_COMPILATIONS":null,"NR_GENERATIONS":null,"TOTAL_TIME":0.0,"NR_FAILING_VALIDATION_PROCESS":null},"patches":[]}
[7272] INFO AstorMain - Time Total(s): 7.266
13.42user 0.71system 0:07.53elapsed 187%CPU (0avgtext+0avgdata 634540maxresident)k
104inputs+62472outputs (0major+173761minor)pagefaults 0swaps


Node: 2c8178711f7b



Date: Tue Nov 29 07:43:05 EST 2022

