cd /workdir/Arja_vul4j_apache_commons-imaging_VUL4J-12;
export JAVA_TOOL_OPTIONS="-Dfile.encoding=UTF8 -Duser.language=en-US -Duser.country=US -Duser.language=en";
TZ="America/New_York"; export TZ;
export PATH="/usr/lib/jvm/jdk1.7.0_80/bin:$PATH";
export JAVA_HOME="/usr/lib/jvm/jdk1.7.0_80";
timeout 240m java -Xmx4g -Xms1g -XX:MaxPermSize=512m -cp /script/../libs/jmetal.jar:/script/../repair_tools/arja.jar us.msu.cse.repair.Main \
	Arja \
	-DexternalProjRoot /script/../libs/arja_external \
	-DprojectDir /workdir/Arja_vul4j_apache_commons-imaging_VUL4J-12 \
    -DtestFiltered false \
    -DrunTestCommand "mvn test -Dhttps.protocols=TLSv1.2 -Denforcer.skip=true -Dcheckstyle.skip=true -Dcobertura.skip=true -DskipITs=true -Drat.skip=true -Dlicense.skip=true -Dpmd.skip=true -Dfindbugs.skip=true -Dgpg.skip=true -Dskip.npm=true -Dskip.gulp=true -Dskip.bower=true -Danimal.sniffer.skip=true -V -B" \
	-DsrcJavaDir /workdir/Arja_vul4j_apache_commons-imaging_VUL4J-12/src/main/java \
	-DbinJavaDir /workdir/Arja_vul4j_apache_commons-imaging_VUL4J-12/target/classes \
	-DbinTestDir /workdir/Arja_vul4j_apache_commons-imaging_VUL4J-12/target/test-classes \
	-DdiffFormat true \
	-Dseed 0 \
	-DgzoltarDataDir /script/../data/benchmarks/vul4j/perfectfl/VUL4J-12 \
	-Ddependences /root/.m2/repository/commons-io/commons-io/2.6/commons-io-2.6.jar:/root/.m2/repository/junit/junit/4.12/junit-4.12.jar:/root/.m2/repository/org/hamcrest/hamcrest-core/1.3/hamcrest-core-1.3.jar;
	echo "\n\nNode: `hostname`\n";
	echo "\n\nDate: `date`\n";
Picked up JAVA_TOOL_OPTIONS: -Dfile.encoding=UTF8 -Duser.language=en-US -Duser.country=US -Duser.language=en
Fault localization starts...
Number of positive tests: 561
Number of negative tests: 1
Negative tests: [org.apache.commons.imaging.formats.jpeg.decoder.JpegDecoderTest#testDecodeBadFile]
Faulty Lines: 
org.apache.commons.imaging.formats.jpeg.decoder.JpegDecoder#403:1.0
Fault localization is finished!
AST parsing starts...
AST parsing is finished!
Detection of local variables starts...
Detection of local variables is finished!
Detection of fields starts...
Detection of fields is finished!
Detection of methods starts...
Detection of methods is finished!
Ingredient screener starts...
Ingredient screener is finished!
Initialization of manipulations starts...
Initialization of manipulations is finished!
Filtering of the tests starts...
Number of positive tests considered: 561
Filtering of the tests is finished!
----------------------------------
Patch Candidate:
@@ -400,10 +400,6 @@ public class JpegDecoder extends BinaryFileParser implements JpegUtils.Visitor {
private int extend(int v, final int t) {
// "EXTEND", section F.2.2.1, figure F.12, page 105 of T.81
int vt = (1 << (t - 1));
-        while (v < vt) {
-            vt = (-1 << t) + 1;
-            v += vt;
-        }
return v;
}

Number of failed tests: 0, 0
Weighted failure rate: 0.0
----------------------------------
Patch Candidate:
@@ -400,10 +400,6 @@ public class JpegDecoder extends BinaryFileParser implements JpegUtils.Visitor {
private int extend(int v, final int t) {
// "EXTEND", section F.2.2.1, figure F.12, page 105 of T.81
int vt = (1 << (t - 1));
-        while (v < vt) {
-            vt = (-1 << t) + 1;
-            v += vt;
-        }
return v;
}

Number of failed tests: 0, 0
Weighted failure rate: 0.0
----------------------------------
Patch Candidate:
@@ -400,10 +400,6 @@ public class JpegDecoder extends BinaryFileParser implements JpegUtils.Visitor {
private int extend(int v, final int t) {
// "EXTEND", section F.2.2.1, figure F.12, page 105 of T.81
int vt = (1 << (t - 1));
-        while (v < vt) {
-            vt = (-1 << t) + 1;
-            v += vt;
-        }
return v;
}

Number of failed tests: 0, 0
Weighted failure rate: 0.0
----------------------------------
Patch Candidate:
@@ -400,10 +400,6 @@ public class JpegDecoder extends BinaryFileParser implements JpegUtils.Visitor {
private int extend(int v, final int t) {
// "EXTEND", section F.2.2.1, figure F.12, page 105 of T.81
int vt = (1 << (t - 1));
-        while (v < vt) {
-            vt = (-1 << t) + 1;
-            v += vt;
-        }
return v;
}

Number of failed tests: 0, 0
Weighted failure rate: 0.0
----------------------------------
Patch Candidate:
@@ -400,10 +400,6 @@ public class JpegDecoder extends BinaryFileParser implements JpegUtils.Visitor {
private int extend(int v, final int t) {
// "EXTEND", section F.2.2.1, figure F.12, page 105 of T.81
int vt = (1 << (t - 1));
-        while (v < vt) {
-            vt = (-1 << t) + 1;
-            v += vt;
-        }
return v;
}

Number of failed tests: 0, 0
Weighted failure rate: 0.0
----------------------------------
Patch Candidate:
@@ -400,10 +400,6 @@ public class JpegDecoder extends BinaryFileParser implements JpegUtils.Visitor {
private int extend(int v, final int t) {
// "EXTEND", section F.2.2.1, figure F.12, page 105 of T.81
int vt = (1 << (t - 1));
-        while (v < vt) {
-            vt = (-1 << t) + 1;
-            v += vt;
-        }
return v;
}

Number of failed tests: 0, 0
Weighted failure rate: 0.0
----------------------------------
Patch Candidate:
@@ -400,10 +400,6 @@ public class JpegDecoder extends BinaryFileParser implements JpegUtils.Visitor {
private int extend(int v, final int t) {
// "EXTEND", section F.2.2.1, figure F.12, page 105 of T.81
int vt = (1 << (t - 1));
-        while (v < vt) {
-            vt = (-1 << t) + 1;
-            v += vt;
-        }
return v;
}

Number of failed tests: 0, 0
Weighted failure rate: 0.0
----------------------------------
Patch Candidate:
@@ -400,10 +400,6 @@ public class JpegDecoder extends BinaryFileParser implements JpegUtils.Visitor {
private int extend(int v, final int t) {
// "EXTEND", section F.2.2.1, figure F.12, page 105 of T.81
int vt = (1 << (t - 1));
-        while (v < vt) {
-            vt = (-1 << t) + 1;
-            v += vt;
-        }
return v;
}

Number of failed tests: 0, 0
Weighted failure rate: 0.0
----------------------------------
Patch Candidate:
@@ -400,10 +400,6 @@ public class JpegDecoder extends BinaryFileParser implements JpegUtils.Visitor {
private int extend(int v, final int t) {
// "EXTEND", section F.2.2.1, figure F.12, page 105 of T.81
int vt = (1 << (t - 1));
-        while (v < vt) {
-            vt = (-1 << t) + 1;
-            v += vt;
-        }
return v;
}

Number of failed tests: 0, 0
Weighted failure rate: 0.0
----------------------------------
Patch Candidate:
@@ -400,10 +400,6 @@ public class JpegDecoder extends BinaryFileParser implements JpegUtils.Visitor {
private int extend(int v, final int t) {
// "EXTEND", section F.2.2.1, figure F.12, page 105 of T.81
int vt = (1 << (t - 1));
-        while (v < vt) {
-            vt = (-1 << t) + 1;
-            v += vt;
-        }
return v;
}

Number of failed tests: 0, 0
Weighted failure rate: 0.0
----------------------------------
Patch Candidate:
@@ -400,10 +400,6 @@ public class JpegDecoder extends BinaryFileParser implements JpegUtils.Visitor {
private int extend(int v, final int t) {
// "EXTEND", section F.2.2.1, figure F.12, page 105 of T.81
int vt = (1 << (t - 1));
-        while (v < vt) {
-            vt = (-1 << t) + 1;
-            v += vt;
-        }
return v;
}

Number of failed tests: 0, 0
Weighted failure rate: 0.0
----------------------------------
Patch Candidate:
@@ -400,10 +400,6 @@ public class JpegDecoder extends BinaryFileParser implements JpegUtils.Visitor {
private int extend(int v, final int t) {
// "EXTEND", section F.2.2.1, figure F.12, page 105 of T.81
int vt = (1 << (t - 1));
-        while (v < vt) {
-            vt = (-1 << t) + 1;
-            v += vt;
-        }
return v;
}

Number of failed tests: 0, 0
Weighted failure rate: 0.0
----------------------------------
Patch Candidate:
@@ -400,10 +400,6 @@ public class JpegDecoder extends BinaryFileParser implements JpegUtils.Visitor {
private int extend(int v, final int t) {
// "EXTEND", section F.2.2.1, figure F.12, page 105 of T.81
int vt = (1 << (t - 1));
-        while (v < vt) {
-            vt = (-1 << t) + 1;
-            v += vt;
-        }
return v;
}

Number of failed tests: 0, 0
Weighted failure rate: 0.0
----------------------------------
Patch Candidate:
@@ -400,10 +400,6 @@ public class JpegDecoder extends BinaryFileParser implements JpegUtils.Visitor {
private int extend(int v, final int t) {
// "EXTEND", section F.2.2.1, figure F.12, page 105 of T.81
int vt = (1 << (t - 1));
-        while (v < vt) {
-            vt = (-1 << t) + 1;
-            v += vt;
-        }
return v;
}

Number of failed tests: 0, 0
Weighted failure rate: 0.0
----------------------------------
Patch Candidate:
@@ -400,10 +400,6 @@ public class JpegDecoder extends BinaryFileParser implements JpegUtils.Visitor {
private int extend(int v, final int t) {
// "EXTEND", section F.2.2.1, figure F.12, page 105 of T.81
int vt = (1 << (t - 1));
-        while (v < vt) {
-            vt = (-1 << t) + 1;
-            v += vt;
-        }
return v;
}

Number of failed tests: 0, 0
Weighted failure rate: 0.0
----------------------------------
Patch Candidate:
@@ -400,10 +400,6 @@ public class JpegDecoder extends BinaryFileParser implements JpegUtils.Visitor {
private int extend(int v, final int t) {
// "EXTEND", section F.2.2.1, figure F.12, page 105 of T.81
int vt = (1 << (t - 1));
-        while (v < vt) {
-            vt = (-1 << t) + 1;
-            v += vt;
-        }
return v;
}

Number of failed tests: 0, 0
Weighted failure rate: 0.0
----------------------------------
Patch Candidate:
@@ -400,10 +400,6 @@ public class JpegDecoder extends BinaryFileParser implements JpegUtils.Visitor {
private int extend(int v, final int t) {
// "EXTEND", section F.2.2.1, figure F.12, page 105 of T.81
int vt = (1 << (t - 1));
-        while (v < vt) {
-            vt = (-1 << t) + 1;
-            v += vt;
-        }
return v;
}

Number of failed tests: 0, 0
Weighted failure rate: 0.0
----------------------------------
Patch Candidate:
@@ -400,10 +400,6 @@ public class JpegDecoder extends BinaryFileParser implements JpegUtils.Visitor {
private int extend(int v, final int t) {
// "EXTEND", section F.2.2.1, figure F.12, page 105 of T.81
int vt = (1 << (t - 1));
-        while (v < vt) {
-            vt = (-1 << t) + 1;
-            v += vt;
-        }
return v;
}

Number of failed tests: 0, 0
Weighted failure rate: 0.0
----------------------------------
Patch Candidate:
@@ -400,10 +400,6 @@ public class JpegDecoder extends BinaryFileParser implements JpegUtils.Visitor {
private int extend(int v, final int t) {
// "EXTEND", section F.2.2.1, figure F.12, page 105 of T.81
int vt = (1 << (t - 1));
-        while (v < vt) {
-            vt = (-1 << t) + 1;
-            v += vt;
-        }
return v;
}

Number of failed tests: 0, 0
Weighted failure rate: 0.0
----------------------------------
Patch Candidate:
@@ -400,10 +400,6 @@ public class JpegDecoder extends BinaryFileParser implements JpegUtils.Visitor {
private int extend(int v, final int t) {
// "EXTEND", section F.2.2.1, figure F.12, page 105 of T.81
int vt = (1 << (t - 1));
-        while (v < vt) {
-            vt = (-1 << t) + 1;
-            v += vt;
-        }
return v;
}

Number of failed tests: 0, 0
Weighted failure rate: 0.0
----------------------------------
Patch Candidate:
@@ -400,10 +400,6 @@ public class JpegDecoder extends BinaryFileParser implements JpegUtils.Visitor {
private int extend(int v, final int t) {
// "EXTEND", section F.2.2.1, figure F.12, page 105 of T.81
int vt = (1 << (t - 1));
-        while (v < vt) {
-            vt = (-1 << t) + 1;
-            v += vt;
-        }
return v;
}



Node: b97f25038321



Date: Fri Sep 16 15:32:02 EDT 2022

