cd /workdir/jKali_vul4j_opennetworkinglab_onos_VUL4J-63;
export JAVA_TOOL_OPTIONS="-Dfile.encoding=UTF8 -Duser.language=en-US -Duser.country=US -Duser.language=en";
TZ="America/New_York"; export TZ;
export PATH="/usr/lib/jvm/java-8-openjdk-amd64/bin:$PATH";
export JAVA_HOME="/usr/lib/jvm/java-8-openjdk-amd64/bin";
time java -Xmx4g -Xms1g -XX:MaxPermSize=512m -cp /script/../libs/jtestex7.jar:/script/../repair_tools/astor.jar fr.inria.main.evolution.AstorMain \
	-mode jkali \
	-location . \
	-id opennetworkinglab_onos-VUL4J-63 \
	-failing org.onosproject.ovsdb.rfc.utils.VersionUtilTest#testVersionCompare \
	-jvm4testexecution /usr/lib/jvm/java-8-openjdk-amd64/bin \
	-jvm4evosuitetestexecution /usr/lib/jvm/java-8-openjdk-amd64/bin \
	-maxgen 1000000 \
	-maxtime 120 \
	-stopfirst true \
	-seed 0 \
	-scope local \
	-population 1 \
	-javacompliancelevel 8 \
	-faultlocalization perfect \
    -perfectdata /script/../data/benchmarks/vul4j/perfectfl/VUL4J-63 \
    -validation externalcmd \
    -testfailingcmd "mvn test -pl protocols/ovsdb/rfc -Dtest=org.onosproject.ovsdb.rfc.utils.VersionUtilTest#testVersionCompare -Dhttps.protocols=TLSv1.2 -Denforcer.skip=true -Dcheckstyle.skip=true -Dcobertura.skip=true -DskipITs=true -Drat.skip=true -Dlicense.skip=true -Dpmd.skip=true -Dfindbugs.skip=true -Dgpg.skip=true -Dskip.npm=true -Dskip.gulp=true -Dskip.bower=true -Danimal.sniffer.skip=true -V -B" \
    -testallcmd "mvn test -pl protocols/ovsdb/rfc -Dhttps.protocols=TLSv1.2 -Denforcer.skip=true -Dcheckstyle.skip=true -Dcobertura.skip=true -DskipITs=true -Drat.skip=true -Dlicense.skip=true -Dpmd.skip=true -Dfindbugs.skip=true -Dgpg.skip=true -Dskip.npm=true -Dskip.gulp=true -Dskip.bower=true -Danimal.sniffer.skip=true -V -B"  \ \
	-srcjavafolder protocols/ovsdb/rfc/src/main/java \
	-srctestfolder protocols/ovsdb/rfc/src/test/java \
	-binjavafolder protocols/ovsdb/rfc/target/classes \
	-bintestfolder protocols/ovsdb/rfc/target/test-classes \
	-parameters x:x \
	-dependencies /workdir/jKali_vul4j_opennetworkinglab_onos_VUL4J-63/protocols/ovsdb/rfc/target/classes:/root/.m2/repository/com/fasterxml/jackson/core/jackson-annotations/2.9.5/jackson-annotations-2.9.5.jar:/root/.m2/repository/io/netty/netty-codec/4.1.8.Final/netty-codec-4.1.8.Final.jar:/root/.m2/repository/commons-pool/commons-pool/1.6/commons-pool-1.6.jar:/root/.m2/repository/com/fasterxml/jackson/core/jackson-core/2.9.5/jackson-core-2.9.5.jar:/root/.m2/repository/com/spotify/hamcrest-optional/1.1.0/hamcrest-optional-1.1.0.jar:/root/.m2/repository/org/ow2/asm/asm/5.0.4/asm-5.0.4.jar:/root/.m2/repository/com/esotericsoftware/reflectasm/1.11.3/reflectasm-1.11.3.jar:/root/.m2/repository/com/google/errorprone/error_prone_annotations/2.0.18/error_prone_annotations-2.0.18.jar:/root/.m2/repository/org/hamcrest/hamcrest-core/1.3/hamcrest-core-1.3.jar:/root/.m2/repository/io/netty/netty-transport/4.1.8.Final/netty-transport-4.1.8.Final.jar:/root/.m2/repository/io/netty/netty-common/4.1.8.Final/netty-common-4.1.8.Final.jar:/root/.m2/repository/io/netty/netty/3.10.5.Final/netty-3.10.5.Final.jar:/root/.m2/repository/org/apache/karaf/features/org.apache.karaf.features.core/3.0.8/org.apache.karaf.features.core-3.0.8.jar:/root/.m2/repository/org/onosproject/onlab-misc/1.14.0-SNAPSHOT/onlab-misc-1.14.0-SNAPSHOT.jar:/root/.m2/repository/com/esotericsoftware/minlog/1.3.0/minlog-1.3.0.jar:/root/.m2/repository/commons-collections/commons-collections/3.2.2/commons-collections-3.2.2.jar:/root/.m2/repository/com/eclipsesource/minimal-json/minimal-json/0.9.4/minimal-json-0.9.4.jar:/root/.m2/repository/org/hamcrest/java-hamcrest/2.0.0.0/java-hamcrest-2.0.0.0.jar:/root/.m2/repository/org/codehaus/mojo/animal-sniffer-annotations/1.14/animal-sniffer-annotations-1.14.jar:/root/.m2/repository/io/netty/netty-buffer/4.1.8.Final/netty-buffer-4.1.8.Final.jar:/root/.m2/repository/org/apache/karaf/system/org.apache.karaf.system.core/3.0.8/org.apache.karaf.system.core-3.0.8.jar:/root/.m2/repository/org/onosproject/onlab-junit/1.14.0-SNAPSHOT/onlab-junit-1.14.0-SNAPSHOT.jar:/root/.m2/repository/com/google/guava/guava/22.0/guava-22.0.jar:/root/.m2/repository/io/dropwizard/metrics/metrics-core/3.2.2/metrics-core-3.2.2.jar:/root/.m2/repository/com/google/j2objc/j2objc-annotations/1.1/j2objc-annotations-1.1.jar:/root/.m2/repository/io/netty/netty-resolver/4.1.8.Final/netty-resolver-4.1.8.Final.jar:/root/.m2/repository/org/hamcrest/hamcrest-library/1.3/hamcrest-library-1.3.jar:/root/.m2/repository/org/apache/felix/org.apache.felix.scr.annotations/1.9.12/org.apache.felix.scr.annotations-1.9.12.jar:/root/.m2/repository/commons-lang/commons-lang/2.6/commons-lang-2.6.jar:/root/.m2/repository/org/easymock/easymock/3.6/easymock-3.6.jar:/root/.m2/repository/org/objenesis/objenesis/2.6/objenesis-2.6.jar:/root/.m2/repository/com/google/guava/guava-testlib/22.0/guava-testlib-22.0.jar:/root/.m2/repository/org/apache/commons/commons-lang3/3.7/commons-lang3-3.7.jar:/root/.m2/repository/commons-io/commons-io/2.6/commons-io-2.6.jar:/root/.m2/repository/org/slf4j/slf4j-jdk14/1.7.21/slf4j-jdk14-1.7.21.jar:/root/.m2/repository/io/dropwizard/metrics/metrics-json/3.2.2/metrics-json-3.2.2.jar:/root/.m2/repository/org/osgi/org.osgi.core/5.0.0/org.osgi.core-5.0.0.jar:/root/.m2/repository/io/netty/netty-handler/4.1.8.Final/netty-handler-4.1.8.Final.jar:/root/.m2/repository/com/esotericsoftware/kryo/4.0.1/kryo-4.0.1.jar:/root/.m2/repository/junit/junit/4.12/junit-4.12.jar:/root/.m2/repository/commons-configuration/commons-configuration/1.10/commons-configuration-1.10.jar:/root/.m2/repository/org/hamcrest/hamcrest-junit/2.0.0.0/hamcrest-junit-2.0.0.0.jar:/root/.m2/repository/commons-logging/commons-logging/1.2/commons-logging-1.2.jar:/root/.m2/repository/org/apache/felix/org.apache.felix.scr/1.8.2/org.apache.felix.scr-1.8.2.jar:/root/.m2/repository/com/google/code/findbugs/jsr305/3.0.1/jsr305-3.0.1.jar:/root/.m2/repository/org/osgi/org.osgi.compendium/5.0.0/org.osgi.compendium-5.0.0.jar:/root/.m2/repository/org/slf4j/slf4j-api/1.7.21/slf4j-api-1.7.21.jar:/root/.m2/repository/com/fasterxml/jackson/core/jackson-databind/2.9.5/jackson-databind-2.9.5.jar;
	echo "\n\nNode: `hostname`\n";
	echo "\n\nDate: `date`\n";
Picked up JAVA_TOOL_OPTIONS: -Dfile.encoding=UTF8 -Duser.language=en-US -Duser.country=US -Duser.language=en
OpenJDK 64-Bit Server VM warning: ignoring option MaxPermSize=512m; support was removed in 8.0
[0] INFO ProjectConfiguration - Version of the JVM used: 1.8.0_342
[0] INFO main - Java version of the JDK used to run tests: 1.8.0_342
[0] INFO main - The compliance of the JVM is:  8
[5] INFO main - command line arguments: [-mode  jkali  -location  .  -id  opennetworkinglab_onos-VUL4J-63  -failing  org.onosproject.ovsdb.rfc.utils.VersionUtilTest#testVersionCompare  -jvm4testexecution  /usr/lib/jvm/java-8-openjdk-amd64/bin  -jvm4evosuitetestexecution  /usr/lib/jvm/java-8-openjdk-amd64/bin  -maxgen  1000000  -maxtime  120  -stopfirst  true  -seed  0  -scope  local  -population  1  -javacompliancelevel  8  -faultlocalization  perfect  -perfectdata  /script/../data/benchmarks/vul4j/perfectfl/VUL4J-63  -validation  externalcmd  -testfailingcmd  mvn test -pl protocols/ovsdb/rfc -Dtest=org.onosproject.ovsdb.rfc.utils.VersionUtilTest#testVersionCompare -Dhttps.protocols=TLSv1.2 -Denforcer.skip=true -Dcheckstyle.skip=true -Dcobertura.skip=true -DskipITs=true -Drat.skip=true -Dlicense.skip=true -Dpmd.skip=true -Dfindbugs.skip=true -Dgpg.skip=true -Dskip.npm=true -Dskip.gulp=true -Dskip.bower=true -Danimal.sniffer.skip=true -V -B  -testallcmd  mvn test -pl protocols/ovsdb/rfc -Dhttps.protocols=TLSv1.2 -Denforcer.skip=true -Dcheckstyle.skip=true -Dcobertura.skip=true -DskipITs=true -Drat.skip=true -Dlicense.skip=true -Dpmd.skip=true -Dfindbugs.skip=true -Dgpg.skip=true -Dskip.npm=true -Dskip.gulp=true -Dskip.bower=true -Danimal.sniffer.skip=true -V -B     -srcjavafolder  protocols/ovsdb/rfc/src/main/java  -srctestfolder  protocols/ovsdb/rfc/src/test/java  -binjavafolder  protocols/ovsdb/rfc/target/classes  -bintestfolder  protocols/ovsdb/rfc/target/test-classes  -parameters  x:x  -dependencies  /workdir/jKali_vul4j_opennetworkinglab_onos_VUL4J-63/protocols/ovsdb/rfc/target/classes:/root/.m2/repository/com/fasterxml/jackson/core/jackson-annotations/2.9.5/jackson-annotations-2.9.5.jar:/root/.m2/repository/io/netty/netty-codec/4.1.8.Final/netty-codec-4.1.8.Final.jar:/root/.m2/repository/commons-pool/commons-pool/1.6/commons-pool-1.6.jar:/root/.m2/repository/com/fasterxml/jackson/core/jackson-core/2.9.5/jackson-core-2.9.5.jar:/root/.m2/repository/com/spotify/hamcrest-optional/1.1.0/hamcrest-optional-1.1.0.jar:/root/.m2/repository/org/ow2/asm/asm/5.0.4/asm-5.0.4.jar:/root/.m2/repository/com/esotericsoftware/reflectasm/1.11.3/reflectasm-1.11.3.jar:/root/.m2/repository/com/google/errorprone/error_prone_annotations/2.0.18/error_prone_annotations-2.0.18.jar:/root/.m2/repository/org/hamcrest/hamcrest-core/1.3/hamcrest-core-1.3.jar:/root/.m2/repository/io/netty/netty-transport/4.1.8.Final/netty-transport-4.1.8.Final.jar:/root/.m2/repository/io/netty/netty-common/4.1.8.Final/netty-common-4.1.8.Final.jar:/root/.m2/repository/io/netty/netty/3.10.5.Final/netty-3.10.5.Final.jar:/root/.m2/repository/org/apache/karaf/features/org.apache.karaf.features.core/3.0.8/org.apache.karaf.features.core-3.0.8.jar:/root/.m2/repository/org/onosproject/onlab-misc/1.14.0-SNAPSHOT/onlab-misc-1.14.0-SNAPSHOT.jar:/root/.m2/repository/com/esotericsoftware/minlog/1.3.0/minlog-1.3.0.jar:/root/.m2/repository/commons-collections/commons-collections/3.2.2/commons-collections-3.2.2.jar:/root/.m2/repository/com/eclipsesource/minimal-json/minimal-json/0.9.4/minimal-json-0.9.4.jar:/root/.m2/repository/org/hamcrest/java-hamcrest/2.0.0.0/java-hamcrest-2.0.0.0.jar:/root/.m2/repository/org/codehaus/mojo/animal-sniffer-annotations/1.14/animal-sniffer-annotations-1.14.jar:/root/.m2/repository/io/netty/netty-buffer/4.1.8.Final/netty-buffer-4.1.8.Final.jar:/root/.m2/repository/org/apache/karaf/system/org.apache.karaf.system.core/3.0.8/org.apache.karaf.system.core-3.0.8.jar:/root/.m2/repository/org/onosproject/onlab-junit/1.14.0-SNAPSHOT/onlab-junit-1.14.0-SNAPSHOT.jar:/root/.m2/repository/com/google/guava/guava/22.0/guava-22.0.jar:/root/.m2/repository/io/dropwizard/metrics/metrics-core/3.2.2/metrics-core-3.2.2.jar:/root/.m2/repository/com/google/j2objc/j2objc-annotations/1.1/j2objc-annotations-1.1.jar:/root/.m2/repository/io/netty/netty-resolver/4.1.8.Final/netty-resolver-4.1.8.Final.jar:/root/.m2/repository/org/hamcrest/hamcrest-library/1.3/hamcrest-library-1.3.jar:/root/.m2/repository/org/apache/felix/org.apache.felix.scr.annotations/1.9.12/org.apache.felix.scr.annotations-1.9.12.jar:/root/.m2/repository/commons-lang/commons-lang/2.6/commons-lang-2.6.jar:/root/.m2/repository/org/easymock/easymock/3.6/easymock-3.6.jar:/root/.m2/repository/org/objenesis/objenesis/2.6/objenesis-2.6.jar:/root/.m2/repository/com/google/guava/guava-testlib/22.0/guava-testlib-22.0.jar:/root/.m2/repository/org/apache/commons/commons-lang3/3.7/commons-lang3-3.7.jar:/root/.m2/repository/commons-io/commons-io/2.6/commons-io-2.6.jar:/root/.m2/repository/org/slf4j/slf4j-jdk14/1.7.21/slf4j-jdk14-1.7.21.jar:/root/.m2/repository/io/dropwizard/metrics/metrics-json/3.2.2/metrics-json-3.2.2.jar:/root/.m2/repository/org/osgi/org.osgi.core/5.0.0/org.osgi.core-5.0.0.jar:/root/.m2/repository/io/netty/netty-handler/4.1.8.Final/netty-handler-4.1.8.Final.jar:/root/.m2/repository/com/esotericsoftware/kryo/4.0.1/kryo-4.0.1.jar:/root/.m2/repository/junit/junit/4.12/junit-4.12.jar:/root/.m2/repository/commons-configuration/commons-configuration/1.10/commons-configuration-1.10.jar:/root/.m2/repository/org/hamcrest/hamcrest-junit/2.0.0.0/hamcrest-junit-2.0.0.0.jar:/root/.m2/repository/commons-logging/commons-logging/1.2/commons-logging-1.2.jar:/root/.m2/repository/org/apache/felix/org.apache.felix.scr/1.8.2/org.apache.felix.scr-1.8.2.jar:/root/.m2/repository/com/google/code/findbugs/jsr305/3.0.1/jsr305-3.0.1.jar:/root/.m2/repository/org/osgi/org.osgi.compendium/5.0.0/org.osgi.compendium-5.0.0.jar:/root/.m2/repository/org/slf4j/slf4j-api/1.7.21/slf4j-api-1.7.21.jar:/root/.m2/repository/com/fasterxml/jackson/core/jackson-databind/2.9.5/jackson-databind-2.9.5.jar]
[7] INFO AstorMain - Running Astor on a JDK at /usr/lib/jvm/java-8-openjdk-amd64/jre
[22] INFO main - Source folders: [/workdir/jKali_vul4j_opennetworkinglab_onos_VUL4J-63/./protocols/ovsdb/rfc/src/main/java]
[23] INFO main - Source Test folders: [/workdir/jKali_vul4j_opennetworkinglab_onos_VUL4J-63/./protocols/ovsdb/rfc/src/test/java]
[553] INFO AstorCoreEngine - ---- Creating spoon model
[591] INFO MutationSupporter - Creating model,  Code location from working folder: /workdir/jKali_vul4j_opennetworkinglab_onos_VUL4J-63/./protocols/ovsdb/rfc/src/main/java
[592] INFO MutationSupporter - building model: /workdir/jKali_vul4j_opennetworkinglab_onos_VUL4J-63/./protocols/ovsdb/rfc/src/main/java, compliance level: 8
[644] INFO MutationSupporter - Classpath (Dependencies) for building SpoonModel: [/workdir/jKali_vul4j_opennetworkinglab_onos_VUL4J-63/protocols/ovsdb/rfc/target/classes/, /root/.m2/repository/com/fasterxml/jackson/core/jackson-annotations/2.9.5/jackson-annotations-2.9.5.jar, /root/.m2/repository/io/netty/netty-codec/4.1.8.Final/netty-codec-4.1.8.Final.jar, /root/.m2/repository/commons-pool/commons-pool/1.6/commons-pool-1.6.jar, /root/.m2/repository/com/fasterxml/jackson/core/jackson-core/2.9.5/jackson-core-2.9.5.jar, /root/.m2/repository/com/spotify/hamcrest-optional/1.1.0/hamcrest-optional-1.1.0.jar, /root/.m2/repository/org/ow2/asm/asm/5.0.4/asm-5.0.4.jar, /root/.m2/repository/com/esotericsoftware/reflectasm/1.11.3/reflectasm-1.11.3.jar, /root/.m2/repository/com/google/errorprone/error_prone_annotations/2.0.18/error_prone_annotations-2.0.18.jar, /root/.m2/repository/org/hamcrest/hamcrest-core/1.3/hamcrest-core-1.3.jar, /root/.m2/repository/io/netty/netty-transport/4.1.8.Final/netty-transport-4.1.8.Final.jar, /root/.m2/repository/io/netty/netty-common/4.1.8.Final/netty-common-4.1.8.Final.jar, /root/.m2/repository/io/netty/netty/3.10.5.Final/netty-3.10.5.Final.jar, /root/.m2/repository/org/apache/karaf/features/org.apache.karaf.features.core/3.0.8/org.apache.karaf.features.core-3.0.8.jar, /root/.m2/repository/org/onosproject/onlab-misc/1.14.0-SNAPSHOT/onlab-misc-1.14.0-SNAPSHOT.jar, /root/.m2/repository/com/esotericsoftware/minlog/1.3.0/minlog-1.3.0.jar, /root/.m2/repository/commons-collections/commons-collections/3.2.2/commons-collections-3.2.2.jar, /root/.m2/repository/com/eclipsesource/minimal-json/minimal-json/0.9.4/minimal-json-0.9.4.jar, /root/.m2/repository/org/hamcrest/java-hamcrest/2.0.0.0/java-hamcrest-2.0.0.0.jar, /root/.m2/repository/org/codehaus/mojo/animal-sniffer-annotations/1.14/animal-sniffer-annotations-1.14.jar, /root/.m2/repository/io/netty/netty-buffer/4.1.8.Final/netty-buffer-4.1.8.Final.jar, /root/.m2/repository/org/apache/karaf/system/org.apache.karaf.system.core/3.0.8/org.apache.karaf.system.core-3.0.8.jar, /root/.m2/repository/org/onosproject/onlab-junit/1.14.0-SNAPSHOT/onlab-junit-1.14.0-SNAPSHOT.jar, /root/.m2/repository/com/google/guava/guava/22.0/guava-22.0.jar, /root/.m2/repository/io/dropwizard/metrics/metrics-core/3.2.2/metrics-core-3.2.2.jar, /root/.m2/repository/com/google/j2objc/j2objc-annotations/1.1/j2objc-annotations-1.1.jar, /root/.m2/repository/io/netty/netty-resolver/4.1.8.Final/netty-resolver-4.1.8.Final.jar, /root/.m2/repository/org/hamcrest/hamcrest-library/1.3/hamcrest-library-1.3.jar, /root/.m2/repository/org/apache/felix/org.apache.felix.scr.annotations/1.9.12/org.apache.felix.scr.annotations-1.9.12.jar, /root/.m2/repository/commons-lang/commons-lang/2.6/commons-lang-2.6.jar, /root/.m2/repository/org/easymock/easymock/3.6/easymock-3.6.jar, /root/.m2/repository/org/objenesis/objenesis/2.6/objenesis-2.6.jar, /root/.m2/repository/com/google/guava/guava-testlib/22.0/guava-testlib-22.0.jar, /root/.m2/repository/org/apache/commons/commons-lang3/3.7/commons-lang3-3.7.jar, /root/.m2/repository/commons-io/commons-io/2.6/commons-io-2.6.jar, /root/.m2/repository/org/slf4j/slf4j-jdk14/1.7.21/slf4j-jdk14-1.7.21.jar, /root/.m2/repository/io/dropwizard/metrics/metrics-json/3.2.2/metrics-json-3.2.2.jar, /root/.m2/repository/org/osgi/org.osgi.core/5.0.0/org.osgi.core-5.0.0.jar, /root/.m2/repository/io/netty/netty-handler/4.1.8.Final/netty-handler-4.1.8.Final.jar, /root/.m2/repository/com/esotericsoftware/kryo/4.0.1/kryo-4.0.1.jar, /root/.m2/repository/junit/junit/4.12/junit-4.12.jar, /root/.m2/repository/commons-configuration/commons-configuration/1.10/commons-configuration-1.10.jar, /root/.m2/repository/org/hamcrest/hamcrest-junit/2.0.0.0/hamcrest-junit-2.0.0.0.jar, /root/.m2/repository/commons-logging/commons-logging/1.2/commons-logging-1.2.jar, /root/.m2/repository/org/apache/felix/org.apache.felix.scr/1.8.2/org.apache.felix.scr-1.8.2.jar, /root/.m2/repository/com/google/code/findbugs/jsr305/3.0.1/jsr305-3.0.1.jar, /root/.m2/repository/org/osgi/org.osgi.compendium/5.0.0/org.osgi.compendium-5.0.0.jar, /root/.m2/repository/org/slf4j/slf4j-api/1.7.21/slf4j-api-1.7.21.jar, /root/.m2/repository/com/fasterxml/jackson/core/jackson-databind/2.9.5/jackson-databind-2.9.5.jar]
[5363] INFO AstorCoreEngine - Number of CtTypes created: 89
[5427] INFO AstorCoreEngine - Test retrieved from classes: 0
[5533] INFO AstorCoreEngine - Setting up the max to 1060 milliseconds (1 sec)
[5533] INFO AstorCoreEngine - ---- Initial suspicious size: 2
[5811] INFO main - Total suspicious from FL: 2,  2
[5812] INFO main - Total ModPoint created: 2
[5812] INFO main - Creating program variant #1, [Variant id: 1, #gens: 2, #ops: 0, parent:-]
[5812] INFO main - Run previously failing tests...
[27020] INFO main - Failed tests: 1
[27021] INFO AstorCoreEngine - The original fitness is : 1.0
[27021] WARN ConfigurationProperties - ----------------------------
[27021] INFO ConfigurationProperties - ---Configuration properties
[27022] INFO ConfigurationProperties - p:lastJUnitVersion= ./examples/libs/junit-4.11.jar
[27022] INFO ConfigurationProperties - p:alternativecompliancelevel= 8
[27022] INFO ConfigurationProperties - p:ignoredTestCases= 
[27022] INFO ConfigurationProperties - p:workingDirectory= /workdir/jKali_vul4j_opennetworkinglab_onos_VUL4J-63/./output_astor
[27022] INFO ConfigurationProperties - p:manipulatesuper= false
[27022] INFO ConfigurationProperties - p:validation= externalcmd
[27022] INFO ConfigurationProperties - p:jvm4testexecution= /usr/lib/jvm/java-8-openjdk-amd64/bin
[27022] INFO ConfigurationProperties - p:operatorspace= suppression
[27022] INFO ConfigurationProperties - p:diffcontext= 0
[27022] INFO ConfigurationProperties - p:binjavafolder= protocols/ovsdb/rfc/target/classes
[27022] INFO ConfigurationProperties - p:synthesis_depth= 3
[27022] INFO ConfigurationProperties - p:gzoltartestpackagetoexclude= junit.framework
[27022] INFO ConfigurationProperties - p:skipfitnessinitialpopulation= false
[27022] INFO ConfigurationProperties - p:evosuiteresultfolder= evosuite
[27023] INFO ConfigurationProperties - p:flthreshold= 0.1
[27023] INFO ConfigurationProperties - p:regressionforfaultlocalization= true
[27023] INFO ConfigurationProperties - p:collectonlyusedmethod= false
[27023] INFO ConfigurationProperties - p:preservelinenumbers= true
[27023] INFO ConfigurationProperties - p:tmax2= 1060
[27023] INFO ConfigurationProperties - p:tmax1= 10000
[27023] INFO ConfigurationProperties - p:probagenmutation= false
[27023] INFO ConfigurationProperties - p:nomodificationconvergence= 100
[27023] INFO ConfigurationProperties - p:diff_type= relative
[27023] INFO ConfigurationProperties - p:targetelementprocessor= statements
[27023] INFO ConfigurationProperties - p:srctestfolder= protocols/ovsdb/rfc/src/test/java
[27023] INFO ConfigurationProperties - p:forceExecuteRegression= false
[27023] INFO ConfigurationProperties - p:clusteringfilename= clustering.csv
[27023] INFO ConfigurationProperties - p:failing= org.onosproject.ovsdb.rfc.utils.VersionUtilTest#testVersionCompare
[27023] INFO ConfigurationProperties - p:logtestexecution= false
[27023] INFO ConfigurationProperties - p:evo_buggy_class= true
[27023] INFO ConfigurationProperties - p:numberExecutions= 1
[27023] INFO ConfigurationProperties - p:maxnumbersolutions= 1000000
[27023] INFO ConfigurationProperties - p:evo_affected_by_op= true
[27023] INFO ConfigurationProperties - p:population= 1
[27024] INFO ConfigurationProperties - p:considerzerovaluesusp= false
[27024] INFO ConfigurationProperties - p:maxCombinationVariableLimit= false
[27024] INFO ConfigurationProperties - p:savesolution= true
[27024] INFO ConfigurationProperties - p:javacompliancelevel= 8
[27024] INFO ConfigurationProperties - p:x= x
[27024] INFO ConfigurationProperties - p:uniqueoptogen= false
[27024] INFO ConfigurationProperties - p:gzoltarpackagetonotinstrument= junit.framework
[27024] INFO ConfigurationProperties - p:projectIdentifier= opennetworkinglab_onos-VUL4J-63
[27024] INFO ConfigurationProperties - p:modificationpointnavigation= weight
[27024] INFO ConfigurationProperties - p:stopfirst= true
[27024] INFO ConfigurationProperties - p:multipointmodification= false
[27024] INFO ConfigurationProperties - p:elementsToMutate= 10
[27024] INFO ConfigurationProperties - p:jsonoutputname= astor_output
[27024] INFO ConfigurationProperties - p:evoDSE= false
[27024] INFO ConfigurationProperties - p:bintestfolder= protocols/ovsdb/rfc/target/test-classes
[27024] INFO ConfigurationProperties - p:testbystep= false
[27024] INFO ConfigurationProperties - p:version-location= ./math-version/
[27025] INFO ConfigurationProperties - p:reintroduce= PARENTS:ORIGINAL
[27025] INFO ConfigurationProperties - p:perfectdata= /script/../data/benchmarks/vul4j/perfectfl/VUL4J-63
[27025] INFO ConfigurationProperties - p:executorjar= ./lib/jtestex7.jar
[27025] INFO ConfigurationProperties - p:maxGeneration= 1000000
[27025] INFO ConfigurationProperties - p:max_synthesis_step= 10000
[27025] INFO ConfigurationProperties - p:projectinfocommand= com.github.tdurieux:project-config-maven-plugin:info
[27025] INFO ConfigurationProperties - p:maxVarCombination= 1000
[27025] INFO ConfigurationProperties - p:maxtime= 120
[27025] INFO ConfigurationProperties - p:evosuitejar= ./lib/evosuite-master-1.0.4-SNAPSHOT.jar
[27025] INFO ConfigurationProperties - p:jvmversion= 1.8.0_342
[27025] INFO ConfigurationProperties - p:commandTrunk= 50000
[27025] INFO ConfigurationProperties - p:faultlocalization= perfect
[27025] INFO ConfigurationProperties - p:resetmodel= true
[27025] INFO ConfigurationProperties - p:maxsuspcandidates= 1000
[27025] INFO ConfigurationProperties - p:mode= jkali
[27025] INFO ConfigurationProperties - p:learningdir= 
[27025] INFO ConfigurationProperties - p:jvm4evosuitetestexecution= /usr/lib/jvm/java-8-openjdk-amd64/bin
[27025] INFO ConfigurationProperties - p:filterfaultlocalization= true
[27025] INFO ConfigurationProperties - p:mutationrate= 1 
[27026] INFO ConfigurationProperties - p:pathToMVNRepository= 
[27026] INFO ConfigurationProperties - p:resourcesfolder= /src/main/resources:/src/test/resources:
[27026] INFO ConfigurationProperties - p:timezone= America/Los_Angeles
[27026] INFO ConfigurationProperties - p:runjava7code= false
[27026] INFO ConfigurationProperties - p:testfailingcmd= mvn test -pl protocols/ovsdb/rfc -Dtest=org.onosproject.ovsdb.rfc.utils.VersionUtilTest#testVersionCompare -Dhttps.protocols=TLSv1.2 -Denforcer.skip=true -Dcheckstyle.skip=true -Dcobertura.skip=true -DskipITs=true -Drat.skip=true -Dlicense.skip=true -Dpmd.skip=true -Dfindbugs.skip=true -Dgpg.skip=true -Dskip.npm=true -Dskip.gulp=true -Dskip.bower=true -Danimal.sniffer.skip=true -V -B
[27026] INFO ConfigurationProperties - p:evoRunOnBuggyClass= true
[27026] INFO ConfigurationProperties - p:compiler= fr.inria.astor.core.manipulation.bytecode.compiler.SpoonClassCompiler
[27026] INFO ConfigurationProperties - p:limitbysuspicious= true
[27026] INFO ConfigurationProperties - p:logsattemps= true
[27026] INFO ConfigurationProperties - p:dependenciespath= /workdir/jKali_vul4j_opennetworkinglab_onos_VUL4J-63/protocols/ovsdb/rfc/target/classes:/root/.m2/repository/com/fasterxml/jackson/core/jackson-annotations/2.9.5/jackson-annotations-2.9.5.jar:/root/.m2/repository/io/netty/netty-codec/4.1.8.Final/netty-codec-4.1.8.Final.jar:/root/.m2/repository/commons-pool/commons-pool/1.6/commons-pool-1.6.jar:/root/.m2/repository/com/fasterxml/jackson/core/jackson-core/2.9.5/jackson-core-2.9.5.jar:/root/.m2/repository/com/spotify/hamcrest-optional/1.1.0/hamcrest-optional-1.1.0.jar:/root/.m2/repository/org/ow2/asm/asm/5.0.4/asm-5.0.4.jar:/root/.m2/repository/com/esotericsoftware/reflectasm/1.11.3/reflectasm-1.11.3.jar:/root/.m2/repository/com/google/errorprone/error_prone_annotations/2.0.18/error_prone_annotations-2.0.18.jar:/root/.m2/repository/org/hamcrest/hamcrest-core/1.3/hamcrest-core-1.3.jar:/root/.m2/repository/io/netty/netty-transport/4.1.8.Final/netty-transport-4.1.8.Final.jar:/root/.m2/repository/io/netty/netty-common/4.1.8.Final/netty-common-4.1.8.Final.jar:/root/.m2/repository/io/netty/netty/3.10.5.Final/netty-3.10.5.Final.jar:/root/.m2/repository/org/apache/karaf/features/org.apache.karaf.features.core/3.0.8/org.apache.karaf.features.core-3.0.8.jar:/root/.m2/repository/org/onosproject/onlab-misc/1.14.0-SNAPSHOT/onlab-misc-1.14.0-SNAPSHOT.jar:/root/.m2/repository/com/esotericsoftware/minlog/1.3.0/minlog-1.3.0.jar:/root/.m2/repository/commons-collections/commons-collections/3.2.2/commons-collections-3.2.2.jar:/root/.m2/repository/com/eclipsesource/minimal-json/minimal-json/0.9.4/minimal-json-0.9.4.jar:/root/.m2/repository/org/hamcrest/java-hamcrest/2.0.0.0/java-hamcrest-2.0.0.0.jar:/root/.m2/repository/org/codehaus/mojo/animal-sniffer-annotations/1.14/animal-sniffer-annotations-1.14.jar:/root/.m2/repository/io/netty/netty-buffer/4.1.8.Final/netty-buffer-4.1.8.Final.jar:/root/.m2/repository/org/apache/karaf/system/org.apache.karaf.system.core/3.0.8/org.apache.karaf.system.core-3.0.8.jar:/root/.m2/repository/org/onosproject/onlab-junit/1.14.0-SNAPSHOT/onlab-junit-1.14.0-SNAPSHOT.jar:/root/.m2/repository/com/google/guava/guava/22.0/guava-22.0.jar:/root/.m2/repository/io/dropwizard/metrics/metrics-core/3.2.2/metrics-core-3.2.2.jar:/root/.m2/repository/com/google/j2objc/j2objc-annotations/1.1/j2objc-annotations-1.1.jar:/root/.m2/repository/io/netty/netty-resolver/4.1.8.Final/netty-resolver-4.1.8.Final.jar:/root/.m2/repository/org/hamcrest/hamcrest-library/1.3/hamcrest-library-1.3.jar:/root/.m2/repository/org/apache/felix/org.apache.felix.scr.annotations/1.9.12/org.apache.felix.scr.annotations-1.9.12.jar:/root/.m2/repository/commons-lang/commons-lang/2.6/commons-lang-2.6.jar:/root/.m2/repository/org/easymock/easymock/3.6/easymock-3.6.jar:/root/.m2/repository/org/objenesis/objenesis/2.6/objenesis-2.6.jar:/root/.m2/repository/com/google/guava/guava-testlib/22.0/guava-testlib-22.0.jar:/root/.m2/repository/org/apache/commons/commons-lang3/3.7/commons-lang3-3.7.jar:/root/.m2/repository/commons-io/commons-io/2.6/commons-io-2.6.jar:/root/.m2/repository/org/slf4j/slf4j-jdk14/1.7.21/slf4j-jdk14-1.7.21.jar:/root/.m2/repository/io/dropwizard/metrics/metrics-json/3.2.2/metrics-json-3.2.2.jar:/root/.m2/repository/org/osgi/org.osgi.core/5.0.0/org.osgi.core-5.0.0.jar:/root/.m2/repository/io/netty/netty-handler/4.1.8.Final/netty-handler-4.1.8.Final.jar:/root/.m2/repository/com/esotericsoftware/kryo/4.0.1/kryo-4.0.1.jar:/root/.m2/repository/junit/junit/4.12/junit-4.12.jar:/root/.m2/repository/commons-configuration/commons-configuration/1.10/commons-configuration-1.10.jar:/root/.m2/repository/org/hamcrest/hamcrest-junit/2.0.0.0/hamcrest-junit-2.0.0.0.jar:/root/.m2/repository/commons-logging/commons-logging/1.2/commons-logging-1.2.jar:/root/.m2/repository/org/apache/felix/org.apache.felix.scr/1.8.2/org.apache.felix.scr-1.8.2.jar:/root/.m2/repository/com/google/code/findbugs/jsr305/3.0.1/jsr305-3.0.1.jar:/root/.m2/repository/org/osgi/org.osgi.compendium/5.0.0/org.osgi.compendium-5.0.0.jar:/root/.m2/repository/org/slf4j/slf4j-api/1.7.21/slf4j-api-1.7.21.jar:/root/.m2/repository/com/fasterxml/jackson/core/jackson-databind/2.9.5/jackson-databind-2.9.5.jar
[27026] INFO ConfigurationProperties - p:packageToInstrument= 
[27026] INFO ConfigurationProperties - p:skipfaultlocalization= false
[27026] INFO ConfigurationProperties - p:scope= local
[27026] INFO ConfigurationProperties - p:transformingredient= false
[27026] INFO ConfigurationProperties - p:fitnessfunction= fr.inria.astor.core.solutionsearch.population.TestCaseFitnessFunction
[27026] INFO ConfigurationProperties - p:maxnumvariablesperingredient= 10
[27027] INFO ConfigurationProperties - p:parsesourcefromoriginal= true
[27027] INFO ConfigurationProperties - p:pvariantfoldername= variant-
[27027] INFO ConfigurationProperties - p:savespoonmodelondisk= false
[27027] INFO ConfigurationProperties - p:srcjavafolder= protocols/ovsdb/rfc/src/main/java
[27027] INFO ConfigurationProperties - p:populationcontroller= fr.inria.astor.core.solutionsearch.population.TestCaseBasedFitnessPopulationController
[27027] INFO ConfigurationProperties - p:ignoreflakyinfl= false
[27027] INFO ConfigurationProperties - p:cleantemplates= true
[27027] INFO ConfigurationProperties - p:applyCrossover= false
[27027] INFO ConfigurationProperties - p:maxmodificationpoints= 1000
[27027] INFO ConfigurationProperties - p:duplicateingredientsinspace= false
[27027] INFO ConfigurationProperties - p:metid= 0
[27027] INFO ConfigurationProperties - p:continuewhenmodelfail= true
[27027] INFO ConfigurationProperties - p:saveall= false
[27027] INFO ConfigurationProperties - p:seed= 0
[27027] INFO ConfigurationProperties - p:savecompletepatched= true
[27027] INFO ConfigurationProperties - p:resetoperations= false
[27027] INFO ConfigurationProperties - p:keepcomments= false
[27027] INFO ConfigurationProperties - p:processoutputinfile= false
[27027] INFO ConfigurationProperties - p:location= .
[27028] INFO ConfigurationProperties - p:probabilistictransformation= true
[27028] INFO ConfigurationProperties - p:overridemaxtime= true
[27028] INFO ConfigurationProperties - p:outputjsonresult= true
[27028] INFO ConfigurationProperties - p:allpoints= false
[27028] INFO ConfigurationProperties - p:antipattern= false
[27028] INFO ConfigurationProperties - p:bugId= 280
[27028] INFO ConfigurationProperties - p:evosuitetimeout= 120
[27028] INFO ConfigurationProperties - p:maxtimefactor= 10
[27028] INFO ConfigurationProperties - p:nrPlaceholders= 1
[27028] INFO ConfigurationProperties - p:testallcmd= mvn test -pl protocols/ovsdb/rfc -Dhttps.protocols=TLSv1.2 -Denforcer.skip=true -Dcheckstyle.skip=true -Dcobertura.skip=true -DskipITs=true -Drat.skip=true -Dlicense.skip=true -Dpmd.skip=true -Dfindbugs.skip=true -Dgpg.skip=true -Dskip.npm=true -Dskip.gulp=true -Dskip.bower=true -Danimal.sniffer.skip=true -V -B
[27028] INFO ConfigurationProperties - p:forcesubprocesskilling= false
[27028] INFO ConfigurationProperties - ----------------------------
[27029] INFO AstorCoreEngine - Time Repair Loop (s): 0.001
[27030] INFO AstorCoreEngine - generationsexecuted: 1
[27030] WARN AstorCoreEngine - ----SUMMARY_EXECUTION---
[27030] WARN AstorCoreEngine - End Repair Search: NOT Found solution
[27030] WARN AstorCoreEngine - Number suspicious:1
[27032] INFO AstorCoreEngine - 
 --SOLUTIONS DESCRIPTION--


Astor Output:

General stats:
EXECUTION_IDENTIFIER=opennetworkinglab_onos-VUL4J-63
TOTAL_TIME=0.001
NR_GENERATIONS=null
NR_RIGHT_COMPILATIONS=null
NR_FAILLING_COMPILATIONS=null
NR_ERRONEOUS_VARIANCES=null
NR_FAILING_VALIDATION_PROCESS=null
OUTPUT_STATUS=EXHAUSTIVE_NAVIGATED

Patch stats:

[27039] INFO Stats - Storing ing JSON at /workdir/jKali_vul4j_opennetworkinglab_onos_VUL4J-63/./output_astor/AstorMain-opennetworkinglab_onos-VUL4J-63//astor_output.json
[27040] INFO Stats - astor_output:
{"general":{"NR_RIGHT_COMPILATIONS":null,"NR_ERRONEOUS_VARIANCES":null,"EXECUTION_IDENTIFIER":"opennetworkinglab_onos-VUL4J-63","OUTPUT_STATUS":"EXHAUSTIVE_NAVIGATED","NR_FAILLING_COMPILATIONS":null,"NR_GENERATIONS":null,"TOTAL_TIME":0.001,"NR_FAILING_VALIDATION_PROCESS":null},"patches":[]}
[27040] INFO AstorMain - Time Total(s): 27.032
52.11user 10.58system 0:27.55elapsed 227%CPU (0avgtext+0avgdata 802100maxresident)k
16inputs+2984outputs (0major+360746minor)pagefaults 0swaps


Node: 9670332cfea8



Date: Thu Sep  8 23:17:25 EDT 2022

