cd /workdir/jMutRepair_vul4j_spring-projects_spring-security_VUL4J-74;
export JAVA_TOOL_OPTIONS="-Dfile.encoding=UTF8 -Duser.language=en-US -Duser.country=US -Duser.language=en";
TZ="America/New_York"; export TZ;
export PATH="/usr/lib/jvm/java-8-openjdk-amd64/bin:$PATH";
export JAVA_HOME="/usr/lib/jvm/java-8-openjdk-amd64/bin";
time java -Xmx4g -Xms1g -XX:MaxPermSize=512m -cp /script/../libs/jtestex7.jar:/script/../repair_tools/astor.jar fr.inria.main.evolution.AstorMain \
	-mode jMutRepair \
	-location . \
	-id spring-projects_spring-security-VUL4J-74 \
	-failing org.springframework.security.core.token.SecureRandomFactoryBeanTests#testCreatesUsingSeed \
	-jvm4testexecution /usr/lib/jvm/java-8-openjdk-amd64/bin \
	-jvm4evosuitetestexecution /usr/lib/jvm/java-8-openjdk-amd64/bin \
	-maxgen 1000000 \
	-maxtime 120 \
	-stopfirst true \
	-seed 0 \
	-scope local \
	-population 1 \
	-javacompliancelevel 8 \
	-faultlocalization perfect \
    -perfectdata /script/../data/benchmarks/vul4j/perfectfl/VUL4J-74 \
    -validation externalcmd \
    -testfailingcmd "./gradlew :spring-security-core:test --tests org.springframework.security.core.token.SecureRandomFactoryBeanTests.testCreatesUsingSeed" \
    -testallcmd "./gradlew :spring-security-core:test"  \ \
	-srcjavafolder core/src/main/java \
	-srctestfolder core/src/test/java \
	-binjavafolder core/build/classes/java/main \
	-bintestfolder core/build/classes/java/test \
	-parameters x:x \
	-dependencies /workdir/jMutRepair_vul4j_spring-projects_spring-security_VUL4J-74/core/build/classes/java/test:/workdir/jMutRepair_vul4j_spring-projects_spring-security_VUL4J-74/core/build/resources/test:/workdir/jMutRepair_vul4j_spring-projects_spring-security_VUL4J-74/core/build/classes/java/main:/workdir/jMutRepair_vul4j_spring-projects_spring-security_VUL4J-74/core/build/resources/main:/root/.gradle/caches/modules-2/files-2.1/org.springframework/spring-context/5.0.13.RELEASE/16f61ac3bf75131034d4ace1ac24b199e03c6ba1/spring-context-5.0.13.RELEASE.jar:/root/.gradle/caches/modules-2/files-2.1/org.springframework/spring-aop/5.0.13.RELEASE/eb756b27d894d4de9491513a7f641e1ad2effcab/spring-aop-5.0.13.RELEASE.jar:/root/.gradle/caches/modules-2/files-2.1/org.springframework/spring-beans/5.0.13.RELEASE/13880e7cd21df626736d6a4f5decd17b42cdeaca/spring-beans-5.0.13.RELEASE.jar:/root/.gradle/caches/modules-2/files-2.1/org.springframework/spring-expression/5.0.13.RELEASE/eb4651b7c53be5a74f45717f262106758e58b681/spring-expression-5.0.13.RELEASE.jar:/root/.gradle/caches/modules-2/files-2.1/org.springframework/spring-test/5.0.13.RELEASE/6558aba528b690efcd04cef853862e66d7ad1fab/spring-test-5.0.13.RELEASE.jar:/root/.gradle/caches/modules-2/files-2.1/org.springframework/spring-core/5.0.13.RELEASE/5a306ec429a43ce126dae5df85927bc91e395894/spring-core-5.0.13.RELEASE.jar:/workdir/jMutRepair_vul4j_spring-projects_spring-security_VUL4J-74/crypto/build/libs/spring-security-crypto-5.0.12.BUILD-SNAPSHOT.jar:/root/.gradle/caches/modules-2/files-2.1/org.powermock/powermock-module-junit4/2.0.0/6930eaf4dec9736d25423f4382d6212c169df576/powermock-module-junit4-2.0.0.jar:/root/.gradle/caches/modules-2/files-2.1/org.powermock/powermock-module-junit4-common/2.0.0/b04042e0669345b338fcd62fe5383de7cb761cf6/powermock-module-junit4-common-2.0.0.jar:/root/.gradle/caches/modules-2/files-2.1/junit/junit/4.12/2973d150c0dc1fefe998f834810d68f278ea58ec/junit-4.12.jar:/root/.gradle/caches/modules-2/files-2.1/org.powermock/powermock-api-mockito2/2.0.0/12d4d2de4152d75421bf0d1da2114370abfa29a5/powermock-api-mockito2-2.0.0.jar:/root/.gradle/caches/modules-2/files-2.1/org.mockito/mockito-core/2.18.3/98aa130476c5d1915dac35b5ad053a7ffcd675bc/mockito-core-2.18.3.jar:/root/.gradle/caches/modules-2/files-2.1/org.assertj/assertj-core/3.11.1/fdac3217b804d6900fa3650f17b5cb48e620b140/assertj-core-3.11.1.jar:/root/.gradle/caches/modules-2/files-2.1/org.powermock/powermock-api-support/2.0.0/baf2d5520bb281b166cef0e9edc7b1ac0b85f813/powermock-api-support-2.0.0.jar:/root/.gradle/caches/modules-2/files-2.1/org.powermock/powermock-core/2.0.0/c34a6706f810172e210d218627abf0541b9d66d2/powermock-core-2.0.0.jar:/root/.gradle/caches/modules-2/files-2.1/org.powermock/powermock-reflect/2.0.0/cd452bc345ec9f88ec5efecd41139de0cb1d4265/powermock-reflect-2.0.0.jar:/root/.gradle/caches/modules-2/files-2.1/commons-collections/commons-collections/3.2.2/8ad72fe39fa8c91eaaf12aadb21e0c3661fe26d5/commons-collections-3.2.2.jar:/root/.gradle/caches/modules-2/files-2.1/io.projectreactor/reactor-test/3.1.16.RELEASE/10759da94b566a03af3892fdf74c1104680a875c/reactor-test-3.1.16.RELEASE.jar:/root/.gradle/caches/modules-2/files-2.1/org.skyscreamer/jsonassert/1.5.0/6c9d5fe2f59da598d9aefc1cfc6528ff3cf32df3/jsonassert-1.5.0.jar:/root/.gradle/caches/modules-2/files-2.1/org.slf4j/jcl-over-slf4j/1.7.26/33fbc2d93de829fa5e263c5ce97f5eab8f57d53e/jcl-over-slf4j-1.7.26.jar:/root/.gradle/caches/modules-2/files-2.1/org.hsqldb/hsqldb/2.4.1/9daff99b4fbd6809fd46ab4327650ad00a1be6d4/hsqldb-2.4.1.jar:/root/.gradle/caches/modules-2/files-2.1/org.springframework/spring-jcl/5.0.13.RELEASE/db00d2cd65e1b556229104cc95ece433a83c72fe/spring-jcl-5.0.13.RELEASE.jar:/root/.gradle/caches/modules-2/files-2.1/org.hamcrest/hamcrest-core/1.3/42a25dc3219429f0e5d060061f71acb49bf010a0/hamcrest-core-1.3.jar:/root/.gradle/caches/modules-2/files-2.1/net.bytebuddy/byte-buddy/1.7.9/51218a01a882c04d0aba8c028179cce488bbcb58/byte-buddy-1.7.9.jar:/root/.gradle/caches/modules-2/files-2.1/net.bytebuddy/byte-buddy-agent/1.7.9/a6c65f9da7f467ee1f02ff2841ffd3155aee2fc9/byte-buddy-agent-1.7.9.jar:/root/.gradle/caches/modules-2/files-2.1/org.objenesis/objenesis/2.6/639033469776fd37c08358c6b92a4761feb2af4b/objenesis-2.6.jar:/root/.gradle/caches/modules-2/files-2.1/org.javassist/javassist/3.22.0-CR2/44eaf0990dea92f4bca4b9931b2239c0e8756ee7/javassist-3.22.0-CR2.jar:/root/.gradle/caches/modules-2/files-2.1/io.projectreactor/reactor-core/3.1.16.RELEASE/80d2b9cdcd3cee810a6a763e084f842b798c2299/reactor-core-3.1.16.RELEASE.jar:/root/.gradle/caches/modules-2/files-2.1/com.vaadin.external.google/android-json/0.0.20131108.vaadin1/fa26d351fe62a6a17f5cda1287c1c6110dec413f/android-json-0.0.20131108.vaadin1.jar:/root/.gradle/caches/modules-2/files-2.1/org.slf4j/slf4j-api/1.7.26/77100a62c2e6f04b53977b9f541044d7d722693d/slf4j-api-1.7.26.jar:/root/.gradle/caches/modules-2/files-2.1/org.reactivestreams/reactive-streams/1.0.1/1b1c911686eb40179219466e6a59b634b9d7a748/reactive-streams-1.0.1.jar:/root/.gradle/caches/modules-2/files-2.1/com.fasterxml.jackson.core/jackson-databind/2.9.8/11283f21cc480aa86c4df7a0a3243ec508372ed2/jackson-databind-2.9.8.jar:/root/.gradle/caches/modules-2/files-2.1/javax.annotation/jsr250-api/1.0/5025422767732a1ab45d93abfea846513d742dcf/jsr250-api-1.0.jar:/root/.gradle/caches/modules-2/files-2.1/net.sf.ehcache/ehcache/2.10.6/38076997b10f5c762a210ea8b9f6099da35ac5f/ehcache-2.10.6.jar:/root/.gradle/caches/modules-2/files-2.1/org.aspectj/aspectjrt/1.9.2/aa6462d131f63569997e74ecd345359a7d22d1d3/aspectjrt-1.9.2.jar:/root/.gradle/caches/modules-2/files-2.1/org.springframework/spring-jdbc/5.0.13.RELEASE/a88af1289bb3253b9d2051956b40b1a3796372c2/spring-jdbc-5.0.13.RELEASE.jar:/root/.gradle/caches/modules-2/files-2.1/org.springframework/spring-tx/5.0.13.RELEASE/a8442e8d2c11fd6a64f0c5476fa0416bb20463fa/spring-tx-5.0.13.RELEASE.jar:/root/.gradle/caches/modules-2/files-2.1/com.fasterxml.jackson.core/jackson-annotations/2.9.8/ba7f0e6f8f1b28d251eeff2a5604bed34c53ff35/jackson-annotations-2.9.8.jar:/root/.gradle/caches/modules-2/files-2.1/com.fasterxml.jackson.core/jackson-core/2.9.8/f5a654e4675769c716e5b387830d19b501ca191/jackson-core-2.9.8.jar;
	echo "\n\nNode: `hostname`\n";
	echo "\n\nDate: `date`\n";
Picked up JAVA_TOOL_OPTIONS: -Dfile.encoding=UTF8 -Duser.language=en-US -Duser.country=US -Duser.language=en
OpenJDK 64-Bit Server VM warning: ignoring option MaxPermSize=512m; support was removed in 8.0
[0] INFO ProjectConfiguration - Version of the JVM used: 1.8.0_342
[2] INFO main - Java version of the JDK used to run tests: 1.8.0_342
[2] INFO main - The compliance of the JVM is:  8
[12] INFO main - command line arguments: [-mode  jMutRepair  -location  .  -id  spring-projects_spring-security-VUL4J-74  -failing  org.springframework.security.core.token.SecureRandomFactoryBeanTests#testCreatesUsingSeed  -jvm4testexecution  /usr/lib/jvm/java-8-openjdk-amd64/bin  -jvm4evosuitetestexecution  /usr/lib/jvm/java-8-openjdk-amd64/bin  -maxgen  1000000  -maxtime  120  -stopfirst  true  -seed  0  -scope  local  -population  1  -javacompliancelevel  8  -faultlocalization  perfect  -perfectdata  /script/../data/benchmarks/vul4j/perfectfl/VUL4J-74  -validation  externalcmd  -testfailingcmd  ./gradlew :spring-security-core:test --tests org.springframework.security.core.token.SecureRandomFactoryBeanTests.testCreatesUsingSeed  -testallcmd  ./gradlew :spring-security-core:test     -srcjavafolder  core/src/main/java  -srctestfolder  core/src/test/java  -binjavafolder  core/build/classes/java/main  -bintestfolder  core/build/classes/java/test  -parameters  x:x  -dependencies  /workdir/jMutRepair_vul4j_spring-projects_spring-security_VUL4J-74/core/build/classes/java/test:/workdir/jMutRepair_vul4j_spring-projects_spring-security_VUL4J-74/core/build/resources/test:/workdir/jMutRepair_vul4j_spring-projects_spring-security_VUL4J-74/core/build/classes/java/main:/workdir/jMutRepair_vul4j_spring-projects_spring-security_VUL4J-74/core/build/resources/main:/root/.gradle/caches/modules-2/files-2.1/org.springframework/spring-context/5.0.13.RELEASE/16f61ac3bf75131034d4ace1ac24b199e03c6ba1/spring-context-5.0.13.RELEASE.jar:/root/.gradle/caches/modules-2/files-2.1/org.springframework/spring-aop/5.0.13.RELEASE/eb756b27d894d4de9491513a7f641e1ad2effcab/spring-aop-5.0.13.RELEASE.jar:/root/.gradle/caches/modules-2/files-2.1/org.springframework/spring-beans/5.0.13.RELEASE/13880e7cd21df626736d6a4f5decd17b42cdeaca/spring-beans-5.0.13.RELEASE.jar:/root/.gradle/caches/modules-2/files-2.1/org.springframework/spring-expression/5.0.13.RELEASE/eb4651b7c53be5a74f45717f262106758e58b681/spring-expression-5.0.13.RELEASE.jar:/root/.gradle/caches/modules-2/files-2.1/org.springframework/spring-test/5.0.13.RELEASE/6558aba528b690efcd04cef853862e66d7ad1fab/spring-test-5.0.13.RELEASE.jar:/root/.gradle/caches/modules-2/files-2.1/org.springframework/spring-core/5.0.13.RELEASE/5a306ec429a43ce126dae5df85927bc91e395894/spring-core-5.0.13.RELEASE.jar:/workdir/jMutRepair_vul4j_spring-projects_spring-security_VUL4J-74/crypto/build/libs/spring-security-crypto-5.0.12.BUILD-SNAPSHOT.jar:/root/.gradle/caches/modules-2/files-2.1/org.powermock/powermock-module-junit4/2.0.0/6930eaf4dec9736d25423f4382d6212c169df576/powermock-module-junit4-2.0.0.jar:/root/.gradle/caches/modules-2/files-2.1/org.powermock/powermock-module-junit4-common/2.0.0/b04042e0669345b338fcd62fe5383de7cb761cf6/powermock-module-junit4-common-2.0.0.jar:/root/.gradle/caches/modules-2/files-2.1/junit/junit/4.12/2973d150c0dc1fefe998f834810d68f278ea58ec/junit-4.12.jar:/root/.gradle/caches/modules-2/files-2.1/org.powermock/powermock-api-mockito2/2.0.0/12d4d2de4152d75421bf0d1da2114370abfa29a5/powermock-api-mockito2-2.0.0.jar:/root/.gradle/caches/modules-2/files-2.1/org.mockito/mockito-core/2.18.3/98aa130476c5d1915dac35b5ad053a7ffcd675bc/mockito-core-2.18.3.jar:/root/.gradle/caches/modules-2/files-2.1/org.assertj/assertj-core/3.11.1/fdac3217b804d6900fa3650f17b5cb48e620b140/assertj-core-3.11.1.jar:/root/.gradle/caches/modules-2/files-2.1/org.powermock/powermock-api-support/2.0.0/baf2d5520bb281b166cef0e9edc7b1ac0b85f813/powermock-api-support-2.0.0.jar:/root/.gradle/caches/modules-2/files-2.1/org.powermock/powermock-core/2.0.0/c34a6706f810172e210d218627abf0541b9d66d2/powermock-core-2.0.0.jar:/root/.gradle/caches/modules-2/files-2.1/org.powermock/powermock-reflect/2.0.0/cd452bc345ec9f88ec5efecd41139de0cb1d4265/powermock-reflect-2.0.0.jar:/root/.gradle/caches/modules-2/files-2.1/commons-collections/commons-collections/3.2.2/8ad72fe39fa8c91eaaf12aadb21e0c3661fe26d5/commons-collections-3.2.2.jar:/root/.gradle/caches/modules-2/files-2.1/io.projectreactor/reactor-test/3.1.16.RELEASE/10759da94b566a03af3892fdf74c1104680a875c/reactor-test-3.1.16.RELEASE.jar:/root/.gradle/caches/modules-2/files-2.1/org.skyscreamer/jsonassert/1.5.0/6c9d5fe2f59da598d9aefc1cfc6528ff3cf32df3/jsonassert-1.5.0.jar:/root/.gradle/caches/modules-2/files-2.1/org.slf4j/jcl-over-slf4j/1.7.26/33fbc2d93de829fa5e263c5ce97f5eab8f57d53e/jcl-over-slf4j-1.7.26.jar:/root/.gradle/caches/modules-2/files-2.1/org.hsqldb/hsqldb/2.4.1/9daff99b4fbd6809fd46ab4327650ad00a1be6d4/hsqldb-2.4.1.jar:/root/.gradle/caches/modules-2/files-2.1/org.springframework/spring-jcl/5.0.13.RELEASE/db00d2cd65e1b556229104cc95ece433a83c72fe/spring-jcl-5.0.13.RELEASE.jar:/root/.gradle/caches/modules-2/files-2.1/org.hamcrest/hamcrest-core/1.3/42a25dc3219429f0e5d060061f71acb49bf010a0/hamcrest-core-1.3.jar:/root/.gradle/caches/modules-2/files-2.1/net.bytebuddy/byte-buddy/1.7.9/51218a01a882c04d0aba8c028179cce488bbcb58/byte-buddy-1.7.9.jar:/root/.gradle/caches/modules-2/files-2.1/net.bytebuddy/byte-buddy-agent/1.7.9/a6c65f9da7f467ee1f02ff2841ffd3155aee2fc9/byte-buddy-agent-1.7.9.jar:/root/.gradle/caches/modules-2/files-2.1/org.objenesis/objenesis/2.6/639033469776fd37c08358c6b92a4761feb2af4b/objenesis-2.6.jar:/root/.gradle/caches/modules-2/files-2.1/org.javassist/javassist/3.22.0-CR2/44eaf0990dea92f4bca4b9931b2239c0e8756ee7/javassist-3.22.0-CR2.jar:/root/.gradle/caches/modules-2/files-2.1/io.projectreactor/reactor-core/3.1.16.RELEASE/80d2b9cdcd3cee810a6a763e084f842b798c2299/reactor-core-3.1.16.RELEASE.jar:/root/.gradle/caches/modules-2/files-2.1/com.vaadin.external.google/android-json/0.0.20131108.vaadin1/fa26d351fe62a6a17f5cda1287c1c6110dec413f/android-json-0.0.20131108.vaadin1.jar:/root/.gradle/caches/modules-2/files-2.1/org.slf4j/slf4j-api/1.7.26/77100a62c2e6f04b53977b9f541044d7d722693d/slf4j-api-1.7.26.jar:/root/.gradle/caches/modules-2/files-2.1/org.reactivestreams/reactive-streams/1.0.1/1b1c911686eb40179219466e6a59b634b9d7a748/reactive-streams-1.0.1.jar:/root/.gradle/caches/modules-2/files-2.1/com.fasterxml.jackson.core/jackson-databind/2.9.8/11283f21cc480aa86c4df7a0a3243ec508372ed2/jackson-databind-2.9.8.jar:/root/.gradle/caches/modules-2/files-2.1/javax.annotation/jsr250-api/1.0/5025422767732a1ab45d93abfea846513d742dcf/jsr250-api-1.0.jar:/root/.gradle/caches/modules-2/files-2.1/net.sf.ehcache/ehcache/2.10.6/38076997b10f5c762a210ea8b9f6099da35ac5f/ehcache-2.10.6.jar:/root/.gradle/caches/modules-2/files-2.1/org.aspectj/aspectjrt/1.9.2/aa6462d131f63569997e74ecd345359a7d22d1d3/aspectjrt-1.9.2.jar:/root/.gradle/caches/modules-2/files-2.1/org.springframework/spring-jdbc/5.0.13.RELEASE/a88af1289bb3253b9d2051956b40b1a3796372c2/spring-jdbc-5.0.13.RELEASE.jar:/root/.gradle/caches/modules-2/files-2.1/org.springframework/spring-tx/5.0.13.RELEASE/a8442e8d2c11fd6a64f0c5476fa0416bb20463fa/spring-tx-5.0.13.RELEASE.jar:/root/.gradle/caches/modules-2/files-2.1/com.fasterxml.jackson.core/jackson-annotations/2.9.8/ba7f0e6f8f1b28d251eeff2a5604bed34c53ff35/jackson-annotations-2.9.8.jar:/root/.gradle/caches/modules-2/files-2.1/com.fasterxml.jackson.core/jackson-core/2.9.8/f5a654e4675769c716e5b387830d19b501ca191/jackson-core-2.9.8.jar]
[30] INFO AstorMain - Running Astor on a JDK at /usr/lib/jvm/java-8-openjdk-amd64/jre
[45] INFO main - Source folders: [/workdir/jMutRepair_vul4j_spring-projects_spring-security_VUL4J-74/./core/src/main/java]
[66] INFO main - Source Test folders: [/workdir/jMutRepair_vul4j_spring-projects_spring-security_VUL4J-74/./core/src/test/java]
[3701] INFO AstorCoreEngine - ---- Creating spoon model
[3789] INFO MutationSupporter - Creating model,  Code location from working folder: /workdir/jMutRepair_vul4j_spring-projects_spring-security_VUL4J-74/./core/src/main/java
[3789] INFO MutationSupporter - building model: /workdir/jMutRepair_vul4j_spring-projects_spring-security_VUL4J-74/./core/src/main/java, compliance level: 8
[3982] INFO MutationSupporter - Classpath (Dependencies) for building SpoonModel: [/workdir/jMutRepair_vul4j_spring-projects_spring-security_VUL4J-74/core/build/classes/java/test/, /workdir/jMutRepair_vul4j_spring-projects_spring-security_VUL4J-74/core/build/resources/test/, /workdir/jMutRepair_vul4j_spring-projects_spring-security_VUL4J-74/core/build/classes/java/main/, /workdir/jMutRepair_vul4j_spring-projects_spring-security_VUL4J-74/core/build/resources/main/, /root/.gradle/caches/modules-2/files-2.1/org.springframework/spring-context/5.0.13.RELEASE/16f61ac3bf75131034d4ace1ac24b199e03c6ba1/spring-context-5.0.13.RELEASE.jar, /root/.gradle/caches/modules-2/files-2.1/org.springframework/spring-aop/5.0.13.RELEASE/eb756b27d894d4de9491513a7f641e1ad2effcab/spring-aop-5.0.13.RELEASE.jar, /root/.gradle/caches/modules-2/files-2.1/org.springframework/spring-beans/5.0.13.RELEASE/13880e7cd21df626736d6a4f5decd17b42cdeaca/spring-beans-5.0.13.RELEASE.jar, /root/.gradle/caches/modules-2/files-2.1/org.springframework/spring-expression/5.0.13.RELEASE/eb4651b7c53be5a74f45717f262106758e58b681/spring-expression-5.0.13.RELEASE.jar, /root/.gradle/caches/modules-2/files-2.1/org.springframework/spring-test/5.0.13.RELEASE/6558aba528b690efcd04cef853862e66d7ad1fab/spring-test-5.0.13.RELEASE.jar, /root/.gradle/caches/modules-2/files-2.1/org.springframework/spring-core/5.0.13.RELEASE/5a306ec429a43ce126dae5df85927bc91e395894/spring-core-5.0.13.RELEASE.jar, /workdir/jMutRepair_vul4j_spring-projects_spring-security_VUL4J-74/crypto/build/libs/spring-security-crypto-5.0.12.BUILD-SNAPSHOT.jar, /root/.gradle/caches/modules-2/files-2.1/org.powermock/powermock-module-junit4/2.0.0/6930eaf4dec9736d25423f4382d6212c169df576/powermock-module-junit4-2.0.0.jar, /root/.gradle/caches/modules-2/files-2.1/org.powermock/powermock-module-junit4-common/2.0.0/b04042e0669345b338fcd62fe5383de7cb761cf6/powermock-module-junit4-common-2.0.0.jar, /root/.gradle/caches/modules-2/files-2.1/junit/junit/4.12/2973d150c0dc1fefe998f834810d68f278ea58ec/junit-4.12.jar, /root/.gradle/caches/modules-2/files-2.1/org.powermock/powermock-api-mockito2/2.0.0/12d4d2de4152d75421bf0d1da2114370abfa29a5/powermock-api-mockito2-2.0.0.jar, /root/.gradle/caches/modules-2/files-2.1/org.mockito/mockito-core/2.18.3/98aa130476c5d1915dac35b5ad053a7ffcd675bc/mockito-core-2.18.3.jar, /root/.gradle/caches/modules-2/files-2.1/org.assertj/assertj-core/3.11.1/fdac3217b804d6900fa3650f17b5cb48e620b140/assertj-core-3.11.1.jar, /root/.gradle/caches/modules-2/files-2.1/org.powermock/powermock-api-support/2.0.0/baf2d5520bb281b166cef0e9edc7b1ac0b85f813/powermock-api-support-2.0.0.jar, /root/.gradle/caches/modules-2/files-2.1/org.powermock/powermock-core/2.0.0/c34a6706f810172e210d218627abf0541b9d66d2/powermock-core-2.0.0.jar, /root/.gradle/caches/modules-2/files-2.1/org.powermock/powermock-reflect/2.0.0/cd452bc345ec9f88ec5efecd41139de0cb1d4265/powermock-reflect-2.0.0.jar, /root/.gradle/caches/modules-2/files-2.1/commons-collections/commons-collections/3.2.2/8ad72fe39fa8c91eaaf12aadb21e0c3661fe26d5/commons-collections-3.2.2.jar, /root/.gradle/caches/modules-2/files-2.1/io.projectreactor/reactor-test/3.1.16.RELEASE/10759da94b566a03af3892fdf74c1104680a875c/reactor-test-3.1.16.RELEASE.jar, /root/.gradle/caches/modules-2/files-2.1/org.skyscreamer/jsonassert/1.5.0/6c9d5fe2f59da598d9aefc1cfc6528ff3cf32df3/jsonassert-1.5.0.jar, /root/.gradle/caches/modules-2/files-2.1/org.slf4j/jcl-over-slf4j/1.7.26/33fbc2d93de829fa5e263c5ce97f5eab8f57d53e/jcl-over-slf4j-1.7.26.jar, /root/.gradle/caches/modules-2/files-2.1/org.hsqldb/hsqldb/2.4.1/9daff99b4fbd6809fd46ab4327650ad00a1be6d4/hsqldb-2.4.1.jar, /root/.gradle/caches/modules-2/files-2.1/org.springframework/spring-jcl/5.0.13.RELEASE/db00d2cd65e1b556229104cc95ece433a83c72fe/spring-jcl-5.0.13.RELEASE.jar, /root/.gradle/caches/modules-2/files-2.1/org.hamcrest/hamcrest-core/1.3/42a25dc3219429f0e5d060061f71acb49bf010a0/hamcrest-core-1.3.jar, /root/.gradle/caches/modules-2/files-2.1/net.bytebuddy/byte-buddy/1.7.9/51218a01a882c04d0aba8c028179cce488bbcb58/byte-buddy-1.7.9.jar, /root/.gradle/caches/modules-2/files-2.1/net.bytebuddy/byte-buddy-agent/1.7.9/a6c65f9da7f467ee1f02ff2841ffd3155aee2fc9/byte-buddy-agent-1.7.9.jar, /root/.gradle/caches/modules-2/files-2.1/org.objenesis/objenesis/2.6/639033469776fd37c08358c6b92a4761feb2af4b/objenesis-2.6.jar, /root/.gradle/caches/modules-2/files-2.1/org.javassist/javassist/3.22.0-CR2/44eaf0990dea92f4bca4b9931b2239c0e8756ee7/javassist-3.22.0-CR2.jar, /root/.gradle/caches/modules-2/files-2.1/io.projectreactor/reactor-core/3.1.16.RELEASE/80d2b9cdcd3cee810a6a763e084f842b798c2299/reactor-core-3.1.16.RELEASE.jar, /root/.gradle/caches/modules-2/files-2.1/com.vaadin.external.google/android-json/0.0.20131108.vaadin1/fa26d351fe62a6a17f5cda1287c1c6110dec413f/android-json-0.0.20131108.vaadin1.jar, /root/.gradle/caches/modules-2/files-2.1/org.slf4j/slf4j-api/1.7.26/77100a62c2e6f04b53977b9f541044d7d722693d/slf4j-api-1.7.26.jar, /root/.gradle/caches/modules-2/files-2.1/org.reactivestreams/reactive-streams/1.0.1/1b1c911686eb40179219466e6a59b634b9d7a748/reactive-streams-1.0.1.jar, /root/.gradle/caches/modules-2/files-2.1/com.fasterxml.jackson.core/jackson-databind/2.9.8/11283f21cc480aa86c4df7a0a3243ec508372ed2/jackson-databind-2.9.8.jar, /root/.gradle/caches/modules-2/files-2.1/javax.annotation/jsr250-api/1.0/5025422767732a1ab45d93abfea846513d742dcf/jsr250-api-1.0.jar, /root/.gradle/caches/modules-2/files-2.1/net.sf.ehcache/ehcache/2.10.6/38076997b10f5c762a210ea8b9f6099da35ac5f/ehcache-2.10.6.jar, /root/.gradle/caches/modules-2/files-2.1/org.aspectj/aspectjrt/1.9.2/aa6462d131f63569997e74ecd345359a7d22d1d3/aspectjrt-1.9.2.jar, /root/.gradle/caches/modules-2/files-2.1/org.springframework/spring-jdbc/5.0.13.RELEASE/a88af1289bb3253b9d2051956b40b1a3796372c2/spring-jdbc-5.0.13.RELEASE.jar, /root/.gradle/caches/modules-2/files-2.1/org.springframework/spring-tx/5.0.13.RELEASE/a8442e8d2c11fd6a64f0c5476fa0416bb20463fa/spring-tx-5.0.13.RELEASE.jar, /root/.gradle/caches/modules-2/files-2.1/com.fasterxml.jackson.core/jackson-annotations/2.9.8/ba7f0e6f8f1b28d251eeff2a5604bed34c53ff35/jackson-annotations-2.9.8.jar, /root/.gradle/caches/modules-2/files-2.1/com.fasterxml.jackson.core/jackson-core/2.9.8/f5a654e4675769c716e5b387830d19b501ca191/jackson-core-2.9.8.jar]
[28534] INFO AstorCoreEngine - Number of CtTypes created: 249
[28657] INFO AstorCoreEngine - Test retrieved from classes: 0
[28948] INFO AstorCoreEngine - Setting up the max to 2910 milliseconds (2 sec)
[28948] INFO AstorCoreEngine - ---- Initial suspicious size: 3
[29383] INFO main - Total suspicious from FL: 3,  0
[29383] INFO main - Total ModPoint created: 0
[29384] INFO main - Creating program variant #1, [Variant id: 1, #gens: 0, #ops: 0, parent:-]
[29384] ERROR AstorCoreEngine - [warning] Any modification point in variant
[29384] ERROR AstorCoreEngine - Variant with any gen
[29384] WARN ConfigurationProperties - ----------------------------
[29384] INFO ConfigurationProperties - ---Configuration properties
[29384] INFO ConfigurationProperties - p:lastJUnitVersion= ./examples/libs/junit-4.11.jar
[29384] INFO ConfigurationProperties - p:alternativecompliancelevel= 8
[29384] INFO ConfigurationProperties - p:ignoredTestCases= 
[29384] INFO ConfigurationProperties - p:workingDirectory= /workdir/jMutRepair_vul4j_spring-projects_spring-security_VUL4J-74/./output_astor
[29384] INFO ConfigurationProperties - p:manipulatesuper= false
[29384] INFO ConfigurationProperties - p:validation= externalcmd
[29385] INFO ConfigurationProperties - p:jvm4testexecution= /usr/lib/jvm/java-8-openjdk-amd64/bin
[29385] INFO ConfigurationProperties - p:operatorspace= mutationspace
[29385] INFO ConfigurationProperties - p:diffcontext= 0
[29385] INFO ConfigurationProperties - p:binjavafolder= core/build/classes/java/main
[29385] INFO ConfigurationProperties - p:synthesis_depth= 3
[29385] INFO ConfigurationProperties - p:gzoltartestpackagetoexclude= junit.framework
[29385] INFO ConfigurationProperties - p:skipfitnessinitialpopulation= false
[29385] INFO ConfigurationProperties - p:evosuiteresultfolder= evosuite
[29385] INFO ConfigurationProperties - p:flthreshold= 0.1
[29385] INFO ConfigurationProperties - p:regressionforfaultlocalization= true
[29385] INFO ConfigurationProperties - p:collectonlyusedmethod= false
[29385] INFO ConfigurationProperties - p:preservelinenumbers= true
[29385] INFO ConfigurationProperties - p:tmax2= 2910
[29385] INFO ConfigurationProperties - p:tmax1= 10000
[29385] INFO ConfigurationProperties - p:probagenmutation= false
[29385] INFO ConfigurationProperties - p:nomodificationconvergence= 100
[29385] INFO ConfigurationProperties - p:diff_type= relative
[29385] INFO ConfigurationProperties - p:targetelementprocessor= if-conditions:return-op-mutation
[29385] INFO ConfigurationProperties - p:srctestfolder= core/src/test/java
[29385] INFO ConfigurationProperties - p:forceExecuteRegression= false
[29385] INFO ConfigurationProperties - p:clusteringfilename= clustering.csv
[29385] INFO ConfigurationProperties - p:failing= org.springframework.security.core.token.SecureRandomFactoryBeanTests#testCreatesUsingSeed
[29386] INFO ConfigurationProperties - p:logtestexecution= false
[29386] INFO ConfigurationProperties - p:evo_buggy_class= true
[29418] INFO ConfigurationProperties - p:numberExecutions= 1
[29418] INFO ConfigurationProperties - p:maxnumbersolutions= 1000000
[29421] INFO ConfigurationProperties - p:evo_affected_by_op= true
[29421] INFO ConfigurationProperties - p:population= 1
[29421] INFO ConfigurationProperties - p:considerzerovaluesusp= false
[29421] INFO ConfigurationProperties - p:maxCombinationVariableLimit= false
[29421] INFO ConfigurationProperties - p:savesolution= true
[29421] INFO ConfigurationProperties - p:javacompliancelevel= 8
[29421] INFO ConfigurationProperties - p:x= x
[29421] INFO ConfigurationProperties - p:uniqueoptogen= false
[29421] INFO ConfigurationProperties - p:gzoltarpackagetonotinstrument= junit.framework
[29421] INFO ConfigurationProperties - p:projectIdentifier= spring-projects_spring-security-VUL4J-74
[29422] INFO ConfigurationProperties - p:modificationpointnavigation= weight
[29422] INFO ConfigurationProperties - p:stopfirst= true
[29423] INFO ConfigurationProperties - p:multipointmodification= false
[29423] INFO ConfigurationProperties - p:elementsToMutate= 10
[29423] INFO ConfigurationProperties - p:jsonoutputname= astor_output
[29423] INFO ConfigurationProperties - p:evoDSE= false
[29423] INFO ConfigurationProperties - p:bintestfolder= core/build/classes/java/test
[29423] INFO ConfigurationProperties - p:testbystep= false
[29423] INFO ConfigurationProperties - p:version-location= ./math-version/
[29423] INFO ConfigurationProperties - p:reintroduce= PARENTS:ORIGINAL
[29423] INFO ConfigurationProperties - p:perfectdata= /script/../data/benchmarks/vul4j/perfectfl/VUL4J-74
[29423] INFO ConfigurationProperties - p:executorjar= ./lib/jtestex7.jar
[29423] INFO ConfigurationProperties - p:maxGeneration= 1000000
[29423] INFO ConfigurationProperties - p:max_synthesis_step= 10000
[29423] INFO ConfigurationProperties - p:projectinfocommand= com.github.tdurieux:project-config-maven-plugin:info
[29424] INFO ConfigurationProperties - p:maxVarCombination= 1000
[29424] INFO ConfigurationProperties - p:maxtime= 120
[29424] INFO ConfigurationProperties - p:evosuitejar= ./lib/evosuite-master-1.0.4-SNAPSHOT.jar
[29424] INFO ConfigurationProperties - p:jvmversion= 1.8.0_342
[29424] INFO ConfigurationProperties - p:commandTrunk= 50000
[29424] INFO ConfigurationProperties - p:faultlocalization= perfect
[29424] INFO ConfigurationProperties - p:resetmodel= true
[29425] INFO ConfigurationProperties - p:maxsuspcandidates= 1000
[29425] INFO ConfigurationProperties - p:mode= jMutRepair
[29425] INFO ConfigurationProperties - p:learningdir= 
[29425] INFO ConfigurationProperties - p:jvm4evosuitetestexecution= /usr/lib/jvm/java-8-openjdk-amd64/bin
[29426] INFO ConfigurationProperties - p:filterfaultlocalization= true
[29426] INFO ConfigurationProperties - p:mutationrate= 1 
[29426] INFO ConfigurationProperties - p:pathToMVNRepository= 
[29426] INFO ConfigurationProperties - p:resourcesfolder= /src/main/resources:/src/test/resources:
[29426] INFO ConfigurationProperties - p:timezone= America/Los_Angeles
[29426] INFO ConfigurationProperties - p:runjava7code= false
[29426] INFO ConfigurationProperties - p:testfailingcmd= ./gradlew :spring-security-core:test --tests org.springframework.security.core.token.SecureRandomFactoryBeanTests.testCreatesUsingSeed
[29426] INFO ConfigurationProperties - p:evoRunOnBuggyClass= true
[29426] INFO ConfigurationProperties - p:compiler= fr.inria.astor.core.manipulation.bytecode.compiler.SpoonClassCompiler
[29426] INFO ConfigurationProperties - p:limitbysuspicious= true
[29426] INFO ConfigurationProperties - p:logsattemps= true
[29426] INFO ConfigurationProperties - p:dependenciespath= /workdir/jMutRepair_vul4j_spring-projects_spring-security_VUL4J-74/core/build/classes/java/test:/workdir/jMutRepair_vul4j_spring-projects_spring-security_VUL4J-74/core/build/resources/test:/workdir/jMutRepair_vul4j_spring-projects_spring-security_VUL4J-74/core/build/classes/java/main:/workdir/jMutRepair_vul4j_spring-projects_spring-security_VUL4J-74/core/build/resources/main:/root/.gradle/caches/modules-2/files-2.1/org.springframework/spring-context/5.0.13.RELEASE/16f61ac3bf75131034d4ace1ac24b199e03c6ba1/spring-context-5.0.13.RELEASE.jar:/root/.gradle/caches/modules-2/files-2.1/org.springframework/spring-aop/5.0.13.RELEASE/eb756b27d894d4de9491513a7f641e1ad2effcab/spring-aop-5.0.13.RELEASE.jar:/root/.gradle/caches/modules-2/files-2.1/org.springframework/spring-beans/5.0.13.RELEASE/13880e7cd21df626736d6a4f5decd17b42cdeaca/spring-beans-5.0.13.RELEASE.jar:/root/.gradle/caches/modules-2/files-2.1/org.springframework/spring-expression/5.0.13.RELEASE/eb4651b7c53be5a74f45717f262106758e58b681/spring-expression-5.0.13.RELEASE.jar:/root/.gradle/caches/modules-2/files-2.1/org.springframework/spring-test/5.0.13.RELEASE/6558aba528b690efcd04cef853862e66d7ad1fab/spring-test-5.0.13.RELEASE.jar:/root/.gradle/caches/modules-2/files-2.1/org.springframework/spring-core/5.0.13.RELEASE/5a306ec429a43ce126dae5df85927bc91e395894/spring-core-5.0.13.RELEASE.jar:/workdir/jMutRepair_vul4j_spring-projects_spring-security_VUL4J-74/crypto/build/libs/spring-security-crypto-5.0.12.BUILD-SNAPSHOT.jar:/root/.gradle/caches/modules-2/files-2.1/org.powermock/powermock-module-junit4/2.0.0/6930eaf4dec9736d25423f4382d6212c169df576/powermock-module-junit4-2.0.0.jar:/root/.gradle/caches/modules-2/files-2.1/org.powermock/powermock-module-junit4-common/2.0.0/b04042e0669345b338fcd62fe5383de7cb761cf6/powermock-module-junit4-common-2.0.0.jar:/root/.gradle/caches/modules-2/files-2.1/junit/junit/4.12/2973d150c0dc1fefe998f834810d68f278ea58ec/junit-4.12.jar:/root/.gradle/caches/modules-2/files-2.1/org.powermock/powermock-api-mockito2/2.0.0/12d4d2de4152d75421bf0d1da2114370abfa29a5/powermock-api-mockito2-2.0.0.jar:/root/.gradle/caches/modules-2/files-2.1/org.mockito/mockito-core/2.18.3/98aa130476c5d1915dac35b5ad053a7ffcd675bc/mockito-core-2.18.3.jar:/root/.gradle/caches/modules-2/files-2.1/org.assertj/assertj-core/3.11.1/fdac3217b804d6900fa3650f17b5cb48e620b140/assertj-core-3.11.1.jar:/root/.gradle/caches/modules-2/files-2.1/org.powermock/powermock-api-support/2.0.0/baf2d5520bb281b166cef0e9edc7b1ac0b85f813/powermock-api-support-2.0.0.jar:/root/.gradle/caches/modules-2/files-2.1/org.powermock/powermock-core/2.0.0/c34a6706f810172e210d218627abf0541b9d66d2/powermock-core-2.0.0.jar:/root/.gradle/caches/modules-2/files-2.1/org.powermock/powermock-reflect/2.0.0/cd452bc345ec9f88ec5efecd41139de0cb1d4265/powermock-reflect-2.0.0.jar:/root/.gradle/caches/modules-2/files-2.1/commons-collections/commons-collections/3.2.2/8ad72fe39fa8c91eaaf12aadb21e0c3661fe26d5/commons-collections-3.2.2.jar:/root/.gradle/caches/modules-2/files-2.1/io.projectreactor/reactor-test/3.1.16.RELEASE/10759da94b566a03af3892fdf74c1104680a875c/reactor-test-3.1.16.RELEASE.jar:/root/.gradle/caches/modules-2/files-2.1/org.skyscreamer/jsonassert/1.5.0/6c9d5fe2f59da598d9aefc1cfc6528ff3cf32df3/jsonassert-1.5.0.jar:/root/.gradle/caches/modules-2/files-2.1/org.slf4j/jcl-over-slf4j/1.7.26/33fbc2d93de829fa5e263c5ce97f5eab8f57d53e/jcl-over-slf4j-1.7.26.jar:/root/.gradle/caches/modules-2/files-2.1/org.hsqldb/hsqldb/2.4.1/9daff99b4fbd6809fd46ab4327650ad00a1be6d4/hsqldb-2.4.1.jar:/root/.gradle/caches/modules-2/files-2.1/org.springframework/spring-jcl/5.0.13.RELEASE/db00d2cd65e1b556229104cc95ece433a83c72fe/spring-jcl-5.0.13.RELEASE.jar:/root/.gradle/caches/modules-2/files-2.1/org.hamcrest/hamcrest-core/1.3/42a25dc3219429f0e5d060061f71acb49bf010a0/hamcrest-core-1.3.jar:/root/.gradle/caches/modules-2/files-2.1/net.bytebuddy/byte-buddy/1.7.9/51218a01a882c04d0aba8c028179cce488bbcb58/byte-buddy-1.7.9.jar:/root/.gradle/caches/modules-2/files-2.1/net.bytebuddy/byte-buddy-agent/1.7.9/a6c65f9da7f467ee1f02ff2841ffd3155aee2fc9/byte-buddy-agent-1.7.9.jar:/root/.gradle/caches/modules-2/files-2.1/org.objenesis/objenesis/2.6/639033469776fd37c08358c6b92a4761feb2af4b/objenesis-2.6.jar:/root/.gradle/caches/modules-2/files-2.1/org.javassist/javassist/3.22.0-CR2/44eaf0990dea92f4bca4b9931b2239c0e8756ee7/javassist-3.22.0-CR2.jar:/root/.gradle/caches/modules-2/files-2.1/io.projectreactor/reactor-core/3.1.16.RELEASE/80d2b9cdcd3cee810a6a763e084f842b798c2299/reactor-core-3.1.16.RELEASE.jar:/root/.gradle/caches/modules-2/files-2.1/com.vaadin.external.google/android-json/0.0.20131108.vaadin1/fa26d351fe62a6a17f5cda1287c1c6110dec413f/android-json-0.0.20131108.vaadin1.jar:/root/.gradle/caches/modules-2/files-2.1/org.slf4j/slf4j-api/1.7.26/77100a62c2e6f04b53977b9f541044d7d722693d/slf4j-api-1.7.26.jar:/root/.gradle/caches/modules-2/files-2.1/org.reactivestreams/reactive-streams/1.0.1/1b1c911686eb40179219466e6a59b634b9d7a748/reactive-streams-1.0.1.jar:/root/.gradle/caches/modules-2/files-2.1/com.fasterxml.jackson.core/jackson-databind/2.9.8/11283f21cc480aa86c4df7a0a3243ec508372ed2/jackson-databind-2.9.8.jar:/root/.gradle/caches/modules-2/files-2.1/javax.annotation/jsr250-api/1.0/5025422767732a1ab45d93abfea846513d742dcf/jsr250-api-1.0.jar:/root/.gradle/caches/modules-2/files-2.1/net.sf.ehcache/ehcache/2.10.6/38076997b10f5c762a210ea8b9f6099da35ac5f/ehcache-2.10.6.jar:/root/.gradle/caches/modules-2/files-2.1/org.aspectj/aspectjrt/1.9.2/aa6462d131f63569997e74ecd345359a7d22d1d3/aspectjrt-1.9.2.jar:/root/.gradle/caches/modules-2/files-2.1/org.springframework/spring-jdbc/5.0.13.RELEASE/a88af1289bb3253b9d2051956b40b1a3796372c2/spring-jdbc-5.0.13.RELEASE.jar:/root/.gradle/caches/modules-2/files-2.1/org.springframework/spring-tx/5.0.13.RELEASE/a8442e8d2c11fd6a64f0c5476fa0416bb20463fa/spring-tx-5.0.13.RELEASE.jar:/root/.gradle/caches/modules-2/files-2.1/com.fasterxml.jackson.core/jackson-annotations/2.9.8/ba7f0e6f8f1b28d251eeff2a5604bed34c53ff35/jackson-annotations-2.9.8.jar:/root/.gradle/caches/modules-2/files-2.1/com.fasterxml.jackson.core/jackson-core/2.9.8/f5a654e4675769c716e5b387830d19b501ca191/jackson-core-2.9.8.jar
[29426] INFO ConfigurationProperties - p:packageToInstrument= 
[29426] INFO ConfigurationProperties - p:skipfaultlocalization= false
[29427] INFO ConfigurationProperties - p:scope= local
[29427] INFO ConfigurationProperties - p:transformingredient= false
[29427] INFO ConfigurationProperties - p:fitnessfunction= fr.inria.astor.core.solutionsearch.population.TestCaseFitnessFunction
[29427] INFO ConfigurationProperties - p:maxnumvariablesperingredient= 10
[29427] INFO ConfigurationProperties - p:parsesourcefromoriginal= true
[29427] INFO ConfigurationProperties - p:pvariantfoldername= variant-
[29427] INFO ConfigurationProperties - p:savespoonmodelondisk= false
[29427] INFO ConfigurationProperties - p:srcjavafolder= core/src/main/java
[29427] INFO ConfigurationProperties - p:populationcontroller= fr.inria.astor.core.solutionsearch.population.TestCaseBasedFitnessPopulationController
[29427] INFO ConfigurationProperties - p:ignoreflakyinfl= false
[29427] INFO ConfigurationProperties - p:cleantemplates= true
[29427] INFO ConfigurationProperties - p:applyCrossover= false
[29427] INFO ConfigurationProperties - p:maxmodificationpoints= 1000
[29427] INFO ConfigurationProperties - p:duplicateingredientsinspace= false
[29427] INFO ConfigurationProperties - p:metid= 0
[29427] INFO ConfigurationProperties - p:continuewhenmodelfail= true
[29428] INFO ConfigurationProperties - p:saveall= false
[29428] INFO ConfigurationProperties - p:seed= 0
[29428] INFO ConfigurationProperties - p:savecompletepatched= true
[29428] INFO ConfigurationProperties - p:resetoperations= false
[29428] INFO ConfigurationProperties - p:keepcomments= false
[29428] INFO ConfigurationProperties - p:processoutputinfile= false
[29428] INFO ConfigurationProperties - p:location= .
[29428] INFO ConfigurationProperties - p:probabilistictransformation= true
[29430] INFO ConfigurationProperties - p:overridemaxtime= true
[29430] INFO ConfigurationProperties - p:outputjsonresult= true
[29430] INFO ConfigurationProperties - p:allpoints= false
[29430] INFO ConfigurationProperties - p:antipattern= false
[29430] INFO ConfigurationProperties - p:bugId= 280
[29430] INFO ConfigurationProperties - p:evosuitetimeout= 120
[29430] INFO ConfigurationProperties - p:maxtimefactor= 10
[29430] INFO ConfigurationProperties - p:nrPlaceholders= 1
[29430] INFO ConfigurationProperties - p:testallcmd= ./gradlew :spring-security-core:test
[29430] INFO ConfigurationProperties - p:forcesubprocesskilling= false
[29430] INFO ConfigurationProperties - ----------------------------
[29431] INFO AstorCoreEngine - Time Repair Loop (s): 0.0
[29432] INFO AstorCoreEngine - generationsexecuted: 1
[29432] WARN AstorCoreEngine - ----SUMMARY_EXECUTION---
[29432] WARN AstorCoreEngine - End Repair Search: NOT Found solution
[29435] WARN AstorCoreEngine - Number suspicious:1
[29436] INFO AstorCoreEngine - 
 --SOLUTIONS DESCRIPTION--


Astor Output:

General stats:
EXECUTION_IDENTIFIER=spring-projects_spring-security-VUL4J-74
TOTAL_TIME=0.0
NR_GENERATIONS=null
NR_RIGHT_COMPILATIONS=null
NR_FAILLING_COMPILATIONS=null
NR_ERRONEOUS_VARIANCES=null
NR_FAILING_VALIDATION_PROCESS=null
OUTPUT_STATUS=EXHAUSTIVE_NAVIGATED

Patch stats:

[29447] INFO Stats - Storing ing JSON at /workdir/jMutRepair_vul4j_spring-projects_spring-security_VUL4J-74/./output_astor/AstorMain-spring-projects_spring-security-VUL4J-74//astor_output.json
[29447] INFO Stats - astor_output:
{"general":{"NR_RIGHT_COMPILATIONS":null,"NR_ERRONEOUS_VARIANCES":null,"EXECUTION_IDENTIFIER":"spring-projects_spring-security-VUL4J-74","OUTPUT_STATUS":"EXHAUSTIVE_NAVIGATED","NR_FAILLING_COMPILATIONS":null,"NR_GENERATIONS":null,"TOTAL_TIME":0.0,"NR_FAILING_VALIDATION_PROCESS":null},"patches":[]}
[29447] INFO AstorMain - Time Total(s): 29.408
26.58user 4.03system 0:31.73elapsed 96%CPU (0avgtext+0avgdata 512112maxresident)k
192inputs+8208outputs (0major+136369minor)pagefaults 0swaps


Node: 9670332cfea8



Date: Fri Sep  9 07:11:04 EDT 2022

