cd /workdir/Arja_vul4j_javamelody_javamelody_VUL4J-50;
export JAVA_TOOL_OPTIONS="-Dfile.encoding=UTF8 -Duser.language=en-US -Duser.country=US -Duser.language=en";
TZ="America/New_York"; export TZ;
export PATH="/usr/lib/jvm/java-8-openjdk-amd64/bin:$PATH";
export JAVA_HOME="/usr/lib/jvm/java-8-openjdk-amd64";
timeout 240m java -Xmx4g -Xms1g -XX:MaxPermSize=512m -cp /script/../libs/jmetal.jar:/script/../repair_tools/arja.jar us.msu.cse.repair.Main \
	Arja \
	-DexternalProjRoot /script/../libs/arja_external \
	-DprojectDir /workdir/Arja_vul4j_javamelody_javamelody_VUL4J-50 \
    -DtestFiltered false \
    -DrunTestCommand "mvn test -pl javamelody-core -Dhttps.protocols=TLSv1.2 -Denforcer.skip=true -Dcheckstyle.skip=true -Dcobertura.skip=true -DskipITs=true -Drat.skip=true -Dlicense.skip=true -Dpmd.skip=true -Dfindbugs.skip=true -Dgpg.skip=true -Dskip.npm=true -Dskip.gulp=true -Dskip.bower=true -Danimal.sniffer.skip=true -V -B" \
	-DsrcJavaDir /workdir/Arja_vul4j_javamelody_javamelody_VUL4J-50/javamelody-core/src/main/java \
	-DbinJavaDir /workdir/Arja_vul4j_javamelody_javamelody_VUL4J-50/javamelody-core/target/classes \
	-DbinTestDir /workdir/Arja_vul4j_javamelody_javamelody_VUL4J-50/javamelody-core/target/test-classes \
	-DdiffFormat true \
	-Dseed 0 \
	-DgzoltarDataDir /script/../data/benchmarks/vul4j/perfectfl/VUL4J-50 \
	-Ddependences /root/.m2/repository/javax/servlet/javax.servlet-api/3.0.1/javax.servlet-api-3.0.1.jar:/root/.m2/repository/org/springframework/spring-core/2.5.6/spring-core-2.5.6.jar:/root/.m2/repository/com/h2database/h2/1.3.170/h2-1.3.170.jar:/root/.m2/repository/org/jrobin/jrobin/1.5.9/jrobin-1.5.9.jar:/root/.m2/repository/org/hamcrest/hamcrest-core/1.3/hamcrest-core-1.3.jar:/root/.m2/repository/com/google/inject/guice/2.0/guice-2.0.jar:/root/.m2/repository/javax/ejb/ejb-api/3.0/ejb-api-3.0.jar:/root/.m2/repository/org/hibernate/hibernate-commons-annotations/3.2.0.Final/hibernate-commons-annotations-3.2.0.Final.jar:/root/.m2/repository/org/apache/tomcat/tomcat-juli/7.0.27/tomcat-juli-7.0.27.jar:/root/.m2/repository/commons-collections/commons-collections/3.1/commons-collections-3.1.jar:/root/.m2/repository/ch/qos/logback/logback-core/0.9.19/logback-core-0.9.19.jar:/root/.m2/repository/commons-logging/commons-logging/1.0.4/commons-logging-1.0.4.jar:/root/.m2/repository/commons-pool/commons-pool/1.3/commons-pool-1.3.jar:/root/.m2/repository/org/apache/tomcat/tomcat-jdbc/7.0.27/tomcat-jdbc-7.0.27.jar:/root/.m2/repository/net/sf/ehcache/ehcache/1.6.0/ehcache-1.6.0.jar:/root/.m2/repository/org/springframework/spring-beans/2.5.6/spring-beans-2.5.6.jar:/root/.m2/repository/antlr/antlr/2.7.6/antlr-2.7.6.jar:/root/.m2/repository/org/objenesis/objenesis/1.2/objenesis-1.2.jar:/root/.m2/repository/org/apache/tomcat/dbcp/6.0.18/dbcp-6.0.18.jar:/root/.m2/repository/org/hibernate/hibernate-core/3.6.9.Final/hibernate-core-3.6.9.Final.jar:/root/.m2/repository/dom4j/dom4j/1.6.1/dom4j-1.6.1.jar:/root/.m2/repository/javax/transaction/jta/1.1/jta-1.1.jar:/root/.m2/repository/xmlpull/xmlpull/1.1.3.1/xmlpull-1.1.3.1.jar:/root/.m2/repository/org/springframework/spring-aop/2.5.6/spring-aop-2.5.6.jar:/root/.m2/repository/org/slf4j/slf4j-api/1.5.11/slf4j-api-1.5.11.jar:/root/.m2/repository/aopalliance/aopalliance/1.0/aopalliance-1.0.jar:/root/.m2/repository/log4j/log4j/1.2.16/log4j-1.2.16.jar:/root/.m2/repository/com/thoughtworks/xstream/xstream/1.4.2/xstream-1.4.2.jar:/root/.m2/repository/javax/el/javax.el-api/2.2.1/javax.el-api-2.2.1.jar:/root/.m2/repository/javax/faces/javax.faces-api/2.1/javax.faces-api-2.1.jar:/root/.m2/repository/com/opensymphony/xwork/2.1.0/xwork-2.1.0.jar:/root/.m2/repository/cglib/cglib-nodep/2.2.2/cglib-nodep-2.2.2.jar:/root/.m2/repository/org/hibernate/javax/persistence/hibernate-jpa-2.0-api/1.0.1.Final/hibernate-jpa-2.0-api-1.0.1.Final.jar:/root/.m2/repository/org/easymock/easymock/3.1/easymock-3.1.jar:/root/.m2/repository/org/springframework/spring-context/2.5.6/spring-context-2.5.6.jar:/root/.m2/repository/com/sun/faces/jsf-impl/2.1.5/jsf-impl-2.1.5.jar:/root/.m2/repository/opensymphony/ognl/2.6.11/ognl-2.6.11.jar:/root/.m2/repository/javax/activation/activation/1.1/activation-1.1.jar:/root/.m2/repository/ch/qos/logback/logback-classic/0.9.19/logback-classic-0.9.19.jar:/root/.m2/repository/xpp3/xpp3_min/1.1.4c/xpp3_min-1.1.4c.jar:/root/.m2/repository/javax/mail/mail/1.4.1/mail-1.4.1.jar:/root/.m2/repository/commons-dbcp/commons-dbcp/1.2.2/commons-dbcp-1.2.2.jar:/root/.m2/repository/junit/junit/4.11/junit-4.11.jar:/root/.m2/repository/com/lowagie/itext/2.1.7/itext-2.1.7.jar:/root/.m2/repository/quartz/quartz/1.5.2/quartz-1.5.2.jar;
	echo "\n\nNode: `hostname`\n";
	echo "\n\nDate: `date`\n";
Picked up JAVA_TOOL_OPTIONS: -Dfile.encoding=UTF8 -Duser.language=en-US -Duser.country=US -Duser.language=en
OpenJDK 64-Bit Server VM warning: ignoring option MaxPermSize=512m; support was removed in 8.0
Fault localization starts...
Number of positive tests: 276
Number of negative tests: 1
Negative tests: [net.bull.javamelody.TestHtmlSessionInformationsReport#testCVE_2013_4378]
Faulty Lines: 
net.bull.javamelody.HtmlSessionInformationsReport#162:1.0
Fault localization is finished!
AST parsing starts...
AST parsing is finished!
Detection of local variables starts...
Detection of local variables is finished!
Detection of fields starts...
Detection of fields is finished!
Detection of methods starts...
Detection of methods is finished!
Ingredient screener starts...
Ingredient screener is finished!
Initialization of manipulations starts...
Initialization of manipulations is finished!
Filtering of the tests starts...
Number of positive tests considered: 276
Filtering of the tests is finished!
----------------------------------
Patch Candidate:
@@ -159,7 +159,6 @@ class HtmlSessionInformationsReport extends HtmlAbstractReport {
if (remoteAddr == null) {
write("&nbsp;");
} else {
-			write(remoteAddr);
}
write(nextColumnAlignCenter);
writeCountry(session);
Number of failed tests: 0, 0
Weighted failure rate: 0.0
----------------------------------
Patch Candidate:
@@ -159,7 +159,6 @@ class HtmlSessionInformationsReport extends HtmlAbstractReport {
if (remoteAddr == null) {
write("&nbsp;");
} else {
-			write(remoteAddr);
}
write(nextColumnAlignCenter);
writeCountry(session);
Number of failed tests: 0, 0
Weighted failure rate: 0.0
----------------------------------
Patch Candidate:
@@ -159,7 +159,6 @@ class HtmlSessionInformationsReport extends HtmlAbstractReport {
if (remoteAddr == null) {
write("&nbsp;");
} else {
-			write(remoteAddr);
}
write(nextColumnAlignCenter);
writeCountry(session);
Number of failed tests: 0, 0
Weighted failure rate: 0.0
----------------------------------
Patch Candidate:
@@ -159,7 +159,6 @@ class HtmlSessionInformationsReport extends HtmlAbstractReport {
if (remoteAddr == null) {
write("&nbsp;");
} else {
-			write(remoteAddr);
}
write(nextColumnAlignCenter);
writeCountry(session);
Number of failed tests: 0, 0
Weighted failure rate: 0.0
----------------------------------
Patch Candidate:
@@ -159,7 +159,6 @@ class HtmlSessionInformationsReport extends HtmlAbstractReport {
if (remoteAddr == null) {
write("&nbsp;");
} else {
-			write(remoteAddr);
}
write(nextColumnAlignCenter);
writeCountry(session);
Number of failed tests: 0, 0
Weighted failure rate: 0.0
----------------------------------
Patch Candidate:
@@ -159,7 +159,6 @@ class HtmlSessionInformationsReport extends HtmlAbstractReport {
if (remoteAddr == null) {
write("&nbsp;");
} else {
-			write(remoteAddr);
}
write(nextColumnAlignCenter);
writeCountry(session);
Number of failed tests: 0, 0
Weighted failure rate: 0.0
----------------------------------
Patch Candidate:
java.io.IOException: Stream closed
	at java.io.BufferedInputStream.getBufIfOpen(BufferedInputStream.java:170)
	at java.io.BufferedInputStream.read(BufferedInputStream.java:336)
	at sun.nio.cs.StreamDecoder.readBytes(StreamDecoder.java:284)
	at sun.nio.cs.StreamDecoder.implRead(StreamDecoder.java:326)
	at sun.nio.cs.StreamDecoder.read(StreamDecoder.java:178)
	at java.io.InputStreamReader.read(InputStreamReader.java:184)
	at java.io.BufferedReader.fill(BufferedReader.java:161)
	at java.io.BufferedReader.readLine(BufferedReader.java:324)
	at java.io.BufferedReader.readLine(BufferedReader.java:389)
	at us.msu.cse.repair.core.util.StreamReaderThread.run(StreamReaderThread.java:36)
java.lang.IllegalStateException: Exception Occurred
	at us.msu.cse.repair.core.testexecutors.RExternalTestExecutor.runShell(RExternalTestExecutor.java:108)
	at us.msu.cse.repair.core.testexecutors.RExternalTestExecutor.runTests(RExternalTestExecutor.java:44)
	at us.msu.cse.repair.ec.problems.ArjaProblem.invokeTestExecutor(ArjaProblem.java:248)
	at us.msu.cse.repair.ec.problems.ArjaProblem.evaluate(ArjaProblem.java:177)
	at jmetal.metaheuristics.nsgaII.NSGAII.execute(NSGAII.java:124)
	at us.msu.cse.repair.core.AbstractRepairAlgorithm.execute(AbstractRepairAlgorithm.java:18)
	at us.msu.cse.repair.ArjaMain.main(ArjaMain.java:66)
	at us.msu.cse.repair.Main.main(Main.java:8)
java.lang.NullPointerException
	at us.msu.cse.repair.core.testexecutors.RExternalTestExecutor.runTests(RExternalTestExecutor.java:85)
	at us.msu.cse.repair.ec.problems.ArjaProblem.invokeTestExecutor(ArjaProblem.java:248)
	at us.msu.cse.repair.ec.problems.ArjaProblem.evaluate(ArjaProblem.java:177)
	at jmetal.metaheuristics.nsgaII.NSGAII.execute(NSGAII.java:124)
	at us.msu.cse.repair.core.AbstractRepairAlgorithm.execute(AbstractRepairAlgorithm.java:18)
	at us.msu.cse.repair.ArjaMain.main(ArjaMain.java:66)
	at us.msu.cse.repair.Main.main(Main.java:8)
----------------------------------
Patch Candidate:
@@ -159,7 +159,6 @@ class HtmlSessionInformationsReport extends HtmlAbstractReport {
if (remoteAddr == null) {
write("&nbsp;");
} else {
-			write(remoteAddr);
}
write(nextColumnAlignCenter);
writeCountry(session);
Number of failed tests: 0, 0
Weighted failure rate: 0.0
----------------------------------
Patch Candidate:
@@ -159,7 +159,6 @@ class HtmlSessionInformationsReport extends HtmlAbstractReport {
if (remoteAddr == null) {
write("&nbsp;");
} else {
-			write(remoteAddr);
}
write(nextColumnAlignCenter);
writeCountry(session);
Number of failed tests: 0, 0
Weighted failure rate: 0.0
----------------------------------
Patch Candidate:
@@ -159,7 +159,6 @@ class HtmlSessionInformationsReport extends HtmlAbstractReport {
if (remoteAddr == null) {
write("&nbsp;");
} else {
-			write(remoteAddr);
}
write(nextColumnAlignCenter);
writeCountry(session);
Number of failed tests: 0, 0
Weighted failure rate: 0.0
----------------------------------
Patch Candidate:
@@ -159,7 +159,6 @@ class HtmlSessionInformationsReport extends HtmlAbstractReport {
if (remoteAddr == null) {
write("&nbsp;");
} else {
-			write(remoteAddr);
}
write(nextColumnAlignCenter);
writeCountry(session);
Number of failed tests: 0, 0
Weighted failure rate: 0.0
----------------------------------
Patch Candidate:
@@ -159,7 +159,6 @@ class HtmlSessionInformationsReport extends HtmlAbstractReport {
if (remoteAddr == null) {
write("&nbsp;");
} else {
-			write(remoteAddr);
}
write(nextColumnAlignCenter);
writeCountry(session);
Number of failed tests: 0, 0
Weighted failure rate: 0.0
----------------------------------
Patch Candidate:
@@ -159,7 +159,6 @@ class HtmlSessionInformationsReport extends HtmlAbstractReport {
if (remoteAddr == null) {
write("&nbsp;");
} else {
-			write(remoteAddr);
}
write(nextColumnAlignCenter);
writeCountry(session);
Number of failed tests: 0, 0
Weighted failure rate: 0.0
----------------------------------
Patch Candidate:
@@ -159,7 +159,6 @@ class HtmlSessionInformationsReport extends HtmlAbstractReport {
if (remoteAddr == null) {
write("&nbsp;");
} else {
-			write(remoteAddr);
}
write(nextColumnAlignCenter);
writeCountry(session);
Number of failed tests: 0, 0
Weighted failure rate: 0.0
----------------------------------
Patch Candidate:
@@ -159,7 +159,6 @@ class HtmlSessionInformationsReport extends HtmlAbstractReport {
if (remoteAddr == null) {
write("&nbsp;");
} else {
-			write(remoteAddr);
}
write(nextColumnAlignCenter);
writeCountry(session);
Number of failed tests: 0, 0
Weighted failure rate: 0.0
----------------------------------
Patch Candidate:
@@ -159,7 +159,6 @@ class HtmlSessionInformationsReport extends HtmlAbstractReport {
if (remoteAddr == null) {
write("&nbsp;");
} else {
-			write(remoteAddr);
}
write(nextColumnAlignCenter);
writeCountry(session);
Number of failed tests: 0, 0
Weighted failure rate: 0.0
----------------------------------
Patch Candidate:
@@ -159,7 +159,6 @@ class HtmlSessionInformationsReport extends HtmlAbstractReport {
if (remoteAddr == null) {
write("&nbsp;");
} else {
-			write(remoteAddr);
}
write(nextColumnAlignCenter);
writeCountry(session);
Number of failed tests: 0, 0
Weighted failure rate: 0.0
----------------------------------
Patch Candidate:
@@ -159,7 +159,6 @@ class HtmlSessionInformationsReport extends HtmlAbstractReport {
if (remoteAddr == null) {
write("&nbsp;");
} else {
-			write(remoteAddr);
}
write(nextColumnAlignCenter);
writeCountry(session);
Number of failed tests: 0, 0
Weighted failure rate: 0.0
----------------------------------
Patch Candidate:
@@ -159,7 +159,6 @@ class HtmlSessionInformationsReport extends HtmlAbstractReport {
if (remoteAddr == null) {
write("&nbsp;");
} else {
-			write(remoteAddr);
}
write(nextColumnAlignCenter);
writeCountry(session);
Number of failed tests: 0, 0
Weighted failure rate: 0.0
----------------------------------
Patch Candidate:
@@ -159,7 +159,6 @@ class HtmlSessionInformationsReport extends HtmlAbstractReport {
if (remoteAddr == null) {
write("&nbsp;");
} else {
-			write(remoteAddr);
}
write(nextColumnAlignCenter);
writeCountry(session);
Number of failed tests: 0, 0
Weighted failure rate: 0.0
----------------------------------
Patch Candidate:
java.io.IOException: Stream closed
	at java.io.BufferedInputStream.getBufIfOpen(BufferedInputStream.java:170)
	at java.io.BufferedInputStream.read1(BufferedInputStream.java:283)
	at java.io.BufferedInputStream.read(BufferedInputStream.java:345)
	at sun.nio.cs.StreamDecoder.readBytes(StreamDecoder.java:284)
	at sun.nio.cs.StreamDecoder.implRead(StreamDecoder.java:326)
	at sun.nio.cs.StreamDecoder.read(StreamDecoder.java:178)
	at java.io.InputStreamReader.read(InputStreamReader.java:184)
	at java.io.BufferedReader.fill(BufferedReader.java:161)
	at java.io.BufferedReader.readLine(BufferedReader.java:324)
	at java.io.BufferedReader.readLine(BufferedReader.java:389)
	at us.msu.cse.repair.core.util.StreamReaderThread.run(StreamReaderThread.java:36)
java.lang.IllegalStateException: Exception Occurred
	at us.msu.cse.repair.core.testexecutors.RExternalTestExecutor.runShell(RExternalTestExecutor.java:108)
	at us.msu.cse.repair.core.testexecutors.RExternalTestExecutor.runTests(RExternalTestExecutor.java:44)
	at us.msu.cse.repair.ec.problems.ArjaProblem.invokeTestExecutor(ArjaProblem.java:248)
	at us.msu.cse.repair.ec.problems.ArjaProblem.evaluate(ArjaProblem.java:177)
	at jmetal.metaheuristics.nsgaII.NSGAII.execute(NSGAII.java:122)
	at us.msu.cse.repair.core.AbstractRepairAlgorithm.execute(AbstractRepairAlgorithm.java:18)
	at us.msu.cse.repair.ArjaMain.main(ArjaMain.java:66)
	at us.msu.cse.repair.Main.main(Main.java:8)
java.lang.NullPointerException
	at us.msu.cse.repair.core.testexecutors.RExternalTestExecutor.runTests(RExternalTestExecutor.java:85)
	at us.msu.cse.repair.ec.problems.ArjaProblem.invokeTestExecutor(ArjaProblem.java:248)
	at us.msu.cse.repair.ec.problems.ArjaProblem.evaluate(ArjaProblem.java:177)
	at jmetal.metaheuristics.nsgaII.NSGAII.execute(NSGAII.java:122)
	at us.msu.cse.repair.core.AbstractRepairAlgorithm.execute(AbstractRepairAlgorithm.java:18)
	at us.msu.cse.repair.ArjaMain.main(ArjaMain.java:66)
	at us.msu.cse.repair.Main.main(Main.java:8)
----------------------------------
Patch Candidate:
@@ -159,7 +159,6 @@ class HtmlSessionInformationsReport extends HtmlAbstractReport {
if (remoteAddr == null) {
write("&nbsp;");
} else {
-			write(remoteAddr);
}
write(nextColumnAlignCenter);
writeCountry(session);
Number of failed tests: 0, 0
Weighted failure rate: 0.0
----------------------------------
Patch Candidate:
@@ -159,7 +159,6 @@ class HtmlSessionInformationsReport extends HtmlAbstractReport {
if (remoteAddr == null) {
write("&nbsp;");
} else {
-			write(remoteAddr);
}
write(nextColumnAlignCenter);
writeCountry(session);
Number of failed tests: 0, 0
Weighted failure rate: 0.0
----------------------------------
Patch Candidate:
@@ -159,7 +159,6 @@ class HtmlSessionInformationsReport extends HtmlAbstractReport {
if (remoteAddr == null) {
write("&nbsp;");
} else {
-			write(remoteAddr);
}
write(nextColumnAlignCenter);
writeCountry(session);
Number of failed tests: 0, 0
Weighted failure rate: 0.0
----------------------------------
Patch Candidate:
@@ -159,7 +159,6 @@ class HtmlSessionInformationsReport extends HtmlAbstractReport {
if (remoteAddr == null) {
write("&nbsp;");
} else {
-			write(remoteAddr);
}
write(nextColumnAlignCenter);
writeCountry(session);
Number of failed tests: 0, 0
Weighted failure rate: 0.0
----------------------------------
Patch Candidate:
@@ -159,7 +159,6 @@ class HtmlSessionInformationsReport extends HtmlAbstractReport {
if (remoteAddr == null) {
write("&nbsp;");
} else {
-			write(remoteAddr);
}
write(nextColumnAlignCenter);
writeCountry(session);
Number of failed tests: 0, 0
Weighted failure rate: 0.0
----------------------------------
Patch Candidate:
@@ -159,7 +159,6 @@ class HtmlSessionInformationsReport extends HtmlAbstractReport {
if (remoteAddr == null) {
write("&nbsp;");
} else {
-			write(remoteAddr);
}
write(nextColumnAlignCenter);
writeCountry(session);
Number of failed tests: 0, 0
Weighted failure rate: 0.0
----------------------------------
Patch Candidate:
@@ -159,7 +159,6 @@ class HtmlSessionInformationsReport extends HtmlAbstractReport {
if (remoteAddr == null) {
write("&nbsp;");
} else {
-			write(remoteAddr);
}
write(nextColumnAlignCenter);
writeCountry(session);
Number of failed tests: 0, 0
Weighted failure rate: 0.0
----------------------------------
Patch Candidate:
@@ -159,7 +159,6 @@ class HtmlSessionInformationsReport extends HtmlAbstractReport {
if (remoteAddr == null) {
write("&nbsp;");
} else {
-			write(remoteAddr);
}
write(nextColumnAlignCenter);
writeCountry(session);
Number of failed tests: 0, 0
Weighted failure rate: 0.0
----------------------------------
Patch Candidate:
@@ -159,7 +159,6 @@ class HtmlSessionInformationsReport extends HtmlAbstractReport {
if (remoteAddr == null) {
write("&nbsp;");
} else {
-			write(remoteAddr);
}
write(nextColumnAlignCenter);
writeCountry(session);
Number of failed tests: 0, 0
Weighted failure rate: 0.0
----------------------------------
Patch Candidate:
@@ -159,7 +159,6 @@ class HtmlSessionInformationsReport extends HtmlAbstractReport {
if (remoteAddr == null) {
write("&nbsp;");
} else {
-			write(remoteAddr);
}
write(nextColumnAlignCenter);
writeCountry(session);
Number of failed tests: 0, 0
Weighted failure rate: 0.0
----------------------------------
Patch Candidate:
@@ -159,7 +159,6 @@ class HtmlSessionInformationsReport extends HtmlAbstractReport {
if (remoteAddr == null) {
write("&nbsp;");
} else {
-			write(remoteAddr);
}
write(nextColumnAlignCenter);
writeCountry(session);
Number of failed tests: 0, 0
Weighted failure rate: 0.0
----------------------------------
Patch Candidate:
@@ -159,7 +159,6 @@ class HtmlSessionInformationsReport extends HtmlAbstractReport {
if (remoteAddr == null) {
write("&nbsp;");
} else {
-			write(remoteAddr);
}
write(nextColumnAlignCenter);
writeCountry(session);
Number of failed tests: 0, 0
Weighted failure rate: 0.0
----------------------------------
Patch Candidate:
@@ -159,7 +159,6 @@ class HtmlSessionInformationsReport extends HtmlAbstractReport {
if (remoteAddr == null) {
write("&nbsp;");
} else {
-			write(remoteAddr);
}
write(nextColumnAlignCenter);
writeCountry(session);
Number of failed tests: 0, 0
Weighted failure rate: 0.0
----------------------------------
Patch Candidate:
@@ -159,7 +159,6 @@ class HtmlSessionInformationsReport extends HtmlAbstractReport {
if (remoteAddr == null) {
write("&nbsp;");
} else {
-			write(remoteAddr);
}
write(nextColumnAlignCenter);
writeCountry(session);
Number of failed tests: 0, 0
Weighted failure rate: 0.0
----------------------------------
Patch Candidate:
@@ -159,7 +159,6 @@ class HtmlSessionInformationsReport extends HtmlAbstractReport {
if (remoteAddr == null) {
write("&nbsp;");
} else {
-			write(remoteAddr);
}
write(nextColumnAlignCenter);
writeCountry(session);
Number of failed tests: 0, 0
Weighted failure rate: 0.0
----------------------------------
Patch Candidate:
@@ -159,7 +159,6 @@ class HtmlSessionInformationsReport extends HtmlAbstractReport {
if (remoteAddr == null) {
write("&nbsp;");
} else {
-			write(remoteAddr);
}
write(nextColumnAlignCenter);
writeCountry(session);
Number of failed tests: 0, 0
Weighted failure rate: 0.0
----------------------------------
Patch Candidate:
@@ -159,7 +159,6 @@ class HtmlSessionInformationsReport extends HtmlAbstractReport {
if (remoteAddr == null) {
write("&nbsp;");
} else {
-			write(remoteAddr);
}
write(nextColumnAlignCenter);
writeCountry(session);
Number of failed tests: 0, 0
Weighted failure rate: 0.0
----------------------------------
Patch Candidate:
@@ -159,7 +159,6 @@ class HtmlSessionInformationsReport extends HtmlAbstractReport {
if (remoteAddr == null) {
write("&nbsp;");
} else {
-			write(remoteAddr);
}
write(nextColumnAlignCenter);
writeCountry(session);
Number of failed tests: 0, 0
Weighted failure rate: 0.0


Node: b97f25038321



Date: Fri Sep 16 18:19:25 EDT 2022

