cd /workdir/jKali_vul4j_apache_cxf_VUL4J-15;
export JAVA_TOOL_OPTIONS="-Dfile.encoding=UTF8 -Duser.language=en-US -Duser.country=US -Duser.language=en";
TZ="America/New_York"; export TZ;
export PATH="/usr/lib/jvm/java-8-openjdk-amd64/bin:$PATH";
export JAVA_HOME="/usr/lib/jvm/java-8-openjdk-amd64/bin";
time java -Xmx4g -Xms1g -XX:MaxPermSize=512m -cp /script/../libs/jtestex7.jar:/script/../repair_tools/astor.jar fr.inria.main.evolution.AstorMain \
	-mode jkali \
	-location . \
	-id apache_cxf-VUL4J-15 \
	-failing org.apache.cxf.jaxrs.provider.atom.AtomPojoProviderTest#testReadEntryNoBuilders2:org.apache.cxf.jaxrs.provider.atom.AtomPojoProviderTest#testReadFeedWithoutBuilders2 \
	-jvm4testexecution /usr/lib/jvm/java-8-openjdk-amd64/bin \
	-jvm4evosuitetestexecution /usr/lib/jvm/java-8-openjdk-amd64/bin \
	-maxgen 1000000 \
	-maxtime 120 \
	-stopfirst true \
	-seed 0 \
	-scope local \
	-population 1 \
	-javacompliancelevel 8 \
	-faultlocalization perfect \
    -perfectdata /script/../data/benchmarks/vul4j/perfectfl/VUL4J-15 \
    -validation externalcmd \
    -testfailingcmd "mvn -pl rt/rs/extensions/providers -Dtest=org.apache.cxf.jaxrs.provider.atom.AtomPojoProviderTest test -Dhttps.protocols=TLSv1.2 -Denforcer.skip=true -Dcheckstyle.skip=true -Dcobertura.skip=true -DskipITs=true -Drat.skip=true -Dlicense.skip=true -Dpmd.skip=true -Dfindbugs.skip=true -Dgpg.skip=true -Dskip.npm=true -Dskip.gulp=true -Dskip.bower=true -Danimal.sniffer.skip=true -V -B" \
    -testallcmd "mvn -pl rt/rs/extensions/providers -Dhttps.protocols=TLSv1.2 -Denforcer.skip=true -Dcheckstyle.skip=true -Dcobertura.skip=true -DskipITs=true -Drat.skip=true -Dlicense.skip=true -Dpmd.skip=true -Dfindbugs.skip=true -Dgpg.skip=true -Dskip.npm=true -Dskip.gulp=true -Dskip.bower=true -Danimal.sniffer.skip=true -V -B"  \ \
	-srcjavafolder rt/rs/extensions/providers/src/main/java \
	-srctestfolder rt/rs/extensions/providers/src/test/java \
	-binjavafolder rt/rs/extensions/providers/target/classes \
	-bintestfolder rt/rs/extensions/providers/target/test-classes \
	-parameters x:x \
	-dependencies /workdir/jKali_vul4j_apache_cxf_VUL4J-15/rt/rs/extensions/providers/target/classes:/root/.m2/repository/org/apache/geronimo/specs/geronimo-javamail_1.4_spec/1.7.1/geronimo-javamail_1.4_spec-1.7.1.jar:/root/.m2/repository/stax/stax-api/1.0.1/stax-api-1.0.1.jar:/root/.m2/repository/org/apache/abdera/abdera-parser/1.1.3/abdera-parser-1.1.3.jar:/root/.m2/repository/com/sun/xml/bind/jaxb-core/2.2.11/jaxb-core-2.2.11.jar:/root/.m2/repository/org/ow2/asm/asm/5.0.4/asm-5.0.4.jar:/root/.m2/repository/org/apache/ws/commons/axiom/axiom-impl/1.2.14/axiom-impl-1.2.14.jar:/root/.m2/repository/org/apache/cxf/cxf-rt-databinding-xmlbeans/3.2.0-SNAPSHOT/cxf-rt-databinding-xmlbeans-3.2.0-SNAPSHOT.jar:/root/.m2/repository/org/apache/james/apache-mime4j-core/0.7.2/apache-mime4j-core-0.7.2.jar:/root/.m2/repository/cglib/cglib/3.1/cglib-3.1.jar:/root/.m2/repository/org/objenesis/objenesis/2.1/objenesis-2.1.jar:/root/.m2/repository/javax/servlet/javax.servlet-api/3.1.0/javax.servlet-api-3.1.0.jar:/root/.m2/repository/org/glassfish/javax.json/1.0.4/javax.json-1.0.4.jar:/root/.m2/repository/org/apache/cxf/cxf-rt-bindings-soap/3.2.0-SNAPSHOT/cxf-rt-bindings-soap-3.2.0-SNAPSHOT.jar:/root/.m2/repository/org/apache/cxf/cxf-rt-wsdl/3.2.0-SNAPSHOT/cxf-rt-wsdl-3.2.0-SNAPSHOT.jar:/root/.m2/repository/org/codehaus/jettison/jettison/1.3.8/jettison-1.3.8.jar:/root/.m2/repository/dom4j/dom4j/1.6.1/dom4j-1.6.1.jar:/root/.m2/repository/org/apache/tuscany/sdo/tuscany-sdo-api-r2.1/1.1.1/tuscany-sdo-api-r2.1-1.1.1.jar:/root/.m2/repository/org/eclipse/xsd/xsd/2.2.3/xsd-2.2.3.jar:/root/.m2/repository/org/eclipse/emf/codegen-ecore/2.2.3/codegen-ecore-2.2.3.jar:/root/.m2/repository/aopalliance/aopalliance/1.0/aopalliance-1.0.jar:/root/.m2/repository/org/apache/cxf/cxf-rt-transports-http/3.2.0-SNAPSHOT/cxf-rt-transports-http-3.2.0-SNAPSHOT.jar:/root/.m2/repository/javax/json/javax.json-api/1.0/javax.json-api-1.0.jar:/root/.m2/repository/org/eclipse/emf/ecore-xmi/2.2.3/ecore-xmi-2.2.3.jar:/root/.m2/repository/org/apache/ws/commons/axiom/axiom-api/1.2.14/axiom-api-1.2.14.jar:/root/.m2/repository/org/apache/cxf/cxf-rt-frontend-jaxrs/3.2.0-SNAPSHOT/cxf-rt-frontend-jaxrs-3.2.0-SNAPSHOT.jar:/root/.m2/repository/commons-codec/commons-codec/1.10/commons-codec-1.10.jar:/root/.m2/repository/org/apache/tuscany/sdo/tuscany-sdo-impl/1.1.1/tuscany-sdo-impl-1.1.1.jar:/root/.m2/repository/backport-util-concurrent/backport-util-concurrent/3.0/backport-util-concurrent-3.0.jar:/root/.m2/repository/jaxen/jaxen/1.1.4/jaxen-1.1.4.jar:/root/.m2/repository/org/eclipse/emf/common/2.2.3/common-2.2.3.jar:/root/.m2/repository/org/easymock/easymock/3.3.1/easymock-3.3.1.jar:/root/.m2/repository/org/apache/tuscany/sdo/tuscany-sdo-lib/1.1.1/tuscany-sdo-lib-1.1.1.jar:/root/.m2/repository/org/apache/cxf/cxf-rt-databinding-jaxb/3.2.0-SNAPSHOT/cxf-rt-databinding-jaxb-3.2.0-SNAPSHOT.jar:/root/.m2/repository/org/eclipse/emf/ecore-change/2.2.3/ecore-change-2.2.3.jar:/root/.m2/repository/javax/annotation/javax.annotation-api/1.2/javax.annotation-api-1.2.jar:/root/.m2/repository/org/apache/tuscany/sdo/tuscany-sdo-tools/1.1.1/tuscany-sdo-tools-1.1.1.jar:/root/.m2/repository/org/eclipse/emf/codegen/2.2.3/codegen-2.2.3.jar:/root/.m2/repository/org/apache/xmlbeans/xmlbeans/2.6.0/xmlbeans-2.6.0.jar:/root/.m2/repository/org/codehaus/woodstox/woodstox-core-asl/4.4.1/woodstox-core-asl-4.4.1.jar:/root/.m2/repository/org/apache/abdera/abdera-i18n/1.1.3/abdera-i18n-1.1.3.jar:/root/.m2/repository/org/apache/geronimo/specs/geronimo-activation_1.1_spec/1.1/geronimo-activation_1.1_spec-1.1.jar:/root/.m2/repository/org/apache/abdera/abdera-extensions-json/1.1.3/abdera-extensions-json-1.1.3.jar:/root/.m2/repository/org/hamcrest/hamcrest-core/1.3/hamcrest-core-1.3.jar:/root/.m2/repository/org/apache/cxf/cxf-rt-rs-json-basic/3.2.0-SNAPSHOT/cxf-rt-rs-json-basic-3.2.0-SNAPSHOT.jar:/root/.m2/repository/org/apache/abdera/abdera-extensions-main/1.1.3/abdera-extensions-main-1.1.3.jar:/root/.m2/repository/javax/ws/rs/javax.ws.rs-api/2.1-m01/javax.ws.rs-api-2.1-m01.jar:/root/.m2/repository/org/springframework/spring-beans/4.2.6.RELEASE/spring-beans-4.2.6.RELEASE.jar:/root/.m2/repository/org/eclipse/emf/ecore/2.2.3/ecore-2.2.3.jar:/root/.m2/repository/org/apache/cxf/cxf-rt-databinding-aegis/3.2.0-SNAPSHOT/cxf-rt-databinding-aegis-3.2.0-SNAPSHOT.jar:/root/.m2/repository/org/apache/cxf/cxf-rt-databinding-sdo/3.2.0-SNAPSHOT/cxf-rt-databinding-sdo-3.2.0-SNAPSHOT.jar:/root/.m2/repository/org/springframework/spring-expression/4.2.6.RELEASE/spring-expression-4.2.6.RELEASE.jar:/root/.m2/repository/org/springframework/spring-aop/4.2.6.RELEASE/spring-aop-4.2.6.RELEASE.jar:/root/.m2/repository/wsdl4j/wsdl4j/1.6.3/wsdl4j-1.6.3.jar:/root/.m2/repository/xml-apis/xml-apis/1.0.b2/xml-apis-1.0.b2.jar:/root/.m2/repository/org/springframework/spring-context/4.2.6.RELEASE/spring-context-4.2.6.RELEASE.jar:/root/.m2/repository/org/codehaus/woodstox/stax2-api/3.1.4/stax2-api-3.1.4.jar:/root/.m2/repository/junit/junit/4.12/junit-4.12.jar:/root/.m2/repository/org/apache/ws/xmlschema/xmlschema-core/2.2.1/xmlschema-core-2.2.1.jar:/root/.m2/repository/org/apache/cxf/cxf-core/3.2.0-SNAPSHOT/cxf-core-3.2.0-SNAPSHOT.jar:/root/.m2/repository/commons-logging/commons-logging/1.2/commons-logging-1.2.jar:/root/.m2/repository/com/sun/xml/bind/jaxb-impl/2.2.11/jaxb-impl-2.2.11.jar:/root/.m2/repository/org/apache/abdera/abdera-core/1.1.3/abdera-core-1.1.3.jar:/root/.m2/repository/org/springframework/spring-core/4.2.6.RELEASE/spring-core-4.2.6.RELEASE.jar;
	echo "\n\nNode: `hostname`\n";
	echo "\n\nDate: `date`\n";
Picked up JAVA_TOOL_OPTIONS: -Dfile.encoding=UTF8 -Duser.language=en-US -Duser.country=US -Duser.language=en
OpenJDK 64-Bit Server VM warning: ignoring option MaxPermSize=512m; support was removed in 8.0
[0] INFO ProjectConfiguration - Version of the JVM used: 1.8.0_342
[0] INFO main - Java version of the JDK used to run tests: 1.8.0_342
[1] INFO main - The compliance of the JVM is:  8
[10] INFO main - command line arguments: [-mode  jkali  -location  .  -id  apache_cxf-VUL4J-15  -failing  org.apache.cxf.jaxrs.provider.atom.AtomPojoProviderTest#testReadEntryNoBuilders2:org.apache.cxf.jaxrs.provider.atom.AtomPojoProviderTest#testReadFeedWithoutBuilders2  -jvm4testexecution  /usr/lib/jvm/java-8-openjdk-amd64/bin  -jvm4evosuitetestexecution  /usr/lib/jvm/java-8-openjdk-amd64/bin  -maxgen  1000000  -maxtime  120  -stopfirst  true  -seed  0  -scope  local  -population  1  -javacompliancelevel  8  -faultlocalization  perfect  -perfectdata  /script/../data/benchmarks/vul4j/perfectfl/VUL4J-15  -validation  externalcmd  -testfailingcmd  mvn -pl rt/rs/extensions/providers -Dtest=org.apache.cxf.jaxrs.provider.atom.AtomPojoProviderTest test -Dhttps.protocols=TLSv1.2 -Denforcer.skip=true -Dcheckstyle.skip=true -Dcobertura.skip=true -DskipITs=true -Drat.skip=true -Dlicense.skip=true -Dpmd.skip=true -Dfindbugs.skip=true -Dgpg.skip=true -Dskip.npm=true -Dskip.gulp=true -Dskip.bower=true -Danimal.sniffer.skip=true -V -B  -testallcmd  mvn -pl rt/rs/extensions/providers -Dhttps.protocols=TLSv1.2 -Denforcer.skip=true -Dcheckstyle.skip=true -Dcobertura.skip=true -DskipITs=true -Drat.skip=true -Dlicense.skip=true -Dpmd.skip=true -Dfindbugs.skip=true -Dgpg.skip=true -Dskip.npm=true -Dskip.gulp=true -Dskip.bower=true -Danimal.sniffer.skip=true -V -B     -srcjavafolder  rt/rs/extensions/providers/src/main/java  -srctestfolder  rt/rs/extensions/providers/src/test/java  -binjavafolder  rt/rs/extensions/providers/target/classes  -bintestfolder  rt/rs/extensions/providers/target/test-classes  -parameters  x:x  -dependencies  /workdir/jKali_vul4j_apache_cxf_VUL4J-15/rt/rs/extensions/providers/target/classes:/root/.m2/repository/org/apache/geronimo/specs/geronimo-javamail_1.4_spec/1.7.1/geronimo-javamail_1.4_spec-1.7.1.jar:/root/.m2/repository/stax/stax-api/1.0.1/stax-api-1.0.1.jar:/root/.m2/repository/org/apache/abdera/abdera-parser/1.1.3/abdera-parser-1.1.3.jar:/root/.m2/repository/com/sun/xml/bind/jaxb-core/2.2.11/jaxb-core-2.2.11.jar:/root/.m2/repository/org/ow2/asm/asm/5.0.4/asm-5.0.4.jar:/root/.m2/repository/org/apache/ws/commons/axiom/axiom-impl/1.2.14/axiom-impl-1.2.14.jar:/root/.m2/repository/org/apache/cxf/cxf-rt-databinding-xmlbeans/3.2.0-SNAPSHOT/cxf-rt-databinding-xmlbeans-3.2.0-SNAPSHOT.jar:/root/.m2/repository/org/apache/james/apache-mime4j-core/0.7.2/apache-mime4j-core-0.7.2.jar:/root/.m2/repository/cglib/cglib/3.1/cglib-3.1.jar:/root/.m2/repository/org/objenesis/objenesis/2.1/objenesis-2.1.jar:/root/.m2/repository/javax/servlet/javax.servlet-api/3.1.0/javax.servlet-api-3.1.0.jar:/root/.m2/repository/org/glassfish/javax.json/1.0.4/javax.json-1.0.4.jar:/root/.m2/repository/org/apache/cxf/cxf-rt-bindings-soap/3.2.0-SNAPSHOT/cxf-rt-bindings-soap-3.2.0-SNAPSHOT.jar:/root/.m2/repository/org/apache/cxf/cxf-rt-wsdl/3.2.0-SNAPSHOT/cxf-rt-wsdl-3.2.0-SNAPSHOT.jar:/root/.m2/repository/org/codehaus/jettison/jettison/1.3.8/jettison-1.3.8.jar:/root/.m2/repository/dom4j/dom4j/1.6.1/dom4j-1.6.1.jar:/root/.m2/repository/org/apache/tuscany/sdo/tuscany-sdo-api-r2.1/1.1.1/tuscany-sdo-api-r2.1-1.1.1.jar:/root/.m2/repository/org/eclipse/xsd/xsd/2.2.3/xsd-2.2.3.jar:/root/.m2/repository/org/eclipse/emf/codegen-ecore/2.2.3/codegen-ecore-2.2.3.jar:/root/.m2/repository/aopalliance/aopalliance/1.0/aopalliance-1.0.jar:/root/.m2/repository/org/apache/cxf/cxf-rt-transports-http/3.2.0-SNAPSHOT/cxf-rt-transports-http-3.2.0-SNAPSHOT.jar:/root/.m2/repository/javax/json/javax.json-api/1.0/javax.json-api-1.0.jar:/root/.m2/repository/org/eclipse/emf/ecore-xmi/2.2.3/ecore-xmi-2.2.3.jar:/root/.m2/repository/org/apache/ws/commons/axiom/axiom-api/1.2.14/axiom-api-1.2.14.jar:/root/.m2/repository/org/apache/cxf/cxf-rt-frontend-jaxrs/3.2.0-SNAPSHOT/cxf-rt-frontend-jaxrs-3.2.0-SNAPSHOT.jar:/root/.m2/repository/commons-codec/commons-codec/1.10/commons-codec-1.10.jar:/root/.m2/repository/org/apache/tuscany/sdo/tuscany-sdo-impl/1.1.1/tuscany-sdo-impl-1.1.1.jar:/root/.m2/repository/backport-util-concurrent/backport-util-concurrent/3.0/backport-util-concurrent-3.0.jar:/root/.m2/repository/jaxen/jaxen/1.1.4/jaxen-1.1.4.jar:/root/.m2/repository/org/eclipse/emf/common/2.2.3/common-2.2.3.jar:/root/.m2/repository/org/easymock/easymock/3.3.1/easymock-3.3.1.jar:/root/.m2/repository/org/apache/tuscany/sdo/tuscany-sdo-lib/1.1.1/tuscany-sdo-lib-1.1.1.jar:/root/.m2/repository/org/apache/cxf/cxf-rt-databinding-jaxb/3.2.0-SNAPSHOT/cxf-rt-databinding-jaxb-3.2.0-SNAPSHOT.jar:/root/.m2/repository/org/eclipse/emf/ecore-change/2.2.3/ecore-change-2.2.3.jar:/root/.m2/repository/javax/annotation/javax.annotation-api/1.2/javax.annotation-api-1.2.jar:/root/.m2/repository/org/apache/tuscany/sdo/tuscany-sdo-tools/1.1.1/tuscany-sdo-tools-1.1.1.jar:/root/.m2/repository/org/eclipse/emf/codegen/2.2.3/codegen-2.2.3.jar:/root/.m2/repository/org/apache/xmlbeans/xmlbeans/2.6.0/xmlbeans-2.6.0.jar:/root/.m2/repository/org/codehaus/woodstox/woodstox-core-asl/4.4.1/woodstox-core-asl-4.4.1.jar:/root/.m2/repository/org/apache/abdera/abdera-i18n/1.1.3/abdera-i18n-1.1.3.jar:/root/.m2/repository/org/apache/geronimo/specs/geronimo-activation_1.1_spec/1.1/geronimo-activation_1.1_spec-1.1.jar:/root/.m2/repository/org/apache/abdera/abdera-extensions-json/1.1.3/abdera-extensions-json-1.1.3.jar:/root/.m2/repository/org/hamcrest/hamcrest-core/1.3/hamcrest-core-1.3.jar:/root/.m2/repository/org/apache/cxf/cxf-rt-rs-json-basic/3.2.0-SNAPSHOT/cxf-rt-rs-json-basic-3.2.0-SNAPSHOT.jar:/root/.m2/repository/org/apache/abdera/abdera-extensions-main/1.1.3/abdera-extensions-main-1.1.3.jar:/root/.m2/repository/javax/ws/rs/javax.ws.rs-api/2.1-m01/javax.ws.rs-api-2.1-m01.jar:/root/.m2/repository/org/springframework/spring-beans/4.2.6.RELEASE/spring-beans-4.2.6.RELEASE.jar:/root/.m2/repository/org/eclipse/emf/ecore/2.2.3/ecore-2.2.3.jar:/root/.m2/repository/org/apache/cxf/cxf-rt-databinding-aegis/3.2.0-SNAPSHOT/cxf-rt-databinding-aegis-3.2.0-SNAPSHOT.jar:/root/.m2/repository/org/apache/cxf/cxf-rt-databinding-sdo/3.2.0-SNAPSHOT/cxf-rt-databinding-sdo-3.2.0-SNAPSHOT.jar:/root/.m2/repository/org/springframework/spring-expression/4.2.6.RELEASE/spring-expression-4.2.6.RELEASE.jar:/root/.m2/repository/org/springframework/spring-aop/4.2.6.RELEASE/spring-aop-4.2.6.RELEASE.jar:/root/.m2/repository/wsdl4j/wsdl4j/1.6.3/wsdl4j-1.6.3.jar:/root/.m2/repository/xml-apis/xml-apis/1.0.b2/xml-apis-1.0.b2.jar:/root/.m2/repository/org/springframework/spring-context/4.2.6.RELEASE/spring-context-4.2.6.RELEASE.jar:/root/.m2/repository/org/codehaus/woodstox/stax2-api/3.1.4/stax2-api-3.1.4.jar:/root/.m2/repository/junit/junit/4.12/junit-4.12.jar:/root/.m2/repository/org/apache/ws/xmlschema/xmlschema-core/2.2.1/xmlschema-core-2.2.1.jar:/root/.m2/repository/org/apache/cxf/cxf-core/3.2.0-SNAPSHOT/cxf-core-3.2.0-SNAPSHOT.jar:/root/.m2/repository/commons-logging/commons-logging/1.2/commons-logging-1.2.jar:/root/.m2/repository/com/sun/xml/bind/jaxb-impl/2.2.11/jaxb-impl-2.2.11.jar:/root/.m2/repository/org/apache/abdera/abdera-core/1.1.3/abdera-core-1.1.3.jar:/root/.m2/repository/org/springframework/spring-core/4.2.6.RELEASE/spring-core-4.2.6.RELEASE.jar]
[12] INFO AstorMain - Running Astor on a JDK at /usr/lib/jvm/java-8-openjdk-amd64/jre
[71] INFO main - Source folders: [/workdir/jKali_vul4j_apache_cxf_VUL4J-15/./rt/rs/extensions/providers/src/main/java]
[72] INFO main - Source Test folders: [/workdir/jKali_vul4j_apache_cxf_VUL4J-15/./rt/rs/extensions/providers/src/test/java]
[940] INFO AstorCoreEngine - ---- Creating spoon model
[1003] INFO MutationSupporter - Creating model,  Code location from working folder: /workdir/jKali_vul4j_apache_cxf_VUL4J-15/./rt/rs/extensions/providers/src/main/java
[1003] INFO MutationSupporter - building model: /workdir/jKali_vul4j_apache_cxf_VUL4J-15/./rt/rs/extensions/providers/src/main/java, compliance level: 8
[1100] INFO MutationSupporter - Classpath (Dependencies) for building SpoonModel: [/workdir/jKali_vul4j_apache_cxf_VUL4J-15/rt/rs/extensions/providers/target/classes/, /root/.m2/repository/org/apache/geronimo/specs/geronimo-javamail_1.4_spec/1.7.1/geronimo-javamail_1.4_spec-1.7.1.jar, /root/.m2/repository/stax/stax-api/1.0.1/stax-api-1.0.1.jar, /root/.m2/repository/org/apache/abdera/abdera-parser/1.1.3/abdera-parser-1.1.3.jar, /root/.m2/repository/com/sun/xml/bind/jaxb-core/2.2.11/jaxb-core-2.2.11.jar, /root/.m2/repository/org/ow2/asm/asm/5.0.4/asm-5.0.4.jar, /root/.m2/repository/org/apache/ws/commons/axiom/axiom-impl/1.2.14/axiom-impl-1.2.14.jar, /root/.m2/repository/org/apache/cxf/cxf-rt-databinding-xmlbeans/3.2.0-SNAPSHOT/cxf-rt-databinding-xmlbeans-3.2.0-SNAPSHOT.jar, /root/.m2/repository/org/apache/james/apache-mime4j-core/0.7.2/apache-mime4j-core-0.7.2.jar, /root/.m2/repository/cglib/cglib/3.1/cglib-3.1.jar, /root/.m2/repository/org/objenesis/objenesis/2.1/objenesis-2.1.jar, /root/.m2/repository/javax/servlet/javax.servlet-api/3.1.0/javax.servlet-api-3.1.0.jar, /root/.m2/repository/org/glassfish/javax.json/1.0.4/javax.json-1.0.4.jar, /root/.m2/repository/org/apache/cxf/cxf-rt-bindings-soap/3.2.0-SNAPSHOT/cxf-rt-bindings-soap-3.2.0-SNAPSHOT.jar, /root/.m2/repository/org/apache/cxf/cxf-rt-wsdl/3.2.0-SNAPSHOT/cxf-rt-wsdl-3.2.0-SNAPSHOT.jar, /root/.m2/repository/org/codehaus/jettison/jettison/1.3.8/jettison-1.3.8.jar, /root/.m2/repository/dom4j/dom4j/1.6.1/dom4j-1.6.1.jar, /root/.m2/repository/org/apache/tuscany/sdo/tuscany-sdo-api-r2.1/1.1.1/tuscany-sdo-api-r2.1-1.1.1.jar, /root/.m2/repository/org/eclipse/xsd/xsd/2.2.3/xsd-2.2.3.jar, /root/.m2/repository/org/eclipse/emf/codegen-ecore/2.2.3/codegen-ecore-2.2.3.jar, /root/.m2/repository/aopalliance/aopalliance/1.0/aopalliance-1.0.jar, /root/.m2/repository/org/apache/cxf/cxf-rt-transports-http/3.2.0-SNAPSHOT/cxf-rt-transports-http-3.2.0-SNAPSHOT.jar, /root/.m2/repository/javax/json/javax.json-api/1.0/javax.json-api-1.0.jar, /root/.m2/repository/org/eclipse/emf/ecore-xmi/2.2.3/ecore-xmi-2.2.3.jar, /root/.m2/repository/org/apache/ws/commons/axiom/axiom-api/1.2.14/axiom-api-1.2.14.jar, /root/.m2/repository/org/apache/cxf/cxf-rt-frontend-jaxrs/3.2.0-SNAPSHOT/cxf-rt-frontend-jaxrs-3.2.0-SNAPSHOT.jar, /root/.m2/repository/commons-codec/commons-codec/1.10/commons-codec-1.10.jar, /root/.m2/repository/org/apache/tuscany/sdo/tuscany-sdo-impl/1.1.1/tuscany-sdo-impl-1.1.1.jar, /root/.m2/repository/backport-util-concurrent/backport-util-concurrent/3.0/backport-util-concurrent-3.0.jar, /root/.m2/repository/jaxen/jaxen/1.1.4/jaxen-1.1.4.jar, /root/.m2/repository/org/eclipse/emf/common/2.2.3/common-2.2.3.jar, /root/.m2/repository/org/easymock/easymock/3.3.1/easymock-3.3.1.jar, /root/.m2/repository/org/apache/tuscany/sdo/tuscany-sdo-lib/1.1.1/tuscany-sdo-lib-1.1.1.jar, /root/.m2/repository/org/apache/cxf/cxf-rt-databinding-jaxb/3.2.0-SNAPSHOT/cxf-rt-databinding-jaxb-3.2.0-SNAPSHOT.jar, /root/.m2/repository/org/eclipse/emf/ecore-change/2.2.3/ecore-change-2.2.3.jar, /root/.m2/repository/javax/annotation/javax.annotation-api/1.2/javax.annotation-api-1.2.jar, /root/.m2/repository/org/apache/tuscany/sdo/tuscany-sdo-tools/1.1.1/tuscany-sdo-tools-1.1.1.jar, /root/.m2/repository/org/eclipse/emf/codegen/2.2.3/codegen-2.2.3.jar, /root/.m2/repository/org/apache/xmlbeans/xmlbeans/2.6.0/xmlbeans-2.6.0.jar, /root/.m2/repository/org/codehaus/woodstox/woodstox-core-asl/4.4.1/woodstox-core-asl-4.4.1.jar, /root/.m2/repository/org/apache/abdera/abdera-i18n/1.1.3/abdera-i18n-1.1.3.jar, /root/.m2/repository/org/apache/geronimo/specs/geronimo-activation_1.1_spec/1.1/geronimo-activation_1.1_spec-1.1.jar, /root/.m2/repository/org/apache/abdera/abdera-extensions-json/1.1.3/abdera-extensions-json-1.1.3.jar, /root/.m2/repository/org/hamcrest/hamcrest-core/1.3/hamcrest-core-1.3.jar, /root/.m2/repository/org/apache/cxf/cxf-rt-rs-json-basic/3.2.0-SNAPSHOT/cxf-rt-rs-json-basic-3.2.0-SNAPSHOT.jar, /root/.m2/repository/org/apache/abdera/abdera-extensions-main/1.1.3/abdera-extensions-main-1.1.3.jar, /root/.m2/repository/javax/ws/rs/javax.ws.rs-api/2.1-m01/javax.ws.rs-api-2.1-m01.jar, /root/.m2/repository/org/springframework/spring-beans/4.2.6.RELEASE/spring-beans-4.2.6.RELEASE.jar, /root/.m2/repository/org/eclipse/emf/ecore/2.2.3/ecore-2.2.3.jar, /root/.m2/repository/org/apache/cxf/cxf-rt-databinding-aegis/3.2.0-SNAPSHOT/cxf-rt-databinding-aegis-3.2.0-SNAPSHOT.jar, /root/.m2/repository/org/apache/cxf/cxf-rt-databinding-sdo/3.2.0-SNAPSHOT/cxf-rt-databinding-sdo-3.2.0-SNAPSHOT.jar, /root/.m2/repository/org/springframework/spring-expression/4.2.6.RELEASE/spring-expression-4.2.6.RELEASE.jar, /root/.m2/repository/org/springframework/spring-aop/4.2.6.RELEASE/spring-aop-4.2.6.RELEASE.jar, /root/.m2/repository/wsdl4j/wsdl4j/1.6.3/wsdl4j-1.6.3.jar, /root/.m2/repository/xml-apis/xml-apis/1.0.b2/xml-apis-1.0.b2.jar, /root/.m2/repository/org/springframework/spring-context/4.2.6.RELEASE/spring-context-4.2.6.RELEASE.jar, /root/.m2/repository/org/codehaus/woodstox/stax2-api/3.1.4/stax2-api-3.1.4.jar, /root/.m2/repository/junit/junit/4.12/junit-4.12.jar, /root/.m2/repository/org/apache/ws/xmlschema/xmlschema-core/2.2.1/xmlschema-core-2.2.1.jar, /root/.m2/repository/org/apache/cxf/cxf-core/3.2.0-SNAPSHOT/cxf-core-3.2.0-SNAPSHOT.jar, /root/.m2/repository/commons-logging/commons-logging/1.2/commons-logging-1.2.jar, /root/.m2/repository/com/sun/xml/bind/jaxb-impl/2.2.11/jaxb-impl-2.2.11.jar, /root/.m2/repository/org/apache/abdera/abdera-core/1.1.3/abdera-core-1.1.3.jar, /root/.m2/repository/org/springframework/spring-core/4.2.6.RELEASE/spring-core-4.2.6.RELEASE.jar]
[13881] INFO AstorCoreEngine - Number of CtTypes created: 23
[14049] INFO AstorCoreEngine - Test retrieved from classes: 0
[14453] INFO AstorCoreEngine - Setting up the max to 4020 milliseconds (4 sec)
[14453] INFO AstorCoreEngine - ---- Initial suspicious size: 2
[15654] INFO main - Total suspicious from FL: 2,  2
[15654] INFO main - Total ModPoint created: 2
[15654] INFO main - Creating program variant #1, [Variant id: 1, #gens: 2, #ops: 0, parent:-]
[15654] INFO main - Run previously failing tests...
[68220] INFO main - Failed tests: 2
[68224] INFO AstorCoreEngine - The original fitness is : 2.0
[68225] WARN ConfigurationProperties - ----------------------------
[68225] INFO ConfigurationProperties - ---Configuration properties
[68227] INFO ConfigurationProperties - p:lastJUnitVersion= ./examples/libs/junit-4.11.jar
[68227] INFO ConfigurationProperties - p:alternativecompliancelevel= 8
[68227] INFO ConfigurationProperties - p:ignoredTestCases= 
[68227] INFO ConfigurationProperties - p:workingDirectory= /workdir/jKali_vul4j_apache_cxf_VUL4J-15/./output_astor
[68227] INFO ConfigurationProperties - p:manipulatesuper= false
[68227] INFO ConfigurationProperties - p:validation= externalcmd
[68227] INFO ConfigurationProperties - p:jvm4testexecution= /usr/lib/jvm/java-8-openjdk-amd64/bin
[68227] INFO ConfigurationProperties - p:operatorspace= suppression
[68227] INFO ConfigurationProperties - p:diffcontext= 0
[68228] INFO ConfigurationProperties - p:binjavafolder= rt/rs/extensions/providers/target/classes
[68230] INFO ConfigurationProperties - p:synthesis_depth= 3
[68230] INFO ConfigurationProperties - p:gzoltartestpackagetoexclude= junit.framework
[68263] INFO ConfigurationProperties - p:skipfitnessinitialpopulation= false
[68263] INFO ConfigurationProperties - p:evosuiteresultfolder= evosuite
[68263] INFO ConfigurationProperties - p:flthreshold= 0.1
[68275] INFO ConfigurationProperties - p:regressionforfaultlocalization= true
[68275] INFO ConfigurationProperties - p:collectonlyusedmethod= false
[68276] INFO ConfigurationProperties - p:preservelinenumbers= true
[68276] INFO ConfigurationProperties - p:tmax2= 4020
[68276] INFO ConfigurationProperties - p:tmax1= 10000
[68276] INFO ConfigurationProperties - p:probagenmutation= false
[68276] INFO ConfigurationProperties - p:nomodificationconvergence= 100
[68276] INFO ConfigurationProperties - p:diff_type= relative
[68276] INFO ConfigurationProperties - p:targetelementprocessor= statements
[68276] INFO ConfigurationProperties - p:srctestfolder= rt/rs/extensions/providers/src/test/java
[68276] INFO ConfigurationProperties - p:forceExecuteRegression= false
[68276] INFO ConfigurationProperties - p:clusteringfilename= clustering.csv
[68276] INFO ConfigurationProperties - p:failing= org.apache.cxf.jaxrs.provider.atom.AtomPojoProviderTest#testReadEntryNoBuilders2:org.apache.cxf.jaxrs.provider.atom.AtomPojoProviderTest#testReadFeedWithoutBuilders2
[68276] INFO ConfigurationProperties - p:logtestexecution= false
[68278] INFO ConfigurationProperties - p:evo_buggy_class= true
[68278] INFO ConfigurationProperties - p:numberExecutions= 1
[68278] INFO ConfigurationProperties - p:maxnumbersolutions= 1000000
[68279] INFO ConfigurationProperties - p:evo_affected_by_op= true
[68279] INFO ConfigurationProperties - p:population= 1
[68279] INFO ConfigurationProperties - p:considerzerovaluesusp= false
[68279] INFO ConfigurationProperties - p:maxCombinationVariableLimit= false
[68279] INFO ConfigurationProperties - p:savesolution= true
[68279] INFO ConfigurationProperties - p:javacompliancelevel= 8
[68279] INFO ConfigurationProperties - p:x= x
[68279] INFO ConfigurationProperties - p:uniqueoptogen= false
[68279] INFO ConfigurationProperties - p:gzoltarpackagetonotinstrument= junit.framework
[68284] INFO ConfigurationProperties - p:projectIdentifier= apache_cxf-VUL4J-15
[68284] INFO ConfigurationProperties - p:modificationpointnavigation= weight
[68284] INFO ConfigurationProperties - p:stopfirst= true
[68284] INFO ConfigurationProperties - p:multipointmodification= false
[68284] INFO ConfigurationProperties - p:elementsToMutate= 10
[68285] INFO ConfigurationProperties - p:jsonoutputname= astor_output
[68285] INFO ConfigurationProperties - p:evoDSE= false
[68285] INFO ConfigurationProperties - p:bintestfolder= rt/rs/extensions/providers/target/test-classes
[68285] INFO ConfigurationProperties - p:testbystep= false
[68285] INFO ConfigurationProperties - p:version-location= ./math-version/
[68285] INFO ConfigurationProperties - p:reintroduce= PARENTS:ORIGINAL
[68285] INFO ConfigurationProperties - p:perfectdata= /script/../data/benchmarks/vul4j/perfectfl/VUL4J-15
[68285] INFO ConfigurationProperties - p:executorjar= ./lib/jtestex7.jar
[68285] INFO ConfigurationProperties - p:maxGeneration= 1000000
[68285] INFO ConfigurationProperties - p:max_synthesis_step= 10000
[68285] INFO ConfigurationProperties - p:projectinfocommand= com.github.tdurieux:project-config-maven-plugin:info
[68285] INFO ConfigurationProperties - p:maxVarCombination= 1000
[68288] INFO ConfigurationProperties - p:maxtime= 120
[68288] INFO ConfigurationProperties - p:evosuitejar= ./lib/evosuite-master-1.0.4-SNAPSHOT.jar
[68288] INFO ConfigurationProperties - p:jvmversion= 1.8.0_342
[68288] INFO ConfigurationProperties - p:commandTrunk= 50000
[68305] INFO ConfigurationProperties - p:faultlocalization= perfect
[68305] INFO ConfigurationProperties - p:resetmodel= true
[68305] INFO ConfigurationProperties - p:maxsuspcandidates= 1000
[68305] INFO ConfigurationProperties - p:mode= jkali
[68305] INFO ConfigurationProperties - p:learningdir= 
[68305] INFO ConfigurationProperties - p:jvm4evosuitetestexecution= /usr/lib/jvm/java-8-openjdk-amd64/bin
[68305] INFO ConfigurationProperties - p:filterfaultlocalization= true
[68305] INFO ConfigurationProperties - p:mutationrate= 1 
[68305] INFO ConfigurationProperties - p:pathToMVNRepository= 
[68305] INFO ConfigurationProperties - p:resourcesfolder= /src/main/resources:/src/test/resources:
[68305] INFO ConfigurationProperties - p:timezone= America/Los_Angeles
[68305] INFO ConfigurationProperties - p:runjava7code= false
[68305] INFO ConfigurationProperties - p:testfailingcmd= mvn -pl rt/rs/extensions/providers -Dtest=org.apache.cxf.jaxrs.provider.atom.AtomPojoProviderTest test -Dhttps.protocols=TLSv1.2 -Denforcer.skip=true -Dcheckstyle.skip=true -Dcobertura.skip=true -DskipITs=true -Drat.skip=true -Dlicense.skip=true -Dpmd.skip=true -Dfindbugs.skip=true -Dgpg.skip=true -Dskip.npm=true -Dskip.gulp=true -Dskip.bower=true -Danimal.sniffer.skip=true -V -B
[68305] INFO ConfigurationProperties - p:evoRunOnBuggyClass= true
[68305] INFO ConfigurationProperties - p:compiler= fr.inria.astor.core.manipulation.bytecode.compiler.SpoonClassCompiler
[68306] INFO ConfigurationProperties - p:limitbysuspicious= true
[68306] INFO ConfigurationProperties - p:logsattemps= true
[68306] INFO ConfigurationProperties - p:dependenciespath= /workdir/jKali_vul4j_apache_cxf_VUL4J-15/rt/rs/extensions/providers/target/classes:/root/.m2/repository/org/apache/geronimo/specs/geronimo-javamail_1.4_spec/1.7.1/geronimo-javamail_1.4_spec-1.7.1.jar:/root/.m2/repository/stax/stax-api/1.0.1/stax-api-1.0.1.jar:/root/.m2/repository/org/apache/abdera/abdera-parser/1.1.3/abdera-parser-1.1.3.jar:/root/.m2/repository/com/sun/xml/bind/jaxb-core/2.2.11/jaxb-core-2.2.11.jar:/root/.m2/repository/org/ow2/asm/asm/5.0.4/asm-5.0.4.jar:/root/.m2/repository/org/apache/ws/commons/axiom/axiom-impl/1.2.14/axiom-impl-1.2.14.jar:/root/.m2/repository/org/apache/cxf/cxf-rt-databinding-xmlbeans/3.2.0-SNAPSHOT/cxf-rt-databinding-xmlbeans-3.2.0-SNAPSHOT.jar:/root/.m2/repository/org/apache/james/apache-mime4j-core/0.7.2/apache-mime4j-core-0.7.2.jar:/root/.m2/repository/cglib/cglib/3.1/cglib-3.1.jar:/root/.m2/repository/org/objenesis/objenesis/2.1/objenesis-2.1.jar:/root/.m2/repository/javax/servlet/javax.servlet-api/3.1.0/javax.servlet-api-3.1.0.jar:/root/.m2/repository/org/glassfish/javax.json/1.0.4/javax.json-1.0.4.jar:/root/.m2/repository/org/apache/cxf/cxf-rt-bindings-soap/3.2.0-SNAPSHOT/cxf-rt-bindings-soap-3.2.0-SNAPSHOT.jar:/root/.m2/repository/org/apache/cxf/cxf-rt-wsdl/3.2.0-SNAPSHOT/cxf-rt-wsdl-3.2.0-SNAPSHOT.jar:/root/.m2/repository/org/codehaus/jettison/jettison/1.3.8/jettison-1.3.8.jar:/root/.m2/repository/dom4j/dom4j/1.6.1/dom4j-1.6.1.jar:/root/.m2/repository/org/apache/tuscany/sdo/tuscany-sdo-api-r2.1/1.1.1/tuscany-sdo-api-r2.1-1.1.1.jar:/root/.m2/repository/org/eclipse/xsd/xsd/2.2.3/xsd-2.2.3.jar:/root/.m2/repository/org/eclipse/emf/codegen-ecore/2.2.3/codegen-ecore-2.2.3.jar:/root/.m2/repository/aopalliance/aopalliance/1.0/aopalliance-1.0.jar:/root/.m2/repository/org/apache/cxf/cxf-rt-transports-http/3.2.0-SNAPSHOT/cxf-rt-transports-http-3.2.0-SNAPSHOT.jar:/root/.m2/repository/javax/json/javax.json-api/1.0/javax.json-api-1.0.jar:/root/.m2/repository/org/eclipse/emf/ecore-xmi/2.2.3/ecore-xmi-2.2.3.jar:/root/.m2/repository/org/apache/ws/commons/axiom/axiom-api/1.2.14/axiom-api-1.2.14.jar:/root/.m2/repository/org/apache/cxf/cxf-rt-frontend-jaxrs/3.2.0-SNAPSHOT/cxf-rt-frontend-jaxrs-3.2.0-SNAPSHOT.jar:/root/.m2/repository/commons-codec/commons-codec/1.10/commons-codec-1.10.jar:/root/.m2/repository/org/apache/tuscany/sdo/tuscany-sdo-impl/1.1.1/tuscany-sdo-impl-1.1.1.jar:/root/.m2/repository/backport-util-concurrent/backport-util-concurrent/3.0/backport-util-concurrent-3.0.jar:/root/.m2/repository/jaxen/jaxen/1.1.4/jaxen-1.1.4.jar:/root/.m2/repository/org/eclipse/emf/common/2.2.3/common-2.2.3.jar:/root/.m2/repository/org/easymock/easymock/3.3.1/easymock-3.3.1.jar:/root/.m2/repository/org/apache/tuscany/sdo/tuscany-sdo-lib/1.1.1/tuscany-sdo-lib-1.1.1.jar:/root/.m2/repository/org/apache/cxf/cxf-rt-databinding-jaxb/3.2.0-SNAPSHOT/cxf-rt-databinding-jaxb-3.2.0-SNAPSHOT.jar:/root/.m2/repository/org/eclipse/emf/ecore-change/2.2.3/ecore-change-2.2.3.jar:/root/.m2/repository/javax/annotation/javax.annotation-api/1.2/javax.annotation-api-1.2.jar:/root/.m2/repository/org/apache/tuscany/sdo/tuscany-sdo-tools/1.1.1/tuscany-sdo-tools-1.1.1.jar:/root/.m2/repository/org/eclipse/emf/codegen/2.2.3/codegen-2.2.3.jar:/root/.m2/repository/org/apache/xmlbeans/xmlbeans/2.6.0/xmlbeans-2.6.0.jar:/root/.m2/repository/org/codehaus/woodstox/woodstox-core-asl/4.4.1/woodstox-core-asl-4.4.1.jar:/root/.m2/repository/org/apache/abdera/abdera-i18n/1.1.3/abdera-i18n-1.1.3.jar:/root/.m2/repository/org/apache/geronimo/specs/geronimo-activation_1.1_spec/1.1/geronimo-activation_1.1_spec-1.1.jar:/root/.m2/repository/org/apache/abdera/abdera-extensions-json/1.1.3/abdera-extensions-json-1.1.3.jar:/root/.m2/repository/org/hamcrest/hamcrest-core/1.3/hamcrest-core-1.3.jar:/root/.m2/repository/org/apache/cxf/cxf-rt-rs-json-basic/3.2.0-SNAPSHOT/cxf-rt-rs-json-basic-3.2.0-SNAPSHOT.jar:/root/.m2/repository/org/apache/abdera/abdera-extensions-main/1.1.3/abdera-extensions-main-1.1.3.jar:/root/.m2/repository/javax/ws/rs/javax.ws.rs-api/2.1-m01/javax.ws.rs-api-2.1-m01.jar:/root/.m2/repository/org/springframework/spring-beans/4.2.6.RELEASE/spring-beans-4.2.6.RELEASE.jar:/root/.m2/repository/org/eclipse/emf/ecore/2.2.3/ecore-2.2.3.jar:/root/.m2/repository/org/apache/cxf/cxf-rt-databinding-aegis/3.2.0-SNAPSHOT/cxf-rt-databinding-aegis-3.2.0-SNAPSHOT.jar:/root/.m2/repository/org/apache/cxf/cxf-rt-databinding-sdo/3.2.0-SNAPSHOT/cxf-rt-databinding-sdo-3.2.0-SNAPSHOT.jar:/root/.m2/repository/org/springframework/spring-expression/4.2.6.RELEASE/spring-expression-4.2.6.RELEASE.jar:/root/.m2/repository/org/springframework/spring-aop/4.2.6.RELEASE/spring-aop-4.2.6.RELEASE.jar:/root/.m2/repository/wsdl4j/wsdl4j/1.6.3/wsdl4j-1.6.3.jar:/root/.m2/repository/xml-apis/xml-apis/1.0.b2/xml-apis-1.0.b2.jar:/root/.m2/repository/org/springframework/spring-context/4.2.6.RELEASE/spring-context-4.2.6.RELEASE.jar:/root/.m2/repository/org/codehaus/woodstox/stax2-api/3.1.4/stax2-api-3.1.4.jar:/root/.m2/repository/junit/junit/4.12/junit-4.12.jar:/root/.m2/repository/org/apache/ws/xmlschema/xmlschema-core/2.2.1/xmlschema-core-2.2.1.jar:/root/.m2/repository/org/apache/cxf/cxf-core/3.2.0-SNAPSHOT/cxf-core-3.2.0-SNAPSHOT.jar:/root/.m2/repository/commons-logging/commons-logging/1.2/commons-logging-1.2.jar:/root/.m2/repository/com/sun/xml/bind/jaxb-impl/2.2.11/jaxb-impl-2.2.11.jar:/root/.m2/repository/org/apache/abdera/abdera-core/1.1.3/abdera-core-1.1.3.jar:/root/.m2/repository/org/springframework/spring-core/4.2.6.RELEASE/spring-core-4.2.6.RELEASE.jar
[68306] INFO ConfigurationProperties - p:packageToInstrument= 
[68306] INFO ConfigurationProperties - p:skipfaultlocalization= false
[68306] INFO ConfigurationProperties - p:scope= local
[68306] INFO ConfigurationProperties - p:transformingredient= false
[68306] INFO ConfigurationProperties - p:fitnessfunction= fr.inria.astor.core.solutionsearch.population.TestCaseFitnessFunction
[68306] INFO ConfigurationProperties - p:maxnumvariablesperingredient= 10
[68306] INFO ConfigurationProperties - p:parsesourcefromoriginal= true
[68306] INFO ConfigurationProperties - p:pvariantfoldername= variant-
[68307] INFO ConfigurationProperties - p:savespoonmodelondisk= false
[68307] INFO ConfigurationProperties - p:srcjavafolder= rt/rs/extensions/providers/src/main/java
[68307] INFO ConfigurationProperties - p:populationcontroller= fr.inria.astor.core.solutionsearch.population.TestCaseBasedFitnessPopulationController
[68307] INFO ConfigurationProperties - p:ignoreflakyinfl= false
[68307] INFO ConfigurationProperties - p:cleantemplates= true
[68307] INFO ConfigurationProperties - p:applyCrossover= false
[68307] INFO ConfigurationProperties - p:maxmodificationpoints= 1000
[68307] INFO ConfigurationProperties - p:duplicateingredientsinspace= false
[68307] INFO ConfigurationProperties - p:metid= 0
[68307] INFO ConfigurationProperties - p:continuewhenmodelfail= true
[68307] INFO ConfigurationProperties - p:saveall= false
[68309] INFO ConfigurationProperties - p:seed= 0
[68309] INFO ConfigurationProperties - p:savecompletepatched= true
[68309] INFO ConfigurationProperties - p:resetoperations= false
[68309] INFO ConfigurationProperties - p:keepcomments= false
[68309] INFO ConfigurationProperties - p:processoutputinfile= false
[68310] INFO ConfigurationProperties - p:location= .
[68311] INFO ConfigurationProperties - p:probabilistictransformation= true
[68311] INFO ConfigurationProperties - p:overridemaxtime= true
[68311] INFO ConfigurationProperties - p:outputjsonresult= true
[68312] INFO ConfigurationProperties - p:allpoints= false
[68312] INFO ConfigurationProperties - p:antipattern= false
[68312] INFO ConfigurationProperties - p:bugId= 280
[68312] INFO ConfigurationProperties - p:evosuitetimeout= 120
[68312] INFO ConfigurationProperties - p:maxtimefactor= 10
[68312] INFO ConfigurationProperties - p:nrPlaceholders= 1
[68318] INFO ConfigurationProperties - p:testallcmd= mvn -pl rt/rs/extensions/providers -Dhttps.protocols=TLSv1.2 -Denforcer.skip=true -Dcheckstyle.skip=true -Dcobertura.skip=true -DskipITs=true -Drat.skip=true -Dlicense.skip=true -Dpmd.skip=true -Dfindbugs.skip=true -Dgpg.skip=true -Dskip.npm=true -Dskip.gulp=true -Dskip.bower=true -Danimal.sniffer.skip=true -V -B
[68318] INFO ConfigurationProperties - p:forcesubprocesskilling= false
[68318] INFO ConfigurationProperties - ----------------------------
[68337] INFO AstorCoreEngine - mod_point MP=org.apache.cxf.jaxrs.provider.atom.AbstractAtomProvider line: 92, pointed element: CtInvocationImpl
[68348] INFO AstorCoreEngine - -->op: OP_INSTANCE:
RemoveOp:(spoon.support.reflect.code.CtInvocationImpl) `options.setResolveEntities(false) ` -topatch--> `-` (null) 
[71960] INFO main - Run previously failing tests...
[131273] INFO main - Failed tests: 2
[131284] INFO AstorCoreEngine - Time Repair Loop (s): 62.965
[131284] INFO AstorCoreEngine - generationsexecuted: 1
[131284] WARN AstorCoreEngine - ----SUMMARY_EXECUTION---
[131284] WARN AstorCoreEngine - End Repair Search: NOT Found solution
[131284] WARN AstorCoreEngine - Number suspicious:1
[131287] INFO AstorCoreEngine - 
 --SOLUTIONS DESCRIPTION--


Astor Output:

General stats:
EXECUTION_IDENTIFIER=apache_cxf-VUL4J-15
TOTAL_TIME=62.965
NR_GENERATIONS=null
NR_RIGHT_COMPILATIONS=1
NR_FAILLING_COMPILATIONS=null
NR_ERRONEOUS_VARIANCES=null
NR_FAILING_VALIDATION_PROCESS=null
OUTPUT_STATUS=EXHAUSTIVE_NAVIGATED

Patch stats:

[131342] INFO Stats - Storing ing JSON at /workdir/jKali_vul4j_apache_cxf_VUL4J-15/./output_astor/AstorMain-apache_cxf-VUL4J-15//astor_output.json
[131342] INFO Stats - astor_output:
{"general":{"NR_RIGHT_COMPILATIONS":1,"NR_ERRONEOUS_VARIANCES":null,"EXECUTION_IDENTIFIER":"apache_cxf-VUL4J-15","OUTPUT_STATUS":"EXHAUSTIVE_NAVIGATED","NR_FAILLING_COMPILATIONS":null,"NR_GENERATIONS":null,"TOTAL_TIME":62.965,"NR_FAILING_VALIDATION_PROCESS":null},"patches":[]}
[131342] INFO AstorMain - Time Total(s): 131.327
102.60user 23.85system 2:13.66elapsed 94%CPU (0avgtext+0avgdata 718860maxresident)k
1976inputs+3328outputs (0major+575604minor)pagefaults 0swaps


Node: 9670332cfea8



Date: Thu Sep  8 22:02:17 EDT 2022

