cd /workdir/Cardumen_vul4j_spring-projects_spring-security-oauth_VUL4J-75;
export JAVA_TOOL_OPTIONS="-Dfile.encoding=UTF8 -Duser.language=en-US -Duser.country=US -Duser.language=en";
TZ="America/New_York"; export TZ;
export PATH="/usr/lib/jvm/java-8-openjdk-amd64/bin:$PATH";
export JAVA_HOME="/usr/lib/jvm/java-8-openjdk-amd64/bin";
time java -Xmx4g -Xms1g -XX:MaxPermSize=512m -cp /script/../libs/jtestex7.jar:/script/../repair_tools/astor.jar fr.inria.main.evolution.AstorMain \
	-mode cardumen \
	-location . \
	-id spring-projects_spring-security-oauth-VUL4J-75 \
	-failing org.springframework.security.oauth2.provider.endpoint.SpelViewTests#nonRecursive:org.springframework.security.oauth2.provider.endpoint.SpelViewTests#recursive \
	-jvm4testexecution /usr/lib/jvm/jdk1.7.0_80/bin \
	-jvm4evosuitetestexecution /usr/lib/jvm/jdk1.7.0_80/bin \
	-maxgen 1000000 \
	-maxtime 120 \
	-stopfirst true \
	-seed 0 \
	-scope local \
	-population 1 \
	-javacompliancelevel 7 \
	-faultlocalization perfect \
    -perfectdata /script/../data/benchmarks/vul4j/perfectfl/VUL4J-75 \
    -validation externalcmd \
    -testfailingcmd "mvn test -pl spring-security-oauth2 -Dtest=org.springframework.security.oauth2.provider.endpoint.SpelViewTests -Dhttps.protocols=TLSv1.2 -Denforcer.skip=true -Dcheckstyle.skip=true -Dcobertura.skip=true -DskipITs=true -Drat.skip=true -Dlicense.skip=true -Dpmd.skip=true -Dfindbugs.skip=true -Dgpg.skip=true -Dskip.npm=true -Dskip.gulp=true -Dskip.bower=true -Danimal.sniffer.skip=true -V -B" \
    -testallcmd "mvn test -pl spring-security-oauth2 -Dhttps.protocols=TLSv1.2 -Denforcer.skip=true -Dcheckstyle.skip=true -Dcobertura.skip=true -DskipITs=true -Drat.skip=true -Dlicense.skip=true -Dpmd.skip=true -Dfindbugs.skip=true -Dgpg.skip=true -Dskip.npm=true -Dskip.gulp=true -Dskip.bower=true -Danimal.sniffer.skip=true -V -B"  \ \
	-srcjavafolder spring-security-oauth2/src/main/java \
	-srctestfolder spring-security-oauth2/src/test/java \
	-binjavafolder spring-security-oauth2/target/classes \
	-bintestfolder spring-security-oauth2/target/test-classes \
	-parameters x:x:maxCombinationVariableLimit:true:maxVarCombination:1000:maxCombinationVariableLimit:true:maxVarCombination:1000:maxCombinationVariableLimit:true:maxVarCombination:1000:maxCombinationVariableLimit:true:maxVarCombination:1000:maxCombinationVariableLimit:true:maxVarCombination:1000:maxCombinationVariableLimit:true:maxVarCombination:1000:maxCombinationVariableLimit:true:maxVarCombination:1000:maxCombinationVariableLimit:true:maxVarCombination:1000:maxCombinationVariableLimit:true:maxVarCombination:1000:maxCombinationVariableLimit:true:maxVarCombination:1000:maxCombinationVariableLimit:true:maxVarCombination:1000:maxCombinationVariableLimit:true:maxVarCombination:1000:maxCombinationVariableLimit:true:maxVarCombination:1000:maxCombinationVariableLimit:true:maxVarCombination:1000:maxCombinationVariableLimit:true:maxVarCombination:1000:maxCombinationVariableLimit:true:maxVarCombination:1000:maxCombinationVariableLimit:true:maxVarCombination:1000:maxCombinationVariableLimit:true:maxVarCombination:1000:maxCombinationVariableLimit:true:maxVarCombination:1000:maxCombinationVariableLimit:true:maxVarCombination:1000:maxCombinationVariableLimit:true:maxVarCombination:1000:maxCombinationVariableLimit:true:maxVarCombination:1000:maxCombinationVariableLimit:true:maxVarCombination:1000:maxCombinationVariableLimit:true:maxVarCombination:1000:maxCombinationVariableLimit:true:maxVarCombination:1000:maxCombinationVariableLimit:true:maxVarCombination:1000:maxCombinationVariableLimit:true:maxVarCombination:1000:maxCombinationVariableLimit:true:maxVarCombination:1000:maxCombinationVariableLimit:true:maxVarCombination:1000:maxCombinationVariableLimit:true:maxVarCombination:1000:maxCombinationVariableLimit:true:maxVarCombination:1000:maxCombinationVariableLimit:true:maxVarCombination:1000:maxCombinationVariableLimit:true:maxVarCombination:1000:maxCombinationVariableLimit:true:maxVarCombination:1000:maxCombinationVariableLimit:true:maxVarCombination:1000:maxCombinationVariableLimit:true:maxVarCombination:1000:maxCombinationVariableLimit:true:maxVarCombination:1000:maxCombinationVariableLimit:true:maxVarCombination:1000:maxCombinationVariableLimit:true:maxVarCombination:1000:maxCombinationVariableLimit:true:maxVarCombination:1000:maxCombinationVariableLimit:true:maxVarCombination:1000:maxCombinationVariableLimit:true:maxVarCombination:1000:maxCombinationVariableLimit:true:maxVarCombination:1000:maxCombinationVariableLimit:true:maxVarCombination:1000:maxCombinationVariableLimit:true:maxVarCombination:1000:maxCombinationVariableLimit:true:maxVarCombination:1000:maxCombinationVariableLimit:true:maxVarCombination:1000:maxCombinationVariableLimit:true:maxVarCombination:1000:maxCombinationVariableLimit:true:maxVarCombination:1000:maxCombinationVariableLimit:true:maxVarCombination:1000:maxCombinationVariableLimit:true:maxVarCombination:1000:maxCombinationVariableLimit:true:maxVarCombination:1000:maxCombinationVariableLimit:true:maxVarCombination:1000:maxCombinationVariableLimit:true:maxVarCombination:1000:maxCombinationVariableLimit:true:maxVarCombination:1000:maxCombinationVariableLimit:true:maxVarCombination:1000:maxCombinationVariableLimit:true:maxVarCombination:1000:maxCombinationVariableLimit:true:maxVarCombination:1000:maxCombinationVariableLimit:true:maxVarCombination:1000:maxCombinationVariableLimit:true:maxVarCombination:1000:maxCombinationVariableLimit:true:maxVarCombination:1000 \
	-dependencies /root/.m2/repository/org/springframework/spring-webmvc/4.0.9.RELEASE/spring-webmvc-4.0.9.RELEASE.jar:/root/.m2/repository/org/springframework/data/spring-data-redis/1.5.0.RELEASE/spring-data-redis-1.5.0.RELEASE.jar:/root/.m2/repository/javax/servlet/javax.servlet-api/3.0.1/javax.servlet-api-3.0.1.jar:/root/.m2/repository/org/springframework/spring-context/4.0.9.RELEASE/spring-context-4.0.9.RELEASE.jar:/root/.m2/repository/org/apache/httpcomponents/httpcore/4.3.2/httpcore-4.3.2.jar:/root/.m2/repository/org/springframework/security/spring-security-core/3.2.8.RELEASE/spring-security-core-3.2.8.RELEASE.jar:/root/.m2/repository/org/powermock/powermock-api-mockito/1.5.4/powermock-api-mockito-1.5.4.jar:/root/.m2/repository/org/hamcrest/hamcrest-core/1.3/hamcrest-core-1.3.jar:/root/.m2/repository/com/fasterxml/jackson/core/jackson-databind/2.3.2/jackson-databind-2.3.2.jar:/root/.m2/repository/org/codehaus/jackson/jackson-core-asl/1.9.13/jackson-core-asl-1.9.13.jar:/root/.m2/repository/org/powermock/powermock-reflect/1.5.4/powermock-reflect-1.5.4.jar:/root/.m2/repository/org/springframework/spring-test/4.0.9.RELEASE/spring-test-4.0.9.RELEASE.jar:/root/.m2/repository/org/powermock/powermock-module-junit4/1.5.4/powermock-module-junit4-1.5.4.jar:/root/.m2/repository/org/springframework/spring-core/4.0.9.RELEASE/spring-core-4.0.9.RELEASE.jar:/root/.m2/repository/org/hsqldb/hsqldb-j5/2.0.0/hsqldb-j5-2.0.0.jar:/root/.m2/repository/org/springframework/spring-aop/4.0.9.RELEASE/spring-aop-4.0.9.RELEASE.jar:/root/.m2/repository/org/springframework/spring-expression/4.0.9.RELEASE/spring-expression-4.0.9.RELEASE.jar:/root/.m2/repository/com/fasterxml/jackson/core/jackson-annotations/2.3.2/jackson-annotations-2.3.2.jar:/root/.m2/repository/redis/clients/jedis/2.6.3/jedis-2.6.3.jar:/root/.m2/repository/aopalliance/aopalliance/1.0/aopalliance-1.0.jar:/root/.m2/repository/org/apache/httpcomponents/httpclient/4.3.3/httpclient-4.3.3.jar:/root/.m2/repository/org/springframework/spring-context-support/4.0.9.RELEASE/spring-context-support-4.0.9.RELEASE.jar:/root/.m2/repository/org/springframework/spring-tx/4.0.9.RELEASE/spring-tx-4.0.9.RELEASE.jar:/root/.m2/repository/org/springframework/spring-web/4.0.9.RELEASE/spring-web-4.0.9.RELEASE.jar:/root/.m2/repository/org/objenesis/objenesis/1.0/objenesis-1.0.jar:/root/.m2/repository/org/springframework/spring-beans/4.0.9.RELEASE/spring-beans-4.0.9.RELEASE.jar:/root/.m2/repository/org/apache/commons/commons-pool2/2.3/commons-pool2-2.3.jar:/root/.m2/repository/org/springframework/security/spring-security-jwt/1.0.2.RELEASE/spring-security-jwt-1.0.2.RELEASE.jar:/root/.m2/repository/org/codehaus/jackson/jackson-mapper-asl/1.9.13/jackson-mapper-asl-1.9.13.jar:/root/.m2/repository/org/mockito/mockito-all/1.9.5/mockito-all-1.9.5.jar:/root/.m2/repository/com/fasterxml/jackson/core/jackson-core/2.3.2/jackson-core-2.3.2.jar:/root/.m2/repository/org/powermock/powermock-module-junit4-common/1.5.4/powermock-module-junit4-common-1.5.4.jar:/root/.m2/repository/org/springframework/security/spring-security-config/3.2.8.RELEASE/spring-security-config-3.2.8.RELEASE.jar:/root/.m2/repository/org/bouncycastle/bcprov-jdk15on/1.47/bcprov-jdk15on-1.47.jar:/root/.m2/repository/com/orange/redis-embedded/embedded-redis/0.6/embedded-redis-0.6.jar:/root/.m2/repository/org/springframework/security/spring-security-web/3.2.8.RELEASE/spring-security-web-3.2.8.RELEASE.jar:/root/.m2/repository/org/springframework/spring-jdbc/4.0.9.RELEASE/spring-jdbc-4.0.9.RELEASE.jar:/root/.m2/repository/commons-codec/commons-codec/1.9/commons-codec-1.9.jar:/root/.m2/repository/org/slf4j/slf4j-api/1.7.6/slf4j-api-1.7.6.jar:/root/.m2/repository/junit/junit/4.11/junit-4.11.jar:/root/.m2/repository/org/mockito/mockito-core/1.9.5/mockito-core-1.9.5.jar:/root/.m2/repository/org/javassist/javassist/3.18.1-GA/javassist-3.18.1-GA.jar:/root/.m2/repository/org/bouncycastle/bcpkix-jdk15on/1.47/bcpkix-jdk15on-1.47.jar:/root/.m2/repository/org/powermock/powermock-core/1.5.4/powermock-core-1.5.4.jar:/root/.m2/repository/org/powermock/powermock-api-support/1.5.4/powermock-api-support-1.5.4.jar:/root/.m2/repository/commons-logging/commons-logging/1.1.3/commons-logging-1.1.3.jar;
	echo "\n\nNode: `hostname`\n";
	echo "\n\nDate: `date`\n";
Picked up JAVA_TOOL_OPTIONS: -Dfile.encoding=UTF8 -Duser.language=en-US -Duser.country=US -Duser.language=en
OpenJDK 64-Bit Server VM warning: ignoring option MaxPermSize=512m; support was removed in 8.0
[0] INFO ProjectConfiguration - Version of the JVM used: 1.7.0_80
[0] INFO main - Java version of the JDK used to run tests: 1.7.0_80
[0] INFO main - The compliance of the JVM is:  7
[5] INFO main - command line arguments: [-mode  cardumen  -location  .  -id  spring-projects_spring-security-oauth-VUL4J-75  -failing  org.springframework.security.oauth2.provider.endpoint.SpelViewTests#nonRecursive:org.springframework.security.oauth2.provider.endpoint.SpelViewTests#recursive  -jvm4testexecution  /usr/lib/jvm/jdk1.7.0_80/bin  -jvm4evosuitetestexecution  /usr/lib/jvm/jdk1.7.0_80/bin  -maxgen  1000000  -maxtime  120  -stopfirst  true  -seed  0  -scope  local  -population  1  -javacompliancelevel  7  -faultlocalization  perfect  -perfectdata  /script/../data/benchmarks/vul4j/perfectfl/VUL4J-75  -validation  externalcmd  -testfailingcmd  mvn test -pl spring-security-oauth2 -Dtest=org.springframework.security.oauth2.provider.endpoint.SpelViewTests -Dhttps.protocols=TLSv1.2 -Denforcer.skip=true -Dcheckstyle.skip=true -Dcobertura.skip=true -DskipITs=true -Drat.skip=true -Dlicense.skip=true -Dpmd.skip=true -Dfindbugs.skip=true -Dgpg.skip=true -Dskip.npm=true -Dskip.gulp=true -Dskip.bower=true -Danimal.sniffer.skip=true -V -B  -testallcmd  mvn test -pl spring-security-oauth2 -Dhttps.protocols=TLSv1.2 -Denforcer.skip=true -Dcheckstyle.skip=true -Dcobertura.skip=true -DskipITs=true -Drat.skip=true -Dlicense.skip=true -Dpmd.skip=true -Dfindbugs.skip=true -Dgpg.skip=true -Dskip.npm=true -Dskip.gulp=true -Dskip.bower=true -Danimal.sniffer.skip=true -V -B     -srcjavafolder  spring-security-oauth2/src/main/java  -srctestfolder  spring-security-oauth2/src/test/java  -binjavafolder  spring-security-oauth2/target/classes  -bintestfolder  spring-security-oauth2/target/test-classes  -parameters  x:x:maxCombinationVariableLimit:true:maxVarCombination:1000:maxCombinationVariableLimit:true:maxVarCombination:1000:maxCombinationVariableLimit:true:maxVarCombination:1000:maxCombinationVariableLimit:true:maxVarCombination:1000:maxCombinationVariableLimit:true:maxVarCombination:1000:maxCombinationVariableLimit:true:maxVarCombination:1000:maxCombinationVariableLimit:true:maxVarCombination:1000:maxCombinationVariableLimit:true:maxVarCombination:1000:maxCombinationVariableLimit:true:maxVarCombination:1000:maxCombinationVariableLimit:true:maxVarCombination:1000:maxCombinationVariableLimit:true:maxVarCombination:1000:maxCombinationVariableLimit:true:maxVarCombination:1000:maxCombinationVariableLimit:true:maxVarCombination:1000:maxCombinationVariableLimit:true:maxVarCombination:1000:maxCombinationVariableLimit:true:maxVarCombination:1000:maxCombinationVariableLimit:true:maxVarCombination:1000:maxCombinationVariableLimit:true:maxVarCombination:1000:maxCombinationVariableLimit:true:maxVarCombination:1000:maxCombinationVariableLimit:true:maxVarCombination:1000:maxCombinationVariableLimit:true:maxVarCombination:1000:maxCombinationVariableLimit:true:maxVarCombination:1000:maxCombinationVariableLimit:true:maxVarCombination:1000:maxCombinationVariableLimit:true:maxVarCombination:1000:maxCombinationVariableLimit:true:maxVarCombination:1000:maxCombinationVariableLimit:true:maxVarCombination:1000:maxCombinationVariableLimit:true:maxVarCombination:1000:maxCombinationVariableLimit:true:maxVarCombination:1000:maxCombinationVariableLimit:true:maxVarCombination:1000:maxCombinationVariableLimit:true:maxVarCombination:1000:maxCombinationVariableLimit:true:maxVarCombination:1000:maxCombinationVariableLimit:true:maxVarCombination:1000:maxCombinationVariableLimit:true:maxVarCombination:1000:maxCombinationVariableLimit:true:maxVarCombination:1000:maxCombinationVariableLimit:true:maxVarCombination:1000:maxCombinationVariableLimit:true:maxVarCombination:1000:maxCombinationVariableLimit:true:maxVarCombination:1000:maxCombinationVariableLimit:true:maxVarCombination:1000:maxCombinationVariableLimit:true:maxVarCombination:1000:maxCombinationVariableLimit:true:maxVarCombination:1000:maxCombinationVariableLimit:true:maxVarCombination:1000:maxCombinationVariableLimit:true:maxVarCombination:1000:maxCombinationVariableLimit:true:maxVarCombination:1000:maxCombinationVariableLimit:true:maxVarCombination:1000:maxCombinationVariableLimit:true:maxVarCombination:1000:maxCombinationVariableLimit:true:maxVarCombination:1000:maxCombinationVariableLimit:true:maxVarCombination:1000:maxCombinationVariableLimit:true:maxVarCombination:1000:maxCombinationVariableLimit:true:maxVarCombination:1000:maxCombinationVariableLimit:true:maxVarCombination:1000:maxCombinationVariableLimit:true:maxVarCombination:1000:maxCombinationVariableLimit:true:maxVarCombination:1000:maxCombinationVariableLimit:true:maxVarCombination:1000:maxCombinationVariableLimit:true:maxVarCombination:1000:maxCombinationVariableLimit:true:maxVarCombination:1000:maxCombinationVariableLimit:true:maxVarCombination:1000:maxCombinationVariableLimit:true:maxVarCombination:1000:maxCombinationVariableLimit:true:maxVarCombination:1000:maxCombinationVariableLimit:true:maxVarCombination:1000:maxCombinationVariableLimit:true:maxVarCombination:1000:maxCombinationVariableLimit:true:maxVarCombination:1000:maxCombinationVariableLimit:true:maxVarCombination:1000  -dependencies  /root/.m2/repository/org/springframework/spring-webmvc/4.0.9.RELEASE/spring-webmvc-4.0.9.RELEASE.jar:/root/.m2/repository/org/springframework/data/spring-data-redis/1.5.0.RELEASE/spring-data-redis-1.5.0.RELEASE.jar:/root/.m2/repository/javax/servlet/javax.servlet-api/3.0.1/javax.servlet-api-3.0.1.jar:/root/.m2/repository/org/springframework/spring-context/4.0.9.RELEASE/spring-context-4.0.9.RELEASE.jar:/root/.m2/repository/org/apache/httpcomponents/httpcore/4.3.2/httpcore-4.3.2.jar:/root/.m2/repository/org/springframework/security/spring-security-core/3.2.8.RELEASE/spring-security-core-3.2.8.RELEASE.jar:/root/.m2/repository/org/powermock/powermock-api-mockito/1.5.4/powermock-api-mockito-1.5.4.jar:/root/.m2/repository/org/hamcrest/hamcrest-core/1.3/hamcrest-core-1.3.jar:/root/.m2/repository/com/fasterxml/jackson/core/jackson-databind/2.3.2/jackson-databind-2.3.2.jar:/root/.m2/repository/org/codehaus/jackson/jackson-core-asl/1.9.13/jackson-core-asl-1.9.13.jar:/root/.m2/repository/org/powermock/powermock-reflect/1.5.4/powermock-reflect-1.5.4.jar:/root/.m2/repository/org/springframework/spring-test/4.0.9.RELEASE/spring-test-4.0.9.RELEASE.jar:/root/.m2/repository/org/powermock/powermock-module-junit4/1.5.4/powermock-module-junit4-1.5.4.jar:/root/.m2/repository/org/springframework/spring-core/4.0.9.RELEASE/spring-core-4.0.9.RELEASE.jar:/root/.m2/repository/org/hsqldb/hsqldb-j5/2.0.0/hsqldb-j5-2.0.0.jar:/root/.m2/repository/org/springframework/spring-aop/4.0.9.RELEASE/spring-aop-4.0.9.RELEASE.jar:/root/.m2/repository/org/springframework/spring-expression/4.0.9.RELEASE/spring-expression-4.0.9.RELEASE.jar:/root/.m2/repository/com/fasterxml/jackson/core/jackson-annotations/2.3.2/jackson-annotations-2.3.2.jar:/root/.m2/repository/redis/clients/jedis/2.6.3/jedis-2.6.3.jar:/root/.m2/repository/aopalliance/aopalliance/1.0/aopalliance-1.0.jar:/root/.m2/repository/org/apache/httpcomponents/httpclient/4.3.3/httpclient-4.3.3.jar:/root/.m2/repository/org/springframework/spring-context-support/4.0.9.RELEASE/spring-context-support-4.0.9.RELEASE.jar:/root/.m2/repository/org/springframework/spring-tx/4.0.9.RELEASE/spring-tx-4.0.9.RELEASE.jar:/root/.m2/repository/org/springframework/spring-web/4.0.9.RELEASE/spring-web-4.0.9.RELEASE.jar:/root/.m2/repository/org/objenesis/objenesis/1.0/objenesis-1.0.jar:/root/.m2/repository/org/springframework/spring-beans/4.0.9.RELEASE/spring-beans-4.0.9.RELEASE.jar:/root/.m2/repository/org/apache/commons/commons-pool2/2.3/commons-pool2-2.3.jar:/root/.m2/repository/org/springframework/security/spring-security-jwt/1.0.2.RELEASE/spring-security-jwt-1.0.2.RELEASE.jar:/root/.m2/repository/org/codehaus/jackson/jackson-mapper-asl/1.9.13/jackson-mapper-asl-1.9.13.jar:/root/.m2/repository/org/mockito/mockito-all/1.9.5/mockito-all-1.9.5.jar:/root/.m2/repository/com/fasterxml/jackson/core/jackson-core/2.3.2/jackson-core-2.3.2.jar:/root/.m2/repository/org/powermock/powermock-module-junit4-common/1.5.4/powermock-module-junit4-common-1.5.4.jar:/root/.m2/repository/org/springframework/security/spring-security-config/3.2.8.RELEASE/spring-security-config-3.2.8.RELEASE.jar:/root/.m2/repository/org/bouncycastle/bcprov-jdk15on/1.47/bcprov-jdk15on-1.47.jar:/root/.m2/repository/com/orange/redis-embedded/embedded-redis/0.6/embedded-redis-0.6.jar:/root/.m2/repository/org/springframework/security/spring-security-web/3.2.8.RELEASE/spring-security-web-3.2.8.RELEASE.jar:/root/.m2/repository/org/springframework/spring-jdbc/4.0.9.RELEASE/spring-jdbc-4.0.9.RELEASE.jar:/root/.m2/repository/commons-codec/commons-codec/1.9/commons-codec-1.9.jar:/root/.m2/repository/org/slf4j/slf4j-api/1.7.6/slf4j-api-1.7.6.jar:/root/.m2/repository/junit/junit/4.11/junit-4.11.jar:/root/.m2/repository/org/mockito/mockito-core/1.9.5/mockito-core-1.9.5.jar:/root/.m2/repository/org/javassist/javassist/3.18.1-GA/javassist-3.18.1-GA.jar:/root/.m2/repository/org/bouncycastle/bcpkix-jdk15on/1.47/bcpkix-jdk15on-1.47.jar:/root/.m2/repository/org/powermock/powermock-core/1.5.4/powermock-core-1.5.4.jar:/root/.m2/repository/org/powermock/powermock-api-support/1.5.4/powermock-api-support-1.5.4.jar:/root/.m2/repository/commons-logging/commons-logging/1.1.3/commons-logging-1.1.3.jar]
[13] INFO AstorMain - Running Astor on a JDK at /usr/lib/jvm/java-8-openjdk-amd64/jre
[57] INFO main - Source folders: [/workdir/Cardumen_vul4j_spring-projects_spring-security-oauth_VUL4J-75/./spring-security-oauth2/src/main/java]
[72] INFO main - Source Test folders: [/workdir/Cardumen_vul4j_spring-projects_spring-security-oauth_VUL4J-75/./spring-security-oauth2/src/test/java]
[3518] INFO AstorCoreEngine - ---- Creating spoon model
[3666] INFO MutationSupporter - Creating model,  Code location from working folder: /workdir/Cardumen_vul4j_spring-projects_spring-security-oauth_VUL4J-75/./spring-security-oauth2/src/main/java
[3666] INFO MutationSupporter - building model: /workdir/Cardumen_vul4j_spring-projects_spring-security-oauth_VUL4J-75/./spring-security-oauth2/src/main/java, compliance level: 7
[3929] INFO MutationSupporter - Classpath (Dependencies) for building SpoonModel: [/root/.m2/repository/org/springframework/spring-webmvc/4.0.9.RELEASE/spring-webmvc-4.0.9.RELEASE.jar, /root/.m2/repository/org/springframework/data/spring-data-redis/1.5.0.RELEASE/spring-data-redis-1.5.0.RELEASE.jar, /root/.m2/repository/javax/servlet/javax.servlet-api/3.0.1/javax.servlet-api-3.0.1.jar, /root/.m2/repository/org/springframework/spring-context/4.0.9.RELEASE/spring-context-4.0.9.RELEASE.jar, /root/.m2/repository/org/apache/httpcomponents/httpcore/4.3.2/httpcore-4.3.2.jar, /root/.m2/repository/org/springframework/security/spring-security-core/3.2.8.RELEASE/spring-security-core-3.2.8.RELEASE.jar, /root/.m2/repository/org/powermock/powermock-api-mockito/1.5.4/powermock-api-mockito-1.5.4.jar, /root/.m2/repository/org/hamcrest/hamcrest-core/1.3/hamcrest-core-1.3.jar, /root/.m2/repository/com/fasterxml/jackson/core/jackson-databind/2.3.2/jackson-databind-2.3.2.jar, /root/.m2/repository/org/codehaus/jackson/jackson-core-asl/1.9.13/jackson-core-asl-1.9.13.jar, /root/.m2/repository/org/powermock/powermock-reflect/1.5.4/powermock-reflect-1.5.4.jar, /root/.m2/repository/org/springframework/spring-test/4.0.9.RELEASE/spring-test-4.0.9.RELEASE.jar, /root/.m2/repository/org/powermock/powermock-module-junit4/1.5.4/powermock-module-junit4-1.5.4.jar, /root/.m2/repository/org/springframework/spring-core/4.0.9.RELEASE/spring-core-4.0.9.RELEASE.jar, /root/.m2/repository/org/hsqldb/hsqldb-j5/2.0.0/hsqldb-j5-2.0.0.jar, /root/.m2/repository/org/springframework/spring-aop/4.0.9.RELEASE/spring-aop-4.0.9.RELEASE.jar, /root/.m2/repository/org/springframework/spring-expression/4.0.9.RELEASE/spring-expression-4.0.9.RELEASE.jar, /root/.m2/repository/com/fasterxml/jackson/core/jackson-annotations/2.3.2/jackson-annotations-2.3.2.jar, /root/.m2/repository/redis/clients/jedis/2.6.3/jedis-2.6.3.jar, /root/.m2/repository/aopalliance/aopalliance/1.0/aopalliance-1.0.jar, /root/.m2/repository/org/apache/httpcomponents/httpclient/4.3.3/httpclient-4.3.3.jar, /root/.m2/repository/org/springframework/spring-context-support/4.0.9.RELEASE/spring-context-support-4.0.9.RELEASE.jar, /root/.m2/repository/org/springframework/spring-tx/4.0.9.RELEASE/spring-tx-4.0.9.RELEASE.jar, /root/.m2/repository/org/springframework/spring-web/4.0.9.RELEASE/spring-web-4.0.9.RELEASE.jar, /root/.m2/repository/org/objenesis/objenesis/1.0/objenesis-1.0.jar, /root/.m2/repository/org/springframework/spring-beans/4.0.9.RELEASE/spring-beans-4.0.9.RELEASE.jar, /root/.m2/repository/org/apache/commons/commons-pool2/2.3/commons-pool2-2.3.jar, /root/.m2/repository/org/springframework/security/spring-security-jwt/1.0.2.RELEASE/spring-security-jwt-1.0.2.RELEASE.jar, /root/.m2/repository/org/codehaus/jackson/jackson-mapper-asl/1.9.13/jackson-mapper-asl-1.9.13.jar, /root/.m2/repository/org/mockito/mockito-all/1.9.5/mockito-all-1.9.5.jar, /root/.m2/repository/com/fasterxml/jackson/core/jackson-core/2.3.2/jackson-core-2.3.2.jar, /root/.m2/repository/org/powermock/powermock-module-junit4-common/1.5.4/powermock-module-junit4-common-1.5.4.jar, /root/.m2/repository/org/springframework/security/spring-security-config/3.2.8.RELEASE/spring-security-config-3.2.8.RELEASE.jar, /root/.m2/repository/org/bouncycastle/bcprov-jdk15on/1.47/bcprov-jdk15on-1.47.jar, /root/.m2/repository/com/orange/redis-embedded/embedded-redis/0.6/embedded-redis-0.6.jar, /root/.m2/repository/org/springframework/security/spring-security-web/3.2.8.RELEASE/spring-security-web-3.2.8.RELEASE.jar, /root/.m2/repository/org/springframework/spring-jdbc/4.0.9.RELEASE/spring-jdbc-4.0.9.RELEASE.jar, /root/.m2/repository/commons-codec/commons-codec/1.9/commons-codec-1.9.jar, /root/.m2/repository/org/slf4j/slf4j-api/1.7.6/slf4j-api-1.7.6.jar, /root/.m2/repository/junit/junit/4.11/junit-4.11.jar, /root/.m2/repository/org/mockito/mockito-core/1.9.5/mockito-core-1.9.5.jar, /root/.m2/repository/org/javassist/javassist/3.18.1-GA/javassist-3.18.1-GA.jar, /root/.m2/repository/org/bouncycastle/bcpkix-jdk15on/1.47/bcpkix-jdk15on-1.47.jar, /root/.m2/repository/org/powermock/powermock-core/1.5.4/powermock-core-1.5.4.jar, /root/.m2/repository/org/powermock/powermock-api-support/1.5.4/powermock-api-support-1.5.4.jar, /root/.m2/repository/commons-logging/commons-logging/1.1.3/commons-logging-1.1.3.jar]
[24127] INFO AstorCoreEngine - Number of CtTypes created: 234
[24398] INFO AstorCoreEngine - Test retrieved from classes: 0
[24568] INFO AstorCoreEngine - Setting up the max to 1700 milliseconds (1 sec)
[24568] INFO AstorCoreEngine - ---- Initial suspicious size: 2
[24856] INFO main - Total suspicious from FL: 2,  3
[24857] INFO main - Total ModPoint created: 3
[24857] INFO main - Creating program variant #1, [Variant id: 1, #gens: 3, #ops: 0, parent:-]
[24857] INFO main - Run previously failing tests...
[45059] INFO main - Failed tests: 2
[45060] INFO AstorCoreEngine - The original fitness is : 2.0
[46207] INFO ExpressionTypeIngredientSpace - Ingredient search space info : number keys 19 , number values 27 
[46211] WARN ConfigurationProperties - ----------------------------
[46211] INFO ConfigurationProperties - ---Configuration properties
[46212] INFO ConfigurationProperties - p:lastJUnitVersion= ./examples/libs/junit-4.11.jar
[46212] INFO ConfigurationProperties - p:alternativecompliancelevel= 8
[46212] INFO ConfigurationProperties - p:ignoredTestCases= 
[46212] INFO ConfigurationProperties - p:workingDirectory= /workdir/Cardumen_vul4j_spring-projects_spring-security-oauth_VUL4J-75/./output_astor
[46212] INFO ConfigurationProperties - p:manipulatesuper= false
[46212] INFO ConfigurationProperties - p:validation= externalcmd
[46212] INFO ConfigurationProperties - p:jvm4testexecution= /usr/lib/jvm/jdk1.7.0_80/bin
[46212] INFO ConfigurationProperties - p:operatorspace= r-expression
[46212] INFO ConfigurationProperties - p:diffcontext= 0
[46212] INFO ConfigurationProperties - p:binjavafolder= spring-security-oauth2/target/classes
[46212] INFO ConfigurationProperties - p:synthesis_depth= 3
[46212] INFO ConfigurationProperties - p:gzoltartestpackagetoexclude= junit.framework
[46212] INFO ConfigurationProperties - p:skipfitnessinitialpopulation= false
[46212] INFO ConfigurationProperties - p:evosuiteresultfolder= evosuite
[46212] INFO ConfigurationProperties - p:flthreshold= 0.1
[46213] INFO ConfigurationProperties - p:regressionforfaultlocalization= true
[46213] INFO ConfigurationProperties - p:collectonlyusedmethod= false
[46213] INFO ConfigurationProperties - p:preservelinenumbers= true
[46213] INFO ConfigurationProperties - p:tmax2= 1700
[46213] INFO ConfigurationProperties - p:ingredienttransformstrategy= name-probability-based
[46213] INFO ConfigurationProperties - p:tmax1= 10000
[46213] INFO ConfigurationProperties - p:probagenmutation= false
[46213] INFO ConfigurationProperties - p:nomodificationconvergence= 100
[46213] INFO ConfigurationProperties - p:diff_type= relative
[46213] INFO ConfigurationProperties - p:targetelementprocessor= expression
[46213] INFO ConfigurationProperties - p:srctestfolder= spring-security-oauth2/src/test/java
[46213] INFO ConfigurationProperties - p:forceExecuteRegression= false
[46213] INFO ConfigurationProperties - p:clusteringfilename= clustering.csv
[46213] INFO ConfigurationProperties - p:failing= org.springframework.security.oauth2.provider.endpoint.SpelViewTests#nonRecursive:org.springframework.security.oauth2.provider.endpoint.SpelViewTests#recursive
[46213] INFO ConfigurationProperties - p:logtestexecution= false
[46213] INFO ConfigurationProperties - p:evo_buggy_class= true
[46213] INFO ConfigurationProperties - p:numberExecutions= 1
[46213] INFO ConfigurationProperties - p:maxnumbersolutions= 1000000
[46214] INFO ConfigurationProperties - p:evo_affected_by_op= true
[46214] INFO ConfigurationProperties - p:population= 1
[46214] INFO ConfigurationProperties - p:considerzerovaluesusp= false
[46214] INFO ConfigurationProperties - p:maxCombinationVariableLimit= true
[46214] INFO ConfigurationProperties - p:savesolution= true
[46214] INFO ConfigurationProperties - p:javacompliancelevel= 7
[46214] INFO ConfigurationProperties - p:x= x
[46214] INFO ConfigurationProperties - p:uniqueoptogen= false
[46214] INFO ConfigurationProperties - p:gzoltarpackagetonotinstrument= junit.framework
[46214] INFO ConfigurationProperties - p:projectIdentifier= spring-projects_spring-security-oauth-VUL4J-75
[46214] INFO ConfigurationProperties - p:modificationpointnavigation= weight
[46214] INFO ConfigurationProperties - p:stopfirst= true
[46214] INFO ConfigurationProperties - p:multipointmodification= false
[46214] INFO ConfigurationProperties - p:elementsToMutate= 10
[46214] INFO ConfigurationProperties - p:jsonoutputname= astor_output
[46214] INFO ConfigurationProperties - p:evoDSE= false
[46214] INFO ConfigurationProperties - p:bintestfolder= spring-security-oauth2/target/test-classes
[46214] INFO ConfigurationProperties - p:testbystep= false
[46214] INFO ConfigurationProperties - p:version-location= ./math-version/
[46214] INFO ConfigurationProperties - p:reintroduce= PARENTS:ORIGINAL
[46215] INFO ConfigurationProperties - p:perfectdata= /script/../data/benchmarks/vul4j/perfectfl/VUL4J-75
[46215] INFO ConfigurationProperties - p:executorjar= ./lib/jtestex7.jar
[46215] INFO ConfigurationProperties - p:maxGeneration= 1000000
[46215] INFO ConfigurationProperties - p:max_synthesis_step= 10000
[46215] INFO ConfigurationProperties - p:projectinfocommand= com.github.tdurieux:project-config-maven-plugin:info
[46215] INFO ConfigurationProperties - p:maxVarCombination= 1000
[46215] INFO ConfigurationProperties - p:maxtime= 120
[46215] INFO ConfigurationProperties - p:evosuitejar= ./lib/evosuite-master-1.0.4-SNAPSHOT.jar
[46215] INFO ConfigurationProperties - p:jvmversion= 1.7.0_80
[46215] INFO ConfigurationProperties - p:commandTrunk= 50000
[46215] INFO ConfigurationProperties - p:faultlocalization= perfect
[46215] INFO ConfigurationProperties - p:resetmodel= true
[46215] INFO ConfigurationProperties - p:maxsuspcandidates= 1000
[46215] INFO ConfigurationProperties - p:mode= cardumen
[46215] INFO ConfigurationProperties - p:learningdir= 
[46215] INFO ConfigurationProperties - p:jvm4evosuitetestexecution= /usr/lib/jvm/jdk1.7.0_80/bin
[46215] INFO ConfigurationProperties - p:filterfaultlocalization= true
[46215] INFO ConfigurationProperties - p:mutationrate= 1 
[46215] INFO ConfigurationProperties - p:pathToMVNRepository= 
[46215] INFO ConfigurationProperties - p:resourcesfolder= /src/main/resources:/src/test/resources:
[46215] INFO ConfigurationProperties - p:timezone= America/Los_Angeles
[46216] INFO ConfigurationProperties - p:runjava7code= false
[46216] INFO ConfigurationProperties - p:testfailingcmd= mvn test -pl spring-security-oauth2 -Dtest=org.springframework.security.oauth2.provider.endpoint.SpelViewTests -Dhttps.protocols=TLSv1.2 -Denforcer.skip=true -Dcheckstyle.skip=true -Dcobertura.skip=true -DskipITs=true -Drat.skip=true -Dlicense.skip=true -Dpmd.skip=true -Dfindbugs.skip=true -Dgpg.skip=true -Dskip.npm=true -Dskip.gulp=true -Dskip.bower=true -Danimal.sniffer.skip=true -V -B
[46216] INFO ConfigurationProperties - p:evoRunOnBuggyClass= true
[46216] INFO ConfigurationProperties - p:compiler= fr.inria.astor.core.manipulation.bytecode.compiler.SpoonClassCompiler
[46216] INFO ConfigurationProperties - p:limitbysuspicious= true
[46216] INFO ConfigurationProperties - p:logsattemps= true
[46216] INFO ConfigurationProperties - p:dependenciespath= /root/.m2/repository/org/springframework/spring-webmvc/4.0.9.RELEASE/spring-webmvc-4.0.9.RELEASE.jar:/root/.m2/repository/org/springframework/data/spring-data-redis/1.5.0.RELEASE/spring-data-redis-1.5.0.RELEASE.jar:/root/.m2/repository/javax/servlet/javax.servlet-api/3.0.1/javax.servlet-api-3.0.1.jar:/root/.m2/repository/org/springframework/spring-context/4.0.9.RELEASE/spring-context-4.0.9.RELEASE.jar:/root/.m2/repository/org/apache/httpcomponents/httpcore/4.3.2/httpcore-4.3.2.jar:/root/.m2/repository/org/springframework/security/spring-security-core/3.2.8.RELEASE/spring-security-core-3.2.8.RELEASE.jar:/root/.m2/repository/org/powermock/powermock-api-mockito/1.5.4/powermock-api-mockito-1.5.4.jar:/root/.m2/repository/org/hamcrest/hamcrest-core/1.3/hamcrest-core-1.3.jar:/root/.m2/repository/com/fasterxml/jackson/core/jackson-databind/2.3.2/jackson-databind-2.3.2.jar:/root/.m2/repository/org/codehaus/jackson/jackson-core-asl/1.9.13/jackson-core-asl-1.9.13.jar:/root/.m2/repository/org/powermock/powermock-reflect/1.5.4/powermock-reflect-1.5.4.jar:/root/.m2/repository/org/springframework/spring-test/4.0.9.RELEASE/spring-test-4.0.9.RELEASE.jar:/root/.m2/repository/org/powermock/powermock-module-junit4/1.5.4/powermock-module-junit4-1.5.4.jar:/root/.m2/repository/org/springframework/spring-core/4.0.9.RELEASE/spring-core-4.0.9.RELEASE.jar:/root/.m2/repository/org/hsqldb/hsqldb-j5/2.0.0/hsqldb-j5-2.0.0.jar:/root/.m2/repository/org/springframework/spring-aop/4.0.9.RELEASE/spring-aop-4.0.9.RELEASE.jar:/root/.m2/repository/org/springframework/spring-expression/4.0.9.RELEASE/spring-expression-4.0.9.RELEASE.jar:/root/.m2/repository/com/fasterxml/jackson/core/jackson-annotations/2.3.2/jackson-annotations-2.3.2.jar:/root/.m2/repository/redis/clients/jedis/2.6.3/jedis-2.6.3.jar:/root/.m2/repository/aopalliance/aopalliance/1.0/aopalliance-1.0.jar:/root/.m2/repository/org/apache/httpcomponents/httpclient/4.3.3/httpclient-4.3.3.jar:/root/.m2/repository/org/springframework/spring-context-support/4.0.9.RELEASE/spring-context-support-4.0.9.RELEASE.jar:/root/.m2/repository/org/springframework/spring-tx/4.0.9.RELEASE/spring-tx-4.0.9.RELEASE.jar:/root/.m2/repository/org/springframework/spring-web/4.0.9.RELEASE/spring-web-4.0.9.RELEASE.jar:/root/.m2/repository/org/objenesis/objenesis/1.0/objenesis-1.0.jar:/root/.m2/repository/org/springframework/spring-beans/4.0.9.RELEASE/spring-beans-4.0.9.RELEASE.jar:/root/.m2/repository/org/apache/commons/commons-pool2/2.3/commons-pool2-2.3.jar:/root/.m2/repository/org/springframework/security/spring-security-jwt/1.0.2.RELEASE/spring-security-jwt-1.0.2.RELEASE.jar:/root/.m2/repository/org/codehaus/jackson/jackson-mapper-asl/1.9.13/jackson-mapper-asl-1.9.13.jar:/root/.m2/repository/org/mockito/mockito-all/1.9.5/mockito-all-1.9.5.jar:/root/.m2/repository/com/fasterxml/jackson/core/jackson-core/2.3.2/jackson-core-2.3.2.jar:/root/.m2/repository/org/powermock/powermock-module-junit4-common/1.5.4/powermock-module-junit4-common-1.5.4.jar:/root/.m2/repository/org/springframework/security/spring-security-config/3.2.8.RELEASE/spring-security-config-3.2.8.RELEASE.jar:/root/.m2/repository/org/bouncycastle/bcprov-jdk15on/1.47/bcprov-jdk15on-1.47.jar:/root/.m2/repository/com/orange/redis-embedded/embedded-redis/0.6/embedded-redis-0.6.jar:/root/.m2/repository/org/springframework/security/spring-security-web/3.2.8.RELEASE/spring-security-web-3.2.8.RELEASE.jar:/root/.m2/repository/org/springframework/spring-jdbc/4.0.9.RELEASE/spring-jdbc-4.0.9.RELEASE.jar:/root/.m2/repository/commons-codec/commons-codec/1.9/commons-codec-1.9.jar:/root/.m2/repository/org/slf4j/slf4j-api/1.7.6/slf4j-api-1.7.6.jar:/root/.m2/repository/junit/junit/4.11/junit-4.11.jar:/root/.m2/repository/org/mockito/mockito-core/1.9.5/mockito-core-1.9.5.jar:/root/.m2/repository/org/javassist/javassist/3.18.1-GA/javassist-3.18.1-GA.jar:/root/.m2/repository/org/bouncycastle/bcpkix-jdk15on/1.47/bcpkix-jdk15on-1.47.jar:/root/.m2/repository/org/powermock/powermock-core/1.5.4/powermock-core-1.5.4.jar:/root/.m2/repository/org/powermock/powermock-api-support/1.5.4/powermock-api-support-1.5.4.jar:/root/.m2/repository/commons-logging/commons-logging/1.1.3/commons-logging-1.1.3.jar
[46217] INFO ConfigurationProperties - p:packageToInstrument= 
[46218] INFO ConfigurationProperties - p:skipfaultlocalization= false
[46218] INFO ConfigurationProperties - p:scope= local
[46218] INFO ConfigurationProperties - p:transformingredient= false
[46218] INFO ConfigurationProperties - p:fitnessfunction= fr.inria.astor.core.solutionsearch.population.TestCaseFitnessFunction
[46218] INFO ConfigurationProperties - p:maxnumvariablesperingredient= 10
[46218] INFO ConfigurationProperties - p:parsesourcefromoriginal= true
[46218] INFO ConfigurationProperties - p:pvariantfoldername= variant-
[46218] INFO ConfigurationProperties - p:savespoonmodelondisk= false
[46219] INFO ConfigurationProperties - p:srcjavafolder= spring-security-oauth2/src/main/java
[46219] INFO ConfigurationProperties - p:populationcontroller= fr.inria.astor.core.solutionsearch.population.TestCaseBasedFitnessPopulationController
[46219] INFO ConfigurationProperties - p:ignoreflakyinfl= false
[46219] INFO ConfigurationProperties - p:cleantemplates= true
[46219] INFO ConfigurationProperties - p:applyCrossover= false
[46219] INFO ConfigurationProperties - p:maxmodificationpoints= 1000
[46219] INFO ConfigurationProperties - p:duplicateingredientsinspace= false
[46219] INFO ConfigurationProperties - p:metid= 0
[46224] INFO ConfigurationProperties - p:continuewhenmodelfail= true
[46224] INFO ConfigurationProperties - p:saveall= false
[46224] INFO ConfigurationProperties - p:seed= 0
[46224] INFO ConfigurationProperties - p:savecompletepatched= true
[46224] INFO ConfigurationProperties - p:resetoperations= false
[46224] INFO ConfigurationProperties - p:keepcomments= false
[46224] INFO ConfigurationProperties - p:processoutputinfile= false
[46224] INFO ConfigurationProperties - p:location= .
[46224] INFO ConfigurationProperties - p:probabilistictransformation= true
[46224] INFO ConfigurationProperties - p:overridemaxtime= true
[46224] INFO ConfigurationProperties - p:ingredientstrategy= name-probability-based
[46225] INFO ConfigurationProperties - p:outputjsonresult= true
[46225] INFO ConfigurationProperties - p:allpoints= false
[46225] INFO ConfigurationProperties - p:antipattern= false
[46225] INFO ConfigurationProperties - p:bugId= 280
[46225] INFO ConfigurationProperties - p:evosuitetimeout= 120
[46225] INFO ConfigurationProperties - p:maxtimefactor= 10
[46225] INFO ConfigurationProperties - p:nrPlaceholders= 1
[46225] INFO ConfigurationProperties - p:testallcmd= mvn test -pl spring-security-oauth2 -Dhttps.protocols=TLSv1.2 -Denforcer.skip=true -Dcheckstyle.skip=true -Dcobertura.skip=true -DskipITs=true -Drat.skip=true -Dlicense.skip=true -Dpmd.skip=true -Dfindbugs.skip=true -Dgpg.skip=true -Dskip.npm=true -Dskip.gulp=true -Dskip.bower=true -Danimal.sniffer.skip=true -V -B
[46225] INFO ConfigurationProperties - p:forcesubprocesskilling= false
[46225] INFO ConfigurationProperties - ----------------------------
[46225] INFO AstorCoreEngine - ----Starting Solution Search
[46226] WARN AstorCoreEngine - ----------Running generation: 1, population size: 1
[52506] INFO main - Run previously failing tests...
[75640] INFO main - Failed tests: 3
[75666] WARN AstorCoreEngine - ----------Running generation: 2, population size: 1
[76410] INFO main - Run previously failing tests...
[96778] INFO main - Failed tests: 3
[96823] WARN AstorCoreEngine - ----------Running generation: 3, population size: 1
[97553] INFO main - Run previously failing tests...
[119798] INFO main - Failed tests: 3
[119810] WARN AstorCoreEngine - ----------Running generation: 4, population size: 1
[120725] INFO main - Run previously failing tests...
[154650] INFO main - Failed tests: 3
[154679] WARN AstorCoreEngine - ----------Running generation: 5, population size: 1
[155568] INFO main - Run previously failing tests...
[176537] INFO main - Failed tests: 3
[176553] WARN AstorCoreEngine - ----------Running generation: 6, population size: 1
[176589] WARN AstorCoreEngine - ----------Running generation: 7, population size: 1
[176661] WARN AstorCoreEngine - ----------Running generation: 8, population size: 1
[176680] WARN AstorCoreEngine - ----------Running generation: 9, population size: 1
[176720] WARN AstorCoreEngine - ----------Running generation: 10, population size: 1
[176817] WARN AstorCoreEngine - ----------Running generation: 11, population size: 1
[176840] WARN AstorCoreEngine - ----------Running generation: 12, population size: 1
[176854] WARN AstorCoreEngine - ----------Running generation: 13, population size: 1
[176874] WARN AstorCoreEngine - ----------Running generation: 14, population size: 1
[176907] WARN AstorCoreEngine - ----------Running generation: 15, population size: 1
[176970] WARN AstorCoreEngine - ----------Running generation: 16, population size: 1
[176980] WARN AstorCoreEngine - ----------Running generation: 17, population size: 1
[177032] WARN AstorCoreEngine - ----------Running generation: 18, population size: 1
[177048] WARN AstorCoreEngine - ----------Running generation: 19, population size: 1
[177063] WARN AstorCoreEngine - ----------Running generation: 20, population size: 1
[177073] WARN AstorCoreEngine - ----------Running generation: 21, population size: 1
[177088] WARN AstorCoreEngine - ----------Running generation: 22, population size: 1
[177105] WARN AstorCoreEngine - ----------Running generation: 23, population size: 1
[177127] WARN AstorCoreEngine - ----------Running generation: 24, population size: 1
[177154] WARN AstorCoreEngine - ----------Running generation: 25, population size: 1
[177187] WARN AstorCoreEngine - ----------Running generation: 26, population size: 1
[177219] WARN AstorCoreEngine - ----------Running generation: 27, population size: 1
[177286] WARN AstorCoreEngine - ----------Running generation: 28, population size: 1
[177330] WARN AstorCoreEngine - ----------Running generation: 29, population size: 1
[177349] WARN AstorCoreEngine - ----------Running generation: 30, population size: 1
[177361] WARN AstorCoreEngine - ----------Running generation: 31, population size: 1
[177414] WARN AstorCoreEngine - ----------Running generation: 32, population size: 1
[177423] WARN AstorCoreEngine - ----------Running generation: 33, population size: 1
[177515] WARN AstorCoreEngine - ----------Running generation: 34, population size: 1
[177614] WARN AstorCoreEngine - ----------Running generation: 35, population size: 1
[177673] WARN AstorCoreEngine - ----------Running generation: 36, population size: 1
[177744] WARN AstorCoreEngine - ----------Running generation: 37, population size: 1
[177790] WARN AstorCoreEngine - ----------Running generation: 38, population size: 1
[177827] WARN AstorCoreEngine - ----------Running generation: 39, population size: 1
[177864] WARN AstorCoreEngine - ----------Running generation: 40, population size: 1
[177949] WARN AstorCoreEngine - ----------Running generation: 41, population size: 1
[178013] WARN AstorCoreEngine - ----------Running generation: 42, population size: 1
[178028] WARN AstorCoreEngine - ----------Running generation: 43, population size: 1
[178089] WARN AstorCoreEngine - ----------Running generation: 44, population size: 1
[178120] WARN AstorCoreEngine - ----------Running generation: 45, population size: 1
[178177] WARN AstorCoreEngine - ----------Running generation: 46, population size: 1
[178234] WARN AstorCoreEngine - ----------Running generation: 47, population size: 1
[178278] WARN AstorCoreEngine - ----------Running generation: 48, population size: 1
[178315] WARN AstorCoreEngine - ----------Running generation: 49, population size: 1
[178337] WARN AstorCoreEngine - ----------Running generation: 50, population size: 1
[178387] WARN AstorCoreEngine - ----------Running generation: 51, population size: 1
[178397] WARN AstorCoreEngine - ----------Running generation: 52, population size: 1
[178429] WARN AstorCoreEngine - ----------Running generation: 53, population size: 1
[178476] WARN AstorCoreEngine - ----------Running generation: 54, population size: 1
[178504] WARN AstorCoreEngine - ----------Running generation: 55, population size: 1
[178517] WARN AstorCoreEngine - ----------Running generation: 56, population size: 1
[178565] WARN AstorCoreEngine - ----------Running generation: 57, population size: 1
[178606] WARN AstorCoreEngine - ----------Running generation: 58, population size: 1
[178657] WARN AstorCoreEngine - ----------Running generation: 59, population size: 1
[178690] WARN AstorCoreEngine - ----------Running generation: 60, population size: 1
[178719] WARN AstorCoreEngine - ----------Running generation: 61, population size: 1
[178731] WARN AstorCoreEngine - ----------Running generation: 62, population size: 1
[178780] WARN AstorCoreEngine - ----------Running generation: 63, population size: 1
[178797] WARN AstorCoreEngine - ----------Running generation: 64, population size: 1
[178837] WARN AstorCoreEngine - ----------Running generation: 65, population size: 1
[178865] WARN AstorCoreEngine - ----------Running generation: 66, population size: 1
[178899] WARN AstorCoreEngine - ----------Running generation: 67, population size: 1
[178908] WARN AstorCoreEngine - ----------Running generation: 68, population size: 1
[178961] WARN AstorCoreEngine - ----------Running generation: 69, population size: 1
[178982] WARN AstorCoreEngine - ----------Running generation: 70, population size: 1
[179033] WARN AstorCoreEngine - ----------Running generation: 71, population size: 1
[179083] WARN AstorCoreEngine - ----------Running generation: 72, population size: 1
[179128] WARN AstorCoreEngine - ----------Running generation: 73, population size: 1
[179168] WARN AstorCoreEngine - ----------Running generation: 74, population size: 1
[179196] WARN AstorCoreEngine - ----------Running generation: 75, population size: 1
[179213] WARN AstorCoreEngine - ----------Running generation: 76, population size: 1
[179237] WARN AstorCoreEngine - ----------Running generation: 77, population size: 1
[179266] WARN AstorCoreEngine - ----------Running generation: 78, population size: 1
[179282] WARN AstorCoreEngine - ----------Running generation: 79, population size: 1
[179326] WARN AstorCoreEngine - ----------Running generation: 80, population size: 1
[179368] WARN AstorCoreEngine - ----------Running generation: 81, population size: 1
[179388] WARN AstorCoreEngine - ----------Running generation: 82, population size: 1
[179461] WARN AstorCoreEngine - ----------Running generation: 83, population size: 1
[179488] WARN AstorCoreEngine - ----------Running generation: 84, population size: 1
[179523] WARN AstorCoreEngine - ----------Running generation: 85, population size: 1
[179581] WARN AstorCoreEngine - ----------Running generation: 86, population size: 1
[179621] WARN AstorCoreEngine - ----------Running generation: 87, population size: 1
[179658] WARN AstorCoreEngine - ----------Running generation: 88, population size: 1
[179721] WARN AstorCoreEngine - ----------Running generation: 89, population size: 1
[179758] WARN AstorCoreEngine - ----------Running generation: 90, population size: 1
[179807] WARN AstorCoreEngine - ----------Running generation: 91, population size: 1
[179819] WARN AstorCoreEngine - ----------Running generation: 92, population size: 1
[179849] WARN AstorCoreEngine - ----------Running generation: 93, population size: 1
[179858] WARN AstorCoreEngine - ----------Running generation: 94, population size: 1
[179913] WARN AstorCoreEngine - ----------Running generation: 95, population size: 1
[179922] WARN AstorCoreEngine - ----------Running generation: 96, population size: 1
[180002] WARN AstorCoreEngine - ----------Running generation: 97, population size: 1
[180050] WARN AstorCoreEngine - ----------Running generation: 98, population size: 1
[180062] WARN AstorCoreEngine - ----------Running generation: 99, population size: 1
[180115] WARN AstorCoreEngine - ----------Running generation: 100, population size: 1
[180164] WARN AstorCoreEngine - ----------Running generation: 101, population size: 1
[180197] WARN AstorCoreEngine - ----------Running generation: 102, population size: 1
[180240] WARN AstorCoreEngine - ----------Running generation: 103, population size: 1
[180275] WARN AstorCoreEngine - ----------Running generation: 104, population size: 1
[180304] WARN AstorCoreEngine - ----------Running generation: 105, population size: 1
[180335] ERROR AstorCoreEngine - Stopping main loop at 105 generation
[180338] INFO AstorCoreEngine - Time Repair Loop (s): 134.113
[180338] INFO AstorCoreEngine - generationsexecuted: 105
[180338] WARN AstorCoreEngine - ----SUMMARY_EXECUTION---
[180338] WARN AstorCoreEngine - End Repair Search: NOT Found solution
[180338] WARN AstorCoreEngine - Number suspicious:1
[180339] INFO AstorCoreEngine - Total mod points: 3
[180386] INFO ExpressionTypeIngredientSpace - Storing ing JSON at /workdir/Cardumen_vul4j_spring-projects_spring-security-oauth_VUL4J-75/./output_astor/AstorMain-spring-projects_spring-security-oauth-VUL4J-75//src/ingredients.json
[180388] INFO IngredientStats - Storing ing JSON at /workdir/Cardumen_vul4j_spring-projects_spring-security-oauth_VUL4J-75/./output_astor/AstorMain-spring-projects_spring-security-oauth-VUL4J-75//ingredientSpaceSize.json
[180388] INFO IngredientStats - ingredientSpaceSize:{"allAttempts":7,"space":[{"a":2,"v":1},{"a":4,"v":1},{"a":1,"v":4},{"a":3,"v":1}]}
[180391] INFO IngredientStats - Storing ing JSON at /workdir/Cardumen_vul4j_spring-projects_spring-security-oauth_VUL4J-75/./output_astor/AstorMain-spring-projects_spring-security-oauth-VUL4J-75//combinationsTemplatesingredientSpaceSize.json
[180391] INFO IngredientStats - combinationsTemplatesingredientSpaceSize:{"allAttempts":18,"space":[{"a":2,"v":4},{"a":1,"v":14}]}
[180392] INFO AstorCoreEngine - 
 --SOLUTIONS DESCRIPTION--


Astor Output:

General stats:
EXECUTION_IDENTIFIER=spring-projects_spring-security-oauth-VUL4J-75
TOTAL_TIME=134.113
NR_GENERATIONS=105
NR_RIGHT_COMPILATIONS=5
NR_FAILLING_COMPILATIONS=null
NR_ERRONEOUS_VARIANCES=null
NR_FAILING_VALIDATION_PROCESS=null
OUTPUT_STATUS=CONVERGED

Patch stats:

[180417] INFO Stats - Storing ing JSON at /workdir/Cardumen_vul4j_spring-projects_spring-security-oauth_VUL4J-75/./output_astor/AstorMain-spring-projects_spring-security-oauth-VUL4J-75//astor_output.json
[180418] INFO Stats - astor_output:
{"general":{"NR_RIGHT_COMPILATIONS":5,"NR_ERRONEOUS_VARIANCES":null,"EXECUTION_IDENTIFIER":"spring-projects_spring-security-oauth-VUL4J-75","OUTPUT_STATUS":"CONVERGED","NR_FAILLING_COMPILATIONS":null,"NR_GENERATIONS":105,"TOTAL_TIME":134.113,"NR_FAILING_VALIDATION_PROCESS":null},"patches":[]}
[180418] INFO AstorMain - Time Total(s): 180.397
127.64user 24.90system 3:02.10elapsed 83%CPU (0avgtext+0avgdata 830984maxresident)k
5096inputs+10696outputs (1major+849301minor)pagefaults 0swaps


Node: 9670332cfea8



Date: Fri Sep  9 03:59:38 EDT 2022

