cd /workdir/jKali_vul4j_swagger-api_swagger-parser_VUL4J-77;
export JAVA_TOOL_OPTIONS="-Dfile.encoding=UTF8 -Duser.language=en-US -Duser.country=US -Duser.language=en";
TZ="America/New_York"; export TZ;
export PATH="/usr/lib/jvm/java-8-openjdk-amd64/bin:$PATH";
export JAVA_HOME="/usr/lib/jvm/java-8-openjdk-amd64/bin";
time java -Xmx4g -Xms1g -XX:MaxPermSize=512m -cp /script/../libs/jtestex7.jar:/script/../repair_tools/astor.jar fr.inria.main.evolution.AstorMain \
	-mode jkali \
	-location . \
	-id swagger-api_swagger-parser-VUL4J-77 \
	-failing io.swagger.parser.util.SwaggerDeserializerTest#testCVE_2017_1000207 \
	-jvm4testexecution /usr/lib/jvm/java-8-openjdk-amd64/bin \
	-jvm4evosuitetestexecution /usr/lib/jvm/java-8-openjdk-amd64/bin \
	-maxgen 1000000 \
	-maxtime 120 \
	-stopfirst true \
	-seed 0 \
	-scope local \
	-population 1 \
	-javacompliancelevel 8 \
	-faultlocalization perfect \
    -perfectdata /script/../data/benchmarks/vul4j/perfectfl/VUL4J-77 \
    -validation externalcmd \
    -testfailingcmd "mvn -pl modules/swagger-parser -Dtest="io.swagger.parser.util.*" -Dhttps.protocols=TLSv1.2 -Denforcer.skip=true -Dcheckstyle.skip=true -Dcobertura.skip=true -DskipITs=true -Drat.skip=true -Dlicense.skip=true -Dpmd.skip=true -Dfindbugs.skip=true -Dgpg.skip=true -Dskip.npm=true -Dskip.gulp=true -Dskip.bower=true -Danimal.sniffer.skip=true -V -B" \
    -testallcmd "mvn test -pl modules/swagger-parser -Dhttps.protocols=TLSv1.2 -Denforcer.skip=true -Dcheckstyle.skip=true -Dcobertura.skip=true -DskipITs=true -Drat.skip=true -Dlicense.skip=true -Dpmd.skip=true -Dfindbugs.skip=true -Dgpg.skip=true -Dskip.npm=true -Dskip.gulp=true -Dskip.bower=true -Danimal.sniffer.skip=true -V -B"  \ \
	-srcjavafolder modules/swagger-parser/src/main/java \
	-srctestfolder modules/swagger-parser/src/test/java \
	-binjavafolder modules/swagger-parser/target/classes \
	-bintestfolder modules/swagger-parser/target/test-classes \
	-parameters x:x \
	-dependencies /workdir/jKali_vul4j_swagger-api_swagger-parser_VUL4J-77/modules/swagger-parser/target/classes:/root/.m2/repository/com/fasterxml/jackson/core/jackson-core/2.8.7/jackson-core-2.8.7.jar:/root/.m2/repository/net/sf/jopt-simple/jopt-simple/4.9/jopt-simple-4.9.jar:/root/.m2/repository/org/apache/ant/ant-launcher/1.7.0/ant-launcher-1.7.0.jar:/root/.m2/repository/org/apache/commons/commons-collections4/4.0/commons-collections4-4.0.jar:/root/.m2/repository/org/eclipse/jetty/jetty-util/9.2.13.v20150730/jetty-util-9.2.13.v20150730.jar:/root/.m2/repository/javax/servlet/javax.servlet-api/3.1.0/javax.servlet-api-3.1.0.jar:/root/.m2/repository/org/slf4j/slf4j-api/1.6.3/slf4j-api-1.6.3.jar:/root/.m2/repository/org/slf4j/slf4j-ext/1.6.3/slf4j-ext-1.6.3.jar:/root/.m2/repository/org/ow2/asm/asm/5.0.3/asm-5.0.3.jar:/root/.m2/repository/aopalliance/aopalliance/1.0/aopalliance-1.0.jar:/root/.m2/repository/org/eclipse/jetty/jetty-io/9.2.13.v20150730/jetty-io-9.2.13.v20150730.jar:/root/.m2/repository/org/eclipse/jetty/jetty-security/9.2.13.v20150730/jetty-security-9.2.13.v20150730.jar:/root/.m2/repository/org/jmockit/jmockit/1.19/jmockit-1.19.jar:/root/.m2/repository/org/testng/testng/6.9.6/testng-6.9.6.jar:/root/.m2/repository/junit/junit/4.8.1/junit-4.8.1.jar:/root/.m2/repository/org/slf4j/slf4j-simple/1.6.3/slf4j-simple-1.6.3.jar:/root/.m2/repository/org/eclipse/jetty/jetty-servlet/9.2.13.v20150730/jetty-servlet-9.2.13.v20150730.jar:/root/.m2/repository/org/xmlunit/xmlunit-legacy/2.1.1/xmlunit-legacy-2.1.1.jar:/root/.m2/repository/com/fasterxml/jackson/core/jackson-annotations/2.8.7/jackson-annotations-2.8.7.jar:/root/.m2/repository/commons-codec/commons-codec/1.9/commons-codec-1.9.jar:/root/.m2/repository/org/eclipse/jetty/jetty-server/9.2.13.v20150730/jetty-server-9.2.13.v20150730.jar:/root/.m2/repository/org/beanshell/bsh/2.0b4/bsh-2.0b4.jar:/root/.m2/repository/org/eclipse/jetty/jetty-http/9.2.13.v20150730/jetty-http-9.2.13.v20150730.jar:/root/.m2/repository/org/apache/httpcomponents/httpclient/4.5.1/httpclient-4.5.1.jar:/root/.m2/repository/com/fasterxml/jackson/core/jackson-databind/2.8.7/jackson-databind-2.8.7.jar:/root/.m2/repository/javax/inject/javax.inject/1/javax.inject-1.jar:/root/.m2/repository/com/jayway/jsonpath/json-path/2.2.0/json-path-2.2.0.jar:/root/.m2/repository/com/github/tomakehurst/wiremock/2.4.1/wiremock-2.4.1.jar:/root/.m2/repository/ch/qos/cal10n/cal10n-api/0.7.4/cal10n-api-0.7.4.jar:/root/.m2/repository/org/eclipse/jetty/jetty-continuation/9.2.13.v20150730/jetty-continuation-9.2.13.v20150730.jar:/root/.m2/repository/commons-io/commons-io/2.4/commons-io-2.4.jar:/root/.m2/repository/com/beust/jcommander/1.48/jcommander-1.48.jar:/root/.m2/repository/org/yaml/snakeyaml/1.17/snakeyaml-1.17.jar:/root/.m2/repository/org/xmlunit/xmlunit-core/2.1.1/xmlunit-core-2.1.1.jar:/root/.m2/repository/com/google/inject/guice/4.0/guice-4.0-no_aop.jar:/root/.m2/repository/com/flipkart/zjsonpatch/zjsonpatch/0.2.1/zjsonpatch-0.2.1.jar:/root/.m2/repository/io/swagger/swagger-core/1.5.15/swagger-core-1.5.15-tests.jar:/root/.m2/repository/org/eclipse/jetty/jetty-servlets/9.2.13.v20150730/jetty-servlets-9.2.13.v20150730.jar:/root/.m2/repository/com/fasterxml/jackson/dataformat/jackson-dataformat-yaml/2.8.7/jackson-dataformat-yaml-2.8.7.jar:/root/.m2/repository/io/swagger/swagger-models/1.5.15/swagger-models-1.5.15.jar:/root/.m2/repository/io/swagger/swagger-core/1.5.15/swagger-core-1.5.15.jar:/root/.m2/repository/io/swagger/swagger-annotations/1.5.15/swagger-annotations-1.5.15.jar:/root/.m2/repository/net/minidev/accessors-smart/1.1/accessors-smart-1.1.jar:/root/.m2/repository/javax/validation/validation-api/1.1.0.Final/validation-api-1.1.0.Final.jar:/root/.m2/repository/net/minidev/json-smart/2.2.1/json-smart-2.2.1.jar:/root/.m2/repository/org/apache/httpcomponents/httpcore/4.4.3/httpcore-4.4.3.jar:/root/.m2/repository/org/eclipse/jetty/jetty-xml/9.2.13.v20150730/jetty-xml-9.2.13.v20150730.jar:/root/.m2/repository/org/eclipse/jetty/jetty-webapp/9.2.13.v20150730/jetty-webapp-9.2.13.v20150730.jar:/root/.m2/repository/com/google/guava/guava/20.0/guava-20.0.jar:/root/.m2/repository/org/apache/commons/commons-lang3/3.2.1/commons-lang3-3.2.1.jar:/root/.m2/repository/commons-logging/commons-logging/1.2/commons-logging-1.2.jar:/root/.m2/repository/org/apache/ant/ant/1.7.0/ant-1.7.0.jar;
	echo "\n\nNode: `hostname`\n";
	echo "\n\nDate: `date`\n";
Picked up JAVA_TOOL_OPTIONS: -Dfile.encoding=UTF8 -Duser.language=en-US -Duser.country=US -Duser.language=en
OpenJDK 64-Bit Server VM warning: ignoring option MaxPermSize=512m; support was removed in 8.0
[0] INFO ProjectConfiguration - Version of the JVM used: 1.8.0_342
[0] INFO main - Java version of the JDK used to run tests: 1.8.0_342
[0] INFO main - The compliance of the JVM is:  8
[3] INFO main - command line arguments: [-mode  jkali  -location  .  -id  swagger-api_swagger-parser-VUL4J-77  -failing  io.swagger.parser.util.SwaggerDeserializerTest#testCVE_2017_1000207  -jvm4testexecution  /usr/lib/jvm/java-8-openjdk-amd64/bin  -jvm4evosuitetestexecution  /usr/lib/jvm/java-8-openjdk-amd64/bin  -maxgen  1000000  -maxtime  120  -stopfirst  true  -seed  0  -scope  local  -population  1  -javacompliancelevel  8  -faultlocalization  perfect  -perfectdata  /script/../data/benchmarks/vul4j/perfectfl/VUL4J-77  -validation  externalcmd  -testfailingcmd  mvn -pl modules/swagger-parser -Dtest=io.swagger.parser.util.* -Dhttps.protocols=TLSv1.2 -Denforcer.skip=true -Dcheckstyle.skip=true -Dcobertura.skip=true -DskipITs=true -Drat.skip=true -Dlicense.skip=true -Dpmd.skip=true -Dfindbugs.skip=true -Dgpg.skip=true -Dskip.npm=true -Dskip.gulp=true -Dskip.bower=true -Danimal.sniffer.skip=true -V -B  -testallcmd  mvn test -pl modules/swagger-parser -Dhttps.protocols=TLSv1.2 -Denforcer.skip=true -Dcheckstyle.skip=true -Dcobertura.skip=true -DskipITs=true -Drat.skip=true -Dlicense.skip=true -Dpmd.skip=true -Dfindbugs.skip=true -Dgpg.skip=true -Dskip.npm=true -Dskip.gulp=true -Dskip.bower=true -Danimal.sniffer.skip=true -V -B     -srcjavafolder  modules/swagger-parser/src/main/java  -srctestfolder  modules/swagger-parser/src/test/java  -binjavafolder  modules/swagger-parser/target/classes  -bintestfolder  modules/swagger-parser/target/test-classes  -parameters  x:x  -dependencies  /workdir/jKali_vul4j_swagger-api_swagger-parser_VUL4J-77/modules/swagger-parser/target/classes:/root/.m2/repository/com/fasterxml/jackson/core/jackson-core/2.8.7/jackson-core-2.8.7.jar:/root/.m2/repository/net/sf/jopt-simple/jopt-simple/4.9/jopt-simple-4.9.jar:/root/.m2/repository/org/apache/ant/ant-launcher/1.7.0/ant-launcher-1.7.0.jar:/root/.m2/repository/org/apache/commons/commons-collections4/4.0/commons-collections4-4.0.jar:/root/.m2/repository/org/eclipse/jetty/jetty-util/9.2.13.v20150730/jetty-util-9.2.13.v20150730.jar:/root/.m2/repository/javax/servlet/javax.servlet-api/3.1.0/javax.servlet-api-3.1.0.jar:/root/.m2/repository/org/slf4j/slf4j-api/1.6.3/slf4j-api-1.6.3.jar:/root/.m2/repository/org/slf4j/slf4j-ext/1.6.3/slf4j-ext-1.6.3.jar:/root/.m2/repository/org/ow2/asm/asm/5.0.3/asm-5.0.3.jar:/root/.m2/repository/aopalliance/aopalliance/1.0/aopalliance-1.0.jar:/root/.m2/repository/org/eclipse/jetty/jetty-io/9.2.13.v20150730/jetty-io-9.2.13.v20150730.jar:/root/.m2/repository/org/eclipse/jetty/jetty-security/9.2.13.v20150730/jetty-security-9.2.13.v20150730.jar:/root/.m2/repository/org/jmockit/jmockit/1.19/jmockit-1.19.jar:/root/.m2/repository/org/testng/testng/6.9.6/testng-6.9.6.jar:/root/.m2/repository/junit/junit/4.8.1/junit-4.8.1.jar:/root/.m2/repository/org/slf4j/slf4j-simple/1.6.3/slf4j-simple-1.6.3.jar:/root/.m2/repository/org/eclipse/jetty/jetty-servlet/9.2.13.v20150730/jetty-servlet-9.2.13.v20150730.jar:/root/.m2/repository/org/xmlunit/xmlunit-legacy/2.1.1/xmlunit-legacy-2.1.1.jar:/root/.m2/repository/com/fasterxml/jackson/core/jackson-annotations/2.8.7/jackson-annotations-2.8.7.jar:/root/.m2/repository/commons-codec/commons-codec/1.9/commons-codec-1.9.jar:/root/.m2/repository/org/eclipse/jetty/jetty-server/9.2.13.v20150730/jetty-server-9.2.13.v20150730.jar:/root/.m2/repository/org/beanshell/bsh/2.0b4/bsh-2.0b4.jar:/root/.m2/repository/org/eclipse/jetty/jetty-http/9.2.13.v20150730/jetty-http-9.2.13.v20150730.jar:/root/.m2/repository/org/apache/httpcomponents/httpclient/4.5.1/httpclient-4.5.1.jar:/root/.m2/repository/com/fasterxml/jackson/core/jackson-databind/2.8.7/jackson-databind-2.8.7.jar:/root/.m2/repository/javax/inject/javax.inject/1/javax.inject-1.jar:/root/.m2/repository/com/jayway/jsonpath/json-path/2.2.0/json-path-2.2.0.jar:/root/.m2/repository/com/github/tomakehurst/wiremock/2.4.1/wiremock-2.4.1.jar:/root/.m2/repository/ch/qos/cal10n/cal10n-api/0.7.4/cal10n-api-0.7.4.jar:/root/.m2/repository/org/eclipse/jetty/jetty-continuation/9.2.13.v20150730/jetty-continuation-9.2.13.v20150730.jar:/root/.m2/repository/commons-io/commons-io/2.4/commons-io-2.4.jar:/root/.m2/repository/com/beust/jcommander/1.48/jcommander-1.48.jar:/root/.m2/repository/org/yaml/snakeyaml/1.17/snakeyaml-1.17.jar:/root/.m2/repository/org/xmlunit/xmlunit-core/2.1.1/xmlunit-core-2.1.1.jar:/root/.m2/repository/com/google/inject/guice/4.0/guice-4.0-no_aop.jar:/root/.m2/repository/com/flipkart/zjsonpatch/zjsonpatch/0.2.1/zjsonpatch-0.2.1.jar:/root/.m2/repository/io/swagger/swagger-core/1.5.15/swagger-core-1.5.15-tests.jar:/root/.m2/repository/org/eclipse/jetty/jetty-servlets/9.2.13.v20150730/jetty-servlets-9.2.13.v20150730.jar:/root/.m2/repository/com/fasterxml/jackson/dataformat/jackson-dataformat-yaml/2.8.7/jackson-dataformat-yaml-2.8.7.jar:/root/.m2/repository/io/swagger/swagger-models/1.5.15/swagger-models-1.5.15.jar:/root/.m2/repository/io/swagger/swagger-core/1.5.15/swagger-core-1.5.15.jar:/root/.m2/repository/io/swagger/swagger-annotations/1.5.15/swagger-annotations-1.5.15.jar:/root/.m2/repository/net/minidev/accessors-smart/1.1/accessors-smart-1.1.jar:/root/.m2/repository/javax/validation/validation-api/1.1.0.Final/validation-api-1.1.0.Final.jar:/root/.m2/repository/net/minidev/json-smart/2.2.1/json-smart-2.2.1.jar:/root/.m2/repository/org/apache/httpcomponents/httpcore/4.4.3/httpcore-4.4.3.jar:/root/.m2/repository/org/eclipse/jetty/jetty-xml/9.2.13.v20150730/jetty-xml-9.2.13.v20150730.jar:/root/.m2/repository/org/eclipse/jetty/jetty-webapp/9.2.13.v20150730/jetty-webapp-9.2.13.v20150730.jar:/root/.m2/repository/com/google/guava/guava/20.0/guava-20.0.jar:/root/.m2/repository/org/apache/commons/commons-lang3/3.2.1/commons-lang3-3.2.1.jar:/root/.m2/repository/commons-logging/commons-logging/1.2/commons-logging-1.2.jar:/root/.m2/repository/org/apache/ant/ant/1.7.0/ant-1.7.0.jar]
[4] INFO AstorMain - Running Astor on a JDK at /usr/lib/jvm/java-8-openjdk-amd64/jre
[7] INFO main - Source folders: [/workdir/jKali_vul4j_swagger-api_swagger-parser_VUL4J-77/./modules/swagger-parser/src/main/java]
[8] INFO main - Source Test folders: [/workdir/jKali_vul4j_swagger-api_swagger-parser_VUL4J-77/./modules/swagger-parser/src/test/java]
[305] INFO AstorCoreEngine - ---- Creating spoon model
[325] INFO MutationSupporter - Creating model,  Code location from working folder: /workdir/jKali_vul4j_swagger-api_swagger-parser_VUL4J-77/./modules/swagger-parser/src/main/java
[326] INFO MutationSupporter - building model: /workdir/jKali_vul4j_swagger-api_swagger-parser_VUL4J-77/./modules/swagger-parser/src/main/java, compliance level: 8
[337] INFO MutationSupporter - Classpath (Dependencies) for building SpoonModel: [/workdir/jKali_vul4j_swagger-api_swagger-parser_VUL4J-77/modules/swagger-parser/target/classes/, /root/.m2/repository/com/fasterxml/jackson/core/jackson-core/2.8.7/jackson-core-2.8.7.jar, /root/.m2/repository/net/sf/jopt-simple/jopt-simple/4.9/jopt-simple-4.9.jar, /root/.m2/repository/org/apache/ant/ant-launcher/1.7.0/ant-launcher-1.7.0.jar, /root/.m2/repository/org/apache/commons/commons-collections4/4.0/commons-collections4-4.0.jar, /root/.m2/repository/org/eclipse/jetty/jetty-util/9.2.13.v20150730/jetty-util-9.2.13.v20150730.jar, /root/.m2/repository/javax/servlet/javax.servlet-api/3.1.0/javax.servlet-api-3.1.0.jar, /root/.m2/repository/org/slf4j/slf4j-api/1.6.3/slf4j-api-1.6.3.jar, /root/.m2/repository/org/slf4j/slf4j-ext/1.6.3/slf4j-ext-1.6.3.jar, /root/.m2/repository/org/ow2/asm/asm/5.0.3/asm-5.0.3.jar, /root/.m2/repository/aopalliance/aopalliance/1.0/aopalliance-1.0.jar, /root/.m2/repository/org/eclipse/jetty/jetty-io/9.2.13.v20150730/jetty-io-9.2.13.v20150730.jar, /root/.m2/repository/org/eclipse/jetty/jetty-security/9.2.13.v20150730/jetty-security-9.2.13.v20150730.jar, /root/.m2/repository/org/jmockit/jmockit/1.19/jmockit-1.19.jar, /root/.m2/repository/org/testng/testng/6.9.6/testng-6.9.6.jar, /root/.m2/repository/junit/junit/4.8.1/junit-4.8.1.jar, /root/.m2/repository/org/slf4j/slf4j-simple/1.6.3/slf4j-simple-1.6.3.jar, /root/.m2/repository/org/eclipse/jetty/jetty-servlet/9.2.13.v20150730/jetty-servlet-9.2.13.v20150730.jar, /root/.m2/repository/org/xmlunit/xmlunit-legacy/2.1.1/xmlunit-legacy-2.1.1.jar, /root/.m2/repository/com/fasterxml/jackson/core/jackson-annotations/2.8.7/jackson-annotations-2.8.7.jar, /root/.m2/repository/commons-codec/commons-codec/1.9/commons-codec-1.9.jar, /root/.m2/repository/org/eclipse/jetty/jetty-server/9.2.13.v20150730/jetty-server-9.2.13.v20150730.jar, /root/.m2/repository/org/beanshell/bsh/2.0b4/bsh-2.0b4.jar, /root/.m2/repository/org/eclipse/jetty/jetty-http/9.2.13.v20150730/jetty-http-9.2.13.v20150730.jar, /root/.m2/repository/org/apache/httpcomponents/httpclient/4.5.1/httpclient-4.5.1.jar, /root/.m2/repository/com/fasterxml/jackson/core/jackson-databind/2.8.7/jackson-databind-2.8.7.jar, /root/.m2/repository/javax/inject/javax.inject/1/javax.inject-1.jar, /root/.m2/repository/com/jayway/jsonpath/json-path/2.2.0/json-path-2.2.0.jar, /root/.m2/repository/com/github/tomakehurst/wiremock/2.4.1/wiremock-2.4.1.jar, /root/.m2/repository/ch/qos/cal10n/cal10n-api/0.7.4/cal10n-api-0.7.4.jar, /root/.m2/repository/org/eclipse/jetty/jetty-continuation/9.2.13.v20150730/jetty-continuation-9.2.13.v20150730.jar, /root/.m2/repository/commons-io/commons-io/2.4/commons-io-2.4.jar, /root/.m2/repository/com/beust/jcommander/1.48/jcommander-1.48.jar, /root/.m2/repository/org/yaml/snakeyaml/1.17/snakeyaml-1.17.jar, /root/.m2/repository/org/xmlunit/xmlunit-core/2.1.1/xmlunit-core-2.1.1.jar, /root/.m2/repository/com/google/inject/guice/4.0/guice-4.0-no_aop.jar, /root/.m2/repository/com/flipkart/zjsonpatch/zjsonpatch/0.2.1/zjsonpatch-0.2.1.jar, /root/.m2/repository/io/swagger/swagger-core/1.5.15/swagger-core-1.5.15-tests.jar, /root/.m2/repository/org/eclipse/jetty/jetty-servlets/9.2.13.v20150730/jetty-servlets-9.2.13.v20150730.jar, /root/.m2/repository/com/fasterxml/jackson/dataformat/jackson-dataformat-yaml/2.8.7/jackson-dataformat-yaml-2.8.7.jar, /root/.m2/repository/io/swagger/swagger-models/1.5.15/swagger-models-1.5.15.jar, /root/.m2/repository/io/swagger/swagger-core/1.5.15/swagger-core-1.5.15.jar, /root/.m2/repository/io/swagger/swagger-annotations/1.5.15/swagger-annotations-1.5.15.jar, /root/.m2/repository/net/minidev/accessors-smart/1.1/accessors-smart-1.1.jar, /root/.m2/repository/javax/validation/validation-api/1.1.0.Final/validation-api-1.1.0.Final.jar, /root/.m2/repository/net/minidev/json-smart/2.2.1/json-smart-2.2.1.jar, /root/.m2/repository/org/apache/httpcomponents/httpcore/4.4.3/httpcore-4.4.3.jar, /root/.m2/repository/org/eclipse/jetty/jetty-xml/9.2.13.v20150730/jetty-xml-9.2.13.v20150730.jar, /root/.m2/repository/org/eclipse/jetty/jetty-webapp/9.2.13.v20150730/jetty-webapp-9.2.13.v20150730.jar, /root/.m2/repository/com/google/guava/guava/20.0/guava-20.0.jar, /root/.m2/repository/org/apache/commons/commons-lang3/3.2.1/commons-lang3-3.2.1.jar, /root/.m2/repository/commons-logging/commons-logging/1.2/commons-logging-1.2.jar, /root/.m2/repository/org/apache/ant/ant/1.7.0/ant-1.7.0.jar]
[2993] INFO AstorCoreEngine - Number of CtTypes created: 23
[3031] INFO AstorCoreEngine - Test retrieved from classes: 0
[3070] INFO AstorCoreEngine - Setting up the max to 390 milliseconds (0 sec)
[3070] INFO AstorCoreEngine - ---- Initial suspicious size: 2
[3218] INFO main - Total suspicious from FL: 2,  2
[3218] INFO main - Total ModPoint created: 2
[3218] INFO main - Creating program variant #1, [Variant id: 1, #gens: 2, #ops: 0, parent:-]
[3218] INFO main - Run previously failing tests...
[19453] INFO main - Failed tests: 1
[19454] INFO AstorCoreEngine - The original fitness is : 1.0
[19454] WARN ConfigurationProperties - ----------------------------
[19454] INFO ConfigurationProperties - ---Configuration properties
[19454] INFO ConfigurationProperties - p:lastJUnitVersion= ./examples/libs/junit-4.11.jar
[19454] INFO ConfigurationProperties - p:alternativecompliancelevel= 8
[19454] INFO ConfigurationProperties - p:ignoredTestCases= 
[19454] INFO ConfigurationProperties - p:workingDirectory= /workdir/jKali_vul4j_swagger-api_swagger-parser_VUL4J-77/./output_astor
[19454] INFO ConfigurationProperties - p:manipulatesuper= false
[19454] INFO ConfigurationProperties - p:validation= externalcmd
[19454] INFO ConfigurationProperties - p:jvm4testexecution= /usr/lib/jvm/java-8-openjdk-amd64/bin
[19454] INFO ConfigurationProperties - p:operatorspace= suppression
[19454] INFO ConfigurationProperties - p:diffcontext= 0
[19454] INFO ConfigurationProperties - p:binjavafolder= modules/swagger-parser/target/classes
[19455] INFO ConfigurationProperties - p:synthesis_depth= 3
[19455] INFO ConfigurationProperties - p:gzoltartestpackagetoexclude= junit.framework
[19455] INFO ConfigurationProperties - p:skipfitnessinitialpopulation= false
[19455] INFO ConfigurationProperties - p:evosuiteresultfolder= evosuite
[19455] INFO ConfigurationProperties - p:flthreshold= 0.1
[19455] INFO ConfigurationProperties - p:regressionforfaultlocalization= true
[19455] INFO ConfigurationProperties - p:collectonlyusedmethod= false
[19455] INFO ConfigurationProperties - p:preservelinenumbers= true
[19455] INFO ConfigurationProperties - p:tmax2= 390
[19455] INFO ConfigurationProperties - p:tmax1= 10000
[19455] INFO ConfigurationProperties - p:probagenmutation= false
[19455] INFO ConfigurationProperties - p:nomodificationconvergence= 100
[19455] INFO ConfigurationProperties - p:diff_type= relative
[19455] INFO ConfigurationProperties - p:targetelementprocessor= statements
[19455] INFO ConfigurationProperties - p:srctestfolder= modules/swagger-parser/src/test/java
[19455] INFO ConfigurationProperties - p:forceExecuteRegression= false
[19455] INFO ConfigurationProperties - p:clusteringfilename= clustering.csv
[19455] INFO ConfigurationProperties - p:failing= io.swagger.parser.util.SwaggerDeserializerTest#testCVE_2017_1000207
[19455] INFO ConfigurationProperties - p:logtestexecution= false
[19455] INFO ConfigurationProperties - p:evo_buggy_class= true
[19455] INFO ConfigurationProperties - p:numberExecutions= 1
[19455] INFO ConfigurationProperties - p:maxnumbersolutions= 1000000
[19455] INFO ConfigurationProperties - p:evo_affected_by_op= true
[19455] INFO ConfigurationProperties - p:population= 1
[19455] INFO ConfigurationProperties - p:considerzerovaluesusp= false
[19455] INFO ConfigurationProperties - p:maxCombinationVariableLimit= false
[19455] INFO ConfigurationProperties - p:savesolution= true
[19455] INFO ConfigurationProperties - p:javacompliancelevel= 8
[19455] INFO ConfigurationProperties - p:x= x
[19455] INFO ConfigurationProperties - p:uniqueoptogen= false
[19455] INFO ConfigurationProperties - p:gzoltarpackagetonotinstrument= junit.framework
[19455] INFO ConfigurationProperties - p:projectIdentifier= swagger-api_swagger-parser-VUL4J-77
[19455] INFO ConfigurationProperties - p:modificationpointnavigation= weight
[19455] INFO ConfigurationProperties - p:stopfirst= true
[19455] INFO ConfigurationProperties - p:multipointmodification= false
[19455] INFO ConfigurationProperties - p:elementsToMutate= 10
[19455] INFO ConfigurationProperties - p:jsonoutputname= astor_output
[19455] INFO ConfigurationProperties - p:evoDSE= false
[19455] INFO ConfigurationProperties - p:bintestfolder= modules/swagger-parser/target/test-classes
[19455] INFO ConfigurationProperties - p:testbystep= false
[19455] INFO ConfigurationProperties - p:version-location= ./math-version/
[19455] INFO ConfigurationProperties - p:reintroduce= PARENTS:ORIGINAL
[19455] INFO ConfigurationProperties - p:perfectdata= /script/../data/benchmarks/vul4j/perfectfl/VUL4J-77
[19455] INFO ConfigurationProperties - p:executorjar= ./lib/jtestex7.jar
[19456] INFO ConfigurationProperties - p:maxGeneration= 1000000
[19456] INFO ConfigurationProperties - p:max_synthesis_step= 10000
[19456] INFO ConfigurationProperties - p:projectinfocommand= com.github.tdurieux:project-config-maven-plugin:info
[19456] INFO ConfigurationProperties - p:maxVarCombination= 1000
[19456] INFO ConfigurationProperties - p:maxtime= 120
[19456] INFO ConfigurationProperties - p:evosuitejar= ./lib/evosuite-master-1.0.4-SNAPSHOT.jar
[19456] INFO ConfigurationProperties - p:jvmversion= 1.8.0_342
[19456] INFO ConfigurationProperties - p:commandTrunk= 50000
[19456] INFO ConfigurationProperties - p:faultlocalization= perfect
[19456] INFO ConfigurationProperties - p:resetmodel= true
[19456] INFO ConfigurationProperties - p:maxsuspcandidates= 1000
[19456] INFO ConfigurationProperties - p:mode= jkali
[19456] INFO ConfigurationProperties - p:learningdir= 
[19456] INFO ConfigurationProperties - p:jvm4evosuitetestexecution= /usr/lib/jvm/java-8-openjdk-amd64/bin
[19456] INFO ConfigurationProperties - p:filterfaultlocalization= true
[19456] INFO ConfigurationProperties - p:mutationrate= 1 
[19456] INFO ConfigurationProperties - p:pathToMVNRepository= 
[19456] INFO ConfigurationProperties - p:resourcesfolder= /src/main/resources:/src/test/resources:
[19456] INFO ConfigurationProperties - p:timezone= America/Los_Angeles
[19456] INFO ConfigurationProperties - p:runjava7code= false
[19456] INFO ConfigurationProperties - p:testfailingcmd= mvn -pl modules/swagger-parser -Dtest=io.swagger.parser.util.* -Dhttps.protocols=TLSv1.2 -Denforcer.skip=true -Dcheckstyle.skip=true -Dcobertura.skip=true -DskipITs=true -Drat.skip=true -Dlicense.skip=true -Dpmd.skip=true -Dfindbugs.skip=true -Dgpg.skip=true -Dskip.npm=true -Dskip.gulp=true -Dskip.bower=true -Danimal.sniffer.skip=true -V -B
[19456] INFO ConfigurationProperties - p:evoRunOnBuggyClass= true
[19456] INFO ConfigurationProperties - p:compiler= fr.inria.astor.core.manipulation.bytecode.compiler.SpoonClassCompiler
[19456] INFO ConfigurationProperties - p:limitbysuspicious= true
[19456] INFO ConfigurationProperties - p:logsattemps= true
[19456] INFO ConfigurationProperties - p:dependenciespath= /workdir/jKali_vul4j_swagger-api_swagger-parser_VUL4J-77/modules/swagger-parser/target/classes:/root/.m2/repository/com/fasterxml/jackson/core/jackson-core/2.8.7/jackson-core-2.8.7.jar:/root/.m2/repository/net/sf/jopt-simple/jopt-simple/4.9/jopt-simple-4.9.jar:/root/.m2/repository/org/apache/ant/ant-launcher/1.7.0/ant-launcher-1.7.0.jar:/root/.m2/repository/org/apache/commons/commons-collections4/4.0/commons-collections4-4.0.jar:/root/.m2/repository/org/eclipse/jetty/jetty-util/9.2.13.v20150730/jetty-util-9.2.13.v20150730.jar:/root/.m2/repository/javax/servlet/javax.servlet-api/3.1.0/javax.servlet-api-3.1.0.jar:/root/.m2/repository/org/slf4j/slf4j-api/1.6.3/slf4j-api-1.6.3.jar:/root/.m2/repository/org/slf4j/slf4j-ext/1.6.3/slf4j-ext-1.6.3.jar:/root/.m2/repository/org/ow2/asm/asm/5.0.3/asm-5.0.3.jar:/root/.m2/repository/aopalliance/aopalliance/1.0/aopalliance-1.0.jar:/root/.m2/repository/org/eclipse/jetty/jetty-io/9.2.13.v20150730/jetty-io-9.2.13.v20150730.jar:/root/.m2/repository/org/eclipse/jetty/jetty-security/9.2.13.v20150730/jetty-security-9.2.13.v20150730.jar:/root/.m2/repository/org/jmockit/jmockit/1.19/jmockit-1.19.jar:/root/.m2/repository/org/testng/testng/6.9.6/testng-6.9.6.jar:/root/.m2/repository/junit/junit/4.8.1/junit-4.8.1.jar:/root/.m2/repository/org/slf4j/slf4j-simple/1.6.3/slf4j-simple-1.6.3.jar:/root/.m2/repository/org/eclipse/jetty/jetty-servlet/9.2.13.v20150730/jetty-servlet-9.2.13.v20150730.jar:/root/.m2/repository/org/xmlunit/xmlunit-legacy/2.1.1/xmlunit-legacy-2.1.1.jar:/root/.m2/repository/com/fasterxml/jackson/core/jackson-annotations/2.8.7/jackson-annotations-2.8.7.jar:/root/.m2/repository/commons-codec/commons-codec/1.9/commons-codec-1.9.jar:/root/.m2/repository/org/eclipse/jetty/jetty-server/9.2.13.v20150730/jetty-server-9.2.13.v20150730.jar:/root/.m2/repository/org/beanshell/bsh/2.0b4/bsh-2.0b4.jar:/root/.m2/repository/org/eclipse/jetty/jetty-http/9.2.13.v20150730/jetty-http-9.2.13.v20150730.jar:/root/.m2/repository/org/apache/httpcomponents/httpclient/4.5.1/httpclient-4.5.1.jar:/root/.m2/repository/com/fasterxml/jackson/core/jackson-databind/2.8.7/jackson-databind-2.8.7.jar:/root/.m2/repository/javax/inject/javax.inject/1/javax.inject-1.jar:/root/.m2/repository/com/jayway/jsonpath/json-path/2.2.0/json-path-2.2.0.jar:/root/.m2/repository/com/github/tomakehurst/wiremock/2.4.1/wiremock-2.4.1.jar:/root/.m2/repository/ch/qos/cal10n/cal10n-api/0.7.4/cal10n-api-0.7.4.jar:/root/.m2/repository/org/eclipse/jetty/jetty-continuation/9.2.13.v20150730/jetty-continuation-9.2.13.v20150730.jar:/root/.m2/repository/commons-io/commons-io/2.4/commons-io-2.4.jar:/root/.m2/repository/com/beust/jcommander/1.48/jcommander-1.48.jar:/root/.m2/repository/org/yaml/snakeyaml/1.17/snakeyaml-1.17.jar:/root/.m2/repository/org/xmlunit/xmlunit-core/2.1.1/xmlunit-core-2.1.1.jar:/root/.m2/repository/com/google/inject/guice/4.0/guice-4.0-no_aop.jar:/root/.m2/repository/com/flipkart/zjsonpatch/zjsonpatch/0.2.1/zjsonpatch-0.2.1.jar:/root/.m2/repository/io/swagger/swagger-core/1.5.15/swagger-core-1.5.15-tests.jar:/root/.m2/repository/org/eclipse/jetty/jetty-servlets/9.2.13.v20150730/jetty-servlets-9.2.13.v20150730.jar:/root/.m2/repository/com/fasterxml/jackson/dataformat/jackson-dataformat-yaml/2.8.7/jackson-dataformat-yaml-2.8.7.jar:/root/.m2/repository/io/swagger/swagger-models/1.5.15/swagger-models-1.5.15.jar:/root/.m2/repository/io/swagger/swagger-core/1.5.15/swagger-core-1.5.15.jar:/root/.m2/repository/io/swagger/swagger-annotations/1.5.15/swagger-annotations-1.5.15.jar:/root/.m2/repository/net/minidev/accessors-smart/1.1/accessors-smart-1.1.jar:/root/.m2/repository/javax/validation/validation-api/1.1.0.Final/validation-api-1.1.0.Final.jar:/root/.m2/repository/net/minidev/json-smart/2.2.1/json-smart-2.2.1.jar:/root/.m2/repository/org/apache/httpcomponents/httpcore/4.4.3/httpcore-4.4.3.jar:/root/.m2/repository/org/eclipse/jetty/jetty-xml/9.2.13.v20150730/jetty-xml-9.2.13.v20150730.jar:/root/.m2/repository/org/eclipse/jetty/jetty-webapp/9.2.13.v20150730/jetty-webapp-9.2.13.v20150730.jar:/root/.m2/repository/com/google/guava/guava/20.0/guava-20.0.jar:/root/.m2/repository/org/apache/commons/commons-lang3/3.2.1/commons-lang3-3.2.1.jar:/root/.m2/repository/commons-logging/commons-logging/1.2/commons-logging-1.2.jar:/root/.m2/repository/org/apache/ant/ant/1.7.0/ant-1.7.0.jar
[19456] INFO ConfigurationProperties - p:packageToInstrument= 
[19456] INFO ConfigurationProperties - p:skipfaultlocalization= false
[19456] INFO ConfigurationProperties - p:scope= local
[19456] INFO ConfigurationProperties - p:transformingredient= false
[19457] INFO ConfigurationProperties - p:fitnessfunction= fr.inria.astor.core.solutionsearch.population.TestCaseFitnessFunction
[19457] INFO ConfigurationProperties - p:maxnumvariablesperingredient= 10
[19457] INFO ConfigurationProperties - p:parsesourcefromoriginal= true
[19457] INFO ConfigurationProperties - p:pvariantfoldername= variant-
[19457] INFO ConfigurationProperties - p:savespoonmodelondisk= false
[19457] INFO ConfigurationProperties - p:srcjavafolder= modules/swagger-parser/src/main/java
[19457] INFO ConfigurationProperties - p:populationcontroller= fr.inria.astor.core.solutionsearch.population.TestCaseBasedFitnessPopulationController
[19457] INFO ConfigurationProperties - p:ignoreflakyinfl= false
[19457] INFO ConfigurationProperties - p:cleantemplates= true
[19457] INFO ConfigurationProperties - p:applyCrossover= false
[19457] INFO ConfigurationProperties - p:maxmodificationpoints= 1000
[19457] INFO ConfigurationProperties - p:duplicateingredientsinspace= false
[19457] INFO ConfigurationProperties - p:metid= 0
[19457] INFO ConfigurationProperties - p:continuewhenmodelfail= true
[19457] INFO ConfigurationProperties - p:saveall= false
[19457] INFO ConfigurationProperties - p:seed= 0
[19457] INFO ConfigurationProperties - p:savecompletepatched= true
[19457] INFO ConfigurationProperties - p:resetoperations= false
[19457] INFO ConfigurationProperties - p:keepcomments= false
[19457] INFO ConfigurationProperties - p:processoutputinfile= false
[19457] INFO ConfigurationProperties - p:location= .
[19457] INFO ConfigurationProperties - p:probabilistictransformation= true
[19457] INFO ConfigurationProperties - p:overridemaxtime= true
[19457] INFO ConfigurationProperties - p:outputjsonresult= true
[19457] INFO ConfigurationProperties - p:allpoints= false
[19457] INFO ConfigurationProperties - p:antipattern= false
[19457] INFO ConfigurationProperties - p:bugId= 280
[19457] INFO ConfigurationProperties - p:evosuitetimeout= 120
[19457] INFO ConfigurationProperties - p:maxtimefactor= 10
[19457] INFO ConfigurationProperties - p:nrPlaceholders= 1
[19457] INFO ConfigurationProperties - p:testallcmd= mvn test -pl modules/swagger-parser -Dhttps.protocols=TLSv1.2 -Denforcer.skip=true -Dcheckstyle.skip=true -Dcobertura.skip=true -DskipITs=true -Drat.skip=true -Dlicense.skip=true -Dpmd.skip=true -Dfindbugs.skip=true -Dgpg.skip=true -Dskip.npm=true -Dskip.gulp=true -Dskip.bower=true -Danimal.sniffer.skip=true -V -B
[19457] INFO ConfigurationProperties - p:forcesubprocesskilling= false
[19457] INFO ConfigurationProperties - ----------------------------
[19458] INFO AstorCoreEngine - Time Repair Loop (s): 0.001
[19458] INFO AstorCoreEngine - generationsexecuted: 1
[19458] WARN AstorCoreEngine - ----SUMMARY_EXECUTION---
[19458] WARN AstorCoreEngine - End Repair Search: NOT Found solution
[19458] WARN AstorCoreEngine - Number suspicious:1
[19459] INFO AstorCoreEngine - 
 --SOLUTIONS DESCRIPTION--


Astor Output:

General stats:
EXECUTION_IDENTIFIER=swagger-api_swagger-parser-VUL4J-77
TOTAL_TIME=0.001
NR_GENERATIONS=null
NR_RIGHT_COMPILATIONS=null
NR_FAILLING_COMPILATIONS=null
NR_ERRONEOUS_VARIANCES=null
NR_FAILING_VALIDATION_PROCESS=null
OUTPUT_STATUS=EXHAUSTIVE_NAVIGATED

Patch stats:

[19464] INFO Stats - Storing ing JSON at /workdir/jKali_vul4j_swagger-api_swagger-parser_VUL4J-77/./output_astor/AstorMain-swagger-api_swagger-parser-VUL4J-77//astor_output.json
[19464] INFO Stats - astor_output:
{"general":{"NR_RIGHT_COMPILATIONS":null,"NR_ERRONEOUS_VARIANCES":null,"EXECUTION_IDENTIFIER":"swagger-api_swagger-parser-VUL4J-77","OUTPUT_STATUS":"EXHAUSTIVE_NAVIGATED","NR_FAILLING_COMPILATIONS":null,"NR_GENERATIONS":null,"TOTAL_TIME":0.001,"NR_FAILING_VALIDATION_PROCESS":null},"patches":[]}
[19464] INFO AstorMain - Time Total(s): 19.459
31.59user 1.62system 0:19.72elapsed 168%CPU (0avgtext+0avgdata 443552maxresident)k
3328inputs+4840outputs (9major+274080minor)pagefaults 0swaps


Node: 2c8178711f7b



Date: Tue Nov 29 06:59:27 EST 2022

