cd /workdir/Arja_vul4j_apache_pdfbox_VUL4J-20;
export JAVA_TOOL_OPTIONS="-Dfile.encoding=UTF8 -Duser.language=en-US -Duser.country=US -Duser.language=en";
TZ="America/New_York"; export TZ;
export PATH="/usr/lib/jvm/java-8-openjdk-amd64/bin:$PATH";
export JAVA_HOME="/usr/lib/jvm/java-8-openjdk-amd64";
timeout 240m java -Xmx4g -Xms1g -XX:MaxPermSize=512m -cp /script/../libs/jmetal.jar:/script/../repair_tools/arja.jar us.msu.cse.repair.Main \
	Arja \
	-DexternalProjRoot /script/../libs/arja_external \
	-DprojectDir /workdir/Arja_vul4j_apache_pdfbox_VUL4J-20 \
    -DtestFiltered false \
    -DrunTestCommand "mvn test -pl pdfbox -Dhttps.protocols=TLSv1.2 -Denforcer.skip=true -Dcheckstyle.skip=true -Dcobertura.skip=true -DskipITs=true -Drat.skip=true -Dlicense.skip=true -Dpmd.skip=true -Dfindbugs.skip=true -Dgpg.skip=true -Dskip.npm=true -Dskip.gulp=true -Dskip.bower=true -Danimal.sniffer.skip=true -V -B" \
	-DsrcJavaDir /workdir/Arja_vul4j_apache_pdfbox_VUL4J-20/pdfbox/src/main/java \
	-DbinJavaDir /workdir/Arja_vul4j_apache_pdfbox_VUL4J-20/pdfbox/target/classes \
	-DbinTestDir /workdir/Arja_vul4j_apache_pdfbox_VUL4J-20/pdfbox/target/test-classes \
	-DdiffFormat true \
	-Dseed 0 \
	-DgzoltarDataDir /script/../data/benchmarks/vul4j/perfectfl/VUL4J-20 \
	-Ddependences /root/.m2/repository/com/github/jai-imageio/jai-imageio-jpeg2000/1.3.0/jai-imageio-jpeg2000-1.3.0.jar:/root/.m2/repository/org/bouncycastle/bcmail-jdk15on/1.60/bcmail-jdk15on-1.60.jar:/root/.m2/repository/org/apache/pdfbox/fontbox/3.0.0-SNAPSHOT/fontbox-3.0.0-SNAPSHOT.jar:/root/.m2/repository/com/googlecode/java-diff-utils/diffutils/1.3.0/diffutils-1.3.0.jar:/root/.m2/repository/com/github/jai-imageio/jai-imageio-core/1.4.0/jai-imageio-core-1.4.0.jar:/root/.m2/repository/junit/junit/4.12/junit-4.12.jar:/root/.m2/repository/org/bouncycastle/bcprov-jdk15on/1.60/bcprov-jdk15on-1.60.jar:/root/.m2/repository/commons-logging/commons-logging/1.2/commons-logging-1.2.jar:/root/.m2/repository/org/hamcrest/hamcrest-core/1.3/hamcrest-core-1.3.jar:/root/.m2/repository/org/apache/pdfbox/jbig2-imageio/3.0.1/jbig2-imageio-3.0.1.jar:/root/.m2/repository/org/bouncycastle/bcpkix-jdk15on/1.60/bcpkix-jdk15on-1.60.jar;
	echo "\n\nNode: `hostname`\n";
	echo "\n\nDate: `date`\n";
Picked up JAVA_TOOL_OPTIONS: -Dfile.encoding=UTF8 -Duser.language=en-US -Duser.country=US -Duser.language=en
OpenJDK 64-Bit Server VM warning: ignoring option MaxPermSize=512m; support was removed in 8.0
Fault localization starts...
Number of positive tests: 415
Number of negative tests: 1
Negative tests: [org.apache.pdfbox.pdmodel.TestPDDocument#testCVE_2018_11797]
Faulty Lines: 
org.apache.pdfbox.cos.COSArray#539:1.0
Fault localization is finished!
AST parsing starts...
AST parsing is finished!
Detection of local variables starts...
Detection of local variables is finished!
Detection of fields starts...
Detection of fields is finished!
Detection of methods starts...
Detection of methods is finished!
Ingredient screener starts...
Ingredient screener is finished!
Initialization of manipulations starts...
Initialization of manipulations is finished!
Filtering of the tests starts...
Number of positive tests considered: 415
Filtering of the tests is finished!
----------------------------------
Patch Candidate:
@@ -536,7 +536,6 @@ public class COSArray extends COSBase implements Iterable<COSBase>, COSUpdateInf
float[] retval = new float[size()];
for (int i = 0; i < size(); i++)
{
-            retval[i] = ((COSNumber)getObject( i )).floatValue();
}
return retval;
}
Number of failed tests: 0, 41
Weighted failure rate: 0.04939759036144578
----------------------------------
Patch Candidate:
@@ -536,7 +536,6 @@ public class COSArray extends COSBase implements Iterable<COSBase>, COSUpdateInf
float[] retval = new float[size()];
for (int i = 0; i < size(); i++)
{
-            retval[i] = ((COSNumber)getObject( i )).floatValue();
}
return retval;
}
Number of failed tests: 0, 41
Weighted failure rate: 0.04939759036144578
----------------------------------
Patch Candidate:
@@ -536,7 +536,6 @@ public class COSArray extends COSBase implements Iterable<COSBase>, COSUpdateInf
float[] retval = new float[size()];
for (int i = 0; i < size(); i++)
{
-            retval[i] = ((COSNumber)getObject( i )).floatValue();
}
return retval;
}
Number of failed tests: 0, 41
Weighted failure rate: 0.04939759036144578
----------------------------------
Patch Candidate:
@@ -536,7 +536,6 @@ public class COSArray extends COSBase implements Iterable<COSBase>, COSUpdateInf
float[] retval = new float[size()];
for (int i = 0; i < size(); i++)
{
-            retval[i] = ((COSNumber)getObject( i )).floatValue();
}
return retval;
}
Number of failed tests: 0, 41
Weighted failure rate: 0.04939759036144578
----------------------------------
Patch Candidate:
@@ -536,7 +536,6 @@ public class COSArray extends COSBase implements Iterable<COSBase>, COSUpdateInf
float[] retval = new float[size()];
for (int i = 0; i < size(); i++)
{
-            retval[i] = ((COSNumber)getObject( i )).floatValue();
}
return retval;
}
Number of failed tests: 0, 41
Weighted failure rate: 0.04939759036144578
----------------------------------
Patch Candidate:
@@ -536,7 +536,6 @@ public class COSArray extends COSBase implements Iterable<COSBase>, COSUpdateInf
float[] retval = new float[size()];
for (int i = 0; i < size(); i++)
{
-            retval[i] = ((COSNumber)getObject( i )).floatValue();
}
return retval;
}
Number of failed tests: 0, 41
Weighted failure rate: 0.04939759036144578
----------------------------------
Patch Candidate:
@@ -536,7 +536,6 @@ public class COSArray extends COSBase implements Iterable<COSBase>, COSUpdateInf
float[] retval = new float[size()];
for (int i = 0; i < size(); i++)
{
-            retval[i] = ((COSNumber)getObject( i )).floatValue();
}
return retval;
}
Number of failed tests: 0, 41
Weighted failure rate: 0.04939759036144578
----------------------------------
Patch Candidate:
@@ -536,7 +536,6 @@ public class COSArray extends COSBase implements Iterable<COSBase>, COSUpdateInf
float[] retval = new float[size()];
for (int i = 0; i < size(); i++)
{
-            retval[i] = ((COSNumber)getObject( i )).floatValue();
}
return retval;
}
Number of failed tests: 0, 41
Weighted failure rate: 0.04939759036144578
----------------------------------
Patch Candidate:
@@ -536,7 +536,6 @@ public class COSArray extends COSBase implements Iterable<COSBase>, COSUpdateInf
float[] retval = new float[size()];
for (int i = 0; i < size(); i++)
{
-            retval[i] = ((COSNumber)getObject( i )).floatValue();
}
return retval;
}
Number of failed tests: 0, 41
Weighted failure rate: 0.04939759036144578
----------------------------------
Patch Candidate:
@@ -536,7 +536,6 @@ public class COSArray extends COSBase implements Iterable<COSBase>, COSUpdateInf
float[] retval = new float[size()];
for (int i = 0; i < size(); i++)
{
-            retval[i] = ((COSNumber)getObject( i )).floatValue();
}
return retval;
}
Number of failed tests: 0, 41
Weighted failure rate: 0.04939759036144578
----------------------------------
Patch Candidate:
@@ -536,7 +536,6 @@ public class COSArray extends COSBase implements Iterable<COSBase>, COSUpdateInf
float[] retval = new float[size()];
for (int i = 0; i < size(); i++)
{
-            retval[i] = ((COSNumber)getObject( i )).floatValue();
}
return retval;
}
Number of failed tests: 0, 41
Weighted failure rate: 0.04939759036144578
----------------------------------
Patch Candidate:
@@ -536,7 +536,6 @@ public class COSArray extends COSBase implements Iterable<COSBase>, COSUpdateInf
float[] retval = new float[size()];
for (int i = 0; i < size(); i++)
{
-            retval[i] = ((COSNumber)getObject( i )).floatValue();
}
return retval;
}
Number of failed tests: 0, 41
Weighted failure rate: 0.04939759036144578
----------------------------------
Patch Candidate:
java.io.IOException: Stream closed
	at java.io.BufferedInputStream.getBufIfOpen(BufferedInputStream.java:170)
	at java.io.BufferedInputStream.read(BufferedInputStream.java:336)
	at sun.nio.cs.StreamDecoder.readBytes(StreamDecoder.java:284)
	at sun.nio.cs.StreamDecoder.implRead(StreamDecoder.java:326)
	at sun.nio.cs.StreamDecoder.read(StreamDecoder.java:178)
	at java.io.InputStreamReader.read(InputStreamReader.java:184)
	at java.io.BufferedReader.fill(BufferedReader.java:161)
	at java.io.BufferedReader.readLine(BufferedReader.java:324)
	at java.io.BufferedReader.readLine(BufferedReader.java:389)
	at us.msu.cse.repair.core.util.StreamReaderThread.run(StreamReaderThread.java:36)
java.lang.IllegalStateException: Exception Occurred
	at us.msu.cse.repair.core.testexecutors.RExternalTestExecutor.runShell(RExternalTestExecutor.java:108)
	at us.msu.cse.repair.core.testexecutors.RExternalTestExecutor.runTests(RExternalTestExecutor.java:44)
	at us.msu.cse.repair.ec.problems.ArjaProblem.invokeTestExecutor(ArjaProblem.java:248)
	at us.msu.cse.repair.ec.problems.ArjaProblem.evaluate(ArjaProblem.java:177)
	at jmetal.metaheuristics.nsgaII.NSGAII.execute(NSGAII.java:122)
	at us.msu.cse.repair.core.AbstractRepairAlgorithm.execute(AbstractRepairAlgorithm.java:18)
	at us.msu.cse.repair.ArjaMain.main(ArjaMain.java:66)
	at us.msu.cse.repair.Main.main(Main.java:8)
java.lang.NullPointerException
	at us.msu.cse.repair.core.testexecutors.RExternalTestExecutor.runTests(RExternalTestExecutor.java:85)
	at us.msu.cse.repair.ec.problems.ArjaProblem.invokeTestExecutor(ArjaProblem.java:248)
	at us.msu.cse.repair.ec.problems.ArjaProblem.evaluate(ArjaProblem.java:177)
	at jmetal.metaheuristics.nsgaII.NSGAII.execute(NSGAII.java:122)
	at us.msu.cse.repair.core.AbstractRepairAlgorithm.execute(AbstractRepairAlgorithm.java:18)
	at us.msu.cse.repair.ArjaMain.main(ArjaMain.java:66)
	at us.msu.cse.repair.Main.main(Main.java:8)
----------------------------------
Patch Candidate:
@@ -536,7 +536,6 @@ public class COSArray extends COSBase implements Iterable<COSBase>, COSUpdateInf
float[] retval = new float[size()];
for (int i = 0; i < size(); i++)
{
-            retval[i] = ((COSNumber)getObject( i )).floatValue();
}
return retval;
}
Number of failed tests: 0, 41
Weighted failure rate: 0.04939759036144578
----------------------------------
Patch Candidate:
@@ -536,7 +536,6 @@ public class COSArray extends COSBase implements Iterable<COSBase>, COSUpdateInf
float[] retval = new float[size()];
for (int i = 0; i < size(); i++)
{
-            retval[i] = ((COSNumber)getObject( i )).floatValue();
}
return retval;
}
Number of failed tests: 0, 41
Weighted failure rate: 0.04939759036144578
----------------------------------
Patch Candidate:
@@ -536,7 +536,6 @@ public class COSArray extends COSBase implements Iterable<COSBase>, COSUpdateInf
float[] retval = new float[size()];
for (int i = 0; i < size(); i++)
{
-            retval[i] = ((COSNumber)getObject( i )).floatValue();
}
return retval;
}
Number of failed tests: 0, 41
Weighted failure rate: 0.04939759036144578
----------------------------------
Patch Candidate:
@@ -536,7 +536,6 @@ public class COSArray extends COSBase implements Iterable<COSBase>, COSUpdateInf
float[] retval = new float[size()];
for (int i = 0; i < size(); i++)
{
-            retval[i] = ((COSNumber)getObject( i )).floatValue();
}
return retval;
}
Number of failed tests: 0, 41
Weighted failure rate: 0.04939759036144578
----------------------------------
Patch Candidate:
@@ -536,7 +536,6 @@ public class COSArray extends COSBase implements Iterable<COSBase>, COSUpdateInf
float[] retval = new float[size()];
for (int i = 0; i < size(); i++)
{
-            retval[i] = ((COSNumber)getObject( i )).floatValue();
}
return retval;
}
Number of failed tests: 0, 41
Weighted failure rate: 0.04939759036144578
----------------------------------
Patch Candidate:
@@ -536,7 +536,6 @@ public class COSArray extends COSBase implements Iterable<COSBase>, COSUpdateInf
float[] retval = new float[size()];
for (int i = 0; i < size(); i++)
{
-            retval[i] = ((COSNumber)getObject( i )).floatValue();
}
return retval;
}
Number of failed tests: 0, 41
Weighted failure rate: 0.04939759036144578
----------------------------------
Patch Candidate:
@@ -536,7 +536,6 @@ public class COSArray extends COSBase implements Iterable<COSBase>, COSUpdateInf
float[] retval = new float[size()];
for (int i = 0; i < size(); i++)
{
-            retval[i] = ((COSNumber)getObject( i )).floatValue();
}
return retval;
}
Number of failed tests: 0, 41
Weighted failure rate: 0.04939759036144578
----------------------------------
Patch Candidate:
@@ -536,7 +536,6 @@ public class COSArray extends COSBase implements Iterable<COSBase>, COSUpdateInf
float[] retval = new float[size()];
for (int i = 0; i < size(); i++)
{
-            retval[i] = ((COSNumber)getObject( i )).floatValue();
}
return retval;
}
Number of failed tests: 0, 41
Weighted failure rate: 0.04939759036144578
----------------------------------
Patch Candidate:
@@ -536,7 +536,6 @@ public class COSArray extends COSBase implements Iterable<COSBase>, COSUpdateInf
float[] retval = new float[size()];
for (int i = 0; i < size(); i++)
{
-            retval[i] = ((COSNumber)getObject( i )).floatValue();
}
return retval;
}
Number of failed tests: 0, 41
Weighted failure rate: 0.04939759036144578
----------------------------------
Patch Candidate:
@@ -536,7 +536,6 @@ public class COSArray extends COSBase implements Iterable<COSBase>, COSUpdateInf
float[] retval = new float[size()];
for (int i = 0; i < size(); i++)
{
-            retval[i] = ((COSNumber)getObject( i )).floatValue();
}
return retval;
}
Number of failed tests: 0, 41
Weighted failure rate: 0.04939759036144578
----------------------------------
Patch Candidate:
@@ -536,7 +536,6 @@ public class COSArray extends COSBase implements Iterable<COSBase>, COSUpdateInf
float[] retval = new float[size()];
for (int i = 0; i < size(); i++)
{
-            retval[i] = ((COSNumber)getObject( i )).floatValue();
}
return retval;
}
Number of failed tests: 0, 41
Weighted failure rate: 0.04939759036144578
----------------------------------
Patch Candidate:
@@ -536,7 +536,6 @@ public class COSArray extends COSBase implements Iterable<COSBase>, COSUpdateInf
float[] retval = new float[size()];
for (int i = 0; i < size(); i++)
{
-            retval[i] = ((COSNumber)getObject( i )).floatValue();
}
return retval;
}
Number of failed tests: 0, 41
Weighted failure rate: 0.04939759036144578
----------------------------------
Patch Candidate:
@@ -536,7 +536,6 @@ public class COSArray extends COSBase implements Iterable<COSBase>, COSUpdateInf
float[] retval = new float[size()];
for (int i = 0; i < size(); i++)
{
-            retval[i] = ((COSNumber)getObject( i )).floatValue();
}
return retval;
}
Number of failed tests: 0, 41
Weighted failure rate: 0.04939759036144578
----------------------------------
Patch Candidate:
@@ -536,7 +536,6 @@ public class COSArray extends COSBase implements Iterable<COSBase>, COSUpdateInf
float[] retval = new float[size()];
for (int i = 0; i < size(); i++)
{
-            retval[i] = ((COSNumber)getObject( i )).floatValue();
}
return retval;
}
Number of failed tests: 0, 41
Weighted failure rate: 0.04939759036144578
----------------------------------
Patch Candidate:
@@ -536,7 +536,6 @@ public class COSArray extends COSBase implements Iterable<COSBase>, COSUpdateInf
float[] retval = new float[size()];
for (int i = 0; i < size(); i++)
{
-            retval[i] = ((COSNumber)getObject( i )).floatValue();
}
return retval;
}
Number of failed tests: 0, 41
Weighted failure rate: 0.04939759036144578
----------------------------------
Patch Candidate:
@@ -536,7 +536,6 @@ public class COSArray extends COSBase implements Iterable<COSBase>, COSUpdateInf
float[] retval = new float[size()];
for (int i = 0; i < size(); i++)
{
-            retval[i] = ((COSNumber)getObject( i )).floatValue();
}
return retval;
}
Number of failed tests: 0, 41
Weighted failure rate: 0.04939759036144578
----------------------------------
Patch Candidate:
@@ -536,7 +536,6 @@ public class COSArray extends COSBase implements Iterable<COSBase>, COSUpdateInf
float[] retval = new float[size()];
for (int i = 0; i < size(); i++)
{
-            retval[i] = ((COSNumber)getObject( i )).floatValue();
}
return retval;
}
Number of failed tests: 0, 41
Weighted failure rate: 0.04939759036144578
----------------------------------
Patch Candidate:
@@ -536,7 +536,6 @@ public class COSArray extends COSBase implements Iterable<COSBase>, COSUpdateInf
float[] retval = new float[size()];
for (int i = 0; i < size(); i++)
{
-            retval[i] = ((COSNumber)getObject( i )).floatValue();
}
return retval;
}
Number of failed tests: 0, 41
Weighted failure rate: 0.04939759036144578
----------------------------------
Patch Candidate:
@@ -536,7 +536,6 @@ public class COSArray extends COSBase implements Iterable<COSBase>, COSUpdateInf
float[] retval = new float[size()];
for (int i = 0; i < size(); i++)
{
-            retval[i] = ((COSNumber)getObject( i )).floatValue();
}
return retval;
}
Number of failed tests: 0, 41
Weighted failure rate: 0.04939759036144578
----------------------------------
Patch Candidate:
@@ -536,7 +536,6 @@ public class COSArray extends COSBase implements Iterable<COSBase>, COSUpdateInf
float[] retval = new float[size()];
for (int i = 0; i < size(); i++)
{
-            retval[i] = ((COSNumber)getObject( i )).floatValue();
}
return retval;
}


Node: b97f25038321



Date: Fri Sep 16 16:17:10 EDT 2022

