cd /workdir/Kali_vul4j_apache_commons-io_VUL4J-14;
export JAVA_TOOL_OPTIONS="-Dfile.encoding=UTF8 -Duser.language=en-US -Duser.country=US -Duser.language=en";
TZ="America/New_York"; export TZ;
export PATH="/usr/lib/jvm/jdk1.7.0_80/bin:$PATH";
export JAVA_HOME="/usr/lib/jvm/jdk1.7.0_80";
timeout 240m java -Xmx4g -Xms1g -XX:MaxPermSize=512m -cp /script/../libs/jmetal.jar:/script/../repair_tools/arja.jar us.msu.cse.repair.Main \
	Kali \
	-DexternalProjRoot /script/../libs/arja_external \
	-DprojectDir /workdir/Kali_vul4j_apache_commons-io_VUL4J-14 \
    -DtestFiltered false \
    -DrunTestCommand "mvn test -Dhttps.protocols=TLSv1.2 -Denforcer.skip=true -Dcheckstyle.skip=true -Dcobertura.skip=true -DskipITs=true -Drat.skip=true -Dlicense.skip=true -Dpmd.skip=true -Dfindbugs.skip=true -Dgpg.skip=true -Dskip.npm=true -Dskip.gulp=true -Dskip.bower=true -Danimal.sniffer.skip=true -V -B" \
	-DsrcJavaDir /workdir/Kali_vul4j_apache_commons-io_VUL4J-14/src/main/java \
	-DbinJavaDir /workdir/Kali_vul4j_apache_commons-io_VUL4J-14/target/classes \
	-DbinTestDir /workdir/Kali_vul4j_apache_commons-io_VUL4J-14/target/test-classes \
	-DdiffFormat true \
	-Dseed 0 \
	-DgzoltarDataDir /script/../data/benchmarks/vul4j/perfectfl/VUL4J-14 \
	-Ddependences /root/.m2/repository/junit/junit/4.12/junit-4.12.jar:/root/.m2/repository/org/hamcrest/hamcrest-core/1.3/hamcrest-core-1.3.jar;
	echo "\n\nNode: `hostname`\n";
	echo "\n\nDate: `date`\n";
Picked up JAVA_TOOL_OPTIONS: -Dfile.encoding=UTF8 -Duser.language=en-US -Duser.country=US -Duser.language=en
Fault localization starts...
Number of positive tests: 1329
Number of negative tests: 2
Negative tests: [org.apache.commons.io.FilenameUtilsTestCase#testGetPrefixLength, org.apache.commons.io.FilenameUtilsTestCase#testNormalize]
Faulty Lines: 
org.apache.commons.io.FilenameUtils#679:1.0
Fault localization is finished!
AST parsing starts...
AST parsing is finished!
Detection of local variables starts...
Detection of local variables is finished!
Detection of fields starts...
Detection of fields is finished!
Detection of methods starts...
Detection of methods is finished!
Ingredient screener starts...
Ingredient screener is finished!
Initialization of manipulations starts...
Initialization of manipulations is finished!
Filtering of the tests starts...
Number of positive tests considered: 1329
Filtering of the tests is finished!
----------------------------------
Patch Candidate:
@@ -676,7 +676,9 @@ public static int getPrefixLength(final String fileName) {
}
posUnix = posUnix == NOT_FOUND ? posWin : posUnix;
posWin = posWin == NOT_FOUND ? posUnix : posWin;
-            return Math.min(posUnix, posWin) + 1;
+            if (true)
+				return 0;
+			return Math.min(posUnix, posWin) + 1;
} else {
return isSeparator(ch0) ? 1 : 0;
}
Number of failed tests: 2, 5
----------------------------------
Patch Candidate:
@@ -676,7 +676,9 @@ public static int getPrefixLength(final String fileName) {
}
posUnix = posUnix == NOT_FOUND ? posWin : posUnix;
posWin = posWin == NOT_FOUND ? posUnix : posWin;
-            return Math.min(posUnix, posWin) + 1;
+            if (true)
+				return -1;
+			return Math.min(posUnix, posWin) + 1;
} else {
return isSeparator(ch0) ? 1 : 0;
}
Number of failed tests: 2, 6


Node: 2c8178711f7b



Date: Thu Oct  6 20:49:12 EDT 2022

