cd /workdir/jMutRepair_vul4j_alibaba_fastjson_VUL4J-1;
export JAVA_TOOL_OPTIONS="-Dfile.encoding=UTF8 -Duser.language=en-US -Duser.country=US -Duser.language=en";
TZ="America/New_York"; export TZ;
export PATH="/usr/lib/jvm/java-8-openjdk-amd64/bin:$PATH";
export JAVA_HOME="/usr/lib/jvm/java-8-openjdk-amd64/bin";
time java -Xmx4g -Xms1g -XX:MaxPermSize=512m -cp /script/../libs/jtestex7.jar:/script/../repair_tools/astor.jar fr.inria.main.evolution.AstorMain \
	-mode jMutRepair \
	-location . \
	-id alibaba_fastjson-VUL4J-1 \
	-failing com.alibaba.json.bvt.bug.Issue1005#test_for_issue \
	-jvm4testexecution /usr/lib/jvm/java-8-openjdk-amd64/bin \
	-jvm4evosuitetestexecution /usr/lib/jvm/java-8-openjdk-amd64/bin \
	-maxgen 1000000 \
	-maxtime 120 \
	-stopfirst true \
	-seed 0 \
	-scope local \
	-population 1 \
	-javacompliancelevel 8 \
	-faultlocalization perfect \
    -perfectdata /script/../data/benchmarks/vul4j/perfectfl/VUL4J-1 \
    -validation externalcmd \
    -testfailingcmd "mvn test -Dtest=com.alibaba.json.bvt.bug.Issue1005#test_for_issue -Dhttps.protocols=TLSv1.2 -Denforcer.skip=true -Dcheckstyle.skip=true -Dcobertura.skip=true -DskipITs=true -Drat.skip=true -Dlicense.skip=true -Dpmd.skip=true -Dfindbugs.skip=true -Dgpg.skip=true -Dskip.npm=true -Dskip.gulp=true -Dskip.bower=true -Danimal.sniffer.skip=true -V -B" \
    -testallcmd "mvn test -Dhttps.protocols=TLSv1.2 -Denforcer.skip=true -Dcheckstyle.skip=true -Dcobertura.skip=true -DskipITs=true -Drat.skip=true -Dlicense.skip=true -Dpmd.skip=true -Dfindbugs.skip=true -Dgpg.skip=true -Dskip.npm=true -Dskip.gulp=true -Dskip.bower=true -Danimal.sniffer.skip=true -V -B"  \ \
	-srcjavafolder src/main/java \
	-srctestfolder src/test/java \
	-binjavafolder target/classes \
	-bintestfolder target/test-classes \
	-parameters x:x \
	-dependencies /root/.m2/repository/com/fasterxml/jackson/core/jackson-annotations/2.7.0/jackson-annotations-2.7.0.jar:/root/.m2/repository/com/owlike/genson/1.4/genson-1.4.jar:/root/.m2/repository/org/glassfish/jersey/containers/jersey-container-jdk-http/2.21/jersey-container-jdk-http-2.21.jar:/root/.m2/repository/net/sf/ezmorph/ezmorph/1.0.6/ezmorph-1.0.6.jar:/root/.m2/repository/javax/ws/rs/javax.ws.rs-api/2.0.1/javax.ws.rs-api-2.0.1.jar:/root/.m2/repository/org/eclipse/jetty/jetty-webapp/8.1.8.v20121106/jetty-webapp-8.1.8.v20121106.jar:/root/.m2/repository/org/ow2/asm/asm-analysis/4.0/asm-analysis-4.0.jar:/root/.m2/repository/com/fasterxml/jackson/core/jackson-databind/2.7.3/jackson-databind-2.7.3.jar:/root/.m2/repository/org/ow2/asm/asm-tree/4.0/asm-tree-4.0.jar:/root/.m2/repository/org/springframework/spring-beans/4.2.5.RELEASE/spring-beans-4.2.5.RELEASE.jar:/root/.m2/repository/javax/servlet/javax.servlet-api/3.1.0/javax.servlet-api-3.1.0.jar:/root/.m2/repository/com/fasterxml/jackson/module/jackson-module-afterburner/2.7.3/jackson-module-afterburner-2.7.3.jar:/root/.m2/repository/com/google/guava/guava/18.0/guava-18.0.jar:/root/.m2/repository/org/eclipse/jetty/orbit/javax.servlet/3.0.0.v201112011016/javax.servlet-3.0.0.v201112011016.jar:/root/.m2/repository/org/glassfish/jersey/test-framework/providers/jersey-test-framework-provider-jdk-http/2.21/jersey-test-framework-provider-jdk-http-2.21.jar:/root/.m2/repository/org/glassfish/jersey/core/jersey-common/2.21/jersey-common-2.21.jar:/root/.m2/repository/aopalliance/aopalliance/1.0/aopalliance-1.0.jar:/root/.m2/repository/com/fasterxml/jackson/core/jackson-core/2.7.3/jackson-core-2.7.3.jar:/root/.m2/repository/commons-beanutils/commons-beanutils/1.8.0/commons-beanutils-1.8.0.jar:/root/.m2/repository/org/codehaus/groovy/groovy/2.1.5/groovy-2.1.5.jar:/root/.m2/repository/org/ow2/asm/asm-commons/4.0/asm-commons-4.0.jar:/root/.m2/repository/org/glassfish/jersey/media/jersey-media-jaxb/2.21/jersey-media-jaxb-2.21.jar:/root/.m2/repository/org/glassfish/hk2/hk2-utils/2.4.0-b31/hk2-utils-2.4.0-b31.jar:/root/.m2/repository/org/apache/cxf/cxf-rt-rs-client/3.1.2/cxf-rt-rs-client-3.1.2.jar:/root/.m2/repository/com/google/code/gson/gson/2.6.2/gson-2.6.2.jar:/root/.m2/repository/com/squareup/retrofit2/retrofit/2.1.0/retrofit-2.1.0.jar:/root/.m2/repository/commons-collections/commons-collections/3.2.1/commons-collections-3.2.1.jar:/root/.m2/repository/org/ow2/asm/asm/4.0/asm-4.0.jar:/root/.m2/repository/org/glassfish/jersey/test-framework/jersey-test-framework-core/2.21/jersey-test-framework-core-2.21.jar:/root/.m2/repository/org/eclipse/jetty/jetty-http/8.1.8.v20121106/jetty-http-8.1.8.v20121106.jar:/root/.m2/repository/com/googlecode/json-simple/json-simple/1.1.1/json-simple-1.1.1.jar:/root/.m2/repository/org/javassist/javassist/3.18.0-GA/javassist-3.18.0-GA.jar:/root/.m2/repository/org/springframework/plugin/spring-plugin-metadata/1.2.0.RELEASE/spring-plugin-metadata-1.2.0.RELEASE.jar:/root/.m2/repository/org/glassfish/hk2/hk2-api/2.4.0-b31/hk2-api-2.4.0-b31.jar:/root/.m2/repository/com/fasterxml/classmate/1.3.1/classmate-1.3.1.jar:/root/.m2/repository/org/springframework/plugin/spring-plugin-core/1.2.0.RELEASE/spring-plugin-core-1.2.0.RELEASE.jar:/root/.m2/repository/org/eclipse/jetty/jetty-security/8.1.8.v20121106/jetty-security-8.1.8.v20121106.jar:/root/.m2/repository/org/scala-lang/scala-reflect/2.11.0/scala-reflect-2.11.0.jar:/root/.m2/repository/javax/annotation/javax.annotation-api/1.2/javax.annotation-api-1.2.jar:/root/.m2/repository/com/squareup/okio/okio/1.11.0/okio-1.11.0.jar:/root/.m2/repository/org/glassfish/jersey/containers/jersey-container-servlet/2.21/jersey-container-servlet-2.21.jar:/root/.m2/repository/org/glassfish/hk2/external/javax.inject/2.4.0-b31/javax.inject-2.4.0-b31.jar:/root/.m2/repository/org/eclipse/jetty/jetty-io/8.1.8.v20121106/jetty-io-8.1.8.v20121106.jar:/root/.m2/repository/commons-lang/commons-lang/2.5/commons-lang-2.5.jar:/root/.m2/repository/org/springframework/spring-websocket/4.2.5.RELEASE/spring-websocket-4.2.5.RELEASE.jar:/root/.m2/repository/com/squareup/okhttp3/okhttp/3.5.0/okhttp-3.5.0.jar:/root/.m2/repository/org/clojure/clojure/1.5.1/clojure-1.5.1.jar:/root/.m2/repository/org/glassfish/jersey/containers/jersey-container-servlet-core/2.21/jersey-container-servlet-core-2.21.jar:/root/.m2/repository/org/springframework/spring-core/4.2.5.RELEASE/spring-core-4.2.5.RELEASE.jar:/root/.m2/repository/org/codehaus/woodstox/woodstox-core-asl/4.4.1/woodstox-core-asl-4.4.1.jar:/root/.m2/repository/org/glassfish/hk2/osgi-resource-locator/1.0.1/osgi-resource-locator-1.0.1.jar:/root/.m2/repository/org/springframework/spring-web/4.2.5.RELEASE/spring-web-4.2.5.RELEASE.jar:/root/.m2/repository/com/owlike/genson-scala_2.11/1.4/genson-scala_2.11-1.4.jar:/root/.m2/repository/org/springframework/data/spring-data-commons-core/1.4.1.RELEASE/spring-data-commons-core-1.4.1.RELEASE.jar:/root/.m2/repository/commons-io/commons-io/1.4/commons-io-1.4.jar:/root/.m2/repository/com/fasterxml/jackson/jaxrs/jackson-jaxrs-json-provider/2.7.3/jackson-jaxrs-json-provider-2.7.3.jar:/root/.m2/repository/org/hamcrest/hamcrest-core/1.3/hamcrest-core-1.3.jar:/root/.m2/repository/org/scala-lang/scala-library/2.11.0/scala-library-2.11.0.jar:/root/.m2/repository/org/eclipse/jetty/jetty-continuation/8.1.8.v20121106/jetty-continuation-8.1.8.v20121106.jar:/root/.m2/repository/antlr/antlr/2.7.7/antlr-2.7.7.jar:/root/.m2/repository/org/eclipse/jetty/jetty-xml/8.1.8.v20121106/jetty-xml-8.1.8.v20121106.jar:/root/.m2/repository/com/fasterxml/jackson/module/jackson-module-jaxb-annotations/2.7.3/jackson-module-jaxb-annotations-2.7.3.jar:/root/.m2/repository/org/glassfish/jersey/bundles/repackaged/jersey-guava/2.21/jersey-guava-2.21.jar:/root/.m2/repository/net/sf/json-lib/json-lib/2.4/json-lib-2.4-jdk15.jar:/root/.m2/repository/org/glassfish/jersey/core/jersey-server/2.21/jersey-server-2.21.jar:/root/.m2/repository/org/springframework/spring-expression/4.2.5.RELEASE/spring-expression-4.2.5.RELEASE.jar:/root/.m2/repository/io/springfox/springfox-core/2.5.0/springfox-core-2.5.0.jar:/root/.m2/repository/org/eclipse/jetty/jetty-util/8.1.8.v20121106/jetty-util-8.1.8.v20121106.jar:/root/.m2/repository/org/springframework/spring-aop/4.2.5.RELEASE/spring-aop-4.2.5.RELEASE.jar:/root/.m2/repository/org/glassfish/jersey/core/jersey-client/2.21/jersey-client-2.21.jar:/root/.m2/repository/com/jsoniter/jsoniter/0.9.4/jsoniter-0.9.4.jar:/root/.m2/repository/cglib/cglib-nodep/2.2.2/cglib-nodep-2.2.2.jar:/root/.m2/repository/io/springfox/springfox-spring-web/2.5.0/springfox-spring-web-2.5.0.jar:/root/.m2/repository/net/minidev/accessors-smart/1.1/accessors-smart-1.1.jar:/root/.m2/repository/org/ow2/asm/asm-debug-all/5.0.4/asm-debug-all-5.0.4.jar:/root/.m2/repository/org/apache/cxf/cxf-core/3.1.2/cxf-core-3.1.2.jar:/root/.m2/repository/org/apache/cxf/cxf-rt-frontend-jaxrs/3.1.2/cxf-rt-frontend-jaxrs-3.1.2.jar:/root/.m2/repository/org/ow2/asm/asm-util/4.0/asm-util-4.0.jar:/root/.m2/repository/com/fasterxml/jackson/jaxrs/jackson-jaxrs-base/2.7.3/jackson-jaxrs-base-2.7.3.jar:/root/.m2/repository/javax/validation/validation-api/1.1.0.Final/validation-api-1.1.0.Final.jar:/root/.m2/repository/org/glassfish/hk2/external/aopalliance-repackaged/2.4.0-b31/aopalliance-repackaged-2.4.0-b31.jar:/root/.m2/repository/net/minidev/json-smart/2.2.1/json-smart-2.2.1.jar:/root/.m2/repository/commons-logging/commons-logging/1.1.1/commons-logging-1.1.1.jar:/root/.m2/repository/org/springframework/spring-test/4.2.5.RELEASE/spring-test-4.2.5.RELEASE.jar:/root/.m2/repository/org/codehaus/woodstox/stax2-api/3.1.4/stax2-api-3.1.4.jar:/root/.m2/repository/org/springframework/spring-webmvc/4.2.5.RELEASE/spring-webmvc-4.2.5.RELEASE.jar:/root/.m2/repository/org/apache/cxf/cxf-rt-transports-http/3.1.2/cxf-rt-transports-http-3.1.2.jar:/root/.m2/repository/junit/junit/4.11/junit-4.11.jar:/root/.m2/repository/org/apache/ws/xmlschema/xmlschema-core/2.2.1/xmlschema-core-2.2.1.jar:/root/.m2/repository/org/springframework/spring-context/4.2.5.RELEASE/spring-context-4.2.5.RELEASE.jar:/root/.m2/repository/org/eclipse/jetty/jetty-servlet/8.1.8.v20121106/jetty-servlet-8.1.8.v20121106.jar:/root/.m2/repository/io/springfox/springfox-spi/2.5.0/springfox-spi-2.5.0.jar:/root/.m2/repository/org/eclipse/jetty/jetty-server/8.1.8.v20121106/jetty-server-8.1.8.v20121106.jar:/root/.m2/repository/org/glassfish/hk2/hk2-locator/2.4.0-b31/hk2-locator-2.4.0-b31.jar:/root/.m2/repository/org/slf4j/slf4j-api/1.7.21/slf4j-api-1.7.21.jar;
	echo "\n\nNode: `hostname`\n";
	echo "\n\nDate: `date`\n";
Picked up JAVA_TOOL_OPTIONS: -Dfile.encoding=UTF8 -Duser.language=en-US -Duser.country=US -Duser.language=en
OpenJDK 64-Bit Server VM warning: ignoring option MaxPermSize=512m; support was removed in 8.0
[0] INFO ProjectConfiguration - Version of the JVM used: 1.8.0_342
[1] INFO main - Java version of the JDK used to run tests: 1.8.0_342
[1] INFO main - The compliance of the JVM is:  8
[12] INFO main - command line arguments: [-mode  jMutRepair  -location  .  -id  alibaba_fastjson-VUL4J-1  -failing  com.alibaba.json.bvt.bug.Issue1005#test_for_issue  -jvm4testexecution  /usr/lib/jvm/java-8-openjdk-amd64/bin  -jvm4evosuitetestexecution  /usr/lib/jvm/java-8-openjdk-amd64/bin  -maxgen  1000000  -maxtime  120  -stopfirst  true  -seed  0  -scope  local  -population  1  -javacompliancelevel  8  -faultlocalization  perfect  -perfectdata  /script/../data/benchmarks/vul4j/perfectfl/VUL4J-1  -validation  externalcmd  -testfailingcmd  mvn test -Dtest=com.alibaba.json.bvt.bug.Issue1005#test_for_issue -Dhttps.protocols=TLSv1.2 -Denforcer.skip=true -Dcheckstyle.skip=true -Dcobertura.skip=true -DskipITs=true -Drat.skip=true -Dlicense.skip=true -Dpmd.skip=true -Dfindbugs.skip=true -Dgpg.skip=true -Dskip.npm=true -Dskip.gulp=true -Dskip.bower=true -Danimal.sniffer.skip=true -V -B  -testallcmd  mvn test -Dhttps.protocols=TLSv1.2 -Denforcer.skip=true -Dcheckstyle.skip=true -Dcobertura.skip=true -DskipITs=true -Drat.skip=true -Dlicense.skip=true -Dpmd.skip=true -Dfindbugs.skip=true -Dgpg.skip=true -Dskip.npm=true -Dskip.gulp=true -Dskip.bower=true -Danimal.sniffer.skip=true -V -B     -srcjavafolder  src/main/java  -srctestfolder  src/test/java  -binjavafolder  target/classes  -bintestfolder  target/test-classes  -parameters  x:x  -dependencies  /root/.m2/repository/com/fasterxml/jackson/core/jackson-annotations/2.7.0/jackson-annotations-2.7.0.jar:/root/.m2/repository/com/owlike/genson/1.4/genson-1.4.jar:/root/.m2/repository/org/glassfish/jersey/containers/jersey-container-jdk-http/2.21/jersey-container-jdk-http-2.21.jar:/root/.m2/repository/net/sf/ezmorph/ezmorph/1.0.6/ezmorph-1.0.6.jar:/root/.m2/repository/javax/ws/rs/javax.ws.rs-api/2.0.1/javax.ws.rs-api-2.0.1.jar:/root/.m2/repository/org/eclipse/jetty/jetty-webapp/8.1.8.v20121106/jetty-webapp-8.1.8.v20121106.jar:/root/.m2/repository/org/ow2/asm/asm-analysis/4.0/asm-analysis-4.0.jar:/root/.m2/repository/com/fasterxml/jackson/core/jackson-databind/2.7.3/jackson-databind-2.7.3.jar:/root/.m2/repository/org/ow2/asm/asm-tree/4.0/asm-tree-4.0.jar:/root/.m2/repository/org/springframework/spring-beans/4.2.5.RELEASE/spring-beans-4.2.5.RELEASE.jar:/root/.m2/repository/javax/servlet/javax.servlet-api/3.1.0/javax.servlet-api-3.1.0.jar:/root/.m2/repository/com/fasterxml/jackson/module/jackson-module-afterburner/2.7.3/jackson-module-afterburner-2.7.3.jar:/root/.m2/repository/com/google/guava/guava/18.0/guava-18.0.jar:/root/.m2/repository/org/eclipse/jetty/orbit/javax.servlet/3.0.0.v201112011016/javax.servlet-3.0.0.v201112011016.jar:/root/.m2/repository/org/glassfish/jersey/test-framework/providers/jersey-test-framework-provider-jdk-http/2.21/jersey-test-framework-provider-jdk-http-2.21.jar:/root/.m2/repository/org/glassfish/jersey/core/jersey-common/2.21/jersey-common-2.21.jar:/root/.m2/repository/aopalliance/aopalliance/1.0/aopalliance-1.0.jar:/root/.m2/repository/com/fasterxml/jackson/core/jackson-core/2.7.3/jackson-core-2.7.3.jar:/root/.m2/repository/commons-beanutils/commons-beanutils/1.8.0/commons-beanutils-1.8.0.jar:/root/.m2/repository/org/codehaus/groovy/groovy/2.1.5/groovy-2.1.5.jar:/root/.m2/repository/org/ow2/asm/asm-commons/4.0/asm-commons-4.0.jar:/root/.m2/repository/org/glassfish/jersey/media/jersey-media-jaxb/2.21/jersey-media-jaxb-2.21.jar:/root/.m2/repository/org/glassfish/hk2/hk2-utils/2.4.0-b31/hk2-utils-2.4.0-b31.jar:/root/.m2/repository/org/apache/cxf/cxf-rt-rs-client/3.1.2/cxf-rt-rs-client-3.1.2.jar:/root/.m2/repository/com/google/code/gson/gson/2.6.2/gson-2.6.2.jar:/root/.m2/repository/com/squareup/retrofit2/retrofit/2.1.0/retrofit-2.1.0.jar:/root/.m2/repository/commons-collections/commons-collections/3.2.1/commons-collections-3.2.1.jar:/root/.m2/repository/org/ow2/asm/asm/4.0/asm-4.0.jar:/root/.m2/repository/org/glassfish/jersey/test-framework/jersey-test-framework-core/2.21/jersey-test-framework-core-2.21.jar:/root/.m2/repository/org/eclipse/jetty/jetty-http/8.1.8.v20121106/jetty-http-8.1.8.v20121106.jar:/root/.m2/repository/com/googlecode/json-simple/json-simple/1.1.1/json-simple-1.1.1.jar:/root/.m2/repository/org/javassist/javassist/3.18.0-GA/javassist-3.18.0-GA.jar:/root/.m2/repository/org/springframework/plugin/spring-plugin-metadata/1.2.0.RELEASE/spring-plugin-metadata-1.2.0.RELEASE.jar:/root/.m2/repository/org/glassfish/hk2/hk2-api/2.4.0-b31/hk2-api-2.4.0-b31.jar:/root/.m2/repository/com/fasterxml/classmate/1.3.1/classmate-1.3.1.jar:/root/.m2/repository/org/springframework/plugin/spring-plugin-core/1.2.0.RELEASE/spring-plugin-core-1.2.0.RELEASE.jar:/root/.m2/repository/org/eclipse/jetty/jetty-security/8.1.8.v20121106/jetty-security-8.1.8.v20121106.jar:/root/.m2/repository/org/scala-lang/scala-reflect/2.11.0/scala-reflect-2.11.0.jar:/root/.m2/repository/javax/annotation/javax.annotation-api/1.2/javax.annotation-api-1.2.jar:/root/.m2/repository/com/squareup/okio/okio/1.11.0/okio-1.11.0.jar:/root/.m2/repository/org/glassfish/jersey/containers/jersey-container-servlet/2.21/jersey-container-servlet-2.21.jar:/root/.m2/repository/org/glassfish/hk2/external/javax.inject/2.4.0-b31/javax.inject-2.4.0-b31.jar:/root/.m2/repository/org/eclipse/jetty/jetty-io/8.1.8.v20121106/jetty-io-8.1.8.v20121106.jar:/root/.m2/repository/commons-lang/commons-lang/2.5/commons-lang-2.5.jar:/root/.m2/repository/org/springframework/spring-websocket/4.2.5.RELEASE/spring-websocket-4.2.5.RELEASE.jar:/root/.m2/repository/com/squareup/okhttp3/okhttp/3.5.0/okhttp-3.5.0.jar:/root/.m2/repository/org/clojure/clojure/1.5.1/clojure-1.5.1.jar:/root/.m2/repository/org/glassfish/jersey/containers/jersey-container-servlet-core/2.21/jersey-container-servlet-core-2.21.jar:/root/.m2/repository/org/springframework/spring-core/4.2.5.RELEASE/spring-core-4.2.5.RELEASE.jar:/root/.m2/repository/org/codehaus/woodstox/woodstox-core-asl/4.4.1/woodstox-core-asl-4.4.1.jar:/root/.m2/repository/org/glassfish/hk2/osgi-resource-locator/1.0.1/osgi-resource-locator-1.0.1.jar:/root/.m2/repository/org/springframework/spring-web/4.2.5.RELEASE/spring-web-4.2.5.RELEASE.jar:/root/.m2/repository/com/owlike/genson-scala_2.11/1.4/genson-scala_2.11-1.4.jar:/root/.m2/repository/org/springframework/data/spring-data-commons-core/1.4.1.RELEASE/spring-data-commons-core-1.4.1.RELEASE.jar:/root/.m2/repository/commons-io/commons-io/1.4/commons-io-1.4.jar:/root/.m2/repository/com/fasterxml/jackson/jaxrs/jackson-jaxrs-json-provider/2.7.3/jackson-jaxrs-json-provider-2.7.3.jar:/root/.m2/repository/org/hamcrest/hamcrest-core/1.3/hamcrest-core-1.3.jar:/root/.m2/repository/org/scala-lang/scala-library/2.11.0/scala-library-2.11.0.jar:/root/.m2/repository/org/eclipse/jetty/jetty-continuation/8.1.8.v20121106/jetty-continuation-8.1.8.v20121106.jar:/root/.m2/repository/antlr/antlr/2.7.7/antlr-2.7.7.jar:/root/.m2/repository/org/eclipse/jetty/jetty-xml/8.1.8.v20121106/jetty-xml-8.1.8.v20121106.jar:/root/.m2/repository/com/fasterxml/jackson/module/jackson-module-jaxb-annotations/2.7.3/jackson-module-jaxb-annotations-2.7.3.jar:/root/.m2/repository/org/glassfish/jersey/bundles/repackaged/jersey-guava/2.21/jersey-guava-2.21.jar:/root/.m2/repository/net/sf/json-lib/json-lib/2.4/json-lib-2.4-jdk15.jar:/root/.m2/repository/org/glassfish/jersey/core/jersey-server/2.21/jersey-server-2.21.jar:/root/.m2/repository/org/springframework/spring-expression/4.2.5.RELEASE/spring-expression-4.2.5.RELEASE.jar:/root/.m2/repository/io/springfox/springfox-core/2.5.0/springfox-core-2.5.0.jar:/root/.m2/repository/org/eclipse/jetty/jetty-util/8.1.8.v20121106/jetty-util-8.1.8.v20121106.jar:/root/.m2/repository/org/springframework/spring-aop/4.2.5.RELEASE/spring-aop-4.2.5.RELEASE.jar:/root/.m2/repository/org/glassfish/jersey/core/jersey-client/2.21/jersey-client-2.21.jar:/root/.m2/repository/com/jsoniter/jsoniter/0.9.4/jsoniter-0.9.4.jar:/root/.m2/repository/cglib/cglib-nodep/2.2.2/cglib-nodep-2.2.2.jar:/root/.m2/repository/io/springfox/springfox-spring-web/2.5.0/springfox-spring-web-2.5.0.jar:/root/.m2/repository/net/minidev/accessors-smart/1.1/accessors-smart-1.1.jar:/root/.m2/repository/org/ow2/asm/asm-debug-all/5.0.4/asm-debug-all-5.0.4.jar:/root/.m2/repository/org/apache/cxf/cxf-core/3.1.2/cxf-core-3.1.2.jar:/root/.m2/repository/org/apache/cxf/cxf-rt-frontend-jaxrs/3.1.2/cxf-rt-frontend-jaxrs-3.1.2.jar:/root/.m2/repository/org/ow2/asm/asm-util/4.0/asm-util-4.0.jar:/root/.m2/repository/com/fasterxml/jackson/jaxrs/jackson-jaxrs-base/2.7.3/jackson-jaxrs-base-2.7.3.jar:/root/.m2/repository/javax/validation/validation-api/1.1.0.Final/validation-api-1.1.0.Final.jar:/root/.m2/repository/org/glassfish/hk2/external/aopalliance-repackaged/2.4.0-b31/aopalliance-repackaged-2.4.0-b31.jar:/root/.m2/repository/net/minidev/json-smart/2.2.1/json-smart-2.2.1.jar:/root/.m2/repository/commons-logging/commons-logging/1.1.1/commons-logging-1.1.1.jar:/root/.m2/repository/org/springframework/spring-test/4.2.5.RELEASE/spring-test-4.2.5.RELEASE.jar:/root/.m2/repository/org/codehaus/woodstox/stax2-api/3.1.4/stax2-api-3.1.4.jar:/root/.m2/repository/org/springframework/spring-webmvc/4.2.5.RELEASE/spring-webmvc-4.2.5.RELEASE.jar:/root/.m2/repository/org/apache/cxf/cxf-rt-transports-http/3.1.2/cxf-rt-transports-http-3.1.2.jar:/root/.m2/repository/junit/junit/4.11/junit-4.11.jar:/root/.m2/repository/org/apache/ws/xmlschema/xmlschema-core/2.2.1/xmlschema-core-2.2.1.jar:/root/.m2/repository/org/springframework/spring-context/4.2.5.RELEASE/spring-context-4.2.5.RELEASE.jar:/root/.m2/repository/org/eclipse/jetty/jetty-servlet/8.1.8.v20121106/jetty-servlet-8.1.8.v20121106.jar:/root/.m2/repository/io/springfox/springfox-spi/2.5.0/springfox-spi-2.5.0.jar:/root/.m2/repository/org/eclipse/jetty/jetty-server/8.1.8.v20121106/jetty-server-8.1.8.v20121106.jar:/root/.m2/repository/org/glassfish/hk2/hk2-locator/2.4.0-b31/hk2-locator-2.4.0-b31.jar:/root/.m2/repository/org/slf4j/slf4j-api/1.7.21/slf4j-api-1.7.21.jar]
[14] INFO AstorMain - Running Astor on a JDK at /usr/lib/jvm/java-8-openjdk-amd64/jre
[38] INFO main - Source folders: [/workdir/jMutRepair_vul4j_alibaba_fastjson_VUL4J-1/./src/main/java]
[40] INFO main - Source Test folders: [/workdir/jMutRepair_vul4j_alibaba_fastjson_VUL4J-1/./src/test/java]
[7498] INFO AstorCoreEngine - ---- Creating spoon model
[7603] INFO MutationSupporter - Creating model,  Code location from working folder: /workdir/jMutRepair_vul4j_alibaba_fastjson_VUL4J-1/./src/main/java
[7604] INFO MutationSupporter - building model: /workdir/jMutRepair_vul4j_alibaba_fastjson_VUL4J-1/./src/main/java, compliance level: 8
[7704] INFO MutationSupporter - Classpath (Dependencies) for building SpoonModel: [/root/.m2/repository/com/fasterxml/jackson/core/jackson-annotations/2.7.0/jackson-annotations-2.7.0.jar, /root/.m2/repository/com/owlike/genson/1.4/genson-1.4.jar, /root/.m2/repository/org/glassfish/jersey/containers/jersey-container-jdk-http/2.21/jersey-container-jdk-http-2.21.jar, /root/.m2/repository/net/sf/ezmorph/ezmorph/1.0.6/ezmorph-1.0.6.jar, /root/.m2/repository/javax/ws/rs/javax.ws.rs-api/2.0.1/javax.ws.rs-api-2.0.1.jar, /root/.m2/repository/org/eclipse/jetty/jetty-webapp/8.1.8.v20121106/jetty-webapp-8.1.8.v20121106.jar, /root/.m2/repository/org/ow2/asm/asm-analysis/4.0/asm-analysis-4.0.jar, /root/.m2/repository/com/fasterxml/jackson/core/jackson-databind/2.7.3/jackson-databind-2.7.3.jar, /root/.m2/repository/org/ow2/asm/asm-tree/4.0/asm-tree-4.0.jar, /root/.m2/repository/org/springframework/spring-beans/4.2.5.RELEASE/spring-beans-4.2.5.RELEASE.jar, /root/.m2/repository/javax/servlet/javax.servlet-api/3.1.0/javax.servlet-api-3.1.0.jar, /root/.m2/repository/com/fasterxml/jackson/module/jackson-module-afterburner/2.7.3/jackson-module-afterburner-2.7.3.jar, /root/.m2/repository/com/google/guava/guava/18.0/guava-18.0.jar, /root/.m2/repository/org/eclipse/jetty/orbit/javax.servlet/3.0.0.v201112011016/javax.servlet-3.0.0.v201112011016.jar, /root/.m2/repository/org/glassfish/jersey/test-framework/providers/jersey-test-framework-provider-jdk-http/2.21/jersey-test-framework-provider-jdk-http-2.21.jar, /root/.m2/repository/org/glassfish/jersey/core/jersey-common/2.21/jersey-common-2.21.jar, /root/.m2/repository/aopalliance/aopalliance/1.0/aopalliance-1.0.jar, /root/.m2/repository/com/fasterxml/jackson/core/jackson-core/2.7.3/jackson-core-2.7.3.jar, /root/.m2/repository/commons-beanutils/commons-beanutils/1.8.0/commons-beanutils-1.8.0.jar, /root/.m2/repository/org/codehaus/groovy/groovy/2.1.5/groovy-2.1.5.jar, /root/.m2/repository/org/ow2/asm/asm-commons/4.0/asm-commons-4.0.jar, /root/.m2/repository/org/glassfish/jersey/media/jersey-media-jaxb/2.21/jersey-media-jaxb-2.21.jar, /root/.m2/repository/org/glassfish/hk2/hk2-utils/2.4.0-b31/hk2-utils-2.4.0-b31.jar, /root/.m2/repository/org/apache/cxf/cxf-rt-rs-client/3.1.2/cxf-rt-rs-client-3.1.2.jar, /root/.m2/repository/com/google/code/gson/gson/2.6.2/gson-2.6.2.jar, /root/.m2/repository/com/squareup/retrofit2/retrofit/2.1.0/retrofit-2.1.0.jar, /root/.m2/repository/commons-collections/commons-collections/3.2.1/commons-collections-3.2.1.jar, /root/.m2/repository/org/ow2/asm/asm/4.0/asm-4.0.jar, /root/.m2/repository/org/glassfish/jersey/test-framework/jersey-test-framework-core/2.21/jersey-test-framework-core-2.21.jar, /root/.m2/repository/org/eclipse/jetty/jetty-http/8.1.8.v20121106/jetty-http-8.1.8.v20121106.jar, /root/.m2/repository/com/googlecode/json-simple/json-simple/1.1.1/json-simple-1.1.1.jar, /root/.m2/repository/org/javassist/javassist/3.18.0-GA/javassist-3.18.0-GA.jar, /root/.m2/repository/org/springframework/plugin/spring-plugin-metadata/1.2.0.RELEASE/spring-plugin-metadata-1.2.0.RELEASE.jar, /root/.m2/repository/org/glassfish/hk2/hk2-api/2.4.0-b31/hk2-api-2.4.0-b31.jar, /root/.m2/repository/com/fasterxml/classmate/1.3.1/classmate-1.3.1.jar, /root/.m2/repository/org/springframework/plugin/spring-plugin-core/1.2.0.RELEASE/spring-plugin-core-1.2.0.RELEASE.jar, /root/.m2/repository/org/eclipse/jetty/jetty-security/8.1.8.v20121106/jetty-security-8.1.8.v20121106.jar, /root/.m2/repository/org/scala-lang/scala-reflect/2.11.0/scala-reflect-2.11.0.jar, /root/.m2/repository/javax/annotation/javax.annotation-api/1.2/javax.annotation-api-1.2.jar, /root/.m2/repository/com/squareup/okio/okio/1.11.0/okio-1.11.0.jar, /root/.m2/repository/org/glassfish/jersey/containers/jersey-container-servlet/2.21/jersey-container-servlet-2.21.jar, /root/.m2/repository/org/glassfish/hk2/external/javax.inject/2.4.0-b31/javax.inject-2.4.0-b31.jar, /root/.m2/repository/org/eclipse/jetty/jetty-io/8.1.8.v20121106/jetty-io-8.1.8.v20121106.jar, /root/.m2/repository/commons-lang/commons-lang/2.5/commons-lang-2.5.jar, /root/.m2/repository/org/springframework/spring-websocket/4.2.5.RELEASE/spring-websocket-4.2.5.RELEASE.jar, /root/.m2/repository/com/squareup/okhttp3/okhttp/3.5.0/okhttp-3.5.0.jar, /root/.m2/repository/org/clojure/clojure/1.5.1/clojure-1.5.1.jar, /root/.m2/repository/org/glassfish/jersey/containers/jersey-container-servlet-core/2.21/jersey-container-servlet-core-2.21.jar, /root/.m2/repository/org/springframework/spring-core/4.2.5.RELEASE/spring-core-4.2.5.RELEASE.jar, /root/.m2/repository/org/codehaus/woodstox/woodstox-core-asl/4.4.1/woodstox-core-asl-4.4.1.jar, /root/.m2/repository/org/glassfish/hk2/osgi-resource-locator/1.0.1/osgi-resource-locator-1.0.1.jar, /root/.m2/repository/org/springframework/spring-web/4.2.5.RELEASE/spring-web-4.2.5.RELEASE.jar, /root/.m2/repository/com/owlike/genson-scala_2.11/1.4/genson-scala_2.11-1.4.jar, /root/.m2/repository/org/springframework/data/spring-data-commons-core/1.4.1.RELEASE/spring-data-commons-core-1.4.1.RELEASE.jar, /root/.m2/repository/commons-io/commons-io/1.4/commons-io-1.4.jar, /root/.m2/repository/com/fasterxml/jackson/jaxrs/jackson-jaxrs-json-provider/2.7.3/jackson-jaxrs-json-provider-2.7.3.jar, /root/.m2/repository/org/hamcrest/hamcrest-core/1.3/hamcrest-core-1.3.jar, /root/.m2/repository/org/scala-lang/scala-library/2.11.0/scala-library-2.11.0.jar, /root/.m2/repository/org/eclipse/jetty/jetty-continuation/8.1.8.v20121106/jetty-continuation-8.1.8.v20121106.jar, /root/.m2/repository/antlr/antlr/2.7.7/antlr-2.7.7.jar, /root/.m2/repository/org/eclipse/jetty/jetty-xml/8.1.8.v20121106/jetty-xml-8.1.8.v20121106.jar, /root/.m2/repository/com/fasterxml/jackson/module/jackson-module-jaxb-annotations/2.7.3/jackson-module-jaxb-annotations-2.7.3.jar, /root/.m2/repository/org/glassfish/jersey/bundles/repackaged/jersey-guava/2.21/jersey-guava-2.21.jar, /root/.m2/repository/net/sf/json-lib/json-lib/2.4/json-lib-2.4-jdk15.jar, /root/.m2/repository/org/glassfish/jersey/core/jersey-server/2.21/jersey-server-2.21.jar, /root/.m2/repository/org/springframework/spring-expression/4.2.5.RELEASE/spring-expression-4.2.5.RELEASE.jar, /root/.m2/repository/io/springfox/springfox-core/2.5.0/springfox-core-2.5.0.jar, /root/.m2/repository/org/eclipse/jetty/jetty-util/8.1.8.v20121106/jetty-util-8.1.8.v20121106.jar, /root/.m2/repository/org/springframework/spring-aop/4.2.5.RELEASE/spring-aop-4.2.5.RELEASE.jar, /root/.m2/repository/org/glassfish/jersey/core/jersey-client/2.21/jersey-client-2.21.jar, /root/.m2/repository/com/jsoniter/jsoniter/0.9.4/jsoniter-0.9.4.jar, /root/.m2/repository/cglib/cglib-nodep/2.2.2/cglib-nodep-2.2.2.jar, /root/.m2/repository/io/springfox/springfox-spring-web/2.5.0/springfox-spring-web-2.5.0.jar, /root/.m2/repository/net/minidev/accessors-smart/1.1/accessors-smart-1.1.jar, /root/.m2/repository/org/ow2/asm/asm-debug-all/5.0.4/asm-debug-all-5.0.4.jar, /root/.m2/repository/org/apache/cxf/cxf-core/3.1.2/cxf-core-3.1.2.jar, /root/.m2/repository/org/apache/cxf/cxf-rt-frontend-jaxrs/3.1.2/cxf-rt-frontend-jaxrs-3.1.2.jar, /root/.m2/repository/org/ow2/asm/asm-util/4.0/asm-util-4.0.jar, /root/.m2/repository/com/fasterxml/jackson/jaxrs/jackson-jaxrs-base/2.7.3/jackson-jaxrs-base-2.7.3.jar, /root/.m2/repository/javax/validation/validation-api/1.1.0.Final/validation-api-1.1.0.Final.jar, /root/.m2/repository/org/glassfish/hk2/external/aopalliance-repackaged/2.4.0-b31/aopalliance-repackaged-2.4.0-b31.jar, /root/.m2/repository/net/minidev/json-smart/2.2.1/json-smart-2.2.1.jar, /root/.m2/repository/commons-logging/commons-logging/1.1.1/commons-logging-1.1.1.jar, /root/.m2/repository/org/springframework/spring-test/4.2.5.RELEASE/spring-test-4.2.5.RELEASE.jar, /root/.m2/repository/org/codehaus/woodstox/stax2-api/3.1.4/stax2-api-3.1.4.jar, /root/.m2/repository/org/springframework/spring-webmvc/4.2.5.RELEASE/spring-webmvc-4.2.5.RELEASE.jar, /root/.m2/repository/org/apache/cxf/cxf-rt-transports-http/3.1.2/cxf-rt-transports-http-3.1.2.jar, /root/.m2/repository/junit/junit/4.11/junit-4.11.jar, /root/.m2/repository/org/apache/ws/xmlschema/xmlschema-core/2.2.1/xmlschema-core-2.2.1.jar, /root/.m2/repository/org/springframework/spring-context/4.2.5.RELEASE/spring-context-4.2.5.RELEASE.jar, /root/.m2/repository/org/eclipse/jetty/jetty-servlet/8.1.8.v20121106/jetty-servlet-8.1.8.v20121106.jar, /root/.m2/repository/io/springfox/springfox-spi/2.5.0/springfox-spi-2.5.0.jar, /root/.m2/repository/org/eclipse/jetty/jetty-server/8.1.8.v20121106/jetty-server-8.1.8.v20121106.jar, /root/.m2/repository/org/glassfish/hk2/hk2-locator/2.4.0-b31/hk2-locator-2.4.0-b31.jar, /root/.m2/repository/org/slf4j/slf4j-api/1.7.21/slf4j-api-1.7.21.jar]
[28500] INFO AstorCoreEngine - Number of CtTypes created: 143
[28957] INFO AstorCoreEngine - Test retrieved from classes: 0
[29293] INFO AstorCoreEngine - Setting up the max to 3380 milliseconds (3 sec)
[29293] INFO AstorCoreEngine - ---- Initial suspicious size: 1
[29779] INFO main - Total suspicious from FL: 1,  0
[29779] INFO main - Total ModPoint created: 0
[29779] INFO main - Creating program variant #1, [Variant id: 1, #gens: 0, #ops: 0, parent:-]
[29779] ERROR AstorCoreEngine - [warning] Any modification point in variant
[29779] ERROR AstorCoreEngine - Variant with any gen
[29779] WARN ConfigurationProperties - ----------------------------
[29779] INFO ConfigurationProperties - ---Configuration properties
[29780] INFO ConfigurationProperties - p:lastJUnitVersion= ./examples/libs/junit-4.11.jar
[29780] INFO ConfigurationProperties - p:alternativecompliancelevel= 8
[29780] INFO ConfigurationProperties - p:ignoredTestCases= 
[29780] INFO ConfigurationProperties - p:workingDirectory= /workdir/jMutRepair_vul4j_alibaba_fastjson_VUL4J-1/./output_astor
[29780] INFO ConfigurationProperties - p:manipulatesuper= false
[29780] INFO ConfigurationProperties - p:validation= externalcmd
[29780] INFO ConfigurationProperties - p:jvm4testexecution= /usr/lib/jvm/java-8-openjdk-amd64/bin
[29780] INFO ConfigurationProperties - p:operatorspace= mutationspace
[29780] INFO ConfigurationProperties - p:diffcontext= 0
[29780] INFO ConfigurationProperties - p:binjavafolder= target/classes
[29780] INFO ConfigurationProperties - p:synthesis_depth= 3
[29780] INFO ConfigurationProperties - p:gzoltartestpackagetoexclude= junit.framework
[29781] INFO ConfigurationProperties - p:skipfitnessinitialpopulation= false
[29781] INFO ConfigurationProperties - p:evosuiteresultfolder= evosuite
[29781] INFO ConfigurationProperties - p:flthreshold= 0.1
[29781] INFO ConfigurationProperties - p:regressionforfaultlocalization= true
[29781] INFO ConfigurationProperties - p:collectonlyusedmethod= false
[29781] INFO ConfigurationProperties - p:preservelinenumbers= true
[29781] INFO ConfigurationProperties - p:tmax2= 3380
[29781] INFO ConfigurationProperties - p:tmax1= 10000
[29781] INFO ConfigurationProperties - p:probagenmutation= false
[29781] INFO ConfigurationProperties - p:nomodificationconvergence= 100
[29782] INFO ConfigurationProperties - p:diff_type= relative
[29782] INFO ConfigurationProperties - p:targetelementprocessor= if-conditions:return-op-mutation
[29782] INFO ConfigurationProperties - p:srctestfolder= src/test/java
[29782] INFO ConfigurationProperties - p:forceExecuteRegression= false
[29782] INFO ConfigurationProperties - p:clusteringfilename= clustering.csv
[29788] INFO ConfigurationProperties - p:failing= com.alibaba.json.bvt.bug.Issue1005#test_for_issue
[29788] INFO ConfigurationProperties - p:logtestexecution= false
[29789] INFO ConfigurationProperties - p:evo_buggy_class= true
[29789] INFO ConfigurationProperties - p:numberExecutions= 1
[29789] INFO ConfigurationProperties - p:maxnumbersolutions= 1000000
[29789] INFO ConfigurationProperties - p:evo_affected_by_op= true
[29789] INFO ConfigurationProperties - p:population= 1
[29792] INFO ConfigurationProperties - p:considerzerovaluesusp= false
[29792] INFO ConfigurationProperties - p:maxCombinationVariableLimit= false
[29792] INFO ConfigurationProperties - p:savesolution= true
[29792] INFO ConfigurationProperties - p:javacompliancelevel= 8
[29792] INFO ConfigurationProperties - p:x= x
[29792] INFO ConfigurationProperties - p:uniqueoptogen= false
[29792] INFO ConfigurationProperties - p:gzoltarpackagetonotinstrument= junit.framework
[29792] INFO ConfigurationProperties - p:projectIdentifier= alibaba_fastjson-VUL4J-1
[29793] INFO ConfigurationProperties - p:modificationpointnavigation= weight
[29793] INFO ConfigurationProperties - p:stopfirst= true
[29793] INFO ConfigurationProperties - p:multipointmodification= false
[29793] INFO ConfigurationProperties - p:elementsToMutate= 10
[29793] INFO ConfigurationProperties - p:jsonoutputname= astor_output
[29793] INFO ConfigurationProperties - p:evoDSE= false
[29793] INFO ConfigurationProperties - p:bintestfolder= target/test-classes
[29793] INFO ConfigurationProperties - p:testbystep= false
[29793] INFO ConfigurationProperties - p:version-location= ./math-version/
[29793] INFO ConfigurationProperties - p:reintroduce= PARENTS:ORIGINAL
[29793] INFO ConfigurationProperties - p:perfectdata= /script/../data/benchmarks/vul4j/perfectfl/VUL4J-1
[29793] INFO ConfigurationProperties - p:executorjar= ./lib/jtestex7.jar
[29793] INFO ConfigurationProperties - p:maxGeneration= 1000000
[29793] INFO ConfigurationProperties - p:max_synthesis_step= 10000
[29793] INFO ConfigurationProperties - p:projectinfocommand= com.github.tdurieux:project-config-maven-plugin:info
[29794] INFO ConfigurationProperties - p:maxVarCombination= 1000
[29794] INFO ConfigurationProperties - p:maxtime= 120
[29794] INFO ConfigurationProperties - p:evosuitejar= ./lib/evosuite-master-1.0.4-SNAPSHOT.jar
[29794] INFO ConfigurationProperties - p:jvmversion= 1.8.0_342
[29794] INFO ConfigurationProperties - p:commandTrunk= 50000
[29794] INFO ConfigurationProperties - p:faultlocalization= perfect
[29794] INFO ConfigurationProperties - p:resetmodel= true
[29795] INFO ConfigurationProperties - p:maxsuspcandidates= 1000
[29796] INFO ConfigurationProperties - p:mode= jMutRepair
[29796] INFO ConfigurationProperties - p:learningdir= 
[29796] INFO ConfigurationProperties - p:jvm4evosuitetestexecution= /usr/lib/jvm/java-8-openjdk-amd64/bin
[29796] INFO ConfigurationProperties - p:filterfaultlocalization= true
[29796] INFO ConfigurationProperties - p:mutationrate= 1 
[29796] INFO ConfigurationProperties - p:pathToMVNRepository= 
[29796] INFO ConfigurationProperties - p:resourcesfolder= /src/main/resources:/src/test/resources:
[29797] INFO ConfigurationProperties - p:timezone= America/Los_Angeles
[29797] INFO ConfigurationProperties - p:runjava7code= false
[29797] INFO ConfigurationProperties - p:testfailingcmd= mvn test -Dtest=com.alibaba.json.bvt.bug.Issue1005#test_for_issue -Dhttps.protocols=TLSv1.2 -Denforcer.skip=true -Dcheckstyle.skip=true -Dcobertura.skip=true -DskipITs=true -Drat.skip=true -Dlicense.skip=true -Dpmd.skip=true -Dfindbugs.skip=true -Dgpg.skip=true -Dskip.npm=true -Dskip.gulp=true -Dskip.bower=true -Danimal.sniffer.skip=true -V -B
[29797] INFO ConfigurationProperties - p:evoRunOnBuggyClass= true
[29797] INFO ConfigurationProperties - p:compiler= fr.inria.astor.core.manipulation.bytecode.compiler.SpoonClassCompiler
[29797] INFO ConfigurationProperties - p:limitbysuspicious= true
[29797] INFO ConfigurationProperties - p:logsattemps= true
[29797] INFO ConfigurationProperties - p:dependenciespath= /root/.m2/repository/com/fasterxml/jackson/core/jackson-annotations/2.7.0/jackson-annotations-2.7.0.jar:/root/.m2/repository/com/owlike/genson/1.4/genson-1.4.jar:/root/.m2/repository/org/glassfish/jersey/containers/jersey-container-jdk-http/2.21/jersey-container-jdk-http-2.21.jar:/root/.m2/repository/net/sf/ezmorph/ezmorph/1.0.6/ezmorph-1.0.6.jar:/root/.m2/repository/javax/ws/rs/javax.ws.rs-api/2.0.1/javax.ws.rs-api-2.0.1.jar:/root/.m2/repository/org/eclipse/jetty/jetty-webapp/8.1.8.v20121106/jetty-webapp-8.1.8.v20121106.jar:/root/.m2/repository/org/ow2/asm/asm-analysis/4.0/asm-analysis-4.0.jar:/root/.m2/repository/com/fasterxml/jackson/core/jackson-databind/2.7.3/jackson-databind-2.7.3.jar:/root/.m2/repository/org/ow2/asm/asm-tree/4.0/asm-tree-4.0.jar:/root/.m2/repository/org/springframework/spring-beans/4.2.5.RELEASE/spring-beans-4.2.5.RELEASE.jar:/root/.m2/repository/javax/servlet/javax.servlet-api/3.1.0/javax.servlet-api-3.1.0.jar:/root/.m2/repository/com/fasterxml/jackson/module/jackson-module-afterburner/2.7.3/jackson-module-afterburner-2.7.3.jar:/root/.m2/repository/com/google/guava/guava/18.0/guava-18.0.jar:/root/.m2/repository/org/eclipse/jetty/orbit/javax.servlet/3.0.0.v201112011016/javax.servlet-3.0.0.v201112011016.jar:/root/.m2/repository/org/glassfish/jersey/test-framework/providers/jersey-test-framework-provider-jdk-http/2.21/jersey-test-framework-provider-jdk-http-2.21.jar:/root/.m2/repository/org/glassfish/jersey/core/jersey-common/2.21/jersey-common-2.21.jar:/root/.m2/repository/aopalliance/aopalliance/1.0/aopalliance-1.0.jar:/root/.m2/repository/com/fasterxml/jackson/core/jackson-core/2.7.3/jackson-core-2.7.3.jar:/root/.m2/repository/commons-beanutils/commons-beanutils/1.8.0/commons-beanutils-1.8.0.jar:/root/.m2/repository/org/codehaus/groovy/groovy/2.1.5/groovy-2.1.5.jar:/root/.m2/repository/org/ow2/asm/asm-commons/4.0/asm-commons-4.0.jar:/root/.m2/repository/org/glassfish/jersey/media/jersey-media-jaxb/2.21/jersey-media-jaxb-2.21.jar:/root/.m2/repository/org/glassfish/hk2/hk2-utils/2.4.0-b31/hk2-utils-2.4.0-b31.jar:/root/.m2/repository/org/apache/cxf/cxf-rt-rs-client/3.1.2/cxf-rt-rs-client-3.1.2.jar:/root/.m2/repository/com/google/code/gson/gson/2.6.2/gson-2.6.2.jar:/root/.m2/repository/com/squareup/retrofit2/retrofit/2.1.0/retrofit-2.1.0.jar:/root/.m2/repository/commons-collections/commons-collections/3.2.1/commons-collections-3.2.1.jar:/root/.m2/repository/org/ow2/asm/asm/4.0/asm-4.0.jar:/root/.m2/repository/org/glassfish/jersey/test-framework/jersey-test-framework-core/2.21/jersey-test-framework-core-2.21.jar:/root/.m2/repository/org/eclipse/jetty/jetty-http/8.1.8.v20121106/jetty-http-8.1.8.v20121106.jar:/root/.m2/repository/com/googlecode/json-simple/json-simple/1.1.1/json-simple-1.1.1.jar:/root/.m2/repository/org/javassist/javassist/3.18.0-GA/javassist-3.18.0-GA.jar:/root/.m2/repository/org/springframework/plugin/spring-plugin-metadata/1.2.0.RELEASE/spring-plugin-metadata-1.2.0.RELEASE.jar:/root/.m2/repository/org/glassfish/hk2/hk2-api/2.4.0-b31/hk2-api-2.4.0-b31.jar:/root/.m2/repository/com/fasterxml/classmate/1.3.1/classmate-1.3.1.jar:/root/.m2/repository/org/springframework/plugin/spring-plugin-core/1.2.0.RELEASE/spring-plugin-core-1.2.0.RELEASE.jar:/root/.m2/repository/org/eclipse/jetty/jetty-security/8.1.8.v20121106/jetty-security-8.1.8.v20121106.jar:/root/.m2/repository/org/scala-lang/scala-reflect/2.11.0/scala-reflect-2.11.0.jar:/root/.m2/repository/javax/annotation/javax.annotation-api/1.2/javax.annotation-api-1.2.jar:/root/.m2/repository/com/squareup/okio/okio/1.11.0/okio-1.11.0.jar:/root/.m2/repository/org/glassfish/jersey/containers/jersey-container-servlet/2.21/jersey-container-servlet-2.21.jar:/root/.m2/repository/org/glassfish/hk2/external/javax.inject/2.4.0-b31/javax.inject-2.4.0-b31.jar:/root/.m2/repository/org/eclipse/jetty/jetty-io/8.1.8.v20121106/jetty-io-8.1.8.v20121106.jar:/root/.m2/repository/commons-lang/commons-lang/2.5/commons-lang-2.5.jar:/root/.m2/repository/org/springframework/spring-websocket/4.2.5.RELEASE/spring-websocket-4.2.5.RELEASE.jar:/root/.m2/repository/com/squareup/okhttp3/okhttp/3.5.0/okhttp-3.5.0.jar:/root/.m2/repository/org/clojure/clojure/1.5.1/clojure-1.5.1.jar:/root/.m2/repository/org/glassfish/jersey/containers/jersey-container-servlet-core/2.21/jersey-container-servlet-core-2.21.jar:/root/.m2/repository/org/springframework/spring-core/4.2.5.RELEASE/spring-core-4.2.5.RELEASE.jar:/root/.m2/repository/org/codehaus/woodstox/woodstox-core-asl/4.4.1/woodstox-core-asl-4.4.1.jar:/root/.m2/repository/org/glassfish/hk2/osgi-resource-locator/1.0.1/osgi-resource-locator-1.0.1.jar:/root/.m2/repository/org/springframework/spring-web/4.2.5.RELEASE/spring-web-4.2.5.RELEASE.jar:/root/.m2/repository/com/owlike/genson-scala_2.11/1.4/genson-scala_2.11-1.4.jar:/root/.m2/repository/org/springframework/data/spring-data-commons-core/1.4.1.RELEASE/spring-data-commons-core-1.4.1.RELEASE.jar:/root/.m2/repository/commons-io/commons-io/1.4/commons-io-1.4.jar:/root/.m2/repository/com/fasterxml/jackson/jaxrs/jackson-jaxrs-json-provider/2.7.3/jackson-jaxrs-json-provider-2.7.3.jar:/root/.m2/repository/org/hamcrest/hamcrest-core/1.3/hamcrest-core-1.3.jar:/root/.m2/repository/org/scala-lang/scala-library/2.11.0/scala-library-2.11.0.jar:/root/.m2/repository/org/eclipse/jetty/jetty-continuation/8.1.8.v20121106/jetty-continuation-8.1.8.v20121106.jar:/root/.m2/repository/antlr/antlr/2.7.7/antlr-2.7.7.jar:/root/.m2/repository/org/eclipse/jetty/jetty-xml/8.1.8.v20121106/jetty-xml-8.1.8.v20121106.jar:/root/.m2/repository/com/fasterxml/jackson/module/jackson-module-jaxb-annotations/2.7.3/jackson-module-jaxb-annotations-2.7.3.jar:/root/.m2/repository/org/glassfish/jersey/bundles/repackaged/jersey-guava/2.21/jersey-guava-2.21.jar:/root/.m2/repository/net/sf/json-lib/json-lib/2.4/json-lib-2.4-jdk15.jar:/root/.m2/repository/org/glassfish/jersey/core/jersey-server/2.21/jersey-server-2.21.jar:/root/.m2/repository/org/springframework/spring-expression/4.2.5.RELEASE/spring-expression-4.2.5.RELEASE.jar:/root/.m2/repository/io/springfox/springfox-core/2.5.0/springfox-core-2.5.0.jar:/root/.m2/repository/org/eclipse/jetty/jetty-util/8.1.8.v20121106/jetty-util-8.1.8.v20121106.jar:/root/.m2/repository/org/springframework/spring-aop/4.2.5.RELEASE/spring-aop-4.2.5.RELEASE.jar:/root/.m2/repository/org/glassfish/jersey/core/jersey-client/2.21/jersey-client-2.21.jar:/root/.m2/repository/com/jsoniter/jsoniter/0.9.4/jsoniter-0.9.4.jar:/root/.m2/repository/cglib/cglib-nodep/2.2.2/cglib-nodep-2.2.2.jar:/root/.m2/repository/io/springfox/springfox-spring-web/2.5.0/springfox-spring-web-2.5.0.jar:/root/.m2/repository/net/minidev/accessors-smart/1.1/accessors-smart-1.1.jar:/root/.m2/repository/org/ow2/asm/asm-debug-all/5.0.4/asm-debug-all-5.0.4.jar:/root/.m2/repository/org/apache/cxf/cxf-core/3.1.2/cxf-core-3.1.2.jar:/root/.m2/repository/org/apache/cxf/cxf-rt-frontend-jaxrs/3.1.2/cxf-rt-frontend-jaxrs-3.1.2.jar:/root/.m2/repository/org/ow2/asm/asm-util/4.0/asm-util-4.0.jar:/root/.m2/repository/com/fasterxml/jackson/jaxrs/jackson-jaxrs-base/2.7.3/jackson-jaxrs-base-2.7.3.jar:/root/.m2/repository/javax/validation/validation-api/1.1.0.Final/validation-api-1.1.0.Final.jar:/root/.m2/repository/org/glassfish/hk2/external/aopalliance-repackaged/2.4.0-b31/aopalliance-repackaged-2.4.0-b31.jar:/root/.m2/repository/net/minidev/json-smart/2.2.1/json-smart-2.2.1.jar:/root/.m2/repository/commons-logging/commons-logging/1.1.1/commons-logging-1.1.1.jar:/root/.m2/repository/org/springframework/spring-test/4.2.5.RELEASE/spring-test-4.2.5.RELEASE.jar:/root/.m2/repository/org/codehaus/woodstox/stax2-api/3.1.4/stax2-api-3.1.4.jar:/root/.m2/repository/org/springframework/spring-webmvc/4.2.5.RELEASE/spring-webmvc-4.2.5.RELEASE.jar:/root/.m2/repository/org/apache/cxf/cxf-rt-transports-http/3.1.2/cxf-rt-transports-http-3.1.2.jar:/root/.m2/repository/junit/junit/4.11/junit-4.11.jar:/root/.m2/repository/org/apache/ws/xmlschema/xmlschema-core/2.2.1/xmlschema-core-2.2.1.jar:/root/.m2/repository/org/springframework/spring-context/4.2.5.RELEASE/spring-context-4.2.5.RELEASE.jar:/root/.m2/repository/org/eclipse/jetty/jetty-servlet/8.1.8.v20121106/jetty-servlet-8.1.8.v20121106.jar:/root/.m2/repository/io/springfox/springfox-spi/2.5.0/springfox-spi-2.5.0.jar:/root/.m2/repository/org/eclipse/jetty/jetty-server/8.1.8.v20121106/jetty-server-8.1.8.v20121106.jar:/root/.m2/repository/org/glassfish/hk2/hk2-locator/2.4.0-b31/hk2-locator-2.4.0-b31.jar:/root/.m2/repository/org/slf4j/slf4j-api/1.7.21/slf4j-api-1.7.21.jar
[29800] INFO ConfigurationProperties - p:packageToInstrument= 
[29800] INFO ConfigurationProperties - p:skipfaultlocalization= false
[29800] INFO ConfigurationProperties - p:scope= local
[29800] INFO ConfigurationProperties - p:transformingredient= false
[29800] INFO ConfigurationProperties - p:fitnessfunction= fr.inria.astor.core.solutionsearch.population.TestCaseFitnessFunction
[29800] INFO ConfigurationProperties - p:maxnumvariablesperingredient= 10
[29800] INFO ConfigurationProperties - p:parsesourcefromoriginal= true
[29800] INFO ConfigurationProperties - p:pvariantfoldername= variant-
[29800] INFO ConfigurationProperties - p:savespoonmodelondisk= false
[29800] INFO ConfigurationProperties - p:srcjavafolder= src/main/java
[29800] INFO ConfigurationProperties - p:populationcontroller= fr.inria.astor.core.solutionsearch.population.TestCaseBasedFitnessPopulationController
[29800] INFO ConfigurationProperties - p:ignoreflakyinfl= false
[29801] INFO ConfigurationProperties - p:cleantemplates= true
[29801] INFO ConfigurationProperties - p:applyCrossover= false
[29801] INFO ConfigurationProperties - p:maxmodificationpoints= 1000
[29801] INFO ConfigurationProperties - p:duplicateingredientsinspace= false
[29801] INFO ConfigurationProperties - p:metid= 0
[29801] INFO ConfigurationProperties - p:continuewhenmodelfail= true
[29801] INFO ConfigurationProperties - p:saveall= false
[29801] INFO ConfigurationProperties - p:seed= 0
[29801] INFO ConfigurationProperties - p:savecompletepatched= true
[29801] INFO ConfigurationProperties - p:resetoperations= false
[29802] INFO ConfigurationProperties - p:keepcomments= false
[29802] INFO ConfigurationProperties - p:processoutputinfile= false
[29802] INFO ConfigurationProperties - p:location= .
[29802] INFO ConfigurationProperties - p:probabilistictransformation= true
[29803] INFO ConfigurationProperties - p:overridemaxtime= true
[29803] INFO ConfigurationProperties - p:outputjsonresult= true
[29803] INFO ConfigurationProperties - p:allpoints= false
[29804] INFO ConfigurationProperties - p:antipattern= false
[29804] INFO ConfigurationProperties - p:bugId= 280
[29804] INFO ConfigurationProperties - p:evosuitetimeout= 120
[29804] INFO ConfigurationProperties - p:maxtimefactor= 10
[29804] INFO ConfigurationProperties - p:nrPlaceholders= 1
[29804] INFO ConfigurationProperties - p:testallcmd= mvn test -Dhttps.protocols=TLSv1.2 -Denforcer.skip=true -Dcheckstyle.skip=true -Dcobertura.skip=true -DskipITs=true -Drat.skip=true -Dlicense.skip=true -Dpmd.skip=true -Dfindbugs.skip=true -Dgpg.skip=true -Dskip.npm=true -Dskip.gulp=true -Dskip.bower=true -Danimal.sniffer.skip=true -V -B
[29804] INFO ConfigurationProperties - p:forcesubprocesskilling= false
[29804] INFO ConfigurationProperties - ----------------------------
[29816] INFO AstorCoreEngine - Time Repair Loop (s): 0.009
[29816] INFO AstorCoreEngine - generationsexecuted: 1
[29816] WARN AstorCoreEngine - ----SUMMARY_EXECUTION---
[29816] WARN AstorCoreEngine - End Repair Search: NOT Found solution
[29816] WARN AstorCoreEngine - Number suspicious:1
[29818] INFO AstorCoreEngine - 
 --SOLUTIONS DESCRIPTION--


Astor Output:

General stats:
EXECUTION_IDENTIFIER=alibaba_fastjson-VUL4J-1
TOTAL_TIME=0.009
NR_GENERATIONS=null
NR_RIGHT_COMPILATIONS=null
NR_FAILLING_COMPILATIONS=null
NR_ERRONEOUS_VARIANCES=null
NR_FAILING_VALIDATION_PROCESS=null
OUTPUT_STATUS=EXHAUSTIVE_NAVIGATED

Patch stats:

[29828] INFO Stats - Storing ing JSON at /workdir/jMutRepair_vul4j_alibaba_fastjson_VUL4J-1/./output_astor/AstorMain-alibaba_fastjson-VUL4J-1//astor_output.json
[29828] INFO Stats - astor_output:
{"general":{"NR_RIGHT_COMPILATIONS":null,"NR_ERRONEOUS_VARIANCES":null,"EXECUTION_IDENTIFIER":"alibaba_fastjson-VUL4J-1","OUTPUT_STATUS":"EXHAUSTIVE_NAVIGATED","NR_FAILLING_COMPILATIONS":null,"NR_GENERATIONS":null,"TOTAL_TIME":0.009,"NR_FAILING_VALIDATION_PROCESS":null},"patches":[]}
[29829] INFO AstorMain - Time Total(s): 29.807
33.13user 7.22system 0:31.56elapsed 127%CPU (0avgtext+0avgdata 566784maxresident)k
888inputs+49728outputs (0major+162144minor)pagefaults 0swaps


Node: 9670332cfea8



Date: Fri Sep  9 06:05:48 EDT 2022

