cd /workdir/RSRepair_vul4j_codehaus-plexus_plexus-archiver_VUL4J-41;
export JAVA_TOOL_OPTIONS="-Dfile.encoding=UTF8 -Duser.language=en-US -Duser.country=US -Duser.language=en";
TZ="America/New_York"; export TZ;
export PATH="/usr/lib/jvm/java-8-openjdk-amd64/bin:$PATH";
export JAVA_HOME="/usr/lib/jvm/java-8-openjdk-amd64";
timeout 240m java -Xmx4g -Xms1g -XX:MaxPermSize=512m -cp /script/../libs/jmetal.jar:/script/../repair_tools/arja.jar us.msu.cse.repair.Main \
	RSRepair \
	-DexternalProjRoot /script/../libs/arja_external \
	-DprojectDir /workdir/RSRepair_vul4j_codehaus-plexus_plexus-archiver_VUL4J-41 \
    -DtestFiltered false \
    -DrunTestCommand "mvn test -Dhttps.protocols=TLSv1.2 -Denforcer.skip=true -Dcheckstyle.skip=true -Dcobertura.skip=true -DskipITs=true -Drat.skip=true -Dlicense.skip=true -Dpmd.skip=true -Dfindbugs.skip=true -Dgpg.skip=true -Dskip.npm=true -Dskip.gulp=true -Dskip.bower=true -Danimal.sniffer.skip=true -V -B" \
	-DsrcJavaDir /workdir/RSRepair_vul4j_codehaus-plexus_plexus-archiver_VUL4J-41/src/main/java \
	-DbinJavaDir /workdir/RSRepair_vul4j_codehaus-plexus_plexus-archiver_VUL4J-41/target/classes \
	-DbinTestDir /workdir/RSRepair_vul4j_codehaus-plexus_plexus-archiver_VUL4J-41/target/test-classes \
	-DdiffFormat true \
	-Dseed 0 \
	-DgzoltarDataDir /script/../data/benchmarks/vul4j/perfectfl/VUL4J-41 \
	-Ddependences /root/.m2/repository/commons-io/commons-io/2.6/commons-io-2.6.jar:/root/.m2/repository/org/codehaus/plexus/plexus-classworlds/1.2-alpha-9/plexus-classworlds-1.2-alpha-9.jar:/root/.m2/repository/org/codehaus/plexus/plexus-io/3.0.1/plexus-io-3.0.1.jar:/root/.m2/repository/org/tukaani/xz/1.8/xz-1.8.jar:/root/.m2/repository/org/iq80/snappy/snappy/0.4/snappy-0.4.jar:/root/.m2/repository/junit/junit/4.12/junit-4.12.jar:/root/.m2/repository/org/codehaus/plexus/plexus-container-default/1.0-alpha-30/plexus-container-default-1.0-alpha-30.jar:/root/.m2/repository/org/codehaus/plexus/plexus-utils/3.1.0/plexus-utils-3.1.0.jar:/root/.m2/repository/org/apache/commons/commons-compress/1.16.1/commons-compress-1.16.1.jar:/root/.m2/repository/org/objenesis/objenesis/2.6/objenesis-2.6.jar:/root/.m2/repository/com/google/code/findbugs/jsr305/3.0.2/jsr305-3.0.2.jar:/root/.m2/repository/org/hamcrest/hamcrest-core/1.3/hamcrest-core-1.3.jar;
	echo "\n\nNode: `hostname`\n";
	echo "\n\nDate: `date`\n";
Picked up JAVA_TOOL_OPTIONS: -Dfile.encoding=UTF8 -Duser.language=en-US -Duser.country=US -Duser.language=en
OpenJDK 64-Bit Server VM warning: ignoring option MaxPermSize=512m; support was removed in 8.0
Exception in thread "main" java.lang.UnsupportedClassVersionError: java-module-descriptor/module-info has been compiled by a more recent version of the Java Runtime (class file version 53.0), this version of the Java Runtime only recognizes class file versions up to 52.0
	at java.lang.ClassLoader.defineClass1(Native Method)
	at java.lang.ClassLoader.defineClass(ClassLoader.java:756)
	at java.security.SecureClassLoader.defineClass(SecureClassLoader.java:142)
	at java.net.URLClassLoader.defineClass(URLClassLoader.java:473)
	at java.net.URLClassLoader.access$100(URLClassLoader.java:74)
	at java.net.URLClassLoader$1.run(URLClassLoader.java:369)
	at java.net.URLClassLoader$1.run(URLClassLoader.java:363)
	at java.security.AccessController.doPrivileged(Native Method)
	at java.net.URLClassLoader.findClass(URLClassLoader.java:362)
	at java.lang.ClassLoader.loadClass(ClassLoader.java:418)
	at java.lang.ClassLoader.loadClass(ClassLoader.java:351)
	at us.msu.cse.repair.core.util.ClassFinder.scanTestDir(ClassFinder.java:86)
	at us.msu.cse.repair.core.util.ClassFinder.<init>(ClassFinder.java:48)
	at us.msu.cse.repair.core.AbstractRepairProblem.invokeClassFinder(AbstractRepairProblem.java:292)
	at us.msu.cse.repair.core.AbstractRepairProblem.invokeModules(AbstractRepairProblem.java:276)
	at us.msu.cse.repair.core.AbstractRepairProblem.<init>(AbstractRepairProblem.java:252)
	at us.msu.cse.repair.ec.problems.GenProgProblem.<init>(GenProgProblem.java:33)
	at us.msu.cse.repair.RSRepairMain.main(RSRepairMain.java:32)
	at us.msu.cse.repair.Main.main(Main.java:12)


Node: 158fac6bc2aa



Date: Sat Oct 15 11:54:57 EDT 2022

