cd /workdir/RSRepair_vul4j_inversoft_prime-jwt_VUL4J-48;
export JAVA_TOOL_OPTIONS="-Dfile.encoding=UTF8 -Duser.language=en-US -Duser.country=US -Duser.language=en";
TZ="America/New_York"; export TZ;
export PATH="/usr/lib/jvm/java-8-openjdk-amd64/bin:$PATH";
export JAVA_HOME="/usr/lib/jvm/java-8-openjdk-amd64";
timeout 240m java -Xmx4g -Xms1g -XX:MaxPermSize=512m -cp /script/../libs/jmetal.jar:/script/../repair_tools/arja.jar us.msu.cse.repair.Main \
	RSRepair \
	-DexternalProjRoot /script/../libs/arja_external \
	-DprojectDir /workdir/RSRepair_vul4j_inversoft_prime-jwt_VUL4J-48 \
    -DtestFiltered false \
    -DrunTestCommand "mvn test -Dhttps.protocols=TLSv1.2 -Denforcer.skip=true -Dcheckstyle.skip=true -Dcobertura.skip=true -DskipITs=true -Drat.skip=true -Dlicense.skip=true -Dpmd.skip=true -Dfindbugs.skip=true -Dgpg.skip=true -Dskip.npm=true -Dskip.gulp=true -Dskip.bower=true -Danimal.sniffer.skip=true -V -B" \
	-DsrcJavaDir /workdir/RSRepair_vul4j_inversoft_prime-jwt_VUL4J-48/src/main/java \
	-DbinJavaDir /workdir/RSRepair_vul4j_inversoft_prime-jwt_VUL4J-48/target/classes \
	-DbinTestDir /workdir/RSRepair_vul4j_inversoft_prime-jwt_VUL4J-48/target/test-classes \
	-DdiffFormat true \
	-Dseed 0 \
	-DgzoltarDataDir /script/../data/benchmarks/vul4j/perfectfl/VUL4J-48 \
	-Ddependences /root/.m2/repository/com/beust/jcommander/1.27/jcommander-1.27.jar:/root/.m2/repository/org/hamcrest/hamcrest-core/1.1/hamcrest-core-1.1.jar:/root/.m2/repository/org/testng/testng/6.8.7/testng-6.8.7.jar:/root/.m2/repository/com/fasterxml/jackson/core/jackson-core/2.8.1/jackson-core-2.8.1.jar:/root/.m2/repository/com/fasterxml/jackson/core/jackson-annotations/2.8.1/jackson-annotations-2.8.1.jar:/root/.m2/repository/org/yaml/snakeyaml/1.12/snakeyaml-1.12.jar:/root/.m2/repository/junit/junit/4.10/junit-4.10.jar:/root/.m2/repository/org/beanshell/bsh/2.0b4/bsh-2.0b4.jar:/root/.m2/repository/com/fasterxml/jackson/core/jackson-databind/2.8.1/jackson-databind-2.8.1.jar;
	echo "\n\nNode: `hostname`\n";
	echo "\n\nDate: `date`\n";
Picked up JAVA_TOOL_OPTIONS: -Dfile.encoding=UTF8 -Duser.language=en-US -Duser.country=US -Duser.language=en
OpenJDK 64-Bit Server VM warning: ignoring option MaxPermSize=512m; support was removed in 8.0
Fault localization starts...
Number of positive tests: 33
Number of negative tests: 1
Negative tests: [org.primeframework.jwt.VulnerabilityTest#test_unsecuredJWT_validation]
Faulty Lines: 
org.primeframework.jwt.JWTDecoder#168:1.0
org.primeframework.jwt.JWTDecoder#156:1.0
org.primeframework.jwt.JWTDecoder#154:1.0
Fault localization is finished!
AST parsing starts...
AST parsing is finished!
Detection of local variables starts...
Detection of local variables is finished!
Detection of fields starts...
Detection of fields is finished!
Detection of methods starts...
Detection of methods is finished!
Ingredient screener starts...
Ingredient screener is finished!
Initialization of manipulations starts...
Initialization of manipulations is finished!
Filtering of the tests starts...
Number of positive tests considered: 33
Filtering of the tests is finished!
One fitness evaluation starts...
Exception in thread "main" java.lang.IndexOutOfBoundsException: Index: 0, Size: 0
	at java.util.ArrayList.rangeCheck(ArrayList.java:659)
	at java.util.ArrayList.get(ArrayList.java:435)
	at us.msu.cse.repair.ec.problems.GenProgProblem.evaluate(GenProgProblem.java:89)
	at us.msu.cse.repair.ec.algorithms.RSRepairRandomSearch.execute(RSRepairRandomSearch.java:34)
	at us.msu.cse.repair.core.AbstractRepairAlgorithm.execute(AbstractRepairAlgorithm.java:18)
	at us.msu.cse.repair.RSRepairMain.main(RSRepairMain.java:44)
	at us.msu.cse.repair.Main.main(Main.java:12)


Node: 158fac6bc2aa



Date: Sun Oct 16 01:33:06 EDT 2022

