cd /workdir/Kali_vul4j_apache_struts_VUL4J-32;
export JAVA_TOOL_OPTIONS="-Dfile.encoding=UTF8 -Duser.language=en-US -Duser.country=US -Duser.language=en";
TZ="America/New_York"; export TZ;
export PATH="/usr/lib/jvm/jdk1.7.0_80/bin:$PATH";
export JAVA_HOME="/usr/lib/jvm/jdk1.7.0_80";
timeout 240m java -Xmx4g -Xms1g -XX:MaxPermSize=512m -cp /script/../libs/jmetal.jar:/script/../repair_tools/arja.jar us.msu.cse.repair.Main \
	Kali \
	-DexternalProjRoot /script/../libs/arja_external \
	-DprojectDir /workdir/Kali_vul4j_apache_struts_VUL4J-32 \
    -DtestFiltered false \
    -DrunTestCommand "mvn test -pl xwork-core -Dhttps.protocols=TLSv1.2 -Denforcer.skip=true -Dcheckstyle.skip=true -Dcobertura.skip=true -DskipITs=true -Drat.skip=true -Dlicense.skip=true -Dpmd.skip=true -Dfindbugs.skip=true -Dgpg.skip=true -Dskip.npm=true -Dskip.gulp=true -Dskip.bower=true -Danimal.sniffer.skip=true -V -B" \
	-DsrcJavaDir /workdir/Kali_vul4j_apache_struts_VUL4J-32/xwork-core/src/main/java \
	-DbinJavaDir /workdir/Kali_vul4j_apache_struts_VUL4J-32/xwork-core/target/classes \
	-DbinTestDir /workdir/Kali_vul4j_apache_struts_VUL4J-32/xwork-core/target/test-classes \
	-DdiffFormat true \
	-Dseed 0 \
	-DgzoltarDataDir /script/../data/benchmarks/vul4j/perfectfl/VUL4J-32 \
	-Ddependences /root/.m2/repository/javassist/javassist/3.11.0.GA/javassist-3.11.0.GA.jar:/root/.m2/repository/org/springframework/spring-expression/3.0.5.RELEASE/spring-expression-3.0.5.RELEASE.jar:/root/.m2/repository/org/easymock/easymock/2.4/easymock-2.4.jar:/root/.m2/repository/org/springframework/spring-aop/3.0.5.RELEASE/spring-aop-3.0.5.RELEASE.jar:/root/.m2/repository/org/ow2/asm/asm/5.0.2/asm-5.0.2.jar:/root/.m2/repository/org/testng/testng/5.1/testng-5.1-jdk15.jar:/root/.m2/repository/org/springframework/spring-web/3.0.5.RELEASE/spring-web-3.0.5.RELEASE.jar:/root/.m2/repository/org/apache/commons/commons-lang3/3.2/commons-lang3-3.2.jar:/root/.m2/repository/mockobjects/mockobjects-core/0.09/mockobjects-core-0.09.jar:/root/.m2/repository/org/ow2/asm/asm-commons/5.0.2/asm-commons-5.0.2.jar:/root/.m2/repository/org/springframework/spring-context-support/3.0.5.RELEASE/spring-context-support-3.0.5.RELEASE.jar:/root/.m2/repository/cglib/cglib-nodep/2.1_3/cglib-nodep-2.1_3.jar:/root/.m2/repository/org/springframework/spring-aspects/3.0.5.RELEASE/spring-aspects-3.0.5.RELEASE.jar:/root/.m2/repository/junit/junit/4.8.2/junit-4.8.2.jar:/root/.m2/repository/aopalliance/aopalliance/1.0/aopalliance-1.0.jar:/root/.m2/repository/log4j/log4j/1.2.17/log4j-1.2.17.jar:/root/.m2/repository/org/springframework/spring-test/3.0.5.RELEASE/spring-test-3.0.5.RELEASE.jar:/root/.m2/repository/org/springframework/spring-context/3.0.5.RELEASE/spring-context-3.0.5.RELEASE.jar:/root/.m2/repository/org/slf4j/slf4j-api/1.7.2/slf4j-api-1.7.2.jar:/root/.m2/repository/org/springframework/spring-core/3.0.5.RELEASE/spring-core-3.0.5.RELEASE.jar:/root/.m2/repository/org/springframework/spring-beans/3.0.5.RELEASE/spring-beans-3.0.5.RELEASE.jar:/root/.m2/repository/org/ow2/asm/asm-tree/5.0.2/asm-tree-5.0.2.jar:/root/.m2/repository/commons-io/commons-io/2.2/commons-io-2.2.jar:/root/.m2/repository/ognl/ognl/3.0.6/ognl-3.0.6.jar:/root/.m2/repository/org/springframework/spring-asm/3.0.5.RELEASE/spring-asm-3.0.5.RELEASE.jar:/root/.m2/repository/commons-logging/commons-logging/1.1.3/commons-logging-1.1.3.jar:/root/.m2/repository/org/slf4j/slf4j-simple/1.7.2/slf4j-simple-1.7.2.jar;
	echo "\n\nNode: `hostname`\n";
	echo "\n\nDate: `date`\n";
Picked up JAVA_TOOL_OPTIONS: -Dfile.encoding=UTF8 -Duser.language=en-US -Duser.country=US -Duser.language=en
Fault localization starts...
Number of positive tests: 2029
Number of negative tests: 1
Negative tests: [com.opensymphony.xwork2.security.DefaultExcludedPatternsCheckerTest#testParamWithClassInName]
Faulty Lines: 
com.opensymphony.xwork2.security.DefaultExcludedPatternsChecker#18:1.0
Fault localization is finished!
AST parsing starts...
AST parsing is finished!
Detection of local variables starts...
Detection of local variables is finished!
Detection of fields starts...
Detection of fields is finished!
Detection of methods starts...
Detection of methods is finished!
Ingredient screener starts...
Ingredient screener is finished!
Initialization of manipulations starts...
Initialization of manipulations is finished!
Filtering of the tests starts...
Number of positive tests considered: 2029
Filtering of the tests is finished!


Node: 2c8178711f7b



Date: Fri Oct  7 06:29:06 EDT 2022

