cd /workdir/Cardumen_vul4j_FasterXML_jackson-dataformat-xml_VUL4J-46;
export JAVA_TOOL_OPTIONS="-Dfile.encoding=UTF8 -Duser.language=en-US -Duser.country=US -Duser.language=en";
TZ="America/New_York"; export TZ;
export PATH="/usr/lib/jvm/java-8-openjdk-amd64/bin:$PATH";
export JAVA_HOME="/usr/lib/jvm/java-8-openjdk-amd64/bin";
time java -Xmx4g -Xms1g -XX:MaxPermSize=512m -cp /script/../libs/jtestex7.jar:/script/../repair_tools/astor.jar fr.inria.main.evolution.AstorMain \
	-mode cardumen \
	-location . \
	-id FasterXML_jackson-dataformat-xml-VUL4J-46 \
	-failing com.fasterxml.jackson.dataformat.xml.TestCVE_2016_3720#testCVE_2016_3720 \
	-jvm4testexecution /usr/lib/jvm/jdk1.7.0_80/bin \
	-jvm4evosuitetestexecution /usr/lib/jvm/jdk1.7.0_80/bin \
	-maxgen 1000000 \
	-maxtime 120 \
	-stopfirst true \
	-seed 0 \
	-scope local \
	-population 1 \
	-javacompliancelevel 7 \
	-faultlocalization perfect \
    -perfectdata /script/../data/benchmarks/vul4j/perfectfl/VUL4J-46 \
    -validation externalcmd \
    -testfailingcmd "mvn test -Dtest=com.fasterxml.jackson.dataformat.xml.TestCVE_2016_3720 -Dhttps.protocols=TLSv1.2 -Denforcer.skip=true -Dcheckstyle.skip=true -Dcobertura.skip=true -DskipITs=true -Drat.skip=true -Dlicense.skip=true -Dpmd.skip=true -Dfindbugs.skip=true -Dgpg.skip=true -Dskip.npm=true -Dskip.gulp=true -Dskip.bower=true -Danimal.sniffer.skip=true -V -B" \
    -testallcmd "mvn test -Dhttps.protocols=TLSv1.2 -Denforcer.skip=true -Dcheckstyle.skip=true -Dcobertura.skip=true -DskipITs=true -Drat.skip=true -Dlicense.skip=true -Dpmd.skip=true -Dfindbugs.skip=true -Dgpg.skip=true -Dskip.npm=true -Dskip.gulp=true -Dskip.bower=true -Danimal.sniffer.skip=true -V -B"  \ \
	-srcjavafolder src/main/java \
	-srctestfolder src/test/java \
	-binjavafolder target/classes \
	-bintestfolder target/test-classes \
	-parameters x:x:maxCombinationVariableLimit:true:maxVarCombination:1000:maxCombinationVariableLimit:true:maxVarCombination:1000:maxCombinationVariableLimit:true:maxVarCombination:1000:maxCombinationVariableLimit:true:maxVarCombination:1000:maxCombinationVariableLimit:true:maxVarCombination:1000:maxCombinationVariableLimit:true:maxVarCombination:1000:maxCombinationVariableLimit:true:maxVarCombination:1000:maxCombinationVariableLimit:true:maxVarCombination:1000:maxCombinationVariableLimit:true:maxVarCombination:1000:maxCombinationVariableLimit:true:maxVarCombination:1000:maxCombinationVariableLimit:true:maxVarCombination:1000:maxCombinationVariableLimit:true:maxVarCombination:1000:maxCombinationVariableLimit:true:maxVarCombination:1000:maxCombinationVariableLimit:true:maxVarCombination:1000:maxCombinationVariableLimit:true:maxVarCombination:1000:maxCombinationVariableLimit:true:maxVarCombination:1000:maxCombinationVariableLimit:true:maxVarCombination:1000:maxCombinationVariableLimit:true:maxVarCombination:1000:maxCombinationVariableLimit:true:maxVarCombination:1000:maxCombinationVariableLimit:true:maxVarCombination:1000:maxCombinationVariableLimit:true:maxVarCombination:1000:maxCombinationVariableLimit:true:maxVarCombination:1000:maxCombinationVariableLimit:true:maxVarCombination:1000:maxCombinationVariableLimit:true:maxVarCombination:1000:maxCombinationVariableLimit:true:maxVarCombination:1000:maxCombinationVariableLimit:true:maxVarCombination:1000:maxCombinationVariableLimit:true:maxVarCombination:1000:maxCombinationVariableLimit:true:maxVarCombination:1000:maxCombinationVariableLimit:true:maxVarCombination:1000:maxCombinationVariableLimit:true:maxVarCombination:1000:maxCombinationVariableLimit:true:maxVarCombination:1000:maxCombinationVariableLimit:true:maxVarCombination:1000:maxCombinationVariableLimit:true:maxVarCombination:1000:maxCombinationVariableLimit:true:maxVarCombination:1000:maxCombinationVariableLimit:true:maxVarCombination:1000:maxCombinationVariableLimit:true:maxVarCombination:1000 \
	-dependencies /root/.m2/repository/com/fasterxml/jackson/module/jackson-module-jaxb-annotations/2.7.3/jackson-module-jaxb-annotations-2.7.3.jar:/root/.m2/repository/com/fasterxml/jackson/core/jackson-annotations/2.7.0/jackson-annotations-2.7.0.jar:/root/.m2/repository/com/fasterxml/jackson/core/jackson-databind/2.7.3/jackson-databind-2.7.3.jar:/root/.m2/repository/com/fasterxml/jackson/core/jackson-core/2.7.3/jackson-core-2.7.3.jar:/root/.m2/repository/org/codehaus/woodstox/stax2-api/3.1.4/stax2-api-3.1.4.jar:/root/.m2/repository/junit/junit/4.12/junit-4.12.jar:/root/.m2/repository/com/fasterxml/woodstox/woodstox-core/5.0.2/woodstox-core-5.0.2.jar:/root/.m2/repository/javax/xml/stream/stax-api/1.0-2/stax-api-1.0-2.jar:/root/.m2/repository/org/hamcrest/hamcrest-core/1.3/hamcrest-core-1.3.jar;
	echo "\n\nNode: `hostname`\n";
	echo "\n\nDate: `date`\n";
Picked up JAVA_TOOL_OPTIONS: -Dfile.encoding=UTF8 -Duser.language=en-US -Duser.country=US -Duser.language=en
OpenJDK 64-Bit Server VM warning: ignoring option MaxPermSize=512m; support was removed in 8.0
[0] INFO ProjectConfiguration - Version of the JVM used: 1.7.0_80
[0] INFO main - Java version of the JDK used to run tests: 1.7.0_80
[0] INFO main - The compliance of the JVM is:  7
[4] INFO main - command line arguments: [-mode  cardumen  -location  .  -id  FasterXML_jackson-dataformat-xml-VUL4J-46  -failing  com.fasterxml.jackson.dataformat.xml.TestCVE_2016_3720#testCVE_2016_3720  -jvm4testexecution  /usr/lib/jvm/jdk1.7.0_80/bin  -jvm4evosuitetestexecution  /usr/lib/jvm/jdk1.7.0_80/bin  -maxgen  1000000  -maxtime  120  -stopfirst  true  -seed  0  -scope  local  -population  1  -javacompliancelevel  7  -faultlocalization  perfect  -perfectdata  /script/../data/benchmarks/vul4j/perfectfl/VUL4J-46  -validation  externalcmd  -testfailingcmd  mvn test -Dtest=com.fasterxml.jackson.dataformat.xml.TestCVE_2016_3720 -Dhttps.protocols=TLSv1.2 -Denforcer.skip=true -Dcheckstyle.skip=true -Dcobertura.skip=true -DskipITs=true -Drat.skip=true -Dlicense.skip=true -Dpmd.skip=true -Dfindbugs.skip=true -Dgpg.skip=true -Dskip.npm=true -Dskip.gulp=true -Dskip.bower=true -Danimal.sniffer.skip=true -V -B  -testallcmd  mvn test -Dhttps.protocols=TLSv1.2 -Denforcer.skip=true -Dcheckstyle.skip=true -Dcobertura.skip=true -DskipITs=true -Drat.skip=true -Dlicense.skip=true -Dpmd.skip=true -Dfindbugs.skip=true -Dgpg.skip=true -Dskip.npm=true -Dskip.gulp=true -Dskip.bower=true -Danimal.sniffer.skip=true -V -B     -srcjavafolder  src/main/java  -srctestfolder  src/test/java  -binjavafolder  target/classes  -bintestfolder  target/test-classes  -parameters  x:x:maxCombinationVariableLimit:true:maxVarCombination:1000:maxCombinationVariableLimit:true:maxVarCombination:1000:maxCombinationVariableLimit:true:maxVarCombination:1000:maxCombinationVariableLimit:true:maxVarCombination:1000:maxCombinationVariableLimit:true:maxVarCombination:1000:maxCombinationVariableLimit:true:maxVarCombination:1000:maxCombinationVariableLimit:true:maxVarCombination:1000:maxCombinationVariableLimit:true:maxVarCombination:1000:maxCombinationVariableLimit:true:maxVarCombination:1000:maxCombinationVariableLimit:true:maxVarCombination:1000:maxCombinationVariableLimit:true:maxVarCombination:1000:maxCombinationVariableLimit:true:maxVarCombination:1000:maxCombinationVariableLimit:true:maxVarCombination:1000:maxCombinationVariableLimit:true:maxVarCombination:1000:maxCombinationVariableLimit:true:maxVarCombination:1000:maxCombinationVariableLimit:true:maxVarCombination:1000:maxCombinationVariableLimit:true:maxVarCombination:1000:maxCombinationVariableLimit:true:maxVarCombination:1000:maxCombinationVariableLimit:true:maxVarCombination:1000:maxCombinationVariableLimit:true:maxVarCombination:1000:maxCombinationVariableLimit:true:maxVarCombination:1000:maxCombinationVariableLimit:true:maxVarCombination:1000:maxCombinationVariableLimit:true:maxVarCombination:1000:maxCombinationVariableLimit:true:maxVarCombination:1000:maxCombinationVariableLimit:true:maxVarCombination:1000:maxCombinationVariableLimit:true:maxVarCombination:1000:maxCombinationVariableLimit:true:maxVarCombination:1000:maxCombinationVariableLimit:true:maxVarCombination:1000:maxCombinationVariableLimit:true:maxVarCombination:1000:maxCombinationVariableLimit:true:maxVarCombination:1000:maxCombinationVariableLimit:true:maxVarCombination:1000:maxCombinationVariableLimit:true:maxVarCombination:1000:maxCombinationVariableLimit:true:maxVarCombination:1000:maxCombinationVariableLimit:true:maxVarCombination:1000:maxCombinationVariableLimit:true:maxVarCombination:1000:maxCombinationVariableLimit:true:maxVarCombination:1000  -dependencies  /root/.m2/repository/com/fasterxml/jackson/module/jackson-module-jaxb-annotations/2.7.3/jackson-module-jaxb-annotations-2.7.3.jar:/root/.m2/repository/com/fasterxml/jackson/core/jackson-annotations/2.7.0/jackson-annotations-2.7.0.jar:/root/.m2/repository/com/fasterxml/jackson/core/jackson-databind/2.7.3/jackson-databind-2.7.3.jar:/root/.m2/repository/com/fasterxml/jackson/core/jackson-core/2.7.3/jackson-core-2.7.3.jar:/root/.m2/repository/org/codehaus/woodstox/stax2-api/3.1.4/stax2-api-3.1.4.jar:/root/.m2/repository/junit/junit/4.12/junit-4.12.jar:/root/.m2/repository/com/fasterxml/woodstox/woodstox-core/5.0.2/woodstox-core-5.0.2.jar:/root/.m2/repository/javax/xml/stream/stax-api/1.0-2/stax-api-1.0-2.jar:/root/.m2/repository/org/hamcrest/hamcrest-core/1.3/hamcrest-core-1.3.jar]
[5] INFO AstorMain - Running Astor on a JDK at /usr/lib/jvm/java-8-openjdk-amd64/jre
[56] INFO main - Source folders: [/workdir/Cardumen_vul4j_FasterXML_jackson-dataformat-xml_VUL4J-46/./src/main/java]
[57] INFO main - Source Test folders: [/workdir/Cardumen_vul4j_FasterXML_jackson-dataformat-xml_VUL4J-46/./src/test/java]
[2517] INFO AstorCoreEngine - ---- Creating spoon model
[2641] INFO MutationSupporter - Creating model,  Code location from working folder: /workdir/Cardumen_vul4j_FasterXML_jackson-dataformat-xml_VUL4J-46/./src/main/java
[2641] INFO MutationSupporter - building model: /workdir/Cardumen_vul4j_FasterXML_jackson-dataformat-xml_VUL4J-46/./src/main/java, compliance level: 7
[2717] INFO MutationSupporter - Classpath (Dependencies) for building SpoonModel: [/root/.m2/repository/com/fasterxml/jackson/module/jackson-module-jaxb-annotations/2.7.3/jackson-module-jaxb-annotations-2.7.3.jar, /root/.m2/repository/com/fasterxml/jackson/core/jackson-annotations/2.7.0/jackson-annotations-2.7.0.jar, /root/.m2/repository/com/fasterxml/jackson/core/jackson-databind/2.7.3/jackson-databind-2.7.3.jar, /root/.m2/repository/com/fasterxml/jackson/core/jackson-core/2.7.3/jackson-core-2.7.3.jar, /root/.m2/repository/org/codehaus/woodstox/stax2-api/3.1.4/stax2-api-3.1.4.jar, /root/.m2/repository/junit/junit/4.12/junit-4.12.jar, /root/.m2/repository/com/fasterxml/woodstox/woodstox-core/5.0.2/woodstox-core-5.0.2.jar, /root/.m2/repository/javax/xml/stream/stax-api/1.0-2/stax-api-1.0-2.jar, /root/.m2/repository/org/hamcrest/hamcrest-core/1.3/hamcrest-core-1.3.jar]
[13155] ERROR MutationSupporter - Problem compiling the model with compliance level 7
[13155] ERROR MutationSupporter - PackageVersion cannot be resolved to a variable at /workdir/Cardumen_vul4j_FasterXML_jackson-dataformat-xml_VUL4J-46/src/main/java/com/fasterxml/jackson/dataformat/xml/XmlMapper.java:98
spoon.compiler.ModelBuildingException: PackageVersion cannot be resolved to a variable at /workdir/Cardumen_vul4j_FasterXML_jackson-dataformat-xml_VUL4J-46/src/main/java/com/fasterxml/jackson/dataformat/xml/XmlMapper.java:98
	at spoon.support.compiler.jdt.JDTBasedSpoonCompiler.report(JDTBasedSpoonCompiler.java:649)
	at spoon.support.compiler.jdt.JDTBasedSpoonCompiler.reportProblems(JDTBasedSpoonCompiler.java:631)
	at spoon.support.compiler.jdt.JDTBasedSpoonCompiler.build(JDTBasedSpoonCompiler.java:118)
	at spoon.support.compiler.jdt.JDTBasedSpoonCompiler.build(JDTBasedSpoonCompiler.java:99)
	at fr.inria.astor.core.manipulation.MutationSupporter.buildModel(MutationSupporter.java:85)
	at fr.inria.astor.core.manipulation.MutationSupporter.buildSpoonModel(MutationSupporter.java:240)
	at fr.inria.astor.core.solutionsearch.AstorCoreEngine.initModel(AstorCoreEngine.java:775)
	at fr.inria.main.evolution.AstorMain.createEngine(AstorMain.java:113)
	at fr.inria.main.evolution.AstorMain.run(AstorMain.java:173)
	at fr.inria.main.evolution.AstorMain.execute(AstorMain.java:233)
	at fr.inria.main.evolution.AstorMain.main(AstorMain.java:204)
[13172] INFO MutationSupporter - Recompiling with compliance level 8
[13172] INFO MutationSupporter - building model: /workdir/Cardumen_vul4j_FasterXML_jackson-dataformat-xml_VUL4J-46/./src/main/java, compliance level: 8
[13200] INFO MutationSupporter - Classpath (Dependencies) for building SpoonModel: [/root/.m2/repository/com/fasterxml/jackson/module/jackson-module-jaxb-annotations/2.7.3/jackson-module-jaxb-annotations-2.7.3.jar, /root/.m2/repository/com/fasterxml/jackson/core/jackson-annotations/2.7.0/jackson-annotations-2.7.0.jar, /root/.m2/repository/com/fasterxml/jackson/core/jackson-databind/2.7.3/jackson-databind-2.7.3.jar, /root/.m2/repository/com/fasterxml/jackson/core/jackson-core/2.7.3/jackson-core-2.7.3.jar, /root/.m2/repository/org/codehaus/woodstox/stax2-api/3.1.4/stax2-api-3.1.4.jar, /root/.m2/repository/junit/junit/4.12/junit-4.12.jar, /root/.m2/repository/com/fasterxml/woodstox/woodstox-core/5.0.2/woodstox-core-5.0.2.jar, /root/.m2/repository/javax/xml/stream/stax-api/1.0-2/stax-api-1.0-2.jar, /root/.m2/repository/org/hamcrest/hamcrest-core/1.3/hamcrest-core-1.3.jar]
spoon.compiler.ModelBuildingException: PackageVersion cannot be resolved to a variable at /workdir/Cardumen_vul4j_FasterXML_jackson-dataformat-xml_VUL4J-46/src/main/java/com/fasterxml/jackson/dataformat/xml/XmlMapper.java:98
	at spoon.support.compiler.jdt.JDTBasedSpoonCompiler.report(JDTBasedSpoonCompiler.java:649)
	at spoon.support.compiler.jdt.JDTBasedSpoonCompiler.reportProblems(JDTBasedSpoonCompiler.java:631)
	at spoon.support.compiler.jdt.JDTBasedSpoonCompiler.build(JDTBasedSpoonCompiler.java:118)
	at spoon.support.compiler.jdt.JDTBasedSpoonCompiler.build(JDTBasedSpoonCompiler.java:99)
	at fr.inria.astor.core.manipulation.MutationSupporter.buildModel(MutationSupporter.java:85)
	at fr.inria.astor.core.manipulation.MutationSupporter.buildSpoonModel(MutationSupporter.java:253)
	at fr.inria.astor.core.solutionsearch.AstorCoreEngine.initModel(AstorCoreEngine.java:775)
	at fr.inria.main.evolution.AstorMain.createEngine(AstorMain.java:113)
	at fr.inria.main.evolution.AstorMain.run(AstorMain.java:173)
	at fr.inria.main.evolution.AstorMain.execute(AstorMain.java:233)
	at fr.inria.main.evolution.AstorMain.main(AstorMain.java:204)
[19334] ERROR MutationSupporter - Error compiling: PackageVersion cannot be resolved to a variable at /workdir/Cardumen_vul4j_FasterXML_jackson-dataformat-xml_VUL4J-46/src/main/java/com/fasterxml/jackson/dataformat/xml/XmlMapper.java:98
[19562] ERROR MutationSupporter - Astor continues when model build fails. Classes created: 33
[19747] INFO AstorCoreEngine - Number of CtTypes created: 33
[20126] INFO AstorCoreEngine - Test retrieved from classes: 0
[20325] INFO AstorCoreEngine - Setting up the max to 1980 milliseconds (1 sec)
[20326] INFO AstorCoreEngine - ---- Initial suspicious size: 1
[20555] INFO main - Total suspicious from FL: 1,  1
[20555] INFO main - Total ModPoint created: 1
[20555] INFO main - Creating program variant #1, [Variant id: 1, #gens: 1, #ops: 0, parent:-]
[20556] INFO main - Run previously failing tests...
[47884] INFO main - Failed tests: 1
[47885] INFO AstorCoreEngine - The original fitness is : 1.0
[62033] INFO ExpressionTypeIngredientSpace - Ingredient search space info : number keys 27 , number values 124 
[62033] WARN ConfigurationProperties - ----------------------------
[62033] INFO ConfigurationProperties - ---Configuration properties
[62033] INFO ConfigurationProperties - p:lastJUnitVersion= ./examples/libs/junit-4.11.jar
[62033] INFO ConfigurationProperties - p:alternativecompliancelevel= 8
[62033] INFO ConfigurationProperties - p:ignoredTestCases= 
[62034] INFO ConfigurationProperties - p:workingDirectory= /workdir/Cardumen_vul4j_FasterXML_jackson-dataformat-xml_VUL4J-46/./output_astor
[62034] INFO ConfigurationProperties - p:manipulatesuper= false
[62034] INFO ConfigurationProperties - p:validation= externalcmd
[62034] INFO ConfigurationProperties - p:jvm4testexecution= /usr/lib/jvm/jdk1.7.0_80/bin
[62034] INFO ConfigurationProperties - p:operatorspace= r-expression
[62034] INFO ConfigurationProperties - p:diffcontext= 0
[62034] INFO ConfigurationProperties - p:binjavafolder= target/classes
[62034] INFO ConfigurationProperties - p:synthesis_depth= 3
[62034] INFO ConfigurationProperties - p:gzoltartestpackagetoexclude= junit.framework
[62034] INFO ConfigurationProperties - p:skipfitnessinitialpopulation= false
[62034] INFO ConfigurationProperties - p:evosuiteresultfolder= evosuite
[62034] INFO ConfigurationProperties - p:flthreshold= 0.1
[62034] INFO ConfigurationProperties - p:regressionforfaultlocalization= true
[62034] INFO ConfigurationProperties - p:collectonlyusedmethod= false
[62034] INFO ConfigurationProperties - p:preservelinenumbers= true
[62034] INFO ConfigurationProperties - p:tmax2= 1980
[62034] INFO ConfigurationProperties - p:ingredienttransformstrategy= name-probability-based
[62034] INFO ConfigurationProperties - p:tmax1= 10000
[62034] INFO ConfigurationProperties - p:probagenmutation= false
[62034] INFO ConfigurationProperties - p:nomodificationconvergence= 100
[62035] INFO ConfigurationProperties - p:diff_type= relative
[62035] INFO ConfigurationProperties - p:targetelementprocessor= expression
[62035] INFO ConfigurationProperties - p:srctestfolder= src/test/java
[62035] INFO ConfigurationProperties - p:forceExecuteRegression= false
[62035] INFO ConfigurationProperties - p:clusteringfilename= clustering.csv
[62035] INFO ConfigurationProperties - p:failing= com.fasterxml.jackson.dataformat.xml.TestCVE_2016_3720#testCVE_2016_3720
[62035] INFO ConfigurationProperties - p:logtestexecution= false
[62035] INFO ConfigurationProperties - p:evo_buggy_class= true
[62035] INFO ConfigurationProperties - p:numberExecutions= 1
[62035] INFO ConfigurationProperties - p:maxnumbersolutions= 1000000
[62035] INFO ConfigurationProperties - p:evo_affected_by_op= true
[62035] INFO ConfigurationProperties - p:population= 1
[62035] INFO ConfigurationProperties - p:considerzerovaluesusp= false
[62035] INFO ConfigurationProperties - p:maxCombinationVariableLimit= true
[62035] INFO ConfigurationProperties - p:savesolution= true
[62035] INFO ConfigurationProperties - p:javacompliancelevel= 7
[62035] INFO ConfigurationProperties - p:x= x
[62035] INFO ConfigurationProperties - p:uniqueoptogen= false
[62035] INFO ConfigurationProperties - p:gzoltarpackagetonotinstrument= junit.framework
[62035] INFO ConfigurationProperties - p:projectIdentifier= FasterXML_jackson-dataformat-xml-VUL4J-46
[62035] INFO ConfigurationProperties - p:modificationpointnavigation= weight
[62035] INFO ConfigurationProperties - p:stopfirst= true
[62035] INFO ConfigurationProperties - p:multipointmodification= false
[62036] INFO ConfigurationProperties - p:elementsToMutate= 10
[62036] INFO ConfigurationProperties - p:jsonoutputname= astor_output
[62036] INFO ConfigurationProperties - p:evoDSE= false
[62036] INFO ConfigurationProperties - p:bintestfolder= target/test-classes
[62036] INFO ConfigurationProperties - p:testbystep= false
[62036] INFO ConfigurationProperties - p:version-location= ./math-version/
[62036] INFO ConfigurationProperties - p:reintroduce= PARENTS:ORIGINAL
[62036] INFO ConfigurationProperties - p:perfectdata= /script/../data/benchmarks/vul4j/perfectfl/VUL4J-46
[62036] INFO ConfigurationProperties - p:executorjar= ./lib/jtestex7.jar
[62036] INFO ConfigurationProperties - p:maxGeneration= 1000000
[62036] INFO ConfigurationProperties - p:max_synthesis_step= 10000
[62036] INFO ConfigurationProperties - p:projectinfocommand= com.github.tdurieux:project-config-maven-plugin:info
[62036] INFO ConfigurationProperties - p:maxVarCombination= 1000
[62036] INFO ConfigurationProperties - p:maxtime= 120
[62036] INFO ConfigurationProperties - p:evosuitejar= ./lib/evosuite-master-1.0.4-SNAPSHOT.jar
[62036] INFO ConfigurationProperties - p:jvmversion= 1.7.0_80
[62036] INFO ConfigurationProperties - p:commandTrunk= 50000
[62036] INFO ConfigurationProperties - p:faultlocalization= perfect
[62036] INFO ConfigurationProperties - p:resetmodel= true
[62036] INFO ConfigurationProperties - p:maxsuspcandidates= 1000
[62036] INFO ConfigurationProperties - p:mode= cardumen
[62036] INFO ConfigurationProperties - p:learningdir= 
[62036] INFO ConfigurationProperties - p:jvm4evosuitetestexecution= /usr/lib/jvm/jdk1.7.0_80/bin
[62037] INFO ConfigurationProperties - p:filterfaultlocalization= true
[62037] INFO ConfigurationProperties - p:mutationrate= 1 
[62037] INFO ConfigurationProperties - p:pathToMVNRepository= 
[62037] INFO ConfigurationProperties - p:resourcesfolder= /src/main/resources:/src/test/resources:
[62037] INFO ConfigurationProperties - p:timezone= America/Los_Angeles
[62037] INFO ConfigurationProperties - p:runjava7code= false
[62037] INFO ConfigurationProperties - p:testfailingcmd= mvn test -Dtest=com.fasterxml.jackson.dataformat.xml.TestCVE_2016_3720 -Dhttps.protocols=TLSv1.2 -Denforcer.skip=true -Dcheckstyle.skip=true -Dcobertura.skip=true -DskipITs=true -Drat.skip=true -Dlicense.skip=true -Dpmd.skip=true -Dfindbugs.skip=true -Dgpg.skip=true -Dskip.npm=true -Dskip.gulp=true -Dskip.bower=true -Danimal.sniffer.skip=true -V -B
[62037] INFO ConfigurationProperties - p:evoRunOnBuggyClass= true
[62037] INFO ConfigurationProperties - p:compiler= fr.inria.astor.core.manipulation.bytecode.compiler.SpoonClassCompiler
[62037] INFO ConfigurationProperties - p:limitbysuspicious= true
[62037] INFO ConfigurationProperties - p:logsattemps= true
[62037] INFO ConfigurationProperties - p:dependenciespath= /root/.m2/repository/com/fasterxml/jackson/module/jackson-module-jaxb-annotations/2.7.3/jackson-module-jaxb-annotations-2.7.3.jar:/root/.m2/repository/com/fasterxml/jackson/core/jackson-annotations/2.7.0/jackson-annotations-2.7.0.jar:/root/.m2/repository/com/fasterxml/jackson/core/jackson-databind/2.7.3/jackson-databind-2.7.3.jar:/root/.m2/repository/com/fasterxml/jackson/core/jackson-core/2.7.3/jackson-core-2.7.3.jar:/root/.m2/repository/org/codehaus/woodstox/stax2-api/3.1.4/stax2-api-3.1.4.jar:/root/.m2/repository/junit/junit/4.12/junit-4.12.jar:/root/.m2/repository/com/fasterxml/woodstox/woodstox-core/5.0.2/woodstox-core-5.0.2.jar:/root/.m2/repository/javax/xml/stream/stax-api/1.0-2/stax-api-1.0-2.jar:/root/.m2/repository/org/hamcrest/hamcrest-core/1.3/hamcrest-core-1.3.jar
[62037] INFO ConfigurationProperties - p:packageToInstrument= 
[62037] INFO ConfigurationProperties - p:skipfaultlocalization= false
[62037] INFO ConfigurationProperties - p:scope= local
[62037] INFO ConfigurationProperties - p:transformingredient= false
[62037] INFO ConfigurationProperties - p:fitnessfunction= fr.inria.astor.core.solutionsearch.population.TestCaseFitnessFunction
[62037] INFO ConfigurationProperties - p:maxnumvariablesperingredient= 10
[62037] INFO ConfigurationProperties - p:parsesourcefromoriginal= true
[62037] INFO ConfigurationProperties - p:pvariantfoldername= variant-
[62037] INFO ConfigurationProperties - p:savespoonmodelondisk= false
[62037] INFO ConfigurationProperties - p:srcjavafolder= src/main/java
[62037] INFO ConfigurationProperties - p:populationcontroller= fr.inria.astor.core.solutionsearch.population.TestCaseBasedFitnessPopulationController
[62038] INFO ConfigurationProperties - p:ignoreflakyinfl= false
[62038] INFO ConfigurationProperties - p:cleantemplates= true
[62038] INFO ConfigurationProperties - p:applyCrossover= false
[62038] INFO ConfigurationProperties - p:maxmodificationpoints= 1000
[62038] INFO ConfigurationProperties - p:duplicateingredientsinspace= false
[62038] INFO ConfigurationProperties - p:metid= 0
[62038] INFO ConfigurationProperties - p:continuewhenmodelfail= true
[62038] INFO ConfigurationProperties - p:saveall= false
[62038] INFO ConfigurationProperties - p:seed= 0
[62038] INFO ConfigurationProperties - p:savecompletepatched= true
[62038] INFO ConfigurationProperties - p:resetoperations= false
[62038] INFO ConfigurationProperties - p:keepcomments= false
[62038] INFO ConfigurationProperties - p:processoutputinfile= false
[62038] INFO ConfigurationProperties - p:location= .
[62038] INFO ConfigurationProperties - p:probabilistictransformation= true
[62038] INFO ConfigurationProperties - p:overridemaxtime= true
[62038] INFO ConfigurationProperties - p:ingredientstrategy= name-probability-based
[62038] INFO ConfigurationProperties - p:outputjsonresult= true
[62038] INFO ConfigurationProperties - p:allpoints= false
[62038] INFO ConfigurationProperties - p:antipattern= false
[62038] INFO ConfigurationProperties - p:bugId= 280
[62038] INFO ConfigurationProperties - p:evosuitetimeout= 120
[62039] INFO ConfigurationProperties - p:maxtimefactor= 10
[62039] INFO ConfigurationProperties - p:nrPlaceholders= 1
[62039] INFO ConfigurationProperties - p:testallcmd= mvn test -Dhttps.protocols=TLSv1.2 -Denforcer.skip=true -Dcheckstyle.skip=true -Dcobertura.skip=true -DskipITs=true -Drat.skip=true -Dlicense.skip=true -Dpmd.skip=true -Dfindbugs.skip=true -Dgpg.skip=true -Dskip.npm=true -Dskip.gulp=true -Dskip.bower=true -Danimal.sniffer.skip=true -V -B
[62039] INFO ConfigurationProperties - p:forcesubprocesskilling= false
[62039] INFO ConfigurationProperties - ----------------------------
[62039] INFO AstorCoreEngine - ----Starting Solution Search
[62039] WARN AstorCoreEngine - ----------Running generation: 1, population size: 1
[62727] WARN AstorCoreEngine - ----------Running generation: 2, population size: 1
[62822] WARN AstorCoreEngine - ----------Running generation: 3, population size: 1
[62943] WARN AstorCoreEngine - ----------Running generation: 4, population size: 1
[63029] WARN AstorCoreEngine - ----------Running generation: 5, population size: 1
[63084] WARN AstorCoreEngine - ----------Running generation: 6, population size: 1
[63159] WARN AstorCoreEngine - ----------Running generation: 7, population size: 1
[63224] WARN AstorCoreEngine - ----------Running generation: 8, population size: 1
[63415] WARN AstorCoreEngine - ----------Running generation: 9, population size: 1
[63482] WARN AstorCoreEngine - ----------Running generation: 10, population size: 1
[63682] WARN AstorCoreEngine - ----------Running generation: 11, population size: 1
[63838] WARN AstorCoreEngine - ----------Running generation: 12, population size: 1
[64017] WARN AstorCoreEngine - ----------Running generation: 13, population size: 1
[64132] WARN AstorCoreEngine - ----------Running generation: 14, population size: 1
[64219] WARN AstorCoreEngine - ----------Running generation: 15, population size: 1
[64265] WARN AstorCoreEngine - ----------Running generation: 16, population size: 1
[64373] WARN AstorCoreEngine - ----------Running generation: 17, population size: 1
[64471] WARN AstorCoreEngine - ----------Running generation: 18, population size: 1
[64531] WARN AstorCoreEngine - ----------Running generation: 19, population size: 1
[64604] WARN AstorCoreEngine - ----------Running generation: 20, population size: 1
[64668] WARN AstorCoreEngine - ----------Running generation: 21, population size: 1
[64721] WARN AstorCoreEngine - ----------Running generation: 22, population size: 1
[64783] WARN AstorCoreEngine - ----------Running generation: 23, population size: 1
[64846] WARN AstorCoreEngine - ----------Running generation: 24, population size: 1
[64930] WARN AstorCoreEngine - ----------Running generation: 25, population size: 1
[64986] WARN AstorCoreEngine - ----------Running generation: 26, population size: 1
[65053] WARN AstorCoreEngine - ----------Running generation: 27, population size: 1
[65107] WARN AstorCoreEngine - ----------Running generation: 28, population size: 1
[65163] WARN AstorCoreEngine - ----------Running generation: 29, population size: 1
[65216] WARN AstorCoreEngine - ----------Running generation: 30, population size: 1
[65309] WARN AstorCoreEngine - ----------Running generation: 31, population size: 1
[65362] WARN AstorCoreEngine - ----------Running generation: 32, population size: 1
[65419] WARN AstorCoreEngine - ----------Running generation: 33, population size: 1
[65456] WARN AstorCoreEngine - ----------Running generation: 34, population size: 1
[65496] WARN AstorCoreEngine - ----------Running generation: 35, population size: 1
[65529] WARN AstorCoreEngine - ----------Running generation: 36, population size: 1
[65558] WARN AstorCoreEngine - ----------Running generation: 37, population size: 1
[65612] WARN AstorCoreEngine - ----------Running generation: 38, population size: 1
[65732] WARN AstorCoreEngine - ----------Running generation: 39, population size: 1
[65801] WARN AstorCoreEngine - ----------Running generation: 40, population size: 1
[65859] WARN AstorCoreEngine - ----------Running generation: 41, population size: 1
[65902] WARN AstorCoreEngine - ----------Running generation: 42, population size: 1
[65938] WARN AstorCoreEngine - ----------Running generation: 43, population size: 1
[65977] WARN AstorCoreEngine - ----------Running generation: 44, population size: 1
[66072] WARN AstorCoreEngine - ----------Running generation: 45, population size: 1
[66209] WARN AstorCoreEngine - ----------Running generation: 46, population size: 1
[66257] WARN AstorCoreEngine - ----------Running generation: 47, population size: 1
[66340] WARN AstorCoreEngine - ----------Running generation: 48, population size: 1
[66412] WARN AstorCoreEngine - ----------Running generation: 49, population size: 1
[66533] WARN AstorCoreEngine - ----------Running generation: 50, population size: 1
[66847] WARN AstorCoreEngine - ----------Running generation: 51, population size: 1
[66991] WARN AstorCoreEngine - ----------Running generation: 52, population size: 1
[67129] WARN AstorCoreEngine - ----------Running generation: 53, population size: 1
[67228] WARN AstorCoreEngine - ----------Running generation: 54, population size: 1
[67307] WARN AstorCoreEngine - ----------Running generation: 55, population size: 1
[67384] WARN AstorCoreEngine - ----------Running generation: 56, population size: 1
[67470] WARN AstorCoreEngine - ----------Running generation: 57, population size: 1
[67582] WARN AstorCoreEngine - ----------Running generation: 58, population size: 1
[67730] WARN AstorCoreEngine - ----------Running generation: 59, population size: 1
[67844] WARN AstorCoreEngine - ----------Running generation: 60, population size: 1
[67915] WARN AstorCoreEngine - ----------Running generation: 61, population size: 1
[68014] WARN AstorCoreEngine - ----------Running generation: 62, population size: 1
[68085] WARN AstorCoreEngine - ----------Running generation: 63, population size: 1
[68128] WARN AstorCoreEngine - ----------Running generation: 64, population size: 1
[68173] WARN AstorCoreEngine - ----------Running generation: 65, population size: 1
[68207] WARN AstorCoreEngine - ----------Running generation: 66, population size: 1
[68235] WARN AstorCoreEngine - ----------Running generation: 67, population size: 1
[68263] WARN AstorCoreEngine - ----------Running generation: 68, population size: 1
[68290] WARN AstorCoreEngine - ----------Running generation: 69, population size: 1
[68332] WARN AstorCoreEngine - ----------Running generation: 70, population size: 1
[68372] WARN AstorCoreEngine - ----------Running generation: 71, population size: 1
[68412] WARN AstorCoreEngine - ----------Running generation: 72, population size: 1
[68440] WARN AstorCoreEngine - ----------Running generation: 73, population size: 1
[68491] WARN AstorCoreEngine - ----------Running generation: 74, population size: 1
[68560] WARN AstorCoreEngine - ----------Running generation: 75, population size: 1
[68654] WARN AstorCoreEngine - ----------Running generation: 76, population size: 1
[68842] WARN AstorCoreEngine - ----------Running generation: 77, population size: 1
[68925] WARN AstorCoreEngine - ----------Running generation: 78, population size: 1
[69129] WARN AstorCoreEngine - ----------Running generation: 79, population size: 1
[69253] WARN AstorCoreEngine - ----------Running generation: 80, population size: 1
[69405] WARN AstorCoreEngine - ----------Running generation: 81, population size: 1
[69513] WARN AstorCoreEngine - ----------Running generation: 82, population size: 1
[69590] WARN AstorCoreEngine - ----------Running generation: 83, population size: 1
[69668] WARN AstorCoreEngine - ----------Running generation: 84, population size: 1
[69761] WARN AstorCoreEngine - ----------Running generation: 85, population size: 1
[69818] WARN AstorCoreEngine - ----------Running generation: 86, population size: 1
[69944] WARN AstorCoreEngine - ----------Running generation: 87, population size: 1
[70076] WARN AstorCoreEngine - ----------Running generation: 88, population size: 1
[70197] WARN AstorCoreEngine - ----------Running generation: 89, population size: 1
[70373] WARN AstorCoreEngine - ----------Running generation: 90, population size: 1
[70505] WARN AstorCoreEngine - ----------Running generation: 91, population size: 1
[70644] WARN AstorCoreEngine - ----------Running generation: 92, population size: 1
[70784] WARN AstorCoreEngine - ----------Running generation: 93, population size: 1
[70984] WARN AstorCoreEngine - ----------Running generation: 94, population size: 1
[71204] WARN AstorCoreEngine - ----------Running generation: 95, population size: 1
[71391] WARN AstorCoreEngine - ----------Running generation: 96, population size: 1
[71615] WARN AstorCoreEngine - ----------Running generation: 97, population size: 1
[71747] WARN AstorCoreEngine - ----------Running generation: 98, population size: 1
[72026] WARN AstorCoreEngine - ----------Running generation: 99, population size: 1
[72159] WARN AstorCoreEngine - ----------Running generation: 100, population size: 1
[72315] ERROR AstorCoreEngine - Stopping main loop at 100 generation
[72316] INFO AstorCoreEngine - Time Repair Loop (s): 10.277
[72316] INFO AstorCoreEngine - generationsexecuted: 100
[72316] WARN AstorCoreEngine - ----SUMMARY_EXECUTION---
[72316] WARN AstorCoreEngine - End Repair Search: NOT Found solution
[72317] WARN AstorCoreEngine - Number suspicious:1
[72317] INFO AstorCoreEngine - Total mod points: 1
[72457] INFO ExpressionTypeIngredientSpace - Storing ing JSON at /workdir/Cardumen_vul4j_FasterXML_jackson-dataformat-xml_VUL4J-46/./output_astor/AstorMain-FasterXML_jackson-dataformat-xml-VUL4J-46//src/ingredients.json
[72458] INFO IngredientStats - Storing ing JSON at /workdir/Cardumen_vul4j_FasterXML_jackson-dataformat-xml_VUL4J-46/./output_astor/AstorMain-FasterXML_jackson-dataformat-xml-VUL4J-46//ingredientSpaceSize.json
[72458] INFO IngredientStats - ingredientSpaceSize:{"allAttempts":1,"space":[{"a":1,"v":1}]}
[72458] INFO IngredientStats - Storing ing JSON at /workdir/Cardumen_vul4j_FasterXML_jackson-dataformat-xml_VUL4J-46/./output_astor/AstorMain-FasterXML_jackson-dataformat-xml-VUL4J-46//combinationsTemplatesingredientSpaceSize.json
[72458] INFO IngredientStats - combinationsTemplatesingredientSpaceSize:{"allAttempts":2,"space":[{"a":1,"v":2}]}
[72472] INFO AstorCoreEngine - 
 --SOLUTIONS DESCRIPTION--


Astor Output:

General stats:
EXECUTION_IDENTIFIER=FasterXML_jackson-dataformat-xml-VUL4J-46
TOTAL_TIME=10.277
NR_GENERATIONS=100
NR_RIGHT_COMPILATIONS=null
NR_FAILLING_COMPILATIONS=null
NR_ERRONEOUS_VARIANCES=null
NR_FAILING_VALIDATION_PROCESS=null
OUTPUT_STATUS=CONVERGED

Patch stats:

[72512] INFO Stats - Storing ing JSON at /workdir/Cardumen_vul4j_FasterXML_jackson-dataformat-xml_VUL4J-46/./output_astor/AstorMain-FasterXML_jackson-dataformat-xml-VUL4J-46//astor_output.json
[72513] INFO Stats - astor_output:
{"general":{"NR_RIGHT_COMPILATIONS":null,"NR_ERRONEOUS_VARIANCES":null,"EXECUTION_IDENTIFIER":"FasterXML_jackson-dataformat-xml-VUL4J-46","OUTPUT_STATUS":"CONVERGED","NR_FAILLING_COMPILATIONS":null,"NR_GENERATIONS":100,"TOTAL_TIME":10.277,"NR_FAILING_VALIDATION_PROCESS":null},"patches":[]}
[72513] INFO AstorMain - Time Total(s): 72.506
60.62user 5.39system 1:15.11elapsed 87%CPU (0avgtext+0avgdata 801004maxresident)k
1120inputs+4320outputs (0major+321519minor)pagefaults 0swaps


Node: 9670332cfea8



Date: Fri Sep  9 02:25:31 EDT 2022

