cd /workdir/jKali_vul4j_apache_camel_VUL4J-4;
export JAVA_TOOL_OPTIONS="-Dfile.encoding=UTF8 -Duser.language=en-US -Duser.country=US -Duser.language=en";
TZ="America/New_York"; export TZ;
export PATH="/usr/lib/jvm/java-8-openjdk-amd64/bin:$PATH";
export JAVA_HOME="/usr/lib/jvm/java-8-openjdk-amd64/bin";
time java -Xmx4g -Xms1g -XX:MaxPermSize=512m -cp /script/../libs/jtestex7.jar:/script/../repair_tools/astor.jar fr.inria.main.evolution.AstorMain \
	-mode jkali \
	-location . \
	-id apache_camel-VUL4J-4 \
	-failing org.apache.camel.builder.xml.XPathFeatureTest#testXPathNoTypeConverter:org.apache.camel.builder.xml.XPathFeatureTest#testXPath:org.apache.camel.builder.xml.XPathFeatureTest#testXPathResultOnInvalidData \
	-jvm4testexecution /usr/lib/jvm/java-8-openjdk-amd64/bin \
	-jvm4evosuitetestexecution /usr/lib/jvm/java-8-openjdk-amd64/bin \
	-maxgen 1000000 \
	-maxtime 120 \
	-stopfirst true \
	-seed 0 \
	-scope local \
	-population 1 \
	-javacompliancelevel 8 \
	-faultlocalization perfect \
    -perfectdata /script/../data/benchmarks/vul4j/perfectfl/VUL4J-4 \
    -validation externalcmd \
    -testfailingcmd "mvn test -pl camel-core -Dtest=org.apache.camel.builder.xml.XPathFeatureTest -Dhttps.protocols=TLSv1.2 -Denforcer.skip=true -Dcheckstyle.skip=true -Dcobertura.skip=true -DskipITs=true -Drat.skip=true -Dlicense.skip=true -Dpmd.skip=true -Dfindbugs.skip=true -Dgpg.skip=true -Dskip.npm=true -Dskip.gulp=true -Dskip.bower=true -Danimal.sniffer.skip=true -V -B" \
    -testallcmd "mvn test -pl camel-core -Dhttps.protocols=TLSv1.2 -Denforcer.skip=true -Dcheckstyle.skip=true -Dcobertura.skip=true -DskipITs=true -Drat.skip=true -Dlicense.skip=true -Dpmd.skip=true -Dfindbugs.skip=true -Dgpg.skip=true -Dskip.npm=true -Dskip.gulp=true -Dskip.bower=true -Danimal.sniffer.skip=true -V -B"  \ \
	-srcjavafolder camel-core/src/main/java \
	-srctestfolder camel-core/src/test/java \
	-binjavafolder camel-core/target/classes \
	-bintestfolder camel-core/target/test-classes \
	-parameters x:x \
	-dependencies /root/.m2/repository/org/apache/camel/apt/2.15-SNAPSHOT/apt-2.15-SNAPSHOT.jar:/root/.m2/repository/log4j/log4j/1.2.17/log4j-1.2.17.jar:/root/.m2/repository/com/fasterxml/jackson/core/jackson-core/2.4.3/jackson-core-2.4.3.jar:/root/.m2/repository/com/sun/xml/bind/jaxb-core/2.2.11/jaxb-core-2.2.11.jar:/root/.m2/repository/org/codehaus/woodstox/woodstox-core-asl/4.4.1/woodstox-core-asl-4.4.1.jar:/root/.m2/repository/org/apache/camel/spi-annotations/2.15-SNAPSHOT/spi-annotations-2.15-SNAPSHOT.jar:/root/.m2/repository/cglib/cglib-nodep/2.2.2/cglib-nodep-2.2.2.jar:/root/.m2/repository/org/easymock/easymock/3.2/easymock-3.2.jar:/root/.m2/repository/com/fasterxml/jackson/core/jackson-annotations/2.4.0/jackson-annotations-2.4.0.jar:/root/.m2/repository/org/hamcrest/hamcrest-core/1.3/hamcrest-core-1.3.jar:/root/.m2/repository/xml-resolver/xml-resolver/1.2/xml-resolver-1.2.jar:/root/.m2/repository/com/googlecode/concurrentlinkedhashmap/concurrentlinkedhashmap-lru/1.4.2/concurrentlinkedhashmap-lru-1.4.2.jar:/root/.m2/repository/org/slf4j/slf4j-log4j12/1.7.10/slf4j-log4j12-1.7.10.jar:/root/.m2/repository/org/codehaus/woodstox/stax2-api/3.1.4/stax2-api-3.1.4.jar:/root/.m2/repository/junit/junit/4.12/junit-4.12.jar:/root/.m2/repository/org/slf4j/slf4j-api/1.6.6/slf4j-api-1.6.6.jar:/root/.m2/repository/org/osgi/org.osgi.core/4.3.1/org.osgi.core-4.3.1.jar:/root/.m2/repository/com/fasterxml/jackson/core/jackson-databind/2.4.3/jackson-databind-2.4.3.jar:/root/.m2/repository/com/sun/xml/bind/jaxb-impl/2.2.11/jaxb-impl-2.2.11.jar:/root/.m2/repository/org/objenesis/objenesis/1.3/objenesis-1.3.jar;
	echo "\n\nNode: `hostname`\n";
	echo "\n\nDate: `date`\n";
Picked up JAVA_TOOL_OPTIONS: -Dfile.encoding=UTF8 -Duser.language=en-US -Duser.country=US -Duser.language=en
OpenJDK 64-Bit Server VM warning: ignoring option MaxPermSize=512m; support was removed in 8.0
[0] INFO ProjectConfiguration - Version of the JVM used: 1.8.0_342
[0] INFO main - Java version of the JDK used to run tests: 1.8.0_342
[0] INFO main - The compliance of the JVM is:  8
[2] INFO main - command line arguments: [-mode  jkali  -location  .  -id  apache_camel-VUL4J-4  -failing  org.apache.camel.builder.xml.XPathFeatureTest#testXPathNoTypeConverter:org.apache.camel.builder.xml.XPathFeatureTest#testXPath:org.apache.camel.builder.xml.XPathFeatureTest#testXPathResultOnInvalidData  -jvm4testexecution  /usr/lib/jvm/java-8-openjdk-amd64/bin  -jvm4evosuitetestexecution  /usr/lib/jvm/java-8-openjdk-amd64/bin  -maxgen  1000000  -maxtime  120  -stopfirst  true  -seed  0  -scope  local  -population  1  -javacompliancelevel  8  -faultlocalization  perfect  -perfectdata  /script/../data/benchmarks/vul4j/perfectfl/VUL4J-4  -validation  externalcmd  -testfailingcmd  mvn test -pl camel-core -Dtest=org.apache.camel.builder.xml.XPathFeatureTest -Dhttps.protocols=TLSv1.2 -Denforcer.skip=true -Dcheckstyle.skip=true -Dcobertura.skip=true -DskipITs=true -Drat.skip=true -Dlicense.skip=true -Dpmd.skip=true -Dfindbugs.skip=true -Dgpg.skip=true -Dskip.npm=true -Dskip.gulp=true -Dskip.bower=true -Danimal.sniffer.skip=true -V -B  -testallcmd  mvn test -pl camel-core -Dhttps.protocols=TLSv1.2 -Denforcer.skip=true -Dcheckstyle.skip=true -Dcobertura.skip=true -DskipITs=true -Drat.skip=true -Dlicense.skip=true -Dpmd.skip=true -Dfindbugs.skip=true -Dgpg.skip=true -Dskip.npm=true -Dskip.gulp=true -Dskip.bower=true -Danimal.sniffer.skip=true -V -B     -srcjavafolder  camel-core/src/main/java  -srctestfolder  camel-core/src/test/java  -binjavafolder  camel-core/target/classes  -bintestfolder  camel-core/target/test-classes  -parameters  x:x  -dependencies  /root/.m2/repository/org/apache/camel/apt/2.15-SNAPSHOT/apt-2.15-SNAPSHOT.jar:/root/.m2/repository/log4j/log4j/1.2.17/log4j-1.2.17.jar:/root/.m2/repository/com/fasterxml/jackson/core/jackson-core/2.4.3/jackson-core-2.4.3.jar:/root/.m2/repository/com/sun/xml/bind/jaxb-core/2.2.11/jaxb-core-2.2.11.jar:/root/.m2/repository/org/codehaus/woodstox/woodstox-core-asl/4.4.1/woodstox-core-asl-4.4.1.jar:/root/.m2/repository/org/apache/camel/spi-annotations/2.15-SNAPSHOT/spi-annotations-2.15-SNAPSHOT.jar:/root/.m2/repository/cglib/cglib-nodep/2.2.2/cglib-nodep-2.2.2.jar:/root/.m2/repository/org/easymock/easymock/3.2/easymock-3.2.jar:/root/.m2/repository/com/fasterxml/jackson/core/jackson-annotations/2.4.0/jackson-annotations-2.4.0.jar:/root/.m2/repository/org/hamcrest/hamcrest-core/1.3/hamcrest-core-1.3.jar:/root/.m2/repository/xml-resolver/xml-resolver/1.2/xml-resolver-1.2.jar:/root/.m2/repository/com/googlecode/concurrentlinkedhashmap/concurrentlinkedhashmap-lru/1.4.2/concurrentlinkedhashmap-lru-1.4.2.jar:/root/.m2/repository/org/slf4j/slf4j-log4j12/1.7.10/slf4j-log4j12-1.7.10.jar:/root/.m2/repository/org/codehaus/woodstox/stax2-api/3.1.4/stax2-api-3.1.4.jar:/root/.m2/repository/junit/junit/4.12/junit-4.12.jar:/root/.m2/repository/org/slf4j/slf4j-api/1.6.6/slf4j-api-1.6.6.jar:/root/.m2/repository/org/osgi/org.osgi.core/4.3.1/org.osgi.core-4.3.1.jar:/root/.m2/repository/com/fasterxml/jackson/core/jackson-databind/2.4.3/jackson-databind-2.4.3.jar:/root/.m2/repository/com/sun/xml/bind/jaxb-impl/2.2.11/jaxb-impl-2.2.11.jar:/root/.m2/repository/org/objenesis/objenesis/1.3/objenesis-1.3.jar]
[3] INFO AstorMain - Running Astor on a JDK at /usr/lib/jvm/java-8-openjdk-amd64/jre
[10] INFO main - Source folders: [/workdir/jKali_vul4j_apache_camel_VUL4J-4/./camel-core/src/main/java]
[10] INFO main - Source Test folders: [/workdir/jKali_vul4j_apache_camel_VUL4J-4/./camel-core/src/test/java]
[1244] INFO AstorCoreEngine - ---- Creating spoon model
[1260] INFO MutationSupporter - Creating model,  Code location from working folder: /workdir/jKali_vul4j_apache_camel_VUL4J-4/./camel-core/src/main/java
[1260] INFO MutationSupporter - building model: /workdir/jKali_vul4j_apache_camel_VUL4J-4/./camel-core/src/main/java, compliance level: 8
[1335] INFO MutationSupporter - Classpath (Dependencies) for building SpoonModel: [/root/.m2/repository/org/apache/camel/apt/2.15-SNAPSHOT/apt-2.15-SNAPSHOT.jar, /root/.m2/repository/log4j/log4j/1.2.17/log4j-1.2.17.jar, /root/.m2/repository/com/fasterxml/jackson/core/jackson-core/2.4.3/jackson-core-2.4.3.jar, /root/.m2/repository/com/sun/xml/bind/jaxb-core/2.2.11/jaxb-core-2.2.11.jar, /root/.m2/repository/org/codehaus/woodstox/woodstox-core-asl/4.4.1/woodstox-core-asl-4.4.1.jar, /root/.m2/repository/org/apache/camel/spi-annotations/2.15-SNAPSHOT/spi-annotations-2.15-SNAPSHOT.jar, /root/.m2/repository/cglib/cglib-nodep/2.2.2/cglib-nodep-2.2.2.jar, /root/.m2/repository/org/easymock/easymock/3.2/easymock-3.2.jar, /root/.m2/repository/com/fasterxml/jackson/core/jackson-annotations/2.4.0/jackson-annotations-2.4.0.jar, /root/.m2/repository/org/hamcrest/hamcrest-core/1.3/hamcrest-core-1.3.jar, /root/.m2/repository/xml-resolver/xml-resolver/1.2/xml-resolver-1.2.jar, /root/.m2/repository/com/googlecode/concurrentlinkedhashmap/concurrentlinkedhashmap-lru/1.4.2/concurrentlinkedhashmap-lru-1.4.2.jar, /root/.m2/repository/org/slf4j/slf4j-log4j12/1.7.10/slf4j-log4j12-1.7.10.jar, /root/.m2/repository/org/codehaus/woodstox/stax2-api/3.1.4/stax2-api-3.1.4.jar, /root/.m2/repository/junit/junit/4.12/junit-4.12.jar, /root/.m2/repository/org/slf4j/slf4j-api/1.6.6/slf4j-api-1.6.6.jar, /root/.m2/repository/org/osgi/org.osgi.core/4.3.1/org.osgi.core-4.3.1.jar, /root/.m2/repository/com/fasterxml/jackson/core/jackson-databind/2.4.3/jackson-databind-2.4.3.jar, /root/.m2/repository/com/sun/xml/bind/jaxb-impl/2.2.11/jaxb-impl-2.2.11.jar, /root/.m2/repository/org/objenesis/objenesis/1.3/objenesis-1.3.jar]
[9942] ERROR MutationSupporter - Problem compiling the model with compliance level 8
[9942] ERROR MutationSupporter - Type mismatch: cannot convert from Class<capture#10-of ? extends Object> to Class<T> at /workdir/jKali_vul4j_apache_camel_VUL4J-4/camel-core/src/main/java/org/apache/camel/component/mock/MockEndpoint.java:656
spoon.compiler.ModelBuildingException: Type mismatch: cannot convert from Class<capture#10-of ? extends Object> to Class<T> at /workdir/jKali_vul4j_apache_camel_VUL4J-4/camel-core/src/main/java/org/apache/camel/component/mock/MockEndpoint.java:656
	at spoon.support.compiler.jdt.JDTBasedSpoonCompiler.report(JDTBasedSpoonCompiler.java:649)
	at spoon.support.compiler.jdt.JDTBasedSpoonCompiler.reportProblems(JDTBasedSpoonCompiler.java:631)
	at spoon.support.compiler.jdt.JDTBasedSpoonCompiler.build(JDTBasedSpoonCompiler.java:118)
	at spoon.support.compiler.jdt.JDTBasedSpoonCompiler.build(JDTBasedSpoonCompiler.java:99)
	at fr.inria.astor.core.manipulation.MutationSupporter.buildModel(MutationSupporter.java:85)
	at fr.inria.astor.core.manipulation.MutationSupporter.buildSpoonModel(MutationSupporter.java:240)
	at fr.inria.astor.core.solutionsearch.AstorCoreEngine.initModel(AstorCoreEngine.java:775)
	at fr.inria.main.evolution.AstorMain.createEngine(AstorMain.java:113)
	at fr.inria.main.evolution.AstorMain.run(AstorMain.java:173)
	at fr.inria.main.evolution.AstorMain.execute(AstorMain.java:233)
	at fr.inria.main.evolution.AstorMain.main(AstorMain.java:204)
[9943] INFO MutationSupporter - Recompiling with compliance level 8
[9943] INFO MutationSupporter - building model: /workdir/jKali_vul4j_apache_camel_VUL4J-4/./camel-core/src/main/java, compliance level: 8
[9991] INFO MutationSupporter - Classpath (Dependencies) for building SpoonModel: [/root/.m2/repository/org/apache/camel/apt/2.15-SNAPSHOT/apt-2.15-SNAPSHOT.jar, /root/.m2/repository/log4j/log4j/1.2.17/log4j-1.2.17.jar, /root/.m2/repository/com/fasterxml/jackson/core/jackson-core/2.4.3/jackson-core-2.4.3.jar, /root/.m2/repository/com/sun/xml/bind/jaxb-core/2.2.11/jaxb-core-2.2.11.jar, /root/.m2/repository/org/codehaus/woodstox/woodstox-core-asl/4.4.1/woodstox-core-asl-4.4.1.jar, /root/.m2/repository/org/apache/camel/spi-annotations/2.15-SNAPSHOT/spi-annotations-2.15-SNAPSHOT.jar, /root/.m2/repository/cglib/cglib-nodep/2.2.2/cglib-nodep-2.2.2.jar, /root/.m2/repository/org/easymock/easymock/3.2/easymock-3.2.jar, /root/.m2/repository/com/fasterxml/jackson/core/jackson-annotations/2.4.0/jackson-annotations-2.4.0.jar, /root/.m2/repository/org/hamcrest/hamcrest-core/1.3/hamcrest-core-1.3.jar, /root/.m2/repository/xml-resolver/xml-resolver/1.2/xml-resolver-1.2.jar, /root/.m2/repository/com/googlecode/concurrentlinkedhashmap/concurrentlinkedhashmap-lru/1.4.2/concurrentlinkedhashmap-lru-1.4.2.jar, /root/.m2/repository/org/slf4j/slf4j-log4j12/1.7.10/slf4j-log4j12-1.7.10.jar, /root/.m2/repository/org/codehaus/woodstox/stax2-api/3.1.4/stax2-api-3.1.4.jar, /root/.m2/repository/junit/junit/4.12/junit-4.12.jar, /root/.m2/repository/org/slf4j/slf4j-api/1.6.6/slf4j-api-1.6.6.jar, /root/.m2/repository/org/osgi/org.osgi.core/4.3.1/org.osgi.core-4.3.1.jar, /root/.m2/repository/com/fasterxml/jackson/core/jackson-databind/2.4.3/jackson-databind-2.4.3.jar, /root/.m2/repository/com/sun/xml/bind/jaxb-impl/2.2.11/jaxb-impl-2.2.11.jar, /root/.m2/repository/org/objenesis/objenesis/1.3/objenesis-1.3.jar]
spoon.compiler.ModelBuildingException: Type mismatch: cannot convert from Class<capture#10-of ? extends Object> to Class<T> at /workdir/jKali_vul4j_apache_camel_VUL4J-4/camel-core/src/main/java/org/apache/camel/component/mock/MockEndpoint.java:656
	at spoon.support.compiler.jdt.JDTBasedSpoonCompiler.report(JDTBasedSpoonCompiler.java:649)
	at spoon.support.compiler.jdt.JDTBasedSpoonCompiler.reportProblems(JDTBasedSpoonCompiler.java:631)
	at spoon.support.compiler.jdt.JDTBasedSpoonCompiler.build(JDTBasedSpoonCompiler.java:118)
	at spoon.support.compiler.jdt.JDTBasedSpoonCompiler.build(JDTBasedSpoonCompiler.java:99)
	at fr.inria.astor.core.manipulation.MutationSupporter.buildModel(MutationSupporter.java:85)
	at fr.inria.astor.core.manipulation.MutationSupporter.buildSpoonModel(MutationSupporter.java:253)
	at fr.inria.astor.core.solutionsearch.AstorCoreEngine.initModel(AstorCoreEngine.java:775)
	at fr.inria.main.evolution.AstorMain.createEngine(AstorMain.java:113)
	at fr.inria.main.evolution.AstorMain.run(AstorMain.java:173)
	at fr.inria.main.evolution.AstorMain.execute(AstorMain.java:233)
	at fr.inria.main.evolution.AstorMain.main(AstorMain.java:204)
[14225] ERROR MutationSupporter - Error compiling: Type mismatch: cannot convert from Class<capture#10-of ? extends Object> to Class<T> at /workdir/jKali_vul4j_apache_camel_VUL4J-4/camel-core/src/main/java/org/apache/camel/component/mock/MockEndpoint.java:656
[14486] ERROR MutationSupporter - Astor continues when model build fails. Classes created: 1244
[14690] INFO AstorCoreEngine - Number of CtTypes created: 1244
[15119] INFO AstorCoreEngine - Test retrieved from classes: 0
[15160] INFO AstorCoreEngine - Setting up the max to 410 milliseconds (0 sec)
[15160] INFO AstorCoreEngine - ---- Initial suspicious size: 1
[15573] INFO main - Total suspicious from FL: 1,  1
[15573] INFO main - Total ModPoint created: 1
[15573] INFO main - Creating program variant #1, [Variant id: 1, #gens: 1, #ops: 0, parent:-]
[15573] INFO main - Run previously failing tests...
[23354] INFO main - Failed tests: 3
[23354] INFO AstorCoreEngine - The original fitness is : 3.0
[23354] WARN ConfigurationProperties - ----------------------------
[23354] INFO ConfigurationProperties - ---Configuration properties
[23354] INFO ConfigurationProperties - p:lastJUnitVersion= ./examples/libs/junit-4.11.jar
[23354] INFO ConfigurationProperties - p:alternativecompliancelevel= 8
[23354] INFO ConfigurationProperties - p:ignoredTestCases= 
[23354] INFO ConfigurationProperties - p:workingDirectory= /workdir/jKali_vul4j_apache_camel_VUL4J-4/./output_astor
[23354] INFO ConfigurationProperties - p:manipulatesuper= false
[23355] INFO ConfigurationProperties - p:validation= externalcmd
[23355] INFO ConfigurationProperties - p:jvm4testexecution= /usr/lib/jvm/java-8-openjdk-amd64/bin
[23355] INFO ConfigurationProperties - p:operatorspace= suppression
[23355] INFO ConfigurationProperties - p:diffcontext= 0
[23355] INFO ConfigurationProperties - p:binjavafolder= camel-core/target/classes
[23355] INFO ConfigurationProperties - p:synthesis_depth= 3
[23355] INFO ConfigurationProperties - p:gzoltartestpackagetoexclude= junit.framework
[23355] INFO ConfigurationProperties - p:skipfitnessinitialpopulation= false
[23355] INFO ConfigurationProperties - p:evosuiteresultfolder= evosuite
[23355] INFO ConfigurationProperties - p:flthreshold= 0.1
[23355] INFO ConfigurationProperties - p:regressionforfaultlocalization= true
[23355] INFO ConfigurationProperties - p:collectonlyusedmethod= false
[23355] INFO ConfigurationProperties - p:preservelinenumbers= true
[23355] INFO ConfigurationProperties - p:tmax2= 410
[23355] INFO ConfigurationProperties - p:tmax1= 10000
[23355] INFO ConfigurationProperties - p:probagenmutation= false
[23355] INFO ConfigurationProperties - p:nomodificationconvergence= 100
[23355] INFO ConfigurationProperties - p:diff_type= relative
[23355] INFO ConfigurationProperties - p:targetelementprocessor= statements
[23355] INFO ConfigurationProperties - p:srctestfolder= camel-core/src/test/java
[23355] INFO ConfigurationProperties - p:forceExecuteRegression= false
[23355] INFO ConfigurationProperties - p:clusteringfilename= clustering.csv
[23355] INFO ConfigurationProperties - p:failing= org.apache.camel.builder.xml.XPathFeatureTest#testXPathNoTypeConverter:org.apache.camel.builder.xml.XPathFeatureTest#testXPath:org.apache.camel.builder.xml.XPathFeatureTest#testXPathResultOnInvalidData
[23355] INFO ConfigurationProperties - p:logtestexecution= false
[23355] INFO ConfigurationProperties - p:evo_buggy_class= true
[23355] INFO ConfigurationProperties - p:numberExecutions= 1
[23355] INFO ConfigurationProperties - p:maxnumbersolutions= 1000000
[23355] INFO ConfigurationProperties - p:evo_affected_by_op= true
[23355] INFO ConfigurationProperties - p:population= 1
[23355] INFO ConfigurationProperties - p:considerzerovaluesusp= false
[23355] INFO ConfigurationProperties - p:maxCombinationVariableLimit= false
[23355] INFO ConfigurationProperties - p:savesolution= true
[23355] INFO ConfigurationProperties - p:javacompliancelevel= 8
[23355] INFO ConfigurationProperties - p:x= x
[23355] INFO ConfigurationProperties - p:uniqueoptogen= false
[23355] INFO ConfigurationProperties - p:gzoltarpackagetonotinstrument= junit.framework
[23355] INFO ConfigurationProperties - p:projectIdentifier= apache_camel-VUL4J-4
[23355] INFO ConfigurationProperties - p:modificationpointnavigation= weight
[23355] INFO ConfigurationProperties - p:stopfirst= true
[23355] INFO ConfigurationProperties - p:multipointmodification= false
[23355] INFO ConfigurationProperties - p:elementsToMutate= 10
[23355] INFO ConfigurationProperties - p:jsonoutputname= astor_output
[23355] INFO ConfigurationProperties - p:evoDSE= false
[23355] INFO ConfigurationProperties - p:bintestfolder= camel-core/target/test-classes
[23355] INFO ConfigurationProperties - p:testbystep= false
[23355] INFO ConfigurationProperties - p:version-location= ./math-version/
[23355] INFO ConfigurationProperties - p:reintroduce= PARENTS:ORIGINAL
[23355] INFO ConfigurationProperties - p:perfectdata= /script/../data/benchmarks/vul4j/perfectfl/VUL4J-4
[23355] INFO ConfigurationProperties - p:executorjar= ./lib/jtestex7.jar
[23355] INFO ConfigurationProperties - p:maxGeneration= 1000000
[23355] INFO ConfigurationProperties - p:max_synthesis_step= 10000
[23355] INFO ConfigurationProperties - p:projectinfocommand= com.github.tdurieux:project-config-maven-plugin:info
[23355] INFO ConfigurationProperties - p:maxVarCombination= 1000
[23355] INFO ConfigurationProperties - p:maxtime= 120
[23355] INFO ConfigurationProperties - p:evosuitejar= ./lib/evosuite-master-1.0.4-SNAPSHOT.jar
[23355] INFO ConfigurationProperties - p:jvmversion= 1.8.0_342
[23355] INFO ConfigurationProperties - p:commandTrunk= 50000
[23356] INFO ConfigurationProperties - p:faultlocalization= perfect
[23356] INFO ConfigurationProperties - p:resetmodel= true
[23356] INFO ConfigurationProperties - p:maxsuspcandidates= 1000
[23356] INFO ConfigurationProperties - p:mode= jkali
[23356] INFO ConfigurationProperties - p:learningdir= 
[23356] INFO ConfigurationProperties - p:jvm4evosuitetestexecution= /usr/lib/jvm/java-8-openjdk-amd64/bin
[23356] INFO ConfigurationProperties - p:filterfaultlocalization= true
[23356] INFO ConfigurationProperties - p:mutationrate= 1 
[23356] INFO ConfigurationProperties - p:pathToMVNRepository= 
[23356] INFO ConfigurationProperties - p:resourcesfolder= /src/main/resources:/src/test/resources:
[23356] INFO ConfigurationProperties - p:timezone= America/Los_Angeles
[23356] INFO ConfigurationProperties - p:runjava7code= false
[23356] INFO ConfigurationProperties - p:testfailingcmd= mvn test -pl camel-core -Dtest=org.apache.camel.builder.xml.XPathFeatureTest -Dhttps.protocols=TLSv1.2 -Denforcer.skip=true -Dcheckstyle.skip=true -Dcobertura.skip=true -DskipITs=true -Drat.skip=true -Dlicense.skip=true -Dpmd.skip=true -Dfindbugs.skip=true -Dgpg.skip=true -Dskip.npm=true -Dskip.gulp=true -Dskip.bower=true -Danimal.sniffer.skip=true -V -B
[23356] INFO ConfigurationProperties - p:evoRunOnBuggyClass= true
[23356] INFO ConfigurationProperties - p:compiler= fr.inria.astor.core.manipulation.bytecode.compiler.SpoonClassCompiler
[23356] INFO ConfigurationProperties - p:limitbysuspicious= true
[23356] INFO ConfigurationProperties - p:logsattemps= true
[23356] INFO ConfigurationProperties - p:dependenciespath= /root/.m2/repository/org/apache/camel/apt/2.15-SNAPSHOT/apt-2.15-SNAPSHOT.jar:/root/.m2/repository/log4j/log4j/1.2.17/log4j-1.2.17.jar:/root/.m2/repository/com/fasterxml/jackson/core/jackson-core/2.4.3/jackson-core-2.4.3.jar:/root/.m2/repository/com/sun/xml/bind/jaxb-core/2.2.11/jaxb-core-2.2.11.jar:/root/.m2/repository/org/codehaus/woodstox/woodstox-core-asl/4.4.1/woodstox-core-asl-4.4.1.jar:/root/.m2/repository/org/apache/camel/spi-annotations/2.15-SNAPSHOT/spi-annotations-2.15-SNAPSHOT.jar:/root/.m2/repository/cglib/cglib-nodep/2.2.2/cglib-nodep-2.2.2.jar:/root/.m2/repository/org/easymock/easymock/3.2/easymock-3.2.jar:/root/.m2/repository/com/fasterxml/jackson/core/jackson-annotations/2.4.0/jackson-annotations-2.4.0.jar:/root/.m2/repository/org/hamcrest/hamcrest-core/1.3/hamcrest-core-1.3.jar:/root/.m2/repository/xml-resolver/xml-resolver/1.2/xml-resolver-1.2.jar:/root/.m2/repository/com/googlecode/concurrentlinkedhashmap/concurrentlinkedhashmap-lru/1.4.2/concurrentlinkedhashmap-lru-1.4.2.jar:/root/.m2/repository/org/slf4j/slf4j-log4j12/1.7.10/slf4j-log4j12-1.7.10.jar:/root/.m2/repository/org/codehaus/woodstox/stax2-api/3.1.4/stax2-api-3.1.4.jar:/root/.m2/repository/junit/junit/4.12/junit-4.12.jar:/root/.m2/repository/org/slf4j/slf4j-api/1.6.6/slf4j-api-1.6.6.jar:/root/.m2/repository/org/osgi/org.osgi.core/4.3.1/org.osgi.core-4.3.1.jar:/root/.m2/repository/com/fasterxml/jackson/core/jackson-databind/2.4.3/jackson-databind-2.4.3.jar:/root/.m2/repository/com/sun/xml/bind/jaxb-impl/2.2.11/jaxb-impl-2.2.11.jar:/root/.m2/repository/org/objenesis/objenesis/1.3/objenesis-1.3.jar
[23356] INFO ConfigurationProperties - p:packageToInstrument= 
[23356] INFO ConfigurationProperties - p:skipfaultlocalization= false
[23356] INFO ConfigurationProperties - p:scope= local
[23356] INFO ConfigurationProperties - p:transformingredient= false
[23356] INFO ConfigurationProperties - p:fitnessfunction= fr.inria.astor.core.solutionsearch.population.TestCaseFitnessFunction
[23356] INFO ConfigurationProperties - p:maxnumvariablesperingredient= 10
[23356] INFO ConfigurationProperties - p:parsesourcefromoriginal= true
[23356] INFO ConfigurationProperties - p:pvariantfoldername= variant-
[23356] INFO ConfigurationProperties - p:savespoonmodelondisk= false
[23356] INFO ConfigurationProperties - p:srcjavafolder= camel-core/src/main/java
[23356] INFO ConfigurationProperties - p:populationcontroller= fr.inria.astor.core.solutionsearch.population.TestCaseBasedFitnessPopulationController
[23356] INFO ConfigurationProperties - p:ignoreflakyinfl= false
[23356] INFO ConfigurationProperties - p:cleantemplates= true
[23356] INFO ConfigurationProperties - p:applyCrossover= false
[23356] INFO ConfigurationProperties - p:maxmodificationpoints= 1000
[23356] INFO ConfigurationProperties - p:duplicateingredientsinspace= false
[23356] INFO ConfigurationProperties - p:metid= 0
[23356] INFO ConfigurationProperties - p:continuewhenmodelfail= true
[23356] INFO ConfigurationProperties - p:saveall= false
[23356] INFO ConfigurationProperties - p:seed= 0
[23356] INFO ConfigurationProperties - p:savecompletepatched= true
[23356] INFO ConfigurationProperties - p:resetoperations= false
[23356] INFO ConfigurationProperties - p:keepcomments= false
[23356] INFO ConfigurationProperties - p:processoutputinfile= false
[23356] INFO ConfigurationProperties - p:location= .
[23356] INFO ConfigurationProperties - p:probabilistictransformation= true
[23356] INFO ConfigurationProperties - p:overridemaxtime= true
[23356] INFO ConfigurationProperties - p:outputjsonresult= true
[23356] INFO ConfigurationProperties - p:allpoints= false
[23356] INFO ConfigurationProperties - p:antipattern= false
[23356] INFO ConfigurationProperties - p:bugId= 280
[23356] INFO ConfigurationProperties - p:evosuitetimeout= 120
[23356] INFO ConfigurationProperties - p:maxtimefactor= 10
[23356] INFO ConfigurationProperties - p:nrPlaceholders= 1
[23356] INFO ConfigurationProperties - p:testallcmd= mvn test -pl camel-core -Dhttps.protocols=TLSv1.2 -Denforcer.skip=true -Dcheckstyle.skip=true -Dcobertura.skip=true -DskipITs=true -Drat.skip=true -Dlicense.skip=true -Dpmd.skip=true -Dfindbugs.skip=true -Dgpg.skip=true -Dskip.npm=true -Dskip.gulp=true -Dskip.bower=true -Danimal.sniffer.skip=true -V -B
[23356] INFO ConfigurationProperties - p:forcesubprocesskilling= false
[23356] INFO ConfigurationProperties - ----------------------------
[23359] INFO AstorCoreEngine - mod_point MP=org.apache.camel.builder.xml.XPathBuilder line: 1117, pointed element: CtIfImpl
[23378] INFO AstorCoreEngine - -->op: OP_INSTANCE:
ReplaceIfBooleanOp:(spoon.support.reflect.code.CtIfImpl) `if (answer == null) {  	if (body instanceof org.apache.camel.WrappedFile) {  		java.io.InputStream i[...] ` -topatch--> `if (true) {  	if (body instanceof org.apache.camel.WrappedFile) {  		java.io.InputStream is = exchan[...]` (spoon.support.reflect.code.CtIfImpl) 
[25821] INFO main - Run previously failing tests...
[34486] INFO main - Failed tests: 4
[34488] INFO AstorCoreEngine - mod_point MP=org.apache.camel.builder.xml.XPathBuilder line: 1117, pointed element: CtIfImpl
[34493] INFO AstorCoreEngine - -->op: OP_INSTANCE:
ReplaceIfBooleanOp:(spoon.support.reflect.code.CtIfImpl) `if (answer == null) {  	if (body instanceof org.apache.camel.WrappedFile) {  		java.io.InputStream i[...] ` -topatch--> `if (false) {  	if (body instanceof org.apache.camel.WrappedFile) {  		java.io.InputStream is = excha[...]` (spoon.support.reflect.code.CtIfImpl) 
[34864] INFO main - Run previously failing tests...
[43378] INFO main - Failed tests: 0
[43378] INFO main - Run whole testsuite...
[1255646] INFO main - Failed tests: 0
[1255647] INFO AstorCoreEngine - -Found Solution, child variant #3
[1255667] INFO AstorCoreEngine - Time Repair Loop (s): 1232.31
[1255668] INFO AstorCoreEngine - generationsexecuted: 1
[1255668] WARN AstorCoreEngine - ----SUMMARY_EXECUTION---
[1255668] WARN AstorCoreEngine - End Repair Search: Found solution
[1255668] WARN AstorCoreEngine - Solution stored at: /workdir/jKali_vul4j_apache_camel_VUL4J-4/./output_astor/AstorMain-apache_camel-VUL4J-4//src/
[1255668] WARN AstorCoreEngine - Number solutions:1
[1255668] INFO AstorCoreEngine - f (sol): 0.0, [Variant id: 3 (SOL) , #gens: 1, #ops: 1, parent:1]
[1255668] WARN AstorCoreEngine - Number suspicious:1
[1255709] INFO AstorCoreEngine - 
 --SOLUTIONS DESCRIPTION--

 ----
ProgramVariant 3
 
time(sec)= 11
operation: ReplaceIfBooleanOp
location= org.apache.camel.builder.xml.XPathBuilder
line= 1117
lineSuspiciousness= 1
lineSuspiciousness= 0
original statement= if (answer == null) {

	if (body instanceof org.apache.camel.WrappedFile) {

		java.io.InputStream is = exchange.getContext().getTypeConverter().convertTo(java.io.InputStream.class, exchange, body);
		answer = new org.xml.sax.InputSource(is);
	} else if (body instanceof org.apache.camel.component.bean.BeanInvocation) {

		org.apache.camel.component.bean.BeanInvocation bi = exchange.getContext().getTypeConverter().convertTo(org.apache.camel.component.bean.BeanInvocation.class, exchange, body);
		if (((bi.getArgs() != null) && (bi.getArgs().length == 1)) && (bi.getArgs()[0] == null)) {

			answer = null;
		}
	} else if (body instanceof java.lang.String) {
		answer = new org.xml.sax.InputSource(new java.io.StringReader(((java.lang.String) (body))));
	}
}
buggy kind= CtIfImpl|CtBlockImpl
fixed statement= if (false) {

	if (body instanceof org.apache.camel.WrappedFile) {

		java.io.InputStream is = exchange.getContext().getTypeConverter().convertTo(java.io.InputStream.class, exchange, body);
		answer = new org.xml.sax.InputSource(is);
	} else if (body instanceof org.apache.camel.component.bean.BeanInvocation) {

		org.apache.camel.component.bean.BeanInvocation bi = exchange.getContext().getTypeConverter().convertTo(org.apache.camel.component.bean.BeanInvocation.class, exchange, body);
		if (((bi.getArgs() != null) && (bi.getArgs().length == 1)) && (bi.getArgs()[0] == null)) {

			answer = null;
		}
	} else if (body instanceof java.lang.String) {
		answer = new org.xml.sax.InputSource(new java.io.StringReader(((java.lang.String) (body))));
	}
}
Patch kind= CtIfImpl|CtBlockImpl
generation= 1
ingredientScope= -
validation=|true|0|0|[]|
diffpatch=--- /workdir/jKali_vul4j_apache_camel_VUL4J-4/camel-core/src/main/java/org/apache/camel/builder/xml/XPathBuilderjava
+++ /workdir/jKali_vul4j_apache_camel_VUL4J-4/camel-core/src/main/java/org/apache/camel/builder/xml/XPathBuilderjava
@@ -720 +720 @@
-		if (answer == null) {
+		if (false) {


diffpatchoriginal=--- /workdir/jKali_vul4j_apache_camel_VUL4J-4/camel-core/src/main/java/org/apache/camel/builder/xml/XPathBuilderjava
+++ /workdir/jKali_vul4j_apache_camel_VUL4J-4/camel-core/src/main/java/org/apache/camel/builder/xml/XPathBuilderjava
@@ -1117 +1117 @@
-		if (answer == null) {
+		if (false) {



[1255710] INFO AstorCoreEngine - Generation 1
Astor Output:

General stats:
EXECUTION_IDENTIFIER=apache_camel-VUL4J-4
TOTAL_TIME=1232.31
NR_GENERATIONS=null
NR_RIGHT_COMPILATIONS=2
NR_FAILLING_COMPILATIONS=null
NR_ERRONEOUS_VARIANCES=null
NR_FAILING_VALIDATION_PROCESS=null
OUTPUT_STATUS=STOP_BY_PATCH_FOUND

Patch stats:

Patch 1
VARIANT_ID=3
TIME=11
VALIDATION=|true|0|0|[]|
GENERATION=1
FOLDER_SOLUTION_CODE=/workdir/jKali_vul4j_apache_camel_VUL4J-4/./output_astor/AstorMain-apache_camel-VUL4J-4//src//variant-3
--Patch Hunk #1
OPERATOR=ReplaceIfBooleanOp

LOCATION=org.apache.camel.builder.xml.XPathBuilder

PATH=/workdir/jKali_vul4j_apache_camel_VUL4J-4/camel-core/src/main/java/org/apache/camel/builder/xml/XPathBuilder.java

MODIFIED_FILE_PATH=/workdir/jKali_vul4j_apache_camel_VUL4J-4/./output_astor/AstorMain-apache_camel-VUL4J-4//src//variant-3/org/apache/camel/builder/xml/XPathBuilder.java

LINE=1117

SUSPICIOUNESS=1

MP_RANKING=0

ORIGINAL_CODE=if (answer == null) {

	if (body instanceof org.apache.camel.WrappedFile) {

		java.io.InputStream is = exchange.getContext().getTypeConverter().convertTo(java.io.InputStream.class, exchange, body);
		answer = new org.xml.sax.InputSource(is);
	} else if (body instanceof org.apache.camel.component.bean.BeanInvocation) {

		org.apache.camel.component.bean.BeanInvocation bi = exchange.getContext().getTypeConverter().convertTo(org.apache.camel.component.bean.BeanInvocation.class, exchange, body);
		if (((bi.getArgs() != null) && (bi.getArgs().length == 1)) && (bi.getArgs()[0] == null)) {

			answer = null;
		}
	} else if (body instanceof java.lang.String) {
		answer = new org.xml.sax.InputSource(new java.io.StringReader(((java.lang.String) (body))));
	}
}

BUGGY_CODE_TYPE=CtIfImpl|CtBlockImpl

PATCH_HUNK_CODE=if (false) {

	if (body instanceof org.apache.camel.WrappedFile) {

		java.io.InputStream is = exchange.getContext().getTypeConverter().convertTo(java.io.InputStream.class, exchange, body);
		answer = new org.xml.sax.InputSource(is);
	} else if (body instanceof org.apache.camel.component.bean.BeanInvocation) {

		org.apache.camel.component.bean.BeanInvocation bi = exchange.getContext().getTypeConverter().convertTo(org.apache.camel.component.bean.BeanInvocation.class, exchange, body);
		if (((bi.getArgs() != null) && (bi.getArgs().length == 1)) && (bi.getArgs()[0] == null)) {

			answer = null;
		}
	} else if (body instanceof java.lang.String) {
		answer = new org.xml.sax.InputSource(new java.io.StringReader(((java.lang.String) (body))));
	}
}

PATCH_HUNK_TYPE=CtIfImpl|CtBlockImpl

INGREDIENT_SCOPE=null

INGREDIENT_PARENT=null

PATCH_DIFF_ORIG=--- /workdir/jKali_vul4j_apache_camel_VUL4J-4/camel-core/src/main/java/org/apache/camel/builder/xml/XPathBuilderjava
+++ /workdir/jKali_vul4j_apache_camel_VUL4J-4/camel-core/src/main/java/org/apache/camel/builder/xml/XPathBuilderjava
@@ -1117 +1117 @@
-		if (answer == null) {
+		if (false) {



[1255735] INFO Stats - Storing ing JSON at /workdir/jKali_vul4j_apache_camel_VUL4J-4/./output_astor/AstorMain-apache_camel-VUL4J-4//astor_output.json
[1255737] INFO Stats - astor_output:
{"general":{"NR_RIGHT_COMPILATIONS":2,"NR_ERRONEOUS_VARIANCES":null,"EXECUTION_IDENTIFIER":"apache_camel-VUL4J-4","OUTPUT_STATUS":"STOP_BY_PATCH_FOUND","NR_FAILLING_COMPILATIONS":null,"NR_GENERATIONS":null,"TOTAL_TIME":1232.31,"NR_FAILING_VALIDATION_PROCESS":null},"patches":[{"VARIANT_ID":"3","VALIDATION":"|true|0|0|[]|","patchhunks":[{"LOCATION":"org.apache.camel.builder.xml.XPathBuilder","PATH":"\\\/workdir\\\/jKali_vul4j_apache_camel_VUL4J-4\\\/camel-core\\\/src\\\/main\\\/java\\\/org\\\/apache\\\/camel\\\/builder\\\/xml\\\/XPathBuilder.java","ORIGINAL_CODE":"if (answer == null) {\\n\\n\\tif (body instanceof org.apache.camel.WrappedFile) {\\n\\n\\t\\tjava.io.InputStream is = exchange.getContext().getTypeConverter().convertTo(java.io.InputStream.class, exchange, body);\\n\\t\\tanswer = new org.xml.sax.InputSource(is);\\n\\t} else if (body instanceof org.apache.camel.component.bean.BeanInvocation) {\\n\\n\\t\\torg.apache.camel.component.bean.BeanInvocation bi = exchange.getContext().getTypeConverter().convertTo(org.apache.camel.component.bean.BeanInvocation.class, exchange, body);\\n\\t\\tif (((bi.getArgs() != null) && (bi.getArgs().length == 1)) && (bi.getArgs()[0] == null)) {\\n\\n\\t\\t\\tanswer = null;\\n\\t\\t}\\n\\t} else if (body instanceof java.lang.String) {\\n\\t\\tanswer = new org.xml.sax.InputSource(new java.io.StringReader(((java.lang.String) (body))));\\n\\t}\\n}","BUGGY_CODE_TYPE":"CtIfImpl|CtBlockImpl","OPERATOR":"ReplaceIfBooleanOp","MODIFIED_FILE_PATH":"\\\/workdir\\\/jKali_vul4j_apache_camel_VUL4J-4\\\/.\\\/output_astor\\\/AstorMain-apache_camel-VUL4J-4\\\/\\\/src\\\/\\\/variant-3\\\/org\\\/apache\\\/camel\\\/builder\\\/xml\\\/XPathBuilder.java","LINE":"1117","SUSPICIOUNESS":"1","MP_RANKING":"0","PATCH_HUNK_CODE":"if (false) {\\n\\n\\tif (body instanceof org.apache.camel.WrappedFile) {\\n\\n\\t\\tjava.io.InputStream is = exchange.getContext().getTypeConverter().convertTo(java.io.InputStream.class, exchange, body);\\n\\t\\tanswer = new org.xml.sax.InputSource(is);\\n\\t} else if (body instanceof org.apache.camel.component.bean.BeanInvocation) {\\n\\n\\t\\torg.apache.camel.component.bean.BeanInvocation bi = exchange.getContext().getTypeConverter().convertTo(org.apache.camel.component.bean.BeanInvocation.class, exchange, body);\\n\\t\\tif (((bi.getArgs() != null) && (bi.getArgs().length == 1)) && (bi.getArgs()[0] == null)) {\\n\\n\\t\\t\\tanswer = null;\\n\\t\\t}\\n\\t} else if (body instanceof java.lang.String) {\\n\\t\\tanswer = new org.xml.sax.InputSource(new java.io.StringReader(((java.lang.String) (body))));\\n\\t}\\n}","PATCH_HUNK_TYPE":"CtIfImpl|CtBlockImpl"}],"TIME":"11","GENERATION":"1","FOLDER_SOLUTION_CODE":"\\\/workdir\\\/jKali_vul4j_apache_camel_VUL4J-4\\\/.\\\/output_astor\\\/AstorMain-apache_camel-VUL4J-4\\\/\\\/src\\\/\\\/variant-3","PATCH_DIFF_ORIG":"--- \\\/workdir\\\/jKali_vul4j_apache_camel_VUL4J-4\\\/camel-core\\\/src\\\/main\\\/java\\\/org\\\/apache\\\/camel\\\/builder\\\/xml\\\/XPathBuilderjava\\n+++ \\\/workdir\\\/jKali_vul4j_apache_camel_VUL4J-4\\\/camel-core\\\/src\\\/main\\\/java\\\/org\\\/apache\\\/camel\\\/builder\\\/xml\\\/XPathBuilderjava\\n@@ -1117 +1117 @@\\n-\\t\\tif (answer == null) {\\n+\\t\\tif (false) {\\n\\n"}]}
[1255738] INFO AstorMain - Time Total(s): 1255.73
218.22user 16.77system 20:56.04elapsed 18%CPU (0avgtext+0avgdata 1392492maxresident)k
13168inputs+235936outputs (27major+1404215minor)pagefaults 0swaps


Node: 2c8178711f7b



Date: Tue Nov 15 16:08:58 EST 2022

