cd /workdir/jMutRepair_vul4j_apache_tomee_VUL4J-37;
export JAVA_TOOL_OPTIONS="-Dfile.encoding=UTF8 -Duser.language=en-US -Duser.country=US -Duser.language=en";
TZ="America/New_York"; export TZ;
export PATH="/usr/lib/jvm/java-8-openjdk-amd64/bin:$PATH";
export JAVA_HOME="/usr/lib/jvm/java-8-openjdk-amd64/bin";
time java -Xmx4g -Xms1g -XX:MaxPermSize=512m -cp /script/../libs/jtestex7.jar:/script/../repair_tools/astor.jar fr.inria.main.evolution.AstorMain \
	-mode jMutRepair \
	-location . \
	-id apache_tomee-VUL4J-37 \
	-failing org.apache.openejb.core.rmi.BlacklistClassResolverTest#wildcard \
	-jvm4testexecution /usr/lib/jvm/java-8-openjdk-amd64/bin \
	-jvm4evosuitetestexecution /usr/lib/jvm/java-8-openjdk-amd64/bin \
	-maxgen 1000000 \
	-maxtime 120 \
	-stopfirst true \
	-seed 0 \
	-scope local \
	-population 1 \
	-javacompliancelevel 8 \
	-faultlocalization perfect \
    -perfectdata /script/../data/benchmarks/vul4j/perfectfl/VUL4J-37 \
    -validation externalcmd \
    -testfailingcmd "mvn test -pl container/openejb-core -Dtest=org.apache.openejb.core.rmi.BlacklistClassResolverTest#wildcard -Dhttps.protocols=TLSv1.2 -Denforcer.skip=true -Dcheckstyle.skip=true -Dcobertura.skip=true -DskipITs=true -Drat.skip=true -Dlicense.skip=true -Dpmd.skip=true -Dfindbugs.skip=true -Dgpg.skip=true -Dskip.npm=true -Dskip.gulp=true -Dskip.bower=true -Danimal.sniffer.skip=true -V -B" \
    -testallcmd "mvn test -pl container/openejb-core -Dhttps.protocols=TLSv1.2 -Denforcer.skip=true -Dcheckstyle.skip=true -Dcobertura.skip=true -DskipITs=true -Drat.skip=true -Dlicense.skip=true -Dpmd.skip=true -Dfindbugs.skip=true -Dgpg.skip=true -Dskip.npm=true -Dskip.gulp=true -Dskip.bower=true -Danimal.sniffer.skip=true -V -B"  \ \
	-srcjavafolder container/openejb-core/src/main/java \
	-srctestfolder container/openejb-core/src/test/java \
	-binjavafolder container/openejb-core/target/classes \
	-bintestfolder container/openejb-core/target/test-classes \
	-parameters x:x \
	-dependencies /workdir/jMutRepair_vul4j_apache_tomee_VUL4J-37/container/openejb-core/target/classes:/root/.m2/repository/xmlrpc/xmlrpc/1.2-b1/xmlrpc-1.2-b1.jar:/root/.m2/repository/com/sun/xml/bind/jaxb-impl/2.2.6/jaxb-impl-2.2.6.jar:/root/.m2/repository/org/metatype/sxc/sxc-runtime/0.8/sxc-runtime-0.8.jar:/root/.m2/repository/org/apache/activemq/activemq-client/5.13.0/activemq-client-5.13.0.jar:/root/.m2/repository/org/apache/xbean/xbean-reflect/4.5/xbean-reflect-4.5.jar:/root/.m2/repository/org/apache/tomee/openejb-jee/7.0.0-SNAPSHOT/openejb-jee-7.0.0-SNAPSHOT.jar:/root/.m2/repository/org/apache/geronimo/specs/geronimo-j2ee-connector_1.6_spec/1.0/geronimo-j2ee-connector_1.6_spec-1.0.jar:/root/.m2/repository/org/apache/openwebbeans/openwebbeans-web/1.6.3/openwebbeans-web-1.6.3.jar:/root/.m2/repository/org/apache/geronimo/javamail/geronimo-javamail_1.4_mail/1.9.0-alpha-2/geronimo-javamail_1.4_mail-1.9.0-alpha-2.jar:/root/.m2/repository/org/apache/geronimo/components/geronimo-connector/3.1.3/geronimo-connector-3.1.3.jar:/root/.m2/repository/commons-collections/commons-collections/3.2.2/commons-collections-3.2.2.jar:/root/.m2/repository/org/apache/openejb/itests/failover-ejb/7.0.0-SNAPSHOT/failover-ejb-7.0.0-SNAPSHOT.jar:/root/.m2/repository/org/apache/xbean/xbean-bundleutils/4.5/xbean-bundleutils-4.5.jar:/root/.m2/repository/org/apache/tomee/openejb-itests-app/7.0.0-SNAPSHOT/openejb-itests-app-7.0.0-SNAPSHOT.jar:/root/.m2/repository/org/apache/openejb/shade/quartz-openejb-shade/2.2.1/quartz-openejb-shade-2.2.1.jar:/root/.m2/repository/org/apache/tomee/openejb-loader/7.0.0-SNAPSHOT/openejb-loader-7.0.0-SNAPSHOT.jar:/root/.m2/repository/org/apache/geronimo/components/geronimo-transaction/3.1.3/geronimo-transaction-3.1.3.jar:/root/.m2/repository/org/apache/openwebbeans/openwebbeans-ee/1.6.3/openwebbeans-ee-1.6.3.jar:/root/.m2/repository/org/apache/logging/log4j/log4j-api/2.0.1/log4j-api-2.0.1.jar:/root/.m2/repository/org/apache/commons/commons-lang3/3.4/commons-lang3-3.4.jar:/root/.m2/repository/net/sourceforge/serp/serp/1.14.1/serp-1.14.1.jar:/root/.m2/repository/xml-apis/xml-apis/1.4.01/xml-apis-1.4.01.jar:/root/.m2/repository/org/apache/activemq/activemq-jdbc-store/5.13.0/activemq-jdbc-store-5.13.0.jar:/root/.m2/repository/org/apache/commons/commons-pool2/2.3/commons-pool2-2.3.jar:/root/.m2/repository/org/slf4j/slf4j-jdk14/1.7.10/slf4j-jdk14-1.7.10.jar:/root/.m2/repository/org/apache/tomee/javaee-api/7.0/javaee-api-7.0.jar:/root/.m2/repository/org/objectweb/howl/howl/1.0.1-1/howl-1.0.1-1.jar:/root/.m2/repository/org/apache/activemq/activemq-ra/5.13.0/activemq-ra-5.13.0.jar:/root/.m2/repository/org/apache/openwebbeans/openwebbeans-spi/1.6.3/openwebbeans-spi-1.6.3.jar:/root/.m2/repository/org/beanshell/bsh/2.0b4/bsh-2.0b4.jar:/root/.m2/repository/commons-beanutils/commons-beanutils-core/1.8.3/commons-beanutils-core-1.8.3.jar:/root/.m2/repository/org/apache/tomee/openejb-jpa-integration/7.0.0-SNAPSHOT/openejb-jpa-integration-7.0.0-SNAPSHOT.jar:/root/.m2/repository/org/apache/tomee/openejb-jee-accessors/7.0.0-SNAPSHOT/openejb-jee-accessors-7.0.0-SNAPSHOT.jar:/root/.m2/repository/org/metatype/sxc/sxc-jaxb-core/0.8/sxc-jaxb-core-0.8.jar:/root/.m2/repository/org/apache/tomee/openejb-javaagent/7.0.0-SNAPSHOT/openejb-javaagent-7.0.0-SNAPSHOT.jar:/root/.m2/repository/org/hamcrest/hamcrest-core/1.3/hamcrest-core-1.3.jar:/root/.m2/repository/javax/xml/bind/jaxb-api/2.2.6/jaxb-api-2.2.6.jar:/root/.m2/repository/org/apache/tomee/openejb-itests-beans/7.0.0-SNAPSHOT/openejb-itests-beans-7.0.0-SNAPSHOT.jar:/root/.m2/repository/org/apache/tomee/openejb-api/7.0.0-SNAPSHOT/openejb-api-7.0.0-SNAPSHOT.jar:/root/.m2/repository/org/apache/openwebbeans/openwebbeans-ee-common/1.6.3/openwebbeans-ee-common-1.6.3.jar:/root/.m2/repository/org/fusesource/jansi/jansi/1.8/jansi-1.8.jar:/root/.m2/repository/org/apache/activemq/activemq-kahadb-store/5.13.0/activemq-kahadb-store-5.13.0.jar:/root/.m2/repository/org/apache/xbean/xbean-naming/4.5/xbean-naming-4.5.jar:/root/.m2/repository/xmlunit/xmlunit/1.6/xmlunit-1.6.jar:/root/.m2/repository/org/apache/tomee/mbean-annotation-api/7.0.0-SNAPSHOT/mbean-annotation-api-7.0.0-SNAPSHOT.jar:/root/.m2/repository/org/apache/commons/commons-dbcp2/2.1/commons-dbcp2-2.1.jar:/root/.m2/repository/org/codehaus/swizzle/swizzle-stream/1.6.2/swizzle-stream-1.6.2.jar:/root/.m2/repository/org/apache/openwebbeans/openwebbeans-ejb/1.6.3/openwebbeans-ejb-1.6.3.jar:/root/.m2/repository/org/apache/tomee/openejb-itests-interceptor-beans/7.0.0-SNAPSHOT/openejb-itests-interceptor-beans-7.0.0-SNAPSHOT.jar:/root/.m2/repository/org/codehaus/swizzle/swizzle-confluence/1.1/swizzle-confluence-1.1.jar:/root/.m2/repository/org/apache/tomee/openejb-itests-client/7.0.0-SNAPSHOT/openejb-itests-client-7.0.0-SNAPSHOT.jar:/root/.m2/repository/org/apache/activemq/activemq-openwire-legacy/5.13.0/activemq-openwire-legacy-5.13.0.jar:/root/.m2/repository/org/apache/bval/bval-core/1.1.1/bval-core-1.1.1.jar:/root/.m2/repository/org/apache/batchee/batchee-jbatch/0.2-incubating/batchee-jbatch-0.2-incubating.jar:/root/.m2/repository/org/testng/testng/6.8.21/testng-6.8.21.jar:/root/.m2/repository/log4j/log4j/1.2.17/log4j-1.2.17.jar:/root/.m2/repository/org/apache/activemq/protobuf/activemq-protobuf/1.1/activemq-protobuf-1.1.jar:/root/.m2/repository/org/apache/bval/bval-jsr/1.1.1/bval-jsr-1.1.1.jar:/root/.m2/repository/org/fusesource/hawtbuf/hawtbuf/1.11/hawtbuf-1.11.jar:/root/.m2/repository/org/hsqldb/hsqldb/2.3.2/hsqldb-2.3.2.jar:/root/.m2/repository/org/apache/openwebbeans/openwebbeans-impl/1.6.3/openwebbeans-impl-1.6.3.jar:/root/.m2/repository/commons-lang/commons-lang/2.6/commons-lang-2.6.jar:/root/.m2/repository/org/apache/openwebbeans/openwebbeans-el22/1.6.3/openwebbeans-el22-1.6.3.jar:/root/.m2/repository/com/beust/jcommander/1.27/jcommander-1.27.jar:/root/.m2/repository/wsdl4j/wsdl4j/1.6.3/wsdl4j-1.6.3.jar:/root/.m2/repository/org/apache/xbean/xbean-finder-shaded/4.5/xbean-finder-shaded-4.5.jar:/root/.m2/repository/commons-logging/commons-logging/1.1.1/commons-logging-1.1.1.jar:/root/.m2/repository/org/slf4j/slf4j-api/1.7.10/slf4j-api-1.7.10.jar:/root/.m2/repository/org/apache/openjpa/openjpa/2.4.1/openjpa-2.4.1.jar:/root/.m2/repository/commons-cli/commons-cli/1.2/commons-cli-1.2.jar:/root/.m2/repository/junit/junit/4.12/junit-4.12.jar:/root/.m2/repository/org/apache/activemq/activemq-broker/5.13.0/activemq-broker-5.13.0.jar:/root/.m2/repository/org/apache/xbean/xbean-asm5-shaded/4.5/xbean-asm5-shaded-4.5.jar;
	echo "\n\nNode: `hostname`\n";
	echo "\n\nDate: `date`\n";
Picked up JAVA_TOOL_OPTIONS: -Dfile.encoding=UTF8 -Duser.language=en-US -Duser.country=US -Duser.language=en
OpenJDK 64-Bit Server VM warning: ignoring option MaxPermSize=512m; support was removed in 8.0
[0] INFO ProjectConfiguration - Version of the JVM used: 1.8.0_342
[0] INFO main - Java version of the JDK used to run tests: 1.8.0_342
[0] INFO main - The compliance of the JVM is:  8
[9] INFO main - command line arguments: [-mode  jMutRepair  -location  .  -id  apache_tomee-VUL4J-37  -failing  org.apache.openejb.core.rmi.BlacklistClassResolverTest#wildcard  -jvm4testexecution  /usr/lib/jvm/java-8-openjdk-amd64/bin  -jvm4evosuitetestexecution  /usr/lib/jvm/java-8-openjdk-amd64/bin  -maxgen  1000000  -maxtime  120  -stopfirst  true  -seed  0  -scope  local  -population  1  -javacompliancelevel  8  -faultlocalization  perfect  -perfectdata  /script/../data/benchmarks/vul4j/perfectfl/VUL4J-37  -validation  externalcmd  -testfailingcmd  mvn test -pl container/openejb-core -Dtest=org.apache.openejb.core.rmi.BlacklistClassResolverTest#wildcard -Dhttps.protocols=TLSv1.2 -Denforcer.skip=true -Dcheckstyle.skip=true -Dcobertura.skip=true -DskipITs=true -Drat.skip=true -Dlicense.skip=true -Dpmd.skip=true -Dfindbugs.skip=true -Dgpg.skip=true -Dskip.npm=true -Dskip.gulp=true -Dskip.bower=true -Danimal.sniffer.skip=true -V -B  -testallcmd  mvn test -pl container/openejb-core -Dhttps.protocols=TLSv1.2 -Denforcer.skip=true -Dcheckstyle.skip=true -Dcobertura.skip=true -DskipITs=true -Drat.skip=true -Dlicense.skip=true -Dpmd.skip=true -Dfindbugs.skip=true -Dgpg.skip=true -Dskip.npm=true -Dskip.gulp=true -Dskip.bower=true -Danimal.sniffer.skip=true -V -B     -srcjavafolder  container/openejb-core/src/main/java  -srctestfolder  container/openejb-core/src/test/java  -binjavafolder  container/openejb-core/target/classes  -bintestfolder  container/openejb-core/target/test-classes  -parameters  x:x  -dependencies  /workdir/jMutRepair_vul4j_apache_tomee_VUL4J-37/container/openejb-core/target/classes:/root/.m2/repository/xmlrpc/xmlrpc/1.2-b1/xmlrpc-1.2-b1.jar:/root/.m2/repository/com/sun/xml/bind/jaxb-impl/2.2.6/jaxb-impl-2.2.6.jar:/root/.m2/repository/org/metatype/sxc/sxc-runtime/0.8/sxc-runtime-0.8.jar:/root/.m2/repository/org/apache/activemq/activemq-client/5.13.0/activemq-client-5.13.0.jar:/root/.m2/repository/org/apache/xbean/xbean-reflect/4.5/xbean-reflect-4.5.jar:/root/.m2/repository/org/apache/tomee/openejb-jee/7.0.0-SNAPSHOT/openejb-jee-7.0.0-SNAPSHOT.jar:/root/.m2/repository/org/apache/geronimo/specs/geronimo-j2ee-connector_1.6_spec/1.0/geronimo-j2ee-connector_1.6_spec-1.0.jar:/root/.m2/repository/org/apache/openwebbeans/openwebbeans-web/1.6.3/openwebbeans-web-1.6.3.jar:/root/.m2/repository/org/apache/geronimo/javamail/geronimo-javamail_1.4_mail/1.9.0-alpha-2/geronimo-javamail_1.4_mail-1.9.0-alpha-2.jar:/root/.m2/repository/org/apache/geronimo/components/geronimo-connector/3.1.3/geronimo-connector-3.1.3.jar:/root/.m2/repository/commons-collections/commons-collections/3.2.2/commons-collections-3.2.2.jar:/root/.m2/repository/org/apache/openejb/itests/failover-ejb/7.0.0-SNAPSHOT/failover-ejb-7.0.0-SNAPSHOT.jar:/root/.m2/repository/org/apache/xbean/xbean-bundleutils/4.5/xbean-bundleutils-4.5.jar:/root/.m2/repository/org/apache/tomee/openejb-itests-app/7.0.0-SNAPSHOT/openejb-itests-app-7.0.0-SNAPSHOT.jar:/root/.m2/repository/org/apache/openejb/shade/quartz-openejb-shade/2.2.1/quartz-openejb-shade-2.2.1.jar:/root/.m2/repository/org/apache/tomee/openejb-loader/7.0.0-SNAPSHOT/openejb-loader-7.0.0-SNAPSHOT.jar:/root/.m2/repository/org/apache/geronimo/components/geronimo-transaction/3.1.3/geronimo-transaction-3.1.3.jar:/root/.m2/repository/org/apache/openwebbeans/openwebbeans-ee/1.6.3/openwebbeans-ee-1.6.3.jar:/root/.m2/repository/org/apache/logging/log4j/log4j-api/2.0.1/log4j-api-2.0.1.jar:/root/.m2/repository/org/apache/commons/commons-lang3/3.4/commons-lang3-3.4.jar:/root/.m2/repository/net/sourceforge/serp/serp/1.14.1/serp-1.14.1.jar:/root/.m2/repository/xml-apis/xml-apis/1.4.01/xml-apis-1.4.01.jar:/root/.m2/repository/org/apache/activemq/activemq-jdbc-store/5.13.0/activemq-jdbc-store-5.13.0.jar:/root/.m2/repository/org/apache/commons/commons-pool2/2.3/commons-pool2-2.3.jar:/root/.m2/repository/org/slf4j/slf4j-jdk14/1.7.10/slf4j-jdk14-1.7.10.jar:/root/.m2/repository/org/apache/tomee/javaee-api/7.0/javaee-api-7.0.jar:/root/.m2/repository/org/objectweb/howl/howl/1.0.1-1/howl-1.0.1-1.jar:/root/.m2/repository/org/apache/activemq/activemq-ra/5.13.0/activemq-ra-5.13.0.jar:/root/.m2/repository/org/apache/openwebbeans/openwebbeans-spi/1.6.3/openwebbeans-spi-1.6.3.jar:/root/.m2/repository/org/beanshell/bsh/2.0b4/bsh-2.0b4.jar:/root/.m2/repository/commons-beanutils/commons-beanutils-core/1.8.3/commons-beanutils-core-1.8.3.jar:/root/.m2/repository/org/apache/tomee/openejb-jpa-integration/7.0.0-SNAPSHOT/openejb-jpa-integration-7.0.0-SNAPSHOT.jar:/root/.m2/repository/org/apache/tomee/openejb-jee-accessors/7.0.0-SNAPSHOT/openejb-jee-accessors-7.0.0-SNAPSHOT.jar:/root/.m2/repository/org/metatype/sxc/sxc-jaxb-core/0.8/sxc-jaxb-core-0.8.jar:/root/.m2/repository/org/apache/tomee/openejb-javaagent/7.0.0-SNAPSHOT/openejb-javaagent-7.0.0-SNAPSHOT.jar:/root/.m2/repository/org/hamcrest/hamcrest-core/1.3/hamcrest-core-1.3.jar:/root/.m2/repository/javax/xml/bind/jaxb-api/2.2.6/jaxb-api-2.2.6.jar:/root/.m2/repository/org/apache/tomee/openejb-itests-beans/7.0.0-SNAPSHOT/openejb-itests-beans-7.0.0-SNAPSHOT.jar:/root/.m2/repository/org/apache/tomee/openejb-api/7.0.0-SNAPSHOT/openejb-api-7.0.0-SNAPSHOT.jar:/root/.m2/repository/org/apache/openwebbeans/openwebbeans-ee-common/1.6.3/openwebbeans-ee-common-1.6.3.jar:/root/.m2/repository/org/fusesource/jansi/jansi/1.8/jansi-1.8.jar:/root/.m2/repository/org/apache/activemq/activemq-kahadb-store/5.13.0/activemq-kahadb-store-5.13.0.jar:/root/.m2/repository/org/apache/xbean/xbean-naming/4.5/xbean-naming-4.5.jar:/root/.m2/repository/xmlunit/xmlunit/1.6/xmlunit-1.6.jar:/root/.m2/repository/org/apache/tomee/mbean-annotation-api/7.0.0-SNAPSHOT/mbean-annotation-api-7.0.0-SNAPSHOT.jar:/root/.m2/repository/org/apache/commons/commons-dbcp2/2.1/commons-dbcp2-2.1.jar:/root/.m2/repository/org/codehaus/swizzle/swizzle-stream/1.6.2/swizzle-stream-1.6.2.jar:/root/.m2/repository/org/apache/openwebbeans/openwebbeans-ejb/1.6.3/openwebbeans-ejb-1.6.3.jar:/root/.m2/repository/org/apache/tomee/openejb-itests-interceptor-beans/7.0.0-SNAPSHOT/openejb-itests-interceptor-beans-7.0.0-SNAPSHOT.jar:/root/.m2/repository/org/codehaus/swizzle/swizzle-confluence/1.1/swizzle-confluence-1.1.jar:/root/.m2/repository/org/apache/tomee/openejb-itests-client/7.0.0-SNAPSHOT/openejb-itests-client-7.0.0-SNAPSHOT.jar:/root/.m2/repository/org/apache/activemq/activemq-openwire-legacy/5.13.0/activemq-openwire-legacy-5.13.0.jar:/root/.m2/repository/org/apache/bval/bval-core/1.1.1/bval-core-1.1.1.jar:/root/.m2/repository/org/apache/batchee/batchee-jbatch/0.2-incubating/batchee-jbatch-0.2-incubating.jar:/root/.m2/repository/org/testng/testng/6.8.21/testng-6.8.21.jar:/root/.m2/repository/log4j/log4j/1.2.17/log4j-1.2.17.jar:/root/.m2/repository/org/apache/activemq/protobuf/activemq-protobuf/1.1/activemq-protobuf-1.1.jar:/root/.m2/repository/org/apache/bval/bval-jsr/1.1.1/bval-jsr-1.1.1.jar:/root/.m2/repository/org/fusesource/hawtbuf/hawtbuf/1.11/hawtbuf-1.11.jar:/root/.m2/repository/org/hsqldb/hsqldb/2.3.2/hsqldb-2.3.2.jar:/root/.m2/repository/org/apache/openwebbeans/openwebbeans-impl/1.6.3/openwebbeans-impl-1.6.3.jar:/root/.m2/repository/commons-lang/commons-lang/2.6/commons-lang-2.6.jar:/root/.m2/repository/org/apache/openwebbeans/openwebbeans-el22/1.6.3/openwebbeans-el22-1.6.3.jar:/root/.m2/repository/com/beust/jcommander/1.27/jcommander-1.27.jar:/root/.m2/repository/wsdl4j/wsdl4j/1.6.3/wsdl4j-1.6.3.jar:/root/.m2/repository/org/apache/xbean/xbean-finder-shaded/4.5/xbean-finder-shaded-4.5.jar:/root/.m2/repository/commons-logging/commons-logging/1.1.1/commons-logging-1.1.1.jar:/root/.m2/repository/org/slf4j/slf4j-api/1.7.10/slf4j-api-1.7.10.jar:/root/.m2/repository/org/apache/openjpa/openjpa/2.4.1/openjpa-2.4.1.jar:/root/.m2/repository/commons-cli/commons-cli/1.2/commons-cli-1.2.jar:/root/.m2/repository/junit/junit/4.12/junit-4.12.jar:/root/.m2/repository/org/apache/activemq/activemq-broker/5.13.0/activemq-broker-5.13.0.jar:/root/.m2/repository/org/apache/xbean/xbean-asm5-shaded/4.5/xbean-asm5-shaded-4.5.jar]
[10] INFO AstorMain - Running Astor on a JDK at /usr/lib/jvm/java-8-openjdk-amd64/jre
[22] INFO main - Source folders: [/workdir/jMutRepair_vul4j_apache_tomee_VUL4J-37/./container/openejb-core/src/main/java]
[37] INFO main - Source Test folders: [/workdir/jMutRepair_vul4j_apache_tomee_VUL4J-37/./container/openejb-core/src/test/java]
[8010] INFO AstorCoreEngine - ---- Creating spoon model
[8183] INFO MutationSupporter - Creating model,  Code location from working folder: /workdir/jMutRepair_vul4j_apache_tomee_VUL4J-37/./container/openejb-core/src/main/java
[8183] INFO MutationSupporter - building model: /workdir/jMutRepair_vul4j_apache_tomee_VUL4J-37/./container/openejb-core/src/main/java, compliance level: 8
[9304] INFO MutationSupporter - Classpath (Dependencies) for building SpoonModel: [/workdir/jMutRepair_vul4j_apache_tomee_VUL4J-37/container/openejb-core/target/classes/, /root/.m2/repository/xmlrpc/xmlrpc/1.2-b1/xmlrpc-1.2-b1.jar, /root/.m2/repository/com/sun/xml/bind/jaxb-impl/2.2.6/jaxb-impl-2.2.6.jar, /root/.m2/repository/org/metatype/sxc/sxc-runtime/0.8/sxc-runtime-0.8.jar, /root/.m2/repository/org/apache/activemq/activemq-client/5.13.0/activemq-client-5.13.0.jar, /root/.m2/repository/org/apache/xbean/xbean-reflect/4.5/xbean-reflect-4.5.jar, /root/.m2/repository/org/apache/tomee/openejb-jee/7.0.0-SNAPSHOT/openejb-jee-7.0.0-SNAPSHOT.jar, /root/.m2/repository/org/apache/geronimo/specs/geronimo-j2ee-connector_1.6_spec/1.0/geronimo-j2ee-connector_1.6_spec-1.0.jar, /root/.m2/repository/org/apache/openwebbeans/openwebbeans-web/1.6.3/openwebbeans-web-1.6.3.jar, /root/.m2/repository/org/apache/geronimo/javamail/geronimo-javamail_1.4_mail/1.9.0-alpha-2/geronimo-javamail_1.4_mail-1.9.0-alpha-2.jar, /root/.m2/repository/org/apache/geronimo/components/geronimo-connector/3.1.3/geronimo-connector-3.1.3.jar, /root/.m2/repository/commons-collections/commons-collections/3.2.2/commons-collections-3.2.2.jar, /root/.m2/repository/org/apache/openejb/itests/failover-ejb/7.0.0-SNAPSHOT/failover-ejb-7.0.0-SNAPSHOT.jar, /root/.m2/repository/org/apache/xbean/xbean-bundleutils/4.5/xbean-bundleutils-4.5.jar, /root/.m2/repository/org/apache/tomee/openejb-itests-app/7.0.0-SNAPSHOT/openejb-itests-app-7.0.0-SNAPSHOT.jar, /root/.m2/repository/org/apache/openejb/shade/quartz-openejb-shade/2.2.1/quartz-openejb-shade-2.2.1.jar, /root/.m2/repository/org/apache/tomee/openejb-loader/7.0.0-SNAPSHOT/openejb-loader-7.0.0-SNAPSHOT.jar, /root/.m2/repository/org/apache/geronimo/components/geronimo-transaction/3.1.3/geronimo-transaction-3.1.3.jar, /root/.m2/repository/org/apache/openwebbeans/openwebbeans-ee/1.6.3/openwebbeans-ee-1.6.3.jar, /root/.m2/repository/org/apache/logging/log4j/log4j-api/2.0.1/log4j-api-2.0.1.jar, /root/.m2/repository/org/apache/commons/commons-lang3/3.4/commons-lang3-3.4.jar, /root/.m2/repository/net/sourceforge/serp/serp/1.14.1/serp-1.14.1.jar, /root/.m2/repository/xml-apis/xml-apis/1.4.01/xml-apis-1.4.01.jar, /root/.m2/repository/org/apache/activemq/activemq-jdbc-store/5.13.0/activemq-jdbc-store-5.13.0.jar, /root/.m2/repository/org/apache/commons/commons-pool2/2.3/commons-pool2-2.3.jar, /root/.m2/repository/org/slf4j/slf4j-jdk14/1.7.10/slf4j-jdk14-1.7.10.jar, /root/.m2/repository/org/apache/tomee/javaee-api/7.0/javaee-api-7.0.jar, /root/.m2/repository/org/objectweb/howl/howl/1.0.1-1/howl-1.0.1-1.jar, /root/.m2/repository/org/apache/activemq/activemq-ra/5.13.0/activemq-ra-5.13.0.jar, /root/.m2/repository/org/apache/openwebbeans/openwebbeans-spi/1.6.3/openwebbeans-spi-1.6.3.jar, /root/.m2/repository/org/beanshell/bsh/2.0b4/bsh-2.0b4.jar, /root/.m2/repository/commons-beanutils/commons-beanutils-core/1.8.3/commons-beanutils-core-1.8.3.jar, /root/.m2/repository/org/apache/tomee/openejb-jpa-integration/7.0.0-SNAPSHOT/openejb-jpa-integration-7.0.0-SNAPSHOT.jar, /root/.m2/repository/org/apache/tomee/openejb-jee-accessors/7.0.0-SNAPSHOT/openejb-jee-accessors-7.0.0-SNAPSHOT.jar, /root/.m2/repository/org/metatype/sxc/sxc-jaxb-core/0.8/sxc-jaxb-core-0.8.jar, /root/.m2/repository/org/apache/tomee/openejb-javaagent/7.0.0-SNAPSHOT/openejb-javaagent-7.0.0-SNAPSHOT.jar, /root/.m2/repository/org/hamcrest/hamcrest-core/1.3/hamcrest-core-1.3.jar, /root/.m2/repository/javax/xml/bind/jaxb-api/2.2.6/jaxb-api-2.2.6.jar, /root/.m2/repository/org/apache/tomee/openejb-itests-beans/7.0.0-SNAPSHOT/openejb-itests-beans-7.0.0-SNAPSHOT.jar, /root/.m2/repository/org/apache/tomee/openejb-api/7.0.0-SNAPSHOT/openejb-api-7.0.0-SNAPSHOT.jar, /root/.m2/repository/org/apache/openwebbeans/openwebbeans-ee-common/1.6.3/openwebbeans-ee-common-1.6.3.jar, /root/.m2/repository/org/fusesource/jansi/jansi/1.8/jansi-1.8.jar, /root/.m2/repository/org/apache/activemq/activemq-kahadb-store/5.13.0/activemq-kahadb-store-5.13.0.jar, /root/.m2/repository/org/apache/xbean/xbean-naming/4.5/xbean-naming-4.5.jar, /root/.m2/repository/xmlunit/xmlunit/1.6/xmlunit-1.6.jar, /root/.m2/repository/org/apache/tomee/mbean-annotation-api/7.0.0-SNAPSHOT/mbean-annotation-api-7.0.0-SNAPSHOT.jar, /root/.m2/repository/org/apache/commons/commons-dbcp2/2.1/commons-dbcp2-2.1.jar, /root/.m2/repository/org/codehaus/swizzle/swizzle-stream/1.6.2/swizzle-stream-1.6.2.jar, /root/.m2/repository/org/apache/openwebbeans/openwebbeans-ejb/1.6.3/openwebbeans-ejb-1.6.3.jar, /root/.m2/repository/org/apache/tomee/openejb-itests-interceptor-beans/7.0.0-SNAPSHOT/openejb-itests-interceptor-beans-7.0.0-SNAPSHOT.jar, /root/.m2/repository/org/codehaus/swizzle/swizzle-confluence/1.1/swizzle-confluence-1.1.jar, /root/.m2/repository/org/apache/tomee/openejb-itests-client/7.0.0-SNAPSHOT/openejb-itests-client-7.0.0-SNAPSHOT.jar, /root/.m2/repository/org/apache/activemq/activemq-openwire-legacy/5.13.0/activemq-openwire-legacy-5.13.0.jar, /root/.m2/repository/org/apache/bval/bval-core/1.1.1/bval-core-1.1.1.jar, /root/.m2/repository/org/apache/batchee/batchee-jbatch/0.2-incubating/batchee-jbatch-0.2-incubating.jar, /root/.m2/repository/org/testng/testng/6.8.21/testng-6.8.21.jar, /root/.m2/repository/log4j/log4j/1.2.17/log4j-1.2.17.jar, /root/.m2/repository/org/apache/activemq/protobuf/activemq-protobuf/1.1/activemq-protobuf-1.1.jar, /root/.m2/repository/org/apache/bval/bval-jsr/1.1.1/bval-jsr-1.1.1.jar, /root/.m2/repository/org/fusesource/hawtbuf/hawtbuf/1.11/hawtbuf-1.11.jar, /root/.m2/repository/org/hsqldb/hsqldb/2.3.2/hsqldb-2.3.2.jar, /root/.m2/repository/org/apache/openwebbeans/openwebbeans-impl/1.6.3/openwebbeans-impl-1.6.3.jar, /root/.m2/repository/commons-lang/commons-lang/2.6/commons-lang-2.6.jar, /root/.m2/repository/org/apache/openwebbeans/openwebbeans-el22/1.6.3/openwebbeans-el22-1.6.3.jar, /root/.m2/repository/com/beust/jcommander/1.27/jcommander-1.27.jar, /root/.m2/repository/wsdl4j/wsdl4j/1.6.3/wsdl4j-1.6.3.jar, /root/.m2/repository/org/apache/xbean/xbean-finder-shaded/4.5/xbean-finder-shaded-4.5.jar, /root/.m2/repository/commons-logging/commons-logging/1.1.1/commons-logging-1.1.1.jar, /root/.m2/repository/org/slf4j/slf4j-api/1.7.10/slf4j-api-1.7.10.jar, /root/.m2/repository/org/apache/openjpa/openjpa/2.4.1/openjpa-2.4.1.jar, /root/.m2/repository/commons-cli/commons-cli/1.2/commons-cli-1.2.jar, /root/.m2/repository/junit/junit/4.12/junit-4.12.jar, /root/.m2/repository/org/apache/activemq/activemq-broker/5.13.0/activemq-broker-5.13.0.jar, /root/.m2/repository/org/apache/xbean/xbean-asm5-shaded/4.5/xbean-asm5-shaded-4.5.jar]
[68956] ERROR MutationSupporter - Problem compiling the model with compliance level 8
[68957] ERROR MutationSupporter - Cannot infer type arguments for ClassPredicate<> at /workdir/jMutRepair_vul4j_apache_tomee_VUL4J-37/container/openejb-core/src/main/java/org/apache/openejb/config/FinderFactory.java:347
spoon.compiler.ModelBuildingException: Cannot infer type arguments for ClassPredicate<> at /workdir/jMutRepair_vul4j_apache_tomee_VUL4J-37/container/openejb-core/src/main/java/org/apache/openejb/config/FinderFactory.java:347
	at spoon.support.compiler.jdt.JDTBasedSpoonCompiler.report(JDTBasedSpoonCompiler.java:649)
	at spoon.support.compiler.jdt.JDTBasedSpoonCompiler.reportProblems(JDTBasedSpoonCompiler.java:631)
	at spoon.support.compiler.jdt.JDTBasedSpoonCompiler.build(JDTBasedSpoonCompiler.java:118)
	at spoon.support.compiler.jdt.JDTBasedSpoonCompiler.build(JDTBasedSpoonCompiler.java:99)
	at fr.inria.astor.core.manipulation.MutationSupporter.buildModel(MutationSupporter.java:85)
	at fr.inria.astor.core.manipulation.MutationSupporter.buildSpoonModel(MutationSupporter.java:240)
	at fr.inria.astor.core.solutionsearch.AstorCoreEngine.initModel(AstorCoreEngine.java:775)
	at fr.inria.main.evolution.AstorMain.createEngine(AstorMain.java:113)
	at fr.inria.main.evolution.AstorMain.run(AstorMain.java:173)
	at fr.inria.main.evolution.AstorMain.execute(AstorMain.java:233)
	at fr.inria.main.evolution.AstorMain.main(AstorMain.java:204)
[68961] INFO MutationSupporter - Recompiling with compliance level 8
[68961] INFO MutationSupporter - building model: /workdir/jMutRepair_vul4j_apache_tomee_VUL4J-37/./container/openejb-core/src/main/java, compliance level: 8
[69802] INFO MutationSupporter - Classpath (Dependencies) for building SpoonModel: [/workdir/jMutRepair_vul4j_apache_tomee_VUL4J-37/container/openejb-core/target/classes/, /root/.m2/repository/xmlrpc/xmlrpc/1.2-b1/xmlrpc-1.2-b1.jar, /root/.m2/repository/com/sun/xml/bind/jaxb-impl/2.2.6/jaxb-impl-2.2.6.jar, /root/.m2/repository/org/metatype/sxc/sxc-runtime/0.8/sxc-runtime-0.8.jar, /root/.m2/repository/org/apache/activemq/activemq-client/5.13.0/activemq-client-5.13.0.jar, /root/.m2/repository/org/apache/xbean/xbean-reflect/4.5/xbean-reflect-4.5.jar, /root/.m2/repository/org/apache/tomee/openejb-jee/7.0.0-SNAPSHOT/openejb-jee-7.0.0-SNAPSHOT.jar, /root/.m2/repository/org/apache/geronimo/specs/geronimo-j2ee-connector_1.6_spec/1.0/geronimo-j2ee-connector_1.6_spec-1.0.jar, /root/.m2/repository/org/apache/openwebbeans/openwebbeans-web/1.6.3/openwebbeans-web-1.6.3.jar, /root/.m2/repository/org/apache/geronimo/javamail/geronimo-javamail_1.4_mail/1.9.0-alpha-2/geronimo-javamail_1.4_mail-1.9.0-alpha-2.jar, /root/.m2/repository/org/apache/geronimo/components/geronimo-connector/3.1.3/geronimo-connector-3.1.3.jar, /root/.m2/repository/commons-collections/commons-collections/3.2.2/commons-collections-3.2.2.jar, /root/.m2/repository/org/apache/openejb/itests/failover-ejb/7.0.0-SNAPSHOT/failover-ejb-7.0.0-SNAPSHOT.jar, /root/.m2/repository/org/apache/xbean/xbean-bundleutils/4.5/xbean-bundleutils-4.5.jar, /root/.m2/repository/org/apache/tomee/openejb-itests-app/7.0.0-SNAPSHOT/openejb-itests-app-7.0.0-SNAPSHOT.jar, /root/.m2/repository/org/apache/openejb/shade/quartz-openejb-shade/2.2.1/quartz-openejb-shade-2.2.1.jar, /root/.m2/repository/org/apache/tomee/openejb-loader/7.0.0-SNAPSHOT/openejb-loader-7.0.0-SNAPSHOT.jar, /root/.m2/repository/org/apache/geronimo/components/geronimo-transaction/3.1.3/geronimo-transaction-3.1.3.jar, /root/.m2/repository/org/apache/openwebbeans/openwebbeans-ee/1.6.3/openwebbeans-ee-1.6.3.jar, /root/.m2/repository/org/apache/logging/log4j/log4j-api/2.0.1/log4j-api-2.0.1.jar, /root/.m2/repository/org/apache/commons/commons-lang3/3.4/commons-lang3-3.4.jar, /root/.m2/repository/net/sourceforge/serp/serp/1.14.1/serp-1.14.1.jar, /root/.m2/repository/xml-apis/xml-apis/1.4.01/xml-apis-1.4.01.jar, /root/.m2/repository/org/apache/activemq/activemq-jdbc-store/5.13.0/activemq-jdbc-store-5.13.0.jar, /root/.m2/repository/org/apache/commons/commons-pool2/2.3/commons-pool2-2.3.jar, /root/.m2/repository/org/slf4j/slf4j-jdk14/1.7.10/slf4j-jdk14-1.7.10.jar, /root/.m2/repository/org/apache/tomee/javaee-api/7.0/javaee-api-7.0.jar, /root/.m2/repository/org/objectweb/howl/howl/1.0.1-1/howl-1.0.1-1.jar, /root/.m2/repository/org/apache/activemq/activemq-ra/5.13.0/activemq-ra-5.13.0.jar, /root/.m2/repository/org/apache/openwebbeans/openwebbeans-spi/1.6.3/openwebbeans-spi-1.6.3.jar, /root/.m2/repository/org/beanshell/bsh/2.0b4/bsh-2.0b4.jar, /root/.m2/repository/commons-beanutils/commons-beanutils-core/1.8.3/commons-beanutils-core-1.8.3.jar, /root/.m2/repository/org/apache/tomee/openejb-jpa-integration/7.0.0-SNAPSHOT/openejb-jpa-integration-7.0.0-SNAPSHOT.jar, /root/.m2/repository/org/apache/tomee/openejb-jee-accessors/7.0.0-SNAPSHOT/openejb-jee-accessors-7.0.0-SNAPSHOT.jar, /root/.m2/repository/org/metatype/sxc/sxc-jaxb-core/0.8/sxc-jaxb-core-0.8.jar, /root/.m2/repository/org/apache/tomee/openejb-javaagent/7.0.0-SNAPSHOT/openejb-javaagent-7.0.0-SNAPSHOT.jar, /root/.m2/repository/org/hamcrest/hamcrest-core/1.3/hamcrest-core-1.3.jar, /root/.m2/repository/javax/xml/bind/jaxb-api/2.2.6/jaxb-api-2.2.6.jar, /root/.m2/repository/org/apache/tomee/openejb-itests-beans/7.0.0-SNAPSHOT/openejb-itests-beans-7.0.0-SNAPSHOT.jar, /root/.m2/repository/org/apache/tomee/openejb-api/7.0.0-SNAPSHOT/openejb-api-7.0.0-SNAPSHOT.jar, /root/.m2/repository/org/apache/openwebbeans/openwebbeans-ee-common/1.6.3/openwebbeans-ee-common-1.6.3.jar, /root/.m2/repository/org/fusesource/jansi/jansi/1.8/jansi-1.8.jar, /root/.m2/repository/org/apache/activemq/activemq-kahadb-store/5.13.0/activemq-kahadb-store-5.13.0.jar, /root/.m2/repository/org/apache/xbean/xbean-naming/4.5/xbean-naming-4.5.jar, /root/.m2/repository/xmlunit/xmlunit/1.6/xmlunit-1.6.jar, /root/.m2/repository/org/apache/tomee/mbean-annotation-api/7.0.0-SNAPSHOT/mbean-annotation-api-7.0.0-SNAPSHOT.jar, /root/.m2/repository/org/apache/commons/commons-dbcp2/2.1/commons-dbcp2-2.1.jar, /root/.m2/repository/org/codehaus/swizzle/swizzle-stream/1.6.2/swizzle-stream-1.6.2.jar, /root/.m2/repository/org/apache/openwebbeans/openwebbeans-ejb/1.6.3/openwebbeans-ejb-1.6.3.jar, /root/.m2/repository/org/apache/tomee/openejb-itests-interceptor-beans/7.0.0-SNAPSHOT/openejb-itests-interceptor-beans-7.0.0-SNAPSHOT.jar, /root/.m2/repository/org/codehaus/swizzle/swizzle-confluence/1.1/swizzle-confluence-1.1.jar, /root/.m2/repository/org/apache/tomee/openejb-itests-client/7.0.0-SNAPSHOT/openejb-itests-client-7.0.0-SNAPSHOT.jar, /root/.m2/repository/org/apache/activemq/activemq-openwire-legacy/5.13.0/activemq-openwire-legacy-5.13.0.jar, /root/.m2/repository/org/apache/bval/bval-core/1.1.1/bval-core-1.1.1.jar, /root/.m2/repository/org/apache/batchee/batchee-jbatch/0.2-incubating/batchee-jbatch-0.2-incubating.jar, /root/.m2/repository/org/testng/testng/6.8.21/testng-6.8.21.jar, /root/.m2/repository/log4j/log4j/1.2.17/log4j-1.2.17.jar, /root/.m2/repository/org/apache/activemq/protobuf/activemq-protobuf/1.1/activemq-protobuf-1.1.jar, /root/.m2/repository/org/apache/bval/bval-jsr/1.1.1/bval-jsr-1.1.1.jar, /root/.m2/repository/org/fusesource/hawtbuf/hawtbuf/1.11/hawtbuf-1.11.jar, /root/.m2/repository/org/hsqldb/hsqldb/2.3.2/hsqldb-2.3.2.jar, /root/.m2/repository/org/apache/openwebbeans/openwebbeans-impl/1.6.3/openwebbeans-impl-1.6.3.jar, /root/.m2/repository/commons-lang/commons-lang/2.6/commons-lang-2.6.jar, /root/.m2/repository/org/apache/openwebbeans/openwebbeans-el22/1.6.3/openwebbeans-el22-1.6.3.jar, /root/.m2/repository/com/beust/jcommander/1.27/jcommander-1.27.jar, /root/.m2/repository/wsdl4j/wsdl4j/1.6.3/wsdl4j-1.6.3.jar, /root/.m2/repository/org/apache/xbean/xbean-finder-shaded/4.5/xbean-finder-shaded-4.5.jar, /root/.m2/repository/commons-logging/commons-logging/1.1.1/commons-logging-1.1.1.jar, /root/.m2/repository/org/slf4j/slf4j-api/1.7.10/slf4j-api-1.7.10.jar, /root/.m2/repository/org/apache/openjpa/openjpa/2.4.1/openjpa-2.4.1.jar, /root/.m2/repository/commons-cli/commons-cli/1.2/commons-cli-1.2.jar, /root/.m2/repository/junit/junit/4.12/junit-4.12.jar, /root/.m2/repository/org/apache/activemq/activemq-broker/5.13.0/activemq-broker-5.13.0.jar, /root/.m2/repository/org/apache/xbean/xbean-asm5-shaded/4.5/xbean-asm5-shaded-4.5.jar]
spoon.compiler.ModelBuildingException: Cannot infer type arguments for ClassPredicate<> at /workdir/jMutRepair_vul4j_apache_tomee_VUL4J-37/container/openejb-core/src/main/java/org/apache/openejb/config/FinderFactory.java:347
	at spoon.support.compiler.jdt.JDTBasedSpoonCompiler.report(JDTBasedSpoonCompiler.java:649)
	at spoon.support.compiler.jdt.JDTBasedSpoonCompiler.reportProblems(JDTBasedSpoonCompiler.java:631)
	at spoon.support.compiler.jdt.JDTBasedSpoonCompiler.build(JDTBasedSpoonCompiler.java:118)
	at spoon.support.compiler.jdt.JDTBasedSpoonCompiler.build(JDTBasedSpoonCompiler.java:99)
	at fr.inria.astor.core.manipulation.MutationSupporter.buildModel(MutationSupporter.java:85)
	at fr.inria.astor.core.manipulation.MutationSupporter.buildSpoonModel(MutationSupporter.java:253)
	at fr.inria.astor.core.solutionsearch.AstorCoreEngine.initModel(AstorCoreEngine.java:775)
	at fr.inria.main.evolution.AstorMain.createEngine(AstorMain.java:113)
	at fr.inria.main.evolution.AstorMain.run(AstorMain.java:173)
	at fr.inria.main.evolution.AstorMain.execute(AstorMain.java:233)
	at fr.inria.main.evolution.AstorMain.main(AstorMain.java:204)
[105100] ERROR MutationSupporter - Error compiling: Cannot infer type arguments for ClassPredicate<> at /workdir/jMutRepair_vul4j_apache_tomee_VUL4J-37/container/openejb-core/src/main/java/org/apache/openejb/config/FinderFactory.java:347
[106756] ERROR MutationSupporter - Astor continues when model build fails. Classes created: 989
[107551] INFO AstorCoreEngine - Number of CtTypes created: 989
[109651] INFO AstorCoreEngine - Test retrieved from classes: 0
[110080] INFO AstorCoreEngine - Setting up the max to 4300 milliseconds (4 sec)
[110080] INFO AstorCoreEngine - ---- Initial suspicious size: 5
[110096] INFO main -  Not ctClass for suspicious code Candidate [className=org.apache.openejb.arquillian.common.Setup, methodName=null, lineNumber=302, susp=1.0]
[110097] INFO main -  Not ctClass for suspicious code Candidate [className=org.apache.openejb.arquillian.embedded.EmbeddedTomEEConfiguration, methodName=null, lineNumber=175, susp=1.0]
[110830] INFO main -  Not ctClass for suspicious code Candidate [className=org.apache.openejb.client.EjbObjectInputStream, methodName=null, lineNumber=126, susp=1.0]
[110831] INFO main -  Not ctClass for suspicious code Candidate [className=org.apache.tomee.installer.Installer, methodName=null, lineNumber=704, susp=1.0]
[110831] INFO main - Total suspicious from FL: 5,  1
[110831] INFO main - Total ModPoint created: 1
[110831] INFO main - Creating program variant #1, [Variant id: 1, #gens: 1, #ops: 0, parent:-]
[110831] INFO main - Run previously failing tests...
[179781] INFO main - Failed tests: 1
[179783] INFO AstorCoreEngine - The original fitness is : 1.0
[179784] WARN ConfigurationProperties - ----------------------------
[179784] INFO ConfigurationProperties - ---Configuration properties
[179784] INFO ConfigurationProperties - p:lastJUnitVersion= ./examples/libs/junit-4.11.jar
[179784] INFO ConfigurationProperties - p:alternativecompliancelevel= 8
[179784] INFO ConfigurationProperties - p:ignoredTestCases= 
[179784] INFO ConfigurationProperties - p:workingDirectory= /workdir/jMutRepair_vul4j_apache_tomee_VUL4J-37/./output_astor
[179784] INFO ConfigurationProperties - p:manipulatesuper= false
[179785] INFO ConfigurationProperties - p:validation= externalcmd
[179785] INFO ConfigurationProperties - p:jvm4testexecution= /usr/lib/jvm/java-8-openjdk-amd64/bin
[179785] INFO ConfigurationProperties - p:operatorspace= mutationspace
[179785] INFO ConfigurationProperties - p:diffcontext= 0
[179785] INFO ConfigurationProperties - p:binjavafolder= container/openejb-core/target/classes
[179785] INFO ConfigurationProperties - p:synthesis_depth= 3
[179790] INFO ConfigurationProperties - p:gzoltartestpackagetoexclude= junit.framework
[179790] INFO ConfigurationProperties - p:skipfitnessinitialpopulation= false
[179791] INFO ConfigurationProperties - p:evosuiteresultfolder= evosuite
[179791] INFO ConfigurationProperties - p:flthreshold= 0.1
[179791] INFO ConfigurationProperties - p:regressionforfaultlocalization= true
[179791] INFO ConfigurationProperties - p:collectonlyusedmethod= false
[179791] INFO ConfigurationProperties - p:preservelinenumbers= true
[179794] INFO ConfigurationProperties - p:tmax2= 4300
[179794] INFO ConfigurationProperties - p:tmax1= 10000
[179794] INFO ConfigurationProperties - p:probagenmutation= false
[179794] INFO ConfigurationProperties - p:nomodificationconvergence= 100
[179794] INFO ConfigurationProperties - p:diff_type= relative
[179794] INFO ConfigurationProperties - p:targetelementprocessor= if-conditions:return-op-mutation
[179794] INFO ConfigurationProperties - p:srctestfolder= container/openejb-core/src/test/java
[179794] INFO ConfigurationProperties - p:forceExecuteRegression= false
[179794] INFO ConfigurationProperties - p:clusteringfilename= clustering.csv
[179794] INFO ConfigurationProperties - p:failing= org.apache.openejb.core.rmi.BlacklistClassResolverTest#wildcard
[179794] INFO ConfigurationProperties - p:logtestexecution= false
[179795] INFO ConfigurationProperties - p:evo_buggy_class= true
[179800] INFO ConfigurationProperties - p:numberExecutions= 1
[179800] INFO ConfigurationProperties - p:maxnumbersolutions= 1000000
[179800] INFO ConfigurationProperties - p:evo_affected_by_op= true
[179800] INFO ConfigurationProperties - p:population= 1
[179800] INFO ConfigurationProperties - p:considerzerovaluesusp= false
[179800] INFO ConfigurationProperties - p:maxCombinationVariableLimit= false
[179800] INFO ConfigurationProperties - p:savesolution= true
[179800] INFO ConfigurationProperties - p:javacompliancelevel= 8
[179800] INFO ConfigurationProperties - p:x= x
[179800] INFO ConfigurationProperties - p:uniqueoptogen= false
[179800] INFO ConfigurationProperties - p:gzoltarpackagetonotinstrument= junit.framework
[179800] INFO ConfigurationProperties - p:projectIdentifier= apache_tomee-VUL4J-37
[179800] INFO ConfigurationProperties - p:modificationpointnavigation= weight
[179800] INFO ConfigurationProperties - p:stopfirst= true
[179800] INFO ConfigurationProperties - p:multipointmodification= false
[179800] INFO ConfigurationProperties - p:elementsToMutate= 10
[179805] INFO ConfigurationProperties - p:jsonoutputname= astor_output
[179805] INFO ConfigurationProperties - p:evoDSE= false
[179805] INFO ConfigurationProperties - p:bintestfolder= container/openejb-core/target/test-classes
[179805] INFO ConfigurationProperties - p:testbystep= false
[179806] INFO ConfigurationProperties - p:version-location= ./math-version/
[179806] INFO ConfigurationProperties - p:reintroduce= PARENTS:ORIGINAL
[179806] INFO ConfigurationProperties - p:perfectdata= /script/../data/benchmarks/vul4j/perfectfl/VUL4J-37
[179806] INFO ConfigurationProperties - p:executorjar= ./lib/jtestex7.jar
[179806] INFO ConfigurationProperties - p:maxGeneration= 1000000
[179806] INFO ConfigurationProperties - p:max_synthesis_step= 10000
[179806] INFO ConfigurationProperties - p:projectinfocommand= com.github.tdurieux:project-config-maven-plugin:info
[179806] INFO ConfigurationProperties - p:maxVarCombination= 1000
[179806] INFO ConfigurationProperties - p:maxtime= 120
[179806] INFO ConfigurationProperties - p:evosuitejar= ./lib/evosuite-master-1.0.4-SNAPSHOT.jar
[179806] INFO ConfigurationProperties - p:jvmversion= 1.8.0_342
[179806] INFO ConfigurationProperties - p:commandTrunk= 50000
[179806] INFO ConfigurationProperties - p:faultlocalization= perfect
[179806] INFO ConfigurationProperties - p:resetmodel= true
[179806] INFO ConfigurationProperties - p:maxsuspcandidates= 1000
[179806] INFO ConfigurationProperties - p:mode= jMutRepair
[179806] INFO ConfigurationProperties - p:learningdir= 
[179806] INFO ConfigurationProperties - p:jvm4evosuitetestexecution= /usr/lib/jvm/java-8-openjdk-amd64/bin
[179806] INFO ConfigurationProperties - p:filterfaultlocalization= true
[179806] INFO ConfigurationProperties - p:mutationrate= 1 
[179807] INFO ConfigurationProperties - p:pathToMVNRepository= 
[179807] INFO ConfigurationProperties - p:resourcesfolder= /src/main/resources:/src/test/resources:
[179807] INFO ConfigurationProperties - p:timezone= America/Los_Angeles
[179807] INFO ConfigurationProperties - p:runjava7code= false
[179807] INFO ConfigurationProperties - p:testfailingcmd= mvn test -pl container/openejb-core -Dtest=org.apache.openejb.core.rmi.BlacklistClassResolverTest#wildcard -Dhttps.protocols=TLSv1.2 -Denforcer.skip=true -Dcheckstyle.skip=true -Dcobertura.skip=true -DskipITs=true -Drat.skip=true -Dlicense.skip=true -Dpmd.skip=true -Dfindbugs.skip=true -Dgpg.skip=true -Dskip.npm=true -Dskip.gulp=true -Dskip.bower=true -Danimal.sniffer.skip=true -V -B
[179807] INFO ConfigurationProperties - p:evoRunOnBuggyClass= true
[179807] INFO ConfigurationProperties - p:compiler= fr.inria.astor.core.manipulation.bytecode.compiler.SpoonClassCompiler
[179807] INFO ConfigurationProperties - p:limitbysuspicious= true
[179807] INFO ConfigurationProperties - p:logsattemps= true
[179807] INFO ConfigurationProperties - p:dependenciespath= /workdir/jMutRepair_vul4j_apache_tomee_VUL4J-37/container/openejb-core/target/classes:/root/.m2/repository/xmlrpc/xmlrpc/1.2-b1/xmlrpc-1.2-b1.jar:/root/.m2/repository/com/sun/xml/bind/jaxb-impl/2.2.6/jaxb-impl-2.2.6.jar:/root/.m2/repository/org/metatype/sxc/sxc-runtime/0.8/sxc-runtime-0.8.jar:/root/.m2/repository/org/apache/activemq/activemq-client/5.13.0/activemq-client-5.13.0.jar:/root/.m2/repository/org/apache/xbean/xbean-reflect/4.5/xbean-reflect-4.5.jar:/root/.m2/repository/org/apache/tomee/openejb-jee/7.0.0-SNAPSHOT/openejb-jee-7.0.0-SNAPSHOT.jar:/root/.m2/repository/org/apache/geronimo/specs/geronimo-j2ee-connector_1.6_spec/1.0/geronimo-j2ee-connector_1.6_spec-1.0.jar:/root/.m2/repository/org/apache/openwebbeans/openwebbeans-web/1.6.3/openwebbeans-web-1.6.3.jar:/root/.m2/repository/org/apache/geronimo/javamail/geronimo-javamail_1.4_mail/1.9.0-alpha-2/geronimo-javamail_1.4_mail-1.9.0-alpha-2.jar:/root/.m2/repository/org/apache/geronimo/components/geronimo-connector/3.1.3/geronimo-connector-3.1.3.jar:/root/.m2/repository/commons-collections/commons-collections/3.2.2/commons-collections-3.2.2.jar:/root/.m2/repository/org/apache/openejb/itests/failover-ejb/7.0.0-SNAPSHOT/failover-ejb-7.0.0-SNAPSHOT.jar:/root/.m2/repository/org/apache/xbean/xbean-bundleutils/4.5/xbean-bundleutils-4.5.jar:/root/.m2/repository/org/apache/tomee/openejb-itests-app/7.0.0-SNAPSHOT/openejb-itests-app-7.0.0-SNAPSHOT.jar:/root/.m2/repository/org/apache/openejb/shade/quartz-openejb-shade/2.2.1/quartz-openejb-shade-2.2.1.jar:/root/.m2/repository/org/apache/tomee/openejb-loader/7.0.0-SNAPSHOT/openejb-loader-7.0.0-SNAPSHOT.jar:/root/.m2/repository/org/apache/geronimo/components/geronimo-transaction/3.1.3/geronimo-transaction-3.1.3.jar:/root/.m2/repository/org/apache/openwebbeans/openwebbeans-ee/1.6.3/openwebbeans-ee-1.6.3.jar:/root/.m2/repository/org/apache/logging/log4j/log4j-api/2.0.1/log4j-api-2.0.1.jar:/root/.m2/repository/org/apache/commons/commons-lang3/3.4/commons-lang3-3.4.jar:/root/.m2/repository/net/sourceforge/serp/serp/1.14.1/serp-1.14.1.jar:/root/.m2/repository/xml-apis/xml-apis/1.4.01/xml-apis-1.4.01.jar:/root/.m2/repository/org/apache/activemq/activemq-jdbc-store/5.13.0/activemq-jdbc-store-5.13.0.jar:/root/.m2/repository/org/apache/commons/commons-pool2/2.3/commons-pool2-2.3.jar:/root/.m2/repository/org/slf4j/slf4j-jdk14/1.7.10/slf4j-jdk14-1.7.10.jar:/root/.m2/repository/org/apache/tomee/javaee-api/7.0/javaee-api-7.0.jar:/root/.m2/repository/org/objectweb/howl/howl/1.0.1-1/howl-1.0.1-1.jar:/root/.m2/repository/org/apache/activemq/activemq-ra/5.13.0/activemq-ra-5.13.0.jar:/root/.m2/repository/org/apache/openwebbeans/openwebbeans-spi/1.6.3/openwebbeans-spi-1.6.3.jar:/root/.m2/repository/org/beanshell/bsh/2.0b4/bsh-2.0b4.jar:/root/.m2/repository/commons-beanutils/commons-beanutils-core/1.8.3/commons-beanutils-core-1.8.3.jar:/root/.m2/repository/org/apache/tomee/openejb-jpa-integration/7.0.0-SNAPSHOT/openejb-jpa-integration-7.0.0-SNAPSHOT.jar:/root/.m2/repository/org/apache/tomee/openejb-jee-accessors/7.0.0-SNAPSHOT/openejb-jee-accessors-7.0.0-SNAPSHOT.jar:/root/.m2/repository/org/metatype/sxc/sxc-jaxb-core/0.8/sxc-jaxb-core-0.8.jar:/root/.m2/repository/org/apache/tomee/openejb-javaagent/7.0.0-SNAPSHOT/openejb-javaagent-7.0.0-SNAPSHOT.jar:/root/.m2/repository/org/hamcrest/hamcrest-core/1.3/hamcrest-core-1.3.jar:/root/.m2/repository/javax/xml/bind/jaxb-api/2.2.6/jaxb-api-2.2.6.jar:/root/.m2/repository/org/apache/tomee/openejb-itests-beans/7.0.0-SNAPSHOT/openejb-itests-beans-7.0.0-SNAPSHOT.jar:/root/.m2/repository/org/apache/tomee/openejb-api/7.0.0-SNAPSHOT/openejb-api-7.0.0-SNAPSHOT.jar:/root/.m2/repository/org/apache/openwebbeans/openwebbeans-ee-common/1.6.3/openwebbeans-ee-common-1.6.3.jar:/root/.m2/repository/org/fusesource/jansi/jansi/1.8/jansi-1.8.jar:/root/.m2/repository/org/apache/activemq/activemq-kahadb-store/5.13.0/activemq-kahadb-store-5.13.0.jar:/root/.m2/repository/org/apache/xbean/xbean-naming/4.5/xbean-naming-4.5.jar:/root/.m2/repository/xmlunit/xmlunit/1.6/xmlunit-1.6.jar:/root/.m2/repository/org/apache/tomee/mbean-annotation-api/7.0.0-SNAPSHOT/mbean-annotation-api-7.0.0-SNAPSHOT.jar:/root/.m2/repository/org/apache/commons/commons-dbcp2/2.1/commons-dbcp2-2.1.jar:/root/.m2/repository/org/codehaus/swizzle/swizzle-stream/1.6.2/swizzle-stream-1.6.2.jar:/root/.m2/repository/org/apache/openwebbeans/openwebbeans-ejb/1.6.3/openwebbeans-ejb-1.6.3.jar:/root/.m2/repository/org/apache/tomee/openejb-itests-interceptor-beans/7.0.0-SNAPSHOT/openejb-itests-interceptor-beans-7.0.0-SNAPSHOT.jar:/root/.m2/repository/org/codehaus/swizzle/swizzle-confluence/1.1/swizzle-confluence-1.1.jar:/root/.m2/repository/org/apache/tomee/openejb-itests-client/7.0.0-SNAPSHOT/openejb-itests-client-7.0.0-SNAPSHOT.jar:/root/.m2/repository/org/apache/activemq/activemq-openwire-legacy/5.13.0/activemq-openwire-legacy-5.13.0.jar:/root/.m2/repository/org/apache/bval/bval-core/1.1.1/bval-core-1.1.1.jar:/root/.m2/repository/org/apache/batchee/batchee-jbatch/0.2-incubating/batchee-jbatch-0.2-incubating.jar:/root/.m2/repository/org/testng/testng/6.8.21/testng-6.8.21.jar:/root/.m2/repository/log4j/log4j/1.2.17/log4j-1.2.17.jar:/root/.m2/repository/org/apache/activemq/protobuf/activemq-protobuf/1.1/activemq-protobuf-1.1.jar:/root/.m2/repository/org/apache/bval/bval-jsr/1.1.1/bval-jsr-1.1.1.jar:/root/.m2/repository/org/fusesource/hawtbuf/hawtbuf/1.11/hawtbuf-1.11.jar:/root/.m2/repository/org/hsqldb/hsqldb/2.3.2/hsqldb-2.3.2.jar:/root/.m2/repository/org/apache/openwebbeans/openwebbeans-impl/1.6.3/openwebbeans-impl-1.6.3.jar:/root/.m2/repository/commons-lang/commons-lang/2.6/commons-lang-2.6.jar:/root/.m2/repository/org/apache/openwebbeans/openwebbeans-el22/1.6.3/openwebbeans-el22-1.6.3.jar:/root/.m2/repository/com/beust/jcommander/1.27/jcommander-1.27.jar:/root/.m2/repository/wsdl4j/wsdl4j/1.6.3/wsdl4j-1.6.3.jar:/root/.m2/repository/org/apache/xbean/xbean-finder-shaded/4.5/xbean-finder-shaded-4.5.jar:/root/.m2/repository/commons-logging/commons-logging/1.1.1/commons-logging-1.1.1.jar:/root/.m2/repository/org/slf4j/slf4j-api/1.7.10/slf4j-api-1.7.10.jar:/root/.m2/repository/org/apache/openjpa/openjpa/2.4.1/openjpa-2.4.1.jar:/root/.m2/repository/commons-cli/commons-cli/1.2/commons-cli-1.2.jar:/root/.m2/repository/junit/junit/4.12/junit-4.12.jar:/root/.m2/repository/org/apache/activemq/activemq-broker/5.13.0/activemq-broker-5.13.0.jar:/root/.m2/repository/org/apache/xbean/xbean-asm5-shaded/4.5/xbean-asm5-shaded-4.5.jar
[179807] INFO ConfigurationProperties - p:packageToInstrument= 
[179807] INFO ConfigurationProperties - p:skipfaultlocalization= false
[179807] INFO ConfigurationProperties - p:scope= local
[179807] INFO ConfigurationProperties - p:transformingredient= false
[179807] INFO ConfigurationProperties - p:fitnessfunction= fr.inria.astor.core.solutionsearch.population.TestCaseFitnessFunction
[179807] INFO ConfigurationProperties - p:maxnumvariablesperingredient= 10
[179808] INFO ConfigurationProperties - p:parsesourcefromoriginal= true
[179808] INFO ConfigurationProperties - p:pvariantfoldername= variant-
[179808] INFO ConfigurationProperties - p:savespoonmodelondisk= false
[179808] INFO ConfigurationProperties - p:srcjavafolder= container/openejb-core/src/main/java
[179808] INFO ConfigurationProperties - p:populationcontroller= fr.inria.astor.core.solutionsearch.population.TestCaseBasedFitnessPopulationController
[179808] INFO ConfigurationProperties - p:ignoreflakyinfl= false
[179808] INFO ConfigurationProperties - p:cleantemplates= true
[179808] INFO ConfigurationProperties - p:applyCrossover= false
[179808] INFO ConfigurationProperties - p:maxmodificationpoints= 1000
[179808] INFO ConfigurationProperties - p:duplicateingredientsinspace= false
[179808] INFO ConfigurationProperties - p:metid= 0
[179808] INFO ConfigurationProperties - p:continuewhenmodelfail= true
[179808] INFO ConfigurationProperties - p:saveall= false
[179808] INFO ConfigurationProperties - p:seed= 0
[179808] INFO ConfigurationProperties - p:savecompletepatched= true
[179808] INFO ConfigurationProperties - p:resetoperations= false
[179808] INFO ConfigurationProperties - p:keepcomments= false
[179808] INFO ConfigurationProperties - p:processoutputinfile= false
[179808] INFO ConfigurationProperties - p:location= .
[179809] INFO ConfigurationProperties - p:probabilistictransformation= true
[179809] INFO ConfigurationProperties - p:overridemaxtime= true
[179809] INFO ConfigurationProperties - p:outputjsonresult= true
[179809] INFO ConfigurationProperties - p:allpoints= false
[179809] INFO ConfigurationProperties - p:antipattern= false
[179809] INFO ConfigurationProperties - p:bugId= 280
[179809] INFO ConfigurationProperties - p:evosuitetimeout= 120
[179809] INFO ConfigurationProperties - p:maxtimefactor= 10
[179809] INFO ConfigurationProperties - p:nrPlaceholders= 1
[179809] INFO ConfigurationProperties - p:testallcmd= mvn test -pl container/openejb-core -Dhttps.protocols=TLSv1.2 -Denforcer.skip=true -Dcheckstyle.skip=true -Dcobertura.skip=true -DskipITs=true -Drat.skip=true -Dlicense.skip=true -Dpmd.skip=true -Dfindbugs.skip=true -Dgpg.skip=true -Dskip.npm=true -Dskip.gulp=true -Dskip.bower=true -Danimal.sniffer.skip=true -V -B
[179809] INFO ConfigurationProperties - p:forcesubprocesskilling= false
[179809] INFO ConfigurationProperties - ----------------------------
[179838] INFO AstorCoreEngine - mod_point MP=org.apache.openejb.core.rmi.BlacklistClassResolver line: 59, pointed element: CtIfImpl
[179864] INFO AstorCoreEngine - -->op: OP_INSTANCE:
IfExpresionMutOp:(spoon.support.reflect.code.CtInvocationImpl) `name.startsWith(white) ` -topatch--> `!                                                          name.startsWith(white)` (spoon.support.reflect.code.CtUnaryOperatorImpl) 
[184232] INFO main - Run previously failing tests...
[293171] INFO main - Failed tests: 0
[293172] INFO main - Run whole testsuite...
[2143694] INFO main - Failed tests: 47
[2143734] INFO AstorCoreEngine - Time Repair Loop (s): 1963.923
[2143734] INFO AstorCoreEngine - generationsexecuted: 1
[2143734] WARN AstorCoreEngine - ----SUMMARY_EXECUTION---
[2143734] WARN AstorCoreEngine - End Repair Search: NOT Found solution
[2143734] WARN AstorCoreEngine - Number suspicious:1
[2143744] INFO AstorCoreEngine - 
 --SOLUTIONS DESCRIPTION--


Astor Output:

General stats:
EXECUTION_IDENTIFIER=apache_tomee-VUL4J-37
TOTAL_TIME=1963.923
NR_GENERATIONS=null
NR_RIGHT_COMPILATIONS=1
NR_FAILLING_COMPILATIONS=null
NR_ERRONEOUS_VARIANCES=null
NR_FAILING_VALIDATION_PROCESS=null
OUTPUT_STATUS=EXHAUSTIVE_NAVIGATED

Patch stats:

[2143776] INFO Stats - Storing ing JSON at /workdir/jMutRepair_vul4j_apache_tomee_VUL4J-37/./output_astor/AstorMain-apache_tomee-VUL4J-37//astor_output.json
[2143777] INFO Stats - astor_output:
{"general":{"NR_RIGHT_COMPILATIONS":1,"NR_ERRONEOUS_VARIANCES":null,"EXECUTION_IDENTIFIER":"apache_tomee-VUL4J-37","OUTPUT_STATUS":"EXHAUSTIVE_NAVIGATED","NR_FAILLING_COMPILATIONS":null,"NR_GENERATIONS":null,"TOTAL_TIME":1963.923,"NR_FAILING_VALIDATION_PROCESS":null},"patches":[]}
[2143777] INFO AstorMain - Time Total(s): 2143.761
1825.09user 507.13system 35:46.03elapsed 108%CPU (0avgtext+0avgdata 1949512maxresident)k
2392inputs+166160outputs (0major+18038581minor)pagefaults 0swaps


Node: 9670332cfea8



Date: Fri Sep  9 07:14:26 EDT 2022

