cd /workdir/jGenProg_vul4j_apache_struts_VUL4J-32;
export JAVA_TOOL_OPTIONS="-Dfile.encoding=UTF8 -Duser.language=en-US -Duser.country=US -Duser.language=en";
TZ="America/New_York"; export TZ;
export PATH="/usr/lib/jvm/java-8-openjdk-amd64/bin:$PATH";
export JAVA_HOME="/usr/lib/jvm/java-8-openjdk-amd64/bin";
time java -Xmx4g -Xms1g -XX:MaxPermSize=512m -cp /script/../libs/jtestex7.jar:/script/../repair_tools/astor.jar fr.inria.main.evolution.AstorMain \
	-mode jgenprog \
	-location . \
	-id apache_struts-VUL4J-32 \
	-failing com.opensymphony.xwork2.security.DefaultExcludedPatternsCheckerTest#testParamWithClassInName \
	-jvm4testexecution /usr/lib/jvm/jdk1.7.0_80/bin \
	-jvm4evosuitetestexecution /usr/lib/jvm/jdk1.7.0_80/bin \
	-maxgen 1000000 \
	-maxtime 120 \
	-stopfirst true \
	-seed 0 \
	-scope local \
	-population 1 \
	-javacompliancelevel 7 \
	-faultlocalization perfect \
    -perfectdata /script/../data/benchmarks/vul4j/perfectfl/VUL4J-32 \
    -validation externalcmd \
    -testfailingcmd "mvn test -pl xwork-core -Dtest=com.opensymphony.xwork2.security.DefaultExcludedPatternsCheckerTest test -Dhttps.protocols=TLSv1.2 -Denforcer.skip=true -Dcheckstyle.skip=true -Dcobertura.skip=true -DskipITs=true -Drat.skip=true -Dlicense.skip=true -Dpmd.skip=true -Dfindbugs.skip=true -Dgpg.skip=true -Dskip.npm=true -Dskip.gulp=true -Dskip.bower=true -Danimal.sniffer.skip=true -V -B" \
    -testallcmd "mvn test -pl xwork-core -Dhttps.protocols=TLSv1.2 -Denforcer.skip=true -Dcheckstyle.skip=true -Dcobertura.skip=true -DskipITs=true -Drat.skip=true -Dlicense.skip=true -Dpmd.skip=true -Dfindbugs.skip=true -Dgpg.skip=true -Dskip.npm=true -Dskip.gulp=true -Dskip.bower=true -Danimal.sniffer.skip=true -V -B"  \ \
	-srcjavafolder xwork-core/src/main/java \
	-srctestfolder xwork-core/src/test/java \
	-binjavafolder xwork-core/target/classes \
	-bintestfolder xwork-core/target/test-classes \
	-parameters x:x \
	-dependencies /root/.m2/repository/javassist/javassist/3.11.0.GA/javassist-3.11.0.GA.jar:/root/.m2/repository/org/springframework/spring-expression/3.0.5.RELEASE/spring-expression-3.0.5.RELEASE.jar:/root/.m2/repository/org/easymock/easymock/2.4/easymock-2.4.jar:/root/.m2/repository/org/springframework/spring-aop/3.0.5.RELEASE/spring-aop-3.0.5.RELEASE.jar:/root/.m2/repository/org/ow2/asm/asm/5.0.2/asm-5.0.2.jar:/root/.m2/repository/org/testng/testng/5.1/testng-5.1-jdk15.jar:/root/.m2/repository/org/springframework/spring-web/3.0.5.RELEASE/spring-web-3.0.5.RELEASE.jar:/root/.m2/repository/org/apache/commons/commons-lang3/3.2/commons-lang3-3.2.jar:/root/.m2/repository/mockobjects/mockobjects-core/0.09/mockobjects-core-0.09.jar:/root/.m2/repository/org/ow2/asm/asm-commons/5.0.2/asm-commons-5.0.2.jar:/root/.m2/repository/org/springframework/spring-context-support/3.0.5.RELEASE/spring-context-support-3.0.5.RELEASE.jar:/root/.m2/repository/cglib/cglib-nodep/2.1_3/cglib-nodep-2.1_3.jar:/root/.m2/repository/org/springframework/spring-aspects/3.0.5.RELEASE/spring-aspects-3.0.5.RELEASE.jar:/root/.m2/repository/junit/junit/4.8.2/junit-4.8.2.jar:/root/.m2/repository/aopalliance/aopalliance/1.0/aopalliance-1.0.jar:/root/.m2/repository/log4j/log4j/1.2.17/log4j-1.2.17.jar:/root/.m2/repository/org/springframework/spring-test/3.0.5.RELEASE/spring-test-3.0.5.RELEASE.jar:/root/.m2/repository/org/springframework/spring-context/3.0.5.RELEASE/spring-context-3.0.5.RELEASE.jar:/root/.m2/repository/org/slf4j/slf4j-api/1.7.2/slf4j-api-1.7.2.jar:/root/.m2/repository/org/springframework/spring-core/3.0.5.RELEASE/spring-core-3.0.5.RELEASE.jar:/root/.m2/repository/org/springframework/spring-beans/3.0.5.RELEASE/spring-beans-3.0.5.RELEASE.jar:/root/.m2/repository/org/ow2/asm/asm-tree/5.0.2/asm-tree-5.0.2.jar:/root/.m2/repository/commons-io/commons-io/2.2/commons-io-2.2.jar:/root/.m2/repository/ognl/ognl/3.0.6/ognl-3.0.6.jar:/root/.m2/repository/org/springframework/spring-asm/3.0.5.RELEASE/spring-asm-3.0.5.RELEASE.jar:/root/.m2/repository/commons-logging/commons-logging/1.1.3/commons-logging-1.1.3.jar:/root/.m2/repository/org/slf4j/slf4j-simple/1.7.2/slf4j-simple-1.7.2.jar;
	echo "\n\nNode: `hostname`\n";
	echo "\n\nDate: `date`\n";
Picked up JAVA_TOOL_OPTIONS: -Dfile.encoding=UTF8 -Duser.language=en-US -Duser.country=US -Duser.language=en
OpenJDK 64-Bit Server VM warning: ignoring option MaxPermSize=512m; support was removed in 8.0
[0] INFO ProjectConfiguration - Version of the JVM used: 1.7.0_80
[1] INFO main - Java version of the JDK used to run tests: 1.7.0_80
[1] INFO main - The compliance of the JVM is:  7
[4] INFO main - command line arguments: [-mode  jgenprog  -location  .  -id  apache_struts-VUL4J-32  -failing  com.opensymphony.xwork2.security.DefaultExcludedPatternsCheckerTest#testParamWithClassInName  -jvm4testexecution  /usr/lib/jvm/jdk1.7.0_80/bin  -jvm4evosuitetestexecution  /usr/lib/jvm/jdk1.7.0_80/bin  -maxgen  1000000  -maxtime  120  -stopfirst  true  -seed  0  -scope  local  -population  1  -javacompliancelevel  7  -faultlocalization  perfect  -perfectdata  /script/../data/benchmarks/vul4j/perfectfl/VUL4J-32  -validation  externalcmd  -testfailingcmd  mvn test -pl xwork-core -Dtest=com.opensymphony.xwork2.security.DefaultExcludedPatternsCheckerTest test -Dhttps.protocols=TLSv1.2 -Denforcer.skip=true -Dcheckstyle.skip=true -Dcobertura.skip=true -DskipITs=true -Drat.skip=true -Dlicense.skip=true -Dpmd.skip=true -Dfindbugs.skip=true -Dgpg.skip=true -Dskip.npm=true -Dskip.gulp=true -Dskip.bower=true -Danimal.sniffer.skip=true -V -B  -testallcmd  mvn test -pl xwork-core -Dhttps.protocols=TLSv1.2 -Denforcer.skip=true -Dcheckstyle.skip=true -Dcobertura.skip=true -DskipITs=true -Drat.skip=true -Dlicense.skip=true -Dpmd.skip=true -Dfindbugs.skip=true -Dgpg.skip=true -Dskip.npm=true -Dskip.gulp=true -Dskip.bower=true -Danimal.sniffer.skip=true -V -B     -srcjavafolder  xwork-core/src/main/java  -srctestfolder  xwork-core/src/test/java  -binjavafolder  xwork-core/target/classes  -bintestfolder  xwork-core/target/test-classes  -parameters  x:x  -dependencies  /root/.m2/repository/javassist/javassist/3.11.0.GA/javassist-3.11.0.GA.jar:/root/.m2/repository/org/springframework/spring-expression/3.0.5.RELEASE/spring-expression-3.0.5.RELEASE.jar:/root/.m2/repository/org/easymock/easymock/2.4/easymock-2.4.jar:/root/.m2/repository/org/springframework/spring-aop/3.0.5.RELEASE/spring-aop-3.0.5.RELEASE.jar:/root/.m2/repository/org/ow2/asm/asm/5.0.2/asm-5.0.2.jar:/root/.m2/repository/org/testng/testng/5.1/testng-5.1-jdk15.jar:/root/.m2/repository/org/springframework/spring-web/3.0.5.RELEASE/spring-web-3.0.5.RELEASE.jar:/root/.m2/repository/org/apache/commons/commons-lang3/3.2/commons-lang3-3.2.jar:/root/.m2/repository/mockobjects/mockobjects-core/0.09/mockobjects-core-0.09.jar:/root/.m2/repository/org/ow2/asm/asm-commons/5.0.2/asm-commons-5.0.2.jar:/root/.m2/repository/org/springframework/spring-context-support/3.0.5.RELEASE/spring-context-support-3.0.5.RELEASE.jar:/root/.m2/repository/cglib/cglib-nodep/2.1_3/cglib-nodep-2.1_3.jar:/root/.m2/repository/org/springframework/spring-aspects/3.0.5.RELEASE/spring-aspects-3.0.5.RELEASE.jar:/root/.m2/repository/junit/junit/4.8.2/junit-4.8.2.jar:/root/.m2/repository/aopalliance/aopalliance/1.0/aopalliance-1.0.jar:/root/.m2/repository/log4j/log4j/1.2.17/log4j-1.2.17.jar:/root/.m2/repository/org/springframework/spring-test/3.0.5.RELEASE/spring-test-3.0.5.RELEASE.jar:/root/.m2/repository/org/springframework/spring-context/3.0.5.RELEASE/spring-context-3.0.5.RELEASE.jar:/root/.m2/repository/org/slf4j/slf4j-api/1.7.2/slf4j-api-1.7.2.jar:/root/.m2/repository/org/springframework/spring-core/3.0.5.RELEASE/spring-core-3.0.5.RELEASE.jar:/root/.m2/repository/org/springframework/spring-beans/3.0.5.RELEASE/spring-beans-3.0.5.RELEASE.jar:/root/.m2/repository/org/ow2/asm/asm-tree/5.0.2/asm-tree-5.0.2.jar:/root/.m2/repository/commons-io/commons-io/2.2/commons-io-2.2.jar:/root/.m2/repository/ognl/ognl/3.0.6/ognl-3.0.6.jar:/root/.m2/repository/org/springframework/spring-asm/3.0.5.RELEASE/spring-asm-3.0.5.RELEASE.jar:/root/.m2/repository/commons-logging/commons-logging/1.1.3/commons-logging-1.1.3.jar:/root/.m2/repository/org/slf4j/slf4j-simple/1.7.2/slf4j-simple-1.7.2.jar]
[5] INFO AstorMain - Running Astor on a JDK at /usr/lib/jvm/java-8-openjdk-amd64/jre
[12] INFO main - Source folders: [/workdir/jGenProg_vul4j_apache_struts_VUL4J-32/./xwork-core/src/main/java]
[12] INFO main - Source Test folders: [/workdir/jGenProg_vul4j_apache_struts_VUL4J-32/./xwork-core/src/test/java]
[1308] INFO AstorCoreEngine - ---- Creating spoon model
[1339] INFO MutationSupporter - Creating model,  Code location from working folder: /workdir/jGenProg_vul4j_apache_struts_VUL4J-32/./xwork-core/src/main/java
[1339] INFO MutationSupporter - building model: /workdir/jGenProg_vul4j_apache_struts_VUL4J-32/./xwork-core/src/main/java, compliance level: 7
[1441] INFO MutationSupporter - Classpath (Dependencies) for building SpoonModel: [/root/.m2/repository/javassist/javassist/3.11.0.GA/javassist-3.11.0.GA.jar, /root/.m2/repository/org/springframework/spring-expression/3.0.5.RELEASE/spring-expression-3.0.5.RELEASE.jar, /root/.m2/repository/org/easymock/easymock/2.4/easymock-2.4.jar, /root/.m2/repository/org/springframework/spring-aop/3.0.5.RELEASE/spring-aop-3.0.5.RELEASE.jar, /root/.m2/repository/org/ow2/asm/asm/5.0.2/asm-5.0.2.jar, /root/.m2/repository/org/testng/testng/5.1/testng-5.1-jdk15.jar, /root/.m2/repository/org/springframework/spring-web/3.0.5.RELEASE/spring-web-3.0.5.RELEASE.jar, /root/.m2/repository/org/apache/commons/commons-lang3/3.2/commons-lang3-3.2.jar, /root/.m2/repository/mockobjects/mockobjects-core/0.09/mockobjects-core-0.09.jar, /root/.m2/repository/org/ow2/asm/asm-commons/5.0.2/asm-commons-5.0.2.jar, /root/.m2/repository/org/springframework/spring-context-support/3.0.5.RELEASE/spring-context-support-3.0.5.RELEASE.jar, /root/.m2/repository/cglib/cglib-nodep/2.1_3/cglib-nodep-2.1_3.jar, /root/.m2/repository/org/springframework/spring-aspects/3.0.5.RELEASE/spring-aspects-3.0.5.RELEASE.jar, /root/.m2/repository/junit/junit/4.8.2/junit-4.8.2.jar, /root/.m2/repository/aopalliance/aopalliance/1.0/aopalliance-1.0.jar, /root/.m2/repository/log4j/log4j/1.2.17/log4j-1.2.17.jar, /root/.m2/repository/org/springframework/spring-test/3.0.5.RELEASE/spring-test-3.0.5.RELEASE.jar, /root/.m2/repository/org/springframework/spring-context/3.0.5.RELEASE/spring-context-3.0.5.RELEASE.jar, /root/.m2/repository/org/slf4j/slf4j-api/1.7.2/slf4j-api-1.7.2.jar, /root/.m2/repository/org/springframework/spring-core/3.0.5.RELEASE/spring-core-3.0.5.RELEASE.jar, /root/.m2/repository/org/springframework/spring-beans/3.0.5.RELEASE/spring-beans-3.0.5.RELEASE.jar, /root/.m2/repository/org/ow2/asm/asm-tree/5.0.2/asm-tree-5.0.2.jar, /root/.m2/repository/commons-io/commons-io/2.2/commons-io-2.2.jar, /root/.m2/repository/ognl/ognl/3.0.6/ognl-3.0.6.jar, /root/.m2/repository/org/springframework/spring-asm/3.0.5.RELEASE/spring-asm-3.0.5.RELEASE.jar, /root/.m2/repository/commons-logging/commons-logging/1.1.3/commons-logging-1.1.3.jar, /root/.m2/repository/org/slf4j/slf4j-simple/1.7.2/slf4j-simple-1.7.2.jar]
[6986] INFO AstorCoreEngine - Number of CtTypes created: 346
[7165] INFO AstorCoreEngine - Test retrieved from classes: 0
[7227] INFO AstorCoreEngine - Setting up the max to 620 milliseconds (0 sec)
[7227] INFO AstorCoreEngine - ---- Initial suspicious size: 1
[7250] INFO main - Total suspicious from FL: 1,  0
[7250] INFO main - Total ModPoint created: 0
[7250] INFO main - Creating program variant #1, [Variant id: 1, #gens: 0, #ops: 0, parent:-]
[7250] ERROR AstorCoreEngine - [warning] Any modification point in variant
[7250] ERROR AstorCoreEngine - Variant with any gen
[7531] WARN ConfigurationProperties - ----------------------------
[7531] INFO ConfigurationProperties - ---Configuration properties
[7531] INFO ConfigurationProperties - p:lastJUnitVersion= ./examples/libs/junit-4.11.jar
[7531] INFO ConfigurationProperties - p:alternativecompliancelevel= 8
[7531] INFO ConfigurationProperties - p:ignoredTestCases= 
[7532] INFO ConfigurationProperties - p:workingDirectory= /workdir/jGenProg_vul4j_apache_struts_VUL4J-32/./output_astor
[7532] INFO ConfigurationProperties - p:manipulatesuper= false
[7532] INFO ConfigurationProperties - p:validation= externalcmd
[7532] INFO ConfigurationProperties - p:jvm4testexecution= /usr/lib/jvm/jdk1.7.0_80/bin
[7532] INFO ConfigurationProperties - p:operatorspace= irr-statements
[7532] INFO ConfigurationProperties - p:diffcontext= 0
[7532] INFO ConfigurationProperties - p:binjavafolder= xwork-core/target/classes
[7532] INFO ConfigurationProperties - p:synthesis_depth= 3
[7532] INFO ConfigurationProperties - p:gzoltartestpackagetoexclude= junit.framework
[7532] INFO ConfigurationProperties - p:skipfitnessinitialpopulation= false
[7532] INFO ConfigurationProperties - p:evosuiteresultfolder= evosuite
[7532] INFO ConfigurationProperties - p:flthreshold= 0.1
[7532] INFO ConfigurationProperties - p:regressionforfaultlocalization= true
[7532] INFO ConfigurationProperties - p:collectonlyusedmethod= false
[7532] INFO ConfigurationProperties - p:preservelinenumbers= true
[7532] INFO ConfigurationProperties - p:tmax2= 620
[7532] INFO ConfigurationProperties - p:tmax1= 10000
[7532] INFO ConfigurationProperties - p:probagenmutation= false
[7532] INFO ConfigurationProperties - p:nomodificationconvergence= 100
[7532] INFO ConfigurationProperties - p:diff_type= relative
[7533] INFO ConfigurationProperties - p:targetelementprocessor= statements
[7533] INFO ConfigurationProperties - p:srctestfolder= xwork-core/src/test/java
[7533] INFO ConfigurationProperties - p:forceExecuteRegression= false
[7533] INFO ConfigurationProperties - p:clusteringfilename= clustering.csv
[7533] INFO ConfigurationProperties - p:failing= com.opensymphony.xwork2.security.DefaultExcludedPatternsCheckerTest#testParamWithClassInName
[7533] INFO ConfigurationProperties - p:logtestexecution= false
[7533] INFO ConfigurationProperties - p:evo_buggy_class= true
[7533] INFO ConfigurationProperties - p:numberExecutions= 1
[7533] INFO ConfigurationProperties - p:maxnumbersolutions= 1000000
[7533] INFO ConfigurationProperties - p:evo_affected_by_op= true
[7533] INFO ConfigurationProperties - p:population= 1
[7533] INFO ConfigurationProperties - p:considerzerovaluesusp= false
[7533] INFO ConfigurationProperties - p:maxCombinationVariableLimit= false
[7533] INFO ConfigurationProperties - p:savesolution= true
[7533] INFO ConfigurationProperties - p:javacompliancelevel= 7
[7533] INFO ConfigurationProperties - p:x= x
[7533] INFO ConfigurationProperties - p:uniqueoptogen= false
[7533] INFO ConfigurationProperties - p:gzoltarpackagetonotinstrument= junit.framework
[7533] INFO ConfigurationProperties - p:projectIdentifier= apache_struts-VUL4J-32
[7534] INFO ConfigurationProperties - p:modificationpointnavigation= weight
[7534] INFO ConfigurationProperties - p:stopfirst= true
[7534] INFO ConfigurationProperties - p:multipointmodification= false
[7534] INFO ConfigurationProperties - p:elementsToMutate= 10
[7534] INFO ConfigurationProperties - p:jsonoutputname= astor_output
[7534] INFO ConfigurationProperties - p:evoDSE= false
[7534] INFO ConfigurationProperties - p:bintestfolder= xwork-core/target/test-classes
[7534] INFO ConfigurationProperties - p:testbystep= false
[7534] INFO ConfigurationProperties - p:version-location= ./math-version/
[7534] INFO ConfigurationProperties - p:reintroduce= PARENTS:ORIGINAL
[7534] INFO ConfigurationProperties - p:perfectdata= /script/../data/benchmarks/vul4j/perfectfl/VUL4J-32
[7534] INFO ConfigurationProperties - p:executorjar= ./lib/jtestex7.jar
[7534] INFO ConfigurationProperties - p:maxGeneration= 1000000
[7534] INFO ConfigurationProperties - p:max_synthesis_step= 10000
[7534] INFO ConfigurationProperties - p:projectinfocommand= com.github.tdurieux:project-config-maven-plugin:info
[7534] INFO ConfigurationProperties - p:maxVarCombination= 1000
[7534] INFO ConfigurationProperties - p:maxtime= 120
[7534] INFO ConfigurationProperties - p:evosuitejar= ./lib/evosuite-master-1.0.4-SNAPSHOT.jar
[7534] INFO ConfigurationProperties - p:jvmversion= 1.7.0_80
[7534] INFO ConfigurationProperties - p:commandTrunk= 50000
[7534] INFO ConfigurationProperties - p:faultlocalization= perfect
[7535] INFO ConfigurationProperties - p:resetmodel= true
[7535] INFO ConfigurationProperties - p:maxsuspcandidates= 1000
[7535] INFO ConfigurationProperties - p:mode= jgenprog
[7535] INFO ConfigurationProperties - p:learningdir= 
[7535] INFO ConfigurationProperties - p:jvm4evosuitetestexecution= /usr/lib/jvm/jdk1.7.0_80/bin
[7535] INFO ConfigurationProperties - p:filterfaultlocalization= true
[7535] INFO ConfigurationProperties - p:mutationrate= 1 
[7535] INFO ConfigurationProperties - p:pathToMVNRepository= 
[7535] INFO ConfigurationProperties - p:resourcesfolder= /src/main/resources:/src/test/resources:
[7535] INFO ConfigurationProperties - p:timezone= America/Los_Angeles
[7535] INFO ConfigurationProperties - p:runjava7code= false
[7535] INFO ConfigurationProperties - p:testfailingcmd= mvn test -pl xwork-core -Dtest=com.opensymphony.xwork2.security.DefaultExcludedPatternsCheckerTest test -Dhttps.protocols=TLSv1.2 -Denforcer.skip=true -Dcheckstyle.skip=true -Dcobertura.skip=true -DskipITs=true -Drat.skip=true -Dlicense.skip=true -Dpmd.skip=true -Dfindbugs.skip=true -Dgpg.skip=true -Dskip.npm=true -Dskip.gulp=true -Dskip.bower=true -Danimal.sniffer.skip=true -V -B
[7535] INFO ConfigurationProperties - p:evoRunOnBuggyClass= true
[7535] INFO ConfigurationProperties - p:compiler= fr.inria.astor.core.manipulation.bytecode.compiler.SpoonClassCompiler
[7535] INFO ConfigurationProperties - p:limitbysuspicious= true
[7535] INFO ConfigurationProperties - p:logsattemps= true
[7535] INFO ConfigurationProperties - p:dependenciespath= /root/.m2/repository/javassist/javassist/3.11.0.GA/javassist-3.11.0.GA.jar:/root/.m2/repository/org/springframework/spring-expression/3.0.5.RELEASE/spring-expression-3.0.5.RELEASE.jar:/root/.m2/repository/org/easymock/easymock/2.4/easymock-2.4.jar:/root/.m2/repository/org/springframework/spring-aop/3.0.5.RELEASE/spring-aop-3.0.5.RELEASE.jar:/root/.m2/repository/org/ow2/asm/asm/5.0.2/asm-5.0.2.jar:/root/.m2/repository/org/testng/testng/5.1/testng-5.1-jdk15.jar:/root/.m2/repository/org/springframework/spring-web/3.0.5.RELEASE/spring-web-3.0.5.RELEASE.jar:/root/.m2/repository/org/apache/commons/commons-lang3/3.2/commons-lang3-3.2.jar:/root/.m2/repository/mockobjects/mockobjects-core/0.09/mockobjects-core-0.09.jar:/root/.m2/repository/org/ow2/asm/asm-commons/5.0.2/asm-commons-5.0.2.jar:/root/.m2/repository/org/springframework/spring-context-support/3.0.5.RELEASE/spring-context-support-3.0.5.RELEASE.jar:/root/.m2/repository/cglib/cglib-nodep/2.1_3/cglib-nodep-2.1_3.jar:/root/.m2/repository/org/springframework/spring-aspects/3.0.5.RELEASE/spring-aspects-3.0.5.RELEASE.jar:/root/.m2/repository/junit/junit/4.8.2/junit-4.8.2.jar:/root/.m2/repository/aopalliance/aopalliance/1.0/aopalliance-1.0.jar:/root/.m2/repository/log4j/log4j/1.2.17/log4j-1.2.17.jar:/root/.m2/repository/org/springframework/spring-test/3.0.5.RELEASE/spring-test-3.0.5.RELEASE.jar:/root/.m2/repository/org/springframework/spring-context/3.0.5.RELEASE/spring-context-3.0.5.RELEASE.jar:/root/.m2/repository/org/slf4j/slf4j-api/1.7.2/slf4j-api-1.7.2.jar:/root/.m2/repository/org/springframework/spring-core/3.0.5.RELEASE/spring-core-3.0.5.RELEASE.jar:/root/.m2/repository/org/springframework/spring-beans/3.0.5.RELEASE/spring-beans-3.0.5.RELEASE.jar:/root/.m2/repository/org/ow2/asm/asm-tree/5.0.2/asm-tree-5.0.2.jar:/root/.m2/repository/commons-io/commons-io/2.2/commons-io-2.2.jar:/root/.m2/repository/ognl/ognl/3.0.6/ognl-3.0.6.jar:/root/.m2/repository/org/springframework/spring-asm/3.0.5.RELEASE/spring-asm-3.0.5.RELEASE.jar:/root/.m2/repository/commons-logging/commons-logging/1.1.3/commons-logging-1.1.3.jar:/root/.m2/repository/org/slf4j/slf4j-simple/1.7.2/slf4j-simple-1.7.2.jar
[7535] INFO ConfigurationProperties - p:packageToInstrument= 
[7535] INFO ConfigurationProperties - p:skipfaultlocalization= false
[7536] INFO ConfigurationProperties - p:scope= local
[7536] INFO ConfigurationProperties - p:transformingredient= false
[7536] INFO ConfigurationProperties - p:fitnessfunction= fr.inria.astor.core.solutionsearch.population.TestCaseFitnessFunction
[7536] INFO ConfigurationProperties - p:maxnumvariablesperingredient= 10
[7536] INFO ConfigurationProperties - p:parsesourcefromoriginal= true
[7536] INFO ConfigurationProperties - p:pvariantfoldername= variant-
[7536] INFO ConfigurationProperties - p:savespoonmodelondisk= false
[7536] INFO ConfigurationProperties - p:srcjavafolder= xwork-core/src/main/java
[7536] INFO ConfigurationProperties - p:populationcontroller= fr.inria.astor.core.solutionsearch.population.TestCaseBasedFitnessPopulationController
[7536] INFO ConfigurationProperties - p:ignoreflakyinfl= false
[7536] INFO ConfigurationProperties - p:cleantemplates= true
[7536] INFO ConfigurationProperties - p:applyCrossover= false
[7536] INFO ConfigurationProperties - p:maxmodificationpoints= 1000
[7536] INFO ConfigurationProperties - p:duplicateingredientsinspace= false
[7536] INFO ConfigurationProperties - p:metid= 0
[7536] INFO ConfigurationProperties - p:continuewhenmodelfail= true
[7536] INFO ConfigurationProperties - p:saveall= false
[7536] INFO ConfigurationProperties - p:seed= 0
[7536] INFO ConfigurationProperties - p:savecompletepatched= true
[7536] INFO ConfigurationProperties - p:resetoperations= false
[7536] INFO ConfigurationProperties - p:keepcomments= false
[7537] INFO ConfigurationProperties - p:processoutputinfile= false
[7537] INFO ConfigurationProperties - p:location= .
[7537] INFO ConfigurationProperties - p:probabilistictransformation= true
[7537] INFO ConfigurationProperties - p:overridemaxtime= true
[7537] INFO ConfigurationProperties - p:outputjsonresult= true
[7537] INFO ConfigurationProperties - p:allpoints= false
[7537] INFO ConfigurationProperties - p:antipattern= false
[7537] INFO ConfigurationProperties - p:bugId= 280
[7537] INFO ConfigurationProperties - p:evosuitetimeout= 120
[7537] INFO ConfigurationProperties - p:maxtimefactor= 10
[7537] INFO ConfigurationProperties - p:nrPlaceholders= 1
[7537] INFO ConfigurationProperties - p:testallcmd= mvn test -pl xwork-core -Dhttps.protocols=TLSv1.2 -Denforcer.skip=true -Dcheckstyle.skip=true -Dcobertura.skip=true -DskipITs=true -Drat.skip=true -Dlicense.skip=true -Dpmd.skip=true -Dfindbugs.skip=true -Dgpg.skip=true -Dskip.npm=true -Dskip.gulp=true -Dskip.bower=true -Danimal.sniffer.skip=true -V -B
[7537] INFO ConfigurationProperties - p:forcesubprocesskilling= false
[7537] INFO ConfigurationProperties - ----------------------------
[7537] INFO AstorCoreEngine - ----Starting Solution Search
[7538] WARN AstorCoreEngine - ----------Running generation: 1, population size: 1
[7567] WARN AstorCoreEngine - ----------Running generation: 2, population size: 1
[7577] WARN AstorCoreEngine - ----------Running generation: 3, population size: 1
[7586] WARN AstorCoreEngine - ----------Running generation: 4, population size: 1
[7594] WARN AstorCoreEngine - ----------Running generation: 5, population size: 1
[7602] WARN AstorCoreEngine - ----------Running generation: 6, population size: 1
[7610] WARN AstorCoreEngine - ----------Running generation: 7, population size: 1
[7618] WARN AstorCoreEngine - ----------Running generation: 8, population size: 1
[7626] WARN AstorCoreEngine - ----------Running generation: 9, population size: 1
[7633] WARN AstorCoreEngine - ----------Running generation: 10, population size: 1
[7641] WARN AstorCoreEngine - ----------Running generation: 11, population size: 1
[7648] WARN AstorCoreEngine - ----------Running generation: 12, population size: 1
[7655] WARN AstorCoreEngine - ----------Running generation: 13, population size: 1
[7665] WARN AstorCoreEngine - ----------Running generation: 14, population size: 1
[7672] WARN AstorCoreEngine - ----------Running generation: 15, population size: 1
[7679] WARN AstorCoreEngine - ----------Running generation: 16, population size: 1
[7685] WARN AstorCoreEngine - ----------Running generation: 17, population size: 1
[7692] WARN AstorCoreEngine - ----------Running generation: 18, population size: 1
[7698] WARN AstorCoreEngine - ----------Running generation: 19, population size: 1
[7705] WARN AstorCoreEngine - ----------Running generation: 20, population size: 1
[7711] WARN AstorCoreEngine - ----------Running generation: 21, population size: 1
[7718] WARN AstorCoreEngine - ----------Running generation: 22, population size: 1
[7726] WARN AstorCoreEngine - ----------Running generation: 23, population size: 1
[7733] WARN AstorCoreEngine - ----------Running generation: 24, population size: 1
[7739] WARN AstorCoreEngine - ----------Running generation: 25, population size: 1
[7747] WARN AstorCoreEngine - ----------Running generation: 26, population size: 1
[7753] WARN AstorCoreEngine - ----------Running generation: 27, population size: 1
[7760] WARN AstorCoreEngine - ----------Running generation: 28, population size: 1
[7767] WARN AstorCoreEngine - ----------Running generation: 29, population size: 1
[7773] WARN AstorCoreEngine - ----------Running generation: 30, population size: 1
[7780] WARN AstorCoreEngine - ----------Running generation: 31, population size: 1
[7787] WARN AstorCoreEngine - ----------Running generation: 32, population size: 1
[7793] WARN AstorCoreEngine - ----------Running generation: 33, population size: 1
[7799] WARN AstorCoreEngine - ----------Running generation: 34, population size: 1
[7806] WARN AstorCoreEngine - ----------Running generation: 35, population size: 1
[7812] WARN AstorCoreEngine - ----------Running generation: 36, population size: 1
[7857] WARN AstorCoreEngine - ----------Running generation: 37, population size: 1
[7864] WARN AstorCoreEngine - ----------Running generation: 38, population size: 1
[7872] WARN AstorCoreEngine - ----------Running generation: 39, population size: 1
[7884] WARN AstorCoreEngine - ----------Running generation: 40, population size: 1
[7891] WARN AstorCoreEngine - ----------Running generation: 41, population size: 1
[7897] WARN AstorCoreEngine - ----------Running generation: 42, population size: 1
[7903] WARN AstorCoreEngine - ----------Running generation: 43, population size: 1
[7910] WARN AstorCoreEngine - ----------Running generation: 44, population size: 1
[7916] WARN AstorCoreEngine - ----------Running generation: 45, population size: 1
[7922] WARN AstorCoreEngine - ----------Running generation: 46, population size: 1
[7928] WARN AstorCoreEngine - ----------Running generation: 47, population size: 1
[7934] WARN AstorCoreEngine - ----------Running generation: 48, population size: 1
[7940] WARN AstorCoreEngine - ----------Running generation: 49, population size: 1
[7946] WARN AstorCoreEngine - ----------Running generation: 50, population size: 1
[7952] WARN AstorCoreEngine - ----------Running generation: 51, population size: 1
[7958] WARN AstorCoreEngine - ----------Running generation: 52, population size: 1
[7964] WARN AstorCoreEngine - ----------Running generation: 53, population size: 1
[7970] WARN AstorCoreEngine - ----------Running generation: 54, population size: 1
[7976] WARN AstorCoreEngine - ----------Running generation: 55, population size: 1
[7982] WARN AstorCoreEngine - ----------Running generation: 56, population size: 1
[7988] WARN AstorCoreEngine - ----------Running generation: 57, population size: 1
[7993] WARN AstorCoreEngine - ----------Running generation: 58, population size: 1
[7999] WARN AstorCoreEngine - ----------Running generation: 59, population size: 1
[8005] WARN AstorCoreEngine - ----------Running generation: 60, population size: 1
[8010] WARN AstorCoreEngine - ----------Running generation: 61, population size: 1
[8016] WARN AstorCoreEngine - ----------Running generation: 62, population size: 1
[8022] WARN AstorCoreEngine - ----------Running generation: 63, population size: 1
[8028] WARN AstorCoreEngine - ----------Running generation: 64, population size: 1
[8035] WARN AstorCoreEngine - ----------Running generation: 65, population size: 1
[8041] WARN AstorCoreEngine - ----------Running generation: 66, population size: 1
[8046] WARN AstorCoreEngine - ----------Running generation: 67, population size: 1
[8052] WARN AstorCoreEngine - ----------Running generation: 68, population size: 1
[8058] WARN AstorCoreEngine - ----------Running generation: 69, population size: 1
[8063] WARN AstorCoreEngine - ----------Running generation: 70, population size: 1
[8069] WARN AstorCoreEngine - ----------Running generation: 71, population size: 1
[8075] WARN AstorCoreEngine - ----------Running generation: 72, population size: 1
[8080] WARN AstorCoreEngine - ----------Running generation: 73, population size: 1
[8086] WARN AstorCoreEngine - ----------Running generation: 74, population size: 1
[8091] WARN AstorCoreEngine - ----------Running generation: 75, population size: 1
[8097] WARN AstorCoreEngine - ----------Running generation: 76, population size: 1
[8103] WARN AstorCoreEngine - ----------Running generation: 77, population size: 1
[8108] WARN AstorCoreEngine - ----------Running generation: 78, population size: 1
[8114] WARN AstorCoreEngine - ----------Running generation: 79, population size: 1
[8119] WARN AstorCoreEngine - ----------Running generation: 80, population size: 1
[8125] WARN AstorCoreEngine - ----------Running generation: 81, population size: 1
[8131] WARN AstorCoreEngine - ----------Running generation: 82, population size: 1
[8136] WARN AstorCoreEngine - ----------Running generation: 83, population size: 1
[8142] WARN AstorCoreEngine - ----------Running generation: 84, population size: 1
[8148] WARN AstorCoreEngine - ----------Running generation: 85, population size: 1
[8153] WARN AstorCoreEngine - ----------Running generation: 86, population size: 1
[8159] WARN AstorCoreEngine - ----------Running generation: 87, population size: 1
[8165] WARN AstorCoreEngine - ----------Running generation: 88, population size: 1
[8170] WARN AstorCoreEngine - ----------Running generation: 89, population size: 1
[8176] WARN AstorCoreEngine - ----------Running generation: 90, population size: 1
[8182] WARN AstorCoreEngine - ----------Running generation: 91, population size: 1
[8187] WARN AstorCoreEngine - ----------Running generation: 92, population size: 1
[8193] WARN AstorCoreEngine - ----------Running generation: 93, population size: 1
[8198] WARN AstorCoreEngine - ----------Running generation: 94, population size: 1
[8204] WARN AstorCoreEngine - ----------Running generation: 95, population size: 1
[8210] WARN AstorCoreEngine - ----------Running generation: 96, population size: 1
[8216] WARN AstorCoreEngine - ----------Running generation: 97, population size: 1
[8222] WARN AstorCoreEngine - ----------Running generation: 98, population size: 1
[8228] WARN AstorCoreEngine - ----------Running generation: 99, population size: 1
[8233] WARN AstorCoreEngine - ----------Running generation: 100, population size: 1
[8239] ERROR AstorCoreEngine - Stopping main loop at 100 generation
[8240] INFO AstorCoreEngine - Time Repair Loop (s): 0.702
[8240] INFO AstorCoreEngine - generationsexecuted: 100
[8240] WARN AstorCoreEngine - ----SUMMARY_EXECUTION---
[8240] WARN AstorCoreEngine - End Repair Search: NOT Found solution
[8240] WARN AstorCoreEngine - Number suspicious:1
[8242] INFO AstorCoreEngine - 
 --SOLUTIONS DESCRIPTION--


Astor Output:

General stats:
EXECUTION_IDENTIFIER=apache_struts-VUL4J-32
TOTAL_TIME=0.702
NR_GENERATIONS=100
NR_RIGHT_COMPILATIONS=null
NR_FAILLING_COMPILATIONS=null
NR_ERRONEOUS_VARIANCES=null
NR_FAILING_VALIDATION_PROCESS=null
OUTPUT_STATUS=CONVERGED

Patch stats:

[8248] INFO Stats - Storing ing JSON at /workdir/jGenProg_vul4j_apache_struts_VUL4J-32/./output_astor/AstorMain-apache_struts-VUL4J-32//astor_output.json
[8249] INFO Stats - astor_output:
{"general":{"NR_RIGHT_COMPILATIONS":null,"NR_ERRONEOUS_VARIANCES":null,"EXECUTION_IDENTIFIER":"apache_struts-VUL4J-32","OUTPUT_STATUS":"CONVERGED","NR_FAILLING_COMPILATIONS":null,"NR_GENERATIONS":100,"TOTAL_TIME":0.702,"NR_FAILING_VALIDATION_PROCESS":null},"patches":[]}
[8249] INFO AstorMain - Time Total(s): 8.242
26.80user 2.12system 0:08.71elapsed 331%CPU (0avgtext+0avgdata 567848maxresident)k
368inputs+15696outputs (0major+153851minor)pagefaults 0swaps


Node: 7bf757db1356



Date: Tue Nov 29 17:08:11 EST 2022

