cd /workdir/Cardumen_vul4j_apache_pdfbox_VUL4J-20;
export JAVA_TOOL_OPTIONS="-Dfile.encoding=UTF8 -Duser.language=en-US -Duser.country=US -Duser.language=en";
TZ="America/New_York"; export TZ;
export PATH="/usr/lib/jvm/java-8-openjdk-amd64/bin:$PATH";
export JAVA_HOME="/usr/lib/jvm/java-8-openjdk-amd64/bin";
time java -Xmx4g -Xms1g -XX:MaxPermSize=512m -cp /script/../libs/jtestex7.jar:/script/../repair_tools/astor.jar fr.inria.main.evolution.AstorMain \
	-mode cardumen \
	-location . \
	-id apache_pdfbox-VUL4J-20 \
	-failing org.apache.pdfbox.pdmodel.TestPDDocument#testCVE_2018_11797 \
	-jvm4testexecution /usr/lib/jvm/java-8-openjdk-amd64/bin \
	-jvm4evosuitetestexecution /usr/lib/jvm/java-8-openjdk-amd64/bin \
	-maxgen 1000000 \
	-maxtime 120 \
	-stopfirst true \
	-seed 0 \
	-scope local \
	-population 1 \
	-javacompliancelevel 8 \
	-faultlocalization perfect \
    -perfectdata /script/../data/benchmarks/vul4j/perfectfl/VUL4J-20 \
    -validation externalcmd \
    -testfailingcmd "mvn test -pl pdfbox -Dtest=org.apache.pdfbox.pdmodel.TestPDDocument#testCVE_2018_11797 -Dhttps.protocols=TLSv1.2 -Denforcer.skip=true -Dcheckstyle.skip=true -Dcobertura.skip=true -DskipITs=true -Drat.skip=true -Dlicense.skip=true -Dpmd.skip=true -Dfindbugs.skip=true -Dgpg.skip=true -Dskip.npm=true -Dskip.gulp=true -Dskip.bower=true -Danimal.sniffer.skip=true -V -B" \
    -testallcmd "mvn test -pl pdfbox -Dhttps.protocols=TLSv1.2 -Denforcer.skip=true -Dcheckstyle.skip=true -Dcobertura.skip=true -DskipITs=true -Drat.skip=true -Dlicense.skip=true -Dpmd.skip=true -Dfindbugs.skip=true -Dgpg.skip=true -Dskip.npm=true -Dskip.gulp=true -Dskip.bower=true -Danimal.sniffer.skip=true -V -B"  \ \
	-srcjavafolder pdfbox/src/main/java \
	-srctestfolder pdfbox/src/test/java \
	-binjavafolder pdfbox/target/classes \
	-bintestfolder pdfbox/target/test-classes \
	-parameters x:x:maxCombinationVariableLimit:true:maxVarCombination:1000:maxCombinationVariableLimit:true:maxVarCombination:1000:maxCombinationVariableLimit:true:maxVarCombination:1000:maxCombinationVariableLimit:true:maxVarCombination:1000:maxCombinationVariableLimit:true:maxVarCombination:1000:maxCombinationVariableLimit:true:maxVarCombination:1000:maxCombinationVariableLimit:true:maxVarCombination:1000:maxCombinationVariableLimit:true:maxVarCombination:1000:maxCombinationVariableLimit:true:maxVarCombination:1000:maxCombinationVariableLimit:true:maxVarCombination:1000:maxCombinationVariableLimit:true:maxVarCombination:1000:maxCombinationVariableLimit:true:maxVarCombination:1000:maxCombinationVariableLimit:true:maxVarCombination:1000:maxCombinationVariableLimit:true:maxVarCombination:1000:maxCombinationVariableLimit:true:maxVarCombination:1000:maxCombinationVariableLimit:true:maxVarCombination:1000:maxCombinationVariableLimit:true:maxVarCombination:1000:maxCombinationVariableLimit:true:maxVarCombination:1000:maxCombinationVariableLimit:true:maxVarCombination:1000:maxCombinationVariableLimit:true:maxVarCombination:1000 \
	-dependencies /root/.m2/repository/com/github/jai-imageio/jai-imageio-jpeg2000/1.3.0/jai-imageio-jpeg2000-1.3.0.jar:/root/.m2/repository/org/bouncycastle/bcmail-jdk15on/1.60/bcmail-jdk15on-1.60.jar:/root/.m2/repository/org/apache/pdfbox/fontbox/3.0.0-SNAPSHOT/fontbox-3.0.0-SNAPSHOT.jar:/root/.m2/repository/com/googlecode/java-diff-utils/diffutils/1.3.0/diffutils-1.3.0.jar:/root/.m2/repository/com/github/jai-imageio/jai-imageio-core/1.4.0/jai-imageio-core-1.4.0.jar:/root/.m2/repository/junit/junit/4.12/junit-4.12.jar:/root/.m2/repository/org/bouncycastle/bcprov-jdk15on/1.60/bcprov-jdk15on-1.60.jar:/root/.m2/repository/commons-logging/commons-logging/1.2/commons-logging-1.2.jar:/root/.m2/repository/org/hamcrest/hamcrest-core/1.3/hamcrest-core-1.3.jar:/root/.m2/repository/org/apache/pdfbox/jbig2-imageio/3.0.1/jbig2-imageio-3.0.1.jar:/root/.m2/repository/org/bouncycastle/bcpkix-jdk15on/1.60/bcpkix-jdk15on-1.60.jar;
	echo "\n\nNode: `hostname`\n";
	echo "\n\nDate: `date`\n";
Picked up JAVA_TOOL_OPTIONS: -Dfile.encoding=UTF8 -Duser.language=en-US -Duser.country=US -Duser.language=en
OpenJDK 64-Bit Server VM warning: ignoring option MaxPermSize=512m; support was removed in 8.0
[0] INFO ProjectConfiguration - Version of the JVM used: 1.8.0_342
[0] INFO main - Java version of the JDK used to run tests: 1.8.0_342
[0] INFO main - The compliance of the JVM is:  8
[3] INFO main - command line arguments: [-mode  cardumen  -location  .  -id  apache_pdfbox-VUL4J-20  -failing  org.apache.pdfbox.pdmodel.TestPDDocument#testCVE_2018_11797  -jvm4testexecution  /usr/lib/jvm/java-8-openjdk-amd64/bin  -jvm4evosuitetestexecution  /usr/lib/jvm/java-8-openjdk-amd64/bin  -maxgen  1000000  -maxtime  120  -stopfirst  true  -seed  0  -scope  local  -population  1  -javacompliancelevel  8  -faultlocalization  perfect  -perfectdata  /script/../data/benchmarks/vul4j/perfectfl/VUL4J-20  -validation  externalcmd  -testfailingcmd  mvn test -pl pdfbox -Dtest=org.apache.pdfbox.pdmodel.TestPDDocument#testCVE_2018_11797 -Dhttps.protocols=TLSv1.2 -Denforcer.skip=true -Dcheckstyle.skip=true -Dcobertura.skip=true -DskipITs=true -Drat.skip=true -Dlicense.skip=true -Dpmd.skip=true -Dfindbugs.skip=true -Dgpg.skip=true -Dskip.npm=true -Dskip.gulp=true -Dskip.bower=true -Danimal.sniffer.skip=true -V -B  -testallcmd  mvn test -pl pdfbox -Dhttps.protocols=TLSv1.2 -Denforcer.skip=true -Dcheckstyle.skip=true -Dcobertura.skip=true -DskipITs=true -Drat.skip=true -Dlicense.skip=true -Dpmd.skip=true -Dfindbugs.skip=true -Dgpg.skip=true -Dskip.npm=true -Dskip.gulp=true -Dskip.bower=true -Danimal.sniffer.skip=true -V -B     -srcjavafolder  pdfbox/src/main/java  -srctestfolder  pdfbox/src/test/java  -binjavafolder  pdfbox/target/classes  -bintestfolder  pdfbox/target/test-classes  -parameters  x:x:maxCombinationVariableLimit:true:maxVarCombination:1000:maxCombinationVariableLimit:true:maxVarCombination:1000:maxCombinationVariableLimit:true:maxVarCombination:1000:maxCombinationVariableLimit:true:maxVarCombination:1000:maxCombinationVariableLimit:true:maxVarCombination:1000:maxCombinationVariableLimit:true:maxVarCombination:1000:maxCombinationVariableLimit:true:maxVarCombination:1000:maxCombinationVariableLimit:true:maxVarCombination:1000:maxCombinationVariableLimit:true:maxVarCombination:1000:maxCombinationVariableLimit:true:maxVarCombination:1000:maxCombinationVariableLimit:true:maxVarCombination:1000:maxCombinationVariableLimit:true:maxVarCombination:1000:maxCombinationVariableLimit:true:maxVarCombination:1000:maxCombinationVariableLimit:true:maxVarCombination:1000:maxCombinationVariableLimit:true:maxVarCombination:1000:maxCombinationVariableLimit:true:maxVarCombination:1000:maxCombinationVariableLimit:true:maxVarCombination:1000:maxCombinationVariableLimit:true:maxVarCombination:1000:maxCombinationVariableLimit:true:maxVarCombination:1000:maxCombinationVariableLimit:true:maxVarCombination:1000  -dependencies  /root/.m2/repository/com/github/jai-imageio/jai-imageio-jpeg2000/1.3.0/jai-imageio-jpeg2000-1.3.0.jar:/root/.m2/repository/org/bouncycastle/bcmail-jdk15on/1.60/bcmail-jdk15on-1.60.jar:/root/.m2/repository/org/apache/pdfbox/fontbox/3.0.0-SNAPSHOT/fontbox-3.0.0-SNAPSHOT.jar:/root/.m2/repository/com/googlecode/java-diff-utils/diffutils/1.3.0/diffutils-1.3.0.jar:/root/.m2/repository/com/github/jai-imageio/jai-imageio-core/1.4.0/jai-imageio-core-1.4.0.jar:/root/.m2/repository/junit/junit/4.12/junit-4.12.jar:/root/.m2/repository/org/bouncycastle/bcprov-jdk15on/1.60/bcprov-jdk15on-1.60.jar:/root/.m2/repository/commons-logging/commons-logging/1.2/commons-logging-1.2.jar:/root/.m2/repository/org/hamcrest/hamcrest-core/1.3/hamcrest-core-1.3.jar:/root/.m2/repository/org/apache/pdfbox/jbig2-imageio/3.0.1/jbig2-imageio-3.0.1.jar:/root/.m2/repository/org/bouncycastle/bcpkix-jdk15on/1.60/bcpkix-jdk15on-1.60.jar]
[5] INFO AstorMain - Running Astor on a JDK at /usr/lib/jvm/java-8-openjdk-amd64/jre
[14] INFO main - Source folders: [/workdir/Cardumen_vul4j_apache_pdfbox_VUL4J-20/./pdfbox/src/main/java]
[14] INFO main - Source Test folders: [/workdir/Cardumen_vul4j_apache_pdfbox_VUL4J-20/./pdfbox/src/test/java]
[4040] INFO AstorCoreEngine - ---- Creating spoon model
[4136] INFO MutationSupporter - Creating model,  Code location from working folder: /workdir/Cardumen_vul4j_apache_pdfbox_VUL4J-20/./pdfbox/src/main/java
[4136] INFO MutationSupporter - building model: /workdir/Cardumen_vul4j_apache_pdfbox_VUL4J-20/./pdfbox/src/main/java, compliance level: 8
[4724] INFO MutationSupporter - Classpath (Dependencies) for building SpoonModel: [/root/.m2/repository/com/github/jai-imageio/jai-imageio-jpeg2000/1.3.0/jai-imageio-jpeg2000-1.3.0.jar, /root/.m2/repository/org/bouncycastle/bcmail-jdk15on/1.60/bcmail-jdk15on-1.60.jar, /root/.m2/repository/org/apache/pdfbox/fontbox/3.0.0-SNAPSHOT/fontbox-3.0.0-SNAPSHOT.jar, /root/.m2/repository/com/googlecode/java-diff-utils/diffutils/1.3.0/diffutils-1.3.0.jar, /root/.m2/repository/com/github/jai-imageio/jai-imageio-core/1.4.0/jai-imageio-core-1.4.0.jar, /root/.m2/repository/junit/junit/4.12/junit-4.12.jar, /root/.m2/repository/org/bouncycastle/bcprov-jdk15on/1.60/bcprov-jdk15on-1.60.jar, /root/.m2/repository/commons-logging/commons-logging/1.2/commons-logging-1.2.jar, /root/.m2/repository/org/hamcrest/hamcrest-core/1.3/hamcrest-core-1.3.jar, /root/.m2/repository/org/apache/pdfbox/jbig2-imageio/3.0.1/jbig2-imageio-3.0.1.jar, /root/.m2/repository/org/bouncycastle/bcpkix-jdk15on/1.60/bcpkix-jdk15on-1.60.jar]
[36911] INFO AstorCoreEngine - Number of CtTypes created: 598
[38995] INFO AstorCoreEngine - Test retrieved from classes: 0
[39330] INFO AstorCoreEngine - Setting up the max to 3350 milliseconds (3 sec)
[39330] INFO AstorCoreEngine - ---- Initial suspicious size: 1
[39543] INFO main - Total suspicious from FL: 1,  3
[39543] INFO main - Total ModPoint created: 3
[39543] INFO main - Creating program variant #1, [Variant id: 1, #gens: 3, #ops: 0, parent:-]
[39543] INFO main - Run previously failing tests...
[74541] INFO main - Failed tests: 1
[74552] INFO AstorCoreEngine - The original fitness is : 1.0
[81522] INFO ExpressionTypeIngredientSpace - Ingredient search space info : number keys 15 , number values 75 
[81523] WARN ConfigurationProperties - ----------------------------
[81523] INFO ConfigurationProperties - ---Configuration properties
[81523] INFO ConfigurationProperties - p:lastJUnitVersion= ./examples/libs/junit-4.11.jar
[81523] INFO ConfigurationProperties - p:alternativecompliancelevel= 8
[81523] INFO ConfigurationProperties - p:ignoredTestCases= 
[81523] INFO ConfigurationProperties - p:workingDirectory= /workdir/Cardumen_vul4j_apache_pdfbox_VUL4J-20/./output_astor
[81523] INFO ConfigurationProperties - p:manipulatesuper= false
[81523] INFO ConfigurationProperties - p:validation= externalcmd
[81523] INFO ConfigurationProperties - p:jvm4testexecution= /usr/lib/jvm/java-8-openjdk-amd64/bin
[81523] INFO ConfigurationProperties - p:operatorspace= r-expression
[81523] INFO ConfigurationProperties - p:diffcontext= 0
[81523] INFO ConfigurationProperties - p:binjavafolder= pdfbox/target/classes
[81523] INFO ConfigurationProperties - p:synthesis_depth= 3
[81523] INFO ConfigurationProperties - p:gzoltartestpackagetoexclude= junit.framework
[81523] INFO ConfigurationProperties - p:skipfitnessinitialpopulation= false
[81524] INFO ConfigurationProperties - p:evosuiteresultfolder= evosuite
[81529] INFO ConfigurationProperties - p:flthreshold= 0.1
[81529] INFO ConfigurationProperties - p:regressionforfaultlocalization= true
[81529] INFO ConfigurationProperties - p:collectonlyusedmethod= false
[81529] INFO ConfigurationProperties - p:preservelinenumbers= true
[81529] INFO ConfigurationProperties - p:tmax2= 3350
[81530] INFO ConfigurationProperties - p:ingredienttransformstrategy= name-probability-based
[81530] INFO ConfigurationProperties - p:tmax1= 10000
[81530] INFO ConfigurationProperties - p:probagenmutation= false
[81530] INFO ConfigurationProperties - p:nomodificationconvergence= 100
[81530] INFO ConfigurationProperties - p:diff_type= relative
[81530] INFO ConfigurationProperties - p:targetelementprocessor= expression
[81530] INFO ConfigurationProperties - p:srctestfolder= pdfbox/src/test/java
[81530] INFO ConfigurationProperties - p:forceExecuteRegression= false
[81531] INFO ConfigurationProperties - p:clusteringfilename= clustering.csv
[81545] INFO ConfigurationProperties - p:failing= org.apache.pdfbox.pdmodel.TestPDDocument#testCVE_2018_11797
[81545] INFO ConfigurationProperties - p:logtestexecution= false
[81545] INFO ConfigurationProperties - p:evo_buggy_class= true
[81545] INFO ConfigurationProperties - p:numberExecutions= 1
[81545] INFO ConfigurationProperties - p:maxnumbersolutions= 1000000
[81546] INFO ConfigurationProperties - p:evo_affected_by_op= true
[81546] INFO ConfigurationProperties - p:population= 1
[81546] INFO ConfigurationProperties - p:considerzerovaluesusp= false
[81546] INFO ConfigurationProperties - p:maxCombinationVariableLimit= true
[81546] INFO ConfigurationProperties - p:savesolution= true
[81546] INFO ConfigurationProperties - p:javacompliancelevel= 8
[81546] INFO ConfigurationProperties - p:x= x
[81546] INFO ConfigurationProperties - p:uniqueoptogen= false
[81546] INFO ConfigurationProperties - p:gzoltarpackagetonotinstrument= junit.framework
[81546] INFO ConfigurationProperties - p:projectIdentifier= apache_pdfbox-VUL4J-20
[81546] INFO ConfigurationProperties - p:modificationpointnavigation= weight
[81546] INFO ConfigurationProperties - p:stopfirst= true
[81546] INFO ConfigurationProperties - p:multipointmodification= false
[81546] INFO ConfigurationProperties - p:elementsToMutate= 10
[81546] INFO ConfigurationProperties - p:jsonoutputname= astor_output
[81546] INFO ConfigurationProperties - p:evoDSE= false
[81546] INFO ConfigurationProperties - p:bintestfolder= pdfbox/target/test-classes
[81546] INFO ConfigurationProperties - p:testbystep= false
[81546] INFO ConfigurationProperties - p:version-location= ./math-version/
[81546] INFO ConfigurationProperties - p:reintroduce= PARENTS:ORIGINAL
[81547] INFO ConfigurationProperties - p:perfectdata= /script/../data/benchmarks/vul4j/perfectfl/VUL4J-20
[81547] INFO ConfigurationProperties - p:executorjar= ./lib/jtestex7.jar
[81547] INFO ConfigurationProperties - p:maxGeneration= 1000000
[81547] INFO ConfigurationProperties - p:max_synthesis_step= 10000
[81547] INFO ConfigurationProperties - p:projectinfocommand= com.github.tdurieux:project-config-maven-plugin:info
[81547] INFO ConfigurationProperties - p:maxVarCombination= 1000
[81547] INFO ConfigurationProperties - p:maxtime= 120
[81547] INFO ConfigurationProperties - p:evosuitejar= ./lib/evosuite-master-1.0.4-SNAPSHOT.jar
[81547] INFO ConfigurationProperties - p:jvmversion= 1.8.0_342
[81547] INFO ConfigurationProperties - p:commandTrunk= 50000
[81547] INFO ConfigurationProperties - p:faultlocalization= perfect
[81547] INFO ConfigurationProperties - p:resetmodel= true
[81547] INFO ConfigurationProperties - p:maxsuspcandidates= 1000
[81547] INFO ConfigurationProperties - p:mode= cardumen
[81547] INFO ConfigurationProperties - p:learningdir= 
[81547] INFO ConfigurationProperties - p:jvm4evosuitetestexecution= /usr/lib/jvm/java-8-openjdk-amd64/bin
[81547] INFO ConfigurationProperties - p:filterfaultlocalization= true
[81547] INFO ConfigurationProperties - p:mutationrate= 1 
[81547] INFO ConfigurationProperties - p:pathToMVNRepository= 
[81547] INFO ConfigurationProperties - p:resourcesfolder= /src/main/resources:/src/test/resources:
[81547] INFO ConfigurationProperties - p:timezone= America/Los_Angeles
[81547] INFO ConfigurationProperties - p:runjava7code= false
[81548] INFO ConfigurationProperties - p:testfailingcmd= mvn test -pl pdfbox -Dtest=org.apache.pdfbox.pdmodel.TestPDDocument#testCVE_2018_11797 -Dhttps.protocols=TLSv1.2 -Denforcer.skip=true -Dcheckstyle.skip=true -Dcobertura.skip=true -DskipITs=true -Drat.skip=true -Dlicense.skip=true -Dpmd.skip=true -Dfindbugs.skip=true -Dgpg.skip=true -Dskip.npm=true -Dskip.gulp=true -Dskip.bower=true -Danimal.sniffer.skip=true -V -B
[81548] INFO ConfigurationProperties - p:evoRunOnBuggyClass= true
[81548] INFO ConfigurationProperties - p:compiler= fr.inria.astor.core.manipulation.bytecode.compiler.SpoonClassCompiler
[81548] INFO ConfigurationProperties - p:limitbysuspicious= true
[81548] INFO ConfigurationProperties - p:logsattemps= true
[81548] INFO ConfigurationProperties - p:dependenciespath= /root/.m2/repository/com/github/jai-imageio/jai-imageio-jpeg2000/1.3.0/jai-imageio-jpeg2000-1.3.0.jar:/root/.m2/repository/org/bouncycastle/bcmail-jdk15on/1.60/bcmail-jdk15on-1.60.jar:/root/.m2/repository/org/apache/pdfbox/fontbox/3.0.0-SNAPSHOT/fontbox-3.0.0-SNAPSHOT.jar:/root/.m2/repository/com/googlecode/java-diff-utils/diffutils/1.3.0/diffutils-1.3.0.jar:/root/.m2/repository/com/github/jai-imageio/jai-imageio-core/1.4.0/jai-imageio-core-1.4.0.jar:/root/.m2/repository/junit/junit/4.12/junit-4.12.jar:/root/.m2/repository/org/bouncycastle/bcprov-jdk15on/1.60/bcprov-jdk15on-1.60.jar:/root/.m2/repository/commons-logging/commons-logging/1.2/commons-logging-1.2.jar:/root/.m2/repository/org/hamcrest/hamcrest-core/1.3/hamcrest-core-1.3.jar:/root/.m2/repository/org/apache/pdfbox/jbig2-imageio/3.0.1/jbig2-imageio-3.0.1.jar:/root/.m2/repository/org/bouncycastle/bcpkix-jdk15on/1.60/bcpkix-jdk15on-1.60.jar
[81548] INFO ConfigurationProperties - p:packageToInstrument= 
[81548] INFO ConfigurationProperties - p:skipfaultlocalization= false
[81548] INFO ConfigurationProperties - p:scope= local
[81548] INFO ConfigurationProperties - p:transformingredient= false
[81548] INFO ConfigurationProperties - p:fitnessfunction= fr.inria.astor.core.solutionsearch.population.TestCaseFitnessFunction
[81548] INFO ConfigurationProperties - p:maxnumvariablesperingredient= 10
[81548] INFO ConfigurationProperties - p:parsesourcefromoriginal= true
[81548] INFO ConfigurationProperties - p:pvariantfoldername= variant-
[81548] INFO ConfigurationProperties - p:savespoonmodelondisk= false
[81548] INFO ConfigurationProperties - p:srcjavafolder= pdfbox/src/main/java
[81548] INFO ConfigurationProperties - p:populationcontroller= fr.inria.astor.core.solutionsearch.population.TestCaseBasedFitnessPopulationController
[81548] INFO ConfigurationProperties - p:ignoreflakyinfl= false
[81548] INFO ConfigurationProperties - p:cleantemplates= true
[81548] INFO ConfigurationProperties - p:applyCrossover= false
[81549] INFO ConfigurationProperties - p:maxmodificationpoints= 1000
[81549] INFO ConfigurationProperties - p:duplicateingredientsinspace= false
[81549] INFO ConfigurationProperties - p:metid= 0
[81549] INFO ConfigurationProperties - p:continuewhenmodelfail= true
[81549] INFO ConfigurationProperties - p:saveall= false
[81549] INFO ConfigurationProperties - p:seed= 0
[81549] INFO ConfigurationProperties - p:savecompletepatched= true
[81549] INFO ConfigurationProperties - p:resetoperations= false
[81549] INFO ConfigurationProperties - p:keepcomments= false
[81549] INFO ConfigurationProperties - p:processoutputinfile= false
[81549] INFO ConfigurationProperties - p:location= .
[81550] INFO ConfigurationProperties - p:probabilistictransformation= true
[81551] INFO ConfigurationProperties - p:overridemaxtime= true
[81551] INFO ConfigurationProperties - p:ingredientstrategy= name-probability-based
[81551] INFO ConfigurationProperties - p:outputjsonresult= true
[81551] INFO ConfigurationProperties - p:allpoints= false
[81551] INFO ConfigurationProperties - p:antipattern= false
[81551] INFO ConfigurationProperties - p:bugId= 280
[81551] INFO ConfigurationProperties - p:evosuitetimeout= 120
[81551] INFO ConfigurationProperties - p:maxtimefactor= 10
[81551] INFO ConfigurationProperties - p:nrPlaceholders= 1
[81551] INFO ConfigurationProperties - p:testallcmd= mvn test -pl pdfbox -Dhttps.protocols=TLSv1.2 -Denforcer.skip=true -Dcheckstyle.skip=true -Dcobertura.skip=true -DskipITs=true -Drat.skip=true -Dlicense.skip=true -Dpmd.skip=true -Dfindbugs.skip=true -Dgpg.skip=true -Dskip.npm=true -Dskip.gulp=true -Dskip.bower=true -Danimal.sniffer.skip=true -V -B
[81551] INFO ConfigurationProperties - p:forcesubprocesskilling= false
[81551] INFO ConfigurationProperties - ----------------------------
[81551] INFO AstorCoreEngine - ----Starting Solution Search
[81581] WARN AstorCoreEngine - ----------Running generation: 1, population size: 1
[99757] WARN AstorCoreEngine - ----------Running generation: 2, population size: 1
[99930] WARN AstorCoreEngine - ----------Running generation: 3, population size: 1
[100081] WARN AstorCoreEngine - ----------Running generation: 4, population size: 1
[100155] WARN AstorCoreEngine - ----------Running generation: 5, population size: 1
[100224] WARN AstorCoreEngine - ----------Running generation: 6, population size: 1
[100294] WARN AstorCoreEngine - ----------Running generation: 7, population size: 1
[100352] WARN AstorCoreEngine - ----------Running generation: 8, population size: 1
[100402] WARN AstorCoreEngine - ----------Running generation: 9, population size: 1
[100468] WARN AstorCoreEngine - ----------Running generation: 10, population size: 1
[100513] WARN AstorCoreEngine - ----------Running generation: 11, population size: 1
[100563] WARN AstorCoreEngine - ----------Running generation: 12, population size: 1
[100645] WARN AstorCoreEngine - ----------Running generation: 13, population size: 1
[100704] WARN AstorCoreEngine - ----------Running generation: 14, population size: 1
[100787] WARN AstorCoreEngine - ----------Running generation: 15, population size: 1
[100915] WARN AstorCoreEngine - ----------Running generation: 16, population size: 1
[100980] WARN AstorCoreEngine - ----------Running generation: 17, population size: 1
[101112] WARN AstorCoreEngine - ----------Running generation: 18, population size: 1
[101232] WARN AstorCoreEngine - ----------Running generation: 19, population size: 1
[101343] WARN AstorCoreEngine - ----------Running generation: 20, population size: 1
[101390] WARN AstorCoreEngine - ----------Running generation: 21, population size: 1
[101456] WARN AstorCoreEngine - ----------Running generation: 22, population size: 1
[101526] WARN AstorCoreEngine - ----------Running generation: 23, population size: 1
[101606] WARN AstorCoreEngine - ----------Running generation: 24, population size: 1
[101652] WARN AstorCoreEngine - ----------Running generation: 25, population size: 1
[101700] WARN AstorCoreEngine - ----------Running generation: 26, population size: 1
[101797] WARN AstorCoreEngine - ----------Running generation: 27, population size: 1
[101876] WARN AstorCoreEngine - ----------Running generation: 28, population size: 1
[101940] WARN AstorCoreEngine - ----------Running generation: 29, population size: 1
[102001] WARN AstorCoreEngine - ----------Running generation: 30, population size: 1
[102096] WARN AstorCoreEngine - ----------Running generation: 31, population size: 1
[102201] WARN AstorCoreEngine - ----------Running generation: 32, population size: 1
[102234] WARN AstorCoreEngine - ----------Running generation: 33, population size: 1
[102308] WARN AstorCoreEngine - ----------Running generation: 34, population size: 1
[102363] WARN AstorCoreEngine - ----------Running generation: 35, population size: 1
[102402] WARN AstorCoreEngine - ----------Running generation: 36, population size: 1
[102450] WARN AstorCoreEngine - ----------Running generation: 37, population size: 1
[102509] WARN AstorCoreEngine - ----------Running generation: 38, population size: 1
[102612] WARN AstorCoreEngine - ----------Running generation: 39, population size: 1
[102640] WARN AstorCoreEngine - ----------Running generation: 40, population size: 1
[102688] WARN AstorCoreEngine - ----------Running generation: 41, population size: 1
[102730] WARN AstorCoreEngine - ----------Running generation: 42, population size: 1
[102753] WARN AstorCoreEngine - ----------Running generation: 43, population size: 1
[102833] WARN AstorCoreEngine - ----------Running generation: 44, population size: 1
[102853] WARN AstorCoreEngine - ----------Running generation: 45, population size: 1
[102871] WARN AstorCoreEngine - ----------Running generation: 46, population size: 1
[102899] WARN AstorCoreEngine - ----------Running generation: 47, population size: 1
[102918] WARN AstorCoreEngine - ----------Running generation: 48, population size: 1
[102934] WARN AstorCoreEngine - ----------Running generation: 49, population size: 1
[102980] WARN AstorCoreEngine - ----------Running generation: 50, population size: 1
[103025] WARN AstorCoreEngine - ----------Running generation: 51, population size: 1
[103080] WARN AstorCoreEngine - ----------Running generation: 52, population size: 1
[103097] WARN AstorCoreEngine - ----------Running generation: 53, population size: 1
[103112] WARN AstorCoreEngine - ----------Running generation: 54, population size: 1
[103129] WARN AstorCoreEngine - ----------Running generation: 55, population size: 1
[103146] WARN AstorCoreEngine - ----------Running generation: 56, population size: 1
[103182] WARN AstorCoreEngine - ----------Running generation: 57, population size: 1
[103257] WARN AstorCoreEngine - ----------Running generation: 58, population size: 1
[103308] WARN AstorCoreEngine - ----------Running generation: 59, population size: 1
[103390] WARN AstorCoreEngine - ----------Running generation: 60, population size: 1
[103406] WARN AstorCoreEngine - ----------Running generation: 61, population size: 1
[103423] WARN AstorCoreEngine - ----------Running generation: 62, population size: 1
[103439] WARN AstorCoreEngine - ----------Running generation: 63, population size: 1
[103461] WARN AstorCoreEngine - ----------Running generation: 64, population size: 1
[103505] WARN AstorCoreEngine - ----------Running generation: 65, population size: 1
[103541] WARN AstorCoreEngine - ----------Running generation: 66, population size: 1
[103586] WARN AstorCoreEngine - ----------Running generation: 67, population size: 1
[103673] WARN AstorCoreEngine - ----------Running generation: 68, population size: 1
[103748] WARN AstorCoreEngine - ----------Running generation: 69, population size: 1
[103804] WARN AstorCoreEngine - ----------Running generation: 70, population size: 1
[103825] WARN AstorCoreEngine - ----------Running generation: 71, population size: 1
[103866] WARN AstorCoreEngine - ----------Running generation: 72, population size: 1
[103957] WARN AstorCoreEngine - ----------Running generation: 73, population size: 1
[104012] WARN AstorCoreEngine - ----------Running generation: 74, population size: 1
[104035] WARN AstorCoreEngine - ----------Running generation: 75, population size: 1
[104091] WARN AstorCoreEngine - ----------Running generation: 76, population size: 1
[104143] WARN AstorCoreEngine - ----------Running generation: 77, population size: 1
[104185] WARN AstorCoreEngine - ----------Running generation: 78, population size: 1
[104225] WARN AstorCoreEngine - ----------Running generation: 79, population size: 1
[104276] WARN AstorCoreEngine - ----------Running generation: 80, population size: 1
[104312] WARN AstorCoreEngine - ----------Running generation: 81, population size: 1
[104340] WARN AstorCoreEngine - ----------Running generation: 82, population size: 1
[104402] WARN AstorCoreEngine - ----------Running generation: 83, population size: 1
[104460] WARN AstorCoreEngine - ----------Running generation: 84, population size: 1
[104501] WARN AstorCoreEngine - ----------Running generation: 85, population size: 1
[104577] WARN AstorCoreEngine - ----------Running generation: 86, population size: 1
[104638] WARN AstorCoreEngine - ----------Running generation: 87, population size: 1
[104693] WARN AstorCoreEngine - ----------Running generation: 88, population size: 1
[104741] WARN AstorCoreEngine - ----------Running generation: 89, population size: 1
[104767] WARN AstorCoreEngine - ----------Running generation: 90, population size: 1
[104827] WARN AstorCoreEngine - ----------Running generation: 91, population size: 1
[104914] WARN AstorCoreEngine - ----------Running generation: 92, population size: 1
[104968] WARN AstorCoreEngine - ----------Running generation: 93, population size: 1
[104985] WARN AstorCoreEngine - ----------Running generation: 94, population size: 1
[104999] WARN AstorCoreEngine - ----------Running generation: 95, population size: 1
[105062] WARN AstorCoreEngine - ----------Running generation: 96, population size: 1
[105099] WARN AstorCoreEngine - ----------Running generation: 97, population size: 1
[105134] WARN AstorCoreEngine - ----------Running generation: 98, population size: 1
[105173] WARN AstorCoreEngine - ----------Running generation: 99, population size: 1
[105196] WARN AstorCoreEngine - ----------Running generation: 100, population size: 1
[105397] WARN AstorCoreEngine - ----------Running generation: 101, population size: 1
[105428] ERROR AstorCoreEngine - Stopping main loop at 101 generation
[105429] INFO AstorCoreEngine - Time Repair Loop (s): 23.878
[105429] INFO AstorCoreEngine - generationsexecuted: 101
[105429] WARN AstorCoreEngine - ----SUMMARY_EXECUTION---
[105429] WARN AstorCoreEngine - End Repair Search: NOT Found solution
[105429] WARN AstorCoreEngine - Number suspicious:1
[105429] INFO AstorCoreEngine - Total mod points: 3
[105479] INFO ExpressionTypeIngredientSpace - Storing ing JSON at /workdir/Cardumen_vul4j_apache_pdfbox_VUL4J-20/./output_astor/AstorMain-apache_pdfbox-VUL4J-20//src/ingredients.json
[105480] INFO IngredientStats - Storing ing JSON at /workdir/Cardumen_vul4j_apache_pdfbox_VUL4J-20/./output_astor/AstorMain-apache_pdfbox-VUL4J-20//ingredientSpaceSize.json
[105487] INFO IngredientStats - ingredientSpaceSize:{"allAttempts":8,"space":[{"a":2,"v":3},{"a":4,"v":1},{"a":9,"v":1},{"a":11,"v":1},{"a":1,"v":1},{"a":10,"v":1}]}
[105488] INFO IngredientStats - Storing ing JSON at /workdir/Cardumen_vul4j_apache_pdfbox_VUL4J-20/./output_astor/AstorMain-apache_pdfbox-VUL4J-20//combinationsTemplatesingredientSpaceSize.json
[105493] INFO IngredientStats - combinationsTemplatesingredientSpaceSize:{"allAttempts":32,"space":[{"a":1,"v":6},{"a":0,"v":26}]}
[105494] INFO AstorCoreEngine - 
 --SOLUTIONS DESCRIPTION--


Astor Output:

General stats:
EXECUTION_IDENTIFIER=apache_pdfbox-VUL4J-20
TOTAL_TIME=23.878
NR_GENERATIONS=101
NR_RIGHT_COMPILATIONS=null
NR_FAILLING_COMPILATIONS=1
NR_ERRONEOUS_VARIANCES=null
NR_FAILING_VALIDATION_PROCESS=null
OUTPUT_STATUS=CONVERGED

Patch stats:

[105505] INFO Stats - Storing ing JSON at /workdir/Cardumen_vul4j_apache_pdfbox_VUL4J-20/./output_astor/AstorMain-apache_pdfbox-VUL4J-20//astor_output.json
[105505] INFO Stats - astor_output:
{"general":{"NR_RIGHT_COMPILATIONS":null,"NR_ERRONEOUS_VARIANCES":null,"EXECUTION_IDENTIFIER":"apache_pdfbox-VUL4J-20","OUTPUT_STATUS":"CONVERGED","NR_FAILLING_COMPILATIONS":1,"NR_GENERATIONS":101,"TOTAL_TIME":23.878,"NR_FAILING_VALIDATION_PROCESS":null},"patches":[]}
[105505] INFO AstorMain - Time Total(s): 105.497
111.77user 11.44system 1:47.58elapsed 114%CPU (0avgtext+0avgdata 1290584maxresident)k
344inputs+50624outputs (0major+489838minor)pagefaults 0swaps


Node: 9670332cfea8



Date: Fri Sep  9 00:16:51 EDT 2022

