cd /workdir/jKali_vul4j_apache_santuario-java_VUL4J-21;
export JAVA_TOOL_OPTIONS="-Dfile.encoding=UTF8 -Duser.language=en-US -Duser.country=US -Duser.language=en";
TZ="America/New_York"; export TZ;
export PATH="/usr/lib/jvm/java-8-openjdk-amd64/bin:$PATH";
export JAVA_HOME="/usr/lib/jvm/java-8-openjdk-amd64/bin";
time java -Xmx4g -Xms1g -XX:MaxPermSize=512m -cp /script/../libs/jtestex7.jar:/script/../repair_tools/astor.jar fr.inria.main.evolution.AstorMain \
	-mode jkali \
	-location . \
	-id apache_santuario-java-VUL4J-21 \
	-failing org.apache.xml.security.test.stax.signature.SignatureVerificationTest#testEnvelopedSignatureTampered_ContentFirst:org.apache.xml.security.test.stax.signature.SignatureVerificationTest#testEnvelopedSignatureTampered_SignatureFirst \
	-jvm4testexecution /usr/lib/jvm/java-8-openjdk-amd64/bin \
	-jvm4evosuitetestexecution /usr/lib/jvm/java-8-openjdk-amd64/bin \
	-maxgen 1000000 \
	-maxtime 120 \
	-stopfirst true \
	-seed 0 \
	-scope local \
	-population 1 \
	-javacompliancelevel 8 \
	-faultlocalization perfect \
    -perfectdata /script/../data/benchmarks/vul4j/perfectfl/VUL4J-21 \
    -validation externalcmd \
    -testfailingcmd "mvn test -Dtest=org.apache.xml.security.test.stax.signature.SignatureVerificationTest -Dhttps.protocols=TLSv1.2 -Denforcer.skip=true -Dcheckstyle.skip=true -Dcobertura.skip=true -DskipITs=true -Drat.skip=true -Dlicense.skip=true -Dpmd.skip=true -Dfindbugs.skip=true -Dgpg.skip=true -Dskip.npm=true -Dskip.gulp=true -Dskip.bower=true -Danimal.sniffer.skip=true -V -B" \
    -testallcmd "mvn test -Dhttps.protocols=TLSv1.2 -Denforcer.skip=true -Dcheckstyle.skip=true -Dcobertura.skip=true -DskipITs=true -Drat.skip=true -Dlicense.skip=true -Dpmd.skip=true -Dfindbugs.skip=true -Dgpg.skip=true -Dskip.npm=true -Dskip.gulp=true -Dskip.bower=true -Danimal.sniffer.skip=true -V -B"  \ \
	-srcjavafolder src/main/java \
	-srctestfolder src/test/java \
	-binjavafolder target/classes \
	-bintestfolder target/test-classes \
	-parameters x:x \
	-dependencies /root/.m2/repository/xalan/xalan/2.7.2/xalan-2.7.2.jar:/root/.m2/repository/org/eclipse/jetty/jetty-client/8.1.4.v20120524/jetty-client-8.1.4.v20120524.jar:/root/.m2/repository/org/codehaus/woodstox/woodstox-core-asl/4.4.1/woodstox-core-asl-4.4.1.jar:/root/.m2/repository/org/eclipse/jetty/jetty-continuation/8.1.4.v20120524/jetty-continuation-8.1.4.v20120524.jar:/root/.m2/repository/org/eclipse/jetty/jetty-util/8.1.4.v20120524/jetty-util-8.1.4.v20120524.jar:/root/.m2/repository/org/hamcrest/hamcrest-core/1.3/hamcrest-core-1.3.jar:/root/.m2/repository/org/eclipse/jetty/jetty-servlet/8.1.4.v20120524/jetty-servlet-8.1.4.v20120524.jar:/root/.m2/repository/xmlunit/xmlunit/1.5/xmlunit-1.5.jar:/root/.m2/repository/org/eclipse/jetty/jetty-servlets/8.1.4.v20120524/jetty-servlets-8.1.4.v20120524.jar:/root/.m2/repository/xerces/xercesImpl/2.11.0/xercesImpl-2.11.0.jar:/root/.m2/repository/org/eclipse/jetty/jetty-http/8.1.4.v20120524/jetty-http-8.1.4.v20120524.jar:/root/.m2/repository/org/eclipse/jetty/jetty-io/8.1.4.v20120524/jetty-io-8.1.4.v20120524.jar:/root/.m2/repository/org/slf4j/slf4j-api/1.7.7/slf4j-api-1.7.7.jar:/root/.m2/repository/org/eclipse/jetty/orbit/javax.servlet/3.0.0.v201112011016/javax.servlet-3.0.0.v201112011016.jar:/root/.m2/repository/log4j/log4j/1.2.17/log4j-1.2.17.jar:/root/.m2/repository/org/eclipse/jetty/jetty-security/8.1.4.v20120524/jetty-security-8.1.4.v20120524.jar:/root/.m2/repository/xml-apis/xml-apis/1.4.01/xml-apis-1.4.01.jar:/root/.m2/repository/xalan/serializer/2.7.2/serializer-2.7.2.jar:/root/.m2/repository/org/slf4j/slf4j-log4j12/1.7.7/slf4j-log4j12-1.7.7.jar:/root/.m2/repository/javax/xml/stream/stax-api/1.0-2/stax-api-1.0-2.jar:/root/.m2/repository/org/eclipse/jetty/jetty-server/8.1.4.v20120524/jetty-server-8.1.4.v20120524.jar:/root/.m2/repository/commons-codec/commons-codec/1.9/commons-codec-1.9.jar:/root/.m2/repository/org/codehaus/woodstox/stax2-api/3.1.4/stax2-api-3.1.4.jar:/root/.m2/repository/junit/junit/4.11/junit-4.11.jar:/root/.m2/repository/org/bouncycastle/bcprov-jdk15on/1.51/bcprov-jdk15on-1.51.jar;
	echo "\n\nNode: `hostname`\n";
	echo "\n\nDate: `date`\n";
Picked up JAVA_TOOL_OPTIONS: -Dfile.encoding=UTF8 -Duser.language=en-US -Duser.country=US -Duser.language=en
OpenJDK 64-Bit Server VM warning: ignoring option MaxPermSize=512m; support was removed in 8.0
[0] INFO ProjectConfiguration - Version of the JVM used: 1.8.0_342
[0] INFO main - Java version of the JDK used to run tests: 1.8.0_342
[0] INFO main - The compliance of the JVM is:  8
[3] INFO main - command line arguments: [-mode  jkali  -location  .  -id  apache_santuario-java-VUL4J-21  -failing  org.apache.xml.security.test.stax.signature.SignatureVerificationTest#testEnvelopedSignatureTampered_ContentFirst:org.apache.xml.security.test.stax.signature.SignatureVerificationTest#testEnvelopedSignatureTampered_SignatureFirst  -jvm4testexecution  /usr/lib/jvm/java-8-openjdk-amd64/bin  -jvm4evosuitetestexecution  /usr/lib/jvm/java-8-openjdk-amd64/bin  -maxgen  1000000  -maxtime  120  -stopfirst  true  -seed  0  -scope  local  -population  1  -javacompliancelevel  8  -faultlocalization  perfect  -perfectdata  /script/../data/benchmarks/vul4j/perfectfl/VUL4J-21  -validation  externalcmd  -testfailingcmd  mvn test -Dtest=org.apache.xml.security.test.stax.signature.SignatureVerificationTest -Dhttps.protocols=TLSv1.2 -Denforcer.skip=true -Dcheckstyle.skip=true -Dcobertura.skip=true -DskipITs=true -Drat.skip=true -Dlicense.skip=true -Dpmd.skip=true -Dfindbugs.skip=true -Dgpg.skip=true -Dskip.npm=true -Dskip.gulp=true -Dskip.bower=true -Danimal.sniffer.skip=true -V -B  -testallcmd  mvn test -Dhttps.protocols=TLSv1.2 -Denforcer.skip=true -Dcheckstyle.skip=true -Dcobertura.skip=true -DskipITs=true -Drat.skip=true -Dlicense.skip=true -Dpmd.skip=true -Dfindbugs.skip=true -Dgpg.skip=true -Dskip.npm=true -Dskip.gulp=true -Dskip.bower=true -Danimal.sniffer.skip=true -V -B     -srcjavafolder  src/main/java  -srctestfolder  src/test/java  -binjavafolder  target/classes  -bintestfolder  target/test-classes  -parameters  x:x  -dependencies  /root/.m2/repository/xalan/xalan/2.7.2/xalan-2.7.2.jar:/root/.m2/repository/org/eclipse/jetty/jetty-client/8.1.4.v20120524/jetty-client-8.1.4.v20120524.jar:/root/.m2/repository/org/codehaus/woodstox/woodstox-core-asl/4.4.1/woodstox-core-asl-4.4.1.jar:/root/.m2/repository/org/eclipse/jetty/jetty-continuation/8.1.4.v20120524/jetty-continuation-8.1.4.v20120524.jar:/root/.m2/repository/org/eclipse/jetty/jetty-util/8.1.4.v20120524/jetty-util-8.1.4.v20120524.jar:/root/.m2/repository/org/hamcrest/hamcrest-core/1.3/hamcrest-core-1.3.jar:/root/.m2/repository/org/eclipse/jetty/jetty-servlet/8.1.4.v20120524/jetty-servlet-8.1.4.v20120524.jar:/root/.m2/repository/xmlunit/xmlunit/1.5/xmlunit-1.5.jar:/root/.m2/repository/org/eclipse/jetty/jetty-servlets/8.1.4.v20120524/jetty-servlets-8.1.4.v20120524.jar:/root/.m2/repository/xerces/xercesImpl/2.11.0/xercesImpl-2.11.0.jar:/root/.m2/repository/org/eclipse/jetty/jetty-http/8.1.4.v20120524/jetty-http-8.1.4.v20120524.jar:/root/.m2/repository/org/eclipse/jetty/jetty-io/8.1.4.v20120524/jetty-io-8.1.4.v20120524.jar:/root/.m2/repository/org/slf4j/slf4j-api/1.7.7/slf4j-api-1.7.7.jar:/root/.m2/repository/org/eclipse/jetty/orbit/javax.servlet/3.0.0.v201112011016/javax.servlet-3.0.0.v201112011016.jar:/root/.m2/repository/log4j/log4j/1.2.17/log4j-1.2.17.jar:/root/.m2/repository/org/eclipse/jetty/jetty-security/8.1.4.v20120524/jetty-security-8.1.4.v20120524.jar:/root/.m2/repository/xml-apis/xml-apis/1.4.01/xml-apis-1.4.01.jar:/root/.m2/repository/xalan/serializer/2.7.2/serializer-2.7.2.jar:/root/.m2/repository/org/slf4j/slf4j-log4j12/1.7.7/slf4j-log4j12-1.7.7.jar:/root/.m2/repository/javax/xml/stream/stax-api/1.0-2/stax-api-1.0-2.jar:/root/.m2/repository/org/eclipse/jetty/jetty-server/8.1.4.v20120524/jetty-server-8.1.4.v20120524.jar:/root/.m2/repository/commons-codec/commons-codec/1.9/commons-codec-1.9.jar:/root/.m2/repository/org/codehaus/woodstox/stax2-api/3.1.4/stax2-api-3.1.4.jar:/root/.m2/repository/junit/junit/4.11/junit-4.11.jar:/root/.m2/repository/org/bouncycastle/bcprov-jdk15on/1.51/bcprov-jdk15on-1.51.jar]
[5] INFO AstorMain - Running Astor on a JDK at /usr/lib/jvm/java-8-openjdk-amd64/jre
[21] INFO main - Source folders: [/workdir/jKali_vul4j_apache_santuario-java_VUL4J-21/./src/main/java]
[22] INFO main - Source Test folders: [/workdir/jKali_vul4j_apache_santuario-java_VUL4J-21/./src/test/java]
[6843] INFO AstorCoreEngine - ---- Creating spoon model
[6957] INFO MutationSupporter - Creating model,  Code location from working folder: /workdir/jKali_vul4j_apache_santuario-java_VUL4J-21/./src/main/java
[6957] INFO MutationSupporter - building model: /workdir/jKali_vul4j_apache_santuario-java_VUL4J-21/./src/main/java, compliance level: 8
[7330] INFO MutationSupporter - Classpath (Dependencies) for building SpoonModel: [/root/.m2/repository/xalan/xalan/2.7.2/xalan-2.7.2.jar, /root/.m2/repository/org/eclipse/jetty/jetty-client/8.1.4.v20120524/jetty-client-8.1.4.v20120524.jar, /root/.m2/repository/org/codehaus/woodstox/woodstox-core-asl/4.4.1/woodstox-core-asl-4.4.1.jar, /root/.m2/repository/org/eclipse/jetty/jetty-continuation/8.1.4.v20120524/jetty-continuation-8.1.4.v20120524.jar, /root/.m2/repository/org/eclipse/jetty/jetty-util/8.1.4.v20120524/jetty-util-8.1.4.v20120524.jar, /root/.m2/repository/org/hamcrest/hamcrest-core/1.3/hamcrest-core-1.3.jar, /root/.m2/repository/org/eclipse/jetty/jetty-servlet/8.1.4.v20120524/jetty-servlet-8.1.4.v20120524.jar, /root/.m2/repository/xmlunit/xmlunit/1.5/xmlunit-1.5.jar, /root/.m2/repository/org/eclipse/jetty/jetty-servlets/8.1.4.v20120524/jetty-servlets-8.1.4.v20120524.jar, /root/.m2/repository/xerces/xercesImpl/2.11.0/xercesImpl-2.11.0.jar, /root/.m2/repository/org/eclipse/jetty/jetty-http/8.1.4.v20120524/jetty-http-8.1.4.v20120524.jar, /root/.m2/repository/org/eclipse/jetty/jetty-io/8.1.4.v20120524/jetty-io-8.1.4.v20120524.jar, /root/.m2/repository/org/slf4j/slf4j-api/1.7.7/slf4j-api-1.7.7.jar, /root/.m2/repository/org/eclipse/jetty/orbit/javax.servlet/3.0.0.v201112011016/javax.servlet-3.0.0.v201112011016.jar, /root/.m2/repository/log4j/log4j/1.2.17/log4j-1.2.17.jar, /root/.m2/repository/org/eclipse/jetty/jetty-security/8.1.4.v20120524/jetty-security-8.1.4.v20120524.jar, /root/.m2/repository/xml-apis/xml-apis/1.4.01/xml-apis-1.4.01.jar, /root/.m2/repository/xalan/serializer/2.7.2/serializer-2.7.2.jar, /root/.m2/repository/org/slf4j/slf4j-log4j12/1.7.7/slf4j-log4j12-1.7.7.jar, /root/.m2/repository/javax/xml/stream/stax-api/1.0-2/stax-api-1.0-2.jar, /root/.m2/repository/org/eclipse/jetty/jetty-server/8.1.4.v20120524/jetty-server-8.1.4.v20120524.jar, /root/.m2/repository/commons-codec/commons-codec/1.9/commons-codec-1.9.jar, /root/.m2/repository/org/codehaus/woodstox/stax2-api/3.1.4/stax2-api-3.1.4.jar, /root/.m2/repository/junit/junit/4.11/junit-4.11.jar, /root/.m2/repository/org/bouncycastle/bcprov-jdk15on/1.51/bcprov-jdk15on-1.51.jar]
[31885] ERROR MutationSupporter - Problem compiling the model with compliance level 8
[31885] ERROR MutationSupporter - The import org.apache.xml.security.binding cannot be resolved at /workdir/jKali_vul4j_apache_santuario-java_VUL4J-21/src/main/java/org/apache/xml/security/stax/impl/processor/input/XMLEncryptedKeyInputHandler.java:26
spoon.compiler.ModelBuildingException: The import org.apache.xml.security.binding cannot be resolved at /workdir/jKali_vul4j_apache_santuario-java_VUL4J-21/src/main/java/org/apache/xml/security/stax/impl/processor/input/XMLEncryptedKeyInputHandler.java:26
	at spoon.support.compiler.jdt.JDTBasedSpoonCompiler.report(JDTBasedSpoonCompiler.java:649)
	at spoon.support.compiler.jdt.JDTBasedSpoonCompiler.reportProblems(JDTBasedSpoonCompiler.java:631)
	at spoon.support.compiler.jdt.JDTBasedSpoonCompiler.build(JDTBasedSpoonCompiler.java:118)
	at spoon.support.compiler.jdt.JDTBasedSpoonCompiler.build(JDTBasedSpoonCompiler.java:99)
	at fr.inria.astor.core.manipulation.MutationSupporter.buildModel(MutationSupporter.java:85)
	at fr.inria.astor.core.manipulation.MutationSupporter.buildSpoonModel(MutationSupporter.java:240)
	at fr.inria.astor.core.solutionsearch.AstorCoreEngine.initModel(AstorCoreEngine.java:775)
	at fr.inria.main.evolution.AstorMain.createEngine(AstorMain.java:113)
	at fr.inria.main.evolution.AstorMain.run(AstorMain.java:173)
	at fr.inria.main.evolution.AstorMain.execute(AstorMain.java:233)
	at fr.inria.main.evolution.AstorMain.main(AstorMain.java:204)
[31889] INFO MutationSupporter - Recompiling with compliance level 8
[31890] INFO MutationSupporter - building model: /workdir/jKali_vul4j_apache_santuario-java_VUL4J-21/./src/main/java, compliance level: 8
[32181] INFO MutationSupporter - Classpath (Dependencies) for building SpoonModel: [/root/.m2/repository/xalan/xalan/2.7.2/xalan-2.7.2.jar, /root/.m2/repository/org/eclipse/jetty/jetty-client/8.1.4.v20120524/jetty-client-8.1.4.v20120524.jar, /root/.m2/repository/org/codehaus/woodstox/woodstox-core-asl/4.4.1/woodstox-core-asl-4.4.1.jar, /root/.m2/repository/org/eclipse/jetty/jetty-continuation/8.1.4.v20120524/jetty-continuation-8.1.4.v20120524.jar, /root/.m2/repository/org/eclipse/jetty/jetty-util/8.1.4.v20120524/jetty-util-8.1.4.v20120524.jar, /root/.m2/repository/org/hamcrest/hamcrest-core/1.3/hamcrest-core-1.3.jar, /root/.m2/repository/org/eclipse/jetty/jetty-servlet/8.1.4.v20120524/jetty-servlet-8.1.4.v20120524.jar, /root/.m2/repository/xmlunit/xmlunit/1.5/xmlunit-1.5.jar, /root/.m2/repository/org/eclipse/jetty/jetty-servlets/8.1.4.v20120524/jetty-servlets-8.1.4.v20120524.jar, /root/.m2/repository/xerces/xercesImpl/2.11.0/xercesImpl-2.11.0.jar, /root/.m2/repository/org/eclipse/jetty/jetty-http/8.1.4.v20120524/jetty-http-8.1.4.v20120524.jar, /root/.m2/repository/org/eclipse/jetty/jetty-io/8.1.4.v20120524/jetty-io-8.1.4.v20120524.jar, /root/.m2/repository/org/slf4j/slf4j-api/1.7.7/slf4j-api-1.7.7.jar, /root/.m2/repository/org/eclipse/jetty/orbit/javax.servlet/3.0.0.v201112011016/javax.servlet-3.0.0.v201112011016.jar, /root/.m2/repository/log4j/log4j/1.2.17/log4j-1.2.17.jar, /root/.m2/repository/org/eclipse/jetty/jetty-security/8.1.4.v20120524/jetty-security-8.1.4.v20120524.jar, /root/.m2/repository/xml-apis/xml-apis/1.4.01/xml-apis-1.4.01.jar, /root/.m2/repository/xalan/serializer/2.7.2/serializer-2.7.2.jar, /root/.m2/repository/org/slf4j/slf4j-log4j12/1.7.7/slf4j-log4j12-1.7.7.jar, /root/.m2/repository/javax/xml/stream/stax-api/1.0-2/stax-api-1.0-2.jar, /root/.m2/repository/org/eclipse/jetty/jetty-server/8.1.4.v20120524/jetty-server-8.1.4.v20120524.jar, /root/.m2/repository/commons-codec/commons-codec/1.9/commons-codec-1.9.jar, /root/.m2/repository/org/codehaus/woodstox/stax2-api/3.1.4/stax2-api-3.1.4.jar, /root/.m2/repository/junit/junit/4.11/junit-4.11.jar, /root/.m2/repository/org/bouncycastle/bcprov-jdk15on/1.51/bcprov-jdk15on-1.51.jar]
spoon.compiler.ModelBuildingException: The import org.apache.xml.security.binding cannot be resolved at /workdir/jKali_vul4j_apache_santuario-java_VUL4J-21/src/main/java/org/apache/xml/security/stax/impl/processor/input/XMLEncryptedKeyInputHandler.java:26
	at spoon.support.compiler.jdt.JDTBasedSpoonCompiler.report(JDTBasedSpoonCompiler.java:649)
	at spoon.support.compiler.jdt.JDTBasedSpoonCompiler.reportProblems(JDTBasedSpoonCompiler.java:631)
	at spoon.support.compiler.jdt.JDTBasedSpoonCompiler.build(JDTBasedSpoonCompiler.java:118)
	at spoon.support.compiler.jdt.JDTBasedSpoonCompiler.build(JDTBasedSpoonCompiler.java:99)
	at fr.inria.astor.core.manipulation.MutationSupporter.buildModel(MutationSupporter.java:85)
	at fr.inria.astor.core.manipulation.MutationSupporter.buildSpoonModel(MutationSupporter.java:253)
	at fr.inria.astor.core.solutionsearch.AstorCoreEngine.initModel(AstorCoreEngine.java:775)
	at fr.inria.main.evolution.AstorMain.createEngine(AstorMain.java:113)
	at fr.inria.main.evolution.AstorMain.run(AstorMain.java:173)
	at fr.inria.main.evolution.AstorMain.execute(AstorMain.java:233)
	at fr.inria.main.evolution.AstorMain.main(AstorMain.java:204)
[41635] ERROR MutationSupporter - Error compiling: The import org.apache.xml.security.binding cannot be resolved at /workdir/jKali_vul4j_apache_santuario-java_VUL4J-21/src/main/java/org/apache/xml/security/stax/impl/processor/input/XMLEncryptedKeyInputHandler.java:26
[41957] ERROR MutationSupporter - Astor continues when model build fails. Classes created: 392
[42113] INFO AstorCoreEngine - Number of CtTypes created: 392
[42439] INFO AstorCoreEngine - Test retrieved from classes: 0
[42565] INFO AstorCoreEngine - Setting up the max to 1260 milliseconds (1 sec)
[42573] INFO AstorCoreEngine - ---- Initial suspicious size: 3
[43270] INFO main - Total suspicious from FL: 3,  3
[43271] INFO main - Total ModPoint created: 3
[43271] INFO main - Creating program variant #1, [Variant id: 1, #gens: 3, #ops: 0, parent:-]
[43271] INFO main - Run previously failing tests...
[90678] INFO main - Failed tests: 2
[90679] INFO AstorCoreEngine - The original fitness is : 2.0
[90680] WARN ConfigurationProperties - ----------------------------
[90680] INFO ConfigurationProperties - ---Configuration properties
[90680] INFO ConfigurationProperties - p:lastJUnitVersion= ./examples/libs/junit-4.11.jar
[90680] INFO ConfigurationProperties - p:alternativecompliancelevel= 8
[90680] INFO ConfigurationProperties - p:ignoredTestCases= 
[90680] INFO ConfigurationProperties - p:workingDirectory= /workdir/jKali_vul4j_apache_santuario-java_VUL4J-21/./output_astor
[90680] INFO ConfigurationProperties - p:manipulatesuper= false
[90680] INFO ConfigurationProperties - p:validation= externalcmd
[90680] INFO ConfigurationProperties - p:jvm4testexecution= /usr/lib/jvm/java-8-openjdk-amd64/bin
[90680] INFO ConfigurationProperties - p:operatorspace= suppression
[90680] INFO ConfigurationProperties - p:diffcontext= 0
[90680] INFO ConfigurationProperties - p:binjavafolder= target/classes
[90681] INFO ConfigurationProperties - p:synthesis_depth= 3
[90681] INFO ConfigurationProperties - p:gzoltartestpackagetoexclude= junit.framework
[90684] INFO ConfigurationProperties - p:skipfitnessinitialpopulation= false
[90684] INFO ConfigurationProperties - p:evosuiteresultfolder= evosuite
[90685] INFO ConfigurationProperties - p:flthreshold= 0.1
[90685] INFO ConfigurationProperties - p:regressionforfaultlocalization= true
[90685] INFO ConfigurationProperties - p:collectonlyusedmethod= false
[90685] INFO ConfigurationProperties - p:preservelinenumbers= true
[90685] INFO ConfigurationProperties - p:tmax2= 1260
[90685] INFO ConfigurationProperties - p:tmax1= 10000
[90685] INFO ConfigurationProperties - p:probagenmutation= false
[90685] INFO ConfigurationProperties - p:nomodificationconvergence= 100
[90689] INFO ConfigurationProperties - p:diff_type= relative
[90689] INFO ConfigurationProperties - p:targetelementprocessor= statements
[90689] INFO ConfigurationProperties - p:srctestfolder= src/test/java
[90689] INFO ConfigurationProperties - p:forceExecuteRegression= false
[90689] INFO ConfigurationProperties - p:clusteringfilename= clustering.csv
[90689] INFO ConfigurationProperties - p:failing= org.apache.xml.security.test.stax.signature.SignatureVerificationTest#testEnvelopedSignatureTampered_ContentFirst:org.apache.xml.security.test.stax.signature.SignatureVerificationTest#testEnvelopedSignatureTampered_SignatureFirst
[90689] INFO ConfigurationProperties - p:logtestexecution= false
[90689] INFO ConfigurationProperties - p:evo_buggy_class= true
[90689] INFO ConfigurationProperties - p:numberExecutions= 1
[90689] INFO ConfigurationProperties - p:maxnumbersolutions= 1000000
[90689] INFO ConfigurationProperties - p:evo_affected_by_op= true
[90699] INFO ConfigurationProperties - p:population= 1
[90699] INFO ConfigurationProperties - p:considerzerovaluesusp= false
[90699] INFO ConfigurationProperties - p:maxCombinationVariableLimit= false
[90699] INFO ConfigurationProperties - p:savesolution= true
[90699] INFO ConfigurationProperties - p:javacompliancelevel= 8
[90699] INFO ConfigurationProperties - p:x= x
[90699] INFO ConfigurationProperties - p:uniqueoptogen= false
[90699] INFO ConfigurationProperties - p:gzoltarpackagetonotinstrument= junit.framework
[90699] INFO ConfigurationProperties - p:projectIdentifier= apache_santuario-java-VUL4J-21
[90699] INFO ConfigurationProperties - p:modificationpointnavigation= weight
[90699] INFO ConfigurationProperties - p:stopfirst= true
[90699] INFO ConfigurationProperties - p:multipointmodification= false
[90699] INFO ConfigurationProperties - p:elementsToMutate= 10
[90699] INFO ConfigurationProperties - p:jsonoutputname= astor_output
[90699] INFO ConfigurationProperties - p:evoDSE= false
[90699] INFO ConfigurationProperties - p:bintestfolder= target/test-classes
[90699] INFO ConfigurationProperties - p:testbystep= false
[90700] INFO ConfigurationProperties - p:version-location= ./math-version/
[90700] INFO ConfigurationProperties - p:reintroduce= PARENTS:ORIGINAL
[90700] INFO ConfigurationProperties - p:perfectdata= /script/../data/benchmarks/vul4j/perfectfl/VUL4J-21
[90700] INFO ConfigurationProperties - p:executorjar= ./lib/jtestex7.jar
[90700] INFO ConfigurationProperties - p:maxGeneration= 1000000
[90700] INFO ConfigurationProperties - p:max_synthesis_step= 10000
[90700] INFO ConfigurationProperties - p:projectinfocommand= com.github.tdurieux:project-config-maven-plugin:info
[90700] INFO ConfigurationProperties - p:maxVarCombination= 1000
[90700] INFO ConfigurationProperties - p:maxtime= 120
[90700] INFO ConfigurationProperties - p:evosuitejar= ./lib/evosuite-master-1.0.4-SNAPSHOT.jar
[90700] INFO ConfigurationProperties - p:jvmversion= 1.8.0_342
[90700] INFO ConfigurationProperties - p:commandTrunk= 50000
[90700] INFO ConfigurationProperties - p:faultlocalization= perfect
[90700] INFO ConfigurationProperties - p:resetmodel= true
[90700] INFO ConfigurationProperties - p:maxsuspcandidates= 1000
[90700] INFO ConfigurationProperties - p:mode= jkali
[90700] INFO ConfigurationProperties - p:learningdir= 
[90700] INFO ConfigurationProperties - p:jvm4evosuitetestexecution= /usr/lib/jvm/java-8-openjdk-amd64/bin
[90700] INFO ConfigurationProperties - p:filterfaultlocalization= true
[90700] INFO ConfigurationProperties - p:mutationrate= 1 
[90700] INFO ConfigurationProperties - p:pathToMVNRepository= 
[90700] INFO ConfigurationProperties - p:resourcesfolder= /src/main/resources:/src/test/resources:
[90700] INFO ConfigurationProperties - p:timezone= America/Los_Angeles
[90701] INFO ConfigurationProperties - p:runjava7code= false
[90701] INFO ConfigurationProperties - p:testfailingcmd= mvn test -Dtest=org.apache.xml.security.test.stax.signature.SignatureVerificationTest -Dhttps.protocols=TLSv1.2 -Denforcer.skip=true -Dcheckstyle.skip=true -Dcobertura.skip=true -DskipITs=true -Drat.skip=true -Dlicense.skip=true -Dpmd.skip=true -Dfindbugs.skip=true -Dgpg.skip=true -Dskip.npm=true -Dskip.gulp=true -Dskip.bower=true -Danimal.sniffer.skip=true -V -B
[90701] INFO ConfigurationProperties - p:evoRunOnBuggyClass= true
[90701] INFO ConfigurationProperties - p:compiler= fr.inria.astor.core.manipulation.bytecode.compiler.SpoonClassCompiler
[90701] INFO ConfigurationProperties - p:limitbysuspicious= true
[90701] INFO ConfigurationProperties - p:logsattemps= true
[90701] INFO ConfigurationProperties - p:dependenciespath= /root/.m2/repository/xalan/xalan/2.7.2/xalan-2.7.2.jar:/root/.m2/repository/org/eclipse/jetty/jetty-client/8.1.4.v20120524/jetty-client-8.1.4.v20120524.jar:/root/.m2/repository/org/codehaus/woodstox/woodstox-core-asl/4.4.1/woodstox-core-asl-4.4.1.jar:/root/.m2/repository/org/eclipse/jetty/jetty-continuation/8.1.4.v20120524/jetty-continuation-8.1.4.v20120524.jar:/root/.m2/repository/org/eclipse/jetty/jetty-util/8.1.4.v20120524/jetty-util-8.1.4.v20120524.jar:/root/.m2/repository/org/hamcrest/hamcrest-core/1.3/hamcrest-core-1.3.jar:/root/.m2/repository/org/eclipse/jetty/jetty-servlet/8.1.4.v20120524/jetty-servlet-8.1.4.v20120524.jar:/root/.m2/repository/xmlunit/xmlunit/1.5/xmlunit-1.5.jar:/root/.m2/repository/org/eclipse/jetty/jetty-servlets/8.1.4.v20120524/jetty-servlets-8.1.4.v20120524.jar:/root/.m2/repository/xerces/xercesImpl/2.11.0/xercesImpl-2.11.0.jar:/root/.m2/repository/org/eclipse/jetty/jetty-http/8.1.4.v20120524/jetty-http-8.1.4.v20120524.jar:/root/.m2/repository/org/eclipse/jetty/jetty-io/8.1.4.v20120524/jetty-io-8.1.4.v20120524.jar:/root/.m2/repository/org/slf4j/slf4j-api/1.7.7/slf4j-api-1.7.7.jar:/root/.m2/repository/org/eclipse/jetty/orbit/javax.servlet/3.0.0.v201112011016/javax.servlet-3.0.0.v201112011016.jar:/root/.m2/repository/log4j/log4j/1.2.17/log4j-1.2.17.jar:/root/.m2/repository/org/eclipse/jetty/jetty-security/8.1.4.v20120524/jetty-security-8.1.4.v20120524.jar:/root/.m2/repository/xml-apis/xml-apis/1.4.01/xml-apis-1.4.01.jar:/root/.m2/repository/xalan/serializer/2.7.2/serializer-2.7.2.jar:/root/.m2/repository/org/slf4j/slf4j-log4j12/1.7.7/slf4j-log4j12-1.7.7.jar:/root/.m2/repository/javax/xml/stream/stax-api/1.0-2/stax-api-1.0-2.jar:/root/.m2/repository/org/eclipse/jetty/jetty-server/8.1.4.v20120524/jetty-server-8.1.4.v20120524.jar:/root/.m2/repository/commons-codec/commons-codec/1.9/commons-codec-1.9.jar:/root/.m2/repository/org/codehaus/woodstox/stax2-api/3.1.4/stax2-api-3.1.4.jar:/root/.m2/repository/junit/junit/4.11/junit-4.11.jar:/root/.m2/repository/org/bouncycastle/bcprov-jdk15on/1.51/bcprov-jdk15on-1.51.jar
[90701] INFO ConfigurationProperties - p:packageToInstrument= 
[90701] INFO ConfigurationProperties - p:skipfaultlocalization= false
[90701] INFO ConfigurationProperties - p:scope= local
[90701] INFO ConfigurationProperties - p:transformingredient= false
[90701] INFO ConfigurationProperties - p:fitnessfunction= fr.inria.astor.core.solutionsearch.population.TestCaseFitnessFunction
[90701] INFO ConfigurationProperties - p:maxnumvariablesperingredient= 10
[90701] INFO ConfigurationProperties - p:parsesourcefromoriginal= true
[90701] INFO ConfigurationProperties - p:pvariantfoldername= variant-
[90701] INFO ConfigurationProperties - p:savespoonmodelondisk= false
[90701] INFO ConfigurationProperties - p:srcjavafolder= src/main/java
[90701] INFO ConfigurationProperties - p:populationcontroller= fr.inria.astor.core.solutionsearch.population.TestCaseBasedFitnessPopulationController
[90701] INFO ConfigurationProperties - p:ignoreflakyinfl= false
[90702] INFO ConfigurationProperties - p:cleantemplates= true
[90702] INFO ConfigurationProperties - p:applyCrossover= false
[90702] INFO ConfigurationProperties - p:maxmodificationpoints= 1000
[90702] INFO ConfigurationProperties - p:duplicateingredientsinspace= false
[90702] INFO ConfigurationProperties - p:metid= 0
[90702] INFO ConfigurationProperties - p:continuewhenmodelfail= true
[90702] INFO ConfigurationProperties - p:saveall= false
[90702] INFO ConfigurationProperties - p:seed= 0
[90702] INFO ConfigurationProperties - p:savecompletepatched= true
[90702] INFO ConfigurationProperties - p:resetoperations= false
[90702] INFO ConfigurationProperties - p:keepcomments= false
[90702] INFO ConfigurationProperties - p:processoutputinfile= false
[90702] INFO ConfigurationProperties - p:location= .
[90703] INFO ConfigurationProperties - p:probabilistictransformation= true
[90703] INFO ConfigurationProperties - p:overridemaxtime= true
[90703] INFO ConfigurationProperties - p:outputjsonresult= true
[90703] INFO ConfigurationProperties - p:allpoints= false
[90703] INFO ConfigurationProperties - p:antipattern= false
[90703] INFO ConfigurationProperties - p:bugId= 280
[90703] INFO ConfigurationProperties - p:evosuitetimeout= 120
[90704] INFO ConfigurationProperties - p:maxtimefactor= 10
[90704] INFO ConfigurationProperties - p:nrPlaceholders= 1
[90704] INFO ConfigurationProperties - p:testallcmd= mvn test -Dhttps.protocols=TLSv1.2 -Denforcer.skip=true -Dcheckstyle.skip=true -Dcobertura.skip=true -DskipITs=true -Drat.skip=true -Dlicense.skip=true -Dpmd.skip=true -Dfindbugs.skip=true -Dgpg.skip=true -Dskip.npm=true -Dskip.gulp=true -Dskip.bower=true -Danimal.sniffer.skip=true -V -B
[90704] INFO ConfigurationProperties - p:forcesubprocesskilling= false
[90704] INFO ConfigurationProperties - ----------------------------
[90734] INFO AstorCoreEngine - mod_point MP=org.apache.xml.security.stax.impl.InputProcessorChainImpl line: 205, pointed element: CtAssignmentImpl
[90776] INFO AstorCoreEngine - -->op: OP_INSTANCE:
RemoveOp:(spoon.support.reflect.code.CtAssignmentImpl) `inputProcessorChain = new org.apache.xml.security.stax.impl.InputProcessorChainImpl(inboundSecurityC[...] ` -topatch--> `-` (null) 
[95239] INFO AstorCoreEngine - mod_point MP=org.apache.xml.security.stax.impl.processor.input.XMLSecurityInputProcessor line: 142, pointed element: CtWhileImpl
[95257] INFO AstorCoreEngine - -->op: OP_INSTANCE:
RemoveOp:(spoon.support.reflect.code.CtWhileImpl) `while (!xmlSecEventList.isEmpty()) { 	subInputProcessorChain.reset(); 	subInputProcessorChain.proces[...] ` -topatch--> `-` (null) 
[96516] INFO main - Run previously failing tests...
[168277] INFO main - Failed tests: 16
[168292] INFO AstorCoreEngine - Time Repair Loop (s): 77.588
[168292] INFO AstorCoreEngine - generationsexecuted: 1
[168292] WARN AstorCoreEngine - ----SUMMARY_EXECUTION---
[168292] WARN AstorCoreEngine - End Repair Search: NOT Found solution
[168292] WARN AstorCoreEngine - Number suspicious:1
[168296] INFO AstorCoreEngine - 
 --SOLUTIONS DESCRIPTION--


Astor Output:

General stats:
EXECUTION_IDENTIFIER=apache_santuario-java-VUL4J-21
TOTAL_TIME=77.588
NR_GENERATIONS=null
NR_RIGHT_COMPILATIONS=1
NR_FAILLING_COMPILATIONS=1
NR_ERRONEOUS_VARIANCES=null
NR_FAILING_VALIDATION_PROCESS=null
OUTPUT_STATUS=EXHAUSTIVE_NAVIGATED

Patch stats:

[168366] INFO Stats - Storing ing JSON at /workdir/jKali_vul4j_apache_santuario-java_VUL4J-21/./output_astor/AstorMain-apache_santuario-java-VUL4J-21//astor_output.json
[168366] INFO Stats - astor_output:
{"general":{"NR_RIGHT_COMPILATIONS":1,"NR_ERRONEOUS_VARIANCES":null,"EXECUTION_IDENTIFIER":"apache_santuario-java-VUL4J-21","OUTPUT_STATUS":"EXHAUSTIVE_NAVIGATED","NR_FAILLING_COMPILATIONS":1,"NR_GENERATIONS":null,"TOTAL_TIME":77.588,"NR_FAILING_VALIDATION_PROCESS":null},"patches":[]}
[168366] INFO AstorMain - Time Total(s): 168.359
181.02user 24.35system 2:50.39elapsed 120%CPU (0avgtext+0avgdata 836532maxresident)k
1072inputs+83168outputs (0major+716192minor)pagefaults 0swaps


Node: 9670332cfea8



Date: Thu Sep  8 21:58:31 EDT 2022

