cd /workdir/jKali_vul4j_spring-projects_spring-data-rest_VUL4J-68;
export JAVA_TOOL_OPTIONS="-Dfile.encoding=UTF8 -Duser.language=en-US -Duser.country=US -Duser.language=en";
TZ="America/New_York"; export TZ;
export PATH="/usr/lib/jvm/java-8-openjdk-amd64/bin:$PATH";
export JAVA_HOME="/usr/lib/jvm/java-8-openjdk-amd64/bin";
time java -Xmx4g -Xms1g -XX:MaxPermSize=512m -cp /script/../libs/jtestex7.jar:/script/../repair_tools/astor.jar fr.inria.main.evolution.AstorMain \
	-mode jkali \
	-location . \
	-id spring-projects_spring-data-rest-VUL4J-68 \
	-failing org.springframework.data.rest.webmvc.json.patch.JsonPatchTests#rejectsInvalidPaths \
	-jvm4testexecution /usr/lib/jvm/java-8-openjdk-amd64/bin \
	-jvm4evosuitetestexecution /usr/lib/jvm/java-8-openjdk-amd64/bin \
	-maxgen 1000000 \
	-maxtime 120 \
	-stopfirst true \
	-seed 0 \
	-scope local \
	-population 1 \
	-javacompliancelevel 8 \
	-faultlocalization perfect \
    -perfectdata /script/../data/benchmarks/vul4j/perfectfl/VUL4J-68 \
    -validation externalcmd \
    -testfailingcmd "mvn test -pl spring-data-rest-webmvc -Dtest=org.springframework.data.rest.webmvc.json.patch.JsonPatchTests#rejectsInvalidPaths -Dhttps.protocols=TLSv1.2 -Denforcer.skip=true -Dcheckstyle.skip=true -Dcobertura.skip=true -DskipITs=true -Drat.skip=true -Dlicense.skip=true -Dpmd.skip=true -Dfindbugs.skip=true -Dgpg.skip=true -Dskip.npm=true -Dskip.gulp=true -Dskip.bower=true -Danimal.sniffer.skip=true -V -B" \
    -testallcmd "mvn test -pl spring-data-rest-webmvc -Dhttps.protocols=TLSv1.2 -Denforcer.skip=true -Dcheckstyle.skip=true -Dcobertura.skip=true -DskipITs=true -Drat.skip=true -Dlicense.skip=true -Dpmd.skip=true -Dfindbugs.skip=true -Dgpg.skip=true -Dskip.npm=true -Dskip.gulp=true -Dskip.bower=true -Danimal.sniffer.skip=true -V -B"  \ \
	-srcjavafolder spring-data-rest-webmvc/src/main/java \
	-srctestfolder spring-data-rest-webmvc/src/test/java \
	-binjavafolder spring-data-rest-webmvc/target/classes \
	-bintestfolder spring-data-rest-webmvc/target/test-classes \
	-parameters x:x \
	-dependencies /root/.m2/repository/org/springframework/spring-expression/5.0.0.RELEASE/spring-expression-5.0.0.RELEASE.jar:/root/.m2/repository/org/springframework/spring-orm/5.0.0.RELEASE/spring-orm-5.0.0.RELEASE.jar:/root/.m2/repository/net/bytebuddy/byte-buddy/1.6.14/byte-buddy-1.6.14.jar:/root/.m2/repository/javax/servlet/javax.servlet-api/3.0.1/javax.servlet-api-3.0.1.jar:/root/.m2/repository/org/springframework/data/spring-data-keyvalue/2.0.0.BUILD-SNAPSHOT/spring-data-keyvalue-2.0.0.BUILD-SNAPSHOT.jar:/root/.m2/repository/org/jboss/logging/jboss-logging-annotations/1.2.0.Beta1/jboss-logging-annotations-1.2.0.Beta1.jar:/root/.m2/repository/org/springframework/spring-jcl/5.0.0.RELEASE/spring-jcl-5.0.0.RELEASE.jar:/root/.m2/repository/org/springframework/spring-aop/5.0.0.RELEASE/spring-aop-5.0.0.RELEASE.jar:/root/.m2/repository/com/querydsl/querydsl-core/4.1.4/querydsl-core-4.1.4.jar:/root/.m2/repository/org/springframework/spring-tx/5.0.0.RELEASE/spring-tx-5.0.0.RELEASE.jar:/root/.m2/repository/org/projectlombok/lombok/1.16.18/lombok-1.16.18.jar:/root/.m2/repository/com/google/guava/guava/18.0/guava-18.0.jar:/root/.m2/repository/com/fasterxml/jackson/datatype/jackson-datatype-joda/2.9.1/jackson-datatype-joda-2.9.1.jar:/root/.m2/repository/dom4j/dom4j/1.6.1/dom4j-1.6.1.jar:/root/.m2/repository/org/springframework/spring-test/5.0.0.RELEASE/spring-test-5.0.0.RELEASE.jar:/root/.m2/repository/org/atteo/evo-inflector/1.2.2/evo-inflector-1.2.2.jar:/root/.m2/repository/org/springframework/spring-webmvc/5.0.0.RELEASE/spring-webmvc-5.0.0.RELEASE.jar:/root/.m2/repository/org/eclipse/persistence/javax.persistence/2.0.0/javax.persistence-2.0.0.jar:/root/.m2/repository/org/slf4j/slf4j-api/1.7.25/slf4j-api-1.7.25.jar:/root/.m2/repository/org/assertj/assertj-core/3.8.0/assertj-core-3.8.0.jar:/root/.m2/repository/org/hibernate/common/hibernate-commons-annotations/4.0.5.Final/hibernate-commons-annotations-4.0.5.Final.jar:/root/.m2/repository/org/springframework/spring-context/5.0.0.RELEASE/spring-context-5.0.0.RELEASE.jar:/root/.m2/repository/com/infradna/tool/bridge-method-annotation/1.13/bridge-method-annotation-1.13.jar:/root/.m2/repository/com/fasterxml/jackson/datatype/jackson-datatype-hibernate4/2.9.1/jackson-datatype-hibernate4-2.9.1.jar:/root/.m2/repository/org/springframework/plugin/spring-plugin-core/1.2.0.RELEASE/spring-plugin-core-1.2.0.RELEASE.jar:/root/.m2/repository/org/javassist/javassist/3.18.1-GA/javassist-3.18.1-GA.jar:/root/.m2/repository/ch/qos/logback/logback-core/1.2.3/logback-core-1.2.3.jar:/root/.m2/repository/com/fasterxml/jackson/core/jackson-databind/2.9.1/jackson-databind-2.9.1.jar:/root/.m2/repository/asm/asm/3.3.1/asm-3.3.1.jar:/root/.m2/repository/ch/qos/logback/logback-classic/1.2.3/logback-classic-1.2.3.jar:/root/.m2/repository/com/mysema/commons/mysema-commons-lang/0.2.4/mysema-commons-lang-0.2.4.jar:/root/.m2/repository/org/hibernate/javax/persistence/hibernate-jpa-2.1-api/1.0.0.Final/hibernate-jpa-2.1-api-1.0.0.Final.jar:/root/.m2/repository/org/springframework/spring-beans/5.0.0.RELEASE/spring-beans-5.0.0.RELEASE.jar:/root/.m2/repository/com/fasterxml/jackson/core/jackson-core/2.9.1/jackson-core-2.9.1.jar:/root/.m2/repository/org/mockito/mockito-core/2.8.47/mockito-core-2.8.47.jar:/root/.m2/repository/org/jboss/spec/javax/transaction/jboss-transaction-api_1.2_spec/1.0.0.Final/jboss-transaction-api_1.2_spec-1.0.0.Final.jar:/root/.m2/repository/org/hamcrest/hamcrest-core/1.3/hamcrest-core-1.3.jar:/root/.m2/repository/org/springframework/spring-core/5.0.0.RELEASE/spring-core-5.0.0.RELEASE.jar:/root/.m2/repository/net/minidev/asm/1.0/asm-1.0.jar:/root/.m2/repository/com/fasterxml/jackson/core/jackson-annotations/2.9.1/jackson-annotations-2.9.1.jar:/root/.m2/repository/org/jboss/jandex/1.1.0.Final/jandex-1.1.0.Final.jar:/root/.m2/repository/antlr/antlr/2.7.7/antlr-2.7.7.jar:/root/.m2/repository/com/google/code/findbugs/jsr305/1.3.9/jsr305-1.3.9.jar:/root/.m2/repository/org/springframework/data/spring-data-rest-core/3.0.0.BUILD-SNAPSHOT/spring-data-rest-core-3.0.0.BUILD-SNAPSHOT.jar:/root/.m2/repository/org/jboss/logging/jboss-logging/3.1.3.GA/jboss-logging-3.1.3.GA.jar:/root/.m2/repository/javax/transaction/jta/1.1/jta-1.1.jar:/root/.m2/repository/net/minidev/json-smart/2.0/json-smart-2.0.jar:/root/.m2/repository/net/bytebuddy/byte-buddy-agent/1.6.14/byte-buddy-agent-1.6.14.jar:/root/.m2/repository/org/hamcrest/hamcrest-library/1.3/hamcrest-library-1.3.jar:/root/.m2/repository/com/fasterxml/jackson/datatype/jackson-datatype-jdk8/2.9.1/jackson-datatype-jdk8-2.9.1.jar:/root/.m2/repository/org/objenesis/objenesis/2.5/objenesis-2.5.jar:/root/.m2/repository/com/fasterxml/jackson/datatype/jackson-datatype-hibernate5/2.9.1/jackson-datatype-hibernate5-2.9.1.jar:/root/.m2/repository/com/jayway/jsonpath/json-path/1.1.0/json-path-1.1.0.jar:/root/.m2/repository/xml-apis/xml-apis/1.0.b2/xml-apis-1.0.b2.jar:/root/.m2/repository/javax/validation/validation-api/1.1.0.Final/validation-api-1.1.0.Final.jar:/root/.m2/repository/org/hibernate/hibernate-core/4.3.10.Final/hibernate-core-4.3.10.Final.jar:/root/.m2/repository/joda-time/joda-time/2.7/joda-time-2.7.jar:/root/.m2/repository/junit/junit/4.12/junit-4.12.jar:/root/.m2/repository/org/springframework/hateoas/spring-hateoas/0.23.0.RELEASE/spring-hateoas-0.23.0.RELEASE.jar:/root/.m2/repository/org/springframework/spring-web/5.0.0.RELEASE/spring-web-5.0.0.RELEASE.jar:/root/.m2/repository/org/springframework/spring-jdbc/5.0.0.RELEASE/spring-jdbc-5.0.0.RELEASE.jar:/root/.m2/repository/org/springframework/data/spring-data-commons/2.0.0.BUILD-SNAPSHOT/spring-data-commons-2.0.0.BUILD-SNAPSHOT.jar;
	echo "\n\nNode: `hostname`\n";
	echo "\n\nDate: `date`\n";
Picked up JAVA_TOOL_OPTIONS: -Dfile.encoding=UTF8 -Duser.language=en-US -Duser.country=US -Duser.language=en
OpenJDK 64-Bit Server VM warning: ignoring option MaxPermSize=512m; support was removed in 8.0
[0] INFO ProjectConfiguration - Version of the JVM used: 1.8.0_342
[0] INFO main - Java version of the JDK used to run tests: 1.8.0_342
[0] INFO main - The compliance of the JVM is:  8
[3] INFO main - command line arguments: [-mode  jkali  -location  .  -id  spring-projects_spring-data-rest-VUL4J-68  -failing  org.springframework.data.rest.webmvc.json.patch.JsonPatchTests#rejectsInvalidPaths  -jvm4testexecution  /usr/lib/jvm/java-8-openjdk-amd64/bin  -jvm4evosuitetestexecution  /usr/lib/jvm/java-8-openjdk-amd64/bin  -maxgen  1000000  -maxtime  120  -stopfirst  true  -seed  0  -scope  local  -population  1  -javacompliancelevel  8  -faultlocalization  perfect  -perfectdata  /script/../data/benchmarks/vul4j/perfectfl/VUL4J-68  -validation  externalcmd  -testfailingcmd  mvn test -pl spring-data-rest-webmvc -Dtest=org.springframework.data.rest.webmvc.json.patch.JsonPatchTests#rejectsInvalidPaths -Dhttps.protocols=TLSv1.2 -Denforcer.skip=true -Dcheckstyle.skip=true -Dcobertura.skip=true -DskipITs=true -Drat.skip=true -Dlicense.skip=true -Dpmd.skip=true -Dfindbugs.skip=true -Dgpg.skip=true -Dskip.npm=true -Dskip.gulp=true -Dskip.bower=true -Danimal.sniffer.skip=true -V -B  -testallcmd  mvn test -pl spring-data-rest-webmvc -Dhttps.protocols=TLSv1.2 -Denforcer.skip=true -Dcheckstyle.skip=true -Dcobertura.skip=true -DskipITs=true -Drat.skip=true -Dlicense.skip=true -Dpmd.skip=true -Dfindbugs.skip=true -Dgpg.skip=true -Dskip.npm=true -Dskip.gulp=true -Dskip.bower=true -Danimal.sniffer.skip=true -V -B     -srcjavafolder  spring-data-rest-webmvc/src/main/java  -srctestfolder  spring-data-rest-webmvc/src/test/java  -binjavafolder  spring-data-rest-webmvc/target/classes  -bintestfolder  spring-data-rest-webmvc/target/test-classes  -parameters  x:x  -dependencies  /root/.m2/repository/org/springframework/spring-expression/5.0.0.RELEASE/spring-expression-5.0.0.RELEASE.jar:/root/.m2/repository/org/springframework/spring-orm/5.0.0.RELEASE/spring-orm-5.0.0.RELEASE.jar:/root/.m2/repository/net/bytebuddy/byte-buddy/1.6.14/byte-buddy-1.6.14.jar:/root/.m2/repository/javax/servlet/javax.servlet-api/3.0.1/javax.servlet-api-3.0.1.jar:/root/.m2/repository/org/springframework/data/spring-data-keyvalue/2.0.0.BUILD-SNAPSHOT/spring-data-keyvalue-2.0.0.BUILD-SNAPSHOT.jar:/root/.m2/repository/org/jboss/logging/jboss-logging-annotations/1.2.0.Beta1/jboss-logging-annotations-1.2.0.Beta1.jar:/root/.m2/repository/org/springframework/spring-jcl/5.0.0.RELEASE/spring-jcl-5.0.0.RELEASE.jar:/root/.m2/repository/org/springframework/spring-aop/5.0.0.RELEASE/spring-aop-5.0.0.RELEASE.jar:/root/.m2/repository/com/querydsl/querydsl-core/4.1.4/querydsl-core-4.1.4.jar:/root/.m2/repository/org/springframework/spring-tx/5.0.0.RELEASE/spring-tx-5.0.0.RELEASE.jar:/root/.m2/repository/org/projectlombok/lombok/1.16.18/lombok-1.16.18.jar:/root/.m2/repository/com/google/guava/guava/18.0/guava-18.0.jar:/root/.m2/repository/com/fasterxml/jackson/datatype/jackson-datatype-joda/2.9.1/jackson-datatype-joda-2.9.1.jar:/root/.m2/repository/dom4j/dom4j/1.6.1/dom4j-1.6.1.jar:/root/.m2/repository/org/springframework/spring-test/5.0.0.RELEASE/spring-test-5.0.0.RELEASE.jar:/root/.m2/repository/org/atteo/evo-inflector/1.2.2/evo-inflector-1.2.2.jar:/root/.m2/repository/org/springframework/spring-webmvc/5.0.0.RELEASE/spring-webmvc-5.0.0.RELEASE.jar:/root/.m2/repository/org/eclipse/persistence/javax.persistence/2.0.0/javax.persistence-2.0.0.jar:/root/.m2/repository/org/slf4j/slf4j-api/1.7.25/slf4j-api-1.7.25.jar:/root/.m2/repository/org/assertj/assertj-core/3.8.0/assertj-core-3.8.0.jar:/root/.m2/repository/org/hibernate/common/hibernate-commons-annotations/4.0.5.Final/hibernate-commons-annotations-4.0.5.Final.jar:/root/.m2/repository/org/springframework/spring-context/5.0.0.RELEASE/spring-context-5.0.0.RELEASE.jar:/root/.m2/repository/com/infradna/tool/bridge-method-annotation/1.13/bridge-method-annotation-1.13.jar:/root/.m2/repository/com/fasterxml/jackson/datatype/jackson-datatype-hibernate4/2.9.1/jackson-datatype-hibernate4-2.9.1.jar:/root/.m2/repository/org/springframework/plugin/spring-plugin-core/1.2.0.RELEASE/spring-plugin-core-1.2.0.RELEASE.jar:/root/.m2/repository/org/javassist/javassist/3.18.1-GA/javassist-3.18.1-GA.jar:/root/.m2/repository/ch/qos/logback/logback-core/1.2.3/logback-core-1.2.3.jar:/root/.m2/repository/com/fasterxml/jackson/core/jackson-databind/2.9.1/jackson-databind-2.9.1.jar:/root/.m2/repository/asm/asm/3.3.1/asm-3.3.1.jar:/root/.m2/repository/ch/qos/logback/logback-classic/1.2.3/logback-classic-1.2.3.jar:/root/.m2/repository/com/mysema/commons/mysema-commons-lang/0.2.4/mysema-commons-lang-0.2.4.jar:/root/.m2/repository/org/hibernate/javax/persistence/hibernate-jpa-2.1-api/1.0.0.Final/hibernate-jpa-2.1-api-1.0.0.Final.jar:/root/.m2/repository/org/springframework/spring-beans/5.0.0.RELEASE/spring-beans-5.0.0.RELEASE.jar:/root/.m2/repository/com/fasterxml/jackson/core/jackson-core/2.9.1/jackson-core-2.9.1.jar:/root/.m2/repository/org/mockito/mockito-core/2.8.47/mockito-core-2.8.47.jar:/root/.m2/repository/org/jboss/spec/javax/transaction/jboss-transaction-api_1.2_spec/1.0.0.Final/jboss-transaction-api_1.2_spec-1.0.0.Final.jar:/root/.m2/repository/org/hamcrest/hamcrest-core/1.3/hamcrest-core-1.3.jar:/root/.m2/repository/org/springframework/spring-core/5.0.0.RELEASE/spring-core-5.0.0.RELEASE.jar:/root/.m2/repository/net/minidev/asm/1.0/asm-1.0.jar:/root/.m2/repository/com/fasterxml/jackson/core/jackson-annotations/2.9.1/jackson-annotations-2.9.1.jar:/root/.m2/repository/org/jboss/jandex/1.1.0.Final/jandex-1.1.0.Final.jar:/root/.m2/repository/antlr/antlr/2.7.7/antlr-2.7.7.jar:/root/.m2/repository/com/google/code/findbugs/jsr305/1.3.9/jsr305-1.3.9.jar:/root/.m2/repository/org/springframework/data/spring-data-rest-core/3.0.0.BUILD-SNAPSHOT/spring-data-rest-core-3.0.0.BUILD-SNAPSHOT.jar:/root/.m2/repository/org/jboss/logging/jboss-logging/3.1.3.GA/jboss-logging-3.1.3.GA.jar:/root/.m2/repository/javax/transaction/jta/1.1/jta-1.1.jar:/root/.m2/repository/net/minidev/json-smart/2.0/json-smart-2.0.jar:/root/.m2/repository/net/bytebuddy/byte-buddy-agent/1.6.14/byte-buddy-agent-1.6.14.jar:/root/.m2/repository/org/hamcrest/hamcrest-library/1.3/hamcrest-library-1.3.jar:/root/.m2/repository/com/fasterxml/jackson/datatype/jackson-datatype-jdk8/2.9.1/jackson-datatype-jdk8-2.9.1.jar:/root/.m2/repository/org/objenesis/objenesis/2.5/objenesis-2.5.jar:/root/.m2/repository/com/fasterxml/jackson/datatype/jackson-datatype-hibernate5/2.9.1/jackson-datatype-hibernate5-2.9.1.jar:/root/.m2/repository/com/jayway/jsonpath/json-path/1.1.0/json-path-1.1.0.jar:/root/.m2/repository/xml-apis/xml-apis/1.0.b2/xml-apis-1.0.b2.jar:/root/.m2/repository/javax/validation/validation-api/1.1.0.Final/validation-api-1.1.0.Final.jar:/root/.m2/repository/org/hibernate/hibernate-core/4.3.10.Final/hibernate-core-4.3.10.Final.jar:/root/.m2/repository/joda-time/joda-time/2.7/joda-time-2.7.jar:/root/.m2/repository/junit/junit/4.12/junit-4.12.jar:/root/.m2/repository/org/springframework/hateoas/spring-hateoas/0.23.0.RELEASE/spring-hateoas-0.23.0.RELEASE.jar:/root/.m2/repository/org/springframework/spring-web/5.0.0.RELEASE/spring-web-5.0.0.RELEASE.jar:/root/.m2/repository/org/springframework/spring-jdbc/5.0.0.RELEASE/spring-jdbc-5.0.0.RELEASE.jar:/root/.m2/repository/org/springframework/data/spring-data-commons/2.0.0.BUILD-SNAPSHOT/spring-data-commons-2.0.0.BUILD-SNAPSHOT.jar]
[7] INFO AstorMain - Running Astor on a JDK at /usr/lib/jvm/java-8-openjdk-amd64/jre
[31] INFO main - Source folders: [/workdir/jKali_vul4j_spring-projects_spring-data-rest_VUL4J-68/./spring-data-rest-webmvc/src/main/java]
[31] INFO main - Source Test folders: [/workdir/jKali_vul4j_spring-projects_spring-data-rest_VUL4J-68/./spring-data-rest-webmvc/src/test/java]
[1655] INFO AstorCoreEngine - ---- Creating spoon model
[1732] INFO MutationSupporter - Creating model,  Code location from working folder: /workdir/jKali_vul4j_spring-projects_spring-data-rest_VUL4J-68/./spring-data-rest-webmvc/src/main/java
[1732] INFO MutationSupporter - building model: /workdir/jKali_vul4j_spring-projects_spring-data-rest_VUL4J-68/./spring-data-rest-webmvc/src/main/java, compliance level: 8
[1896] INFO MutationSupporter - Classpath (Dependencies) for building SpoonModel: [/root/.m2/repository/org/springframework/spring-expression/5.0.0.RELEASE/spring-expression-5.0.0.RELEASE.jar, /root/.m2/repository/org/springframework/spring-orm/5.0.0.RELEASE/spring-orm-5.0.0.RELEASE.jar, /root/.m2/repository/net/bytebuddy/byte-buddy/1.6.14/byte-buddy-1.6.14.jar, /root/.m2/repository/javax/servlet/javax.servlet-api/3.0.1/javax.servlet-api-3.0.1.jar, /root/.m2/repository/org/springframework/data/spring-data-keyvalue/2.0.0.BUILD-SNAPSHOT/spring-data-keyvalue-2.0.0.BUILD-SNAPSHOT.jar, /root/.m2/repository/org/jboss/logging/jboss-logging-annotations/1.2.0.Beta1/jboss-logging-annotations-1.2.0.Beta1.jar, /root/.m2/repository/org/springframework/spring-jcl/5.0.0.RELEASE/spring-jcl-5.0.0.RELEASE.jar, /root/.m2/repository/org/springframework/spring-aop/5.0.0.RELEASE/spring-aop-5.0.0.RELEASE.jar, /root/.m2/repository/com/querydsl/querydsl-core/4.1.4/querydsl-core-4.1.4.jar, /root/.m2/repository/org/springframework/spring-tx/5.0.0.RELEASE/spring-tx-5.0.0.RELEASE.jar, /root/.m2/repository/org/projectlombok/lombok/1.16.18/lombok-1.16.18.jar, /root/.m2/repository/com/google/guava/guava/18.0/guava-18.0.jar, /root/.m2/repository/com/fasterxml/jackson/datatype/jackson-datatype-joda/2.9.1/jackson-datatype-joda-2.9.1.jar, /root/.m2/repository/dom4j/dom4j/1.6.1/dom4j-1.6.1.jar, /root/.m2/repository/org/springframework/spring-test/5.0.0.RELEASE/spring-test-5.0.0.RELEASE.jar, /root/.m2/repository/org/atteo/evo-inflector/1.2.2/evo-inflector-1.2.2.jar, /root/.m2/repository/org/springframework/spring-webmvc/5.0.0.RELEASE/spring-webmvc-5.0.0.RELEASE.jar, /root/.m2/repository/org/eclipse/persistence/javax.persistence/2.0.0/javax.persistence-2.0.0.jar, /root/.m2/repository/org/slf4j/slf4j-api/1.7.25/slf4j-api-1.7.25.jar, /root/.m2/repository/org/assertj/assertj-core/3.8.0/assertj-core-3.8.0.jar, /root/.m2/repository/org/hibernate/common/hibernate-commons-annotations/4.0.5.Final/hibernate-commons-annotations-4.0.5.Final.jar, /root/.m2/repository/org/springframework/spring-context/5.0.0.RELEASE/spring-context-5.0.0.RELEASE.jar, /root/.m2/repository/com/infradna/tool/bridge-method-annotation/1.13/bridge-method-annotation-1.13.jar, /root/.m2/repository/com/fasterxml/jackson/datatype/jackson-datatype-hibernate4/2.9.1/jackson-datatype-hibernate4-2.9.1.jar, /root/.m2/repository/org/springframework/plugin/spring-plugin-core/1.2.0.RELEASE/spring-plugin-core-1.2.0.RELEASE.jar, /root/.m2/repository/org/javassist/javassist/3.18.1-GA/javassist-3.18.1-GA.jar, /root/.m2/repository/ch/qos/logback/logback-core/1.2.3/logback-core-1.2.3.jar, /root/.m2/repository/com/fasterxml/jackson/core/jackson-databind/2.9.1/jackson-databind-2.9.1.jar, /root/.m2/repository/asm/asm/3.3.1/asm-3.3.1.jar, /root/.m2/repository/ch/qos/logback/logback-classic/1.2.3/logback-classic-1.2.3.jar, /root/.m2/repository/com/mysema/commons/mysema-commons-lang/0.2.4/mysema-commons-lang-0.2.4.jar, /root/.m2/repository/org/hibernate/javax/persistence/hibernate-jpa-2.1-api/1.0.0.Final/hibernate-jpa-2.1-api-1.0.0.Final.jar, /root/.m2/repository/org/springframework/spring-beans/5.0.0.RELEASE/spring-beans-5.0.0.RELEASE.jar, /root/.m2/repository/com/fasterxml/jackson/core/jackson-core/2.9.1/jackson-core-2.9.1.jar, /root/.m2/repository/org/mockito/mockito-core/2.8.47/mockito-core-2.8.47.jar, /root/.m2/repository/org/jboss/spec/javax/transaction/jboss-transaction-api_1.2_spec/1.0.0.Final/jboss-transaction-api_1.2_spec-1.0.0.Final.jar, /root/.m2/repository/org/hamcrest/hamcrest-core/1.3/hamcrest-core-1.3.jar, /root/.m2/repository/org/springframework/spring-core/5.0.0.RELEASE/spring-core-5.0.0.RELEASE.jar, /root/.m2/repository/net/minidev/asm/1.0/asm-1.0.jar, /root/.m2/repository/com/fasterxml/jackson/core/jackson-annotations/2.9.1/jackson-annotations-2.9.1.jar, /root/.m2/repository/org/jboss/jandex/1.1.0.Final/jandex-1.1.0.Final.jar, /root/.m2/repository/antlr/antlr/2.7.7/antlr-2.7.7.jar, /root/.m2/repository/com/google/code/findbugs/jsr305/1.3.9/jsr305-1.3.9.jar, /root/.m2/repository/org/springframework/data/spring-data-rest-core/3.0.0.BUILD-SNAPSHOT/spring-data-rest-core-3.0.0.BUILD-SNAPSHOT.jar, /root/.m2/repository/org/jboss/logging/jboss-logging/3.1.3.GA/jboss-logging-3.1.3.GA.jar, /root/.m2/repository/javax/transaction/jta/1.1/jta-1.1.jar, /root/.m2/repository/net/minidev/json-smart/2.0/json-smart-2.0.jar, /root/.m2/repository/net/bytebuddy/byte-buddy-agent/1.6.14/byte-buddy-agent-1.6.14.jar, /root/.m2/repository/org/hamcrest/hamcrest-library/1.3/hamcrest-library-1.3.jar, /root/.m2/repository/com/fasterxml/jackson/datatype/jackson-datatype-jdk8/2.9.1/jackson-datatype-jdk8-2.9.1.jar, /root/.m2/repository/org/objenesis/objenesis/2.5/objenesis-2.5.jar, /root/.m2/repository/com/fasterxml/jackson/datatype/jackson-datatype-hibernate5/2.9.1/jackson-datatype-hibernate5-2.9.1.jar, /root/.m2/repository/com/jayway/jsonpath/json-path/1.1.0/json-path-1.1.0.jar, /root/.m2/repository/xml-apis/xml-apis/1.0.b2/xml-apis-1.0.b2.jar, /root/.m2/repository/javax/validation/validation-api/1.1.0.Final/validation-api-1.1.0.Final.jar, /root/.m2/repository/org/hibernate/hibernate-core/4.3.10.Final/hibernate-core-4.3.10.Final.jar, /root/.m2/repository/joda-time/joda-time/2.7/joda-time-2.7.jar, /root/.m2/repository/junit/junit/4.12/junit-4.12.jar, /root/.m2/repository/org/springframework/hateoas/spring-hateoas/0.23.0.RELEASE/spring-hateoas-0.23.0.RELEASE.jar, /root/.m2/repository/org/springframework/spring-web/5.0.0.RELEASE/spring-web-5.0.0.RELEASE.jar, /root/.m2/repository/org/springframework/spring-jdbc/5.0.0.RELEASE/spring-jdbc-5.0.0.RELEASE.jar, /root/.m2/repository/org/springframework/data/spring-data-commons/2.0.0.BUILD-SNAPSHOT/spring-data-commons-2.0.0.BUILD-SNAPSHOT.jar]
[26987] ERROR MutationSupporter - Problem compiling the model with compliance level 8
[26987] ERROR MutationSupporter - The method of(HttpHeadersPreparer) is undefined for the type ResourceStatus at /workdir/jKali_vul4j_spring-projects_spring-data-rest_VUL4J-68/spring-data-rest-webmvc/src/main/java/org/springframework/data/rest/webmvc/RepositorySearchController.java:103
spoon.compiler.ModelBuildingException: The method of(HttpHeadersPreparer) is undefined for the type ResourceStatus at /workdir/jKali_vul4j_spring-projects_spring-data-rest_VUL4J-68/spring-data-rest-webmvc/src/main/java/org/springframework/data/rest/webmvc/RepositorySearchController.java:103
	at spoon.support.compiler.jdt.JDTBasedSpoonCompiler.report(JDTBasedSpoonCompiler.java:649)
	at spoon.support.compiler.jdt.JDTBasedSpoonCompiler.reportProblems(JDTBasedSpoonCompiler.java:631)
	at spoon.support.compiler.jdt.JDTBasedSpoonCompiler.build(JDTBasedSpoonCompiler.java:118)
	at spoon.support.compiler.jdt.JDTBasedSpoonCompiler.build(JDTBasedSpoonCompiler.java:99)
	at fr.inria.astor.core.manipulation.MutationSupporter.buildModel(MutationSupporter.java:85)
	at fr.inria.astor.core.manipulation.MutationSupporter.buildSpoonModel(MutationSupporter.java:240)
	at fr.inria.astor.core.solutionsearch.AstorCoreEngine.initModel(AstorCoreEngine.java:775)
	at fr.inria.main.evolution.AstorMain.createEngine(AstorMain.java:113)
	at fr.inria.main.evolution.AstorMain.run(AstorMain.java:173)
	at fr.inria.main.evolution.AstorMain.execute(AstorMain.java:233)
	at fr.inria.main.evolution.AstorMain.main(AstorMain.java:204)
[26989] INFO MutationSupporter - Recompiling with compliance level 8
[26989] INFO MutationSupporter - building model: /workdir/jKali_vul4j_spring-projects_spring-data-rest_VUL4J-68/./spring-data-rest-webmvc/src/main/java, compliance level: 8
[27155] INFO MutationSupporter - Classpath (Dependencies) for building SpoonModel: [/root/.m2/repository/org/springframework/spring-expression/5.0.0.RELEASE/spring-expression-5.0.0.RELEASE.jar, /root/.m2/repository/org/springframework/spring-orm/5.0.0.RELEASE/spring-orm-5.0.0.RELEASE.jar, /root/.m2/repository/net/bytebuddy/byte-buddy/1.6.14/byte-buddy-1.6.14.jar, /root/.m2/repository/javax/servlet/javax.servlet-api/3.0.1/javax.servlet-api-3.0.1.jar, /root/.m2/repository/org/springframework/data/spring-data-keyvalue/2.0.0.BUILD-SNAPSHOT/spring-data-keyvalue-2.0.0.BUILD-SNAPSHOT.jar, /root/.m2/repository/org/jboss/logging/jboss-logging-annotations/1.2.0.Beta1/jboss-logging-annotations-1.2.0.Beta1.jar, /root/.m2/repository/org/springframework/spring-jcl/5.0.0.RELEASE/spring-jcl-5.0.0.RELEASE.jar, /root/.m2/repository/org/springframework/spring-aop/5.0.0.RELEASE/spring-aop-5.0.0.RELEASE.jar, /root/.m2/repository/com/querydsl/querydsl-core/4.1.4/querydsl-core-4.1.4.jar, /root/.m2/repository/org/springframework/spring-tx/5.0.0.RELEASE/spring-tx-5.0.0.RELEASE.jar, /root/.m2/repository/org/projectlombok/lombok/1.16.18/lombok-1.16.18.jar, /root/.m2/repository/com/google/guava/guava/18.0/guava-18.0.jar, /root/.m2/repository/com/fasterxml/jackson/datatype/jackson-datatype-joda/2.9.1/jackson-datatype-joda-2.9.1.jar, /root/.m2/repository/dom4j/dom4j/1.6.1/dom4j-1.6.1.jar, /root/.m2/repository/org/springframework/spring-test/5.0.0.RELEASE/spring-test-5.0.0.RELEASE.jar, /root/.m2/repository/org/atteo/evo-inflector/1.2.2/evo-inflector-1.2.2.jar, /root/.m2/repository/org/springframework/spring-webmvc/5.0.0.RELEASE/spring-webmvc-5.0.0.RELEASE.jar, /root/.m2/repository/org/eclipse/persistence/javax.persistence/2.0.0/javax.persistence-2.0.0.jar, /root/.m2/repository/org/slf4j/slf4j-api/1.7.25/slf4j-api-1.7.25.jar, /root/.m2/repository/org/assertj/assertj-core/3.8.0/assertj-core-3.8.0.jar, /root/.m2/repository/org/hibernate/common/hibernate-commons-annotations/4.0.5.Final/hibernate-commons-annotations-4.0.5.Final.jar, /root/.m2/repository/org/springframework/spring-context/5.0.0.RELEASE/spring-context-5.0.0.RELEASE.jar, /root/.m2/repository/com/infradna/tool/bridge-method-annotation/1.13/bridge-method-annotation-1.13.jar, /root/.m2/repository/com/fasterxml/jackson/datatype/jackson-datatype-hibernate4/2.9.1/jackson-datatype-hibernate4-2.9.1.jar, /root/.m2/repository/org/springframework/plugin/spring-plugin-core/1.2.0.RELEASE/spring-plugin-core-1.2.0.RELEASE.jar, /root/.m2/repository/org/javassist/javassist/3.18.1-GA/javassist-3.18.1-GA.jar, /root/.m2/repository/ch/qos/logback/logback-core/1.2.3/logback-core-1.2.3.jar, /root/.m2/repository/com/fasterxml/jackson/core/jackson-databind/2.9.1/jackson-databind-2.9.1.jar, /root/.m2/repository/asm/asm/3.3.1/asm-3.3.1.jar, /root/.m2/repository/ch/qos/logback/logback-classic/1.2.3/logback-classic-1.2.3.jar, /root/.m2/repository/com/mysema/commons/mysema-commons-lang/0.2.4/mysema-commons-lang-0.2.4.jar, /root/.m2/repository/org/hibernate/javax/persistence/hibernate-jpa-2.1-api/1.0.0.Final/hibernate-jpa-2.1-api-1.0.0.Final.jar, /root/.m2/repository/org/springframework/spring-beans/5.0.0.RELEASE/spring-beans-5.0.0.RELEASE.jar, /root/.m2/repository/com/fasterxml/jackson/core/jackson-core/2.9.1/jackson-core-2.9.1.jar, /root/.m2/repository/org/mockito/mockito-core/2.8.47/mockito-core-2.8.47.jar, /root/.m2/repository/org/jboss/spec/javax/transaction/jboss-transaction-api_1.2_spec/1.0.0.Final/jboss-transaction-api_1.2_spec-1.0.0.Final.jar, /root/.m2/repository/org/hamcrest/hamcrest-core/1.3/hamcrest-core-1.3.jar, /root/.m2/repository/org/springframework/spring-core/5.0.0.RELEASE/spring-core-5.0.0.RELEASE.jar, /root/.m2/repository/net/minidev/asm/1.0/asm-1.0.jar, /root/.m2/repository/com/fasterxml/jackson/core/jackson-annotations/2.9.1/jackson-annotations-2.9.1.jar, /root/.m2/repository/org/jboss/jandex/1.1.0.Final/jandex-1.1.0.Final.jar, /root/.m2/repository/antlr/antlr/2.7.7/antlr-2.7.7.jar, /root/.m2/repository/com/google/code/findbugs/jsr305/1.3.9/jsr305-1.3.9.jar, /root/.m2/repository/org/springframework/data/spring-data-rest-core/3.0.0.BUILD-SNAPSHOT/spring-data-rest-core-3.0.0.BUILD-SNAPSHOT.jar, /root/.m2/repository/org/jboss/logging/jboss-logging/3.1.3.GA/jboss-logging-3.1.3.GA.jar, /root/.m2/repository/javax/transaction/jta/1.1/jta-1.1.jar, /root/.m2/repository/net/minidev/json-smart/2.0/json-smart-2.0.jar, /root/.m2/repository/net/bytebuddy/byte-buddy-agent/1.6.14/byte-buddy-agent-1.6.14.jar, /root/.m2/repository/org/hamcrest/hamcrest-library/1.3/hamcrest-library-1.3.jar, /root/.m2/repository/com/fasterxml/jackson/datatype/jackson-datatype-jdk8/2.9.1/jackson-datatype-jdk8-2.9.1.jar, /root/.m2/repository/org/objenesis/objenesis/2.5/objenesis-2.5.jar, /root/.m2/repository/com/fasterxml/jackson/datatype/jackson-datatype-hibernate5/2.9.1/jackson-datatype-hibernate5-2.9.1.jar, /root/.m2/repository/com/jayway/jsonpath/json-path/1.1.0/json-path-1.1.0.jar, /root/.m2/repository/xml-apis/xml-apis/1.0.b2/xml-apis-1.0.b2.jar, /root/.m2/repository/javax/validation/validation-api/1.1.0.Final/validation-api-1.1.0.Final.jar, /root/.m2/repository/org/hibernate/hibernate-core/4.3.10.Final/hibernate-core-4.3.10.Final.jar, /root/.m2/repository/joda-time/joda-time/2.7/joda-time-2.7.jar, /root/.m2/repository/junit/junit/4.12/junit-4.12.jar, /root/.m2/repository/org/springframework/hateoas/spring-hateoas/0.23.0.RELEASE/spring-hateoas-0.23.0.RELEASE.jar, /root/.m2/repository/org/springframework/spring-web/5.0.0.RELEASE/spring-web-5.0.0.RELEASE.jar, /root/.m2/repository/org/springframework/spring-jdbc/5.0.0.RELEASE/spring-jdbc-5.0.0.RELEASE.jar, /root/.m2/repository/org/springframework/data/spring-data-commons/2.0.0.BUILD-SNAPSHOT/spring-data-commons-2.0.0.BUILD-SNAPSHOT.jar]
spoon.compiler.ModelBuildingException: The method of(HttpHeadersPreparer) is undefined for the type ResourceStatus at /workdir/jKali_vul4j_spring-projects_spring-data-rest_VUL4J-68/spring-data-rest-webmvc/src/main/java/org/springframework/data/rest/webmvc/RepositorySearchController.java:103
	at spoon.support.compiler.jdt.JDTBasedSpoonCompiler.report(JDTBasedSpoonCompiler.java:649)
	at spoon.support.compiler.jdt.JDTBasedSpoonCompiler.reportProblems(JDTBasedSpoonCompiler.java:631)
	at spoon.support.compiler.jdt.JDTBasedSpoonCompiler.build(JDTBasedSpoonCompiler.java:118)
	at spoon.support.compiler.jdt.JDTBasedSpoonCompiler.build(JDTBasedSpoonCompiler.java:99)
	at fr.inria.astor.core.manipulation.MutationSupporter.buildModel(MutationSupporter.java:85)
	at fr.inria.astor.core.manipulation.MutationSupporter.buildSpoonModel(MutationSupporter.java:253)
	at fr.inria.astor.core.solutionsearch.AstorCoreEngine.initModel(AstorCoreEngine.java:775)
	at fr.inria.main.evolution.AstorMain.createEngine(AstorMain.java:113)
	at fr.inria.main.evolution.AstorMain.run(AstorMain.java:173)
	at fr.inria.main.evolution.AstorMain.execute(AstorMain.java:233)
	at fr.inria.main.evolution.AstorMain.main(AstorMain.java:204)
[41493] ERROR MutationSupporter - Error compiling: The method of(HttpHeadersPreparer) is undefined for the type ResourceStatus at /workdir/jKali_vul4j_spring-projects_spring-data-rest_VUL4J-68/spring-data-rest-webmvc/src/main/java/org/springframework/data/rest/webmvc/RepositorySearchController.java:103
[41680] ERROR MutationSupporter - Astor continues when model build fails. Classes created: 108
[41871] INFO AstorCoreEngine - Number of CtTypes created: 108
[42214] INFO AstorCoreEngine - Test retrieved from classes: 0
[42413] INFO AstorCoreEngine - Setting up the max to 2000 milliseconds (2 sec)
[42413] INFO AstorCoreEngine - ---- Initial suspicious size: 4
[43180] INFO main - Total suspicious from FL: 4,  4
[43181] INFO main - Total ModPoint created: 4
[43181] INFO main - Creating program variant #1, [Variant id: 1, #gens: 4, #ops: 0, parent:-]
[43181] INFO main - Run previously failing tests...
[95216] INFO main - Failed tests: 1
[95219] INFO AstorCoreEngine - The original fitness is : 1.0
[95219] WARN ConfigurationProperties - ----------------------------
[95219] INFO ConfigurationProperties - ---Configuration properties
[95221] INFO ConfigurationProperties - p:lastJUnitVersion= ./examples/libs/junit-4.11.jar
[95221] INFO ConfigurationProperties - p:alternativecompliancelevel= 8
[95221] INFO ConfigurationProperties - p:ignoredTestCases= 
[95221] INFO ConfigurationProperties - p:workingDirectory= /workdir/jKali_vul4j_spring-projects_spring-data-rest_VUL4J-68/./output_astor
[95221] INFO ConfigurationProperties - p:manipulatesuper= false
[95221] INFO ConfigurationProperties - p:validation= externalcmd
[95221] INFO ConfigurationProperties - p:jvm4testexecution= /usr/lib/jvm/java-8-openjdk-amd64/bin
[95221] INFO ConfigurationProperties - p:operatorspace= suppression
[95221] INFO ConfigurationProperties - p:diffcontext= 0
[95221] INFO ConfigurationProperties - p:binjavafolder= spring-data-rest-webmvc/target/classes
[95221] INFO ConfigurationProperties - p:synthesis_depth= 3
[95221] INFO ConfigurationProperties - p:gzoltartestpackagetoexclude= junit.framework
[95221] INFO ConfigurationProperties - p:skipfitnessinitialpopulation= false
[95221] INFO ConfigurationProperties - p:evosuiteresultfolder= evosuite
[95221] INFO ConfigurationProperties - p:flthreshold= 0.1
[95221] INFO ConfigurationProperties - p:regressionforfaultlocalization= true
[95221] INFO ConfigurationProperties - p:collectonlyusedmethod= false
[95221] INFO ConfigurationProperties - p:preservelinenumbers= true
[95221] INFO ConfigurationProperties - p:tmax2= 2000
[95222] INFO ConfigurationProperties - p:tmax1= 10000
[95222] INFO ConfigurationProperties - p:probagenmutation= false
[95222] INFO ConfigurationProperties - p:nomodificationconvergence= 100
[95222] INFO ConfigurationProperties - p:diff_type= relative
[95222] INFO ConfigurationProperties - p:targetelementprocessor= statements
[95222] INFO ConfigurationProperties - p:srctestfolder= spring-data-rest-webmvc/src/test/java
[95222] INFO ConfigurationProperties - p:forceExecuteRegression= false
[95222] INFO ConfigurationProperties - p:clusteringfilename= clustering.csv
[95222] INFO ConfigurationProperties - p:failing= org.springframework.data.rest.webmvc.json.patch.JsonPatchTests#rejectsInvalidPaths
[95228] INFO ConfigurationProperties - p:logtestexecution= false
[95228] INFO ConfigurationProperties - p:evo_buggy_class= true
[95228] INFO ConfigurationProperties - p:numberExecutions= 1
[95228] INFO ConfigurationProperties - p:maxnumbersolutions= 1000000
[95228] INFO ConfigurationProperties - p:evo_affected_by_op= true
[95228] INFO ConfigurationProperties - p:population= 1
[95233] INFO ConfigurationProperties - p:considerzerovaluesusp= false
[95233] INFO ConfigurationProperties - p:maxCombinationVariableLimit= false
[95233] INFO ConfigurationProperties - p:savesolution= true
[95233] INFO ConfigurationProperties - p:javacompliancelevel= 8
[95233] INFO ConfigurationProperties - p:x= x
[95233] INFO ConfigurationProperties - p:uniqueoptogen= false
[95233] INFO ConfigurationProperties - p:gzoltarpackagetonotinstrument= junit.framework
[95233] INFO ConfigurationProperties - p:projectIdentifier= spring-projects_spring-data-rest-VUL4J-68
[95233] INFO ConfigurationProperties - p:modificationpointnavigation= weight
[95233] INFO ConfigurationProperties - p:stopfirst= true
[95233] INFO ConfigurationProperties - p:multipointmodification= false
[95233] INFO ConfigurationProperties - p:elementsToMutate= 10
[95233] INFO ConfigurationProperties - p:jsonoutputname= astor_output
[95233] INFO ConfigurationProperties - p:evoDSE= false
[95233] INFO ConfigurationProperties - p:bintestfolder= spring-data-rest-webmvc/target/test-classes
[95236] INFO ConfigurationProperties - p:testbystep= false
[95236] INFO ConfigurationProperties - p:version-location= ./math-version/
[95236] INFO ConfigurationProperties - p:reintroduce= PARENTS:ORIGINAL
[95236] INFO ConfigurationProperties - p:perfectdata= /script/../data/benchmarks/vul4j/perfectfl/VUL4J-68
[95236] INFO ConfigurationProperties - p:executorjar= ./lib/jtestex7.jar
[95236] INFO ConfigurationProperties - p:maxGeneration= 1000000
[95236] INFO ConfigurationProperties - p:max_synthesis_step= 10000
[95236] INFO ConfigurationProperties - p:projectinfocommand= com.github.tdurieux:project-config-maven-plugin:info
[95236] INFO ConfigurationProperties - p:maxVarCombination= 1000
[95236] INFO ConfigurationProperties - p:maxtime= 120
[95236] INFO ConfigurationProperties - p:evosuitejar= ./lib/evosuite-master-1.0.4-SNAPSHOT.jar
[95237] INFO ConfigurationProperties - p:jvmversion= 1.8.0_342
[95237] INFO ConfigurationProperties - p:commandTrunk= 50000
[95237] INFO ConfigurationProperties - p:faultlocalization= perfect
[95237] INFO ConfigurationProperties - p:resetmodel= true
[95237] INFO ConfigurationProperties - p:maxsuspcandidates= 1000
[95237] INFO ConfigurationProperties - p:mode= jkali
[95237] INFO ConfigurationProperties - p:learningdir= 
[95237] INFO ConfigurationProperties - p:jvm4evosuitetestexecution= /usr/lib/jvm/java-8-openjdk-amd64/bin
[95237] INFO ConfigurationProperties - p:filterfaultlocalization= true
[95237] INFO ConfigurationProperties - p:mutationrate= 1 
[95237] INFO ConfigurationProperties - p:pathToMVNRepository= 
[95237] INFO ConfigurationProperties - p:resourcesfolder= /src/main/resources:/src/test/resources:
[95237] INFO ConfigurationProperties - p:timezone= America/Los_Angeles
[95237] INFO ConfigurationProperties - p:runjava7code= false
[95237] INFO ConfigurationProperties - p:testfailingcmd= mvn test -pl spring-data-rest-webmvc -Dtest=org.springframework.data.rest.webmvc.json.patch.JsonPatchTests#rejectsInvalidPaths -Dhttps.protocols=TLSv1.2 -Denforcer.skip=true -Dcheckstyle.skip=true -Dcobertura.skip=true -DskipITs=true -Drat.skip=true -Dlicense.skip=true -Dpmd.skip=true -Dfindbugs.skip=true -Dgpg.skip=true -Dskip.npm=true -Dskip.gulp=true -Dskip.bower=true -Danimal.sniffer.skip=true -V -B
[95237] INFO ConfigurationProperties - p:evoRunOnBuggyClass= true
[95237] INFO ConfigurationProperties - p:compiler= fr.inria.astor.core.manipulation.bytecode.compiler.SpoonClassCompiler
[95237] INFO ConfigurationProperties - p:limitbysuspicious= true
[95237] INFO ConfigurationProperties - p:logsattemps= true
[95238] INFO ConfigurationProperties - p:dependenciespath= /root/.m2/repository/org/springframework/spring-expression/5.0.0.RELEASE/spring-expression-5.0.0.RELEASE.jar:/root/.m2/repository/org/springframework/spring-orm/5.0.0.RELEASE/spring-orm-5.0.0.RELEASE.jar:/root/.m2/repository/net/bytebuddy/byte-buddy/1.6.14/byte-buddy-1.6.14.jar:/root/.m2/repository/javax/servlet/javax.servlet-api/3.0.1/javax.servlet-api-3.0.1.jar:/root/.m2/repository/org/springframework/data/spring-data-keyvalue/2.0.0.BUILD-SNAPSHOT/spring-data-keyvalue-2.0.0.BUILD-SNAPSHOT.jar:/root/.m2/repository/org/jboss/logging/jboss-logging-annotations/1.2.0.Beta1/jboss-logging-annotations-1.2.0.Beta1.jar:/root/.m2/repository/org/springframework/spring-jcl/5.0.0.RELEASE/spring-jcl-5.0.0.RELEASE.jar:/root/.m2/repository/org/springframework/spring-aop/5.0.0.RELEASE/spring-aop-5.0.0.RELEASE.jar:/root/.m2/repository/com/querydsl/querydsl-core/4.1.4/querydsl-core-4.1.4.jar:/root/.m2/repository/org/springframework/spring-tx/5.0.0.RELEASE/spring-tx-5.0.0.RELEASE.jar:/root/.m2/repository/org/projectlombok/lombok/1.16.18/lombok-1.16.18.jar:/root/.m2/repository/com/google/guava/guava/18.0/guava-18.0.jar:/root/.m2/repository/com/fasterxml/jackson/datatype/jackson-datatype-joda/2.9.1/jackson-datatype-joda-2.9.1.jar:/root/.m2/repository/dom4j/dom4j/1.6.1/dom4j-1.6.1.jar:/root/.m2/repository/org/springframework/spring-test/5.0.0.RELEASE/spring-test-5.0.0.RELEASE.jar:/root/.m2/repository/org/atteo/evo-inflector/1.2.2/evo-inflector-1.2.2.jar:/root/.m2/repository/org/springframework/spring-webmvc/5.0.0.RELEASE/spring-webmvc-5.0.0.RELEASE.jar:/root/.m2/repository/org/eclipse/persistence/javax.persistence/2.0.0/javax.persistence-2.0.0.jar:/root/.m2/repository/org/slf4j/slf4j-api/1.7.25/slf4j-api-1.7.25.jar:/root/.m2/repository/org/assertj/assertj-core/3.8.0/assertj-core-3.8.0.jar:/root/.m2/repository/org/hibernate/common/hibernate-commons-annotations/4.0.5.Final/hibernate-commons-annotations-4.0.5.Final.jar:/root/.m2/repository/org/springframework/spring-context/5.0.0.RELEASE/spring-context-5.0.0.RELEASE.jar:/root/.m2/repository/com/infradna/tool/bridge-method-annotation/1.13/bridge-method-annotation-1.13.jar:/root/.m2/repository/com/fasterxml/jackson/datatype/jackson-datatype-hibernate4/2.9.1/jackson-datatype-hibernate4-2.9.1.jar:/root/.m2/repository/org/springframework/plugin/spring-plugin-core/1.2.0.RELEASE/spring-plugin-core-1.2.0.RELEASE.jar:/root/.m2/repository/org/javassist/javassist/3.18.1-GA/javassist-3.18.1-GA.jar:/root/.m2/repository/ch/qos/logback/logback-core/1.2.3/logback-core-1.2.3.jar:/root/.m2/repository/com/fasterxml/jackson/core/jackson-databind/2.9.1/jackson-databind-2.9.1.jar:/root/.m2/repository/asm/asm/3.3.1/asm-3.3.1.jar:/root/.m2/repository/ch/qos/logback/logback-classic/1.2.3/logback-classic-1.2.3.jar:/root/.m2/repository/com/mysema/commons/mysema-commons-lang/0.2.4/mysema-commons-lang-0.2.4.jar:/root/.m2/repository/org/hibernate/javax/persistence/hibernate-jpa-2.1-api/1.0.0.Final/hibernate-jpa-2.1-api-1.0.0.Final.jar:/root/.m2/repository/org/springframework/spring-beans/5.0.0.RELEASE/spring-beans-5.0.0.RELEASE.jar:/root/.m2/repository/com/fasterxml/jackson/core/jackson-core/2.9.1/jackson-core-2.9.1.jar:/root/.m2/repository/org/mockito/mockito-core/2.8.47/mockito-core-2.8.47.jar:/root/.m2/repository/org/jboss/spec/javax/transaction/jboss-transaction-api_1.2_spec/1.0.0.Final/jboss-transaction-api_1.2_spec-1.0.0.Final.jar:/root/.m2/repository/org/hamcrest/hamcrest-core/1.3/hamcrest-core-1.3.jar:/root/.m2/repository/org/springframework/spring-core/5.0.0.RELEASE/spring-core-5.0.0.RELEASE.jar:/root/.m2/repository/net/minidev/asm/1.0/asm-1.0.jar:/root/.m2/repository/com/fasterxml/jackson/core/jackson-annotations/2.9.1/jackson-annotations-2.9.1.jar:/root/.m2/repository/org/jboss/jandex/1.1.0.Final/jandex-1.1.0.Final.jar:/root/.m2/repository/antlr/antlr/2.7.7/antlr-2.7.7.jar:/root/.m2/repository/com/google/code/findbugs/jsr305/1.3.9/jsr305-1.3.9.jar:/root/.m2/repository/org/springframework/data/spring-data-rest-core/3.0.0.BUILD-SNAPSHOT/spring-data-rest-core-3.0.0.BUILD-SNAPSHOT.jar:/root/.m2/repository/org/jboss/logging/jboss-logging/3.1.3.GA/jboss-logging-3.1.3.GA.jar:/root/.m2/repository/javax/transaction/jta/1.1/jta-1.1.jar:/root/.m2/repository/net/minidev/json-smart/2.0/json-smart-2.0.jar:/root/.m2/repository/net/bytebuddy/byte-buddy-agent/1.6.14/byte-buddy-agent-1.6.14.jar:/root/.m2/repository/org/hamcrest/hamcrest-library/1.3/hamcrest-library-1.3.jar:/root/.m2/repository/com/fasterxml/jackson/datatype/jackson-datatype-jdk8/2.9.1/jackson-datatype-jdk8-2.9.1.jar:/root/.m2/repository/org/objenesis/objenesis/2.5/objenesis-2.5.jar:/root/.m2/repository/com/fasterxml/jackson/datatype/jackson-datatype-hibernate5/2.9.1/jackson-datatype-hibernate5-2.9.1.jar:/root/.m2/repository/com/jayway/jsonpath/json-path/1.1.0/json-path-1.1.0.jar:/root/.m2/repository/xml-apis/xml-apis/1.0.b2/xml-apis-1.0.b2.jar:/root/.m2/repository/javax/validation/validation-api/1.1.0.Final/validation-api-1.1.0.Final.jar:/root/.m2/repository/org/hibernate/hibernate-core/4.3.10.Final/hibernate-core-4.3.10.Final.jar:/root/.m2/repository/joda-time/joda-time/2.7/joda-time-2.7.jar:/root/.m2/repository/junit/junit/4.12/junit-4.12.jar:/root/.m2/repository/org/springframework/hateoas/spring-hateoas/0.23.0.RELEASE/spring-hateoas-0.23.0.RELEASE.jar:/root/.m2/repository/org/springframework/spring-web/5.0.0.RELEASE/spring-web-5.0.0.RELEASE.jar:/root/.m2/repository/org/springframework/spring-jdbc/5.0.0.RELEASE/spring-jdbc-5.0.0.RELEASE.jar:/root/.m2/repository/org/springframework/data/spring-data-commons/2.0.0.BUILD-SNAPSHOT/spring-data-commons-2.0.0.BUILD-SNAPSHOT.jar
[95238] INFO ConfigurationProperties - p:packageToInstrument= 
[95238] INFO ConfigurationProperties - p:skipfaultlocalization= false
[95238] INFO ConfigurationProperties - p:scope= local
[95238] INFO ConfigurationProperties - p:transformingredient= false
[95238] INFO ConfigurationProperties - p:fitnessfunction= fr.inria.astor.core.solutionsearch.population.TestCaseFitnessFunction
[95238] INFO ConfigurationProperties - p:maxnumvariablesperingredient= 10
[95238] INFO ConfigurationProperties - p:parsesourcefromoriginal= true
[95238] INFO ConfigurationProperties - p:pvariantfoldername= variant-
[95238] INFO ConfigurationProperties - p:savespoonmodelondisk= false
[95238] INFO ConfigurationProperties - p:srcjavafolder= spring-data-rest-webmvc/src/main/java
[95238] INFO ConfigurationProperties - p:populationcontroller= fr.inria.astor.core.solutionsearch.population.TestCaseBasedFitnessPopulationController
[95238] INFO ConfigurationProperties - p:ignoreflakyinfl= false
[95244] INFO ConfigurationProperties - p:cleantemplates= true
[95244] INFO ConfigurationProperties - p:applyCrossover= false
[95244] INFO ConfigurationProperties - p:maxmodificationpoints= 1000
[95244] INFO ConfigurationProperties - p:duplicateingredientsinspace= false
[95244] INFO ConfigurationProperties - p:metid= 0
[95244] INFO ConfigurationProperties - p:continuewhenmodelfail= true
[95245] INFO ConfigurationProperties - p:saveall= false
[95245] INFO ConfigurationProperties - p:seed= 0
[95245] INFO ConfigurationProperties - p:savecompletepatched= true
[95245] INFO ConfigurationProperties - p:resetoperations= false
[95245] INFO ConfigurationProperties - p:keepcomments= false
[95245] INFO ConfigurationProperties - p:processoutputinfile= false
[95245] INFO ConfigurationProperties - p:location= .
[95245] INFO ConfigurationProperties - p:probabilistictransformation= true
[95245] INFO ConfigurationProperties - p:overridemaxtime= true
[95245] INFO ConfigurationProperties - p:outputjsonresult= true
[95245] INFO ConfigurationProperties - p:allpoints= false
[95245] INFO ConfigurationProperties - p:antipattern= false
[95245] INFO ConfigurationProperties - p:bugId= 280
[95245] INFO ConfigurationProperties - p:evosuitetimeout= 120
[95245] INFO ConfigurationProperties - p:maxtimefactor= 10
[95245] INFO ConfigurationProperties - p:nrPlaceholders= 1
[95245] INFO ConfigurationProperties - p:testallcmd= mvn test -pl spring-data-rest-webmvc -Dhttps.protocols=TLSv1.2 -Denforcer.skip=true -Dcheckstyle.skip=true -Dcobertura.skip=true -DskipITs=true -Drat.skip=true -Dlicense.skip=true -Dpmd.skip=true -Dfindbugs.skip=true -Dgpg.skip=true -Dskip.npm=true -Dskip.gulp=true -Dskip.bower=true -Danimal.sniffer.skip=true -V -B
[95245] INFO ConfigurationProperties - p:forcesubprocesskilling= false
[95245] INFO ConfigurationProperties - ----------------------------
[95249] INFO AstorCoreEngine - Time Repair Loop (s): 0.003
[95250] INFO AstorCoreEngine - generationsexecuted: 1
[95250] WARN AstorCoreEngine - ----SUMMARY_EXECUTION---
[95250] WARN AstorCoreEngine - End Repair Search: NOT Found solution
[95250] WARN AstorCoreEngine - Number suspicious:1
[95252] INFO AstorCoreEngine - 
 --SOLUTIONS DESCRIPTION--


Astor Output:

General stats:
EXECUTION_IDENTIFIER=spring-projects_spring-data-rest-VUL4J-68
TOTAL_TIME=0.003
NR_GENERATIONS=null
NR_RIGHT_COMPILATIONS=null
NR_FAILLING_COMPILATIONS=null
NR_ERRONEOUS_VARIANCES=null
NR_FAILING_VALIDATION_PROCESS=null
OUTPUT_STATUS=EXHAUSTIVE_NAVIGATED

Patch stats:

[95307] INFO Stats - Storing ing JSON at /workdir/jKali_vul4j_spring-projects_spring-data-rest_VUL4J-68/./output_astor/AstorMain-spring-projects_spring-data-rest-VUL4J-68//astor_output.json
[95307] INFO Stats - astor_output:
{"general":{"NR_RIGHT_COMPILATIONS":null,"NR_ERRONEOUS_VARIANCES":null,"EXECUTION_IDENTIFIER":"spring-projects_spring-data-rest-VUL4J-68","OUTPUT_STATUS":"EXHAUSTIVE_NAVIGATED","NR_FAILLING_COMPILATIONS":null,"NR_GENERATIONS":null,"TOTAL_TIME":0.003,"NR_FAILING_VALIDATION_PROCESS":null},"patches":[]}
[95307] INFO AstorMain - Time Total(s): 95.298
83.09user 8.58system 1:37.49elapsed 94%CPU (0avgtext+0avgdata 862420maxresident)k
64inputs+11248outputs (0major+389237minor)pagefaults 0swaps


Node: 9670332cfea8



Date: Thu Sep  8 22:42:31 EDT 2022

