cd /workdir/Arja_vul4j_apache_commons-compress_VUL4J-6;
export JAVA_TOOL_OPTIONS="-Dfile.encoding=UTF8 -Duser.language=en-US -Duser.country=US -Duser.language=en";
TZ="America/New_York"; export TZ;
export PATH="/usr/lib/jvm/jdk1.7.0_80/bin:$PATH";
export JAVA_HOME="/usr/lib/jvm/jdk1.7.0_80";
timeout 240m java -Xmx4g -Xms1g -XX:MaxPermSize=512m -cp /script/../libs/jmetal.jar:/script/../repair_tools/arja.jar us.msu.cse.repair.Main \
	Arja \
	-DexternalProjRoot /script/../libs/arja_external \
	-DprojectDir /workdir/Arja_vul4j_apache_commons-compress_VUL4J-6 \
    -DtestFiltered false \
    -DrunTestCommand "mvn test -Dhttps.protocols=TLSv1.2 -Denforcer.skip=true -Dcheckstyle.skip=true -Dcobertura.skip=true -DskipITs=true -Drat.skip=true -Dlicense.skip=true -Dpmd.skip=true -Dfindbugs.skip=true -Dgpg.skip=true -Dskip.npm=true -Dskip.gulp=true -Dskip.bower=true -Danimal.sniffer.skip=true -V -B" \
	-DsrcJavaDir /workdir/Arja_vul4j_apache_commons-compress_VUL4J-6/src/main/java \
	-DbinJavaDir /workdir/Arja_vul4j_apache_commons-compress_VUL4J-6/target/classes \
	-DbinTestDir /workdir/Arja_vul4j_apache_commons-compress_VUL4J-6/target/test-classes \
	-DdiffFormat true \
	-Dseed 0 \
	-DgzoltarDataDir /script/../data/benchmarks/vul4j/perfectfl/VUL4J-6 \
	-Ddependences /root/.m2/repository/org/powermock/powermock-api-support/1.7.0/powermock-api-support-1.7.0.jar:/root/.m2/repository/org/powermock/powermock-core/1.7.0/powermock-core-1.7.0.jar:/root/.m2/repository/org/javassist/javassist/3.21.0-GA/javassist-3.21.0-GA.jar:/root/.m2/repository/org/powermock/powermock-api-mockito-common/1.7.0/powermock-api-mockito-common-1.7.0.jar:/root/.m2/repository/org/objenesis/objenesis/2.6/objenesis-2.6.jar:/root/.m2/repository/org/hamcrest/hamcrest-core/1.3/hamcrest-core-1.3.jar:/root/.m2/repository/org/powermock/powermock-api-mockito/1.7.0/powermock-api-mockito-1.7.0.jar:/root/.m2/repository/org/mockito/mockito-core/1.10.19/mockito-core-1.10.19.jar:/root/.m2/repository/org/tukaani/xz/1.6/xz-1.6.jar:/root/.m2/repository/junit/junit/4.12/junit-4.12.jar:/root/.m2/repository/org/powermock/powermock-module-junit4-common/1.7.0/powermock-module-junit4-common-1.7.0.jar:/root/.m2/repository/com/github/luben/zstd-jni/1.3.1-1/zstd-jni-1.3.1-1.jar:/root/.m2/repository/org/powermock/powermock-reflect/1.7.0/powermock-reflect-1.7.0.jar:/root/.m2/repository/org/powermock/powermock-module-junit4/1.7.0/powermock-module-junit4-1.7.0.jar:/root/.m2/repository/org/brotli/dec/0.1.2/dec-0.1.2.jar;
	echo "\n\nNode: `hostname`\n";
	echo "\n\nDate: `date`\n";
Picked up JAVA_TOOL_OPTIONS: -Dfile.encoding=UTF8 -Duser.language=en-US -Duser.country=US -Duser.language=en
Fault localization starts...
Number of positive tests: 801
Number of negative tests: 1
Negative tests: [org.apache.commons.compress.Test_CVE_2018_1324#testCVE_2018_1324]
Faulty Lines: 
org.apache.commons.compress.archivers.zip.X0017_StrongEncryptionHeader#313:1.0
Fault localization is finished!
AST parsing starts...
AST parsing is finished!
Detection of local variables starts...
Detection of local variables is finished!
Detection of fields starts...
Detection of fields is finished!
Detection of methods starts...
Detection of methods is finished!
Ingredient screener starts...
Ingredient screener is finished!
Initialization of manipulations starts...
Initialization of manipulations is finished!
Filtering of the tests starts...
Number of positive tests considered: 801
Filtering of the tests is finished!
----------------------------------
Patch Candidate:
@@ -309,12 +309,6 @@ public void parseCentralDirectoryFormat(final byte[] data, final int offset, fin
if (rcount > 0) {
this.hashAlg = HashAlgorithm.getAlgorithmByCode(ZipShort.getValue(data, offset + 12));
this.hashSize = ZipShort.getValue(data, offset + 14);
-            // srlist... hashed public keys
-            for (int i = 0; i < this.rcount; i++) {
-                for (int j = 0; j < this.hashSize; j++) {
-                    //  ZipUtil.signedByteToUnsignedInt(data[offset + 16 + (i * this.hashSize) + j]));
-                }
-            }
}
}

Number of failed tests: 0, 0
Weighted failure rate: 0.0
----------------------------------
Patch Candidate:
@@ -309,12 +309,6 @@ public void parseCentralDirectoryFormat(final byte[] data, final int offset, fin
if (rcount > 0) {
this.hashAlg = HashAlgorithm.getAlgorithmByCode(ZipShort.getValue(data, offset + 12));
this.hashSize = ZipShort.getValue(data, offset + 14);
-            // srlist... hashed public keys
-            for (int i = 0; i < this.rcount; i++) {
-                for (int j = 0; j < this.hashSize; j++) {
-                    //  ZipUtil.signedByteToUnsignedInt(data[offset + 16 + (i * this.hashSize) + j]));
-                }
-            }
}
}

Number of failed tests: 0, 0
Weighted failure rate: 0.0
----------------------------------
Patch Candidate:
@@ -309,12 +309,6 @@ public void parseCentralDirectoryFormat(final byte[] data, final int offset, fin
if (rcount > 0) {
this.hashAlg = HashAlgorithm.getAlgorithmByCode(ZipShort.getValue(data, offset + 12));
this.hashSize = ZipShort.getValue(data, offset + 14);
-            // srlist... hashed public keys
-            for (int i = 0; i < this.rcount; i++) {
-                for (int j = 0; j < this.hashSize; j++) {
-                    //  ZipUtil.signedByteToUnsignedInt(data[offset + 16 + (i * this.hashSize) + j]));
-                }
-            }
}
}

Number of failed tests: 0, 0
Weighted failure rate: 0.0
----------------------------------
Patch Candidate:
@@ -309,12 +309,6 @@ public void parseCentralDirectoryFormat(final byte[] data, final int offset, fin
if (rcount > 0) {
this.hashAlg = HashAlgorithm.getAlgorithmByCode(ZipShort.getValue(data, offset + 12));
this.hashSize = ZipShort.getValue(data, offset + 14);
-            // srlist... hashed public keys
-            for (int i = 0; i < this.rcount; i++) {
-                for (int j = 0; j < this.hashSize; j++) {
-                    //  ZipUtil.signedByteToUnsignedInt(data[offset + 16 + (i * this.hashSize) + j]));
-                }
-            }
}
}

Number of failed tests: 0, 0
Weighted failure rate: 0.0
----------------------------------
Patch Candidate:
@@ -309,12 +309,6 @@ public void parseCentralDirectoryFormat(final byte[] data, final int offset, fin
if (rcount > 0) {
this.hashAlg = HashAlgorithm.getAlgorithmByCode(ZipShort.getValue(data, offset + 12));
this.hashSize = ZipShort.getValue(data, offset + 14);
-            // srlist... hashed public keys
-            for (int i = 0; i < this.rcount; i++) {
-                for (int j = 0; j < this.hashSize; j++) {
-                    //  ZipUtil.signedByteToUnsignedInt(data[offset + 16 + (i * this.hashSize) + j]));
-                }
-            }
}
}

Number of failed tests: 0, 0
Weighted failure rate: 0.0
----------------------------------
Patch Candidate:
@@ -309,12 +309,6 @@ public void parseCentralDirectoryFormat(final byte[] data, final int offset, fin
if (rcount > 0) {
this.hashAlg = HashAlgorithm.getAlgorithmByCode(ZipShort.getValue(data, offset + 12));
this.hashSize = ZipShort.getValue(data, offset + 14);
-            // srlist... hashed public keys
-            for (int i = 0; i < this.rcount; i++) {
-                for (int j = 0; j < this.hashSize; j++) {
-                    //  ZipUtil.signedByteToUnsignedInt(data[offset + 16 + (i * this.hashSize) + j]));
-                }
-            }
}
}

Number of failed tests: 0, 0
Weighted failure rate: 0.0
----------------------------------
Patch Candidate:
@@ -309,12 +309,6 @@ public void parseCentralDirectoryFormat(final byte[] data, final int offset, fin
if (rcount > 0) {
this.hashAlg = HashAlgorithm.getAlgorithmByCode(ZipShort.getValue(data, offset + 12));
this.hashSize = ZipShort.getValue(data, offset + 14);
-            // srlist... hashed public keys
-            for (int i = 0; i < this.rcount; i++) {
-                for (int j = 0; j < this.hashSize; j++) {
-                    //  ZipUtil.signedByteToUnsignedInt(data[offset + 16 + (i * this.hashSize) + j]));
-                }
-            }
}
}

Number of failed tests: 0, 0
Weighted failure rate: 0.0
----------------------------------
Patch Candidate:
java.io.IOException: Stream closed
	at java.io.BufferedInputStream.getBufIfOpen(BufferedInputStream.java:162)
	at java.io.BufferedInputStream.read1(BufferedInputStream.java:272)
	at java.io.BufferedInputStream.read(BufferedInputStream.java:334)
	at sun.nio.cs.StreamDecoder.readBytes(StreamDecoder.java:283)
	at sun.nio.cs.StreamDecoder.implRead(StreamDecoder.java:325)
	at sun.nio.cs.StreamDecoder.read(StreamDecoder.java:177)
	at java.io.InputStreamReader.read(InputStreamReader.java:184)
	at java.io.BufferedReader.fill(BufferedReader.java:154)
	at java.io.BufferedReader.readLine(BufferedReader.java:317)
	at java.io.BufferedReader.readLine(BufferedReader.java:382)
	at us.msu.cse.repair.core.util.StreamReaderThread.run(StreamReaderThread.java:36)
java.lang.IllegalStateException: Exception Occurred
	at us.msu.cse.repair.core.testexecutors.RExternalTestExecutor.runShell(RExternalTestExecutor.java:108)
	at us.msu.cse.repair.core.testexecutors.RExternalTestExecutor.runTests(RExternalTestExecutor.java:44)
	at us.msu.cse.repair.ec.problems.ArjaProblem.invokeTestExecutor(ArjaProblem.java:248)
	at us.msu.cse.repair.ec.problems.ArjaProblem.evaluate(ArjaProblem.java:177)
	at jmetal.metaheuristics.nsgaII.NSGAII.execute(NSGAII.java:122)
	at us.msu.cse.repair.core.AbstractRepairAlgorithm.execute(AbstractRepairAlgorithm.java:18)
	at us.msu.cse.repair.ArjaMain.main(ArjaMain.java:66)
	at us.msu.cse.repair.Main.main(Main.java:8)
java.lang.NullPointerException
	at us.msu.cse.repair.core.testexecutors.RExternalTestExecutor.runTests(RExternalTestExecutor.java:85)
	at us.msu.cse.repair.ec.problems.ArjaProblem.invokeTestExecutor(ArjaProblem.java:248)
	at us.msu.cse.repair.ec.problems.ArjaProblem.evaluate(ArjaProblem.java:177)
	at jmetal.metaheuristics.nsgaII.NSGAII.execute(NSGAII.java:122)
	at us.msu.cse.repair.core.AbstractRepairAlgorithm.execute(AbstractRepairAlgorithm.java:18)
	at us.msu.cse.repair.ArjaMain.main(ArjaMain.java:66)
	at us.msu.cse.repair.Main.main(Main.java:8)
----------------------------------
Patch Candidate:
@@ -309,12 +309,6 @@ public void parseCentralDirectoryFormat(final byte[] data, final int offset, fin
if (rcount > 0) {
this.hashAlg = HashAlgorithm.getAlgorithmByCode(ZipShort.getValue(data, offset + 12));
this.hashSize = ZipShort.getValue(data, offset + 14);
-            // srlist... hashed public keys
-            for (int i = 0; i < this.rcount; i++) {
-                for (int j = 0; j < this.hashSize; j++) {
-                    //  ZipUtil.signedByteToUnsignedInt(data[offset + 16 + (i * this.hashSize) + j]));
-                }
-            }
}
}

Number of failed tests: 0, 0
Weighted failure rate: 0.0
----------------------------------
Patch Candidate:
@@ -309,12 +309,6 @@ public void parseCentralDirectoryFormat(final byte[] data, final int offset, fin
if (rcount > 0) {
this.hashAlg = HashAlgorithm.getAlgorithmByCode(ZipShort.getValue(data, offset + 12));
this.hashSize = ZipShort.getValue(data, offset + 14);
-            // srlist... hashed public keys
-            for (int i = 0; i < this.rcount; i++) {
-                for (int j = 0; j < this.hashSize; j++) {
-                    //  ZipUtil.signedByteToUnsignedInt(data[offset + 16 + (i * this.hashSize) + j]));
-                }
-            }
}
}

Number of failed tests: 0, 0
Weighted failure rate: 0.0
----------------------------------
Patch Candidate:
@@ -309,12 +309,6 @@ public void parseCentralDirectoryFormat(final byte[] data, final int offset, fin
if (rcount > 0) {
this.hashAlg = HashAlgorithm.getAlgorithmByCode(ZipShort.getValue(data, offset + 12));
this.hashSize = ZipShort.getValue(data, offset + 14);
-            // srlist... hashed public keys
-            for (int i = 0; i < this.rcount; i++) {
-                for (int j = 0; j < this.hashSize; j++) {
-                    //  ZipUtil.signedByteToUnsignedInt(data[offset + 16 + (i * this.hashSize) + j]));
-                }
-            }
}
}

Number of failed tests: 0, 0
Weighted failure rate: 0.0
----------------------------------
Patch Candidate:
@@ -309,12 +309,6 @@ public void parseCentralDirectoryFormat(final byte[] data, final int offset, fin
if (rcount > 0) {
this.hashAlg = HashAlgorithm.getAlgorithmByCode(ZipShort.getValue(data, offset + 12));
this.hashSize = ZipShort.getValue(data, offset + 14);
-            // srlist... hashed public keys
-            for (int i = 0; i < this.rcount; i++) {
-                for (int j = 0; j < this.hashSize; j++) {
-                    //  ZipUtil.signedByteToUnsignedInt(data[offset + 16 + (i * this.hashSize) + j]));
-                }
-            }
}
}

Number of failed tests: 0, 0
Weighted failure rate: 0.0
----------------------------------
Patch Candidate:
@@ -309,12 +309,6 @@ public void parseCentralDirectoryFormat(final byte[] data, final int offset, fin
if (rcount > 0) {
this.hashAlg = HashAlgorithm.getAlgorithmByCode(ZipShort.getValue(data, offset + 12));
this.hashSize = ZipShort.getValue(data, offset + 14);
-            // srlist... hashed public keys
-            for (int i = 0; i < this.rcount; i++) {
-                for (int j = 0; j < this.hashSize; j++) {
-                    //  ZipUtil.signedByteToUnsignedInt(data[offset + 16 + (i * this.hashSize) + j]));
-                }
-            }
}
}

Number of failed tests: 0, 0
Weighted failure rate: 0.0
----------------------------------
Patch Candidate:
@@ -309,12 +309,6 @@ public void parseCentralDirectoryFormat(final byte[] data, final int offset, fin
if (rcount > 0) {
this.hashAlg = HashAlgorithm.getAlgorithmByCode(ZipShort.getValue(data, offset + 12));
this.hashSize = ZipShort.getValue(data, offset + 14);
-            // srlist... hashed public keys
-            for (int i = 0; i < this.rcount; i++) {
-                for (int j = 0; j < this.hashSize; j++) {
-                    //  ZipUtil.signedByteToUnsignedInt(data[offset + 16 + (i * this.hashSize) + j]));
-                }
-            }
}
}

Number of failed tests: 0, 0
Weighted failure rate: 0.0
----------------------------------
Patch Candidate:
@@ -309,12 +309,6 @@ public void parseCentralDirectoryFormat(final byte[] data, final int offset, fin
if (rcount > 0) {
this.hashAlg = HashAlgorithm.getAlgorithmByCode(ZipShort.getValue(data, offset + 12));
this.hashSize = ZipShort.getValue(data, offset + 14);
-            // srlist... hashed public keys
-            for (int i = 0; i < this.rcount; i++) {
-                for (int j = 0; j < this.hashSize; j++) {
-                    //  ZipUtil.signedByteToUnsignedInt(data[offset + 16 + (i * this.hashSize) + j]));
-                }
-            }
}
}

Number of failed tests: 0, 0
Weighted failure rate: 0.0
----------------------------------
Patch Candidate:
@@ -309,12 +309,6 @@ public void parseCentralDirectoryFormat(final byte[] data, final int offset, fin
if (rcount > 0) {
this.hashAlg = HashAlgorithm.getAlgorithmByCode(ZipShort.getValue(data, offset + 12));
this.hashSize = ZipShort.getValue(data, offset + 14);
-            // srlist... hashed public keys
-            for (int i = 0; i < this.rcount; i++) {
-                for (int j = 0; j < this.hashSize; j++) {
-                    //  ZipUtil.signedByteToUnsignedInt(data[offset + 16 + (i * this.hashSize) + j]));
-                }
-            }
}
}

Number of failed tests: 0, 0
Weighted failure rate: 0.0
----------------------------------
Patch Candidate:
@@ -309,12 +309,6 @@ public void parseCentralDirectoryFormat(final byte[] data, final int offset, fin
if (rcount > 0) {
this.hashAlg = HashAlgorithm.getAlgorithmByCode(ZipShort.getValue(data, offset + 12));
this.hashSize = ZipShort.getValue(data, offset + 14);
-            // srlist... hashed public keys
-            for (int i = 0; i < this.rcount; i++) {
-                for (int j = 0; j < this.hashSize; j++) {
-                    //  ZipUtil.signedByteToUnsignedInt(data[offset + 16 + (i * this.hashSize) + j]));
-                }
-            }
}
}

Number of failed tests: 0, 0
Weighted failure rate: 0.0
----------------------------------
Patch Candidate:
@@ -309,12 +309,6 @@ public void parseCentralDirectoryFormat(final byte[] data, final int offset, fin
if (rcount > 0) {
this.hashAlg = HashAlgorithm.getAlgorithmByCode(ZipShort.getValue(data, offset + 12));
this.hashSize = ZipShort.getValue(data, offset + 14);
-            // srlist... hashed public keys
-            for (int i = 0; i < this.rcount; i++) {
-                for (int j = 0; j < this.hashSize; j++) {
-                    //  ZipUtil.signedByteToUnsignedInt(data[offset + 16 + (i * this.hashSize) + j]));
-                }
-            }
}
}

Number of failed tests: 0, 0
Weighted failure rate: 0.0
----------------------------------
Patch Candidate:
@@ -309,12 +309,6 @@ public void parseCentralDirectoryFormat(final byte[] data, final int offset, fin
if (rcount > 0) {
this.hashAlg = HashAlgorithm.getAlgorithmByCode(ZipShort.getValue(data, offset + 12));
this.hashSize = ZipShort.getValue(data, offset + 14);
-            // srlist... hashed public keys
-            for (int i = 0; i < this.rcount; i++) {
-                for (int j = 0; j < this.hashSize; j++) {
-                    //  ZipUtil.signedByteToUnsignedInt(data[offset + 16 + (i * this.hashSize) + j]));
-                }
-            }
}
}

Number of failed tests: 0, 0
Weighted failure rate: 0.0
----------------------------------
Patch Candidate:
@@ -309,12 +309,6 @@ public void parseCentralDirectoryFormat(final byte[] data, final int offset, fin
if (rcount > 0) {
this.hashAlg = HashAlgorithm.getAlgorithmByCode(ZipShort.getValue(data, offset + 12));
this.hashSize = ZipShort.getValue(data, offset + 14);
-            // srlist... hashed public keys
-            for (int i = 0; i < this.rcount; i++) {
-                for (int j = 0; j < this.hashSize; j++) {
-                    //  ZipUtil.signedByteToUnsignedInt(data[offset + 16 + (i * this.hashSize) + j]));
-                }
-            }
}
}

Number of failed tests: 0, 0
Weighted failure rate: 0.0
----------------------------------
Patch Candidate:
@@ -309,12 +309,6 @@ public void parseCentralDirectoryFormat(final byte[] data, final int offset, fin
if (rcount > 0) {
this.hashAlg = HashAlgorithm.getAlgorithmByCode(ZipShort.getValue(data, offset + 12));
this.hashSize = ZipShort.getValue(data, offset + 14);
-            // srlist... hashed public keys
-            for (int i = 0; i < this.rcount; i++) {
-                for (int j = 0; j < this.hashSize; j++) {
-                    //  ZipUtil.signedByteToUnsignedInt(data[offset + 16 + (i * this.hashSize) + j]));
-                }
-            }
}
}

Number of failed tests: 0, 0
Weighted failure rate: 0.0
----------------------------------
Patch Candidate:
@@ -309,12 +309,6 @@ public void parseCentralDirectoryFormat(final byte[] data, final int offset, fin
if (rcount > 0) {
this.hashAlg = HashAlgorithm.getAlgorithmByCode(ZipShort.getValue(data, offset + 12));
this.hashSize = ZipShort.getValue(data, offset + 14);
-            // srlist... hashed public keys
-            for (int i = 0; i < this.rcount; i++) {
-                for (int j = 0; j < this.hashSize; j++) {
-                    //  ZipUtil.signedByteToUnsignedInt(data[offset + 16 + (i * this.hashSize) + j]));
-                }
-            }
}
}

Number of failed tests: 0, 0
Weighted failure rate: 0.0
----------------------------------
Patch Candidate:
@@ -309,12 +309,6 @@ public void parseCentralDirectoryFormat(final byte[] data, final int offset, fin
if (rcount > 0) {
this.hashAlg = HashAlgorithm.getAlgorithmByCode(ZipShort.getValue(data, offset + 12));
this.hashSize = ZipShort.getValue(data, offset + 14);
-            // srlist... hashed public keys
-            for (int i = 0; i < this.rcount; i++) {
-                for (int j = 0; j < this.hashSize; j++) {
-                    //  ZipUtil.signedByteToUnsignedInt(data[offset + 16 + (i * this.hashSize) + j]));
-                }
-            }
}
}

Number of failed tests: 0, 0
Weighted failure rate: 0.0
----------------------------------
Patch Candidate:
@@ -309,12 +309,6 @@ public void parseCentralDirectoryFormat(final byte[] data, final int offset, fin
if (rcount > 0) {
this.hashAlg = HashAlgorithm.getAlgorithmByCode(ZipShort.getValue(data, offset + 12));
this.hashSize = ZipShort.getValue(data, offset + 14);
-            // srlist... hashed public keys
-            for (int i = 0; i < this.rcount; i++) {
-                for (int j = 0; j < this.hashSize; j++) {
-                    //  ZipUtil.signedByteToUnsignedInt(data[offset + 16 + (i * this.hashSize) + j]));
-                }
-            }
}
}

Number of failed tests: 0, 0
Weighted failure rate: 0.0
----------------------------------
Patch Candidate:
@@ -309,12 +309,6 @@ public void parseCentralDirectoryFormat(final byte[] data, final int offset, fin
if (rcount > 0) {
this.hashAlg = HashAlgorithm.getAlgorithmByCode(ZipShort.getValue(data, offset + 12));
this.hashSize = ZipShort.getValue(data, offset + 14);
-            // srlist... hashed public keys
-            for (int i = 0; i < this.rcount; i++) {
-                for (int j = 0; j < this.hashSize; j++) {
-                    //  ZipUtil.signedByteToUnsignedInt(data[offset + 16 + (i * this.hashSize) + j]));
-                }
-            }
}
}

Number of failed tests: 0, 0
Weighted failure rate: 0.0
----------------------------------
Patch Candidate:
@@ -309,12 +309,6 @@ public void parseCentralDirectoryFormat(final byte[] data, final int offset, fin
if (rcount > 0) {
this.hashAlg = HashAlgorithm.getAlgorithmByCode(ZipShort.getValue(data, offset + 12));
this.hashSize = ZipShort.getValue(data, offset + 14);
-            // srlist... hashed public keys
-            for (int i = 0; i < this.rcount; i++) {
-                for (int j = 0; j < this.hashSize; j++) {
-                    //  ZipUtil.signedByteToUnsignedInt(data[offset + 16 + (i * this.hashSize) + j]));
-                }
-            }
}
}

Number of failed tests: 0, 0
Weighted failure rate: 0.0
----------------------------------
Patch Candidate:
@@ -309,12 +309,6 @@ public void parseCentralDirectoryFormat(final byte[] data, final int offset, fin
if (rcount > 0) {
this.hashAlg = HashAlgorithm.getAlgorithmByCode(ZipShort.getValue(data, offset + 12));
this.hashSize = ZipShort.getValue(data, offset + 14);
-            // srlist... hashed public keys
-            for (int i = 0; i < this.rcount; i++) {
-                for (int j = 0; j < this.hashSize; j++) {
-                    //  ZipUtil.signedByteToUnsignedInt(data[offset + 16 + (i * this.hashSize) + j]));
-                }
-            }
}
}

Number of failed tests: 0, 0
Weighted failure rate: 0.0
----------------------------------
Patch Candidate:
@@ -309,12 +309,6 @@ public void parseCentralDirectoryFormat(final byte[] data, final int offset, fin
if (rcount > 0) {
this.hashAlg = HashAlgorithm.getAlgorithmByCode(ZipShort.getValue(data, offset + 12));
this.hashSize = ZipShort.getValue(data, offset + 14);
-            // srlist... hashed public keys
-            for (int i = 0; i < this.rcount; i++) {
-                for (int j = 0; j < this.hashSize; j++) {
-                    //  ZipUtil.signedByteToUnsignedInt(data[offset + 16 + (i * this.hashSize) + j]));
-                }
-            }
}
}

Number of failed tests: 0, 0
Weighted failure rate: 0.0
----------------------------------
Patch Candidate:
@@ -309,12 +309,6 @@ public void parseCentralDirectoryFormat(final byte[] data, final int offset, fin
if (rcount > 0) {
this.hashAlg = HashAlgorithm.getAlgorithmByCode(ZipShort.getValue(data, offset + 12));
this.hashSize = ZipShort.getValue(data, offset + 14);
-            // srlist... hashed public keys
-            for (int i = 0; i < this.rcount; i++) {
-                for (int j = 0; j < this.hashSize; j++) {
-                    //  ZipUtil.signedByteToUnsignedInt(data[offset + 16 + (i * this.hashSize) + j]));
-                }
-            }
}
}

Number of failed tests: 0, 0
Weighted failure rate: 0.0
----------------------------------
Patch Candidate:
@@ -309,12 +309,6 @@ public void parseCentralDirectoryFormat(final byte[] data, final int offset, fin
if (rcount > 0) {
this.hashAlg = HashAlgorithm.getAlgorithmByCode(ZipShort.getValue(data, offset + 12));
this.hashSize = ZipShort.getValue(data, offset + 14);
-            // srlist... hashed public keys
-            for (int i = 0; i < this.rcount; i++) {
-                for (int j = 0; j < this.hashSize; j++) {
-                    //  ZipUtil.signedByteToUnsignedInt(data[offset + 16 + (i * this.hashSize) + j]));
-                }
-            }
}
}

Number of failed tests: 0, 0
Weighted failure rate: 0.0
----------------------------------
Patch Candidate:
@@ -309,12 +309,6 @@ public void parseCentralDirectoryFormat(final byte[] data, final int offset, fin
if (rcount > 0) {
this.hashAlg = HashAlgorithm.getAlgorithmByCode(ZipShort.getValue(data, offset + 12));
this.hashSize = ZipShort.getValue(data, offset + 14);
-            // srlist... hashed public keys
-            for (int i = 0; i < this.rcount; i++) {
-                for (int j = 0; j < this.hashSize; j++) {
-                    //  ZipUtil.signedByteToUnsignedInt(data[offset + 16 + (i * this.hashSize) + j]));
-                }
-            }
}
}

Number of failed tests: 0, 0
Weighted failure rate: 0.0
----------------------------------
Patch Candidate:
@@ -309,12 +309,6 @@ public void parseCentralDirectoryFormat(final byte[] data, final int offset, fin
if (rcount > 0) {
this.hashAlg = HashAlgorithm.getAlgorithmByCode(ZipShort.getValue(data, offset + 12));
this.hashSize = ZipShort.getValue(data, offset + 14);
-            // srlist... hashed public keys
-            for (int i = 0; i < this.rcount; i++) {
-                for (int j = 0; j < this.hashSize; j++) {
-                    //  ZipUtil.signedByteToUnsignedInt(data[offset + 16 + (i * this.hashSize) + j]));
-                }
-            }
}
}

Number of failed tests: 0, 0
Weighted failure rate: 0.0
----------------------------------
Patch Candidate:
@@ -309,12 +309,6 @@ public void parseCentralDirectoryFormat(final byte[] data, final int offset, fin
if (rcount > 0) {
this.hashAlg = HashAlgorithm.getAlgorithmByCode(ZipShort.getValue(data, offset + 12));
this.hashSize = ZipShort.getValue(data, offset + 14);
-            // srlist... hashed public keys
-            for (int i = 0; i < this.rcount; i++) {
-                for (int j = 0; j < this.hashSize; j++) {
-                    //  ZipUtil.signedByteToUnsignedInt(data[offset + 16 + (i * this.hashSize) + j]));
-                }
-            }
}
}

Number of failed tests: 0, 0
Weighted failure rate: 0.0
----------------------------------
Patch Candidate:
@@ -309,12 +309,6 @@ public void parseCentralDirectoryFormat(final byte[] data, final int offset, fin
if (rcount > 0) {
this.hashAlg = HashAlgorithm.getAlgorithmByCode(ZipShort.getValue(data, offset + 12));
this.hashSize = ZipShort.getValue(data, offset + 14);
-            // srlist... hashed public keys
-            for (int i = 0; i < this.rcount; i++) {
-                for (int j = 0; j < this.hashSize; j++) {
-                    //  ZipUtil.signedByteToUnsignedInt(data[offset + 16 + (i * this.hashSize) + j]));
-                }
-            }
}
}

Number of failed tests: 0, 0
Weighted failure rate: 0.0
----------------------------------
Patch Candidate:
@@ -309,12 +309,6 @@ public void parseCentralDirectoryFormat(final byte[] data, final int offset, fin
if (rcount > 0) {
this.hashAlg = HashAlgorithm.getAlgorithmByCode(ZipShort.getValue(data, offset + 12));
this.hashSize = ZipShort.getValue(data, offset + 14);
-            // srlist... hashed public keys
-            for (int i = 0; i < this.rcount; i++) {
-                for (int j = 0; j < this.hashSize; j++) {
-                    //  ZipUtil.signedByteToUnsignedInt(data[offset + 16 + (i * this.hashSize) + j]));
-                }
-            }
}
}

Number of failed tests: 0, 0
Weighted failure rate: 0.0
----------------------------------
Patch Candidate:
@@ -309,12 +309,6 @@ public void parseCentralDirectoryFormat(final byte[] data, final int offset, fin
if (rcount > 0) {
this.hashAlg = HashAlgorithm.getAlgorithmByCode(ZipShort.getValue(data, offset + 12));
this.hashSize = ZipShort.getValue(data, offset + 14);
-            // srlist... hashed public keys
-            for (int i = 0; i < this.rcount; i++) {
-                for (int j = 0; j < this.hashSize; j++) {
-                    //  ZipUtil.signedByteToUnsignedInt(data[offset + 16 + (i * this.hashSize) + j]));
-                }
-            }
}
}

Number of failed tests: 0, 0
Weighted failure rate: 0.0
----------------------------------
Patch Candidate:
@@ -309,12 +309,6 @@ public void parseCentralDirectoryFormat(final byte[] data, final int offset, fin
if (rcount > 0) {
this.hashAlg = HashAlgorithm.getAlgorithmByCode(ZipShort.getValue(data, offset + 12));
this.hashSize = ZipShort.getValue(data, offset + 14);
-            // srlist... hashed public keys
-            for (int i = 0; i < this.rcount; i++) {
-                for (int j = 0; j < this.hashSize; j++) {
-                    //  ZipUtil.signedByteToUnsignedInt(data[offset + 16 + (i * this.hashSize) + j]));
-                }
-            }
}
}

Number of failed tests: 0, 0
Weighted failure rate: 0.0
----------------------------------
Patch Candidate:
@@ -309,12 +309,6 @@ public void parseCentralDirectoryFormat(final byte[] data, final int offset, fin
if (rcount > 0) {
this.hashAlg = HashAlgorithm.getAlgorithmByCode(ZipShort.getValue(data, offset + 12));
this.hashSize = ZipShort.getValue(data, offset + 14);
-            // srlist... hashed public keys
-            for (int i = 0; i < this.rcount; i++) {
-                for (int j = 0; j < this.hashSize; j++) {
-                    //  ZipUtil.signedByteToUnsignedInt(data[offset + 16 + (i * this.hashSize) + j]));
-                }
-            }
}
}

Number of failed tests: 0, 0
Weighted failure rate: 0.0
----------------------------------
Patch Candidate:
java.io.IOException: Stream closed
	at java.io.BufferedInputStream.getBufIfOpen(BufferedInputStream.java:162)
	at java.io.BufferedInputStream.read1(BufferedInputStream.java:272)
	at java.io.BufferedInputStream.read(BufferedInputStream.java:334)
	at sun.nio.cs.StreamDecoder.readBytes(StreamDecoder.java:283)
	at sun.nio.cs.StreamDecoder.implRead(StreamDecoder.java:325)
	at sun.nio.cs.StreamDecoder.read(StreamDecoder.java:177)
	at java.io.InputStreamReader.read(InputStreamReader.java:184)
	at java.io.BufferedReader.fill(BufferedReader.java:154)
	at java.io.BufferedReader.readLine(BufferedReader.java:317)
	at java.io.BufferedReader.readLine(BufferedReader.java:382)
	at us.msu.cse.repair.core.util.StreamReaderThread.run(StreamReaderThread.java:36)
java.lang.IllegalStateException: Exception Occurred
	at us.msu.cse.repair.core.testexecutors.RExternalTestExecutor.runShell(RExternalTestExecutor.java:108)
	at us.msu.cse.repair.core.testexecutors.RExternalTestExecutor.runTests(RExternalTestExecutor.java:44)
	at us.msu.cse.repair.ec.problems.ArjaProblem.invokeTestExecutor(ArjaProblem.java:248)
	at us.msu.cse.repair.ec.problems.ArjaProblem.evaluate(ArjaProblem.java:177)
	at jmetal.metaheuristics.nsgaII.NSGAII.execute(NSGAII.java:122)
	at us.msu.cse.repair.core.AbstractRepairAlgorithm.execute(AbstractRepairAlgorithm.java:18)
	at us.msu.cse.repair.ArjaMain.main(ArjaMain.java:66)
	at us.msu.cse.repair.Main.main(Main.java:8)
java.lang.NullPointerException


Node: b97f25038321



Date: Fri Sep 16 11:31:50 EDT 2022

