cd /workdir/TBar_vul4j_apache_struts_VUL4J-26;
export JAVA_TOOL_OPTIONS="-Dfile.encoding=UTF8 -Duser.language=en-US -Duser.country=US -Duser.language=en";
TZ="America/New_York"; export TZ;
export PATH="/usr/lib/jvm/jdk1.7.0_80/bin:$PATH";
export JAVA_HOME="/usr/lib/jvm/jdk1.7.0_80";
timeout 240m java -Xmx4g -Xms1g -XX:MaxPermSize=512m \
    -cp /script/../libs/tbar_external/com.gzoltar-0.1.1-jdk7.jar:/script/../repair_tools/tbar.jar edu.lu.uni.serval.tbar.main.Main \
    "/workdir/TBar_vul4j_apache_struts_VUL4J-26" "com.opensymphony.xwork2.validator.URLValidatorTest#testValidUrlWithDefaultRegex" "/core/src/main/java/" "/core/src/test/java/" "/core/target/classes/" "/core/target/test-classes/" "/script/../data/benchmarks/vul4j/perfectfl/VUL4J-26/spectra.txt" "mvn test -pl core -Dtest=com.opensymphony.xwork2.validator.URLValidatorTest -Dhttps.protocols=TLSv1.2 -Denforcer.skip=true -Dcheckstyle.skip=true -Dcobertura.skip=true -DskipITs=true -Drat.skip=true -Dlicense.skip=true -Dpmd.skip=true -Dfindbugs.skip=true -Dgpg.skip=true -Dskip.npm=true -Dskip.gulp=true -Dskip.bower=true -Danimal.sniffer.skip=true -V -B" "mvn test -pl core -Dhttps.protocols=TLSv1.2 -Denforcer.skip=true -Dcheckstyle.skip=true -Dcobertura.skip=true -DskipITs=true -Drat.skip=true -Dlicense.skip=true -Dpmd.skip=true -Dfindbugs.skip=true -Dgpg.skip=true -Dskip.npm=true -Dskip.gulp=true -Dskip.bower=true -Danimal.sniffer.skip=true -V -B" "/root/.m2/repository/javax/servlet/servlet-api/2.4/servlet-api-2.4.jar:/root/.m2/repository/org/objenesis/objenesis/2.2/objenesis-2.2.jar:/root/.m2/repository/org/slf4j/slf4j-simple/1.7.12/slf4j-simple-1.7.12.jar:/root/.m2/repository/org/testng/testng/5.1/testng-5.1-jdk15.jar:/root/.m2/repository/org/slf4j/slf4j-api/1.7.12/slf4j-api-1.7.12.jar:/root/.m2/repository/dom4j/dom4j/1.1/dom4j-1.1.jar:/root/.m2/repository/commons-chain/commons-chain/1.1/commons-chain-1.1.jar:/root/.m2/repository/asm/asm-tree/3.3/asm-tree-3.3.jar:/root/.m2/repository/org/springframework/spring-aspects/4.1.6.RELEASE/spring-aspects-4.1.6.RELEASE.jar:/root/.m2/repository/org/springframework/spring-context-support/4.1.6.RELEASE/spring-context-support-4.1.6.RELEASE.jar:/root/.m2/repository/org/apache/struts/struts-taglib/1.3.8/struts-taglib-1.3.8.jar:/root/.m2/repository/org/apache/logging/log4j/log4j-core/2.5/log4j-core-2.5.jar:/root/.m2/repository/org/springframework/spring-web/4.1.6.RELEASE/spring-web-4.1.6.RELEASE.jar:/root/.m2/repository/commons-collections/commons-collections/3.2.2/commons-collections-3.2.2.jar:/root/.m2/repository/javax/servlet/javax.servlet-api/3.1.0/javax.servlet-api-3.1.0.jar:/root/.m2/repository/mockobjects/mockobjects-core/0.09/mockobjects-core-0.09.jar:/root/.m2/repository/org/apache/velocity/velocity-tools/2.0/velocity-tools-2.0.jar:/root/.m2/repository/org/apache/struts/struts-core/1.3.8/struts-core-1.3.8.jar:/root/.m2/repository/mockobjects/mockobjects-alt-jdk1.3-j2ee1.3/0.09/mockobjects-alt-jdk1.3-j2ee1.3-0.09.jar:/root/.m2/repository/org/apache/commons/commons-lang3/3.4/commons-lang3-3.4.jar:/root/.m2/repository/aopalliance/aopalliance/1.0/aopalliance-1.0.jar:/root/.m2/repository/commons-beanutils/commons-beanutils/1.9.2/commons-beanutils-1.9.2.jar:/root/.m2/repository/mockobjects/mockobjects-alt-jdk1.3/0.09/mockobjects-alt-jdk1.3-0.09.jar:/root/.m2/repository/commons-validator/commons-validator/1.3.1/commons-validator-1.3.1.jar:/root/.m2/repository/org/springframework/spring-core/4.1.6.RELEASE/spring-core-4.1.6.RELEASE.jar:/root/.m2/repository/org/springframework/spring-beans/4.1.6.RELEASE/spring-beans-4.1.6.RELEASE.jar:/root/.m2/repository/org/springframework/spring-expression/4.1.6.RELEASE/spring-expression-4.1.6.RELEASE.jar:/root/.m2/repository/commons-digester/commons-digester/2.1/commons-digester-2.1.jar:/root/.m2/repository/commons-logging/commons-logging/1.1.3/commons-logging-1.1.3.jar:/root/.m2/repository/org/springframework/spring-aop/4.1.6.RELEASE/spring-aop-4.1.6.RELEASE.jar:/root/.m2/repository/mockobjects/mockobjects-jdk1.3-j2ee1.3/0.09/mockobjects-jdk1.3-j2ee1.3-0.09.jar:/root/.m2/repository/jmock/jmock/1.2.0/jmock-1.2.0.jar:/root/.m2/repository/org/apache/velocity/velocity/1.7/velocity-1.7.jar:/root/.m2/repository/asm/asm-commons/3.3/asm-commons-3.3.jar:/root/.m2/repository/org/easytesting/fest-assert/1.4/fest-assert-1.4.jar:/root/.m2/repository/asm/asm/3.3/asm-3.3.jar:/root/.m2/repository/mockobjects/mockobjects-jdk1.3/0.09/mockobjects-jdk1.3-0.09.jar:/root/.m2/repository/org/hamcrest/hamcrest-core/1.3/hamcrest-core-1.3.jar:/root/.m2/repository/commons-io/commons-io/2.4/commons-io-2.4.jar:/root/.m2/repository/org/apache/logging/log4j/log4j-api/2.5/log4j-api-2.5.jar:/root/.m2/repository/org/springframework/spring-context/4.1.6.RELEASE/spring-context-4.1.6.RELEASE.jar:/root/.m2/repository/sslext/sslext/1.2-0/sslext-1.2-0.jar:/root/.m2/repository/cglib/cglib-nodep/2.1_3/cglib-nodep-2.1_3.jar:/root/.m2/repository/antlr/antlr/2.7.2/antlr-2.7.2.jar:/root/.m2/repository/org/javassist/javassist/3.20.0-GA/javassist-3.20.0-GA.jar:/root/.m2/repository/org/apache/struts/struts-tiles/1.3.8/struts-tiles-1.3.8.jar:/root/.m2/repository/ognl/ognl/3.1.8/ognl-3.1.8.jar:/root/.m2/repository/org/easymock/easymock/3.4/easymock-3.4.jar:/root/.m2/repository/org/mockito/mockito-all/1.9.5/mockito-all-1.9.5.jar:/root/.m2/repository/org/easytesting/fest-util/1.1.6/fest-util-1.1.6.jar:/root/.m2/repository/commons-lang/commons-lang/2.4/commons-lang-2.4.jar:/root/.m2/repository/commons-fileupload/commons-fileupload/1.3.1/commons-fileupload-1.3.1.jar:/root/.m2/repository/javax/servlet/jsp-api/2.0/jsp-api-2.0.jar:/root/.m2/repository/org/freemarker/freemarker/2.3.23/freemarker-2.3.23.jar:/root/.m2/repository/junit/junit/4.12/junit-4.12.jar:/root/.m2/repository/org/apache/struts/struts-annotations/1.0.6/struts-annotations-1.0.6.jar:/root/.m2/repository/oro/oro/2.0.8/oro-2.0.8.jar:/root/.m2/repository/org/aspectj/aspectjweaver/1.8.5/aspectjweaver-1.8.5.jar:/root/.m2/repository/org/springframework/spring-test/4.1.6.RELEASE/spring-test-4.1.6.RELEASE.jar";
echo "\n\nNode: `hostname`\n";
echo "\n\nDate: `date`\n";
Picked up JAVA_TOOL_OPTIONS: -Dfile.encoding=UTF8 -Duser.language=en-US -Duser.country=US -Duser.language=en
08:00:23,619 |-INFO in ch.qos.logback.classic.LoggerContext[TBar] - Could NOT find resource [logback-test.xml]
08:00:23,619 |-INFO in ch.qos.logback.classic.LoggerContext[TBar] - Could NOT find resource [logback.groovy]
08:00:23,619 |-INFO in ch.qos.logback.classic.LoggerContext[TBar] - Found resource [logback.xml] at [jar:file:/repair_tools/tbar.jar!/logback.xml]
08:00:23,637 |-INFO in ch.qos.logback.core.joran.spi.ConfigurationWatchList@32e02ddd - URL [jar:file:/repair_tools/tbar.jar!/logback.xml] is not of type file
08:00:23,687 |-INFO in ch.qos.logback.classic.joran.action.ConfigurationAction - debug attribute not set
08:00:23,689 |-INFO in ch.qos.logback.classic.joran.action.ContextNameAction - Setting logger context name as [TBar]
08:00:23,689 |-INFO in ch.qos.logback.core.joran.action.AppenderAction - About to instantiate appender of type [ch.qos.logback.core.ConsoleAppender]
08:00:23,692 |-INFO in ch.qos.logback.core.joran.action.AppenderAction - Naming appender as [STDOUT]
08:00:23,735 |-INFO in ch.qos.logback.classic.joran.action.LoggerAction - Setting level of logger [org.hibernate.engine.query.HQLQueryPlan] to DEBUG
08:00:23,735 |-INFO in ch.qos.logback.classic.joran.action.LoggerAction - Setting additivity of logger [org.hibernate.engine.query.HQLQueryPlan] to false
08:00:23,735 |-INFO in ch.qos.logback.classic.joran.action.LoggerAction - Setting level of logger [com.piedra.logback] to DEBUG
08:00:23,735 |-ERROR in ch.qos.logback.core.joran.action.AppenderRefAction - Could not find an appender named [FILE]. Did you define it below instead of above in the configuration file?
08:00:23,735 |-ERROR in ch.qos.logback.core.joran.action.AppenderRefAction - See http://logback.qos.ch/codes.html#appender_order for more details.
08:00:23,735 |-INFO in ch.qos.logback.classic.joran.action.RootLoggerAction - Setting level of ROOT logger to DEBUG
08:00:23,735 |-INFO in ch.qos.logback.core.joran.action.AppenderRefAction - Attaching appender named [STDOUT] to Logger[ROOT]
08:00:23,736 |-ERROR in ch.qos.logback.core.joran.action.AppenderRefAction - Could not find an appender named [ROLLINGFILE]. Did you define it below instead of above in the configuration file?
08:00:23,736 |-ERROR in ch.qos.logback.core.joran.action.AppenderRefAction - See http://logback.qos.ch/codes.html#appender_order for more details.
08:00:23,736 |-INFO in ch.qos.logback.classic.joran.action.ConfigurationAction - End of configuration.
08:00:23,737 |-INFO in ch.qos.logback.classic.joran.JoranConfigurator@1be32243 - Registering current configuration as safe fallback point

2022-10-17 08:00:24.787 [main] INFO  edu.lu.uni.serval.tbar.AbstractFixer - TBar_vul4j_apache_struts_VUL4J-26 Failed Tests: 1
2022-10-17 08:00:24.790 [main] INFO  edu.lu.uni.serval.tbar.TBarFixer - =======StaticBugFixer: Start to fix suspicious code======
2022-10-17 08:00:24.790 [main] DEBUG edu.lu.uni.serval.tbar.AbstractFixer - com.opensymphony.xwork2.validator.validators.URLValidator ===75
2022-10-17 08:00:25.185 [main] DEBUG edu.lu.uni.serval.tbar.AbstractFixer - Suspicious Code: 
return "^(https?|ftp):\\/\\/" +
                    "(([a-z0-9$_\\.\\+!\\*\\'\\(\\),;\\?&=-]|%[0-9a-f]{2})+" +
                    "(:([a-z0-9$_\\.\\+!\\*\\'\\(\\),;\\?&=-]|%[0-9a-f]{2})+)?" +
                    "@)?(#?" +
                    ")((([a-z0-9]\\.|[a-z0-9][a-z0-9-]*[a-z0-9]\\.)*" +
                    "[a-z][a-z0-9-]*[a-z0-9]" +
                    "|((\\d|[1-9]\\d|1\\d{2}|2[0-4][0-9]|25[0-5])\\.){3}" +
                    "(\\d|[1-9]\\d|1\\d{2}|2[0-4][0-9]|25[0-5])" +
                    ")(:\\d+)?" +
                    ")(((\\/+([a-z0-9$_\\.\\+!\\*\\'\\(\\),;:@&=-]|%[0-9a-f]{2})*)*" +
                    "(\\?([a-z0-9$_\\.\\+!\\*\\'\\(\\),;:@&=-]|%[0-9a-f]{2})*)" +
                    "?)?)?" +
                    "(#([a-z0-9$_\\.\\+!\\*\\'\\(\\),;:@&=-]|%[0-9a-f]{2})*)?" +
                    "$";
2022-10-17 08:00:27.424 [main] DEBUG edu.lu.uni.serval.tbar.AbstractFixer - Patch Candidate:
@@ -72,20 +72,8 @@ public class URLValidator extends FieldValidatorSupport {
-            return "^(https?|ftp):\\/\\/" +
-                    "(([a-z0-9$_\\.\\+!\\*\\'\\(\\),;\\?&=-]|%[0-9a-f]{2})+" +
-                    "(:([a-z0-9$_\\.\\+!\\*\\'\\(\\),;\\?&=-]|%[0-9a-f]{2})+)?" +
-                    "@)?(#?" +
-                    ")((([a-z0-9]\\.|[a-z0-9][a-z0-9-]*[a-z0-9]\\.)*" +
-                    "[a-z][a-z0-9-]*[a-z0-9]" +
-                    "|((\\d|[1-9]\\d|1\\d{2}|2[0-4][0-9]|25[0-5])\\.){3}" +
-                    "(\\d|[1-9]\\d|1\\d{2}|2[0-4][0-9]|25[0-5])" +
-                    ")(:\\d+)?" +
-                    ")(((\\/+([a-z0-9$_\\.\\+!\\*\\'\\(\\),;:@&=-]|%[0-9a-f]{2})*)*" +
-                    "(\\?([a-z0-9$_\\.\\+!\\*\\'\\(\\),;:@&=-]|%[0-9a-f]{2})*)" +
-                    "?)?)?" +
-                    "(#([a-z0-9$_\\.\\+!\\*\\'\\(\\),;:@&=-]|%[0-9a-f]{2})*)?" +
-                    "$";
+            return this.urlRegex;
+
2022-10-17 08:00:27.424 [main] DEBUG edu.lu.uni.serval.tbar.AbstractFixer - Compiling
2022-10-17 08:00:28.544 [main] DEBUG edu.lu.uni.serval.tbar.AbstractFixer - Test previously failed test cases.
2022-10-17 08:00:55.021 [main] DEBUG edu.lu.uni.serval.tbar.AbstractFixer - Patch Candidate:
@@ -72,20 +72,8 @@ public class URLValidator extends FieldValidatorSupport {
-            return "^(https?|ftp):\\/\\/" +
-                    "(([a-z0-9$_\\.\\+!\\*\\'\\(\\),;\\?&=-]|%[0-9a-f]{2})+" +
-                    "(:([a-z0-9$_\\.\\+!\\*\\'\\(\\),;\\?&=-]|%[0-9a-f]{2})+)?" +
-                    "@)?(#?" +
-                    ")((([a-z0-9]\\.|[a-z0-9][a-z0-9-]*[a-z0-9]\\.)*" +
-                    "[a-z][a-z0-9-]*[a-z0-9]" +
-                    "|((\\d|[1-9]\\d|1\\d{2}|2[0-4][0-9]|25[0-5])\\.){3}" +
-                    "(\\d|[1-9]\\d|1\\d{2}|2[0-4][0-9]|25[0-5])" +
-                    ")(:\\d+)?" +
-                    ")(((\\/+([a-z0-9$_\\.\\+!\\*\\'\\(\\),;:@&=-]|%[0-9a-f]{2})*)*" +
-                    "(\\?([a-z0-9$_\\.\\+!\\*\\'\\(\\),;:@&=-]|%[0-9a-f]{2})*)" +
-                    "?)?)?" +
-                    "(#([a-z0-9$_\\.\\+!\\*\\'\\(\\),;:@&=-]|%[0-9a-f]{2})*)?" +
-                    "$";
+            return this.urlRegexExpression;
+
2022-10-17 08:00:55.021 [main] DEBUG edu.lu.uni.serval.tbar.AbstractFixer - Compiling
2022-10-17 08:00:56.141 [main] DEBUG edu.lu.uni.serval.tbar.AbstractFixer - Test previously failed test cases.
2022-10-17 08:01:21.960 [main] DEBUG edu.lu.uni.serval.tbar.AbstractFixer - Patch Candidate:
@@ -72,8 +72,7 @@ public class URLValidator extends FieldValidatorSupport {
-            return "^(https?|ftp):\\/\\/" +
-                    "(([a-z0-9$_\\.\\+!\\*\\'\\(\\),;\\?&=-]|%[0-9a-f]{2})+" +
+            return "^(https?|ftp):\\/\\/" - "(([a-z0-9$_\\.\\+!\\*\\'\\(\\),;\\?&=-]|%[0-9a-f]{2})+" +
2022-10-17 08:01:21.960 [main] DEBUG edu.lu.uni.serval.tbar.AbstractFixer - Compiling
2022-10-17 08:01:23.119 [main] DEBUG edu.lu.uni.serval.tbar.AbstractFixer - BuggyProject ---Fixer: fix fail because of failed compiling! 
2022-10-17 08:01:23.141 [main] DEBUG edu.lu.uni.serval.tbar.AbstractFixer - Patch Candidate:
@@ -73,8 +73,7 @@ public class URLValidator extends FieldValidatorSupport {
-                    "(([a-z0-9$_\\.\\+!\\*\\'\\(\\),;\\?&=-]|%[0-9a-f]{2})+" +
-                    "(:([a-z0-9$_\\.\\+!\\*\\'\\(\\),;\\?&=-]|%[0-9a-f]{2})+)?" +
+                    "(([a-z0-9$_\\.\\+!\\*\\'\\(\\),;\\?&=-]|%[0-9a-f]{2})+" - "(:([a-z0-9$_\\.\\+!\\*\\'\\(\\),;\\?&=-]|%[0-9a-f]{2})+)?" +
2022-10-17 08:01:23.141 [main] DEBUG edu.lu.uni.serval.tbar.AbstractFixer - Compiling
2022-10-17 08:01:24.322 [main] DEBUG edu.lu.uni.serval.tbar.AbstractFixer - BuggyProject ---Fixer: fix fail because of failed compiling! 
2022-10-17 08:01:24.340 [main] DEBUG edu.lu.uni.serval.tbar.AbstractFixer - Patch Candidate:
@@ -74,8 +74,7 @@ public class URLValidator extends FieldValidatorSupport {
-                    "(:([a-z0-9$_\\.\\+!\\*\\'\\(\\),;\\?&=-]|%[0-9a-f]{2})+)?" +
-                    "@)?(#?" +
+                    "(:([a-z0-9$_\\.\\+!\\*\\'\\(\\),;\\?&=-]|%[0-9a-f]{2})+)?" - "@)?(#?" +
2022-10-17 08:01:24.340 [main] DEBUG edu.lu.uni.serval.tbar.AbstractFixer - Compiling
2022-10-17 08:01:25.464 [main] DEBUG edu.lu.uni.serval.tbar.AbstractFixer - BuggyProject ---Fixer: fix fail because of failed compiling! 
2022-10-17 08:01:25.484 [main] DEBUG edu.lu.uni.serval.tbar.AbstractFixer - Patch Candidate:
@@ -75,8 +75,7 @@ public class URLValidator extends FieldValidatorSupport {
-                    "@)?(#?" +
-                    ")((([a-z0-9]\\.|[a-z0-9][a-z0-9-]*[a-z0-9]\\.)*" +
+                    "@)?(#?" - ")((([a-z0-9]\\.|[a-z0-9][a-z0-9-]*[a-z0-9]\\.)*" +
2022-10-17 08:01:25.484 [main] DEBUG edu.lu.uni.serval.tbar.AbstractFixer - Compiling
2022-10-17 08:01:26.628 [main] DEBUG edu.lu.uni.serval.tbar.AbstractFixer - BuggyProject ---Fixer: fix fail because of failed compiling! 
2022-10-17 08:01:26.649 [main] DEBUG edu.lu.uni.serval.tbar.AbstractFixer - Patch Candidate:
@@ -76,8 +76,7 @@ public class URLValidator extends FieldValidatorSupport {
-                    ")((([a-z0-9]\\.|[a-z0-9][a-z0-9-]*[a-z0-9]\\.)*" +
-                    "[a-z][a-z0-9-]*[a-z0-9]" +
+                    ")((([a-z0-9]\\.|[a-z0-9][a-z0-9-]*[a-z0-9]\\.)*" - "[a-z][a-z0-9-]*[a-z0-9]" +
2022-10-17 08:01:26.649 [main] DEBUG edu.lu.uni.serval.tbar.AbstractFixer - Compiling
2022-10-17 08:01:27.883 [main] DEBUG edu.lu.uni.serval.tbar.AbstractFixer - BuggyProject ---Fixer: fix fail because of failed compiling! 
2022-10-17 08:01:27.900 [main] DEBUG edu.lu.uni.serval.tbar.AbstractFixer - Patch Candidate:
@@ -77,8 +77,7 @@ public class URLValidator extends FieldValidatorSupport {
-                    "[a-z][a-z0-9-]*[a-z0-9]" +
-                    "|((\\d|[1-9]\\d|1\\d{2}|2[0-4][0-9]|25[0-5])\\.){3}" +
+                    "[a-z][a-z0-9-]*[a-z0-9]" - "|((\\d|[1-9]\\d|1\\d{2}|2[0-4][0-9]|25[0-5])\\.){3}" +
2022-10-17 08:01:27.900 [main] DEBUG edu.lu.uni.serval.tbar.AbstractFixer - Compiling
2022-10-17 08:01:29.032 [main] DEBUG edu.lu.uni.serval.tbar.AbstractFixer - BuggyProject ---Fixer: fix fail because of failed compiling! 
2022-10-17 08:01:29.049 [main] DEBUG edu.lu.uni.serval.tbar.AbstractFixer - Patch Candidate:
@@ -78,8 +78,7 @@ public class URLValidator extends FieldValidatorSupport {
-                    "|((\\d|[1-9]\\d|1\\d{2}|2[0-4][0-9]|25[0-5])\\.){3}" +
-                    "(\\d|[1-9]\\d|1\\d{2}|2[0-4][0-9]|25[0-5])" +
+                    "|((\\d|[1-9]\\d|1\\d{2}|2[0-4][0-9]|25[0-5])\\.){3}" - "(\\d|[1-9]\\d|1\\d{2}|2[0-4][0-9]|25[0-5])" +
2022-10-17 08:01:29.049 [main] DEBUG edu.lu.uni.serval.tbar.AbstractFixer - Compiling
2022-10-17 08:01:30.092 [main] DEBUG edu.lu.uni.serval.tbar.AbstractFixer - BuggyProject ---Fixer: fix fail because of failed compiling! 
2022-10-17 08:01:30.110 [main] DEBUG edu.lu.uni.serval.tbar.AbstractFixer - Patch Candidate:
@@ -79,8 +79,7 @@ public class URLValidator extends FieldValidatorSupport {
-                    "(\\d|[1-9]\\d|1\\d{2}|2[0-4][0-9]|25[0-5])" +
-                    ")(:\\d+)?" +
+                    "(\\d|[1-9]\\d|1\\d{2}|2[0-4][0-9]|25[0-5])" - ")(:\\d+)?" +
2022-10-17 08:01:30.110 [main] DEBUG edu.lu.uni.serval.tbar.AbstractFixer - Compiling
2022-10-17 08:01:31.090 [main] DEBUG edu.lu.uni.serval.tbar.AbstractFixer - BuggyProject ---Fixer: fix fail because of failed compiling! 
2022-10-17 08:01:31.106 [main] DEBUG edu.lu.uni.serval.tbar.AbstractFixer - Patch Candidate:
@@ -80,8 +80,7 @@ public class URLValidator extends FieldValidatorSupport {
-                    ")(:\\d+)?" +
-                    ")(((\\/+([a-z0-9$_\\.\\+!\\*\\'\\(\\),;:@&=-]|%[0-9a-f]{2})*)*" +
+                    ")(:\\d+)?" - ")(((\\/+([a-z0-9$_\\.\\+!\\*\\'\\(\\),;:@&=-]|%[0-9a-f]{2})*)*" +
2022-10-17 08:01:31.106 [main] DEBUG edu.lu.uni.serval.tbar.AbstractFixer - Compiling
2022-10-17 08:01:32.128 [main] DEBUG edu.lu.uni.serval.tbar.AbstractFixer - BuggyProject ---Fixer: fix fail because of failed compiling! 
2022-10-17 08:01:32.144 [main] DEBUG edu.lu.uni.serval.tbar.AbstractFixer - Patch Candidate:
@@ -81,8 +81,7 @@ public class URLValidator extends FieldValidatorSupport {
-                    ")(((\\/+([a-z0-9$_\\.\\+!\\*\\'\\(\\),;:@&=-]|%[0-9a-f]{2})*)*" +
-                    "(\\?([a-z0-9$_\\.\\+!\\*\\'\\(\\),;:@&=-]|%[0-9a-f]{2})*)" +
+                    ")(((\\/+([a-z0-9$_\\.\\+!\\*\\'\\(\\),;:@&=-]|%[0-9a-f]{2})*)*" - "(\\?([a-z0-9$_\\.\\+!\\*\\'\\(\\),;:@&=-]|%[0-9a-f]{2})*)" +
2022-10-17 08:01:32.144 [main] DEBUG edu.lu.uni.serval.tbar.AbstractFixer - Compiling
2022-10-17 08:01:33.220 [main] DEBUG edu.lu.uni.serval.tbar.AbstractFixer - BuggyProject ---Fixer: fix fail because of failed compiling! 
2022-10-17 08:01:33.236 [main] DEBUG edu.lu.uni.serval.tbar.AbstractFixer - Patch Candidate:
@@ -82,8 +82,7 @@ public class URLValidator extends FieldValidatorSupport {
-                    "(\\?([a-z0-9$_\\.\\+!\\*\\'\\(\\),;:@&=-]|%[0-9a-f]{2})*)" +
-                    "?)?)?" +
+                    "(\\?([a-z0-9$_\\.\\+!\\*\\'\\(\\),;:@&=-]|%[0-9a-f]{2})*)" - "?)?)?" +
2022-10-17 08:01:33.236 [main] DEBUG edu.lu.uni.serval.tbar.AbstractFixer - Compiling
2022-10-17 08:01:34.294 [main] DEBUG edu.lu.uni.serval.tbar.AbstractFixer - BuggyProject ---Fixer: fix fail because of failed compiling! 
2022-10-17 08:01:34.311 [main] DEBUG edu.lu.uni.serval.tbar.AbstractFixer - Patch Candidate:
@@ -83,8 +83,7 @@ public class URLValidator extends FieldValidatorSupport {
-                    "?)?)?" +
-                    "(#([a-z0-9$_\\.\\+!\\*\\'\\(\\),;:@&=-]|%[0-9a-f]{2})*)?" +
+                    "?)?)?" - "(#([a-z0-9$_\\.\\+!\\*\\'\\(\\),;:@&=-]|%[0-9a-f]{2})*)?" +
2022-10-17 08:01:34.311 [main] DEBUG edu.lu.uni.serval.tbar.AbstractFixer - Compiling
2022-10-17 08:01:35.409 [main] DEBUG edu.lu.uni.serval.tbar.AbstractFixer - BuggyProject ---Fixer: fix fail because of failed compiling! 
2022-10-17 08:01:35.432 [main] DEBUG edu.lu.uni.serval.tbar.AbstractFixer - Patch Candidate:
@@ -84,8 +84,7 @@ public class URLValidator extends FieldValidatorSupport {
-                    "(#([a-z0-9$_\\.\\+!\\*\\'\\(\\),;:@&=-]|%[0-9a-f]{2})*)?" +
-                    "$";
+                    "(#([a-z0-9$_\\.\\+!\\*\\'\\(\\),;:@&=-]|%[0-9a-f]{2})*)?" - "$";
2022-10-17 08:01:35.432 [main] DEBUG edu.lu.uni.serval.tbar.AbstractFixer - Compiling
2022-10-17 08:01:36.482 [main] DEBUG edu.lu.uni.serval.tbar.AbstractFixer - BuggyProject ---Fixer: fix fail because of failed compiling! 
2022-10-17 08:01:36.622 [main] DEBUG edu.lu.uni.serval.tbar.AbstractFixer - Patch Candidate:
@@ -60,34 +60,7 @@ public class URLValidator extends FieldValidatorSupport {
-    /**
-     * This is used to support client-side validation, it's based on
-     * http://stackoverflow.com/questions/161738/what-is-the-best-regular-expression-to-check-if-a-string-is-a-valid-url
-     *
-     * @return regex to validate URLs
-     */
-    public String getUrlRegex() {
-        if (StringUtils.isNotEmpty(urlRegexExpression)) {
-            return (String) parse(urlRegexExpression, String.class);
-        } else if (StringUtils.isNotEmpty(urlRegex)) {
-            return urlRegex;
-        } else {
-            return "^(https?|ftp):\\/\\/" +
-                    "(([a-z0-9$_\\.\\+!\\*\\'\\(\\),;\\?&=-]|%[0-9a-f]{2})+" +
-                    "(:([a-z0-9$_\\.\\+!\\*\\'\\(\\),;\\?&=-]|%[0-9a-f]{2})+)?" +
-                    "@)?(#?" +
-                    ")((([a-z0-9]\\.|[a-z0-9][a-z0-9-]*[a-z0-9]\\.)*" +
-                    "[a-z][a-z0-9-]*[a-z0-9]" +
-                    "|((\\d|[1-9]\\d|1\\d{2}|2[0-4][0-9]|25[0-5])\\.){3}" +
-                    "(\\d|[1-9]\\d|1\\d{2}|2[0-4][0-9]|25[0-5])" +
-                    ")(:\\d+)?" +
-                    ")(((\\/+([a-z0-9$_\\.\\+!\\*\\'\\(\\),;:@&=-]|%[0-9a-f]{2})*)*" +
-                    "(\\?([a-z0-9$_\\.\\+!\\*\\'\\(\\),;:@&=-]|%[0-9a-f]{2})*)" +
-                    "?)?)?" +
-                    "(#([a-z0-9$_\\.\\+!\\*\\'\\(\\),;:@&=-]|%[0-9a-f]{2})*)?" +
-                    "$";
-        }
-    }
+
2022-10-17 08:01:36.622 [main] DEBUG edu.lu.uni.serval.tbar.AbstractFixer - Compiling
2022-10-17 08:01:37.664 [main] DEBUG edu.lu.uni.serval.tbar.AbstractFixer - BuggyProject ---Fixer: fix fail because of failed compiling! 
2022-10-17 08:01:37.700 [main] INFO  edu.lu.uni.serval.tbar.TBarFixer - =======StaticBugFixer: Finish off fixing======
Failed to fix bug


Node: 2c8178711f7b



Date: Mon Oct 17 08:01:37 EDT 2022

