cd /workdir/jMutRepair_vul4j_apache_sling_VUL4J-24;
export JAVA_TOOL_OPTIONS="-Dfile.encoding=UTF8 -Duser.language=en-US -Duser.country=US -Duser.language=en";
TZ="America/New_York"; export TZ;
export PATH="/usr/lib/jvm/java-8-openjdk-amd64/bin:$PATH";
export JAVA_HOME="/usr/lib/jvm/java-8-openjdk-amd64/bin";
time java -Xmx4g -Xms1g -XX:MaxPermSize=512m -cp /script/../libs/jtestex7.jar:/script/../repair_tools/astor.jar fr.inria.main.evolution.AstorMain \
	-mode jMutRepair \
	-location . \
	-id apache_sling-VUL4J-24 \
	-failing org.apache.sling.xss.impl.XSSAPIImplTest#testGetValidXML \
	-jvm4testexecution /usr/lib/jvm/java-8-openjdk-amd64/bin \
	-jvm4evosuitetestexecution /usr/lib/jvm/java-8-openjdk-amd64/bin \
	-maxgen 1000000 \
	-maxtime 120 \
	-stopfirst true \
	-seed 0 \
	-scope local \
	-population 1 \
	-javacompliancelevel 8 \
	-faultlocalization perfect \
    -perfectdata /script/../data/benchmarks/vul4j/perfectfl/VUL4J-24 \
    -validation externalcmd \
    -testfailingcmd "mvn test -pl bundles/extensions/xss -Dtest=org.apache.sling.xss.impl.XSSAPIImplTest#testGetValidXML -Dhttps.protocols=TLSv1.2 -Denforcer.skip=true -Dcheckstyle.skip=true -Dcobertura.skip=true -DskipITs=true -Drat.skip=true -Dlicense.skip=true -Dpmd.skip=true -Dfindbugs.skip=true -Dgpg.skip=true -Dskip.npm=true -Dskip.gulp=true -Dskip.bower=true -Danimal.sniffer.skip=true -V -B" \
    -testallcmd "mvn test -pl bundles/extensions/xss -Dhttps.protocols=TLSv1.2 -Denforcer.skip=true -Dcheckstyle.skip=true -Dcobertura.skip=true -DskipITs=true -Drat.skip=true -Dlicense.skip=true -Dpmd.skip=true -Dfindbugs.skip=true -Dgpg.skip=true -Dskip.npm=true -Dskip.gulp=true -Dskip.bower=true -Danimal.sniffer.skip=true -V -B"  \ \
	-srcjavafolder bundles/extensions/xss/src/main/java \
	-srctestfolder bundles/extensions/xss/src/test/java \
	-binjavafolder bundles/extensions/xss/target/classes \
	-bintestfolder bundles/extensions/xss/target/test-classes \
	-parameters x:x \
	-dependencies /workdir/jMutRepair_vul4j_apache_sling_VUL4J-24/bundles/extensions/xss/target/classes:/root/.m2/repository/javax/servlet/servlet-api/2.4/servlet-api-2.4.jar:/root/.m2/repository/commons-configuration/commons-configuration/1.5/commons-configuration-1.5.jar:/root/.m2/repository/commons-lang/commons-lang/2.3/commons-lang-2.3.jar:/root/.m2/repository/org/javassist/javassist/3.18.2-GA/javassist-3.18.2-GA.jar:/root/.m2/repository/com/google/code/findbugs/jsr305/2.0.0/jsr305-2.0.0.jar:/root/.m2/repository/org/owasp/esapi/esapi/2.1.0/esapi-2.1.0.jar:/root/.m2/repository/org/beanshell/bsh-core/2.0b4/bsh-core-2.0b4.jar:/root/.m2/repository/commons-beanutils/commons-beanutils-core/1.7.0/commons-beanutils-core-1.7.0.jar:/root/.m2/repository/xom/xom/1.2.5/xom-1.2.5.jar:/root/.m2/repository/org/hamcrest/hamcrest-core/1.3/hamcrest-core-1.3.jar:/root/.m2/repository/xerces/xercesImpl/2.9.1/xercesImpl-2.9.1.jar:/root/.m2/repository/org/apache/sling/org.apache.sling.api/2.2.0/org.apache.sling.api-2.2.0.jar:/root/.m2/repository/batik/batik-css/1.6/batik-css-1.6.jar:/root/.m2/repository/net/sourceforge/nekohtml/nekohtml/1.9.16/nekohtml-1.9.16.jar:/root/.m2/repository/org/objenesis/objenesis/2.1/objenesis-2.1.jar:/root/.m2/repository/commons-logging/commons-logging/1.0.4/commons-logging-1.0.4.jar:/root/.m2/repository/xml-apis/xml-apis-ext/1.3.04/xml-apis-ext-1.3.04.jar:/root/.m2/repository/commons-digester/commons-digester/1.8/commons-digester-1.8.jar:/root/.m2/repository/org/osgi/org.osgi.core/4.1.0/org.osgi.core-4.1.0.jar:/root/.m2/repository/commons-httpclient/commons-httpclient/3.1/commons-httpclient-3.1.jar:/root/.m2/repository/batik/batik-util/1.6/batik-util-1.6.jar:/root/.m2/repository/org/osgi/org.osgi.compendium/4.1.0/org.osgi.compendium-4.1.0.jar:/root/.m2/repository/org/slf4j/slf4j-api/1.5.2/slf4j-api-1.5.2.jar:/root/.m2/repository/biz/aQute/bndlib/1.50.0/bndlib-1.50.0.jar:/root/.m2/repository/org/powermock/powermock-api-support/1.5.5/powermock-api-support-1.5.5.jar:/root/.m2/repository/log4j/log4j/1.2.16/log4j-1.2.16.jar:/root/.m2/repository/org/owasp/encoder/encoder/1.1.1/encoder-1.1.1.jar:/root/.m2/repository/commons-collections/commons-collections/3.2/commons-collections-3.2.jar:/root/.m2/repository/org/apache/felix/org.apache.felix.scr.annotations/1.9.12/org.apache.felix.scr.annotations-1.9.12.jar:/root/.m2/repository/org/powermock/powermock-api-mockito/1.5.5/powermock-api-mockito-1.5.5.jar:/root/.m2/repository/commons-codec/commons-codec/1.2/commons-codec-1.2.jar:/root/.m2/repository/org/apache/sling/org.apache.sling.commons.json/2.0.6/org.apache.sling.commons.json-2.0.6.jar:/root/.m2/repository/xalan/xalan/2.7.0/xalan-2.7.0.jar:/root/.m2/repository/org/powermock/powermock-core/1.5.5/powermock-core-1.5.5.jar:/root/.m2/repository/commons-fileupload/commons-fileupload/1.2/commons-fileupload-1.2.jar:/root/.m2/repository/org/mockito/mockito-all/1.8.4/mockito-all-1.8.4.jar:/root/.m2/repository/commons-beanutils/commons-beanutils/1.7.0/commons-beanutils-1.7.0.jar:/root/.m2/repository/org/owasp/antisamy/antisamy/1.5.2/antisamy-1.5.2.jar:/root/.m2/repository/batik/batik-gui-util/1.6/batik-gui-util-1.6.jar:/root/.m2/repository/xml-apis/xml-apis/1.3.03/xml-apis-1.3.03.jar:/root/.m2/repository/batik/batik-ext/1.6/batik-ext-1.6.jar:/root/.m2/repository/junit/junit/4.12/junit-4.12.jar:/root/.m2/repository/org/powermock/powermock-reflect/1.5.5/powermock-reflect-1.5.5.jar:/root/.m2/repository/org/slf4j/slf4j-simple/1.5.2/slf4j-simple-1.5.2.jar;
	echo "\n\nNode: `hostname`\n";
	echo "\n\nDate: `date`\n";
Picked up JAVA_TOOL_OPTIONS: -Dfile.encoding=UTF8 -Duser.language=en-US -Duser.country=US -Duser.language=en
OpenJDK 64-Bit Server VM warning: ignoring option MaxPermSize=512m; support was removed in 8.0
[0] INFO ProjectConfiguration - Version of the JVM used: 1.8.0_342
[1] INFO main - Java version of the JDK used to run tests: 1.8.0_342
[1] INFO main - The compliance of the JVM is:  8
[4] INFO main - command line arguments: [-mode  jMutRepair  -location  .  -id  apache_sling-VUL4J-24  -failing  org.apache.sling.xss.impl.XSSAPIImplTest#testGetValidXML  -jvm4testexecution  /usr/lib/jvm/java-8-openjdk-amd64/bin  -jvm4evosuitetestexecution  /usr/lib/jvm/java-8-openjdk-amd64/bin  -maxgen  1000000  -maxtime  120  -stopfirst  true  -seed  0  -scope  local  -population  1  -javacompliancelevel  8  -faultlocalization  perfect  -perfectdata  /script/../data/benchmarks/vul4j/perfectfl/VUL4J-24  -validation  externalcmd  -testfailingcmd  mvn test -pl bundles/extensions/xss -Dtest=org.apache.sling.xss.impl.XSSAPIImplTest#testGetValidXML -Dhttps.protocols=TLSv1.2 -Denforcer.skip=true -Dcheckstyle.skip=true -Dcobertura.skip=true -DskipITs=true -Drat.skip=true -Dlicense.skip=true -Dpmd.skip=true -Dfindbugs.skip=true -Dgpg.skip=true -Dskip.npm=true -Dskip.gulp=true -Dskip.bower=true -Danimal.sniffer.skip=true -V -B  -testallcmd  mvn test -pl bundles/extensions/xss -Dhttps.protocols=TLSv1.2 -Denforcer.skip=true -Dcheckstyle.skip=true -Dcobertura.skip=true -DskipITs=true -Drat.skip=true -Dlicense.skip=true -Dpmd.skip=true -Dfindbugs.skip=true -Dgpg.skip=true -Dskip.npm=true -Dskip.gulp=true -Dskip.bower=true -Danimal.sniffer.skip=true -V -B     -srcjavafolder  bundles/extensions/xss/src/main/java  -srctestfolder  bundles/extensions/xss/src/test/java  -binjavafolder  bundles/extensions/xss/target/classes  -bintestfolder  bundles/extensions/xss/target/test-classes  -parameters  x:x  -dependencies  /workdir/jMutRepair_vul4j_apache_sling_VUL4J-24/bundles/extensions/xss/target/classes:/root/.m2/repository/javax/servlet/servlet-api/2.4/servlet-api-2.4.jar:/root/.m2/repository/commons-configuration/commons-configuration/1.5/commons-configuration-1.5.jar:/root/.m2/repository/commons-lang/commons-lang/2.3/commons-lang-2.3.jar:/root/.m2/repository/org/javassist/javassist/3.18.2-GA/javassist-3.18.2-GA.jar:/root/.m2/repository/com/google/code/findbugs/jsr305/2.0.0/jsr305-2.0.0.jar:/root/.m2/repository/org/owasp/esapi/esapi/2.1.0/esapi-2.1.0.jar:/root/.m2/repository/org/beanshell/bsh-core/2.0b4/bsh-core-2.0b4.jar:/root/.m2/repository/commons-beanutils/commons-beanutils-core/1.7.0/commons-beanutils-core-1.7.0.jar:/root/.m2/repository/xom/xom/1.2.5/xom-1.2.5.jar:/root/.m2/repository/org/hamcrest/hamcrest-core/1.3/hamcrest-core-1.3.jar:/root/.m2/repository/xerces/xercesImpl/2.9.1/xercesImpl-2.9.1.jar:/root/.m2/repository/org/apache/sling/org.apache.sling.api/2.2.0/org.apache.sling.api-2.2.0.jar:/root/.m2/repository/batik/batik-css/1.6/batik-css-1.6.jar:/root/.m2/repository/net/sourceforge/nekohtml/nekohtml/1.9.16/nekohtml-1.9.16.jar:/root/.m2/repository/org/objenesis/objenesis/2.1/objenesis-2.1.jar:/root/.m2/repository/commons-logging/commons-logging/1.0.4/commons-logging-1.0.4.jar:/root/.m2/repository/xml-apis/xml-apis-ext/1.3.04/xml-apis-ext-1.3.04.jar:/root/.m2/repository/commons-digester/commons-digester/1.8/commons-digester-1.8.jar:/root/.m2/repository/org/osgi/org.osgi.core/4.1.0/org.osgi.core-4.1.0.jar:/root/.m2/repository/commons-httpclient/commons-httpclient/3.1/commons-httpclient-3.1.jar:/root/.m2/repository/batik/batik-util/1.6/batik-util-1.6.jar:/root/.m2/repository/org/osgi/org.osgi.compendium/4.1.0/org.osgi.compendium-4.1.0.jar:/root/.m2/repository/org/slf4j/slf4j-api/1.5.2/slf4j-api-1.5.2.jar:/root/.m2/repository/biz/aQute/bndlib/1.50.0/bndlib-1.50.0.jar:/root/.m2/repository/org/powermock/powermock-api-support/1.5.5/powermock-api-support-1.5.5.jar:/root/.m2/repository/log4j/log4j/1.2.16/log4j-1.2.16.jar:/root/.m2/repository/org/owasp/encoder/encoder/1.1.1/encoder-1.1.1.jar:/root/.m2/repository/commons-collections/commons-collections/3.2/commons-collections-3.2.jar:/root/.m2/repository/org/apache/felix/org.apache.felix.scr.annotations/1.9.12/org.apache.felix.scr.annotations-1.9.12.jar:/root/.m2/repository/org/powermock/powermock-api-mockito/1.5.5/powermock-api-mockito-1.5.5.jar:/root/.m2/repository/commons-codec/commons-codec/1.2/commons-codec-1.2.jar:/root/.m2/repository/org/apache/sling/org.apache.sling.commons.json/2.0.6/org.apache.sling.commons.json-2.0.6.jar:/root/.m2/repository/xalan/xalan/2.7.0/xalan-2.7.0.jar:/root/.m2/repository/org/powermock/powermock-core/1.5.5/powermock-core-1.5.5.jar:/root/.m2/repository/commons-fileupload/commons-fileupload/1.2/commons-fileupload-1.2.jar:/root/.m2/repository/org/mockito/mockito-all/1.8.4/mockito-all-1.8.4.jar:/root/.m2/repository/commons-beanutils/commons-beanutils/1.7.0/commons-beanutils-1.7.0.jar:/root/.m2/repository/org/owasp/antisamy/antisamy/1.5.2/antisamy-1.5.2.jar:/root/.m2/repository/batik/batik-gui-util/1.6/batik-gui-util-1.6.jar:/root/.m2/repository/xml-apis/xml-apis/1.3.03/xml-apis-1.3.03.jar:/root/.m2/repository/batik/batik-ext/1.6/batik-ext-1.6.jar:/root/.m2/repository/junit/junit/4.12/junit-4.12.jar:/root/.m2/repository/org/powermock/powermock-reflect/1.5.5/powermock-reflect-1.5.5.jar:/root/.m2/repository/org/slf4j/slf4j-simple/1.5.2/slf4j-simple-1.5.2.jar]
[6] INFO AstorMain - Running Astor on a JDK at /usr/lib/jvm/java-8-openjdk-amd64/jre
[30] INFO main - Source folders: [/workdir/jMutRepair_vul4j_apache_sling_VUL4J-24/./bundles/extensions/xss/src/main/java]
[31] INFO main - Source Test folders: [/workdir/jMutRepair_vul4j_apache_sling_VUL4J-24/./bundles/extensions/xss/src/test/java]
[1055] INFO AstorCoreEngine - ---- Creating spoon model
[1104] INFO MutationSupporter - Creating model,  Code location from working folder: /workdir/jMutRepair_vul4j_apache_sling_VUL4J-24/./bundles/extensions/xss/src/main/java
[1104] INFO MutationSupporter - building model: /workdir/jMutRepair_vul4j_apache_sling_VUL4J-24/./bundles/extensions/xss/src/main/java, compliance level: 8
[1151] INFO MutationSupporter - Classpath (Dependencies) for building SpoonModel: [/workdir/jMutRepair_vul4j_apache_sling_VUL4J-24/bundles/extensions/xss/target/classes/, /root/.m2/repository/javax/servlet/servlet-api/2.4/servlet-api-2.4.jar, /root/.m2/repository/commons-configuration/commons-configuration/1.5/commons-configuration-1.5.jar, /root/.m2/repository/commons-lang/commons-lang/2.3/commons-lang-2.3.jar, /root/.m2/repository/org/javassist/javassist/3.18.2-GA/javassist-3.18.2-GA.jar, /root/.m2/repository/com/google/code/findbugs/jsr305/2.0.0/jsr305-2.0.0.jar, /root/.m2/repository/org/owasp/esapi/esapi/2.1.0/esapi-2.1.0.jar, /root/.m2/repository/org/beanshell/bsh-core/2.0b4/bsh-core-2.0b4.jar, /root/.m2/repository/commons-beanutils/commons-beanutils-core/1.7.0/commons-beanutils-core-1.7.0.jar, /root/.m2/repository/xom/xom/1.2.5/xom-1.2.5.jar, /root/.m2/repository/org/hamcrest/hamcrest-core/1.3/hamcrest-core-1.3.jar, /root/.m2/repository/xerces/xercesImpl/2.9.1/xercesImpl-2.9.1.jar, /root/.m2/repository/org/apache/sling/org.apache.sling.api/2.2.0/org.apache.sling.api-2.2.0.jar, /root/.m2/repository/batik/batik-css/1.6/batik-css-1.6.jar, /root/.m2/repository/net/sourceforge/nekohtml/nekohtml/1.9.16/nekohtml-1.9.16.jar, /root/.m2/repository/org/objenesis/objenesis/2.1/objenesis-2.1.jar, /root/.m2/repository/commons-logging/commons-logging/1.0.4/commons-logging-1.0.4.jar, /root/.m2/repository/xml-apis/xml-apis-ext/1.3.04/xml-apis-ext-1.3.04.jar, /root/.m2/repository/commons-digester/commons-digester/1.8/commons-digester-1.8.jar, /root/.m2/repository/org/osgi/org.osgi.core/4.1.0/org.osgi.core-4.1.0.jar, /root/.m2/repository/commons-httpclient/commons-httpclient/3.1/commons-httpclient-3.1.jar, /root/.m2/repository/batik/batik-util/1.6/batik-util-1.6.jar, /root/.m2/repository/org/osgi/org.osgi.compendium/4.1.0/org.osgi.compendium-4.1.0.jar, /root/.m2/repository/org/slf4j/slf4j-api/1.5.2/slf4j-api-1.5.2.jar, /root/.m2/repository/biz/aQute/bndlib/1.50.0/bndlib-1.50.0.jar, /root/.m2/repository/org/powermock/powermock-api-support/1.5.5/powermock-api-support-1.5.5.jar, /root/.m2/repository/log4j/log4j/1.2.16/log4j-1.2.16.jar, /root/.m2/repository/org/owasp/encoder/encoder/1.1.1/encoder-1.1.1.jar, /root/.m2/repository/commons-collections/commons-collections/3.2/commons-collections-3.2.jar, /root/.m2/repository/org/apache/felix/org.apache.felix.scr.annotations/1.9.12/org.apache.felix.scr.annotations-1.9.12.jar, /root/.m2/repository/org/powermock/powermock-api-mockito/1.5.5/powermock-api-mockito-1.5.5.jar, /root/.m2/repository/commons-codec/commons-codec/1.2/commons-codec-1.2.jar, /root/.m2/repository/org/apache/sling/org.apache.sling.commons.json/2.0.6/org.apache.sling.commons.json-2.0.6.jar, /root/.m2/repository/xalan/xalan/2.7.0/xalan-2.7.0.jar, /root/.m2/repository/org/powermock/powermock-core/1.5.5/powermock-core-1.5.5.jar, /root/.m2/repository/commons-fileupload/commons-fileupload/1.2/commons-fileupload-1.2.jar, /root/.m2/repository/org/mockito/mockito-all/1.8.4/mockito-all-1.8.4.jar, /root/.m2/repository/commons-beanutils/commons-beanutils/1.7.0/commons-beanutils-1.7.0.jar, /root/.m2/repository/org/owasp/antisamy/antisamy/1.5.2/antisamy-1.5.2.jar, /root/.m2/repository/batik/batik-gui-util/1.6/batik-gui-util-1.6.jar, /root/.m2/repository/xml-apis/xml-apis/1.3.03/xml-apis-1.3.03.jar, /root/.m2/repository/batik/batik-ext/1.6/batik-ext-1.6.jar, /root/.m2/repository/junit/junit/4.12/junit-4.12.jar, /root/.m2/repository/org/powermock/powermock-reflect/1.5.5/powermock-reflect-1.5.5.jar, /root/.m2/repository/org/slf4j/slf4j-simple/1.5.2/slf4j-simple-1.5.2.jar]
[7848] INFO AstorCoreEngine - Number of CtTypes created: 12
[7941] INFO AstorCoreEngine - Test retrieved from classes: 0
[8175] INFO AstorCoreEngine - Setting up the max to 2340 milliseconds (2 sec)
[8175] INFO AstorCoreEngine - ---- Initial suspicious size: 2
[8701] INFO main - Total suspicious from FL: 2,  0
[8701] INFO main - Total ModPoint created: 0
[8701] INFO main - Creating program variant #1, [Variant id: 1, #gens: 0, #ops: 0, parent:-]
[8701] ERROR AstorCoreEngine - [warning] Any modification point in variant
[8701] ERROR AstorCoreEngine - Variant with any gen
[8701] WARN ConfigurationProperties - ----------------------------
[8701] INFO ConfigurationProperties - ---Configuration properties
[8702] INFO ConfigurationProperties - p:lastJUnitVersion= ./examples/libs/junit-4.11.jar
[8702] INFO ConfigurationProperties - p:alternativecompliancelevel= 8
[8702] INFO ConfigurationProperties - p:ignoredTestCases= 
[8702] INFO ConfigurationProperties - p:workingDirectory= /workdir/jMutRepair_vul4j_apache_sling_VUL4J-24/./output_astor
[8703] INFO ConfigurationProperties - p:manipulatesuper= false
[8703] INFO ConfigurationProperties - p:validation= externalcmd
[8703] INFO ConfigurationProperties - p:jvm4testexecution= /usr/lib/jvm/java-8-openjdk-amd64/bin
[8703] INFO ConfigurationProperties - p:operatorspace= mutationspace
[8703] INFO ConfigurationProperties - p:diffcontext= 0
[8703] INFO ConfigurationProperties - p:binjavafolder= bundles/extensions/xss/target/classes
[8703] INFO ConfigurationProperties - p:synthesis_depth= 3
[8703] INFO ConfigurationProperties - p:gzoltartestpackagetoexclude= junit.framework
[8704] INFO ConfigurationProperties - p:skipfitnessinitialpopulation= false
[8704] INFO ConfigurationProperties - p:evosuiteresultfolder= evosuite
[8704] INFO ConfigurationProperties - p:flthreshold= 0.1
[8704] INFO ConfigurationProperties - p:regressionforfaultlocalization= true
[8704] INFO ConfigurationProperties - p:collectonlyusedmethod= false
[8704] INFO ConfigurationProperties - p:preservelinenumbers= true
[8704] INFO ConfigurationProperties - p:tmax2= 2340
[8704] INFO ConfigurationProperties - p:tmax1= 10000
[8706] INFO ConfigurationProperties - p:probagenmutation= false
[8706] INFO ConfigurationProperties - p:nomodificationconvergence= 100
[8706] INFO ConfigurationProperties - p:diff_type= relative
[8707] INFO ConfigurationProperties - p:targetelementprocessor= if-conditions:return-op-mutation
[8707] INFO ConfigurationProperties - p:srctestfolder= bundles/extensions/xss/src/test/java
[8707] INFO ConfigurationProperties - p:forceExecuteRegression= false
[8707] INFO ConfigurationProperties - p:clusteringfilename= clustering.csv
[8708] INFO ConfigurationProperties - p:failing= org.apache.sling.xss.impl.XSSAPIImplTest#testGetValidXML
[8708] INFO ConfigurationProperties - p:logtestexecution= false
[8711] INFO ConfigurationProperties - p:evo_buggy_class= true
[8711] INFO ConfigurationProperties - p:numberExecutions= 1
[8711] INFO ConfigurationProperties - p:maxnumbersolutions= 1000000
[8711] INFO ConfigurationProperties - p:evo_affected_by_op= true
[8711] INFO ConfigurationProperties - p:population= 1
[8711] INFO ConfigurationProperties - p:considerzerovaluesusp= false
[8711] INFO ConfigurationProperties - p:maxCombinationVariableLimit= false
[8711] INFO ConfigurationProperties - p:savesolution= true
[8711] INFO ConfigurationProperties - p:javacompliancelevel= 8
[8711] INFO ConfigurationProperties - p:x= x
[8711] INFO ConfigurationProperties - p:uniqueoptogen= false
[8712] INFO ConfigurationProperties - p:gzoltarpackagetonotinstrument= junit.framework
[8712] INFO ConfigurationProperties - p:projectIdentifier= apache_sling-VUL4J-24
[8713] INFO ConfigurationProperties - p:modificationpointnavigation= weight
[8713] INFO ConfigurationProperties - p:stopfirst= true
[8713] INFO ConfigurationProperties - p:multipointmodification= false
[8713] INFO ConfigurationProperties - p:elementsToMutate= 10
[8713] INFO ConfigurationProperties - p:jsonoutputname= astor_output
[8713] INFO ConfigurationProperties - p:evoDSE= false
[8713] INFO ConfigurationProperties - p:bintestfolder= bundles/extensions/xss/target/test-classes
[8713] INFO ConfigurationProperties - p:testbystep= false
[8713] INFO ConfigurationProperties - p:version-location= ./math-version/
[8713] INFO ConfigurationProperties - p:reintroduce= PARENTS:ORIGINAL
[8713] INFO ConfigurationProperties - p:perfectdata= /script/../data/benchmarks/vul4j/perfectfl/VUL4J-24
[8713] INFO ConfigurationProperties - p:executorjar= ./lib/jtestex7.jar
[8713] INFO ConfigurationProperties - p:maxGeneration= 1000000
[8714] INFO ConfigurationProperties - p:max_synthesis_step= 10000
[8714] INFO ConfigurationProperties - p:projectinfocommand= com.github.tdurieux:project-config-maven-plugin:info
[8714] INFO ConfigurationProperties - p:maxVarCombination= 1000
[8714] INFO ConfigurationProperties - p:maxtime= 120
[8714] INFO ConfigurationProperties - p:evosuitejar= ./lib/evosuite-master-1.0.4-SNAPSHOT.jar
[8714] INFO ConfigurationProperties - p:jvmversion= 1.8.0_342
[8714] INFO ConfigurationProperties - p:commandTrunk= 50000
[8714] INFO ConfigurationProperties - p:faultlocalization= perfect
[8714] INFO ConfigurationProperties - p:resetmodel= true
[8714] INFO ConfigurationProperties - p:maxsuspcandidates= 1000
[8714] INFO ConfigurationProperties - p:mode= jMutRepair
[8714] INFO ConfigurationProperties - p:learningdir= 
[8714] INFO ConfigurationProperties - p:jvm4evosuitetestexecution= /usr/lib/jvm/java-8-openjdk-amd64/bin
[8714] INFO ConfigurationProperties - p:filterfaultlocalization= true
[8714] INFO ConfigurationProperties - p:mutationrate= 1 
[8714] INFO ConfigurationProperties - p:pathToMVNRepository= 
[8714] INFO ConfigurationProperties - p:resourcesfolder= /src/main/resources:/src/test/resources:
[8714] INFO ConfigurationProperties - p:timezone= America/Los_Angeles
[8714] INFO ConfigurationProperties - p:runjava7code= false
[8715] INFO ConfigurationProperties - p:testfailingcmd= mvn test -pl bundles/extensions/xss -Dtest=org.apache.sling.xss.impl.XSSAPIImplTest#testGetValidXML -Dhttps.protocols=TLSv1.2 -Denforcer.skip=true -Dcheckstyle.skip=true -Dcobertura.skip=true -DskipITs=true -Drat.skip=true -Dlicense.skip=true -Dpmd.skip=true -Dfindbugs.skip=true -Dgpg.skip=true -Dskip.npm=true -Dskip.gulp=true -Dskip.bower=true -Danimal.sniffer.skip=true -V -B
[8715] INFO ConfigurationProperties - p:evoRunOnBuggyClass= true
[8715] INFO ConfigurationProperties - p:compiler= fr.inria.astor.core.manipulation.bytecode.compiler.SpoonClassCompiler
[8715] INFO ConfigurationProperties - p:limitbysuspicious= true
[8715] INFO ConfigurationProperties - p:logsattemps= true
[8715] INFO ConfigurationProperties - p:dependenciespath= /workdir/jMutRepair_vul4j_apache_sling_VUL4J-24/bundles/extensions/xss/target/classes:/root/.m2/repository/javax/servlet/servlet-api/2.4/servlet-api-2.4.jar:/root/.m2/repository/commons-configuration/commons-configuration/1.5/commons-configuration-1.5.jar:/root/.m2/repository/commons-lang/commons-lang/2.3/commons-lang-2.3.jar:/root/.m2/repository/org/javassist/javassist/3.18.2-GA/javassist-3.18.2-GA.jar:/root/.m2/repository/com/google/code/findbugs/jsr305/2.0.0/jsr305-2.0.0.jar:/root/.m2/repository/org/owasp/esapi/esapi/2.1.0/esapi-2.1.0.jar:/root/.m2/repository/org/beanshell/bsh-core/2.0b4/bsh-core-2.0b4.jar:/root/.m2/repository/commons-beanutils/commons-beanutils-core/1.7.0/commons-beanutils-core-1.7.0.jar:/root/.m2/repository/xom/xom/1.2.5/xom-1.2.5.jar:/root/.m2/repository/org/hamcrest/hamcrest-core/1.3/hamcrest-core-1.3.jar:/root/.m2/repository/xerces/xercesImpl/2.9.1/xercesImpl-2.9.1.jar:/root/.m2/repository/org/apache/sling/org.apache.sling.api/2.2.0/org.apache.sling.api-2.2.0.jar:/root/.m2/repository/batik/batik-css/1.6/batik-css-1.6.jar:/root/.m2/repository/net/sourceforge/nekohtml/nekohtml/1.9.16/nekohtml-1.9.16.jar:/root/.m2/repository/org/objenesis/objenesis/2.1/objenesis-2.1.jar:/root/.m2/repository/commons-logging/commons-logging/1.0.4/commons-logging-1.0.4.jar:/root/.m2/repository/xml-apis/xml-apis-ext/1.3.04/xml-apis-ext-1.3.04.jar:/root/.m2/repository/commons-digester/commons-digester/1.8/commons-digester-1.8.jar:/root/.m2/repository/org/osgi/org.osgi.core/4.1.0/org.osgi.core-4.1.0.jar:/root/.m2/repository/commons-httpclient/commons-httpclient/3.1/commons-httpclient-3.1.jar:/root/.m2/repository/batik/batik-util/1.6/batik-util-1.6.jar:/root/.m2/repository/org/osgi/org.osgi.compendium/4.1.0/org.osgi.compendium-4.1.0.jar:/root/.m2/repository/org/slf4j/slf4j-api/1.5.2/slf4j-api-1.5.2.jar:/root/.m2/repository/biz/aQute/bndlib/1.50.0/bndlib-1.50.0.jar:/root/.m2/repository/org/powermock/powermock-api-support/1.5.5/powermock-api-support-1.5.5.jar:/root/.m2/repository/log4j/log4j/1.2.16/log4j-1.2.16.jar:/root/.m2/repository/org/owasp/encoder/encoder/1.1.1/encoder-1.1.1.jar:/root/.m2/repository/commons-collections/commons-collections/3.2/commons-collections-3.2.jar:/root/.m2/repository/org/apache/felix/org.apache.felix.scr.annotations/1.9.12/org.apache.felix.scr.annotations-1.9.12.jar:/root/.m2/repository/org/powermock/powermock-api-mockito/1.5.5/powermock-api-mockito-1.5.5.jar:/root/.m2/repository/commons-codec/commons-codec/1.2/commons-codec-1.2.jar:/root/.m2/repository/org/apache/sling/org.apache.sling.commons.json/2.0.6/org.apache.sling.commons.json-2.0.6.jar:/root/.m2/repository/xalan/xalan/2.7.0/xalan-2.7.0.jar:/root/.m2/repository/org/powermock/powermock-core/1.5.5/powermock-core-1.5.5.jar:/root/.m2/repository/commons-fileupload/commons-fileupload/1.2/commons-fileupload-1.2.jar:/root/.m2/repository/org/mockito/mockito-all/1.8.4/mockito-all-1.8.4.jar:/root/.m2/repository/commons-beanutils/commons-beanutils/1.7.0/commons-beanutils-1.7.0.jar:/root/.m2/repository/org/owasp/antisamy/antisamy/1.5.2/antisamy-1.5.2.jar:/root/.m2/repository/batik/batik-gui-util/1.6/batik-gui-util-1.6.jar:/root/.m2/repository/xml-apis/xml-apis/1.3.03/xml-apis-1.3.03.jar:/root/.m2/repository/batik/batik-ext/1.6/batik-ext-1.6.jar:/root/.m2/repository/junit/junit/4.12/junit-4.12.jar:/root/.m2/repository/org/powermock/powermock-reflect/1.5.5/powermock-reflect-1.5.5.jar:/root/.m2/repository/org/slf4j/slf4j-simple/1.5.2/slf4j-simple-1.5.2.jar
[8715] INFO ConfigurationProperties - p:packageToInstrument= 
[8715] INFO ConfigurationProperties - p:skipfaultlocalization= false
[8715] INFO ConfigurationProperties - p:scope= local
[8715] INFO ConfigurationProperties - p:transformingredient= false
[8715] INFO ConfigurationProperties - p:fitnessfunction= fr.inria.astor.core.solutionsearch.population.TestCaseFitnessFunction
[8715] INFO ConfigurationProperties - p:maxnumvariablesperingredient= 10
[8715] INFO ConfigurationProperties - p:parsesourcefromoriginal= true
[8715] INFO ConfigurationProperties - p:pvariantfoldername= variant-
[8715] INFO ConfigurationProperties - p:savespoonmodelondisk= false
[8716] INFO ConfigurationProperties - p:srcjavafolder= bundles/extensions/xss/src/main/java
[8716] INFO ConfigurationProperties - p:populationcontroller= fr.inria.astor.core.solutionsearch.population.TestCaseBasedFitnessPopulationController
[8716] INFO ConfigurationProperties - p:ignoreflakyinfl= false
[8716] INFO ConfigurationProperties - p:cleantemplates= true
[8716] INFO ConfigurationProperties - p:applyCrossover= false
[8716] INFO ConfigurationProperties - p:maxmodificationpoints= 1000
[8716] INFO ConfigurationProperties - p:duplicateingredientsinspace= false
[8716] INFO ConfigurationProperties - p:metid= 0
[8716] INFO ConfigurationProperties - p:continuewhenmodelfail= true
[8716] INFO ConfigurationProperties - p:saveall= false
[8716] INFO ConfigurationProperties - p:seed= 0
[8716] INFO ConfigurationProperties - p:savecompletepatched= true
[8716] INFO ConfigurationProperties - p:resetoperations= false
[8716] INFO ConfigurationProperties - p:keepcomments= false
[8716] INFO ConfigurationProperties - p:processoutputinfile= false
[8716] INFO ConfigurationProperties - p:location= .
[8716] INFO ConfigurationProperties - p:probabilistictransformation= true
[8716] INFO ConfigurationProperties - p:overridemaxtime= true
[8717] INFO ConfigurationProperties - p:outputjsonresult= true
[8717] INFO ConfigurationProperties - p:allpoints= false
[8717] INFO ConfigurationProperties - p:antipattern= false
[8717] INFO ConfigurationProperties - p:bugId= 280
[8717] INFO ConfigurationProperties - p:evosuitetimeout= 120
[8717] INFO ConfigurationProperties - p:maxtimefactor= 10
[8717] INFO ConfigurationProperties - p:nrPlaceholders= 1
[8717] INFO ConfigurationProperties - p:testallcmd= mvn test -pl bundles/extensions/xss -Dhttps.protocols=TLSv1.2 -Denforcer.skip=true -Dcheckstyle.skip=true -Dcobertura.skip=true -DskipITs=true -Drat.skip=true -Dlicense.skip=true -Dpmd.skip=true -Dfindbugs.skip=true -Dgpg.skip=true -Dskip.npm=true -Dskip.gulp=true -Dskip.bower=true -Danimal.sniffer.skip=true -V -B
[8717] INFO ConfigurationProperties - p:forcesubprocesskilling= false
[8717] INFO ConfigurationProperties - ----------------------------
[8720] INFO AstorCoreEngine - Time Repair Loop (s): 0.001
[8721] INFO AstorCoreEngine - generationsexecuted: 1
[8721] WARN AstorCoreEngine - ----SUMMARY_EXECUTION---
[8721] WARN AstorCoreEngine - End Repair Search: NOT Found solution
[8721] WARN AstorCoreEngine - Number suspicious:1
[8722] INFO AstorCoreEngine - 
 --SOLUTIONS DESCRIPTION--


Astor Output:

General stats:
EXECUTION_IDENTIFIER=apache_sling-VUL4J-24
TOTAL_TIME=0.001
NR_GENERATIONS=null
NR_RIGHT_COMPILATIONS=null
NR_FAILLING_COMPILATIONS=null
NR_ERRONEOUS_VARIANCES=null
NR_FAILING_VALIDATION_PROCESS=null
OUTPUT_STATUS=EXHAUSTIVE_NAVIGATED

Patch stats:

[8747] INFO Stats - Storing ing JSON at /workdir/jMutRepair_vul4j_apache_sling_VUL4J-24/./output_astor/AstorMain-apache_sling-VUL4J-24//astor_output.json
[8747] INFO Stats - astor_output:
{"general":{"NR_RIGHT_COMPILATIONS":null,"NR_ERRONEOUS_VARIANCES":null,"EXECUTION_IDENTIFIER":"apache_sling-VUL4J-24","OUTPUT_STATUS":"EXHAUSTIVE_NAVIGATED","NR_FAILLING_COMPILATIONS":null,"NR_GENERATIONS":null,"TOTAL_TIME":0.001,"NR_FAILING_VALIDATION_PROCESS":null},"patches":[]}
[8747] INFO AstorMain - Time Total(s): 8.738
8.18user 1.43system 0:10.75elapsed 89%CPU (0avgtext+0avgdata 268152maxresident)k
24inputs+1152outputs (0major+72497minor)pagefaults 0swaps


Node: 9670332cfea8



Date: Fri Sep  9 06:33:39 EDT 2022

