cd /workdir/jMutRepair_vul4j_x-stream_xstream_VUL4J-78;
export JAVA_TOOL_OPTIONS="-Dfile.encoding=UTF8 -Duser.language=en-US -Duser.country=US -Duser.language=en";
TZ="America/New_York"; export TZ;
export PATH="/usr/lib/jvm/java-8-openjdk-amd64/bin:$PATH";
export JAVA_HOME="/usr/lib/jvm/java-8-openjdk-amd64/bin";
time java -Xmx4g -Xms1g -XX:MaxPermSize=512m -cp /script/../libs/jtestex7.jar:/script/../repair_tools/astor.jar fr.inria.main.evolution.AstorMain \
	-mode jMutRepair \
	-location . \
	-id x-stream_xstream-VUL4J-78 \
	-failing com.thoughtworks.acceptance.SecurityVulnerabilityTest#testCannotInjectEventHandlerWithUnconfiguredSecurityFramework \
	-jvm4testexecution /usr/lib/jvm/jdk1.7.0_80/bin \
	-jvm4evosuitetestexecution /usr/lib/jvm/jdk1.7.0_80/bin \
	-maxgen 1000000 \
	-maxtime 120 \
	-stopfirst true \
	-seed 0 \
	-scope local \
	-population 1 \
	-javacompliancelevel 7 \
	-faultlocalization perfect \
    -perfectdata /script/../data/benchmarks/vul4j/perfectfl/VUL4J-78 \
    -validation externalcmd \
    -testfailingcmd "mvn test -pl xstream -Dtest=com.thoughtworks.acceptance.SecurityVulnerabilityTest -Dhttps.protocols=TLSv1.2 -Denforcer.skip=true -Dcheckstyle.skip=true -Dcobertura.skip=true -DskipITs=true -Drat.skip=true -Dlicense.skip=true -Dpmd.skip=true -Dfindbugs.skip=true -Dgpg.skip=true -Dskip.npm=true -Dskip.gulp=true -Dskip.bower=true -Danimal.sniffer.skip=true -V -B" \
    -testallcmd "mvn test -pl xstream -Dhttps.protocols=TLSv1.2 -Denforcer.skip=true -Dcheckstyle.skip=true -Dcobertura.skip=true -DskipITs=true -Drat.skip=true -Dlicense.skip=true -Dpmd.skip=true -Dfindbugs.skip=true -Dgpg.skip=true -Dskip.npm=true -Dskip.gulp=true -Dskip.bower=true -Danimal.sniffer.skip=true -V -B"  \ \
	-srcjavafolder xstream/src/java \
	-srctestfolder xstream/src/test \
	-binjavafolder xstream/target/classes \
	-bintestfolder xstream/target/test-classes \
	-parameters x:x \
	-dependencies /root/.m2/repository/dom4j/dom4j/1.6.1/dom4j-1.6.1.jar:/root/.m2/repository/xmlpull/xmlpull/1.1.3.1/xmlpull-1.1.3.1.jar:/root/.m2/repository/stax/stax-api/1.0.1/stax-api-1.0.1.jar:/root/.m2/repository/cglib/cglib-nodep/2.2/cglib-nodep-2.2.jar:/root/.m2/repository/org/jdom/jdom2/2.0.5/jdom2-2.0.5.jar:/root/.m2/repository/org/codehaus/woodstox/wstx-asl/3.2.7/wstx-asl-3.2.7.jar:/root/.m2/repository/org/json/json/20080701/json-20080701.jar:/root/.m2/repository/org/jdom/jdom/1.1.3/jdom-1.1.3.jar:/root/.m2/repository/javax/activation/activation/1.1.1/activation-1.1.1.jar:/root/.m2/repository/stax/stax/1.2.0/stax-1.2.0.jar:/root/.m2/repository/junit/junit/3.8.1/junit-3.8.1.jar:/root/.m2/repository/com/megginson/sax/xml-writer/0.2/xml-writer-0.2.jar:/root/.m2/repository/commons-lang/commons-lang/2.4/commons-lang-2.4.jar:/root/.m2/repository/xpp3/xpp3_min/1.1.4c/xpp3_min-1.1.4c.jar:/root/.m2/repository/org/codehaus/jettison/jettison/1.2/jettison-1.2.jar:/root/.m2/repository/net/sf/kxml/kxml2/2.3.0/kxml2-2.3.0.jar:/root/.m2/repository/jmock/jmock/1.0.1/jmock-1.0.1.jar:/root/.m2/repository/joda-time/joda-time/1.6/joda-time-1.6.jar:/root/.m2/repository/oro/oro/2.0.8/oro-2.0.8.jar:/root/.m2/repository/xom/xom/1.1/xom-1.1.jar:/root/.m2/repository/net/sf/kxml/kxml2-min/2.3.0/kxml2-min-2.3.0.jar;
	echo "\n\nNode: `hostname`\n";
	echo "\n\nDate: `date`\n";
Picked up JAVA_TOOL_OPTIONS: -Dfile.encoding=UTF8 -Duser.language=en-US -Duser.country=US -Duser.language=en
OpenJDK 64-Bit Server VM warning: ignoring option MaxPermSize=512m; support was removed in 8.0
[0] INFO ProjectConfiguration - Version of the JVM used: 1.7.0_80
[1] INFO main - Java version of the JDK used to run tests: 1.7.0_80
[1] INFO main - The compliance of the JVM is:  7
[5] INFO main - command line arguments: [-mode  jMutRepair  -location  .  -id  x-stream_xstream-VUL4J-78  -failing  com.thoughtworks.acceptance.SecurityVulnerabilityTest#testCannotInjectEventHandlerWithUnconfiguredSecurityFramework  -jvm4testexecution  /usr/lib/jvm/jdk1.7.0_80/bin  -jvm4evosuitetestexecution  /usr/lib/jvm/jdk1.7.0_80/bin  -maxgen  1000000  -maxtime  120  -stopfirst  true  -seed  0  -scope  local  -population  1  -javacompliancelevel  7  -faultlocalization  perfect  -perfectdata  /script/../data/benchmarks/vul4j/perfectfl/VUL4J-78  -validation  externalcmd  -testfailingcmd  mvn test -pl xstream -Dtest=com.thoughtworks.acceptance.SecurityVulnerabilityTest -Dhttps.protocols=TLSv1.2 -Denforcer.skip=true -Dcheckstyle.skip=true -Dcobertura.skip=true -DskipITs=true -Drat.skip=true -Dlicense.skip=true -Dpmd.skip=true -Dfindbugs.skip=true -Dgpg.skip=true -Dskip.npm=true -Dskip.gulp=true -Dskip.bower=true -Danimal.sniffer.skip=true -V -B  -testallcmd  mvn test -pl xstream -Dhttps.protocols=TLSv1.2 -Denforcer.skip=true -Dcheckstyle.skip=true -Dcobertura.skip=true -DskipITs=true -Drat.skip=true -Dlicense.skip=true -Dpmd.skip=true -Dfindbugs.skip=true -Dgpg.skip=true -Dskip.npm=true -Dskip.gulp=true -Dskip.bower=true -Danimal.sniffer.skip=true -V -B     -srcjavafolder  xstream/src/java  -srctestfolder  xstream/src/test  -binjavafolder  xstream/target/classes  -bintestfolder  xstream/target/test-classes  -parameters  x:x  -dependencies  /root/.m2/repository/dom4j/dom4j/1.6.1/dom4j-1.6.1.jar:/root/.m2/repository/xmlpull/xmlpull/1.1.3.1/xmlpull-1.1.3.1.jar:/root/.m2/repository/stax/stax-api/1.0.1/stax-api-1.0.1.jar:/root/.m2/repository/cglib/cglib-nodep/2.2/cglib-nodep-2.2.jar:/root/.m2/repository/org/jdom/jdom2/2.0.5/jdom2-2.0.5.jar:/root/.m2/repository/org/codehaus/woodstox/wstx-asl/3.2.7/wstx-asl-3.2.7.jar:/root/.m2/repository/org/json/json/20080701/json-20080701.jar:/root/.m2/repository/org/jdom/jdom/1.1.3/jdom-1.1.3.jar:/root/.m2/repository/javax/activation/activation/1.1.1/activation-1.1.1.jar:/root/.m2/repository/stax/stax/1.2.0/stax-1.2.0.jar:/root/.m2/repository/junit/junit/3.8.1/junit-3.8.1.jar:/root/.m2/repository/com/megginson/sax/xml-writer/0.2/xml-writer-0.2.jar:/root/.m2/repository/commons-lang/commons-lang/2.4/commons-lang-2.4.jar:/root/.m2/repository/xpp3/xpp3_min/1.1.4c/xpp3_min-1.1.4c.jar:/root/.m2/repository/org/codehaus/jettison/jettison/1.2/jettison-1.2.jar:/root/.m2/repository/net/sf/kxml/kxml2/2.3.0/kxml2-2.3.0.jar:/root/.m2/repository/jmock/jmock/1.0.1/jmock-1.0.1.jar:/root/.m2/repository/joda-time/joda-time/1.6/joda-time-1.6.jar:/root/.m2/repository/oro/oro/2.0.8/oro-2.0.8.jar:/root/.m2/repository/xom/xom/1.1/xom-1.1.jar:/root/.m2/repository/net/sf/kxml/kxml2-min/2.3.0/kxml2-min-2.3.0.jar]
[8] INFO AstorMain - Running Astor on a JDK at /usr/lib/jvm/java-8-openjdk-amd64/jre
[24] INFO main - Source folders: [/workdir/jMutRepair_vul4j_x-stream_xstream_VUL4J-78/./xstream/src/java]
[24] INFO main - Source Test folders: [/workdir/jMutRepair_vul4j_x-stream_xstream_VUL4J-78/./xstream/src/test]
[3381] INFO AstorCoreEngine - ---- Creating spoon model
[3454] INFO MutationSupporter - Creating model,  Code location from working folder: /workdir/jMutRepair_vul4j_x-stream_xstream_VUL4J-78/./xstream/src/java
[3454] INFO MutationSupporter - building model: /workdir/jMutRepair_vul4j_x-stream_xstream_VUL4J-78/./xstream/src/java, compliance level: 7
[3659] INFO MutationSupporter - Classpath (Dependencies) for building SpoonModel: [/root/.m2/repository/dom4j/dom4j/1.6.1/dom4j-1.6.1.jar, /root/.m2/repository/xmlpull/xmlpull/1.1.3.1/xmlpull-1.1.3.1.jar, /root/.m2/repository/stax/stax-api/1.0.1/stax-api-1.0.1.jar, /root/.m2/repository/cglib/cglib-nodep/2.2/cglib-nodep-2.2.jar, /root/.m2/repository/org/jdom/jdom2/2.0.5/jdom2-2.0.5.jar, /root/.m2/repository/org/codehaus/woodstox/wstx-asl/3.2.7/wstx-asl-3.2.7.jar, /root/.m2/repository/org/json/json/20080701/json-20080701.jar, /root/.m2/repository/org/jdom/jdom/1.1.3/jdom-1.1.3.jar, /root/.m2/repository/javax/activation/activation/1.1.1/activation-1.1.1.jar, /root/.m2/repository/stax/stax/1.2.0/stax-1.2.0.jar, /root/.m2/repository/junit/junit/3.8.1/junit-3.8.1.jar, /root/.m2/repository/com/megginson/sax/xml-writer/0.2/xml-writer-0.2.jar, /root/.m2/repository/commons-lang/commons-lang/2.4/commons-lang-2.4.jar, /root/.m2/repository/xpp3/xpp3_min/1.1.4c/xpp3_min-1.1.4c.jar, /root/.m2/repository/org/codehaus/jettison/jettison/1.2/jettison-1.2.jar, /root/.m2/repository/net/sf/kxml/kxml2/2.3.0/kxml2-2.3.0.jar, /root/.m2/repository/jmock/jmock/1.0.1/jmock-1.0.1.jar, /root/.m2/repository/joda-time/joda-time/1.6/joda-time-1.6.jar, /root/.m2/repository/oro/oro/2.0.8/oro-2.0.8.jar, /root/.m2/repository/xom/xom/1.1/xom-1.1.jar, /root/.m2/repository/net/sf/kxml/kxml2-min/2.3.0/kxml2-min-2.3.0.jar]
[22407] ERROR MutationSupporter - Problem compiling the model with compliance level 7
[22408] ERROR MutationSupporter - Method references are allowed only at source level 1.8 or above at /workdir/jMutRepair_vul4j_x-stream_xstream_VUL4J-78/xstream/src/java/com/thoughtworks/xstream/core/util/ISO8601JavaTimeConverter.java:137
spoon.compiler.ModelBuildingException: Method references are allowed only at source level 1.8 or above at /workdir/jMutRepair_vul4j_x-stream_xstream_VUL4J-78/xstream/src/java/com/thoughtworks/xstream/core/util/ISO8601JavaTimeConverter.java:137
	at spoon.support.compiler.jdt.JDTBasedSpoonCompiler.report(JDTBasedSpoonCompiler.java:649)
	at spoon.support.compiler.jdt.JDTBasedSpoonCompiler.reportProblems(JDTBasedSpoonCompiler.java:631)
	at spoon.support.compiler.jdt.JDTBasedSpoonCompiler.build(JDTBasedSpoonCompiler.java:118)
	at spoon.support.compiler.jdt.JDTBasedSpoonCompiler.build(JDTBasedSpoonCompiler.java:99)
	at fr.inria.astor.core.manipulation.MutationSupporter.buildModel(MutationSupporter.java:85)
	at fr.inria.astor.core.manipulation.MutationSupporter.buildSpoonModel(MutationSupporter.java:240)
	at fr.inria.astor.core.solutionsearch.AstorCoreEngine.initModel(AstorCoreEngine.java:775)
	at fr.inria.main.evolution.AstorMain.createEngine(AstorMain.java:113)
	at fr.inria.main.evolution.AstorMain.run(AstorMain.java:173)
	at fr.inria.main.evolution.AstorMain.execute(AstorMain.java:233)
	at fr.inria.main.evolution.AstorMain.main(AstorMain.java:204)
[22409] INFO MutationSupporter - Recompiling with compliance level 8
[22410] INFO MutationSupporter - building model: /workdir/jMutRepair_vul4j_x-stream_xstream_VUL4J-78/./xstream/src/java, compliance level: 8
[22643] INFO MutationSupporter - Classpath (Dependencies) for building SpoonModel: [/root/.m2/repository/dom4j/dom4j/1.6.1/dom4j-1.6.1.jar, /root/.m2/repository/xmlpull/xmlpull/1.1.3.1/xmlpull-1.1.3.1.jar, /root/.m2/repository/stax/stax-api/1.0.1/stax-api-1.0.1.jar, /root/.m2/repository/cglib/cglib-nodep/2.2/cglib-nodep-2.2.jar, /root/.m2/repository/org/jdom/jdom2/2.0.5/jdom2-2.0.5.jar, /root/.m2/repository/org/codehaus/woodstox/wstx-asl/3.2.7/wstx-asl-3.2.7.jar, /root/.m2/repository/org/json/json/20080701/json-20080701.jar, /root/.m2/repository/org/jdom/jdom/1.1.3/jdom-1.1.3.jar, /root/.m2/repository/javax/activation/activation/1.1.1/activation-1.1.1.jar, /root/.m2/repository/stax/stax/1.2.0/stax-1.2.0.jar, /root/.m2/repository/junit/junit/3.8.1/junit-3.8.1.jar, /root/.m2/repository/com/megginson/sax/xml-writer/0.2/xml-writer-0.2.jar, /root/.m2/repository/commons-lang/commons-lang/2.4/commons-lang-2.4.jar, /root/.m2/repository/xpp3/xpp3_min/1.1.4c/xpp3_min-1.1.4c.jar, /root/.m2/repository/org/codehaus/jettison/jettison/1.2/jettison-1.2.jar, /root/.m2/repository/net/sf/kxml/kxml2/2.3.0/kxml2-2.3.0.jar, /root/.m2/repository/jmock/jmock/1.0.1/jmock-1.0.1.jar, /root/.m2/repository/joda-time/joda-time/1.6/joda-time-1.6.jar, /root/.m2/repository/oro/oro/2.0.8/oro-2.0.8.jar, /root/.m2/repository/xom/xom/1.1/xom-1.1.jar, /root/.m2/repository/net/sf/kxml/kxml2-min/2.3.0/kxml2-min-2.3.0.jar]
[30952] INFO AstorCoreEngine - Number of CtTypes created: 354
[31582] INFO AstorCoreEngine - Test retrieved from classes: 0
[31769] INFO AstorCoreEngine - Setting up the max to 1880 milliseconds (1 sec)
[31769] INFO AstorCoreEngine - ---- Initial suspicious size: 7
[33645] INFO main - Total suspicious from FL: 7,  3
[33645] INFO main - Total ModPoint created: 3
[33645] INFO main - Creating program variant #1, [Variant id: 1, #gens: 3, #ops: 0, parent:-]
[33645] INFO main - Run previously failing tests...
[58386] INFO main - Failed tests: 1
[58388] INFO AstorCoreEngine - The original fitness is : 1.0
[58388] WARN ConfigurationProperties - ----------------------------
[58388] INFO ConfigurationProperties - ---Configuration properties
[58389] INFO ConfigurationProperties - p:lastJUnitVersion= ./examples/libs/junit-4.11.jar
[58389] INFO ConfigurationProperties - p:alternativecompliancelevel= 8
[58389] INFO ConfigurationProperties - p:ignoredTestCases= 
[58389] INFO ConfigurationProperties - p:workingDirectory= /workdir/jMutRepair_vul4j_x-stream_xstream_VUL4J-78/./output_astor
[58389] INFO ConfigurationProperties - p:manipulatesuper= false
[58389] INFO ConfigurationProperties - p:validation= externalcmd
[58389] INFO ConfigurationProperties - p:jvm4testexecution= /usr/lib/jvm/jdk1.7.0_80/bin
[58389] INFO ConfigurationProperties - p:operatorspace= mutationspace
[58389] INFO ConfigurationProperties - p:diffcontext= 0
[58389] INFO ConfigurationProperties - p:binjavafolder= xstream/target/classes
[58389] INFO ConfigurationProperties - p:synthesis_depth= 3
[58389] INFO ConfigurationProperties - p:gzoltartestpackagetoexclude= junit.framework
[58389] INFO ConfigurationProperties - p:skipfitnessinitialpopulation= false
[58390] INFO ConfigurationProperties - p:evosuiteresultfolder= evosuite
[58390] INFO ConfigurationProperties - p:flthreshold= 0.1
[58390] INFO ConfigurationProperties - p:regressionforfaultlocalization= true
[58390] INFO ConfigurationProperties - p:collectonlyusedmethod= false
[58390] INFO ConfigurationProperties - p:preservelinenumbers= true
[58390] INFO ConfigurationProperties - p:tmax2= 1880
[58390] INFO ConfigurationProperties - p:tmax1= 10000
[58390] INFO ConfigurationProperties - p:probagenmutation= false
[58390] INFO ConfigurationProperties - p:nomodificationconvergence= 100
[58390] INFO ConfigurationProperties - p:diff_type= relative
[58390] INFO ConfigurationProperties - p:targetelementprocessor= if-conditions:return-op-mutation
[58390] INFO ConfigurationProperties - p:srctestfolder= xstream/src/test
[58390] INFO ConfigurationProperties - p:forceExecuteRegression= false
[58390] INFO ConfigurationProperties - p:clusteringfilename= clustering.csv
[58390] INFO ConfigurationProperties - p:failing= com.thoughtworks.acceptance.SecurityVulnerabilityTest#testCannotInjectEventHandlerWithUnconfiguredSecurityFramework
[58391] INFO ConfigurationProperties - p:logtestexecution= false
[58391] INFO ConfigurationProperties - p:evo_buggy_class= true
[58391] INFO ConfigurationProperties - p:numberExecutions= 1
[58391] INFO ConfigurationProperties - p:maxnumbersolutions= 1000000
[58391] INFO ConfigurationProperties - p:evo_affected_by_op= true
[58391] INFO ConfigurationProperties - p:population= 1
[58391] INFO ConfigurationProperties - p:considerzerovaluesusp= false
[58391] INFO ConfigurationProperties - p:maxCombinationVariableLimit= false
[58391] INFO ConfigurationProperties - p:savesolution= true
[58391] INFO ConfigurationProperties - p:javacompliancelevel= 7
[58391] INFO ConfigurationProperties - p:x= x
[58391] INFO ConfigurationProperties - p:uniqueoptogen= false
[58391] INFO ConfigurationProperties - p:gzoltarpackagetonotinstrument= junit.framework
[58391] INFO ConfigurationProperties - p:projectIdentifier= x-stream_xstream-VUL4J-78
[58391] INFO ConfigurationProperties - p:modificationpointnavigation= weight
[58391] INFO ConfigurationProperties - p:stopfirst= true
[58391] INFO ConfigurationProperties - p:multipointmodification= false
[58391] INFO ConfigurationProperties - p:elementsToMutate= 10
[58392] INFO ConfigurationProperties - p:jsonoutputname= astor_output
[58392] INFO ConfigurationProperties - p:evoDSE= false
[58392] INFO ConfigurationProperties - p:bintestfolder= xstream/target/test-classes
[58392] INFO ConfigurationProperties - p:testbystep= false
[58392] INFO ConfigurationProperties - p:version-location= ./math-version/
[58392] INFO ConfigurationProperties - p:reintroduce= PARENTS:ORIGINAL
[58392] INFO ConfigurationProperties - p:perfectdata= /script/../data/benchmarks/vul4j/perfectfl/VUL4J-78
[58392] INFO ConfigurationProperties - p:executorjar= ./lib/jtestex7.jar
[58392] INFO ConfigurationProperties - p:maxGeneration= 1000000
[58392] INFO ConfigurationProperties - p:max_synthesis_step= 10000
[58392] INFO ConfigurationProperties - p:projectinfocommand= com.github.tdurieux:project-config-maven-plugin:info
[58392] INFO ConfigurationProperties - p:maxVarCombination= 1000
[58392] INFO ConfigurationProperties - p:maxtime= 120
[58392] INFO ConfigurationProperties - p:evosuitejar= ./lib/evosuite-master-1.0.4-SNAPSHOT.jar
[58392] INFO ConfigurationProperties - p:jvmversion= 1.7.0_80
[58392] INFO ConfigurationProperties - p:commandTrunk= 50000
[58392] INFO ConfigurationProperties - p:faultlocalization= perfect
[58392] INFO ConfigurationProperties - p:resetmodel= true
[58392] INFO ConfigurationProperties - p:maxsuspcandidates= 1000
[58393] INFO ConfigurationProperties - p:mode= jMutRepair
[58393] INFO ConfigurationProperties - p:learningdir= 
[58393] INFO ConfigurationProperties - p:jvm4evosuitetestexecution= /usr/lib/jvm/jdk1.7.0_80/bin
[58393] INFO ConfigurationProperties - p:filterfaultlocalization= true
[58393] INFO ConfigurationProperties - p:mutationrate= 1 
[58393] INFO ConfigurationProperties - p:pathToMVNRepository= 
[58393] INFO ConfigurationProperties - p:resourcesfolder= /src/main/resources:/src/test/resources:
[58393] INFO ConfigurationProperties - p:timezone= America/Los_Angeles
[58393] INFO ConfigurationProperties - p:runjava7code= false
[58393] INFO ConfigurationProperties - p:testfailingcmd= mvn test -pl xstream -Dtest=com.thoughtworks.acceptance.SecurityVulnerabilityTest -Dhttps.protocols=TLSv1.2 -Denforcer.skip=true -Dcheckstyle.skip=true -Dcobertura.skip=true -DskipITs=true -Drat.skip=true -Dlicense.skip=true -Dpmd.skip=true -Dfindbugs.skip=true -Dgpg.skip=true -Dskip.npm=true -Dskip.gulp=true -Dskip.bower=true -Danimal.sniffer.skip=true -V -B
[58393] INFO ConfigurationProperties - p:evoRunOnBuggyClass= true
[58393] INFO ConfigurationProperties - p:compiler= fr.inria.astor.core.manipulation.bytecode.compiler.SpoonClassCompiler
[58393] INFO ConfigurationProperties - p:limitbysuspicious= true
[58393] INFO ConfigurationProperties - p:logsattemps= true
[58393] INFO ConfigurationProperties - p:dependenciespath= /root/.m2/repository/dom4j/dom4j/1.6.1/dom4j-1.6.1.jar:/root/.m2/repository/xmlpull/xmlpull/1.1.3.1/xmlpull-1.1.3.1.jar:/root/.m2/repository/stax/stax-api/1.0.1/stax-api-1.0.1.jar:/root/.m2/repository/cglib/cglib-nodep/2.2/cglib-nodep-2.2.jar:/root/.m2/repository/org/jdom/jdom2/2.0.5/jdom2-2.0.5.jar:/root/.m2/repository/org/codehaus/woodstox/wstx-asl/3.2.7/wstx-asl-3.2.7.jar:/root/.m2/repository/org/json/json/20080701/json-20080701.jar:/root/.m2/repository/org/jdom/jdom/1.1.3/jdom-1.1.3.jar:/root/.m2/repository/javax/activation/activation/1.1.1/activation-1.1.1.jar:/root/.m2/repository/stax/stax/1.2.0/stax-1.2.0.jar:/root/.m2/repository/junit/junit/3.8.1/junit-3.8.1.jar:/root/.m2/repository/com/megginson/sax/xml-writer/0.2/xml-writer-0.2.jar:/root/.m2/repository/commons-lang/commons-lang/2.4/commons-lang-2.4.jar:/root/.m2/repository/xpp3/xpp3_min/1.1.4c/xpp3_min-1.1.4c.jar:/root/.m2/repository/org/codehaus/jettison/jettison/1.2/jettison-1.2.jar:/root/.m2/repository/net/sf/kxml/kxml2/2.3.0/kxml2-2.3.0.jar:/root/.m2/repository/jmock/jmock/1.0.1/jmock-1.0.1.jar:/root/.m2/repository/joda-time/joda-time/1.6/joda-time-1.6.jar:/root/.m2/repository/oro/oro/2.0.8/oro-2.0.8.jar:/root/.m2/repository/xom/xom/1.1/xom-1.1.jar:/root/.m2/repository/net/sf/kxml/kxml2-min/2.3.0/kxml2-min-2.3.0.jar
[58393] INFO ConfigurationProperties - p:packageToInstrument= 
[58400] INFO ConfigurationProperties - p:skipfaultlocalization= false
[58400] INFO ConfigurationProperties - p:scope= local
[58400] INFO ConfigurationProperties - p:transformingredient= false
[58400] INFO ConfigurationProperties - p:fitnessfunction= fr.inria.astor.core.solutionsearch.population.TestCaseFitnessFunction
[58400] INFO ConfigurationProperties - p:maxnumvariablesperingredient= 10
[58400] INFO ConfigurationProperties - p:parsesourcefromoriginal= true
[58400] INFO ConfigurationProperties - p:pvariantfoldername= variant-
[58400] INFO ConfigurationProperties - p:savespoonmodelondisk= false
[58400] INFO ConfigurationProperties - p:srcjavafolder= xstream/src/java
[58400] INFO ConfigurationProperties - p:populationcontroller= fr.inria.astor.core.solutionsearch.population.TestCaseBasedFitnessPopulationController
[58400] INFO ConfigurationProperties - p:ignoreflakyinfl= false
[58401] INFO ConfigurationProperties - p:cleantemplates= true
[58401] INFO ConfigurationProperties - p:applyCrossover= false
[58401] INFO ConfigurationProperties - p:maxmodificationpoints= 1000
[58401] INFO ConfigurationProperties - p:duplicateingredientsinspace= false
[58401] INFO ConfigurationProperties - p:metid= 0
[58401] INFO ConfigurationProperties - p:continuewhenmodelfail= true
[58401] INFO ConfigurationProperties - p:saveall= false
[58401] INFO ConfigurationProperties - p:seed= 0
[58403] INFO ConfigurationProperties - p:savecompletepatched= true
[58403] INFO ConfigurationProperties - p:resetoperations= false
[58403] INFO ConfigurationProperties - p:keepcomments= false
[58403] INFO ConfigurationProperties - p:processoutputinfile= false
[58403] INFO ConfigurationProperties - p:location= .
[58403] INFO ConfigurationProperties - p:probabilistictransformation= true
[58403] INFO ConfigurationProperties - p:overridemaxtime= true
[58403] INFO ConfigurationProperties - p:outputjsonresult= true
[58403] INFO ConfigurationProperties - p:allpoints= false
[58403] INFO ConfigurationProperties - p:antipattern= false
[58404] INFO ConfigurationProperties - p:bugId= 280
[58404] INFO ConfigurationProperties - p:evosuitetimeout= 120
[58404] INFO ConfigurationProperties - p:maxtimefactor= 10
[58404] INFO ConfigurationProperties - p:nrPlaceholders= 1
[58405] INFO ConfigurationProperties - p:testallcmd= mvn test -pl xstream -Dhttps.protocols=TLSv1.2 -Denforcer.skip=true -Dcheckstyle.skip=true -Dcobertura.skip=true -DskipITs=true -Drat.skip=true -Dlicense.skip=true -Dpmd.skip=true -Dfindbugs.skip=true -Dgpg.skip=true -Dskip.npm=true -Dskip.gulp=true -Dskip.bower=true -Danimal.sniffer.skip=true -V -B
[58405] INFO ConfigurationProperties - p:forcesubprocesskilling= false
[58405] INFO ConfigurationProperties - ----------------------------
[58411] INFO AstorCoreEngine - mod_point MP=com.thoughtworks.xstream.XStream line: 714, pointed element: CtIfImpl
[58439] INFO AstorCoreEngine - -->op: OP_INSTANCE:
IfExpresionMutOp:(spoon.support.reflect.code.CtFieldReadImpl) `xstream.insecureWarning ` -topatch--> `!                                                                                                   [...]` (spoon.support.reflect.code.CtUnaryOperatorImpl) 
[63512] INFO main - Run previously failing tests...
[87860] INFO main - Failed tests: 1
[87871] INFO AstorCoreEngine - mod_point MP=com.thoughtworks.xstream.XStream line: 1482, pointed element: CtIfImpl
[87888] INFO AstorCoreEngine - -->op: OP_INSTANCE:
IfExpresionMutOp:(spoon.support.reflect.code.CtFieldReadImpl) `insecureWarning ` -topatch--> `!                                                                                                   [...]` (spoon.support.reflect.code.CtUnaryOperatorImpl) 
[89599] INFO main - Run previously failing tests...
[109721] INFO main - Failed tests: 0
[109721] INFO main - Run whole testsuite...
[156606] INFO main - Failed tests: 0
[156609] INFO AstorCoreEngine - -Found Solution, child variant #3
[156811] INFO AstorCoreEngine - Time Repair Loop (s): 98.406
[156811] INFO AstorCoreEngine - generationsexecuted: 1
[156811] WARN AstorCoreEngine - ----SUMMARY_EXECUTION---
[156811] WARN AstorCoreEngine - End Repair Search: Found solution
[156811] WARN AstorCoreEngine - Solution stored at: /workdir/jMutRepair_vul4j_x-stream_xstream_VUL4J-78/./output_astor/AstorMain-x-stream_xstream-VUL4J-78//src/
[156811] WARN AstorCoreEngine - Number solutions:1
[156811] INFO AstorCoreEngine - f (sol): 0.0, [Variant id: 3 (SOL) , #gens: 3, #ops: 1, parent:1]
[156811] WARN AstorCoreEngine - Number suspicious:1
[156972] INFO AstorCoreEngine - 
 --SOLUTIONS DESCRIPTION--

 ----
ProgramVariant 3
 
time(sec)= 29
operation: IfExpresionMutOp
location= com.thoughtworks.xstream.XStream
line= 1482
lineSuspiciousness= 1
lineSuspiciousness= 1
original statement= insecureWarning
buggy kind= CtFieldReadImpl|CtIfImpl
fixed statement= !








































































































































































































































































































































































































































































































































































































































































































































































































































































































































































































































































































































































































































































































































































































































































































































insecureWarning
Patch kind= CtUnaryOperatorImpl|CtIfImpl
generation= 1
ingredientScope= -
validation=|true|0|0|[]|
diffpatch=--- /workdir/jMutRepair_vul4j_x-stream_xstream_VUL4J-78/xstream/src/java/com/thoughtworks/xstream/XStreamjava
+++ /workdir/jMutRepair_vul4j_x-stream_xstream_VUL4J-78/xstream/src/java/com/thoughtworks/xstream/XStreamjava
@@ -753 +753 @@
-			if (insecureWarning) {
+			if (!insecureWarning) {


diffpatchoriginal=--- /workdir/jMutRepair_vul4j_x-stream_xstream_VUL4J-78/xstream/src/java/com/thoughtworks/xstream/XStreamjava
+++ /workdir/jMutRepair_vul4j_x-stream_xstream_VUL4J-78/xstream/src/java/com/thoughtworks/xstream/XStreamjava
@@ -1482 +1482 @@
-			if (insecureWarning) {
+			if (!insecureWarning) {



[156974] INFO AstorCoreEngine - Generation 1
Astor Output:

General stats:
EXECUTION_IDENTIFIER=x-stream_xstream-VUL4J-78
TOTAL_TIME=98.406
NR_GENERATIONS=null
NR_RIGHT_COMPILATIONS=2
NR_FAILLING_COMPILATIONS=null
NR_ERRONEOUS_VARIANCES=null
NR_FAILING_VALIDATION_PROCESS=null
OUTPUT_STATUS=STOP_BY_PATCH_FOUND

Patch stats:

Patch 1
VARIANT_ID=3
TIME=29
VALIDATION=|true|0|0|[]|
GENERATION=1
FOLDER_SOLUTION_CODE=/workdir/jMutRepair_vul4j_x-stream_xstream_VUL4J-78/./output_astor/AstorMain-x-stream_xstream-VUL4J-78//src//variant-3
--Patch Hunk #1
OPERATOR=IfExpresionMutOp

LOCATION=com.thoughtworks.xstream.XStream

PATH=/workdir/jMutRepair_vul4j_x-stream_xstream_VUL4J-78/xstream/src/java/com/thoughtworks/xstream/XStream.java

MODIFIED_FILE_PATH=/workdir/jMutRepair_vul4j_x-stream_xstream_VUL4J-78/./output_astor/AstorMain-x-stream_xstream-VUL4J-78//src//variant-3/com/thoughtworks/xstream/XStream.java

LINE=1482

SUSPICIOUNESS=1

MP_RANKING=1

ORIGINAL_CODE=insecureWarning

BUGGY_CODE_TYPE=CtFieldReadImpl|CtIfImpl

PATCH_HUNK_CODE=!








































































































































































































































































































































































































































































































































































































































































































































































































































































































































































































































































































































































































































































































































































































































































































































insecureWarning

PATCH_HUNK_TYPE=CtUnaryOperatorImpl|CtIfImpl

INGREDIENT_SCOPE=null

INGREDIENT_PARENT=null

PATCH_DIFF_ORIG=--- /workdir/jMutRepair_vul4j_x-stream_xstream_VUL4J-78/xstream/src/java/com/thoughtworks/xstream/XStreamjava
+++ /workdir/jMutRepair_vul4j_x-stream_xstream_VUL4J-78/xstream/src/java/com/thoughtworks/xstream/XStreamjava
@@ -1482 +1482 @@
-			if (insecureWarning) {
+			if (!insecureWarning) {



[156989] INFO Stats - Storing ing JSON at /workdir/jMutRepair_vul4j_x-stream_xstream_VUL4J-78/./output_astor/AstorMain-x-stream_xstream-VUL4J-78//astor_output.json
[156990] INFO Stats - astor_output:
{"general":{"NR_RIGHT_COMPILATIONS":2,"NR_ERRONEOUS_VARIANCES":null,"EXECUTION_IDENTIFIER":"x-stream_xstream-VUL4J-78","OUTPUT_STATUS":"STOP_BY_PATCH_FOUND","NR_FAILLING_COMPILATIONS":null,"NR_GENERATIONS":null,"TOTAL_TIME":98.406,"NR_FAILING_VALIDATION_PROCESS":null},"patches":[{"VARIANT_ID":"3","VALIDATION":"|true|0|0|[]|","patchhunks":[{"LOCATION":"com.thoughtworks.xstream.XStream","PATH":"\\\/workdir\\\/jMutRepair_vul4j_x-stream_xstream_VUL4J-78\\\/xstream\\\/src\\\/java\\\/com\\\/thoughtworks\\\/xstream\\\/XStream.java","ORIGINAL_CODE":"insecureWarning","BUGGY_CODE_TYPE":"CtFieldReadImpl|CtIfImpl","OPERATOR":"IfExpresionMutOp","MODIFIED_FILE_PATH":"\\\/workdir\\\/jMutRepair_vul4j_x-stream_xstream_VUL4J-78\\\/.\\\/output_astor\\\/AstorMain-x-stream_xstream-VUL4J-78\\\/\\\/src\\\/\\\/variant-3\\\/com\\\/thoughtworks\\\/xstream\\\/XStream.java","LINE":"1482","SUSPICIOUNESS":"1","MP_RANKING":"1","PATCH_HUNK_CODE":"!\\n\\n\\n\\n\\n\\n\\n\\n\\n\\n\\n\\n\\n\\n\\n\\n\\n\\n\\n\\n\\n\\n\\n\\n\\n\\n\\n\\n\\n\\n\\n\\n\\n\\n\\n\\n\\n\\n\\n\\n\\n\\n\\n\\n\\n\\n\\n\\n\\n\\n\\n\\n\\n\\n\\n\\n\\n\\n\\n\\n\\n\\n\\n\\n\\n\\n\\n\\n\\n\\n\\n\\n\\n\\n\\n\\n\\n\\n\\n\\n\\n\\n\\n\\n\\n\\n\\n\\n\\n\\n\\n\\n\\n\\n\\n\\n\\n\\n\\n\\n\\n\\n\\n\\n\\n\\n\\n\\n\\n\\n\\n\\n\\n\\n\\n\\n\\n\\n\\n\\n\\n\\n\\n\\n\\n\\n\\n\\n\\n\\n\\n\\n\\n\\n\\n\\n\\n\\n\\n\\n\\n\\n\\n\\n\\n\\n\\n\\n\\n\\n\\n\\n\\n\\n\\n\\n\\n\\n\\n\\n\\n\\n\\n\\n\\n\\n\\n\\n\\n\\n\\n\\n\\n\\n\\n\\n\\n\\n\\n\\n\\n\\n\\n\\n\\n\\n\\n\\n\\n\\n\\n\\n\\n\\n\\n\\n\\n\\n\\n\\n\\n\\n\\n\\n\\n\\n\\n\\n\\n\\n\\n\\n\\n\\n\\n\\n\\n\\n\\n\\n\\n\\n\\n\\n\\n\\n\\n\\n\\n\\n\\n\\n\\n\\n\\n\\n\\n\\n\\n\\n\\n\\n\\n\\n\\n\\n\\n\\n\\n\\n\\n\\n\\n\\n\\n\\n\\n\\n\\n\\n\\n\\n\\n\\n\\n\\n\\n\\n\\n\\n\\n\\n\\n\\n\\n\\n\\n\\n\\n\\n\\n\\n\\n\\n\\n\\n\\n\\n\\n\\n\\n\\n\\n\\n\\n\\n\\n\\n\\n\\n\\n\\n\\n\\n\\n\\n\\n\\n\\n\\n\\n\\n\\n\\n\\n\\n\\n\\n\\n\\n\\n\\n\\n\\n\\n\\n\\n\\n\\n\\n\\n\\n\\n\\n\\n\\n\\n\\n\\n\\n\\n\\n\\n\\n\\n\\n\\n\\n\\n\\n\\n\\n\\n\\n\\n\\n\\n\\n\\n\\n\\n\\n\\n\\n\\n\\n\\n\\n\\n\\n\\n\\n\\n\\n\\n\\n\\n\\n\\n\\n\\n\\n\\n\\n\\n\\n\\n\\n\\n\\n\\n\\n\\n\\n\\n\\n\\n\\n\\n\\n\\n\\n\\n\\n\\n\\n\\n\\n\\n\\n\\n\\n\\n\\n\\n\\n\\n\\n\\n\\n\\n\\n\\n\\n\\n\\n\\n\\n\\n\\n\\n\\n\\n\\n\\n\\n\\n\\n\\n\\n\\n\\n\\n\\n\\n\\n\\n\\n\\n\\n\\n\\n\\n\\n\\n\\n\\n\\n\\n\\n\\n\\n\\n\\n\\n\\n\\n\\n\\n\\n\\n\\n\\n\\n\\n\\n\\n\\n\\n\\n\\n\\n\\n\\n\\n\\n\\n\\n\\n\\n\\n\\n\\n\\n\\n\\n\\n\\n\\n\\n\\n\\n\\n\\n\\n\\n\\n\\n\\n\\n\\n\\n\\n\\n\\n\\n\\n\\n\\n\\n\\n\\n\\n\\n\\n\\n\\n\\n\\n\\n\\n\\n\\n\\n\\n\\n\\n\\n\\n\\n\\n\\n\\n\\n\\n\\n\\n\\n\\n\\n\\n\\n\\n\\n\\n\\n\\n\\n\\n\\n\\n\\n\\n\\n\\n\\n\\n\\n\\n\\n\\n\\n\\n\\n\\n\\n\\n\\n\\n\\n\\n\\n\\n\\n\\n\\n\\n\\n\\n\\n\\n\\n\\n\\n\\n\\n\\n\\n\\n\\n\\n\\n\\n\\n\\n\\n\\n\\n\\n\\n\\n\\n\\n\\n\\n\\n\\n\\n\\n\\n\\n\\n\\n\\n\\n\\n\\n\\n\\n\\n\\n\\n\\n\\n\\n\\n\\n\\n\\n\\n\\n\\n\\n\\n\\n\\n\\n\\n\\n\\n\\n\\n\\n\\n\\n\\n\\n\\n\\n\\n\\n\\n\\n\\n\\n\\n\\n\\n\\n\\n\\n\\n\\n\\n\\n\\n\\n\\n\\n\\n\\n\\n\\n\\n\\n\\n\\n\\n\\n\\n\\n\\n\\n\\n\\n\\n\\n\\n\\n\\n\\n\\n\\n\\n\\n\\n\\n\\n\\n\\n\\n\\n\\n\\n\\n\\n\\n\\n\\n\\n\\n\\n\\n\\n\\n\\n\\n\\n\\n\\n\\n\\n\\n\\n\\n\\n\\n\\n\\n\\n\\n\\n\\n\\n\\n\\n\\n\\n\\n\\n\\n\\n\\n\\n\\n\\n\\n\\n\\n\\n\\n\\n\\n\\n\\n\\n\\n\\n\\n\\n\\n\\n\\n\\n\\n\\n\\n\\n\\n\\n\\n\\n\\n\\n\\n\\n\\n\\n\\n\\n\\n\\n\\n\\n\\n\\n\\n\\n\\n\\n\\n\\n\\n\\n\\n\\n\\n\\n\\n\\n\\n\\n\\n\\n\\n\\n\\n\\n\\n\\n\\n\\n\\n\\n\\n\\n\\n\\n\\n\\n\\n\\n\\n\\n\\n\\n\\n\\n\\n\\n\\n\\n\\n\\n\\n\\n\\n\\n\\n\\n\\n\\n\\n\\n\\n\\n\\n\\n\\n\\n\\n\\n\\n\\n\\n\\n\\n\\n\\n\\n\\n\\n\\n\\n\\n\\n\\n\\n\\n\\n\\n\\n\\n\\n\\n\\n\\n\\n\\n\\n\\n\\n\\n\\n\\n\\n\\n\\n\\n\\n\\n\\n\\n\\n\\n\\n\\n\\n\\n\\n\\n\\n\\n\\n\\n\\n\\n\\n\\n\\n\\n\\n\\n\\n\\n\\n\\n\\n\\n\\n\\n\\n\\n\\n\\n\\n\\n\\n\\n\\n\\n\\n\\n\\n\\n\\n\\n\\n\\n\\n\\n\\n\\n\\n\\n\\n\\n\\n\\n\\n\\n\\n\\n\\n\\n\\n\\n\\n\\n\\n\\n\\n\\n\\n\\n\\n\\n\\n\\n\\n\\n\\n\\n\\n\\n\\n\\n\\n\\n\\n\\n\\n\\n\\n\\n\\n\\n\\n\\n\\n\\n\\n\\n\\n\\n\\n\\n\\n\\n\\n\\n\\n\\n\\n\\n\\n\\n\\n\\n\\n\\n\\n\\n\\n\\n\\n\\n\\n\\n\\n\\n\\n\\n\\n\\n\\n\\n\\n\\n\\n\\n\\n\\n\\n\\n\\n\\n\\n\\n\\n\\n\\n\\n\\n\\n\\n\\n\\n\\n\\n\\n\\n\\n\\n\\n\\n\\n\\n\\n\\n\\n\\n\\n\\n\\n\\n\\n\\n\\n\\n\\n\\n\\n\\n\\n\\n\\n\\n\\n\\n\\n\\n\\n\\n\\n\\n\\n\\n\\n\\n\\n\\n\\n\\n\\n\\n\\n\\n\\n\\n\\n\\n\\n\\n\\n\\n\\n\\n\\n\\n\\n\\n\\n\\n\\n\\n\\n\\n\\n\\n\\n\\n\\n\\n\\n\\n\\n\\n\\n\\n\\n\\n\\n\\n\\n\\n\\n\\n\\n\\n\\n\\n\\n\\n\\n\\n\\n\\n\\n\\n\\n\\n\\n\\n\\n\\n\\n\\n\\n\\n\\n\\n\\n\\n\\n\\n\\n\\n\\n\\n\\n\\n\\n\\n\\n\\n\\n\\n\\n\\n\\n\\n\\n\\n\\n\\n\\n\\n\\n\\n\\n\\n\\n\\n\\n\\n\\n\\n\\n\\n\\n\\n\\n\\n\\n\\n\\n\\n\\n\\n\\n\\n\\n\\n\\n\\n\\n\\n\\n\\n\\n\\n\\n\\n\\n\\n\\n\\n\\n\\n\\n\\n\\n\\n\\n\\n\\n\\n\\n\\n\\n\\n\\n\\n\\n\\n\\n\\n\\n\\n\\n\\n\\n\\n\\n\\n\\n\\n\\n\\n\\n\\n\\n\\n\\n\\n\\n\\n\\n\\n\\n\\n\\n\\n\\n\\n\\n\\n\\n\\n\\n\\n\\n\\n\\n\\n\\n\\n\\n\\n\\n\\n\\n\\n\\n\\n\\n\\n\\n\\n\\n\\n\\n\\n\\n\\n\\n\\n\\n\\n\\n\\n\\n\\n\\n\\n\\n\\n\\n\\n\\n\\n\\n\\n\\n\\n\\n\\n\\n\\n\\n\\n\\n\\n\\n\\n\\n\\n\\n\\n\\n\\n\\n\\n\\n\\n\\n\\n\\n\\n\\n\\n\\n\\n\\n\\n\\n\\n\\n\\n\\n\\n\\n\\n\\n\\n\\n\\n\\n\\n\\n\\n\\n\\n\\n\\n\\n\\n\\n\\n\\n\\n\\n\\n\\n\\n\\n\\n\\n\\n\\n\\n\\n\\n\\n\\n\\n\\n\\n\\n\\n\\n\\n\\n\\n\\n\\n\\n\\n\\n\\n\\n\\n\\n\\n\\n\\n\\n\\n\\n\\n\\n\\n\\n\\n\\n\\n\\n\\n\\n\\n\\n\\n\\n\\n\\n\\n\\n\\n\\n\\n\\n\\n\\n\\n\\n\\n\\n\\n\\n\\n\\n\\n\\n\\n\\n\\n\\n\\n\\n\\n\\n\\n\\n\\n\\n\\n\\n\\n\\n\\ninsecureWarning","PATCH_HUNK_TYPE":"CtUnaryOperatorImpl|CtIfImpl"}],"TIME":"29","GENERATION":"1","FOLDER_SOLUTION_CODE":"\\\/workdir\\\/jMutRepair_vul4j_x-stream_xstream_VUL4J-78\\\/.\\\/output_astor\\\/AstorMain-x-stream_xstream-VUL4J-78\\\/\\\/src\\\/\\\/variant-3","PATCH_DIFF_ORIG":"--- \\\/workdir\\\/jMutRepair_vul4j_x-stream_xstream_VUL4J-78\\\/xstream\\\/src\\\/java\\\/com\\\/thoughtworks\\\/xstream\\\/XStreamjava\\n+++ \\\/workdir\\\/jMutRepair_vul4j_x-stream_xstream_VUL4J-78\\\/xstream\\\/src\\\/java\\\/com\\\/thoughtworks\\\/xstream\\\/XStreamjava\\n@@ -1482 +1482 @@\\n-\\t\\t\\tif (insecureWarning) {\\n+\\t\\t\\tif (!insecureWarning) {\\n\\n"}]}
[156990] INFO AstorMain - Time Total(s): 156.973
145.40user 21.64system 2:38.59elapsed 105%CPU (0avgtext+0avgdata 690544maxresident)k
8744inputs+22600outputs (8major+713741minor)pagefaults 0swaps


Node: 9670332cfea8



Date: Fri Sep  9 07:15:46 EDT 2022

