cd /workdir/Kali_vul4j_jhy_jsoup_VUL4J-59;
export JAVA_TOOL_OPTIONS="-Dfile.encoding=UTF8 -Duser.language=en-US -Duser.country=US -Duser.language=en";
TZ="America/New_York"; export TZ;
export PATH="/usr/lib/jvm/java-8-openjdk-amd64/bin:$PATH";
export JAVA_HOME="/usr/lib/jvm/java-8-openjdk-amd64";
timeout 240m java -Xmx4g -Xms1g -XX:MaxPermSize=512m -cp /script/../libs/jmetal.jar:/script/../repair_tools/arja.jar us.msu.cse.repair.Main \
	Kali \
	-DexternalProjRoot /script/../libs/arja_external \
	-DprojectDir /workdir/Kali_vul4j_jhy_jsoup_VUL4J-59 \
    -DtestFiltered false \
    -DrunTestCommand "mvn test -Dhttps.protocols=TLSv1.2 -Denforcer.skip=true -Dcheckstyle.skip=true -Dcobertura.skip=true -DskipITs=true -Drat.skip=true -Dlicense.skip=true -Dpmd.skip=true -Dfindbugs.skip=true -Dgpg.skip=true -Dskip.npm=true -Dskip.gulp=true -Dskip.bower=true -Danimal.sniffer.skip=true -V -B" \
	-DsrcJavaDir /workdir/Kali_vul4j_jhy_jsoup_VUL4J-59/src/main/java \
	-DbinJavaDir /workdir/Kali_vul4j_jhy_jsoup_VUL4J-59/target/classes \
	-DbinTestDir /workdir/Kali_vul4j_jhy_jsoup_VUL4J-59/target/test-classes \
	-DdiffFormat true \
	-Dseed 0 \
	-DgzoltarDataDir /script/../data/benchmarks/vul4j/perfectfl/VUL4J-59 \
	-Ddependences /root/.m2/repository/junit/junit/4.5/junit-4.5.jar;
	echo "\n\nNode: `hostname`\n";
	echo "\n\nDate: `date`\n";
Picked up JAVA_TOOL_OPTIONS: -Dfile.encoding=UTF8 -Duser.language=en-US -Duser.country=US -Duser.language=en
OpenJDK 64-Bit Server VM warning: ignoring option MaxPermSize=512m; support was removed in 8.0
Fault localization starts...
Number of positive tests: 453
Number of negative tests: 1
Negative tests: [org.jsoup.parser.XmlTreeBuilderTest#testDoesHandleEOFInTag]
Faulty Lines: 
org.jsoup.parser.TokeniserState#759:1.0
org.jsoup.parser.TokeniserState#760:1.0
Fault localization is finished!
AST parsing starts...
AST parsing is finished!
Detection of local variables starts...
Detection of local variables is finished!
Detection of fields starts...
Detection of fields is finished!
Detection of methods starts...
Detection of methods is finished!
Ingredient screener starts...
Ingredient screener is finished!
Initialization of manipulations starts...
Initialization of manipulations is finished!
Filtering of the tests starts...
Number of positive tests considered: 453
Filtering of the tests is finished!
----------------------------------
Patch Candidate:
@@ -756,7 +756,11 @@ enum TokeniserState {
t.transition(AttributeValue_unquoted);
break;
case eof:
-                    t.eofError(this);
+				{
+					if (true)
+						return;
+					t.eofError(this);
+				}
t.transition(Data);
break;
case '>':
Number of failed tests: 1, 1
----------------------------------
Patch Candidate:
@@ -756,7 +756,11 @@ enum TokeniserState {
t.transition(AttributeValue_unquoted);
break;
case eof:
-                    t.eofError(this);
+				{
+					if (true)
+						return;
+					t.eofError(this);
+				}
t.transition(Data);
break;
case '>':
Number of failed tests: 1, 1
----------------------------------
Patch Candidate:
@@ -757,7 +757,11 @@ enum TokeniserState {
break;
case eof:
t.eofError(this);
-                    t.transition(Data);
+				{
+					if (true)
+						return;
+					t.transition(Data);
+				}
break;
case '>':
t.error(this);
Number of failed tests: 1, 1
----------------------------------
Patch Candidate:
@@ -757,7 +757,11 @@ enum TokeniserState {
break;
case eof:
t.eofError(this);
-                    t.transition(Data);
+				{
+					if (true)
+						return;
+					t.transition(Data);
+				}
break;
case '>':
t.error(this);
Number of failed tests: 1, 1
----------------------------------
Patch Candidate:
@@ -756,7 +756,7 @@ enum TokeniserState {
t.transition(AttributeValue_unquoted);
break;
case eof:
-                    t.eofError(this);
+				;
t.transition(Data);
break;
case '>':
Number of failed tests: 1, 0
----------------------------------
Patch Candidate:
@@ -757,7 +757,7 @@ enum TokeniserState {
break;
case eof:
t.eofError(this);
-                    t.transition(Data);
+				;
break;
case '>':
t.error(this);
Number of failed tests: 1, 1


Node: 2c8178711f7b



Date: Fri Oct  7 09:33:27 EDT 2022

