cd /workdir/Cardumen_vul4j_jhy_jsoup_VUL4J-59;
export JAVA_TOOL_OPTIONS="-Dfile.encoding=UTF8 -Duser.language=en-US -Duser.country=US -Duser.language=en";
TZ="America/New_York"; export TZ;
export PATH="/usr/lib/jvm/java-8-openjdk-amd64/bin:$PATH";
export JAVA_HOME="/usr/lib/jvm/java-8-openjdk-amd64/bin";
time java -Xmx4g -Xms1g -XX:MaxPermSize=512m -cp /script/../libs/jtestex7.jar:/script/../repair_tools/astor.jar fr.inria.main.evolution.AstorMain \
	-mode cardumen \
	-location . \
	-id jhy_jsoup-VUL4J-59 \
	-failing org.jsoup.parser.XmlTreeBuilderTest#testDoesHandleEOFInTag \
	-jvm4testexecution /usr/lib/jvm/java-8-openjdk-amd64/bin \
	-jvm4evosuitetestexecution /usr/lib/jvm/java-8-openjdk-amd64/bin \
	-maxgen 1000000 \
	-maxtime 120 \
	-stopfirst true \
	-seed 0 \
	-scope local \
	-population 1 \
	-javacompliancelevel 8 \
	-faultlocalization perfect \
    -perfectdata /script/../data/benchmarks/vul4j/perfectfl/VUL4J-59 \
    -validation externalcmd \
    -testfailingcmd "mvn test -Dtest=org.jsoup.parser.XmlTreeBuilderTest#testDoesHandleEOFInTag -Dhttps.protocols=TLSv1.2 -Denforcer.skip=true -Dcheckstyle.skip=true -Dcobertura.skip=true -DskipITs=true -Drat.skip=true -Dlicense.skip=true -Dpmd.skip=true -Dfindbugs.skip=true -Dgpg.skip=true -Dskip.npm=true -Dskip.gulp=true -Dskip.bower=true -Danimal.sniffer.skip=true -V -B" \
    -testallcmd "mvn test -Dhttps.protocols=TLSv1.2 -Denforcer.skip=true -Dcheckstyle.skip=true -Dcobertura.skip=true -DskipITs=true -Drat.skip=true -Dlicense.skip=true -Dpmd.skip=true -Dfindbugs.skip=true -Dgpg.skip=true -Dskip.npm=true -Dskip.gulp=true -Dskip.bower=true -Danimal.sniffer.skip=true -V -B"  \ \
	-srcjavafolder src/main/java \
	-srctestfolder src/test/java \
	-binjavafolder target/classes \
	-bintestfolder target/test-classes \
	-parameters x:x:maxCombinationVariableLimit:true:maxVarCombination:1000:maxCombinationVariableLimit:true:maxVarCombination:1000:maxCombinationVariableLimit:true:maxVarCombination:1000:maxCombinationVariableLimit:true:maxVarCombination:1000:maxCombinationVariableLimit:true:maxVarCombination:1000:maxCombinationVariableLimit:true:maxVarCombination:1000:maxCombinationVariableLimit:true:maxVarCombination:1000:maxCombinationVariableLimit:true:maxVarCombination:1000:maxCombinationVariableLimit:true:maxVarCombination:1000:maxCombinationVariableLimit:true:maxVarCombination:1000:maxCombinationVariableLimit:true:maxVarCombination:1000:maxCombinationVariableLimit:true:maxVarCombination:1000:maxCombinationVariableLimit:true:maxVarCombination:1000:maxCombinationVariableLimit:true:maxVarCombination:1000:maxCombinationVariableLimit:true:maxVarCombination:1000:maxCombinationVariableLimit:true:maxVarCombination:1000:maxCombinationVariableLimit:true:maxVarCombination:1000:maxCombinationVariableLimit:true:maxVarCombination:1000:maxCombinationVariableLimit:true:maxVarCombination:1000:maxCombinationVariableLimit:true:maxVarCombination:1000:maxCombinationVariableLimit:true:maxVarCombination:1000:maxCombinationVariableLimit:true:maxVarCombination:1000:maxCombinationVariableLimit:true:maxVarCombination:1000:maxCombinationVariableLimit:true:maxVarCombination:1000:maxCombinationVariableLimit:true:maxVarCombination:1000:maxCombinationVariableLimit:true:maxVarCombination:1000:maxCombinationVariableLimit:true:maxVarCombination:1000:maxCombinationVariableLimit:true:maxVarCombination:1000:maxCombinationVariableLimit:true:maxVarCombination:1000:maxCombinationVariableLimit:true:maxVarCombination:1000:maxCombinationVariableLimit:true:maxVarCombination:1000:maxCombinationVariableLimit:true:maxVarCombination:1000:maxCombinationVariableLimit:true:maxVarCombination:1000:maxCombinationVariableLimit:true:maxVarCombination:1000:maxCombinationVariableLimit:true:maxVarCombination:1000:maxCombinationVariableLimit:true:maxVarCombination:1000:maxCombinationVariableLimit:true:maxVarCombination:1000:maxCombinationVariableLimit:true:maxVarCombination:1000:maxCombinationVariableLimit:true:maxVarCombination:1000:maxCombinationVariableLimit:true:maxVarCombination:1000:maxCombinationVariableLimit:true:maxVarCombination:1000:maxCombinationVariableLimit:true:maxVarCombination:1000:maxCombinationVariableLimit:true:maxVarCombination:1000:maxCombinationVariableLimit:true:maxVarCombination:1000:maxCombinationVariableLimit:true:maxVarCombination:1000:maxCombinationVariableLimit:true:maxVarCombination:1000:maxCombinationVariableLimit:true:maxVarCombination:1000 \
	-dependencies /root/.m2/repository/junit/junit/4.5/junit-4.5.jar;
	echo "\n\nNode: `hostname`\n";
	echo "\n\nDate: `date`\n";
Picked up JAVA_TOOL_OPTIONS: -Dfile.encoding=UTF8 -Duser.language=en-US -Duser.country=US -Duser.language=en
OpenJDK 64-Bit Server VM warning: ignoring option MaxPermSize=512m; support was removed in 8.0
[0] INFO ProjectConfiguration - Version of the JVM used: 1.8.0_342
[1] INFO main - Java version of the JDK used to run tests: 1.8.0_342
[1] INFO main - The compliance of the JVM is:  8
[4] INFO main - command line arguments: [-mode  cardumen  -location  .  -id  jhy_jsoup-VUL4J-59  -failing  org.jsoup.parser.XmlTreeBuilderTest#testDoesHandleEOFInTag  -jvm4testexecution  /usr/lib/jvm/java-8-openjdk-amd64/bin  -jvm4evosuitetestexecution  /usr/lib/jvm/java-8-openjdk-amd64/bin  -maxgen  1000000  -maxtime  120  -stopfirst  true  -seed  0  -scope  local  -population  1  -javacompliancelevel  8  -faultlocalization  perfect  -perfectdata  /script/../data/benchmarks/vul4j/perfectfl/VUL4J-59  -validation  externalcmd  -testfailingcmd  mvn test -Dtest=org.jsoup.parser.XmlTreeBuilderTest#testDoesHandleEOFInTag -Dhttps.protocols=TLSv1.2 -Denforcer.skip=true -Dcheckstyle.skip=true -Dcobertura.skip=true -DskipITs=true -Drat.skip=true -Dlicense.skip=true -Dpmd.skip=true -Dfindbugs.skip=true -Dgpg.skip=true -Dskip.npm=true -Dskip.gulp=true -Dskip.bower=true -Danimal.sniffer.skip=true -V -B  -testallcmd  mvn test -Dhttps.protocols=TLSv1.2 -Denforcer.skip=true -Dcheckstyle.skip=true -Dcobertura.skip=true -DskipITs=true -Drat.skip=true -Dlicense.skip=true -Dpmd.skip=true -Dfindbugs.skip=true -Dgpg.skip=true -Dskip.npm=true -Dskip.gulp=true -Dskip.bower=true -Danimal.sniffer.skip=true -V -B     -srcjavafolder  src/main/java  -srctestfolder  src/test/java  -binjavafolder  target/classes  -bintestfolder  target/test-classes  -parameters  x:x:maxCombinationVariableLimit:true:maxVarCombination:1000:maxCombinationVariableLimit:true:maxVarCombination:1000:maxCombinationVariableLimit:true:maxVarCombination:1000:maxCombinationVariableLimit:true:maxVarCombination:1000:maxCombinationVariableLimit:true:maxVarCombination:1000:maxCombinationVariableLimit:true:maxVarCombination:1000:maxCombinationVariableLimit:true:maxVarCombination:1000:maxCombinationVariableLimit:true:maxVarCombination:1000:maxCombinationVariableLimit:true:maxVarCombination:1000:maxCombinationVariableLimit:true:maxVarCombination:1000:maxCombinationVariableLimit:true:maxVarCombination:1000:maxCombinationVariableLimit:true:maxVarCombination:1000:maxCombinationVariableLimit:true:maxVarCombination:1000:maxCombinationVariableLimit:true:maxVarCombination:1000:maxCombinationVariableLimit:true:maxVarCombination:1000:maxCombinationVariableLimit:true:maxVarCombination:1000:maxCombinationVariableLimit:true:maxVarCombination:1000:maxCombinationVariableLimit:true:maxVarCombination:1000:maxCombinationVariableLimit:true:maxVarCombination:1000:maxCombinationVariableLimit:true:maxVarCombination:1000:maxCombinationVariableLimit:true:maxVarCombination:1000:maxCombinationVariableLimit:true:maxVarCombination:1000:maxCombinationVariableLimit:true:maxVarCombination:1000:maxCombinationVariableLimit:true:maxVarCombination:1000:maxCombinationVariableLimit:true:maxVarCombination:1000:maxCombinationVariableLimit:true:maxVarCombination:1000:maxCombinationVariableLimit:true:maxVarCombination:1000:maxCombinationVariableLimit:true:maxVarCombination:1000:maxCombinationVariableLimit:true:maxVarCombination:1000:maxCombinationVariableLimit:true:maxVarCombination:1000:maxCombinationVariableLimit:true:maxVarCombination:1000:maxCombinationVariableLimit:true:maxVarCombination:1000:maxCombinationVariableLimit:true:maxVarCombination:1000:maxCombinationVariableLimit:true:maxVarCombination:1000:maxCombinationVariableLimit:true:maxVarCombination:1000:maxCombinationVariableLimit:true:maxVarCombination:1000:maxCombinationVariableLimit:true:maxVarCombination:1000:maxCombinationVariableLimit:true:maxVarCombination:1000:maxCombinationVariableLimit:true:maxVarCombination:1000:maxCombinationVariableLimit:true:maxVarCombination:1000:maxCombinationVariableLimit:true:maxVarCombination:1000:maxCombinationVariableLimit:true:maxVarCombination:1000:maxCombinationVariableLimit:true:maxVarCombination:1000:maxCombinationVariableLimit:true:maxVarCombination:1000:maxCombinationVariableLimit:true:maxVarCombination:1000:maxCombinationVariableLimit:true:maxVarCombination:1000:maxCombinationVariableLimit:true:maxVarCombination:1000  -dependencies  /root/.m2/repository/junit/junit/4.5/junit-4.5.jar]
[5] INFO AstorMain - Running Astor on a JDK at /usr/lib/jvm/java-8-openjdk-amd64/jre
[27] INFO main - Source folders: [/workdir/Cardumen_vul4j_jhy_jsoup_VUL4J-59/./src/main/java]
[28] INFO main - Source Test folders: [/workdir/Cardumen_vul4j_jhy_jsoup_VUL4J-59/./src/test/java]
[2925] INFO AstorCoreEngine - ---- Creating spoon model
[2980] INFO MutationSupporter - Creating model,  Code location from working folder: /workdir/Cardumen_vul4j_jhy_jsoup_VUL4J-59/./src/main/java
[2980] INFO MutationSupporter - building model: /workdir/Cardumen_vul4j_jhy_jsoup_VUL4J-59/./src/main/java, compliance level: 8
[3003] INFO MutationSupporter - Classpath (Dependencies) for building SpoonModel: [/root/.m2/repository/junit/junit/4.5/junit-4.5.jar]
[16454] INFO AstorCoreEngine - Number of CtTypes created: 48
[17086] INFO AstorCoreEngine - Test retrieved from classes: 0
[17396] INFO AstorCoreEngine - Setting up the max to 3100 milliseconds (3 sec)
[17396] INFO AstorCoreEngine - ---- Initial suspicious size: 2
[18243] INFO main - Total suspicious from FL: 2,  3
[18243] INFO main - Total ModPoint created: 3
[18243] INFO main - Creating program variant #1, [Variant id: 1, #gens: 3, #ops: 0, parent:-]
[18243] INFO main - Run previously failing tests...
[38339] INFO main - Failed tests: 1
[38341] INFO AstorCoreEngine - The original fitness is : 1.0
[212384] INFO ExpressionTypeIngredientSpace - Ingredient search space info : number keys 106 , number values 274 
[212384] WARN ConfigurationProperties - ----------------------------
[212386] INFO ConfigurationProperties - ---Configuration properties
[212386] INFO ConfigurationProperties - p:lastJUnitVersion= ./examples/libs/junit-4.11.jar
[212386] INFO ConfigurationProperties - p:alternativecompliancelevel= 8
[212386] INFO ConfigurationProperties - p:ignoredTestCases= 
[212387] INFO ConfigurationProperties - p:workingDirectory= /workdir/Cardumen_vul4j_jhy_jsoup_VUL4J-59/./output_astor
[212387] INFO ConfigurationProperties - p:manipulatesuper= false
[212387] INFO ConfigurationProperties - p:validation= externalcmd
[212387] INFO ConfigurationProperties - p:jvm4testexecution= /usr/lib/jvm/java-8-openjdk-amd64/bin
[212387] INFO ConfigurationProperties - p:operatorspace= r-expression
[212387] INFO ConfigurationProperties - p:diffcontext= 0
[212387] INFO ConfigurationProperties - p:binjavafolder= target/classes
[212387] INFO ConfigurationProperties - p:synthesis_depth= 3
[212387] INFO ConfigurationProperties - p:gzoltartestpackagetoexclude= junit.framework
[212387] INFO ConfigurationProperties - p:skipfitnessinitialpopulation= false
[212387] INFO ConfigurationProperties - p:evosuiteresultfolder= evosuite
[212387] INFO ConfigurationProperties - p:flthreshold= 0.1
[212387] INFO ConfigurationProperties - p:regressionforfaultlocalization= true
[212387] INFO ConfigurationProperties - p:collectonlyusedmethod= false
[212387] INFO ConfigurationProperties - p:preservelinenumbers= true
[212387] INFO ConfigurationProperties - p:tmax2= 3100
[212387] INFO ConfigurationProperties - p:ingredienttransformstrategy= name-probability-based
[212387] INFO ConfigurationProperties - p:tmax1= 10000
[212387] INFO ConfigurationProperties - p:probagenmutation= false
[212387] INFO ConfigurationProperties - p:nomodificationconvergence= 100
[212388] INFO ConfigurationProperties - p:diff_type= relative
[212388] INFO ConfigurationProperties - p:targetelementprocessor= expression
[212388] INFO ConfigurationProperties - p:srctestfolder= src/test/java
[212388] INFO ConfigurationProperties - p:forceExecuteRegression= false
[212388] INFO ConfigurationProperties - p:clusteringfilename= clustering.csv
[212388] INFO ConfigurationProperties - p:failing= org.jsoup.parser.XmlTreeBuilderTest#testDoesHandleEOFInTag
[212388] INFO ConfigurationProperties - p:logtestexecution= false
[212388] INFO ConfigurationProperties - p:evo_buggy_class= true
[212388] INFO ConfigurationProperties - p:numberExecutions= 1
[212388] INFO ConfigurationProperties - p:maxnumbersolutions= 1000000
[212388] INFO ConfigurationProperties - p:evo_affected_by_op= true
[212388] INFO ConfigurationProperties - p:population= 1
[212388] INFO ConfigurationProperties - p:considerzerovaluesusp= false
[212388] INFO ConfigurationProperties - p:maxCombinationVariableLimit= true
[212388] INFO ConfigurationProperties - p:savesolution= true
[212388] INFO ConfigurationProperties - p:javacompliancelevel= 8
[212388] INFO ConfigurationProperties - p:x= x
[212388] INFO ConfigurationProperties - p:uniqueoptogen= false
[212389] INFO ConfigurationProperties - p:gzoltarpackagetonotinstrument= junit.framework
[212389] INFO ConfigurationProperties - p:projectIdentifier= jhy_jsoup-VUL4J-59
[212389] INFO ConfigurationProperties - p:modificationpointnavigation= weight
[212389] INFO ConfigurationProperties - p:stopfirst= true
[212389] INFO ConfigurationProperties - p:multipointmodification= false
[212389] INFO ConfigurationProperties - p:elementsToMutate= 10
[212389] INFO ConfigurationProperties - p:jsonoutputname= astor_output
[212389] INFO ConfigurationProperties - p:evoDSE= false
[212389] INFO ConfigurationProperties - p:bintestfolder= target/test-classes
[212389] INFO ConfigurationProperties - p:testbystep= false
[212389] INFO ConfigurationProperties - p:version-location= ./math-version/
[212389] INFO ConfigurationProperties - p:reintroduce= PARENTS:ORIGINAL
[212389] INFO ConfigurationProperties - p:perfectdata= /script/../data/benchmarks/vul4j/perfectfl/VUL4J-59
[212389] INFO ConfigurationProperties - p:executorjar= ./lib/jtestex7.jar
[212389] INFO ConfigurationProperties - p:maxGeneration= 1000000
[212389] INFO ConfigurationProperties - p:max_synthesis_step= 10000
[212389] INFO ConfigurationProperties - p:projectinfocommand= com.github.tdurieux:project-config-maven-plugin:info
[212389] INFO ConfigurationProperties - p:maxVarCombination= 1000
[212389] INFO ConfigurationProperties - p:maxtime= 120
[212390] INFO ConfigurationProperties - p:evosuitejar= ./lib/evosuite-master-1.0.4-SNAPSHOT.jar
[212390] INFO ConfigurationProperties - p:jvmversion= 1.8.0_342
[212390] INFO ConfigurationProperties - p:commandTrunk= 50000
[212390] INFO ConfigurationProperties - p:faultlocalization= perfect
[212390] INFO ConfigurationProperties - p:resetmodel= true
[212390] INFO ConfigurationProperties - p:maxsuspcandidates= 1000
[212390] INFO ConfigurationProperties - p:mode= cardumen
[212390] INFO ConfigurationProperties - p:learningdir= 
[212390] INFO ConfigurationProperties - p:jvm4evosuitetestexecution= /usr/lib/jvm/java-8-openjdk-amd64/bin
[212390] INFO ConfigurationProperties - p:filterfaultlocalization= true
[212390] INFO ConfigurationProperties - p:mutationrate= 1 
[212390] INFO ConfigurationProperties - p:pathToMVNRepository= 
[212390] INFO ConfigurationProperties - p:resourcesfolder= /src/main/resources:/src/test/resources:
[212390] INFO ConfigurationProperties - p:timezone= America/Los_Angeles
[212390] INFO ConfigurationProperties - p:runjava7code= false
[212390] INFO ConfigurationProperties - p:testfailingcmd= mvn test -Dtest=org.jsoup.parser.XmlTreeBuilderTest#testDoesHandleEOFInTag -Dhttps.protocols=TLSv1.2 -Denforcer.skip=true -Dcheckstyle.skip=true -Dcobertura.skip=true -DskipITs=true -Drat.skip=true -Dlicense.skip=true -Dpmd.skip=true -Dfindbugs.skip=true -Dgpg.skip=true -Dskip.npm=true -Dskip.gulp=true -Dskip.bower=true -Danimal.sniffer.skip=true -V -B
[212390] INFO ConfigurationProperties - p:evoRunOnBuggyClass= true
[212390] INFO ConfigurationProperties - p:compiler= fr.inria.astor.core.manipulation.bytecode.compiler.SpoonClassCompiler
[212390] INFO ConfigurationProperties - p:limitbysuspicious= true
[212391] INFO ConfigurationProperties - p:logsattemps= true
[212391] INFO ConfigurationProperties - p:dependenciespath= /root/.m2/repository/junit/junit/4.5/junit-4.5.jar
[212391] INFO ConfigurationProperties - p:packageToInstrument= 
[212391] INFO ConfigurationProperties - p:skipfaultlocalization= false
[212391] INFO ConfigurationProperties - p:scope= local
[212391] INFO ConfigurationProperties - p:transformingredient= false
[212391] INFO ConfigurationProperties - p:fitnessfunction= fr.inria.astor.core.solutionsearch.population.TestCaseFitnessFunction
[212391] INFO ConfigurationProperties - p:maxnumvariablesperingredient= 10
[212391] INFO ConfigurationProperties - p:parsesourcefromoriginal= true
[212391] INFO ConfigurationProperties - p:pvariantfoldername= variant-
[212391] INFO ConfigurationProperties - p:savespoonmodelondisk= false
[212391] INFO ConfigurationProperties - p:srcjavafolder= src/main/java
[212391] INFO ConfigurationProperties - p:populationcontroller= fr.inria.astor.core.solutionsearch.population.TestCaseBasedFitnessPopulationController
[212391] INFO ConfigurationProperties - p:ignoreflakyinfl= false
[212391] INFO ConfigurationProperties - p:cleantemplates= true
[212391] INFO ConfigurationProperties - p:applyCrossover= false
[212391] INFO ConfigurationProperties - p:maxmodificationpoints= 1000
[212391] INFO ConfigurationProperties - p:duplicateingredientsinspace= false
[212391] INFO ConfigurationProperties - p:metid= 0
[212391] INFO ConfigurationProperties - p:continuewhenmodelfail= true
[212392] INFO ConfigurationProperties - p:saveall= false
[212392] INFO ConfigurationProperties - p:seed= 0
[212392] INFO ConfigurationProperties - p:savecompletepatched= true
[212404] INFO ConfigurationProperties - p:resetoperations= false
[212405] INFO ConfigurationProperties - p:keepcomments= false
[212407] INFO ConfigurationProperties - p:processoutputinfile= false
[212407] INFO ConfigurationProperties - p:location= .
[212407] INFO ConfigurationProperties - p:probabilistictransformation= true
[212407] INFO ConfigurationProperties - p:overridemaxtime= true
[212407] INFO ConfigurationProperties - p:ingredientstrategy= name-probability-based
[212407] INFO ConfigurationProperties - p:outputjsonresult= true
[212407] INFO ConfigurationProperties - p:allpoints= false
[212407] INFO ConfigurationProperties - p:antipattern= false
[212407] INFO ConfigurationProperties - p:bugId= 280
[212407] INFO ConfigurationProperties - p:evosuitetimeout= 120
[212407] INFO ConfigurationProperties - p:maxtimefactor= 10
[212410] INFO ConfigurationProperties - p:nrPlaceholders= 1
[212410] INFO ConfigurationProperties - p:testallcmd= mvn test -Dhttps.protocols=TLSv1.2 -Denforcer.skip=true -Dcheckstyle.skip=true -Dcobertura.skip=true -DskipITs=true -Drat.skip=true -Dlicense.skip=true -Dpmd.skip=true -Dfindbugs.skip=true -Dgpg.skip=true -Dskip.npm=true -Dskip.gulp=true -Dskip.bower=true -Danimal.sniffer.skip=true -V -B
[212410] INFO ConfigurationProperties - p:forcesubprocesskilling= false
[212410] INFO ConfigurationProperties - ----------------------------
[212410] INFO AstorCoreEngine - ----Starting Solution Search
[212411] WARN AstorCoreEngine - ----------Running generation: 1, population size: 1
[220455] INFO main - Run previously failing tests...
[243952] INFO main - Failed tests: 1
[243968] WARN AstorCoreEngine - ----------Running generation: 2, population size: 1
[247775] INFO main - Run previously failing tests...
[278474] INFO main - Failed tests: 1
[278498] WARN AstorCoreEngine - ----------Running generation: 3, population size: 1
[282007] INFO main - Run previously failing tests...
[309074] INFO main - Failed tests: 1
[309087] WARN AstorCoreEngine - ----------Running generation: 4, population size: 1
[310987] INFO main - Run previously failing tests...
[333638] INFO main - Failed tests: 1
[333644] WARN AstorCoreEngine - ----------Running generation: 5, population size: 1
[335352] INFO main - Run previously failing tests...
[358669] INFO main - Failed tests: 1
[358679] WARN AstorCoreEngine - ----------Running generation: 6, population size: 1
[360400] INFO main - Run previously failing tests...
[384497] INFO main - Failed tests: 1
[384520] WARN AstorCoreEngine - ----------Running generation: 7, population size: 1
[385391] WARN AstorCoreEngine - ----------Running generation: 8, population size: 1
[385922] WARN AstorCoreEngine - ----------Running generation: 9, population size: 1
[386318] WARN AstorCoreEngine - ----------Running generation: 10, population size: 1
[386573] WARN AstorCoreEngine - ----------Running generation: 11, population size: 1
[386815] WARN AstorCoreEngine - ----------Running generation: 12, population size: 1
[387733] WARN AstorCoreEngine - ----------Running generation: 13, population size: 1
[388172] WARN AstorCoreEngine - ----------Running generation: 14, population size: 1
[388918] WARN AstorCoreEngine - ----------Running generation: 15, population size: 1
[389527] WARN AstorCoreEngine - ----------Running generation: 16, population size: 1
[390265] WARN AstorCoreEngine - ----------Running generation: 17, population size: 1
[390742] WARN AstorCoreEngine - ----------Running generation: 18, population size: 1
[391183] WARN AstorCoreEngine - ----------Running generation: 19, population size: 1
[391689] WARN AstorCoreEngine - ----------Running generation: 20, population size: 1
[392339] WARN AstorCoreEngine - ----------Running generation: 21, population size: 1
[392875] WARN AstorCoreEngine - ----------Running generation: 22, population size: 1
[393519] WARN AstorCoreEngine - ----------Running generation: 23, population size: 1
[394129] WARN AstorCoreEngine - ----------Running generation: 24, population size: 1
[394791] WARN AstorCoreEngine - ----------Running generation: 25, population size: 1
[395541] WARN AstorCoreEngine - ----------Running generation: 26, population size: 1
[396082] WARN AstorCoreEngine - ----------Running generation: 27, population size: 1
[396582] WARN AstorCoreEngine - ----------Running generation: 28, population size: 1
[397142] WARN AstorCoreEngine - ----------Running generation: 29, population size: 1
[397499] WARN AstorCoreEngine - ----------Running generation: 30, population size: 1
[397971] WARN AstorCoreEngine - ----------Running generation: 31, population size: 1
[398375] WARN AstorCoreEngine - ----------Running generation: 32, population size: 1
[398735] WARN AstorCoreEngine - ----------Running generation: 33, population size: 1
[399080] WARN AstorCoreEngine - ----------Running generation: 34, population size: 1
[399484] WARN AstorCoreEngine - ----------Running generation: 35, population size: 1
[399946] WARN AstorCoreEngine - ----------Running generation: 36, population size: 1
[400304] WARN AstorCoreEngine - ----------Running generation: 37, population size: 1
[400788] WARN AstorCoreEngine - ----------Running generation: 38, population size: 1
[401154] WARN AstorCoreEngine - ----------Running generation: 39, population size: 1
[401598] WARN AstorCoreEngine - ----------Running generation: 40, population size: 1
[401963] WARN AstorCoreEngine - ----------Running generation: 41, population size: 1
[402324] WARN AstorCoreEngine - ----------Running generation: 42, population size: 1
[402755] WARN AstorCoreEngine - ----------Running generation: 43, population size: 1
[403100] WARN AstorCoreEngine - ----------Running generation: 44, population size: 1
[403443] WARN AstorCoreEngine - ----------Running generation: 45, population size: 1
[403675] WARN AstorCoreEngine - ----------Running generation: 46, population size: 1
[403850] WARN AstorCoreEngine - ----------Running generation: 47, population size: 1
[403977] WARN AstorCoreEngine - ----------Running generation: 48, population size: 1
[404107] WARN AstorCoreEngine - ----------Running generation: 49, population size: 1
[404559] WARN AstorCoreEngine - ----------Running generation: 50, population size: 1
[405077] WARN AstorCoreEngine - ----------Running generation: 51, population size: 1
[405400] WARN AstorCoreEngine - ----------Running generation: 52, population size: 1
[405663] WARN AstorCoreEngine - ----------Running generation: 53, population size: 1
[405938] WARN AstorCoreEngine - ----------Running generation: 54, population size: 1
[406240] WARN AstorCoreEngine - ----------Running generation: 55, population size: 1
[406500] WARN AstorCoreEngine - ----------Running generation: 56, population size: 1
[406788] WARN AstorCoreEngine - ----------Running generation: 57, population size: 1
[407338] WARN AstorCoreEngine - ----------Running generation: 58, population size: 1
[407739] WARN AstorCoreEngine - ----------Running generation: 59, population size: 1
[408093] WARN AstorCoreEngine - ----------Running generation: 60, population size: 1
[408308] WARN AstorCoreEngine - ----------Running generation: 61, population size: 1
[408612] WARN AstorCoreEngine - ----------Running generation: 62, population size: 1
[408806] WARN AstorCoreEngine - ----------Running generation: 63, population size: 1
[409151] WARN AstorCoreEngine - ----------Running generation: 64, population size: 1
[409535] WARN AstorCoreEngine - ----------Running generation: 65, population size: 1
[409859] WARN AstorCoreEngine - ----------Running generation: 66, population size: 1
[410214] WARN AstorCoreEngine - ----------Running generation: 67, population size: 1
[410558] WARN AstorCoreEngine - ----------Running generation: 68, population size: 1
[410904] WARN AstorCoreEngine - ----------Running generation: 69, population size: 1
[411419] WARN AstorCoreEngine - ----------Running generation: 70, population size: 1
[411700] WARN AstorCoreEngine - ----------Running generation: 71, population size: 1
[412048] WARN AstorCoreEngine - ----------Running generation: 72, population size: 1
[412228] WARN AstorCoreEngine - ----------Running generation: 73, population size: 1
[412658] WARN AstorCoreEngine - ----------Running generation: 74, population size: 1
[413121] WARN AstorCoreEngine - ----------Running generation: 75, population size: 1
[413261] WARN AstorCoreEngine - ----------Running generation: 76, population size: 1
[413592] WARN AstorCoreEngine - ----------Running generation: 77, population size: 1
[413844] WARN AstorCoreEngine - ----------Running generation: 78, population size: 1
[414104] WARN AstorCoreEngine - ----------Running generation: 79, population size: 1
[414352] WARN AstorCoreEngine - ----------Running generation: 80, population size: 1
[414563] WARN AstorCoreEngine - ----------Running generation: 81, population size: 1
[414803] WARN AstorCoreEngine - ----------Running generation: 82, population size: 1
[415064] WARN AstorCoreEngine - ----------Running generation: 83, population size: 1
[415405] WARN AstorCoreEngine - ----------Running generation: 84, population size: 1
[415700] WARN AstorCoreEngine - ----------Running generation: 85, population size: 1
[415955] WARN AstorCoreEngine - ----------Running generation: 86, population size: 1
[416406] WARN AstorCoreEngine - ----------Running generation: 87, population size: 1
[416528] WARN AstorCoreEngine - ----------Running generation: 88, population size: 1
[416724] WARN AstorCoreEngine - ----------Running generation: 89, population size: 1
[416825] WARN AstorCoreEngine - ----------Running generation: 90, population size: 1
[417032] WARN AstorCoreEngine - ----------Running generation: 91, population size: 1
[417370] WARN AstorCoreEngine - ----------Running generation: 92, population size: 1
[417926] WARN AstorCoreEngine - ----------Running generation: 93, population size: 1
[418179] WARN AstorCoreEngine - ----------Running generation: 94, population size: 1
[418728] WARN AstorCoreEngine - ----------Running generation: 95, population size: 1
[419238] WARN AstorCoreEngine - ----------Running generation: 96, population size: 1
[419468] WARN AstorCoreEngine - ----------Running generation: 97, population size: 1
[419880] WARN AstorCoreEngine - ----------Running generation: 98, population size: 1
[420325] WARN AstorCoreEngine - ----------Running generation: 99, population size: 1
[420637] WARN AstorCoreEngine - ----------Running generation: 100, population size: 1
[420991] WARN AstorCoreEngine - ----------Running generation: 101, population size: 1
[421501] WARN AstorCoreEngine - ----------Running generation: 102, population size: 1
[422026] WARN AstorCoreEngine - ----------Running generation: 103, population size: 1
[422346] WARN AstorCoreEngine - ----------Running generation: 104, population size: 1
[422560] WARN AstorCoreEngine - ----------Running generation: 105, population size: 1
[422666] WARN AstorCoreEngine - ----------Running generation: 106, population size: 1
[422798] ERROR AstorCoreEngine - Stopping main loop at 106 generation
[422799] INFO AstorCoreEngine - Time Repair Loop (s): 210.389
[422799] INFO AstorCoreEngine - generationsexecuted: 106
[422800] WARN AstorCoreEngine - ----SUMMARY_EXECUTION---
[422800] WARN AstorCoreEngine - End Repair Search: NOT Found solution
[422801] WARN AstorCoreEngine - Number suspicious:1
[422801] INFO AstorCoreEngine - Total mod points: 3
[423040] INFO ExpressionTypeIngredientSpace - Storing ing JSON at /workdir/Cardumen_vul4j_jhy_jsoup_VUL4J-59/./output_astor/AstorMain-jhy_jsoup-VUL4J-59//src/ingredients.json
[423042] INFO IngredientStats - Storing ing JSON at /workdir/Cardumen_vul4j_jhy_jsoup_VUL4J-59/./output_astor/AstorMain-jhy_jsoup-VUL4J-59//ingredientSpaceSize.json
[423042] INFO IngredientStats - ingredientSpaceSize:{"allAttempts":8,"space":[{"a":2,"v":2},{"a":4,"v":2},{"a":1,"v":2},{"a":5,"v":2}]}
[423052] INFO IngredientStats - Storing ing JSON at /workdir/Cardumen_vul4j_jhy_jsoup_VUL4J-59/./output_astor/AstorMain-jhy_jsoup-VUL4J-59//combinationsTemplatesingredientSpaceSize.json
[423053] INFO IngredientStats - combinationsTemplatesingredientSpaceSize:{"allAttempts":26,"space":[{"a":1,"v":18},{"a":0,"v":8}]}
[423060] INFO AstorCoreEngine - 
 --SOLUTIONS DESCRIPTION--


Astor Output:

General stats:
EXECUTION_IDENTIFIER=jhy_jsoup-VUL4J-59
TOTAL_TIME=210.389
NR_GENERATIONS=106
NR_RIGHT_COMPILATIONS=6
NR_FAILLING_COMPILATIONS=null
NR_ERRONEOUS_VARIANCES=null
NR_FAILING_VALIDATION_PROCESS=null
OUTPUT_STATUS=CONVERGED

Patch stats:

[423093] INFO Stats - Storing ing JSON at /workdir/Cardumen_vul4j_jhy_jsoup_VUL4J-59/./output_astor/AstorMain-jhy_jsoup-VUL4J-59//astor_output.json
[423094] INFO Stats - astor_output:
{"general":{"NR_RIGHT_COMPILATIONS":6,"NR_ERRONEOUS_VARIANCES":null,"EXECUTION_IDENTIFIER":"jhy_jsoup-VUL4J-59","OUTPUT_STATUS":"CONVERGED","NR_FAILLING_COMPILATIONS":null,"NR_GENERATIONS":106,"TOTAL_TIME":210.389,"NR_FAILING_VALIDATION_PROCESS":null},"patches":[]}
[423094] INFO AstorMain - Time Total(s): 423.087
276.39user 28.90system 7:05.48elapsed 71%CPU (0avgtext+0avgdata 1609496maxresident)k
368inputs+13048outputs (0major+1156731minor)pagefaults 0swaps


Node: 9670332cfea8



Date: Fri Sep  9 02:59:54 EDT 2022

