cd /workdir/jKali_vul4j_apache_commons-configuration_VUL4J-9;
export JAVA_TOOL_OPTIONS="-Dfile.encoding=UTF8 -Duser.language=en-US -Duser.country=US -Duser.language=en";
TZ="America/New_York"; export TZ;
export PATH="/usr/lib/jvm/java-8-openjdk-amd64/bin:$PATH";
export JAVA_HOME="/usr/lib/jvm/java-8-openjdk-amd64/bin";
time java -Xmx4g -Xms1g -XX:MaxPermSize=512m -cp /script/../libs/jtestex7.jar:/script/../repair_tools/astor.jar fr.inria.main.evolution.AstorMain \
	-mode jkali \
	-location . \
	-id apache_commons-configuration-VUL4J-9 \
	-failing org.apache.commons.configuration2.TestYAMLConfiguration#testObjectCreationFromStream:org.apache.commons.configuration2.TestYAMLConfiguration#testObjectCreationFromReader \
	-jvm4testexecution /usr/lib/jvm/java-8-openjdk-amd64/bin \
	-jvm4evosuitetestexecution /usr/lib/jvm/java-8-openjdk-amd64/bin \
	-maxgen 1000000 \
	-maxtime 120 \
	-stopfirst true \
	-seed 0 \
	-scope local \
	-population 1 \
	-javacompliancelevel 8 \
	-faultlocalization perfect \
    -perfectdata /script/../data/benchmarks/vul4j/perfectfl/VUL4J-9 \
    -validation externalcmd \
    -testfailingcmd "mvn test -Dtest=org.apache.commons.configuration2.TestYAMLConfiguration#testObjectCreationFromStream,org.apache.commons.configuration2.TestYAMLConfiguration#testObjectCreationFromReader -Dhttps.protocols=TLSv1.2 -Denforcer.skip=true -Dcheckstyle.skip=true -Dcobertura.skip=true -DskipITs=true -Drat.skip=true -Dlicense.skip=true -Dpmd.skip=true -Dfindbugs.skip=true -Dgpg.skip=true -Dskip.npm=true -Dskip.gulp=true -Dskip.bower=true -Danimal.sniffer.skip=true -V -B" \
    -testallcmd "mvn test -Dhttps.protocols=TLSv1.2 -Denforcer.skip=true -Dcheckstyle.skip=true -Dcobertura.skip=true -DskipITs=true -Drat.skip=true -Dlicense.skip=true -Dpmd.skip=true -Dfindbugs.skip=true -Dgpg.skip=true -Dskip.npm=true -Dskip.gulp=true -Dskip.bower=true -Danimal.sniffer.skip=true -V -B"  \ \
	-srcjavafolder src/main/java \
	-srctestfolder src/test/java \
	-binjavafolder target/classes \
	-bintestfolder target/test-classes \
	-parameters x:x \
	-dependencies /root/.m2/repository/org/ops4j/pax/swissbox/pax-swissbox-optional-jcl/1.8.2/pax-swissbox-optional-jcl-1.8.2.jar:/root/.m2/repository/org/powermock/powermock-module-junit4-common/1.7.3/powermock-module-junit4-common-1.7.3.jar:/root/.m2/repository/org/ops4j/base/ops4j-base-util-property/1.5.0/ops4j-base-util-property-1.5.0.jar:/root/.m2/repository/org/ops4j/pax/exam/pax-exam/4.11.0/pax-exam-4.11.0.jar:/root/.m2/repository/javax/inject/javax.inject/1/javax.inject-1.jar:/root/.m2/repository/org/ops4j/pax/swissbox/pax-swissbox-lifecycle/1.8.2/pax-swissbox-lifecycle-1.8.2.jar:/root/.m2/repository/org/ops4j/pax/exam/pax-exam-junit4/4.11.0/pax-exam-junit4-4.11.0.jar:/root/.m2/repository/org/hamcrest/hamcrest-core/1.3/hamcrest-core-1.3.jar:/root/.m2/repository/org/ops4j/pax/tinybundles/tinybundles/2.1.1/tinybundles-2.1.1.jar:/root/.m2/repository/org/powermock/powermock-api-mockito-common/1.7.3/powermock-api-mockito-common-1.7.3.jar:/root/.m2/repository/org/powermock/powermock-core/1.7.3/powermock-core-1.7.3.jar:/root/.m2/repository/org/ops4j/base/ops4j-base-lang/1.5.0/ops4j-base-lang-1.5.0.jar:/root/.m2/repository/org/powermock/powermock-api-support/1.7.3/powermock-api-support-1.7.3.jar:/root/.m2/repository/org/mockito/mockito-core/1.10.19/mockito-core-1.10.19.jar:/root/.m2/repository/org/objenesis/objenesis/2.1/objenesis-2.1.jar:/root/.m2/repository/org/ops4j/base/ops4j-base-spi/1.5.0/ops4j-base-spi-1.5.0.jar:/root/.m2/repository/org/ops4j/pax/exam/pax-exam-container-native/4.11.0/pax-exam-container-native-4.11.0.jar:/root/.m2/repository/org/ops4j/base/ops4j-base-io/1.5.0/ops4j-base-io-1.5.0.jar:/root/.m2/repository/org/ops4j/pax/url/pax-url-aether/2.4.5/pax-url-aether-2.4.5.jar:/root/.m2/repository/org/powermock/powermock-module-junit4/1.7.3/powermock-module-junit4-1.7.3.jar:/root/.m2/repository/org/powermock/powermock-reflect/1.7.3/powermock-reflect-1.7.3.jar:/root/.m2/repository/org/slf4j/jcl-over-slf4j/1.6.6/jcl-over-slf4j-1.6.6.jar:/root/.m2/repository/com/github/luben/zstd-jni/1.3.3-3/zstd-jni-1.3.3-3.jar:/root/.m2/repository/org/osgi/org.osgi.core/6.0.0/org.osgi.core-6.0.0.jar:/root/.m2/repository/org/ops4j/pax/url/pax-url-classpath/2.4.5/pax-url-classpath-2.4.5.jar:/root/.m2/repository/org/ops4j/base/ops4j-base-net/1.5.0/ops4j-base-net-1.5.0.jar:/root/.m2/repository/biz/aQute/bnd/bndlib/2.4.0/bndlib-2.4.0.jar:/root/.m2/repository/org/ops4j/pax/exam/pax-exam-cm/4.11.0/pax-exam-cm-4.11.0.jar:/root/.m2/repository/org/javassist/javassist/3.21.0-GA/javassist-3.21.0-GA.jar:/root/.m2/repository/org/ops4j/pax/swissbox/pax-swissbox-core/1.8.2/pax-swissbox-core-1.8.2.jar:/root/.m2/repository/org/ops4j/base/ops4j-base-monitors/1.5.0/ops4j-base-monitors-1.5.0.jar:/root/.m2/repository/org/ops4j/base/ops4j-base-store/1.5.0/ops4j-base-store-1.5.0.jar:/root/.m2/repository/org/ops4j/pax/url/pax-url-commons/2.4.5/pax-url-commons-2.4.5.jar:/root/.m2/repository/org/ops4j/pax/swissbox/pax-swissbox-tracker/1.8.2/pax-swissbox-tracker-1.8.2.jar:/root/.m2/repository/org/tukaani/xz/1.8/xz-1.8.jar:/root/.m2/repository/org/ops4j/pax/exam/pax-exam-link-mvn/4.11.0/pax-exam-link-mvn-4.11.0.jar:/root/.m2/repository/org/apache/felix/org.apache.felix.framework/5.6.10/org.apache.felix.framework-5.6.10.jar:/root/.m2/repository/org/powermock/powermock-api-mockito/1.7.3/powermock-api-mockito-1.7.3.jar:/root/.m2/repository/junit/junit/4.12/junit-4.12.jar:/root/.m2/repository/org/ops4j/pax/exam/pax-exam-spi/4.11.0/pax-exam-spi-4.11.0.jar:/root/.m2/repository/org/ops4j/pax/url/pax-url-link/2.4.5/pax-url-link-2.4.5.jar:/root/.m2/repository/org/slf4j/slf4j-api/1.7.21/slf4j-api-1.7.21.jar:/root/.m2/repository/org/brotli/dec/0.1.2/dec-0.1.2.jar:/root/.m2/repository/org/ops4j/pax/swissbox/pax-swissbox-property/1.8.2/pax-swissbox-property-1.8.2.jar;
	echo "\n\nNode: `hostname`\n";
	echo "\n\nDate: `date`\n";
Picked up JAVA_TOOL_OPTIONS: -Dfile.encoding=UTF8 -Duser.language=en-US -Duser.country=US -Duser.language=en
OpenJDK 64-Bit Server VM warning: ignoring option MaxPermSize=512m; support was removed in 8.0
[0] INFO ProjectConfiguration - Version of the JVM used: 1.8.0_342
[1] INFO main - Java version of the JDK used to run tests: 1.8.0_342
[1] INFO main - The compliance of the JVM is:  8
[7] INFO main - command line arguments: [-mode  jkali  -location  .  -id  apache_commons-configuration-VUL4J-9  -failing  org.apache.commons.configuration2.TestYAMLConfiguration#testObjectCreationFromStream:org.apache.commons.configuration2.TestYAMLConfiguration#testObjectCreationFromReader  -jvm4testexecution  /usr/lib/jvm/java-8-openjdk-amd64/bin  -jvm4evosuitetestexecution  /usr/lib/jvm/java-8-openjdk-amd64/bin  -maxgen  1000000  -maxtime  120  -stopfirst  true  -seed  0  -scope  local  -population  1  -javacompliancelevel  8  -faultlocalization  perfect  -perfectdata  /script/../data/benchmarks/vul4j/perfectfl/VUL4J-9  -validation  externalcmd  -testfailingcmd  mvn test -Dtest=org.apache.commons.configuration2.TestYAMLConfiguration#testObjectCreationFromStream org.apache.commons.configuration2.TestYAMLConfiguration#testObjectCreationFromReader -Dhttps.protocols=TLSv1.2 -Denforcer.skip=true -Dcheckstyle.skip=true -Dcobertura.skip=true -DskipITs=true -Drat.skip=true -Dlicense.skip=true -Dpmd.skip=true -Dfindbugs.skip=true -Dgpg.skip=true -Dskip.npm=true -Dskip.gulp=true -Dskip.bower=true -Danimal.sniffer.skip=true -V -B  -testallcmd  mvn test -Dhttps.protocols=TLSv1.2 -Denforcer.skip=true -Dcheckstyle.skip=true -Dcobertura.skip=true -DskipITs=true -Drat.skip=true -Dlicense.skip=true -Dpmd.skip=true -Dfindbugs.skip=true -Dgpg.skip=true -Dskip.npm=true -Dskip.gulp=true -Dskip.bower=true -Danimal.sniffer.skip=true -V -B     -srcjavafolder  src/main/java  -srctestfolder  src/test/java  -binjavafolder  target/classes  -bintestfolder  target/test-classes  -parameters  x:x  -dependencies  /root/.m2/repository/org/ops4j/pax/swissbox/pax-swissbox-optional-jcl/1.8.2/pax-swissbox-optional-jcl-1.8.2.jar:/root/.m2/repository/org/powermock/powermock-module-junit4-common/1.7.3/powermock-module-junit4-common-1.7.3.jar:/root/.m2/repository/org/ops4j/base/ops4j-base-util-property/1.5.0/ops4j-base-util-property-1.5.0.jar:/root/.m2/repository/org/ops4j/pax/exam/pax-exam/4.11.0/pax-exam-4.11.0.jar:/root/.m2/repository/javax/inject/javax.inject/1/javax.inject-1.jar:/root/.m2/repository/org/ops4j/pax/swissbox/pax-swissbox-lifecycle/1.8.2/pax-swissbox-lifecycle-1.8.2.jar:/root/.m2/repository/org/ops4j/pax/exam/pax-exam-junit4/4.11.0/pax-exam-junit4-4.11.0.jar:/root/.m2/repository/org/hamcrest/hamcrest-core/1.3/hamcrest-core-1.3.jar:/root/.m2/repository/org/ops4j/pax/tinybundles/tinybundles/2.1.1/tinybundles-2.1.1.jar:/root/.m2/repository/org/powermock/powermock-api-mockito-common/1.7.3/powermock-api-mockito-common-1.7.3.jar:/root/.m2/repository/org/powermock/powermock-core/1.7.3/powermock-core-1.7.3.jar:/root/.m2/repository/org/ops4j/base/ops4j-base-lang/1.5.0/ops4j-base-lang-1.5.0.jar:/root/.m2/repository/org/powermock/powermock-api-support/1.7.3/powermock-api-support-1.7.3.jar:/root/.m2/repository/org/mockito/mockito-core/1.10.19/mockito-core-1.10.19.jar:/root/.m2/repository/org/objenesis/objenesis/2.1/objenesis-2.1.jar:/root/.m2/repository/org/ops4j/base/ops4j-base-spi/1.5.0/ops4j-base-spi-1.5.0.jar:/root/.m2/repository/org/ops4j/pax/exam/pax-exam-container-native/4.11.0/pax-exam-container-native-4.11.0.jar:/root/.m2/repository/org/ops4j/base/ops4j-base-io/1.5.0/ops4j-base-io-1.5.0.jar:/root/.m2/repository/org/ops4j/pax/url/pax-url-aether/2.4.5/pax-url-aether-2.4.5.jar:/root/.m2/repository/org/powermock/powermock-module-junit4/1.7.3/powermock-module-junit4-1.7.3.jar:/root/.m2/repository/org/powermock/powermock-reflect/1.7.3/powermock-reflect-1.7.3.jar:/root/.m2/repository/org/slf4j/jcl-over-slf4j/1.6.6/jcl-over-slf4j-1.6.6.jar:/root/.m2/repository/com/github/luben/zstd-jni/1.3.3-3/zstd-jni-1.3.3-3.jar:/root/.m2/repository/org/osgi/org.osgi.core/6.0.0/org.osgi.core-6.0.0.jar:/root/.m2/repository/org/ops4j/pax/url/pax-url-classpath/2.4.5/pax-url-classpath-2.4.5.jar:/root/.m2/repository/org/ops4j/base/ops4j-base-net/1.5.0/ops4j-base-net-1.5.0.jar:/root/.m2/repository/biz/aQute/bnd/bndlib/2.4.0/bndlib-2.4.0.jar:/root/.m2/repository/org/ops4j/pax/exam/pax-exam-cm/4.11.0/pax-exam-cm-4.11.0.jar:/root/.m2/repository/org/javassist/javassist/3.21.0-GA/javassist-3.21.0-GA.jar:/root/.m2/repository/org/ops4j/pax/swissbox/pax-swissbox-core/1.8.2/pax-swissbox-core-1.8.2.jar:/root/.m2/repository/org/ops4j/base/ops4j-base-monitors/1.5.0/ops4j-base-monitors-1.5.0.jar:/root/.m2/repository/org/ops4j/base/ops4j-base-store/1.5.0/ops4j-base-store-1.5.0.jar:/root/.m2/repository/org/ops4j/pax/url/pax-url-commons/2.4.5/pax-url-commons-2.4.5.jar:/root/.m2/repository/org/ops4j/pax/swissbox/pax-swissbox-tracker/1.8.2/pax-swissbox-tracker-1.8.2.jar:/root/.m2/repository/org/tukaani/xz/1.8/xz-1.8.jar:/root/.m2/repository/org/ops4j/pax/exam/pax-exam-link-mvn/4.11.0/pax-exam-link-mvn-4.11.0.jar:/root/.m2/repository/org/apache/felix/org.apache.felix.framework/5.6.10/org.apache.felix.framework-5.6.10.jar:/root/.m2/repository/org/powermock/powermock-api-mockito/1.7.3/powermock-api-mockito-1.7.3.jar:/root/.m2/repository/junit/junit/4.12/junit-4.12.jar:/root/.m2/repository/org/ops4j/pax/exam/pax-exam-spi/4.11.0/pax-exam-spi-4.11.0.jar:/root/.m2/repository/org/ops4j/pax/url/pax-url-link/2.4.5/pax-url-link-2.4.5.jar:/root/.m2/repository/org/slf4j/slf4j-api/1.7.21/slf4j-api-1.7.21.jar:/root/.m2/repository/org/brotli/dec/0.1.2/dec-0.1.2.jar:/root/.m2/repository/org/ops4j/pax/swissbox/pax-swissbox-property/1.8.2/pax-swissbox-property-1.8.2.jar]
[9] INFO AstorMain - Running Astor on a JDK at /usr/lib/jvm/java-8-openjdk-amd64/jre
[24] INFO main - Source folders: []
[34] INFO main - Source Test folders: []
[1518] INFO AstorCoreEngine - ---- Creating spoon model
[1664] INFO MutationSupporter - Creating model,  Code location from working folder: 
[1664] INFO MutationSupporter - building model: , compliance level: 8
[1717] INFO MutationSupporter - Classpath (Dependencies) for building SpoonModel: [/root/.m2/repository/org/ops4j/pax/swissbox/pax-swissbox-optional-jcl/1.8.2/pax-swissbox-optional-jcl-1.8.2.jar, /root/.m2/repository/org/powermock/powermock-module-junit4-common/1.7.3/powermock-module-junit4-common-1.7.3.jar, /root/.m2/repository/org/ops4j/base/ops4j-base-util-property/1.5.0/ops4j-base-util-property-1.5.0.jar, /root/.m2/repository/org/ops4j/pax/exam/pax-exam/4.11.0/pax-exam-4.11.0.jar, /root/.m2/repository/javax/inject/javax.inject/1/javax.inject-1.jar, /root/.m2/repository/org/ops4j/pax/swissbox/pax-swissbox-lifecycle/1.8.2/pax-swissbox-lifecycle-1.8.2.jar, /root/.m2/repository/org/ops4j/pax/exam/pax-exam-junit4/4.11.0/pax-exam-junit4-4.11.0.jar, /root/.m2/repository/org/hamcrest/hamcrest-core/1.3/hamcrest-core-1.3.jar, /root/.m2/repository/org/ops4j/pax/tinybundles/tinybundles/2.1.1/tinybundles-2.1.1.jar, /root/.m2/repository/org/powermock/powermock-api-mockito-common/1.7.3/powermock-api-mockito-common-1.7.3.jar, /root/.m2/repository/org/powermock/powermock-core/1.7.3/powermock-core-1.7.3.jar, /root/.m2/repository/org/ops4j/base/ops4j-base-lang/1.5.0/ops4j-base-lang-1.5.0.jar, /root/.m2/repository/org/powermock/powermock-api-support/1.7.3/powermock-api-support-1.7.3.jar, /root/.m2/repository/org/mockito/mockito-core/1.10.19/mockito-core-1.10.19.jar, /root/.m2/repository/org/objenesis/objenesis/2.1/objenesis-2.1.jar, /root/.m2/repository/org/ops4j/base/ops4j-base-spi/1.5.0/ops4j-base-spi-1.5.0.jar, /root/.m2/repository/org/ops4j/pax/exam/pax-exam-container-native/4.11.0/pax-exam-container-native-4.11.0.jar, /root/.m2/repository/org/ops4j/base/ops4j-base-io/1.5.0/ops4j-base-io-1.5.0.jar, /root/.m2/repository/org/ops4j/pax/url/pax-url-aether/2.4.5/pax-url-aether-2.4.5.jar, /root/.m2/repository/org/powermock/powermock-module-junit4/1.7.3/powermock-module-junit4-1.7.3.jar, /root/.m2/repository/org/powermock/powermock-reflect/1.7.3/powermock-reflect-1.7.3.jar, /root/.m2/repository/org/slf4j/jcl-over-slf4j/1.6.6/jcl-over-slf4j-1.6.6.jar, /root/.m2/repository/com/github/luben/zstd-jni/1.3.3-3/zstd-jni-1.3.3-3.jar, /root/.m2/repository/org/osgi/org.osgi.core/6.0.0/org.osgi.core-6.0.0.jar, /root/.m2/repository/org/ops4j/pax/url/pax-url-classpath/2.4.5/pax-url-classpath-2.4.5.jar, /root/.m2/repository/org/ops4j/base/ops4j-base-net/1.5.0/ops4j-base-net-1.5.0.jar, /root/.m2/repository/biz/aQute/bnd/bndlib/2.4.0/bndlib-2.4.0.jar, /root/.m2/repository/org/ops4j/pax/exam/pax-exam-cm/4.11.0/pax-exam-cm-4.11.0.jar, /root/.m2/repository/org/javassist/javassist/3.21.0-GA/javassist-3.21.0-GA.jar, /root/.m2/repository/org/ops4j/pax/swissbox/pax-swissbox-core/1.8.2/pax-swissbox-core-1.8.2.jar, /root/.m2/repository/org/ops4j/base/ops4j-base-monitors/1.5.0/ops4j-base-monitors-1.5.0.jar, /root/.m2/repository/org/ops4j/base/ops4j-base-store/1.5.0/ops4j-base-store-1.5.0.jar, /root/.m2/repository/org/ops4j/pax/url/pax-url-commons/2.4.5/pax-url-commons-2.4.5.jar, /root/.m2/repository/org/ops4j/pax/swissbox/pax-swissbox-tracker/1.8.2/pax-swissbox-tracker-1.8.2.jar, /root/.m2/repository/org/tukaani/xz/1.8/xz-1.8.jar, /root/.m2/repository/org/ops4j/pax/exam/pax-exam-link-mvn/4.11.0/pax-exam-link-mvn-4.11.0.jar, /root/.m2/repository/org/apache/felix/org.apache.felix.framework/5.6.10/org.apache.felix.framework-5.6.10.jar, /root/.m2/repository/org/powermock/powermock-api-mockito/1.7.3/powermock-api-mockito-1.7.3.jar, /root/.m2/repository/junit/junit/4.12/junit-4.12.jar, /root/.m2/repository/org/ops4j/pax/exam/pax-exam-spi/4.11.0/pax-exam-spi-4.11.0.jar, /root/.m2/repository/org/ops4j/pax/url/pax-url-link/2.4.5/pax-url-link-2.4.5.jar, /root/.m2/repository/org/slf4j/slf4j-api/1.7.21/slf4j-api-1.7.21.jar, /root/.m2/repository/org/brotli/dec/0.1.2/dec-0.1.2.jar, /root/.m2/repository/org/ops4j/pax/swissbox/pax-swissbox-property/1.8.2/pax-swissbox-property-1.8.2.jar]
[2169] INFO AstorCoreEngine - Number of CtTypes created: 0
[2170] INFO AstorCoreEngine - Test retrieved from classes: 0
[2517] INFO AstorCoreEngine - Setting up the max to 3470 milliseconds (3 sec)
[2517] INFO AstorCoreEngine - ---- Initial suspicious size: 4
[2571] INFO main -  Not ctClass for suspicious code Candidate [className=org.apache.commons.configuration2.YAMLConfiguration, methodName=null, lineNumber=68, susp=1.0]
[2571] INFO main -  Not ctClass for suspicious code Candidate [className=org.apache.commons.configuration2.YAMLConfiguration, methodName=null, lineNumber=83, susp=1.0]
[2572] INFO main -  Not ctClass for suspicious code Candidate [className=org.apache.commons.configuration2.YAMLConfiguration, methodName=null, lineNumber=120, susp=1.0]
[2572] INFO main -  Not ctClass for suspicious code Candidate [className=org.apache.commons.configuration2.YAMLConfiguration, methodName=null, lineNumber=135, susp=1.0]
[2572] INFO main - Total suspicious from FL: 4,  0
[2573] INFO main - Total ModPoint created: 0
[2573] INFO main - Creating program variant #1, [Variant id: 1, #gens: 0, #ops: 0, parent:-]
[2573] ERROR AstorCoreEngine - [warning] Any modification point in variant
[2573] ERROR AstorCoreEngine - Variant with any gen
[2573] WARN ConfigurationProperties - ----------------------------
[2573] INFO ConfigurationProperties - ---Configuration properties
[2575] INFO ConfigurationProperties - p:lastJUnitVersion= ./examples/libs/junit-4.11.jar
[2575] INFO ConfigurationProperties - p:alternativecompliancelevel= 8
[2576] INFO ConfigurationProperties - p:ignoredTestCases= 
[2577] INFO ConfigurationProperties - p:workingDirectory= /workdir/jKali_vul4j_apache_commons-configuration_VUL4J-9/./output_astor
[2577] INFO ConfigurationProperties - p:manipulatesuper= false
[2577] INFO ConfigurationProperties - p:validation= externalcmd
[2577] INFO ConfigurationProperties - p:jvm4testexecution= /usr/lib/jvm/java-8-openjdk-amd64/bin
[2577] INFO ConfigurationProperties - p:operatorspace= suppression
[2577] INFO ConfigurationProperties - p:diffcontext= 0
[2577] INFO ConfigurationProperties - p:binjavafolder= target/classes
[2577] INFO ConfigurationProperties - p:synthesis_depth= 3
[2577] INFO ConfigurationProperties - p:gzoltartestpackagetoexclude= junit.framework
[2577] INFO ConfigurationProperties - p:skipfitnessinitialpopulation= false
[2577] INFO ConfigurationProperties - p:evosuiteresultfolder= evosuite
[2577] INFO ConfigurationProperties - p:flthreshold= 0.1
[2577] INFO ConfigurationProperties - p:regressionforfaultlocalization= true
[2579] INFO ConfigurationProperties - p:collectonlyusedmethod= false
[2579] INFO ConfigurationProperties - p:preservelinenumbers= true
[2579] INFO ConfigurationProperties - p:tmax2= 3470
[2579] INFO ConfigurationProperties - p:tmax1= 10000
[2579] INFO ConfigurationProperties - p:probagenmutation= false
[2579] INFO ConfigurationProperties - p:nomodificationconvergence= 100
[2580] INFO ConfigurationProperties - p:diff_type= relative
[2580] INFO ConfigurationProperties - p:targetelementprocessor= statements
[2580] INFO ConfigurationProperties - p:srctestfolder= src/test/java
[2580] INFO ConfigurationProperties - p:forceExecuteRegression= false
[2581] INFO ConfigurationProperties - p:clusteringfilename= clustering.csv
[2581] INFO ConfigurationProperties - p:failing= org.apache.commons.configuration2.TestYAMLConfiguration#testObjectCreationFromStream:org.apache.commons.configuration2.TestYAMLConfiguration#testObjectCreationFromReader
[2581] INFO ConfigurationProperties - p:logtestexecution= false
[2595] INFO ConfigurationProperties - p:evo_buggy_class= true
[2595] INFO ConfigurationProperties - p:numberExecutions= 1
[2595] INFO ConfigurationProperties - p:maxnumbersolutions= 1000000
[2595] INFO ConfigurationProperties - p:evo_affected_by_op= true
[2595] INFO ConfigurationProperties - p:population= 1
[2595] INFO ConfigurationProperties - p:considerzerovaluesusp= false
[2596] INFO ConfigurationProperties - p:maxCombinationVariableLimit= false
[2596] INFO ConfigurationProperties - p:savesolution= true
[2596] INFO ConfigurationProperties - p:javacompliancelevel= 8
[2597] INFO ConfigurationProperties - p:x= x
[2597] INFO ConfigurationProperties - p:uniqueoptogen= false
[2597] INFO ConfigurationProperties - p:gzoltarpackagetonotinstrument= junit.framework
[2597] INFO ConfigurationProperties - p:projectIdentifier= apache_commons-configuration-VUL4J-9
[2597] INFO ConfigurationProperties - p:modificationpointnavigation= weight
[2597] INFO ConfigurationProperties - p:stopfirst= true
[2597] INFO ConfigurationProperties - p:multipointmodification= false
[2597] INFO ConfigurationProperties - p:elementsToMutate= 10
[2598] INFO ConfigurationProperties - p:jsonoutputname= astor_output
[2598] INFO ConfigurationProperties - p:evoDSE= false
[2599] INFO ConfigurationProperties - p:bintestfolder= target/test-classes
[2599] INFO ConfigurationProperties - p:testbystep= false
[2599] INFO ConfigurationProperties - p:version-location= ./math-version/
[2600] INFO ConfigurationProperties - p:reintroduce= PARENTS:ORIGINAL
[2603] INFO ConfigurationProperties - p:perfectdata= /script/../data/benchmarks/vul4j/perfectfl/VUL4J-9
[2603] INFO ConfigurationProperties - p:executorjar= ./lib/jtestex7.jar
[2603] INFO ConfigurationProperties - p:maxGeneration= 1000000
[2603] INFO ConfigurationProperties - p:max_synthesis_step= 10000
[2603] INFO ConfigurationProperties - p:projectinfocommand= com.github.tdurieux:project-config-maven-plugin:info
[2603] INFO ConfigurationProperties - p:maxVarCombination= 1000
[2603] INFO ConfigurationProperties - p:maxtime= 120
[2604] INFO ConfigurationProperties - p:evosuitejar= ./lib/evosuite-master-1.0.4-SNAPSHOT.jar
[2605] INFO ConfigurationProperties - p:jvmversion= 1.8.0_342
[2605] INFO ConfigurationProperties - p:commandTrunk= 50000
[2605] INFO ConfigurationProperties - p:faultlocalization= perfect
[2605] INFO ConfigurationProperties - p:resetmodel= true
[2605] INFO ConfigurationProperties - p:maxsuspcandidates= 1000
[2605] INFO ConfigurationProperties - p:mode= jkali
[2606] INFO ConfigurationProperties - p:learningdir= 
[2606] INFO ConfigurationProperties - p:jvm4evosuitetestexecution= /usr/lib/jvm/java-8-openjdk-amd64/bin
[2606] INFO ConfigurationProperties - p:filterfaultlocalization= true
[2606] INFO ConfigurationProperties - p:mutationrate= 1 
[2606] INFO ConfigurationProperties - p:pathToMVNRepository= 
[2606] INFO ConfigurationProperties - p:resourcesfolder= /src/main/resources:/src/test/resources:
[2606] INFO ConfigurationProperties - p:timezone= America/Los_Angeles
[2606] INFO ConfigurationProperties - p:runjava7code= false
[2606] INFO ConfigurationProperties - p:testfailingcmd= mvn test -Dtest=org.apache.commons.configuration2.TestYAMLConfiguration#testObjectCreationFromStream,org.apache.commons.configuration2.TestYAMLConfiguration#testObjectCreationFromReader -Dhttps.protocols=TLSv1.2 -Denforcer.skip=true -Dcheckstyle.skip=true -Dcobertura.skip=true -DskipITs=true -Drat.skip=true -Dlicense.skip=true -Dpmd.skip=true -Dfindbugs.skip=true -Dgpg.skip=true -Dskip.npm=true -Dskip.gulp=true -Dskip.bower=true -Danimal.sniffer.skip=true -V -B
[2606] INFO ConfigurationProperties - p:evoRunOnBuggyClass= true
[2606] INFO ConfigurationProperties - p:compiler= fr.inria.astor.core.manipulation.bytecode.compiler.SpoonClassCompiler
[2606] INFO ConfigurationProperties - p:limitbysuspicious= true
[2607] INFO ConfigurationProperties - p:logsattemps= true
[2607] INFO ConfigurationProperties - p:dependenciespath= /root/.m2/repository/org/ops4j/pax/swissbox/pax-swissbox-optional-jcl/1.8.2/pax-swissbox-optional-jcl-1.8.2.jar:/root/.m2/repository/org/powermock/powermock-module-junit4-common/1.7.3/powermock-module-junit4-common-1.7.3.jar:/root/.m2/repository/org/ops4j/base/ops4j-base-util-property/1.5.0/ops4j-base-util-property-1.5.0.jar:/root/.m2/repository/org/ops4j/pax/exam/pax-exam/4.11.0/pax-exam-4.11.0.jar:/root/.m2/repository/javax/inject/javax.inject/1/javax.inject-1.jar:/root/.m2/repository/org/ops4j/pax/swissbox/pax-swissbox-lifecycle/1.8.2/pax-swissbox-lifecycle-1.8.2.jar:/root/.m2/repository/org/ops4j/pax/exam/pax-exam-junit4/4.11.0/pax-exam-junit4-4.11.0.jar:/root/.m2/repository/org/hamcrest/hamcrest-core/1.3/hamcrest-core-1.3.jar:/root/.m2/repository/org/ops4j/pax/tinybundles/tinybundles/2.1.1/tinybundles-2.1.1.jar:/root/.m2/repository/org/powermock/powermock-api-mockito-common/1.7.3/powermock-api-mockito-common-1.7.3.jar:/root/.m2/repository/org/powermock/powermock-core/1.7.3/powermock-core-1.7.3.jar:/root/.m2/repository/org/ops4j/base/ops4j-base-lang/1.5.0/ops4j-base-lang-1.5.0.jar:/root/.m2/repository/org/powermock/powermock-api-support/1.7.3/powermock-api-support-1.7.3.jar:/root/.m2/repository/org/mockito/mockito-core/1.10.19/mockito-core-1.10.19.jar:/root/.m2/repository/org/objenesis/objenesis/2.1/objenesis-2.1.jar:/root/.m2/repository/org/ops4j/base/ops4j-base-spi/1.5.0/ops4j-base-spi-1.5.0.jar:/root/.m2/repository/org/ops4j/pax/exam/pax-exam-container-native/4.11.0/pax-exam-container-native-4.11.0.jar:/root/.m2/repository/org/ops4j/base/ops4j-base-io/1.5.0/ops4j-base-io-1.5.0.jar:/root/.m2/repository/org/ops4j/pax/url/pax-url-aether/2.4.5/pax-url-aether-2.4.5.jar:/root/.m2/repository/org/powermock/powermock-module-junit4/1.7.3/powermock-module-junit4-1.7.3.jar:/root/.m2/repository/org/powermock/powermock-reflect/1.7.3/powermock-reflect-1.7.3.jar:/root/.m2/repository/org/slf4j/jcl-over-slf4j/1.6.6/jcl-over-slf4j-1.6.6.jar:/root/.m2/repository/com/github/luben/zstd-jni/1.3.3-3/zstd-jni-1.3.3-3.jar:/root/.m2/repository/org/osgi/org.osgi.core/6.0.0/org.osgi.core-6.0.0.jar:/root/.m2/repository/org/ops4j/pax/url/pax-url-classpath/2.4.5/pax-url-classpath-2.4.5.jar:/root/.m2/repository/org/ops4j/base/ops4j-base-net/1.5.0/ops4j-base-net-1.5.0.jar:/root/.m2/repository/biz/aQute/bnd/bndlib/2.4.0/bndlib-2.4.0.jar:/root/.m2/repository/org/ops4j/pax/exam/pax-exam-cm/4.11.0/pax-exam-cm-4.11.0.jar:/root/.m2/repository/org/javassist/javassist/3.21.0-GA/javassist-3.21.0-GA.jar:/root/.m2/repository/org/ops4j/pax/swissbox/pax-swissbox-core/1.8.2/pax-swissbox-core-1.8.2.jar:/root/.m2/repository/org/ops4j/base/ops4j-base-monitors/1.5.0/ops4j-base-monitors-1.5.0.jar:/root/.m2/repository/org/ops4j/base/ops4j-base-store/1.5.0/ops4j-base-store-1.5.0.jar:/root/.m2/repository/org/ops4j/pax/url/pax-url-commons/2.4.5/pax-url-commons-2.4.5.jar:/root/.m2/repository/org/ops4j/pax/swissbox/pax-swissbox-tracker/1.8.2/pax-swissbox-tracker-1.8.2.jar:/root/.m2/repository/org/tukaani/xz/1.8/xz-1.8.jar:/root/.m2/repository/org/ops4j/pax/exam/pax-exam-link-mvn/4.11.0/pax-exam-link-mvn-4.11.0.jar:/root/.m2/repository/org/apache/felix/org.apache.felix.framework/5.6.10/org.apache.felix.framework-5.6.10.jar:/root/.m2/repository/org/powermock/powermock-api-mockito/1.7.3/powermock-api-mockito-1.7.3.jar:/root/.m2/repository/junit/junit/4.12/junit-4.12.jar:/root/.m2/repository/org/ops4j/pax/exam/pax-exam-spi/4.11.0/pax-exam-spi-4.11.0.jar:/root/.m2/repository/org/ops4j/pax/url/pax-url-link/2.4.5/pax-url-link-2.4.5.jar:/root/.m2/repository/org/slf4j/slf4j-api/1.7.21/slf4j-api-1.7.21.jar:/root/.m2/repository/org/brotli/dec/0.1.2/dec-0.1.2.jar:/root/.m2/repository/org/ops4j/pax/swissbox/pax-swissbox-property/1.8.2/pax-swissbox-property-1.8.2.jar
[2607] INFO ConfigurationProperties - p:packageToInstrument= 
[2607] INFO ConfigurationProperties - p:skipfaultlocalization= false
[2607] INFO ConfigurationProperties - p:scope= local
[2607] INFO ConfigurationProperties - p:transformingredient= false
[2607] INFO ConfigurationProperties - p:fitnessfunction= fr.inria.astor.core.solutionsearch.population.TestCaseFitnessFunction
[2608] INFO ConfigurationProperties - p:maxnumvariablesperingredient= 10
[2608] INFO ConfigurationProperties - p:parsesourcefromoriginal= true
[2608] INFO ConfigurationProperties - p:pvariantfoldername= variant-
[2608] INFO ConfigurationProperties - p:savespoonmodelondisk= false
[2608] INFO ConfigurationProperties - p:srcjavafolder= src/main/java
[2608] INFO ConfigurationProperties - p:populationcontroller= fr.inria.astor.core.solutionsearch.population.TestCaseBasedFitnessPopulationController
[2608] INFO ConfigurationProperties - p:ignoreflakyinfl= false
[2608] INFO ConfigurationProperties - p:cleantemplates= true
[2608] INFO ConfigurationProperties - p:applyCrossover= false
[2608] INFO ConfigurationProperties - p:maxmodificationpoints= 1000
[2608] INFO ConfigurationProperties - p:duplicateingredientsinspace= false
[2608] INFO ConfigurationProperties - p:metid= 0
[2609] INFO ConfigurationProperties - p:continuewhenmodelfail= true
[2609] INFO ConfigurationProperties - p:saveall= false
[2609] INFO ConfigurationProperties - p:seed= 0
[2609] INFO ConfigurationProperties - p:savecompletepatched= true
[2609] INFO ConfigurationProperties - p:resetoperations= false
[2627] INFO ConfigurationProperties - p:keepcomments= false
[2627] INFO ConfigurationProperties - p:processoutputinfile= false
[2627] INFO ConfigurationProperties - p:location= .
[2627] INFO ConfigurationProperties - p:probabilistictransformation= true
[2627] INFO ConfigurationProperties - p:overridemaxtime= true
[2627] INFO ConfigurationProperties - p:outputjsonresult= true
[2627] INFO ConfigurationProperties - p:allpoints= false
[2627] INFO ConfigurationProperties - p:antipattern= false
[2627] INFO ConfigurationProperties - p:bugId= 280
[2627] INFO ConfigurationProperties - p:evosuitetimeout= 120
[2627] INFO ConfigurationProperties - p:maxtimefactor= 10
[2627] INFO ConfigurationProperties - p:nrPlaceholders= 1
[2627] INFO ConfigurationProperties - p:testallcmd= mvn test -Dhttps.protocols=TLSv1.2 -Denforcer.skip=true -Dcheckstyle.skip=true -Dcobertura.skip=true -DskipITs=true -Drat.skip=true -Dlicense.skip=true -Dpmd.skip=true -Dfindbugs.skip=true -Dgpg.skip=true -Dskip.npm=true -Dskip.gulp=true -Dskip.bower=true -Danimal.sniffer.skip=true -V -B
[2627] INFO ConfigurationProperties - p:forcesubprocesskilling= false
[2627] INFO ConfigurationProperties - ----------------------------
[2628] INFO AstorCoreEngine - Time Repair Loop (s): 0.001
[2631] INFO AstorCoreEngine - generationsexecuted: 1
[2631] WARN AstorCoreEngine - ----SUMMARY_EXECUTION---
[2631] WARN AstorCoreEngine - End Repair Search: NOT Found solution
[2631] WARN AstorCoreEngine - Number suspicious:1
[2633] INFO AstorCoreEngine - 
 --SOLUTIONS DESCRIPTION--


Astor Output:

General stats:
EXECUTION_IDENTIFIER=apache_commons-configuration-VUL4J-9
TOTAL_TIME=0.001
NR_GENERATIONS=null
NR_RIGHT_COMPILATIONS=null
NR_FAILLING_COMPILATIONS=null
NR_ERRONEOUS_VARIANCES=null
NR_FAILING_VALIDATION_PROCESS=null
OUTPUT_STATUS=EXHAUSTIVE_NAVIGATED

Patch stats:

[2669] INFO Stats - Storing ing JSON at /workdir/jKali_vul4j_apache_commons-configuration_VUL4J-9/./output_astor/AstorMain-apache_commons-configuration-VUL4J-9//astor_output.json
[2670] INFO Stats - astor_output:
{"general":{"NR_RIGHT_COMPILATIONS":null,"NR_ERRONEOUS_VARIANCES":null,"EXECUTION_IDENTIFIER":"apache_commons-configuration-VUL4J-9","OUTPUT_STATUS":"EXHAUSTIVE_NAVIGATED","NR_FAILLING_COMPILATIONS":null,"NR_GENERATIONS":null,"TOTAL_TIME":0.001,"NR_FAILING_VALIDATION_PROCESS":null},"patches":[]}
[2670] INFO AstorMain - Time Total(s): 2.657
1.55user 0.71system 0:04.66elapsed 48%CPU (0avgtext+0avgdata 85756maxresident)k
64inputs+256outputs (0major+20398minor)pagefaults 0swaps


Node: 9670332cfea8



Date: Thu Sep  8 21:49:21 EDT 2022

