cd /workdir/jKali_vul4j_apache_commons-compress_VUL4J-6;
export JAVA_TOOL_OPTIONS="-Dfile.encoding=UTF8 -Duser.language=en-US -Duser.country=US -Duser.language=en";
TZ="America/New_York"; export TZ;
export PATH="/usr/lib/jvm/java-8-openjdk-amd64/bin:$PATH";
export JAVA_HOME="/usr/lib/jvm/java-8-openjdk-amd64/bin";
time java -Xmx4g -Xms1g -XX:MaxPermSize=512m -cp /script/../libs/jtestex7.jar:/script/../repair_tools/astor.jar fr.inria.main.evolution.AstorMain \
	-mode jkali \
	-location . \
	-id apache_commons-compress-VUL4J-6 \
	-failing org.apache.commons.compress.Test_CVE_2018_1324#testCVE_2018_1324 \
	-jvm4testexecution /usr/lib/jvm/jdk1.7.0_80/bin \
	-jvm4evosuitetestexecution /usr/lib/jvm/jdk1.7.0_80/bin \
	-maxgen 1000000 \
	-maxtime 120 \
	-stopfirst true \
	-seed 0 \
	-scope local \
	-population 1 \
	-javacompliancelevel 7 \
	-faultlocalization perfect \
    -perfectdata /script/../data/benchmarks/vul4j/perfectfl/VUL4J-6 \
    -validation externalcmd \
    -testfailingcmd "mvn test -Dtest=org.apache.commons.compress.Test_CVE_2018_1324 -Dhttps.protocols=TLSv1.2 -Denforcer.skip=true -Dcheckstyle.skip=true -Dcobertura.skip=true -DskipITs=true -Drat.skip=true -Dlicense.skip=true -Dpmd.skip=true -Dfindbugs.skip=true -Dgpg.skip=true -Dskip.npm=true -Dskip.gulp=true -Dskip.bower=true -Danimal.sniffer.skip=true -V -B" \
    -testallcmd "mvn test -Dhttps.protocols=TLSv1.2 -Denforcer.skip=true -Dcheckstyle.skip=true -Dcobertura.skip=true -DskipITs=true -Drat.skip=true -Dlicense.skip=true -Dpmd.skip=true -Dfindbugs.skip=true -Dgpg.skip=true -Dskip.npm=true -Dskip.gulp=true -Dskip.bower=true -Danimal.sniffer.skip=true -V -B"  \ \
	-srcjavafolder src/main/java \
	-srctestfolder src/test/java \
	-binjavafolder target/classes \
	-bintestfolder target/test-classes \
	-parameters x:x \
	-dependencies /root/.m2/repository/org/powermock/powermock-api-support/1.7.0/powermock-api-support-1.7.0.jar:/root/.m2/repository/org/powermock/powermock-core/1.7.0/powermock-core-1.7.0.jar:/root/.m2/repository/org/javassist/javassist/3.21.0-GA/javassist-3.21.0-GA.jar:/root/.m2/repository/org/powermock/powermock-api-mockito-common/1.7.0/powermock-api-mockito-common-1.7.0.jar:/root/.m2/repository/org/objenesis/objenesis/2.6/objenesis-2.6.jar:/root/.m2/repository/org/hamcrest/hamcrest-core/1.3/hamcrest-core-1.3.jar:/root/.m2/repository/org/powermock/powermock-api-mockito/1.7.0/powermock-api-mockito-1.7.0.jar:/root/.m2/repository/org/mockito/mockito-core/1.10.19/mockito-core-1.10.19.jar:/root/.m2/repository/org/tukaani/xz/1.6/xz-1.6.jar:/root/.m2/repository/junit/junit/4.12/junit-4.12.jar:/root/.m2/repository/org/powermock/powermock-module-junit4-common/1.7.0/powermock-module-junit4-common-1.7.0.jar:/root/.m2/repository/com/github/luben/zstd-jni/1.3.1-1/zstd-jni-1.3.1-1.jar:/root/.m2/repository/org/powermock/powermock-reflect/1.7.0/powermock-reflect-1.7.0.jar:/root/.m2/repository/org/powermock/powermock-module-junit4/1.7.0/powermock-module-junit4-1.7.0.jar:/root/.m2/repository/org/brotli/dec/0.1.2/dec-0.1.2.jar;
	echo "\n\nNode: `hostname`\n";
	echo "\n\nDate: `date`\n";
Picked up JAVA_TOOL_OPTIONS: -Dfile.encoding=UTF8 -Duser.language=en-US -Duser.country=US -Duser.language=en
OpenJDK 64-Bit Server VM warning: ignoring option MaxPermSize=512m; support was removed in 8.0
[0] INFO ProjectConfiguration - Version of the JVM used: 1.7.0_80
[0] INFO main - Java version of the JDK used to run tests: 1.7.0_80
[0] INFO main - The compliance of the JVM is:  7
[2] INFO main - command line arguments: [-mode  jkali  -location  .  -id  apache_commons-compress-VUL4J-6  -failing  org.apache.commons.compress.Test_CVE_2018_1324#testCVE_2018_1324  -jvm4testexecution  /usr/lib/jvm/jdk1.7.0_80/bin  -jvm4evosuitetestexecution  /usr/lib/jvm/jdk1.7.0_80/bin  -maxgen  1000000  -maxtime  120  -stopfirst  true  -seed  0  -scope  local  -population  1  -javacompliancelevel  7  -faultlocalization  perfect  -perfectdata  /script/../data/benchmarks/vul4j/perfectfl/VUL4J-6  -validation  externalcmd  -testfailingcmd  mvn test -Dtest=org.apache.commons.compress.Test_CVE_2018_1324 -Dhttps.protocols=TLSv1.2 -Denforcer.skip=true -Dcheckstyle.skip=true -Dcobertura.skip=true -DskipITs=true -Drat.skip=true -Dlicense.skip=true -Dpmd.skip=true -Dfindbugs.skip=true -Dgpg.skip=true -Dskip.npm=true -Dskip.gulp=true -Dskip.bower=true -Danimal.sniffer.skip=true -V -B  -testallcmd  mvn test -Dhttps.protocols=TLSv1.2 -Denforcer.skip=true -Dcheckstyle.skip=true -Dcobertura.skip=true -DskipITs=true -Drat.skip=true -Dlicense.skip=true -Dpmd.skip=true -Dfindbugs.skip=true -Dgpg.skip=true -Dskip.npm=true -Dskip.gulp=true -Dskip.bower=true -Danimal.sniffer.skip=true -V -B     -srcjavafolder  src/main/java  -srctestfolder  src/test/java  -binjavafolder  target/classes  -bintestfolder  target/test-classes  -parameters  x:x  -dependencies  /root/.m2/repository/org/powermock/powermock-api-support/1.7.0/powermock-api-support-1.7.0.jar:/root/.m2/repository/org/powermock/powermock-core/1.7.0/powermock-core-1.7.0.jar:/root/.m2/repository/org/javassist/javassist/3.21.0-GA/javassist-3.21.0-GA.jar:/root/.m2/repository/org/powermock/powermock-api-mockito-common/1.7.0/powermock-api-mockito-common-1.7.0.jar:/root/.m2/repository/org/objenesis/objenesis/2.6/objenesis-2.6.jar:/root/.m2/repository/org/hamcrest/hamcrest-core/1.3/hamcrest-core-1.3.jar:/root/.m2/repository/org/powermock/powermock-api-mockito/1.7.0/powermock-api-mockito-1.7.0.jar:/root/.m2/repository/org/mockito/mockito-core/1.10.19/mockito-core-1.10.19.jar:/root/.m2/repository/org/tukaani/xz/1.6/xz-1.6.jar:/root/.m2/repository/junit/junit/4.12/junit-4.12.jar:/root/.m2/repository/org/powermock/powermock-module-junit4-common/1.7.0/powermock-module-junit4-common-1.7.0.jar:/root/.m2/repository/com/github/luben/zstd-jni/1.3.1-1/zstd-jni-1.3.1-1.jar:/root/.m2/repository/org/powermock/powermock-reflect/1.7.0/powermock-reflect-1.7.0.jar:/root/.m2/repository/org/powermock/powermock-module-junit4/1.7.0/powermock-module-junit4-1.7.0.jar:/root/.m2/repository/org/brotli/dec/0.1.2/dec-0.1.2.jar]
[3] INFO AstorMain - Running Astor on a JDK at /usr/lib/jvm/java-8-openjdk-amd64/jre
[8] INFO main - Source folders: [/workdir/jKali_vul4j_apache_commons-compress_VUL4J-6/./src/main/java]
[8] INFO main - Source Test folders: [/workdir/jKali_vul4j_apache_commons-compress_VUL4J-6/./src/test/java]
[354] INFO AstorCoreEngine - ---- Creating spoon model
[370] INFO MutationSupporter - Creating model,  Code location from working folder: /workdir/jKali_vul4j_apache_commons-compress_VUL4J-6/./src/main/java
[370] INFO MutationSupporter - building model: /workdir/jKali_vul4j_apache_commons-compress_VUL4J-6/./src/main/java, compliance level: 7
[392] INFO MutationSupporter - Classpath (Dependencies) for building SpoonModel: [/root/.m2/repository/org/powermock/powermock-api-support/1.7.0/powermock-api-support-1.7.0.jar, /root/.m2/repository/org/powermock/powermock-core/1.7.0/powermock-core-1.7.0.jar, /root/.m2/repository/org/javassist/javassist/3.21.0-GA/javassist-3.21.0-GA.jar, /root/.m2/repository/org/powermock/powermock-api-mockito-common/1.7.0/powermock-api-mockito-common-1.7.0.jar, /root/.m2/repository/org/objenesis/objenesis/2.6/objenesis-2.6.jar, /root/.m2/repository/org/hamcrest/hamcrest-core/1.3/hamcrest-core-1.3.jar, /root/.m2/repository/org/powermock/powermock-api-mockito/1.7.0/powermock-api-mockito-1.7.0.jar, /root/.m2/repository/org/mockito/mockito-core/1.10.19/mockito-core-1.10.19.jar, /root/.m2/repository/org/tukaani/xz/1.6/xz-1.6.jar, /root/.m2/repository/junit/junit/4.12/junit-4.12.jar, /root/.m2/repository/org/powermock/powermock-module-junit4-common/1.7.0/powermock-module-junit4-common-1.7.0.jar, /root/.m2/repository/com/github/luben/zstd-jni/1.3.1-1/zstd-jni-1.3.1-1.jar, /root/.m2/repository/org/powermock/powermock-reflect/1.7.0/powermock-reflect-1.7.0.jar, /root/.m2/repository/org/powermock/powermock-module-junit4/1.7.0/powermock-module-junit4-1.7.0.jar, /root/.m2/repository/org/brotli/dec/0.1.2/dec-0.1.2.jar]
[4281] INFO AstorCoreEngine - Number of CtTypes created: 197
[4378] INFO AstorCoreEngine - Test retrieved from classes: 0
[4427] INFO AstorCoreEngine - Setting up the max to 490 milliseconds (0 sec)
[4427] INFO AstorCoreEngine - ---- Initial suspicious size: 1
[4595] INFO main - Total suspicious from FL: 1,  1
[4596] INFO main - Total ModPoint created: 1
[4596] INFO main - Creating program variant #1, [Variant id: 1, #gens: 1, #ops: 0, parent:-]
[4596] INFO main - Run previously failing tests...
[16834] INFO main - Failed tests: 1
[16834] INFO AstorCoreEngine - The original fitness is : 1.0
[16834] WARN ConfigurationProperties - ----------------------------
[16834] INFO ConfigurationProperties - ---Configuration properties
[16835] INFO ConfigurationProperties - p:lastJUnitVersion= ./examples/libs/junit-4.11.jar
[16835] INFO ConfigurationProperties - p:alternativecompliancelevel= 8
[16835] INFO ConfigurationProperties - p:ignoredTestCases= 
[16835] INFO ConfigurationProperties - p:workingDirectory= /workdir/jKali_vul4j_apache_commons-compress_VUL4J-6/./output_astor
[16835] INFO ConfigurationProperties - p:manipulatesuper= false
[16835] INFO ConfigurationProperties - p:validation= externalcmd
[16835] INFO ConfigurationProperties - p:jvm4testexecution= /usr/lib/jvm/jdk1.7.0_80/bin
[16835] INFO ConfigurationProperties - p:operatorspace= suppression
[16835] INFO ConfigurationProperties - p:diffcontext= 0
[16835] INFO ConfigurationProperties - p:binjavafolder= target/classes
[16835] INFO ConfigurationProperties - p:synthesis_depth= 3
[16835] INFO ConfigurationProperties - p:gzoltartestpackagetoexclude= junit.framework
[16835] INFO ConfigurationProperties - p:skipfitnessinitialpopulation= false
[16835] INFO ConfigurationProperties - p:evosuiteresultfolder= evosuite
[16835] INFO ConfigurationProperties - p:flthreshold= 0.1
[16835] INFO ConfigurationProperties - p:regressionforfaultlocalization= true
[16835] INFO ConfigurationProperties - p:collectonlyusedmethod= false
[16835] INFO ConfigurationProperties - p:preservelinenumbers= true
[16835] INFO ConfigurationProperties - p:tmax2= 490
[16835] INFO ConfigurationProperties - p:tmax1= 10000
[16835] INFO ConfigurationProperties - p:probagenmutation= false
[16835] INFO ConfigurationProperties - p:nomodificationconvergence= 100
[16835] INFO ConfigurationProperties - p:diff_type= relative
[16835] INFO ConfigurationProperties - p:targetelementprocessor= statements
[16835] INFO ConfigurationProperties - p:srctestfolder= src/test/java
[16835] INFO ConfigurationProperties - p:forceExecuteRegression= false
[16835] INFO ConfigurationProperties - p:clusteringfilename= clustering.csv
[16835] INFO ConfigurationProperties - p:failing= org.apache.commons.compress.Test_CVE_2018_1324#testCVE_2018_1324
[16835] INFO ConfigurationProperties - p:logtestexecution= false
[16835] INFO ConfigurationProperties - p:evo_buggy_class= true
[16835] INFO ConfigurationProperties - p:numberExecutions= 1
[16835] INFO ConfigurationProperties - p:maxnumbersolutions= 1000000
[16835] INFO ConfigurationProperties - p:evo_affected_by_op= true
[16835] INFO ConfigurationProperties - p:population= 1
[16835] INFO ConfigurationProperties - p:considerzerovaluesusp= false
[16835] INFO ConfigurationProperties - p:maxCombinationVariableLimit= false
[16835] INFO ConfigurationProperties - p:savesolution= true
[16835] INFO ConfigurationProperties - p:javacompliancelevel= 7
[16835] INFO ConfigurationProperties - p:x= x
[16835] INFO ConfigurationProperties - p:uniqueoptogen= false
[16836] INFO ConfigurationProperties - p:gzoltarpackagetonotinstrument= junit.framework
[16836] INFO ConfigurationProperties - p:projectIdentifier= apache_commons-compress-VUL4J-6
[16836] INFO ConfigurationProperties - p:modificationpointnavigation= weight
[16836] INFO ConfigurationProperties - p:stopfirst= true
[16836] INFO ConfigurationProperties - p:multipointmodification= false
[16836] INFO ConfigurationProperties - p:elementsToMutate= 10
[16836] INFO ConfigurationProperties - p:jsonoutputname= astor_output
[16836] INFO ConfigurationProperties - p:evoDSE= false
[16836] INFO ConfigurationProperties - p:bintestfolder= target/test-classes
[16836] INFO ConfigurationProperties - p:testbystep= false
[16836] INFO ConfigurationProperties - p:version-location= ./math-version/
[16836] INFO ConfigurationProperties - p:reintroduce= PARENTS:ORIGINAL
[16836] INFO ConfigurationProperties - p:perfectdata= /script/../data/benchmarks/vul4j/perfectfl/VUL4J-6
[16836] INFO ConfigurationProperties - p:executorjar= ./lib/jtestex7.jar
[16836] INFO ConfigurationProperties - p:maxGeneration= 1000000
[16836] INFO ConfigurationProperties - p:max_synthesis_step= 10000
[16836] INFO ConfigurationProperties - p:projectinfocommand= com.github.tdurieux:project-config-maven-plugin:info
[16836] INFO ConfigurationProperties - p:maxVarCombination= 1000
[16836] INFO ConfigurationProperties - p:maxtime= 120
[16836] INFO ConfigurationProperties - p:evosuitejar= ./lib/evosuite-master-1.0.4-SNAPSHOT.jar
[16836] INFO ConfigurationProperties - p:jvmversion= 1.7.0_80
[16836] INFO ConfigurationProperties - p:commandTrunk= 50000
[16836] INFO ConfigurationProperties - p:faultlocalization= perfect
[16836] INFO ConfigurationProperties - p:resetmodel= true
[16836] INFO ConfigurationProperties - p:maxsuspcandidates= 1000
[16836] INFO ConfigurationProperties - p:mode= jkali
[16836] INFO ConfigurationProperties - p:learningdir= 
[16836] INFO ConfigurationProperties - p:jvm4evosuitetestexecution= /usr/lib/jvm/jdk1.7.0_80/bin
[16836] INFO ConfigurationProperties - p:filterfaultlocalization= true
[16836] INFO ConfigurationProperties - p:mutationrate= 1 
[16836] INFO ConfigurationProperties - p:pathToMVNRepository= 
[16836] INFO ConfigurationProperties - p:resourcesfolder= /src/main/resources:/src/test/resources:
[16836] INFO ConfigurationProperties - p:timezone= America/Los_Angeles
[16836] INFO ConfigurationProperties - p:runjava7code= false
[16836] INFO ConfigurationProperties - p:testfailingcmd= mvn test -Dtest=org.apache.commons.compress.Test_CVE_2018_1324 -Dhttps.protocols=TLSv1.2 -Denforcer.skip=true -Dcheckstyle.skip=true -Dcobertura.skip=true -DskipITs=true -Drat.skip=true -Dlicense.skip=true -Dpmd.skip=true -Dfindbugs.skip=true -Dgpg.skip=true -Dskip.npm=true -Dskip.gulp=true -Dskip.bower=true -Danimal.sniffer.skip=true -V -B
[16836] INFO ConfigurationProperties - p:evoRunOnBuggyClass= true
[16836] INFO ConfigurationProperties - p:compiler= fr.inria.astor.core.manipulation.bytecode.compiler.SpoonClassCompiler
[16836] INFO ConfigurationProperties - p:limitbysuspicious= true
[16836] INFO ConfigurationProperties - p:logsattemps= true
[16836] INFO ConfigurationProperties - p:dependenciespath= /root/.m2/repository/org/powermock/powermock-api-support/1.7.0/powermock-api-support-1.7.0.jar:/root/.m2/repository/org/powermock/powermock-core/1.7.0/powermock-core-1.7.0.jar:/root/.m2/repository/org/javassist/javassist/3.21.0-GA/javassist-3.21.0-GA.jar:/root/.m2/repository/org/powermock/powermock-api-mockito-common/1.7.0/powermock-api-mockito-common-1.7.0.jar:/root/.m2/repository/org/objenesis/objenesis/2.6/objenesis-2.6.jar:/root/.m2/repository/org/hamcrest/hamcrest-core/1.3/hamcrest-core-1.3.jar:/root/.m2/repository/org/powermock/powermock-api-mockito/1.7.0/powermock-api-mockito-1.7.0.jar:/root/.m2/repository/org/mockito/mockito-core/1.10.19/mockito-core-1.10.19.jar:/root/.m2/repository/org/tukaani/xz/1.6/xz-1.6.jar:/root/.m2/repository/junit/junit/4.12/junit-4.12.jar:/root/.m2/repository/org/powermock/powermock-module-junit4-common/1.7.0/powermock-module-junit4-common-1.7.0.jar:/root/.m2/repository/com/github/luben/zstd-jni/1.3.1-1/zstd-jni-1.3.1-1.jar:/root/.m2/repository/org/powermock/powermock-reflect/1.7.0/powermock-reflect-1.7.0.jar:/root/.m2/repository/org/powermock/powermock-module-junit4/1.7.0/powermock-module-junit4-1.7.0.jar:/root/.m2/repository/org/brotli/dec/0.1.2/dec-0.1.2.jar
[16836] INFO ConfigurationProperties - p:packageToInstrument= 
[16836] INFO ConfigurationProperties - p:skipfaultlocalization= false
[16836] INFO ConfigurationProperties - p:scope= local
[16836] INFO ConfigurationProperties - p:transformingredient= false
[16836] INFO ConfigurationProperties - p:fitnessfunction= fr.inria.astor.core.solutionsearch.population.TestCaseFitnessFunction
[16836] INFO ConfigurationProperties - p:maxnumvariablesperingredient= 10
[16836] INFO ConfigurationProperties - p:parsesourcefromoriginal= true
[16837] INFO ConfigurationProperties - p:pvariantfoldername= variant-
[16837] INFO ConfigurationProperties - p:savespoonmodelondisk= false
[16837] INFO ConfigurationProperties - p:srcjavafolder= src/main/java
[16837] INFO ConfigurationProperties - p:populationcontroller= fr.inria.astor.core.solutionsearch.population.TestCaseBasedFitnessPopulationController
[16837] INFO ConfigurationProperties - p:ignoreflakyinfl= false
[16837] INFO ConfigurationProperties - p:cleantemplates= true
[16837] INFO ConfigurationProperties - p:applyCrossover= false
[16837] INFO ConfigurationProperties - p:maxmodificationpoints= 1000
[16837] INFO ConfigurationProperties - p:duplicateingredientsinspace= false
[16837] INFO ConfigurationProperties - p:metid= 0
[16837] INFO ConfigurationProperties - p:continuewhenmodelfail= true
[16837] INFO ConfigurationProperties - p:saveall= false
[16837] INFO ConfigurationProperties - p:seed= 0
[16837] INFO ConfigurationProperties - p:savecompletepatched= true
[16837] INFO ConfigurationProperties - p:resetoperations= false
[16837] INFO ConfigurationProperties - p:keepcomments= false
[16837] INFO ConfigurationProperties - p:processoutputinfile= false
[16837] INFO ConfigurationProperties - p:location= .
[16837] INFO ConfigurationProperties - p:probabilistictransformation= true
[16837] INFO ConfigurationProperties - p:overridemaxtime= true
[16837] INFO ConfigurationProperties - p:outputjsonresult= true
[16837] INFO ConfigurationProperties - p:allpoints= false
[16837] INFO ConfigurationProperties - p:antipattern= false
[16837] INFO ConfigurationProperties - p:bugId= 280
[16837] INFO ConfigurationProperties - p:evosuitetimeout= 120
[16837] INFO ConfigurationProperties - p:maxtimefactor= 10
[16837] INFO ConfigurationProperties - p:nrPlaceholders= 1
[16837] INFO ConfigurationProperties - p:testallcmd= mvn test -Dhttps.protocols=TLSv1.2 -Denforcer.skip=true -Dcheckstyle.skip=true -Dcobertura.skip=true -DskipITs=true -Drat.skip=true -Dlicense.skip=true -Dpmd.skip=true -Dfindbugs.skip=true -Dgpg.skip=true -Dskip.npm=true -Dskip.gulp=true -Dskip.bower=true -Danimal.sniffer.skip=true -V -B
[16837] INFO ConfigurationProperties - p:forcesubprocesskilling= false
[16837] INFO ConfigurationProperties - ----------------------------
[16838] INFO AstorCoreEngine - mod_point MP=org.apache.commons.compress.archivers.zip.X0017_StrongEncryptionHeader line: 313, pointed element: CtForImpl
[16839] INFO AstorCoreEngine - -->op: OP_INSTANCE:
RemoveOp:(spoon.support.reflect.code.CtForImpl) `for (int i = 0; i < this.rcount; i++) { 	for (int j = 0; j < this.hashSize; j++) {  	} } ` -topatch--> `-` (null) 
[17382] INFO main - Run previously failing tests...
[32494] INFO main - Failed tests: 0
[32494] INFO main - Run whole testsuite...
[72662] INFO main - Failed tests: 0
[72663] INFO AstorCoreEngine - -Found Solution, child variant #2
[72696] INFO AstorCoreEngine - Time Repair Loop (s): 55.859
[72697] INFO AstorCoreEngine - generationsexecuted: 1
[72697] WARN AstorCoreEngine - ----SUMMARY_EXECUTION---
[72697] WARN AstorCoreEngine - End Repair Search: Found solution
[72697] WARN AstorCoreEngine - Solution stored at: /workdir/jKali_vul4j_apache_commons-compress_VUL4J-6/./output_astor/AstorMain-apache_commons-compress-VUL4J-6//src/
[72697] WARN AstorCoreEngine - Number solutions:1
[72697] INFO AstorCoreEngine - f (sol): 0.0, [Variant id: 2 (SOL) , #gens: 1, #ops: 1, parent:1]
[72697] WARN AstorCoreEngine - Number suspicious:1
[72763] INFO AstorCoreEngine - 
 --SOLUTIONS DESCRIPTION--

 ----
ProgramVariant 2
 
time(sec)= 0
operation: RemoveOp
location= org.apache.commons.compress.archivers.zip.X0017_StrongEncryptionHeader
line= 313
lineSuspiciousness= 1
lineSuspiciousness= 0
original statement= for (int i = 0; i < this.rcount; i++) {
	for (int j = 0; j < this.hashSize; j++) {

	}
}
buggy kind= CtForImpl|CtBlockImpl
fixed statement= 
generation= 1
ingredientScope= -
validation=|true|0|0|[]|
diffpatch=--- /workdir/jKali_vul4j_apache_commons-compress_VUL4J-6/src/main/java/org/apache/commons/compress/archivers/zip/X0017_StrongEncryptionHeaderjava
+++ /workdir/jKali_vul4j_apache_commons-compress_VUL4J-6/src/main/java/org/apache/commons/compress/archivers/zip/X0017_StrongEncryptionHeaderjava
@@ -54,4 +53,0 @@
-			for (int i = 0; i < this.rcount; i++) {
-				for (int j = 0; j < this.hashSize; j++) {
-				}
-			}


diffpatchoriginal=--- /workdir/jKali_vul4j_apache_commons-compress_VUL4J-6/src/main/java/org/apache/commons/compress/archivers/zip/X0017_StrongEncryptionHeaderjava
+++ /workdir/jKali_vul4j_apache_commons-compress_VUL4J-6/src/main/java/org/apache/commons/compress/archivers/zip/X0017_StrongEncryptionHeaderjava
@@ -313,2 +312,0 @@
-			for (int i = 0; i < this.rcount; i++) {
-				for (int j = 0; j < this.hashSize; j++) {
@@ -316,2 +314,4 @@
-				}
-			}
+
+
+
+



[72764] INFO AstorCoreEngine - Generation 1
Astor Output:

General stats:
EXECUTION_IDENTIFIER=apache_commons-compress-VUL4J-6
TOTAL_TIME=55.859
NR_GENERATIONS=null
NR_RIGHT_COMPILATIONS=1
NR_FAILLING_COMPILATIONS=null
NR_ERRONEOUS_VARIANCES=null
NR_FAILING_VALIDATION_PROCESS=null
OUTPUT_STATUS=STOP_BY_PATCH_FOUND

Patch stats:

Patch 1
VARIANT_ID=2
TIME=0
VALIDATION=|true|0|0|[]|
GENERATION=1
FOLDER_SOLUTION_CODE=/workdir/jKali_vul4j_apache_commons-compress_VUL4J-6/./output_astor/AstorMain-apache_commons-compress-VUL4J-6//src//variant-2
--Patch Hunk #1
OPERATOR=RemoveOp

LOCATION=org.apache.commons.compress.archivers.zip.X0017_StrongEncryptionHeader

PATH=/workdir/jKali_vul4j_apache_commons-compress_VUL4J-6/src/main/java/org/apache/commons/compress/archivers/zip/X0017_StrongEncryptionHeader.java

MODIFIED_FILE_PATH=/workdir/jKali_vul4j_apache_commons-compress_VUL4J-6/./output_astor/AstorMain-apache_commons-compress-VUL4J-6//src//variant-2/org/apache/commons/compress/archivers/zip/X0017_StrongEncryptionHeader.java

LINE=313

SUSPICIOUNESS=1

MP_RANKING=0

ORIGINAL_CODE=for (int i = 0; i < this.rcount; i++) {
	for (int j = 0; j < this.hashSize; j++) {

	}
}

BUGGY_CODE_TYPE=CtForImpl|CtBlockImpl

PATCH_HUNK_CODE=null

PATCH_HUNK_TYPE=null

INGREDIENT_SCOPE=null

INGREDIENT_PARENT=null

PATCH_DIFF_ORIG=--- /workdir/jKali_vul4j_apache_commons-compress_VUL4J-6/src/main/java/org/apache/commons/compress/archivers/zip/X0017_StrongEncryptionHeaderjava
+++ /workdir/jKali_vul4j_apache_commons-compress_VUL4J-6/src/main/java/org/apache/commons/compress/archivers/zip/X0017_StrongEncryptionHeaderjava
@@ -313,2 +312,0 @@
-			for (int i = 0; i < this.rcount; i++) {
-				for (int j = 0; j < this.hashSize; j++) {
@@ -316,2 +314,4 @@
-				}
-			}
+
+
+
+



[72769] INFO Stats - Storing ing JSON at /workdir/jKali_vul4j_apache_commons-compress_VUL4J-6/./output_astor/AstorMain-apache_commons-compress-VUL4J-6//astor_output.json
[72770] INFO Stats - astor_output:
{"general":{"NR_RIGHT_COMPILATIONS":1,"NR_ERRONEOUS_VARIANCES":null,"EXECUTION_IDENTIFIER":"apache_commons-compress-VUL4J-6","OUTPUT_STATUS":"STOP_BY_PATCH_FOUND","NR_FAILLING_COMPILATIONS":null,"NR_GENERATIONS":null,"TOTAL_TIME":55.859,"NR_FAILING_VALIDATION_PROCESS":null},"patches":[{"VARIANT_ID":"2","VALIDATION":"|true|0|0|[]|","patchhunks":[{"LOCATION":"org.apache.commons.compress.archivers.zip.X0017_StrongEncryptionHeader","PATH":"\\\/workdir\\\/jKali_vul4j_apache_commons-compress_VUL4J-6\\\/src\\\/main\\\/java\\\/org\\\/apache\\\/commons\\\/compress\\\/archivers\\\/zip\\\/X0017_StrongEncryptionHeader.java","ORIGINAL_CODE":"for (int i = 0; i < this.rcount; i++) {\\n\\tfor (int j = 0; j < this.hashSize; j++) {\\n\\n\\t}\\n}","BUGGY_CODE_TYPE":"CtForImpl|CtBlockImpl","OPERATOR":"RemoveOp","MODIFIED_FILE_PATH":"\\\/workdir\\\/jKali_vul4j_apache_commons-compress_VUL4J-6\\\/.\\\/output_astor\\\/AstorMain-apache_commons-compress-VUL4J-6\\\/\\\/src\\\/\\\/variant-2\\\/org\\\/apache\\\/commons\\\/compress\\\/archivers\\\/zip\\\/X0017_StrongEncryptionHeader.java","LINE":"313","SUSPICIOUNESS":"1","MP_RANKING":"0"}],"TIME":"0","GENERATION":"1","FOLDER_SOLUTION_CODE":"\\\/workdir\\\/jKali_vul4j_apache_commons-compress_VUL4J-6\\\/.\\\/output_astor\\\/AstorMain-apache_commons-compress-VUL4J-6\\\/\\\/src\\\/\\\/variant-2","PATCH_DIFF_ORIG":"--- \\\/workdir\\\/jKali_vul4j_apache_commons-compress_VUL4J-6\\\/src\\\/main\\\/java\\\/org\\\/apache\\\/commons\\\/compress\\\/archivers\\\/zip\\\/X0017_StrongEncryptionHeaderjava\\n+++ \\\/workdir\\\/jKali_vul4j_apache_commons-compress_VUL4J-6\\\/src\\\/main\\\/java\\\/org\\\/apache\\\/commons\\\/compress\\\/archivers\\\/zip\\\/X0017_StrongEncryptionHeaderjava\\n@@ -313,2 +312,0 @@\\n-\\t\\t\\tfor (int i = 0; i < this.rcount; i++) {\\n-\\t\\t\\t\\tfor (int j = 0; j < this.hashSize; j++) {\\n@@ -316,2 +314,4 @@\\n-\\t\\t\\t\\t}\\n-\\t\\t\\t}\\n+\\n+\\n+\\n+\\n\\n"}]}
[72770] INFO AstorMain - Time Total(s): 72.764
91.98user 17.11system 1:13.03elapsed 149%CPU (0avgtext+0avgdata 944460maxresident)k
5664inputs+128048outputs (13major+727849minor)pagefaults 0swaps


Node: 2c8178711f7b



Date: Mon Oct 24 08:42:01 EDT 2022

