cd /workdir/TBar_vul4j_FasterXML_jackson-dataformat-xml_VUL4J-47;
export JAVA_TOOL_OPTIONS="-Dfile.encoding=UTF8 -Duser.language=en-US -Duser.country=US -Duser.language=en";
TZ="America/New_York"; export TZ;
export PATH="/usr/lib/jvm/jdk1.7.0_80/bin:$PATH";
export JAVA_HOME="/usr/lib/jvm/jdk1.7.0_80";
timeout 240m java -Xmx4g -Xms1g -XX:MaxPermSize=512m \
    -cp /script/../libs/tbar_external/com.gzoltar-0.1.1-jdk7.jar:/script/../repair_tools/tbar.jar edu.lu.uni.serval.tbar.main.Main \
    "/workdir/TBar_vul4j_FasterXML_jackson-dataformat-xml_VUL4J-47" "com.fasterxml.jackson.dataformat.xml.SupportDTDDefaultsTest#testDTDAttempt" "/src/main/java/" "/src/test/java/" "/target/classes/" "/target/test-classes/" "/script/../data/benchmarks/vul4j/perfectfl/VUL4J-47/spectra.txt" "mvn test -Dtest=com.fasterxml.jackson.dataformat.xml.SupportDTDDefaultsTest#testDTDAttempt -Dhttps.protocols=TLSv1.2 -Denforcer.skip=true -Dcheckstyle.skip=true -Dcobertura.skip=true -DskipITs=true -Drat.skip=true -Dlicense.skip=true -Dpmd.skip=true -Dfindbugs.skip=true -Dgpg.skip=true -Dskip.npm=true -Dskip.gulp=true -Dskip.bower=true -Danimal.sniffer.skip=true -V -B" "mvn test -Dhttps.protocols=TLSv1.2 -Denforcer.skip=true -Dcheckstyle.skip=true -Dcobertura.skip=true -DskipITs=true -Drat.skip=true -Dlicense.skip=true -Dpmd.skip=true -Dfindbugs.skip=true -Dgpg.skip=true -Dskip.npm=true -Dskip.gulp=true -Dskip.bower=true -Danimal.sniffer.skip=true -V -B" "/root/.m2/repository/com/fasterxml/jackson/core/jackson-annotations/2.7.0/jackson-annotations-2.7.0.jar:/root/.m2/repository/com/fasterxml/jackson/core/jackson-core/2.7.8/jackson-core-2.7.8.jar:/root/.m2/repository/com/fasterxml/jackson/core/jackson-databind/2.7.8/jackson-databind-2.7.8.jar:/root/.m2/repository/org/codehaus/woodstox/stax2-api/3.1.4/stax2-api-3.1.4.jar:/root/.m2/repository/junit/junit/4.12/junit-4.12.jar:/root/.m2/repository/com/fasterxml/woodstox/woodstox-core/5.0.2/woodstox-core-5.0.2.jar:/root/.m2/repository/com/fasterxml/jackson/module/jackson-module-jaxb-annotations/2.7.8/jackson-module-jaxb-annotations-2.7.8.jar:/root/.m2/repository/javax/xml/stream/stax-api/1.0-2/stax-api-1.0-2.jar:/root/.m2/repository/org/hamcrest/hamcrest-core/1.3/hamcrest-core-1.3.jar";
echo "\n\nNode: `hostname`\n";
echo "\n\nDate: `date`\n";
Picked up JAVA_TOOL_OPTIONS: -Dfile.encoding=UTF8 -Duser.language=en-US -Duser.country=US -Duser.language=en
13:22:47,253 |-INFO in ch.qos.logback.classic.LoggerContext[TBar] - Could NOT find resource [logback-test.xml]
13:22:47,253 |-INFO in ch.qos.logback.classic.LoggerContext[TBar] - Could NOT find resource [logback.groovy]
13:22:47,253 |-INFO in ch.qos.logback.classic.LoggerContext[TBar] - Found resource [logback.xml] at [jar:file:/repair_tools/tbar.jar!/logback.xml]
13:22:47,268 |-INFO in ch.qos.logback.core.joran.spi.ConfigurationWatchList@4e3dabe4 - URL [jar:file:/repair_tools/tbar.jar!/logback.xml] is not of type file
13:22:47,307 |-INFO in ch.qos.logback.classic.joran.action.ConfigurationAction - debug attribute not set
13:22:47,309 |-INFO in ch.qos.logback.classic.joran.action.ContextNameAction - Setting logger context name as [TBar]
13:22:47,309 |-INFO in ch.qos.logback.core.joran.action.AppenderAction - About to instantiate appender of type [ch.qos.logback.core.ConsoleAppender]
13:22:47,311 |-INFO in ch.qos.logback.core.joran.action.AppenderAction - Naming appender as [STDOUT]
13:22:47,351 |-INFO in ch.qos.logback.classic.joran.action.LoggerAction - Setting level of logger [org.hibernate.engine.query.HQLQueryPlan] to DEBUG
13:22:47,351 |-INFO in ch.qos.logback.classic.joran.action.LoggerAction - Setting additivity of logger [org.hibernate.engine.query.HQLQueryPlan] to false
13:22:47,351 |-INFO in ch.qos.logback.classic.joran.action.LoggerAction - Setting level of logger [com.piedra.logback] to DEBUG
13:22:47,351 |-ERROR in ch.qos.logback.core.joran.action.AppenderRefAction - Could not find an appender named [FILE]. Did you define it below instead of above in the configuration file?
13:22:47,351 |-ERROR in ch.qos.logback.core.joran.action.AppenderRefAction - See http://logback.qos.ch/codes.html#appender_order for more details.
13:22:47,351 |-INFO in ch.qos.logback.classic.joran.action.RootLoggerAction - Setting level of ROOT logger to DEBUG
13:22:47,351 |-INFO in ch.qos.logback.core.joran.action.AppenderRefAction - Attaching appender named [STDOUT] to Logger[ROOT]
13:22:47,352 |-ERROR in ch.qos.logback.core.joran.action.AppenderRefAction - Could not find an appender named [ROLLINGFILE]. Did you define it below instead of above in the configuration file?
13:22:47,352 |-ERROR in ch.qos.logback.core.joran.action.AppenderRefAction - See http://logback.qos.ch/codes.html#appender_order for more details.
13:22:47,352 |-INFO in ch.qos.logback.classic.joran.action.ConfigurationAction - End of configuration.
13:22:47,361 |-INFO in ch.qos.logback.classic.joran.JoranConfigurator@32e02ddd - Registering current configuration as safe fallback point

2022-09-14 13:22:47.456 [main] INFO  edu.lu.uni.serval.tbar.AbstractFixer - TBar_vul4j_FasterXML_jackson-dataformat-xml_VUL4J-47 Failed Tests: 1
2022-09-14 13:22:47.459 [main] INFO  edu.lu.uni.serval.tbar.TBarFixer - =======StaticBugFixer: Start to fix suspicious code======
2022-09-14 13:22:47.459 [main] DEBUG edu.lu.uni.serval.tbar.AbstractFixer - com.fasterxml.jackson.dataformat.xml.XmlFactory ===113
2022-09-14 13:22:48.222 [main] DEBUG edu.lu.uni.serval.tbar.AbstractFixer - Suspicious Code: 
xmlIn = XMLInputFactory.newInstance();
2022-09-14 13:22:49.940 [main] DEBUG edu.lu.uni.serval.tbar.AbstractFixer - Patch Candidate:
@@ -110,7 +110,7 @@ public class XmlFactory extends JsonFactory
-            xmlIn = XMLInputFactory.newInstance();
+
2022-09-14 13:22:49.940 [main] DEBUG edu.lu.uni.serval.tbar.AbstractFixer - Compiling
2022-09-14 13:22:50.882 [main] DEBUG edu.lu.uni.serval.tbar.AbstractFixer - Test previously failed test cases.
2022-09-14 13:22:57.531 [main] DEBUG edu.lu.uni.serval.tbar.AbstractFixer - Patch Candidate:
@@ -101,26 +101,7 @@ public class XmlFactory extends JsonFactory
-    protected XmlFactory(ObjectCodec oc, int xpFeatures, int xgFeatures,
-            XMLInputFactory xmlIn, XMLOutputFactory xmlOut,
-            String nameForTextElem)
-    {
-        super(oc);
-        _xmlParserFeatures = xpFeatures;
-        _xmlGeneratorFeatures = xgFeatures;
-        _cfgNameForTextElement = nameForTextElem;
-        if (xmlIn == null) {
-            xmlIn = XMLInputFactory.newInstance();
-            // as per [dataformat-xml#190], disable external entity expansion by default
-            xmlIn.setProperty(XMLInputFactory.IS_SUPPORTING_EXTERNAL_ENTITIES, Boolean.FALSE);
-        }
-        if (xmlOut == null) {
-            xmlOut = XMLOutputFactory.newInstance();
-        }
-        _initFactories(xmlIn, xmlOut);
-        _xmlInputFactory = xmlIn;
-        _xmlOutputFactory = xmlOut;
-    }
+
2022-09-14 13:22:57.532 [main] DEBUG edu.lu.uni.serval.tbar.AbstractFixer - Compiling
2022-09-14 13:22:58.426 [main] DEBUG edu.lu.uni.serval.tbar.AbstractFixer - BuggyProject ---Fixer: fix fail because of failed compiling! 
2022-09-14 13:22:58.462 [main] DEBUG edu.lu.uni.serval.tbar.AbstractFixer - com.fasterxml.jackson.dataformat.xml.XmlFactory ===115
2022-09-14 13:22:58.497 [main] DEBUG edu.lu.uni.serval.tbar.AbstractFixer - Suspicious Code: 
xmlIn.setProperty(XMLInputFactory.IS_SUPPORTING_EXTERNAL_ENTITIES, Boolean.FALSE);
2022-09-14 13:22:58.609 [main] DEBUG edu.lu.uni.serval.tbar.AbstractFixer - Patch Candidate:
@@ -112,7 +112,7 @@ public class XmlFactory extends JsonFactory
-            xmlIn.setProperty(XMLInputFactory.IS_SUPPORTING_EXTERNAL_ENTITIES, Boolean.FALSE);
+            this._xmlInputFactory.setProperty(XMLInputFactory.IS_SUPPORTING_EXTERNAL_ENTITIES, Boolean.FALSE);
2022-09-14 13:22:58.609 [main] DEBUG edu.lu.uni.serval.tbar.AbstractFixer - Compiling
2022-09-14 13:22:59.438 [main] DEBUG edu.lu.uni.serval.tbar.AbstractFixer - Test previously failed test cases.
2022-09-14 13:23:06.299 [main] DEBUG edu.lu.uni.serval.tbar.AbstractFixer - Patch Candidate:
@@ -112,7 +112,7 @@ public class XmlFactory extends JsonFactory
-            xmlIn.setProperty(XMLInputFactory.IS_SUPPORTING_EXTERNAL_ENTITIES, Boolean.FALSE);
+            copy().setProperty(XMLInputFactory.IS_SUPPORTING_EXTERNAL_ENTITIES, Boolean.FALSE);
2022-09-14 13:23:06.299 [main] DEBUG edu.lu.uni.serval.tbar.AbstractFixer - Compiling
2022-09-14 13:23:07.129 [main] DEBUG edu.lu.uni.serval.tbar.AbstractFixer - BuggyProject ---Fixer: fix fail because of failed compiling! 
2022-09-14 13:23:07.136 [main] DEBUG edu.lu.uni.serval.tbar.AbstractFixer - Patch Candidate:
@@ -112,7 +112,7 @@ public class XmlFactory extends JsonFactory
-            xmlIn.setProperty(XMLInputFactory.IS_SUPPORTING_EXTERNAL_ENTITIES, Boolean.FALSE);
+            version().setProperty(XMLInputFactory.IS_SUPPORTING_EXTERNAL_ENTITIES, Boolean.FALSE);
2022-09-14 13:23:07.136 [main] DEBUG edu.lu.uni.serval.tbar.AbstractFixer - Compiling
2022-09-14 13:23:08.038 [main] DEBUG edu.lu.uni.serval.tbar.AbstractFixer - BuggyProject ---Fixer: fix fail because of failed compiling! 
2022-09-14 13:23:08.044 [main] DEBUG edu.lu.uni.serval.tbar.AbstractFixer - Patch Candidate:
@@ -112,7 +112,7 @@ public class XmlFactory extends JsonFactory
-            xmlIn.setProperty(XMLInputFactory.IS_SUPPORTING_EXTERNAL_ENTITIES, Boolean.FALSE);
+            readResolve().setProperty(XMLInputFactory.IS_SUPPORTING_EXTERNAL_ENTITIES, Boolean.FALSE);
2022-09-14 13:23:08.044 [main] DEBUG edu.lu.uni.serval.tbar.AbstractFixer - Compiling
2022-09-14 13:23:08.787 [main] DEBUG edu.lu.uni.serval.tbar.AbstractFixer - BuggyProject ---Fixer: fix fail because of failed compiling! 
2022-09-14 13:23:08.793 [main] DEBUG edu.lu.uni.serval.tbar.AbstractFixer - Patch Candidate:
@@ -112,7 +112,7 @@ public class XmlFactory extends JsonFactory
-            xmlIn.setProperty(XMLInputFactory.IS_SUPPORTING_EXTERNAL_ENTITIES, Boolean.FALSE);
+            getXMLTextElementName().setProperty(XMLInputFactory.IS_SUPPORTING_EXTERNAL_ENTITIES, Boolean.FALSE);
2022-09-14 13:23:08.793 [main] DEBUG edu.lu.uni.serval.tbar.AbstractFixer - Compiling
2022-09-14 13:23:09.511 [main] DEBUG edu.lu.uni.serval.tbar.AbstractFixer - BuggyProject ---Fixer: fix fail because of failed compiling! 
2022-09-14 13:23:09.518 [main] DEBUG edu.lu.uni.serval.tbar.AbstractFixer - Patch Candidate:
@@ -112,7 +112,7 @@ public class XmlFactory extends JsonFactory
-            xmlIn.setProperty(XMLInputFactory.IS_SUPPORTING_EXTERNAL_ENTITIES, Boolean.FALSE);
+            getXMLInputFactory().setProperty(XMLInputFactory.IS_SUPPORTING_EXTERNAL_ENTITIES, Boolean.FALSE);
2022-09-14 13:23:09.518 [main] DEBUG edu.lu.uni.serval.tbar.AbstractFixer - Compiling
2022-09-14 13:23:10.420 [main] DEBUG edu.lu.uni.serval.tbar.AbstractFixer - Test previously failed test cases.
2022-09-14 13:23:17.056 [main] DEBUG edu.lu.uni.serval.tbar.AbstractFixer - Patch Candidate:
@@ -112,7 +112,7 @@ public class XmlFactory extends JsonFactory
-            xmlIn.setProperty(XMLInputFactory.IS_SUPPORTING_EXTERNAL_ENTITIES, Boolean.FALSE);
+            getXMLOutputFactory().setProperty(XMLInputFactory.IS_SUPPORTING_EXTERNAL_ENTITIES, Boolean.FALSE);
2022-09-14 13:23:17.056 [main] DEBUG edu.lu.uni.serval.tbar.AbstractFixer - Compiling
2022-09-14 13:23:17.848 [main] DEBUG edu.lu.uni.serval.tbar.AbstractFixer - Test previously failed test cases.
2022-09-14 13:23:24.716 [main] DEBUG edu.lu.uni.serval.tbar.AbstractFixer - Patch Candidate:
@@ -112,7 +112,7 @@ public class XmlFactory extends JsonFactory
-            xmlIn.setProperty(XMLInputFactory.IS_SUPPORTING_EXTERNAL_ENTITIES, Boolean.FALSE);
+            getFormatName().setProperty(XMLInputFactory.IS_SUPPORTING_EXTERNAL_ENTITIES, Boolean.FALSE);
2022-09-14 13:23:24.716 [main] DEBUG edu.lu.uni.serval.tbar.AbstractFixer - Compiling
2022-09-14 13:23:25.446 [main] DEBUG edu.lu.uni.serval.tbar.AbstractFixer - BuggyProject ---Fixer: fix fail because of failed compiling! 
2022-09-14 13:23:25.452 [main] DEBUG edu.lu.uni.serval.tbar.AbstractFixer - Patch Candidate:
@@ -112,7 +112,7 @@ public class XmlFactory extends JsonFactory
-            xmlIn.setProperty(XMLInputFactory.IS_SUPPORTING_EXTERNAL_ENTITIES, Boolean.FALSE);
+            requiresCustomCodec().setProperty(XMLInputFactory.IS_SUPPORTING_EXTERNAL_ENTITIES, Boolean.FALSE);
2022-09-14 13:23:25.452 [main] DEBUG edu.lu.uni.serval.tbar.AbstractFixer - Compiling
2022-09-14 13:23:26.169 [main] DEBUG edu.lu.uni.serval.tbar.AbstractFixer - BuggyProject ---Fixer: fix fail because of failed compiling! 
2022-09-14 13:23:26.175 [main] DEBUG edu.lu.uni.serval.tbar.AbstractFixer - Patch Candidate:
@@ -112,7 +112,7 @@ public class XmlFactory extends JsonFactory
-            xmlIn.setProperty(XMLInputFactory.IS_SUPPORTING_EXTERNAL_ENTITIES, Boolean.FALSE);
+            canUseCharArrays().setProperty(XMLInputFactory.IS_SUPPORTING_EXTERNAL_ENTITIES, Boolean.FALSE);
2022-09-14 13:23:26.176 [main] DEBUG edu.lu.uni.serval.tbar.AbstractFixer - Compiling
2022-09-14 13:23:27.003 [main] DEBUG edu.lu.uni.serval.tbar.AbstractFixer - BuggyProject ---Fixer: fix fail because of failed compiling! 
2022-09-14 13:23:27.008 [main] DEBUG edu.lu.uni.serval.tbar.AbstractFixer - Patch Candidate:
@@ -112,7 +112,7 @@ public class XmlFactory extends JsonFactory
-            xmlIn.setProperty(XMLInputFactory.IS_SUPPORTING_EXTERNAL_ENTITIES, Boolean.FALSE);
+            getFormatReadFeatureType().setProperty(XMLInputFactory.IS_SUPPORTING_EXTERNAL_ENTITIES, Boolean.FALSE);
2022-09-14 13:23:27.009 [main] DEBUG edu.lu.uni.serval.tbar.AbstractFixer - Compiling
2022-09-14 13:23:27.873 [main] DEBUG edu.lu.uni.serval.tbar.AbstractFixer - BuggyProject ---Fixer: fix fail because of failed compiling! 
2022-09-14 13:23:27.880 [main] DEBUG edu.lu.uni.serval.tbar.AbstractFixer - Patch Candidate:
@@ -112,7 +112,7 @@ public class XmlFactory extends JsonFactory
-            xmlIn.setProperty(XMLInputFactory.IS_SUPPORTING_EXTERNAL_ENTITIES, Boolean.FALSE);
+            getFormatWriteFeatureType().setProperty(XMLInputFactory.IS_SUPPORTING_EXTERNAL_ENTITIES, Boolean.FALSE);
2022-09-14 13:23:27.880 [main] DEBUG edu.lu.uni.serval.tbar.AbstractFixer - Compiling
2022-09-14 13:23:28.731 [main] DEBUG edu.lu.uni.serval.tbar.AbstractFixer - BuggyProject ---Fixer: fix fail because of failed compiling! 
2022-09-14 13:23:28.782 [main] DEBUG edu.lu.uni.serval.tbar.AbstractFixer - Patch Candidate:
@@ -112,7 +112,10 @@ public class XmlFactory extends JsonFactory
-            xmlIn.setProperty(XMLInputFactory.IS_SUPPORTING_EXTERNAL_ENTITIES, Boolean.FALSE);
+            if (XMLInputFactory.IS_SUPPORTING_EXTERNAL_ENTITIES != null) {
+	xmlIn.setProperty(XMLInputFactory.IS_SUPPORTING_EXTERNAL_ENTITIES, Boolean.FALSE);
+	}
+
2022-09-14 13:23:28.782 [main] DEBUG edu.lu.uni.serval.tbar.AbstractFixer - Compiling
2022-09-14 13:23:29.697 [main] DEBUG edu.lu.uni.serval.tbar.AbstractFixer - Test previously failed test cases.
2022-09-14 13:23:36.702 [main] DEBUG edu.lu.uni.serval.tbar.AbstractFixer - Patch Candidate:
@@ -112,7 +112,8 @@ public class XmlFactory extends JsonFactory
-            xmlIn.setProperty(XMLInputFactory.IS_SUPPORTING_EXTERNAL_ENTITIES, Boolean.FALSE);
+            if (XMLInputFactory.IS_SUPPORTING_EXTERNAL_ENTITIES == null) XMLInputFactory.IS_SUPPORTING_EXTERNAL_ENTITIES = new null();
+ xmlIn.setProperty(XMLInputFactory.IS_SUPPORTING_EXTERNAL_ENTITIES, Boolean.FALSE);
2022-09-14 13:23:36.702 [main] DEBUG edu.lu.uni.serval.tbar.AbstractFixer - Compiling
2022-09-14 13:23:36.984 [main] DEBUG edu.lu.uni.serval.tbar.AbstractFixer - BuggyProject ---Fixer: fix fail because of failed compiling! 
2022-09-14 13:23:36.990 [main] DEBUG edu.lu.uni.serval.tbar.AbstractFixer - Patch Candidate:
@@ -112,7 +112,10 @@ public class XmlFactory extends JsonFactory
-            xmlIn.setProperty(XMLInputFactory.IS_SUPPORTING_EXTERNAL_ENTITIES, Boolean.FALSE);
+            if (Boolean.FALSE != null) {
+	xmlIn.setProperty(XMLInputFactory.IS_SUPPORTING_EXTERNAL_ENTITIES, Boolean.FALSE);
+	}
+
2022-09-14 13:23:36.990 [main] DEBUG edu.lu.uni.serval.tbar.AbstractFixer - Compiling
2022-09-14 13:23:37.764 [main] DEBUG edu.lu.uni.serval.tbar.AbstractFixer - Test previously failed test cases.
2022-09-14 13:23:44.509 [main] DEBUG edu.lu.uni.serval.tbar.AbstractFixer - Patch Candidate:
@@ -112,7 +112,8 @@ public class XmlFactory extends JsonFactory
-            xmlIn.setProperty(XMLInputFactory.IS_SUPPORTING_EXTERNAL_ENTITIES, Boolean.FALSE);
+            if (Boolean.FALSE == null) Boolean.FALSE = new null();
+ xmlIn.setProperty(XMLInputFactory.IS_SUPPORTING_EXTERNAL_ENTITIES, Boolean.FALSE);
2022-09-14 13:23:44.509 [main] DEBUG edu.lu.uni.serval.tbar.AbstractFixer - Compiling
2022-09-14 13:23:44.788 [main] DEBUG edu.lu.uni.serval.tbar.AbstractFixer - BuggyProject ---Fixer: fix fail because of failed compiling! 
2022-09-14 13:23:44.795 [main] DEBUG edu.lu.uni.serval.tbar.AbstractFixer - Patch Candidate:
@@ -112,7 +112,10 @@ public class XmlFactory extends JsonFactory
-            xmlIn.setProperty(XMLInputFactory.IS_SUPPORTING_EXTERNAL_ENTITIES, Boolean.FALSE);
+            if (XMLInputFactory.IS_SUPPORTING_EXTERNAL_ENTITIES != null && Boolean.FALSE != null) {
+	xmlIn.setProperty(XMLInputFactory.IS_SUPPORTING_EXTERNAL_ENTITIES, Boolean.FALSE);
+	}
+
2022-09-14 13:23:44.795 [main] DEBUG edu.lu.uni.serval.tbar.AbstractFixer - Compiling
2022-09-14 13:23:45.656 [main] DEBUG edu.lu.uni.serval.tbar.AbstractFixer - Test previously failed test cases.
2022-09-14 13:23:52.658 [main] DEBUG edu.lu.uni.serval.tbar.AbstractFixer - Patch Candidate:
@@ -112,7 +112,7 @@ public class XmlFactory extends JsonFactory
-            xmlIn.setProperty(XMLInputFactory.IS_SUPPORTING_EXTERNAL_ENTITIES, Boolean.FALSE);
+
2022-09-14 13:23:52.658 [main] DEBUG edu.lu.uni.serval.tbar.AbstractFixer - Compiling
2022-09-14 13:23:53.579 [main] DEBUG edu.lu.uni.serval.tbar.AbstractFixer - Test previously failed test cases.
2022-09-14 13:24:00.747 [main] DEBUG edu.lu.uni.serval.tbar.AbstractFixer - Patch Candidate:
@@ -112,7 +112,7 @@ public class XmlFactory extends JsonFactory
-            xmlIn.setProperty(XMLInputFactory.IS_SUPPORTING_EXTERNAL_ENTITIES, Boolean.FALSE);
+            setXMLInputFactory(xmlIn);
2022-09-14 13:24:00.747 [main] DEBUG edu.lu.uni.serval.tbar.AbstractFixer - Compiling
2022-09-14 13:24:01.548 [main] DEBUG edu.lu.uni.serval.tbar.AbstractFixer - Test previously failed test cases.
2022-09-14 13:24:08.533 [main] DEBUG edu.lu.uni.serval.tbar.AbstractFixer - Patch Candidate:
@@ -112,7 +112,8 @@ public class XmlFactory extends JsonFactory
-            xmlIn.setProperty(XMLInputFactory.IS_SUPPORTING_EXTERNAL_ENTITIES, Boolean.FALSE);
+            setXMLInputFactory(xmlIn);
+	xmlIn.setProperty(XMLInputFactory.IS_SUPPORTING_EXTERNAL_ENTITIES, Boolean.FALSE);
2022-09-14 13:24:08.533 [main] DEBUG edu.lu.uni.serval.tbar.AbstractFixer - Compiling
2022-09-14 13:24:09.486 [main] DEBUG edu.lu.uni.serval.tbar.AbstractFixer - Test previously failed test cases.
2022-09-14 13:24:16.461 [main] DEBUG edu.lu.uni.serval.tbar.AbstractFixer - Patch Candidate:
@@ -113,6 +113,7 @@ public class XmlFactory extends JsonFactory
+	setXMLInputFactory(xmlIn);
2022-09-14 13:24:16.461 [main] DEBUG edu.lu.uni.serval.tbar.AbstractFixer - Compiling
2022-09-14 13:24:17.386 [main] DEBUG edu.lu.uni.serval.tbar.AbstractFixer - Test previously failed test cases.
2022-09-14 13:24:24.175 [main] INFO  edu.lu.uni.serval.tbar.TBarFixer - =======StaticBugFixer: Finish off fixing======
Failed to fix bug


Node: ee2bf67284b9



Date: Wed Sep 14 13:24:24 EDT 2022

