cd /workdir/Cardumen_vul4j_inversoft_prime-jwt_VUL4J-48;
export JAVA_TOOL_OPTIONS="-Dfile.encoding=UTF8 -Duser.language=en-US -Duser.country=US -Duser.language=en";
TZ="America/New_York"; export TZ;
export PATH="/usr/lib/jvm/java-8-openjdk-amd64/bin:$PATH";
export JAVA_HOME="/usr/lib/jvm/java-8-openjdk-amd64/bin";
time java -Xmx4g -Xms1g -XX:MaxPermSize=512m -cp /script/../libs/jtestex7.jar:/script/../repair_tools/astor.jar fr.inria.main.evolution.AstorMain \
	-mode cardumen \
	-location . \
	-id inversoft_prime-jwt-VUL4J-48 \
	-failing org.primeframework.jwt.VulnerabilityTest#test_unsecuredJWT_validation \
	-jvm4testexecution /usr/lib/jvm/java-8-openjdk-amd64/bin \
	-jvm4evosuitetestexecution /usr/lib/jvm/java-8-openjdk-amd64/bin \
	-maxgen 1000000 \
	-maxtime 120 \
	-stopfirst true \
	-seed 0 \
	-scope local \
	-population 1 \
	-javacompliancelevel 8 \
	-faultlocalization perfect \
    -perfectdata /script/../data/benchmarks/vul4j/perfectfl/VUL4J-48 \
    -validation externalcmd \
    -testfailingcmd "mvn test -Dtest=org.primeframework.jwt.VulnerabilityTest#test_unsecuredJWT_validation -Dhttps.protocols=TLSv1.2 -Denforcer.skip=true -Dcheckstyle.skip=true -Dcobertura.skip=true -DskipITs=true -Drat.skip=true -Dlicense.skip=true -Dpmd.skip=true -Dfindbugs.skip=true -Dgpg.skip=true -Dskip.npm=true -Dskip.gulp=true -Dskip.bower=true -Danimal.sniffer.skip=true -V -B" \
    -testallcmd "mvn test -Dhttps.protocols=TLSv1.2 -Denforcer.skip=true -Dcheckstyle.skip=true -Dcobertura.skip=true -DskipITs=true -Drat.skip=true -Dlicense.skip=true -Dpmd.skip=true -Dfindbugs.skip=true -Dgpg.skip=true -Dskip.npm=true -Dskip.gulp=true -Dskip.bower=true -Danimal.sniffer.skip=true -V -B"  \ \
	-srcjavafolder src/main/java \
	-srctestfolder src/test/java \
	-binjavafolder target/classes \
	-bintestfolder target/test-classes \
	-parameters x:x:maxCombinationVariableLimit:true:maxVarCombination:1000:maxCombinationVariableLimit:true:maxVarCombination:1000:maxCombinationVariableLimit:true:maxVarCombination:1000:maxCombinationVariableLimit:true:maxVarCombination:1000:maxCombinationVariableLimit:true:maxVarCombination:1000:maxCombinationVariableLimit:true:maxVarCombination:1000:maxCombinationVariableLimit:true:maxVarCombination:1000:maxCombinationVariableLimit:true:maxVarCombination:1000:maxCombinationVariableLimit:true:maxVarCombination:1000:maxCombinationVariableLimit:true:maxVarCombination:1000:maxCombinationVariableLimit:true:maxVarCombination:1000 \
	-dependencies /root/.m2/repository/com/beust/jcommander/1.27/jcommander-1.27.jar:/root/.m2/repository/org/hamcrest/hamcrest-core/1.1/hamcrest-core-1.1.jar:/root/.m2/repository/org/testng/testng/6.8.7/testng-6.8.7.jar:/root/.m2/repository/com/fasterxml/jackson/core/jackson-core/2.8.1/jackson-core-2.8.1.jar:/root/.m2/repository/com/fasterxml/jackson/core/jackson-annotations/2.8.1/jackson-annotations-2.8.1.jar:/root/.m2/repository/org/yaml/snakeyaml/1.12/snakeyaml-1.12.jar:/root/.m2/repository/junit/junit/4.10/junit-4.10.jar:/root/.m2/repository/org/beanshell/bsh/2.0b4/bsh-2.0b4.jar:/root/.m2/repository/com/fasterxml/jackson/core/jackson-databind/2.8.1/jackson-databind-2.8.1.jar;
	echo "\n\nNode: `hostname`\n";
	echo "\n\nDate: `date`\n";
Picked up JAVA_TOOL_OPTIONS: -Dfile.encoding=UTF8 -Duser.language=en-US -Duser.country=US -Duser.language=en
OpenJDK 64-Bit Server VM warning: ignoring option MaxPermSize=512m; support was removed in 8.0
[0] INFO ProjectConfiguration - Version of the JVM used: 1.8.0_342
[0] INFO main - Java version of the JDK used to run tests: 1.8.0_342
[0] INFO main - The compliance of the JVM is:  8
[3] INFO main - command line arguments: [-mode  cardumen  -location  .  -id  inversoft_prime-jwt-VUL4J-48  -failing  org.primeframework.jwt.VulnerabilityTest#test_unsecuredJWT_validation  -jvm4testexecution  /usr/lib/jvm/java-8-openjdk-amd64/bin  -jvm4evosuitetestexecution  /usr/lib/jvm/java-8-openjdk-amd64/bin  -maxgen  1000000  -maxtime  120  -stopfirst  true  -seed  0  -scope  local  -population  1  -javacompliancelevel  8  -faultlocalization  perfect  -perfectdata  /script/../data/benchmarks/vul4j/perfectfl/VUL4J-48  -validation  externalcmd  -testfailingcmd  mvn test -Dtest=org.primeframework.jwt.VulnerabilityTest#test_unsecuredJWT_validation -Dhttps.protocols=TLSv1.2 -Denforcer.skip=true -Dcheckstyle.skip=true -Dcobertura.skip=true -DskipITs=true -Drat.skip=true -Dlicense.skip=true -Dpmd.skip=true -Dfindbugs.skip=true -Dgpg.skip=true -Dskip.npm=true -Dskip.gulp=true -Dskip.bower=true -Danimal.sniffer.skip=true -V -B  -testallcmd  mvn test -Dhttps.protocols=TLSv1.2 -Denforcer.skip=true -Dcheckstyle.skip=true -Dcobertura.skip=true -DskipITs=true -Drat.skip=true -Dlicense.skip=true -Dpmd.skip=true -Dfindbugs.skip=true -Dgpg.skip=true -Dskip.npm=true -Dskip.gulp=true -Dskip.bower=true -Danimal.sniffer.skip=true -V -B     -srcjavafolder  src/main/java  -srctestfolder  src/test/java  -binjavafolder  target/classes  -bintestfolder  target/test-classes  -parameters  x:x:maxCombinationVariableLimit:true:maxVarCombination:1000:maxCombinationVariableLimit:true:maxVarCombination:1000:maxCombinationVariableLimit:true:maxVarCombination:1000:maxCombinationVariableLimit:true:maxVarCombination:1000:maxCombinationVariableLimit:true:maxVarCombination:1000:maxCombinationVariableLimit:true:maxVarCombination:1000:maxCombinationVariableLimit:true:maxVarCombination:1000:maxCombinationVariableLimit:true:maxVarCombination:1000:maxCombinationVariableLimit:true:maxVarCombination:1000:maxCombinationVariableLimit:true:maxVarCombination:1000:maxCombinationVariableLimit:true:maxVarCombination:1000  -dependencies  /root/.m2/repository/com/beust/jcommander/1.27/jcommander-1.27.jar:/root/.m2/repository/org/hamcrest/hamcrest-core/1.1/hamcrest-core-1.1.jar:/root/.m2/repository/org/testng/testng/6.8.7/testng-6.8.7.jar:/root/.m2/repository/com/fasterxml/jackson/core/jackson-core/2.8.1/jackson-core-2.8.1.jar:/root/.m2/repository/com/fasterxml/jackson/core/jackson-annotations/2.8.1/jackson-annotations-2.8.1.jar:/root/.m2/repository/org/yaml/snakeyaml/1.12/snakeyaml-1.12.jar:/root/.m2/repository/junit/junit/4.10/junit-4.10.jar:/root/.m2/repository/org/beanshell/bsh/2.0b4/bsh-2.0b4.jar:/root/.m2/repository/com/fasterxml/jackson/core/jackson-databind/2.8.1/jackson-databind-2.8.1.jar]
[6] INFO AstorMain - Running Astor on a JDK at /usr/lib/jvm/java-8-openjdk-amd64/jre
[13] INFO main - Source folders: [/workdir/Cardumen_vul4j_inversoft_prime-jwt_VUL4J-48/./src/main/java]
[14] INFO main - Source Test folders: [/workdir/Cardumen_vul4j_inversoft_prime-jwt_VUL4J-48/./src/test/java]
[607] INFO AstorCoreEngine - ---- Creating spoon model
[634] INFO MutationSupporter - Creating model,  Code location from working folder: /workdir/Cardumen_vul4j_inversoft_prime-jwt_VUL4J-48/./src/main/java
[634] INFO MutationSupporter - building model: /workdir/Cardumen_vul4j_inversoft_prime-jwt_VUL4J-48/./src/main/java, compliance level: 8
[646] INFO MutationSupporter - Classpath (Dependencies) for building SpoonModel: [/root/.m2/repository/com/beust/jcommander/1.27/jcommander-1.27.jar, /root/.m2/repository/org/hamcrest/hamcrest-core/1.1/hamcrest-core-1.1.jar, /root/.m2/repository/org/testng/testng/6.8.7/testng-6.8.7.jar, /root/.m2/repository/com/fasterxml/jackson/core/jackson-core/2.8.1/jackson-core-2.8.1.jar, /root/.m2/repository/com/fasterxml/jackson/core/jackson-annotations/2.8.1/jackson-annotations-2.8.1.jar, /root/.m2/repository/org/yaml/snakeyaml/1.12/snakeyaml-1.12.jar, /root/.m2/repository/junit/junit/4.10/junit-4.10.jar, /root/.m2/repository/org/beanshell/bsh/2.0b4/bsh-2.0b4.jar, /root/.m2/repository/com/fasterxml/jackson/core/jackson-databind/2.8.1/jackson-databind-2.8.1.jar]
[2522] INFO AstorCoreEngine - Number of CtTypes created: 32
[2561] INFO AstorCoreEngine - Test retrieved from classes: 0
[2604] INFO AstorCoreEngine - Setting up the max to 440 milliseconds (0 sec)
[2605] INFO AstorCoreEngine - ---- Initial suspicious size: 3
[2721] INFO main - Total suspicious from FL: 3,  4
[2722] INFO main - Total ModPoint created: 4
[2722] INFO main - Creating program variant #1, [Variant id: 1, #gens: 4, #ops: 0, parent:-]
[2722] INFO main - Run previously failing tests...
[8455] INFO main - Failed tests: 1
[8456] INFO AstorCoreEngine - The original fitness is : 1.0
[9493] INFO ExpressionTypeIngredientSpace - Ingredient search space info : number keys 19 , number values 60 
[9493] WARN ConfigurationProperties - ----------------------------
[9494] INFO ConfigurationProperties - ---Configuration properties
[9495] INFO ConfigurationProperties - p:lastJUnitVersion= ./examples/libs/junit-4.11.jar
[9495] INFO ConfigurationProperties - p:alternativecompliancelevel= 8
[9495] INFO ConfigurationProperties - p:ignoredTestCases= 
[9495] INFO ConfigurationProperties - p:workingDirectory= /workdir/Cardumen_vul4j_inversoft_prime-jwt_VUL4J-48/./output_astor
[9495] INFO ConfigurationProperties - p:manipulatesuper= false
[9495] INFO ConfigurationProperties - p:validation= externalcmd
[9495] INFO ConfigurationProperties - p:jvm4testexecution= /usr/lib/jvm/java-8-openjdk-amd64/bin
[9495] INFO ConfigurationProperties - p:operatorspace= r-expression
[9495] INFO ConfigurationProperties - p:diffcontext= 0
[9495] INFO ConfigurationProperties - p:binjavafolder= target/classes
[9495] INFO ConfigurationProperties - p:synthesis_depth= 3
[9495] INFO ConfigurationProperties - p:gzoltartestpackagetoexclude= junit.framework
[9495] INFO ConfigurationProperties - p:skipfitnessinitialpopulation= false
[9495] INFO ConfigurationProperties - p:evosuiteresultfolder= evosuite
[9495] INFO ConfigurationProperties - p:flthreshold= 0.1
[9495] INFO ConfigurationProperties - p:regressionforfaultlocalization= true
[9495] INFO ConfigurationProperties - p:collectonlyusedmethod= false
[9495] INFO ConfigurationProperties - p:preservelinenumbers= true
[9496] INFO ConfigurationProperties - p:tmax2= 440
[9502] INFO ConfigurationProperties - p:ingredienttransformstrategy= name-probability-based
[9502] INFO ConfigurationProperties - p:tmax1= 10000
[9502] INFO ConfigurationProperties - p:probagenmutation= false
[9502] INFO ConfigurationProperties - p:nomodificationconvergence= 100
[9502] INFO ConfigurationProperties - p:diff_type= relative
[9502] INFO ConfigurationProperties - p:targetelementprocessor= expression
[9502] INFO ConfigurationProperties - p:srctestfolder= src/test/java
[9502] INFO ConfigurationProperties - p:forceExecuteRegression= false
[9502] INFO ConfigurationProperties - p:clusteringfilename= clustering.csv
[9502] INFO ConfigurationProperties - p:failing= org.primeframework.jwt.VulnerabilityTest#test_unsecuredJWT_validation
[9502] INFO ConfigurationProperties - p:logtestexecution= false
[9502] INFO ConfigurationProperties - p:evo_buggy_class= true
[9502] INFO ConfigurationProperties - p:numberExecutions= 1
[9502] INFO ConfigurationProperties - p:maxnumbersolutions= 1000000
[9503] INFO ConfigurationProperties - p:evo_affected_by_op= true
[9503] INFO ConfigurationProperties - p:population= 1
[9503] INFO ConfigurationProperties - p:considerzerovaluesusp= false
[9503] INFO ConfigurationProperties - p:maxCombinationVariableLimit= true
[9503] INFO ConfigurationProperties - p:savesolution= true
[9503] INFO ConfigurationProperties - p:javacompliancelevel= 8
[9503] INFO ConfigurationProperties - p:x= x
[9503] INFO ConfigurationProperties - p:uniqueoptogen= false
[9503] INFO ConfigurationProperties - p:gzoltarpackagetonotinstrument= junit.framework
[9503] INFO ConfigurationProperties - p:projectIdentifier= inversoft_prime-jwt-VUL4J-48
[9503] INFO ConfigurationProperties - p:modificationpointnavigation= weight
[9503] INFO ConfigurationProperties - p:stopfirst= true
[9503] INFO ConfigurationProperties - p:multipointmodification= false
[9503] INFO ConfigurationProperties - p:elementsToMutate= 10
[9503] INFO ConfigurationProperties - p:jsonoutputname= astor_output
[9503] INFO ConfigurationProperties - p:evoDSE= false
[9503] INFO ConfigurationProperties - p:bintestfolder= target/test-classes
[9503] INFO ConfigurationProperties - p:testbystep= false
[9503] INFO ConfigurationProperties - p:version-location= ./math-version/
[9504] INFO ConfigurationProperties - p:reintroduce= PARENTS:ORIGINAL
[9504] INFO ConfigurationProperties - p:perfectdata= /script/../data/benchmarks/vul4j/perfectfl/VUL4J-48
[9504] INFO ConfigurationProperties - p:executorjar= ./lib/jtestex7.jar
[9504] INFO ConfigurationProperties - p:maxGeneration= 1000000
[9504] INFO ConfigurationProperties - p:max_synthesis_step= 10000
[9504] INFO ConfigurationProperties - p:projectinfocommand= com.github.tdurieux:project-config-maven-plugin:info
[9504] INFO ConfigurationProperties - p:maxVarCombination= 1000
[9504] INFO ConfigurationProperties - p:maxtime= 120
[9504] INFO ConfigurationProperties - p:evosuitejar= ./lib/evosuite-master-1.0.4-SNAPSHOT.jar
[9504] INFO ConfigurationProperties - p:jvmversion= 1.8.0_342
[9504] INFO ConfigurationProperties - p:commandTrunk= 50000
[9504] INFO ConfigurationProperties - p:faultlocalization= perfect
[9504] INFO ConfigurationProperties - p:resetmodel= true
[9504] INFO ConfigurationProperties - p:maxsuspcandidates= 1000
[9504] INFO ConfigurationProperties - p:mode= cardumen
[9504] INFO ConfigurationProperties - p:learningdir= 
[9504] INFO ConfigurationProperties - p:jvm4evosuitetestexecution= /usr/lib/jvm/java-8-openjdk-amd64/bin
[9504] INFO ConfigurationProperties - p:filterfaultlocalization= true
[9504] INFO ConfigurationProperties - p:mutationrate= 1 
[9504] INFO ConfigurationProperties - p:pathToMVNRepository= 
[9505] INFO ConfigurationProperties - p:resourcesfolder= /src/main/resources:/src/test/resources:
[9505] INFO ConfigurationProperties - p:timezone= America/Los_Angeles
[9505] INFO ConfigurationProperties - p:runjava7code= false
[9505] INFO ConfigurationProperties - p:testfailingcmd= mvn test -Dtest=org.primeframework.jwt.VulnerabilityTest#test_unsecuredJWT_validation -Dhttps.protocols=TLSv1.2 -Denforcer.skip=true -Dcheckstyle.skip=true -Dcobertura.skip=true -DskipITs=true -Drat.skip=true -Dlicense.skip=true -Dpmd.skip=true -Dfindbugs.skip=true -Dgpg.skip=true -Dskip.npm=true -Dskip.gulp=true -Dskip.bower=true -Danimal.sniffer.skip=true -V -B
[9505] INFO ConfigurationProperties - p:evoRunOnBuggyClass= true
[9505] INFO ConfigurationProperties - p:compiler= fr.inria.astor.core.manipulation.bytecode.compiler.SpoonClassCompiler
[9505] INFO ConfigurationProperties - p:limitbysuspicious= true
[9505] INFO ConfigurationProperties - p:logsattemps= true
[9505] INFO ConfigurationProperties - p:dependenciespath= /root/.m2/repository/com/beust/jcommander/1.27/jcommander-1.27.jar:/root/.m2/repository/org/hamcrest/hamcrest-core/1.1/hamcrest-core-1.1.jar:/root/.m2/repository/org/testng/testng/6.8.7/testng-6.8.7.jar:/root/.m2/repository/com/fasterxml/jackson/core/jackson-core/2.8.1/jackson-core-2.8.1.jar:/root/.m2/repository/com/fasterxml/jackson/core/jackson-annotations/2.8.1/jackson-annotations-2.8.1.jar:/root/.m2/repository/org/yaml/snakeyaml/1.12/snakeyaml-1.12.jar:/root/.m2/repository/junit/junit/4.10/junit-4.10.jar:/root/.m2/repository/org/beanshell/bsh/2.0b4/bsh-2.0b4.jar:/root/.m2/repository/com/fasterxml/jackson/core/jackson-databind/2.8.1/jackson-databind-2.8.1.jar
[9505] INFO ConfigurationProperties - p:packageToInstrument= 
[9505] INFO ConfigurationProperties - p:skipfaultlocalization= false
[9505] INFO ConfigurationProperties - p:scope= local
[9505] INFO ConfigurationProperties - p:transformingredient= false
[9505] INFO ConfigurationProperties - p:fitnessfunction= fr.inria.astor.core.solutionsearch.population.TestCaseFitnessFunction
[9505] INFO ConfigurationProperties - p:maxnumvariablesperingredient= 10
[9505] INFO ConfigurationProperties - p:parsesourcefromoriginal= true
[9505] INFO ConfigurationProperties - p:pvariantfoldername= variant-
[9505] INFO ConfigurationProperties - p:savespoonmodelondisk= false
[9505] INFO ConfigurationProperties - p:srcjavafolder= src/main/java
[9506] INFO ConfigurationProperties - p:populationcontroller= fr.inria.astor.core.solutionsearch.population.TestCaseBasedFitnessPopulationController
[9506] INFO ConfigurationProperties - p:ignoreflakyinfl= false
[9506] INFO ConfigurationProperties - p:cleantemplates= true
[9506] INFO ConfigurationProperties - p:applyCrossover= false
[9506] INFO ConfigurationProperties - p:maxmodificationpoints= 1000
[9506] INFO ConfigurationProperties - p:duplicateingredientsinspace= false
[9506] INFO ConfigurationProperties - p:metid= 0
[9506] INFO ConfigurationProperties - p:continuewhenmodelfail= true
[9507] INFO ConfigurationProperties - p:saveall= false
[9507] INFO ConfigurationProperties - p:seed= 0
[9507] INFO ConfigurationProperties - p:savecompletepatched= true
[9507] INFO ConfigurationProperties - p:resetoperations= false
[9507] INFO ConfigurationProperties - p:keepcomments= false
[9507] INFO ConfigurationProperties - p:processoutputinfile= false
[9507] INFO ConfigurationProperties - p:location= .
[9507] INFO ConfigurationProperties - p:probabilistictransformation= true
[9507] INFO ConfigurationProperties - p:overridemaxtime= true
[9507] INFO ConfigurationProperties - p:ingredientstrategy= name-probability-based
[9507] INFO ConfigurationProperties - p:outputjsonresult= true
[9507] INFO ConfigurationProperties - p:allpoints= false
[9507] INFO ConfigurationProperties - p:antipattern= false
[9507] INFO ConfigurationProperties - p:bugId= 280
[9507] INFO ConfigurationProperties - p:evosuitetimeout= 120
[9507] INFO ConfigurationProperties - p:maxtimefactor= 10
[9507] INFO ConfigurationProperties - p:nrPlaceholders= 1
[9507] INFO ConfigurationProperties - p:testallcmd= mvn test -Dhttps.protocols=TLSv1.2 -Denforcer.skip=true -Dcheckstyle.skip=true -Dcobertura.skip=true -DskipITs=true -Drat.skip=true -Dlicense.skip=true -Dpmd.skip=true -Dfindbugs.skip=true -Dgpg.skip=true -Dskip.npm=true -Dskip.gulp=true -Dskip.bower=true -Danimal.sniffer.skip=true -V -B
[9507] INFO ConfigurationProperties - p:forcesubprocesskilling= false
[9507] INFO ConfigurationProperties - ----------------------------
[9507] INFO AstorCoreEngine - ----Starting Solution Search
[9508] WARN AstorCoreEngine - ----------Running generation: 1, population size: 1
[10387] INFO main - Run previously failing tests...
[17400] INFO main - Failed tests: 1
[17407] WARN AstorCoreEngine - ----------Running generation: 2, population size: 1
[17697] INFO main - Run previously failing tests...
[24735] INFO main - Failed tests: 1
[24740] WARN AstorCoreEngine - ----------Running generation: 3, population size: 1
[24937] INFO main - Run previously failing tests...
[32006] INFO main - Failed tests: 1
[32008] WARN AstorCoreEngine - ----------Running generation: 4, population size: 1
[32179] INFO main - Run previously failing tests...
[38515] INFO main - Failed tests: 1
[38523] WARN AstorCoreEngine - ----------Running generation: 5, population size: 1
[38689] INFO main - Run previously failing tests...
[45027] INFO main - Failed tests: 1
[45030] WARN AstorCoreEngine - ----------Running generation: 6, population size: 1
[45204] INFO main - Run previously failing tests...
[51652] INFO main - Failed tests: 1
[51656] WARN AstorCoreEngine - ----------Running generation: 7, population size: 1
[51804] INFO main - Run previously failing tests...
[58173] INFO main - Failed tests: 1
[58175] WARN AstorCoreEngine - ----------Running generation: 8, population size: 1
[58345] INFO main - Run previously failing tests...
[64696] INFO main - Failed tests: 1
[64700] WARN AstorCoreEngine - ----------Running generation: 9, population size: 1
[64849] INFO main - Run previously failing tests...
[71261] INFO main - Failed tests: 1
[71264] WARN AstorCoreEngine - ----------Running generation: 10, population size: 1
[71482] INFO main - Run previously failing tests...
[78026] INFO main - Failed tests: 1
[78028] WARN AstorCoreEngine - ----------Running generation: 11, population size: 1
[78199] INFO main - Run previously failing tests...
[84650] INFO main - Failed tests: 1
[84652] WARN AstorCoreEngine - ----------Running generation: 12, population size: 1
[84774] INFO main - Run previously failing tests...
[91040] INFO main - Failed tests: 1
[91043] WARN AstorCoreEngine - ----------Running generation: 13, population size: 1
[91163] INFO main - Run previously failing tests...
[97575] INFO main - Failed tests: 1
[97577] WARN AstorCoreEngine - ----------Running generation: 14, population size: 1
[97694] INFO main - Run previously failing tests...
[104043] INFO main - Failed tests: 1
[104045] WARN AstorCoreEngine - ----------Running generation: 15, population size: 1
[104165] INFO main - Run previously failing tests...
[110561] INFO main - Failed tests: 1
[110568] WARN AstorCoreEngine - ----------Running generation: 16, population size: 1
[110682] INFO main - Run previously failing tests...
[116968] INFO main - Failed tests: 1
[116971] WARN AstorCoreEngine - ----------Running generation: 17, population size: 1
[117098] INFO main - Run previously failing tests...
[123516] INFO main - Failed tests: 1
[123523] WARN AstorCoreEngine - ----------Running generation: 18, population size: 1
[123657] INFO main - Run previously failing tests...
[130029] INFO main - Failed tests: 1
[130031] WARN AstorCoreEngine - ----------Running generation: 19, population size: 1
[130165] INFO main - Run previously failing tests...
[136538] INFO main - Failed tests: 1
[136540] WARN AstorCoreEngine - ----------Running generation: 20, population size: 1
[136700] INFO main - Run previously failing tests...
[143108] INFO main - Failed tests: 1
[143116] WARN AstorCoreEngine - ----------Running generation: 21, population size: 1
[143245] INFO main - Run previously failing tests...
[149631] INFO main - Failed tests: 1
[149635] WARN AstorCoreEngine - ----------Running generation: 22, population size: 1
[149659] WARN AstorCoreEngine - ----------Running generation: 23, population size: 1
[149681] WARN AstorCoreEngine - ----------Running generation: 24, population size: 1
[149696] WARN AstorCoreEngine - ----------Running generation: 25, population size: 1
[149713] WARN AstorCoreEngine - ----------Running generation: 26, population size: 1
[149729] WARN AstorCoreEngine - ----------Running generation: 27, population size: 1
[149745] WARN AstorCoreEngine - ----------Running generation: 28, population size: 1
[149763] WARN AstorCoreEngine - ----------Running generation: 29, population size: 1
[149783] WARN AstorCoreEngine - ----------Running generation: 30, population size: 1
[149802] WARN AstorCoreEngine - ----------Running generation: 31, population size: 1
[149822] WARN AstorCoreEngine - ----------Running generation: 32, population size: 1
[149842] WARN AstorCoreEngine - ----------Running generation: 33, population size: 1
[149860] WARN AstorCoreEngine - ----------Running generation: 34, population size: 1
[149876] WARN AstorCoreEngine - ----------Running generation: 35, population size: 1
[149894] WARN AstorCoreEngine - ----------Running generation: 36, population size: 1
[149909] WARN AstorCoreEngine - ----------Running generation: 37, population size: 1
[149929] WARN AstorCoreEngine - ----------Running generation: 38, population size: 1
[149944] WARN AstorCoreEngine - ----------Running generation: 39, population size: 1
[149964] WARN AstorCoreEngine - ----------Running generation: 40, population size: 1
[149981] WARN AstorCoreEngine - ----------Running generation: 41, population size: 1
[149997] WARN AstorCoreEngine - ----------Running generation: 42, population size: 1
[150013] WARN AstorCoreEngine - ----------Running generation: 43, population size: 1
[150030] WARN AstorCoreEngine - ----------Running generation: 44, population size: 1
[150046] WARN AstorCoreEngine - ----------Running generation: 45, population size: 1
[150061] WARN AstorCoreEngine - ----------Running generation: 46, population size: 1
[150074] WARN AstorCoreEngine - ----------Running generation: 47, population size: 1
[150088] WARN AstorCoreEngine - ----------Running generation: 48, population size: 1
[150101] WARN AstorCoreEngine - ----------Running generation: 49, population size: 1
[150114] WARN AstorCoreEngine - ----------Running generation: 50, population size: 1
[150126] WARN AstorCoreEngine - ----------Running generation: 51, population size: 1
[150138] WARN AstorCoreEngine - ----------Running generation: 52, population size: 1
[150151] WARN AstorCoreEngine - ----------Running generation: 53, population size: 1
[150166] WARN AstorCoreEngine - ----------Running generation: 54, population size: 1
[150182] WARN AstorCoreEngine - ----------Running generation: 55, population size: 1
[150198] WARN AstorCoreEngine - ----------Running generation: 56, population size: 1
[150213] WARN AstorCoreEngine - ----------Running generation: 57, population size: 1
[150227] WARN AstorCoreEngine - ----------Running generation: 58, population size: 1
[150238] WARN AstorCoreEngine - ----------Running generation: 59, population size: 1
[150249] WARN AstorCoreEngine - ----------Running generation: 60, population size: 1
[150307] WARN AstorCoreEngine - ----------Running generation: 61, population size: 1
[150319] WARN AstorCoreEngine - ----------Running generation: 62, population size: 1
[150332] WARN AstorCoreEngine - ----------Running generation: 63, population size: 1
[150344] WARN AstorCoreEngine - ----------Running generation: 64, population size: 1
[150357] WARN AstorCoreEngine - ----------Running generation: 65, population size: 1
[150372] WARN AstorCoreEngine - ----------Running generation: 66, population size: 1
[150384] WARN AstorCoreEngine - ----------Running generation: 67, population size: 1
[150395] WARN AstorCoreEngine - ----------Running generation: 68, population size: 1
[150408] WARN AstorCoreEngine - ----------Running generation: 69, population size: 1
[150420] WARN AstorCoreEngine - ----------Running generation: 70, population size: 1
[150431] WARN AstorCoreEngine - ----------Running generation: 71, population size: 1
[150441] WARN AstorCoreEngine - ----------Running generation: 72, population size: 1
[150450] WARN AstorCoreEngine - ----------Running generation: 73, population size: 1
[150460] WARN AstorCoreEngine - ----------Running generation: 74, population size: 1
[150471] WARN AstorCoreEngine - ----------Running generation: 75, population size: 1
[150482] WARN AstorCoreEngine - ----------Running generation: 76, population size: 1
[150495] WARN AstorCoreEngine - ----------Running generation: 77, population size: 1
[150506] WARN AstorCoreEngine - ----------Running generation: 78, population size: 1
[150517] WARN AstorCoreEngine - ----------Running generation: 79, population size: 1
[150529] WARN AstorCoreEngine - ----------Running generation: 80, population size: 1
[150540] WARN AstorCoreEngine - ----------Running generation: 81, population size: 1
[150553] WARN AstorCoreEngine - ----------Running generation: 82, population size: 1
[150565] WARN AstorCoreEngine - ----------Running generation: 83, population size: 1
[150577] WARN AstorCoreEngine - ----------Running generation: 84, population size: 1
[150586] WARN AstorCoreEngine - ----------Running generation: 85, population size: 1
[150597] WARN AstorCoreEngine - ----------Running generation: 86, population size: 1
[150608] WARN AstorCoreEngine - ----------Running generation: 87, population size: 1
[150618] WARN AstorCoreEngine - ----------Running generation: 88, population size: 1
[150628] WARN AstorCoreEngine - ----------Running generation: 89, population size: 1
[150639] WARN AstorCoreEngine - ----------Running generation: 90, population size: 1
[150653] WARN AstorCoreEngine - ----------Running generation: 91, population size: 1
[150664] WARN AstorCoreEngine - ----------Running generation: 92, population size: 1
[150674] WARN AstorCoreEngine - ----------Running generation: 93, population size: 1
[150685] WARN AstorCoreEngine - ----------Running generation: 94, population size: 1
[150694] WARN AstorCoreEngine - ----------Running generation: 95, population size: 1
[150703] WARN AstorCoreEngine - ----------Running generation: 96, population size: 1
[150712] WARN AstorCoreEngine - ----------Running generation: 97, population size: 1
[150721] WARN AstorCoreEngine - ----------Running generation: 98, population size: 1
[150730] WARN AstorCoreEngine - ----------Running generation: 99, population size: 1
[150740] WARN AstorCoreEngine - ----------Running generation: 100, population size: 1
[150751] WARN AstorCoreEngine - ----------Running generation: 101, population size: 1
[150761] WARN AstorCoreEngine - ----------Running generation: 102, population size: 1
[150771] WARN AstorCoreEngine - ----------Running generation: 103, population size: 1
[150780] WARN AstorCoreEngine - ----------Running generation: 104, population size: 1
[150791] WARN AstorCoreEngine - ----------Running generation: 105, population size: 1
[150801] WARN AstorCoreEngine - ----------Running generation: 106, population size: 1
[150812] WARN AstorCoreEngine - ----------Running generation: 107, population size: 1
[150823] WARN AstorCoreEngine - ----------Running generation: 108, population size: 1
[150832] WARN AstorCoreEngine - ----------Running generation: 109, population size: 1
[150842] WARN AstorCoreEngine - ----------Running generation: 110, population size: 1
[150851] WARN AstorCoreEngine - ----------Running generation: 111, population size: 1
[150861] WARN AstorCoreEngine - ----------Running generation: 112, population size: 1
[150870] WARN AstorCoreEngine - ----------Running generation: 113, population size: 1
[150879] WARN AstorCoreEngine - ----------Running generation: 114, population size: 1
[150889] WARN AstorCoreEngine - ----------Running generation: 115, population size: 1
[150901] WARN AstorCoreEngine - ----------Running generation: 116, population size: 1
[150911] WARN AstorCoreEngine - ----------Running generation: 117, population size: 1
[150922] WARN AstorCoreEngine - ----------Running generation: 118, population size: 1
[150934] WARN AstorCoreEngine - ----------Running generation: 119, population size: 1
[150943] WARN AstorCoreEngine - ----------Running generation: 120, population size: 1
[150951] WARN AstorCoreEngine - ----------Running generation: 121, population size: 1
[150961] ERROR AstorCoreEngine - Stopping main loop at 121 generation
[150961] INFO AstorCoreEngine - Time Repair Loop (s): 141.453
[150962] INFO AstorCoreEngine - generationsexecuted: 121
[150962] WARN AstorCoreEngine - ----SUMMARY_EXECUTION---
[150962] WARN AstorCoreEngine - End Repair Search: NOT Found solution
[150962] WARN AstorCoreEngine - Number suspicious:1
[150962] INFO AstorCoreEngine - Total mod points: 4
[150974] INFO ExpressionTypeIngredientSpace - Storing ing JSON at /workdir/Cardumen_vul4j_inversoft_prime-jwt_VUL4J-48/./output_astor/AstorMain-inversoft_prime-jwt-VUL4J-48//src/ingredients.json
[150975] INFO IngredientStats - Storing ing JSON at /workdir/Cardumen_vul4j_inversoft_prime-jwt_VUL4J-48/./output_astor/AstorMain-inversoft_prime-jwt-VUL4J-48//ingredientSpaceSize.json
[150975] INFO IngredientStats - ingredientSpaceSize:{"allAttempts":26,"space":[{"a":15,"v":1},{"a":19,"v":1},{"a":8,"v":3},{"a":11,"v":1},{"a":3,"v":1},{"a":7,"v":1},{"a":12,"v":1},{"a":17,"v":1},{"a":2,"v":3},{"a":13,"v":1},{"a":9,"v":1},{"a":6,"v":3},{"a":1,"v":3},{"a":20,"v":1},{"a":14,"v":1},{"a":10,"v":1},{"a":5,"v":2}]}
[150975] INFO IngredientStats - Storing ing JSON at /workdir/Cardumen_vul4j_inversoft_prime-jwt_VUL4J-48/./output_astor/AstorMain-inversoft_prime-jwt-VUL4J-48//combinationsTemplatesingredientSpaceSize.json
[150975] INFO IngredientStats - combinationsTemplatesingredientSpaceSize:{"allAttempts":100,"space":[{"a":1,"v":72},{"a":0,"v":28}]}
[150977] INFO AstorCoreEngine - 
 --SOLUTIONS DESCRIPTION--


Astor Output:

General stats:
EXECUTION_IDENTIFIER=inversoft_prime-jwt-VUL4J-48
TOTAL_TIME=141.453
NR_GENERATIONS=121
NR_RIGHT_COMPILATIONS=21
NR_FAILLING_COMPILATIONS=null
NR_ERRONEOUS_VARIANCES=null
NR_FAILING_VALIDATION_PROCESS=null
OUTPUT_STATUS=CONVERGED

Patch stats:

[150981] INFO Stats - Storing ing JSON at /workdir/Cardumen_vul4j_inversoft_prime-jwt_VUL4J-48/./output_astor/AstorMain-inversoft_prime-jwt-VUL4J-48//astor_output.json
[150981] INFO Stats - astor_output:
{"general":{"NR_RIGHT_COMPILATIONS":21,"NR_ERRONEOUS_VARIANCES":null,"EXECUTION_IDENTIFIER":"inversoft_prime-jwt-VUL4J-48","OUTPUT_STATUS":"CONVERGED","NR_FAILLING_COMPILATIONS":null,"NR_GENERATIONS":121,"TOTAL_TIME":141.453,"NR_FAILING_VALIDATION_PROCESS":null},"patches":[]}
[150981] INFO AstorMain - Time Total(s): 150.973
431.34user 39.23system 2:31.46elapsed 310%CPU (0avgtext+0avgdata 551912maxresident)k
0inputs+22928outputs (0major+2895579minor)pagefaults 0swaps


Node: 7bf757db1356



Date: Wed Nov 30 04:10:02 EST 2022

