cd /workdir/TBar_vul4j_apache_struts_VUL4J-31;
export JAVA_TOOL_OPTIONS="-Dfile.encoding=UTF8 -Duser.language=en-US -Duser.country=US -Duser.language=en";
TZ="America/New_York"; export TZ;
export PATH="/usr/lib/jvm/jdk1.7.0_80/bin:$PATH";
export JAVA_HOME="/usr/lib/jvm/jdk1.7.0_80";
timeout 240m java -Xmx4g -Xms1g -XX:MaxPermSize=512m \
    -cp /script/../libs/tbar_external/com.gzoltar-0.1.1-jdk7.jar:/script/../repair_tools/tbar.jar edu.lu.uni.serval.tbar.main.Main \
    "/workdir/TBar_vul4j_apache_struts_VUL4J-31" "org.apache.struts2.dispatcher.mapper.DefaultActionMapperTest#testAllowedActionNames" "/core/src/main/java/" "/core/src/test/java/" "/core/target/classes/" "/core/target/test-classes/" "/script/../data/benchmarks/vul4j/perfectfl/VUL4J-31/spectra.txt" "mvn test -pl core -Dtest=org.apache.struts2.dispatcher.mapper.DefaultActionMapperTest -Dhttps.protocols=TLSv1.2 -Denforcer.skip=true -Dcheckstyle.skip=true -Dcobertura.skip=true -DskipITs=true -Drat.skip=true -Dlicense.skip=true -Dpmd.skip=true -Dfindbugs.skip=true -Dgpg.skip=true -Dskip.npm=true -Dskip.gulp=true -Dskip.bower=true -Danimal.sniffer.skip=true -V -B" "mvn test -pl core -Dhttps.protocols=TLSv1.2 -Denforcer.skip=true -Dcheckstyle.skip=true -Dcobertura.skip=true -DskipITs=true -Drat.skip=true -Dlicense.skip=true -Dpmd.skip=true -Dfindbugs.skip=true -Dgpg.skip=true -Dskip.npm=true -Dskip.gulp=true -Dskip.bower=true -Danimal.sniffer.skip=true -V -B" "/root/.m2/repository/javax/servlet/servlet-api/2.4/servlet-api-2.4.jar:/root/.m2/repository/org/apache/struts/xwork/xwork-core/2.3.29-SNAPSHOT/xwork-core-2.3.29-SNAPSHOT.jar:/root/.m2/repository/mockobjects/mockobjects-jdk1.3-j2ee1.3/0.09/mockobjects-jdk1.3-j2ee1.3-0.09.jar:/root/.m2/repository/jmock/jmock/1.2.0/jmock-1.2.0.jar:/root/.m2/repository/javassist/javassist/3.11.0.GA/javassist-3.11.0.GA.jar:/root/.m2/repository/org/easymock/easymock/2.4/easymock-2.4.jar:/root/.m2/repository/asm/asm-commons/3.3/asm-commons-3.3.jar:/root/.m2/repository/org/easytesting/fest-assert/1.4/fest-assert-1.4.jar:/root/.m2/repository/org/testng/testng/5.1/testng-5.1-jdk15.jar:/root/.m2/repository/asm/asm/3.3/asm-3.3.jar:/root/.m2/repository/mockobjects/mockobjects-jdk1.3/0.09/mockobjects-jdk1.3-0.09.jar:/root/.m2/repository/asm/asm-tree/3.3/asm-tree-3.3.jar:/root/.m2/repository/org/apache/struts/struts-annotations/1.0.5/struts-annotations-1.0.5.jar:/root/.m2/repository/commons-collections/commons-collections/3.2.2/commons-collections-3.2.2.jar:/root/.m2/repository/org/apache/commons/commons-lang3/3.2/commons-lang3-3.2.jar:/root/.m2/repository/mockobjects/mockobjects-core/0.09/mockobjects-core-0.09.jar:/root/.m2/repository/sslext/sslext/1.2-0/sslext-1.2-0.jar:/root/.m2/repository/mockobjects/mockobjects-alt-jdk1.3-j2ee1.3/0.09/mockobjects-alt-jdk1.3-j2ee1.3-0.09.jar:/root/.m2/repository/org/apache/velocity/velocity/1.6.4/velocity-1.6.4.jar:/root/.m2/repository/junit/junit/4.8.2/junit-4.8.2.jar:/root/.m2/repository/log4j/log4j/1.2.17/log4j-1.2.17.jar:/root/.m2/repository/org/springframework/spring-test/3.0.5.RELEASE/spring-test-3.0.5.RELEASE.jar:/root/.m2/repository/org/apache/velocity/velocity-tools/1.3/velocity-tools-1.3.jar:/root/.m2/repository/org/springframework/spring-core/3.0.5.RELEASE/spring-core-3.0.5.RELEASE.jar:/root/.m2/repository/mockobjects/mockobjects-alt-jdk1.3/0.09/mockobjects-alt-jdk1.3-0.09.jar:/root/.m2/repository/commons-validator/commons-validator/1.3.1/commons-validator-1.3.1.jar:/root/.m2/repository/org/mockito/mockito-all/1.9.5/mockito-all-1.9.5.jar:/root/.m2/repository/org/easytesting/fest-util/1.1.6/fest-util-1.1.6.jar:/root/.m2/repository/commons-io/commons-io/2.2/commons-io-2.2.jar:/root/.m2/repository/commons-lang/commons-lang/2.4/commons-lang-2.4.jar:/root/.m2/repository/commons-digester/commons-digester/2.0/commons-digester-2.0.jar:/root/.m2/repository/commons-fileupload/commons-fileupload/1.3.1/commons-fileupload-1.3.1.jar:/root/.m2/repository/org/freemarker/freemarker/2.3.22/freemarker-2.3.22.jar:/root/.m2/repository/javax/servlet/jsp-api/2.0/jsp-api-2.0.jar:/root/.m2/repository/commons-beanutils/commons-beanutils/1.7.0/commons-beanutils-1.7.0.jar:/root/.m2/repository/org/springframework/spring-asm/3.0.5.RELEASE/spring-asm-3.0.5.RELEASE.jar:/root/.m2/repository/oro/oro/2.0.8/oro-2.0.8.jar:/root/.m2/repository/ognl/ognl/3.0.14/ognl-3.0.14.jar:/root/.m2/repository/commons-logging/commons-logging/1.1.3/commons-logging-1.1.3.jar";
echo "\n\nNode: `hostname`\n";
echo "\n\nDate: `date`\n";
Picked up JAVA_TOOL_OPTIONS: -Dfile.encoding=UTF8 -Duser.language=en-US -Duser.country=US -Duser.language=en
08:44:10,493 |-INFO in ch.qos.logback.classic.LoggerContext[TBar] - Could NOT find resource [logback-test.xml]
08:44:10,493 |-INFO in ch.qos.logback.classic.LoggerContext[TBar] - Could NOT find resource [logback.groovy]
08:44:10,493 |-INFO in ch.qos.logback.classic.LoggerContext[TBar] - Found resource [logback.xml] at [jar:file:/repair_tools/tbar.jar!/logback.xml]
08:44:10,505 |-INFO in ch.qos.logback.core.joran.spi.ConfigurationWatchList@4e3dabe4 - URL [jar:file:/repair_tools/tbar.jar!/logback.xml] is not of type file
08:44:10,542 |-INFO in ch.qos.logback.classic.joran.action.ConfigurationAction - debug attribute not set
08:44:10,544 |-INFO in ch.qos.logback.classic.joran.action.ContextNameAction - Setting logger context name as [TBar]
08:44:10,544 |-INFO in ch.qos.logback.core.joran.action.AppenderAction - About to instantiate appender of type [ch.qos.logback.core.ConsoleAppender]
08:44:10,547 |-INFO in ch.qos.logback.core.joran.action.AppenderAction - Naming appender as [STDOUT]
08:44:10,595 |-INFO in ch.qos.logback.classic.joran.action.LoggerAction - Setting level of logger [org.hibernate.engine.query.HQLQueryPlan] to DEBUG
08:44:10,595 |-INFO in ch.qos.logback.classic.joran.action.LoggerAction - Setting additivity of logger [org.hibernate.engine.query.HQLQueryPlan] to false
08:44:10,595 |-INFO in ch.qos.logback.classic.joran.action.LoggerAction - Setting level of logger [com.piedra.logback] to DEBUG
08:44:10,595 |-ERROR in ch.qos.logback.core.joran.action.AppenderRefAction - Could not find an appender named [FILE]. Did you define it below instead of above in the configuration file?
08:44:10,595 |-ERROR in ch.qos.logback.core.joran.action.AppenderRefAction - See http://logback.qos.ch/codes.html#appender_order for more details.
08:44:10,596 |-INFO in ch.qos.logback.classic.joran.action.RootLoggerAction - Setting level of ROOT logger to DEBUG
08:44:10,596 |-INFO in ch.qos.logback.core.joran.action.AppenderRefAction - Attaching appender named [STDOUT] to Logger[ROOT]
08:44:10,596 |-ERROR in ch.qos.logback.core.joran.action.AppenderRefAction - Could not find an appender named [ROLLINGFILE]. Did you define it below instead of above in the configuration file?
08:44:10,596 |-ERROR in ch.qos.logback.core.joran.action.AppenderRefAction - See http://logback.qos.ch/codes.html#appender_order for more details.
08:44:10,596 |-INFO in ch.qos.logback.classic.joran.action.ConfigurationAction - End of configuration.
08:44:10,597 |-INFO in ch.qos.logback.classic.joran.JoranConfigurator@32e02ddd - Registering current configuration as safe fallback point

2022-10-17 08:44:11.133 [main] INFO  edu.lu.uni.serval.tbar.AbstractFixer - TBar_vul4j_apache_struts_VUL4J-31 Failed Tests: 1
2022-10-17 08:44:11.136 [main] INFO  edu.lu.uni.serval.tbar.TBarFixer - =======StaticBugFixer: Start to fix suspicious code======
2022-10-17 08:44:11.137 [main] DEBUG edu.lu.uni.serval.tbar.AbstractFixer - org.apache.struts2.dispatcher.mapper.DefaultActionMapper ===398
2022-10-17 08:44:11.830 [main] DEBUG edu.lu.uni.serval.tbar.AbstractFixer - Suspicious Code: 
return cleanActionName;
2022-10-17 08:44:14.032 [main] DEBUG edu.lu.uni.serval.tbar.AbstractFixer - Patch Candidate:
@@ -395,7 +395,7 @@ public class DefaultActionMapper implements ActionMapper {
-            return cleanActionName;
+            return rawActionName;
2022-10-17 08:44:14.033 [main] DEBUG edu.lu.uni.serval.tbar.AbstractFixer - Compiling
2022-10-17 08:44:15.016 [main] DEBUG edu.lu.uni.serval.tbar.AbstractFixer - Test previously failed test cases.
2022-10-17 08:44:35.090 [main] DEBUG edu.lu.uni.serval.tbar.AbstractFixer - Patch Candidate:
@@ -395,7 +395,7 @@ public class DefaultActionMapper implements ActionMapper {
-            return cleanActionName;
+            return chunk;
2022-10-17 08:44:35.090 [main] DEBUG edu.lu.uni.serval.tbar.AbstractFixer - Compiling
2022-10-17 08:44:35.891 [main] DEBUG edu.lu.uni.serval.tbar.AbstractFixer - BuggyProject ---Fixer: fix fail because of failed compiling! 
2022-10-17 08:44:35.908 [main] DEBUG edu.lu.uni.serval.tbar.AbstractFixer - Patch Candidate:
@@ -395,7 +395,7 @@ public class DefaultActionMapper implements ActionMapper {
-            return cleanActionName;
+            return isSlashesInActionNames();
2022-10-17 08:44:35.908 [main] DEBUG edu.lu.uni.serval.tbar.AbstractFixer - Compiling
2022-10-17 08:44:36.862 [main] DEBUG edu.lu.uni.serval.tbar.AbstractFixer - BuggyProject ---Fixer: fix fail because of failed compiling! 
2022-10-17 08:44:36.886 [main] DEBUG edu.lu.uni.serval.tbar.AbstractFixer - Patch Candidate:
@@ -395,7 +395,7 @@ public class DefaultActionMapper implements ActionMapper {
-            return cleanActionName;
+            return getDefaultExtension();
2022-10-17 08:44:36.886 [main] DEBUG edu.lu.uni.serval.tbar.AbstractFixer - Compiling
2022-10-17 08:44:37.915 [main] DEBUG edu.lu.uni.serval.tbar.AbstractFixer - Test previously failed test cases.
2022-10-17 08:44:54.640 [main] DEBUG edu.lu.uni.serval.tbar.AbstractFixer - Patch Candidate:
@@ -395,7 +395,10 @@ public class DefaultActionMapper implements ActionMapper {
-            return cleanActionName;
+            if (cleanActionName != null) {
+	return cleanActionName;
+	}
+
2022-10-17 08:44:54.640 [main] DEBUG edu.lu.uni.serval.tbar.AbstractFixer - Compiling
2022-10-17 08:44:55.694 [main] DEBUG edu.lu.uni.serval.tbar.AbstractFixer - BuggyProject ---Fixer: fix fail because of failed compiling! 
2022-10-17 08:44:55.715 [main] DEBUG edu.lu.uni.serval.tbar.AbstractFixer - Patch Candidate:
@@ -395,7 +395,10 @@ public class DefaultActionMapper implements ActionMapper {
-            return cleanActionName;
+            if (cleanActionName == null) {
+	    throw new IllegalArgumentException("Null 'cleanActionName' argument.");
+	}
+return cleanActionName;
2022-10-17 08:44:55.715 [main] DEBUG edu.lu.uni.serval.tbar.AbstractFixer - Compiling
2022-10-17 08:44:56.775 [main] DEBUG edu.lu.uni.serval.tbar.AbstractFixer - Test previously failed test cases.
2022-10-17 08:45:13.771 [main] DEBUG edu.lu.uni.serval.tbar.AbstractFixer - Patch Candidate:
@@ -395,7 +395,10 @@ public class DefaultActionMapper implements ActionMapper {
-            return cleanActionName;
+            if (cleanActionName == null) {
+	    return null;
+	}
+return cleanActionName;
2022-10-17 08:45:13.771 [main] DEBUG edu.lu.uni.serval.tbar.AbstractFixer - Compiling
2022-10-17 08:45:14.777 [main] DEBUG edu.lu.uni.serval.tbar.AbstractFixer - Test previously failed test cases.
2022-10-17 08:45:31.728 [main] DEBUG edu.lu.uni.serval.tbar.AbstractFixer - Patch Candidate:
@@ -395,7 +395,8 @@ public class DefaultActionMapper implements ActionMapper {
-            return cleanActionName;
+            if (cleanActionName == null) cleanActionName = chunk;
+ return cleanActionName;
2022-10-17 08:45:31.728 [main] DEBUG edu.lu.uni.serval.tbar.AbstractFixer - Compiling
2022-10-17 08:45:32.660 [main] DEBUG edu.lu.uni.serval.tbar.AbstractFixer - BuggyProject ---Fixer: fix fail because of failed compiling! 
2022-10-17 08:45:32.680 [main] DEBUG edu.lu.uni.serval.tbar.AbstractFixer - Patch Candidate:
@@ -395,7 +395,8 @@ public class DefaultActionMapper implements ActionMapper {
-            return cleanActionName;
+            if (cleanActionName == null) cleanActionName = rawActionName;
+ return cleanActionName;
2022-10-17 08:45:32.681 [main] DEBUG edu.lu.uni.serval.tbar.AbstractFixer - Compiling
2022-10-17 08:45:33.730 [main] DEBUG edu.lu.uni.serval.tbar.AbstractFixer - Test previously failed test cases.
2022-10-17 08:45:50.382 [main] DEBUG edu.lu.uni.serval.tbar.AbstractFixer - Patch Candidate:
@@ -395,7 +395,8 @@ public class DefaultActionMapper implements ActionMapper {
-            return cleanActionName;
+            if (cleanActionName == null) cleanActionName = METHOD_PREFIX;
+ return cleanActionName;
2022-10-17 08:45:50.382 [main] DEBUG edu.lu.uni.serval.tbar.AbstractFixer - Compiling
2022-10-17 08:45:51.388 [main] DEBUG edu.lu.uni.serval.tbar.AbstractFixer - Test previously failed test cases.
2022-10-17 08:46:08.039 [main] DEBUG edu.lu.uni.serval.tbar.AbstractFixer - Patch Candidate:
@@ -395,7 +395,8 @@ public class DefaultActionMapper implements ActionMapper {
-            return cleanActionName;
+            if (cleanActionName == null) cleanActionName = DefaultActionMapper.METHOD_PREFIX;
+ return cleanActionName;
2022-10-17 08:46:08.039 [main] DEBUG edu.lu.uni.serval.tbar.AbstractFixer - Compiling
2022-10-17 08:46:08.903 [main] DEBUG edu.lu.uni.serval.tbar.AbstractFixer - Test previously failed test cases.
2022-10-17 08:46:25.759 [main] DEBUG edu.lu.uni.serval.tbar.AbstractFixer - Patch Candidate:
@@ -395,7 +395,8 @@ public class DefaultActionMapper implements ActionMapper {
-            return cleanActionName;
+            if (cleanActionName == null) cleanActionName = ACTION_PREFIX;
+ return cleanActionName;
2022-10-17 08:46:25.760 [main] DEBUG edu.lu.uni.serval.tbar.AbstractFixer - Compiling
2022-10-17 08:46:26.825 [main] DEBUG edu.lu.uni.serval.tbar.AbstractFixer - Test previously failed test cases.
2022-10-17 08:46:43.608 [main] DEBUG edu.lu.uni.serval.tbar.AbstractFixer - Patch Candidate:
@@ -395,7 +395,8 @@ public class DefaultActionMapper implements ActionMapper {
-            return cleanActionName;
+            if (cleanActionName == null) cleanActionName = DefaultActionMapper.ACTION_PREFIX;
+ return cleanActionName;
2022-10-17 08:46:43.608 [main] DEBUG edu.lu.uni.serval.tbar.AbstractFixer - Compiling
2022-10-17 08:46:44.634 [main] DEBUG edu.lu.uni.serval.tbar.AbstractFixer - Test previously failed test cases.
2022-10-17 08:47:01.410 [main] DEBUG edu.lu.uni.serval.tbar.AbstractFixer - Patch Candidate:
@@ -395,7 +395,8 @@ public class DefaultActionMapper implements ActionMapper {
-            return cleanActionName;
+            if (cleanActionName == null) cleanActionName = new String();
+ return cleanActionName;
2022-10-17 08:47:01.410 [main] DEBUG edu.lu.uni.serval.tbar.AbstractFixer - Compiling
2022-10-17 08:47:02.442 [main] DEBUG edu.lu.uni.serval.tbar.AbstractFixer - Test previously failed test cases.
2022-10-17 08:47:19.076 [main] DEBUG edu.lu.uni.serval.tbar.AbstractFixer - Patch Candidate:
@@ -395,7 +395,8 @@ public class DefaultActionMapper implements ActionMapper {
-            return cleanActionName;
+            if (cleanActionName == null) return new String();
+	 return cleanActionName;
2022-10-17 08:47:19.076 [main] DEBUG edu.lu.uni.serval.tbar.AbstractFixer - Compiling
2022-10-17 08:47:20.133 [main] DEBUG edu.lu.uni.serval.tbar.AbstractFixer - Test previously failed test cases.
2022-10-17 08:47:36.944 [main] DEBUG edu.lu.uni.serval.tbar.AbstractFixer - Patch Candidate:
@@ -395,7 +395,8 @@ public class DefaultActionMapper implements ActionMapper {
-            return cleanActionName;
+            if (cleanActionName == null) return chunk;
+	 return cleanActionName;
2022-10-17 08:47:36.945 [main] DEBUG edu.lu.uni.serval.tbar.AbstractFixer - Compiling
2022-10-17 08:47:37.896 [main] DEBUG edu.lu.uni.serval.tbar.AbstractFixer - BuggyProject ---Fixer: fix fail because of failed compiling! 
2022-10-17 08:47:37.921 [main] DEBUG edu.lu.uni.serval.tbar.AbstractFixer - Patch Candidate:
@@ -395,7 +395,8 @@ public class DefaultActionMapper implements ActionMapper {
-            return cleanActionName;
+            if (cleanActionName == null) return rawActionName;
+	 return cleanActionName;
2022-10-17 08:47:37.922 [main] DEBUG edu.lu.uni.serval.tbar.AbstractFixer - Compiling
2022-10-17 08:47:38.920 [main] DEBUG edu.lu.uni.serval.tbar.AbstractFixer - Test previously failed test cases.
2022-10-17 08:47:55.336 [main] DEBUG edu.lu.uni.serval.tbar.AbstractFixer - Patch Candidate:
@@ -395,7 +395,8 @@ public class DefaultActionMapper implements ActionMapper {
-            return cleanActionName;
+            if (cleanActionName == null) return METHOD_PREFIX;
+	 return cleanActionName;
2022-10-17 08:47:55.336 [main] DEBUG edu.lu.uni.serval.tbar.AbstractFixer - Compiling
2022-10-17 08:47:56.232 [main] DEBUG edu.lu.uni.serval.tbar.AbstractFixer - Test previously failed test cases.
2022-10-17 08:48:13.060 [main] DEBUG edu.lu.uni.serval.tbar.AbstractFixer - Patch Candidate:
@@ -395,7 +395,8 @@ public class DefaultActionMapper implements ActionMapper {
-            return cleanActionName;
+            if (cleanActionName == null) return DefaultActionMapper.METHOD_PREFIX;
+	 return cleanActionName;
2022-10-17 08:48:13.060 [main] DEBUG edu.lu.uni.serval.tbar.AbstractFixer - Compiling
2022-10-17 08:48:14.138 [main] DEBUG edu.lu.uni.serval.tbar.AbstractFixer - Test previously failed test cases.
2022-10-17 08:48:30.399 [main] DEBUG edu.lu.uni.serval.tbar.AbstractFixer - Patch Candidate:
@@ -395,7 +395,8 @@ public class DefaultActionMapper implements ActionMapper {
-            return cleanActionName;
+            if (cleanActionName == null) return ACTION_PREFIX;
+	 return cleanActionName;
2022-10-17 08:48:30.399 [main] DEBUG edu.lu.uni.serval.tbar.AbstractFixer - Compiling
2022-10-17 08:48:31.337 [main] DEBUG edu.lu.uni.serval.tbar.AbstractFixer - Test previously failed test cases.
2022-10-17 08:48:47.861 [main] DEBUG edu.lu.uni.serval.tbar.AbstractFixer - Patch Candidate:
@@ -395,7 +395,8 @@ public class DefaultActionMapper implements ActionMapper {
-            return cleanActionName;
+            if (cleanActionName == null) return DefaultActionMapper.ACTION_PREFIX;
+	 return cleanActionName;
2022-10-17 08:48:47.861 [main] DEBUG edu.lu.uni.serval.tbar.AbstractFixer - Compiling
2022-10-17 08:48:48.832 [main] DEBUG edu.lu.uni.serval.tbar.AbstractFixer - Test previously failed test cases.
2022-10-17 08:49:05.071 [main] DEBUG edu.lu.uni.serval.tbar.AbstractFixer - Patch Candidate:
@@ -374,30 +374,7 @@ public class DefaultActionMapper implements ActionMapper {
-    /**
-     * Cleans up action name from suspicious characters
-     *
-     * @param rawActionName action name extracted from URI
-     * @return safe action name
-     */
-    protected String cleanupActionName(final String rawActionName) {
-        if (allowedActionNames.matcher(rawActionName).matches()) {
-            return rawActionName;
-        } else {
-            if (LOG.isWarnEnabled()) {
-                LOG.warn("Action/method [#0] does not match allowed action names pattern [#1], cleaning it up!",
-                        rawActionName, allowedActionNames);
-            }
-            String cleanActionName = rawActionName;
-            for (String chunk : allowedActionNames.split(rawActionName)) {
-                cleanActionName = cleanActionName.replace(chunk, "");
-            }
-            if (LOG.isDebugEnabled()) {
-                LOG.debug("Cleaned action/method name [#0]", cleanActionName);
-            }
-            return cleanActionName;
-        }
-    }
+
2022-10-17 08:49:05.071 [main] DEBUG edu.lu.uni.serval.tbar.AbstractFixer - Compiling
2022-10-17 08:49:06.074 [main] DEBUG edu.lu.uni.serval.tbar.AbstractFixer - BuggyProject ---Fixer: fix fail because of failed compiling! 
2022-10-17 08:49:06.152 [main] DEBUG edu.lu.uni.serval.tbar.AbstractFixer - Patch Candidate:
@@ -395,7 +395,7 @@ public class DefaultActionMapper implements ActionMapper {
-            return cleanActionName;
+            setAllowDynamicMethodCalls(cleanActionName);
2022-10-17 08:49:06.152 [main] DEBUG edu.lu.uni.serval.tbar.AbstractFixer - Compiling
2022-10-17 08:49:07.095 [main] DEBUG edu.lu.uni.serval.tbar.AbstractFixer - BuggyProject ---Fixer: fix fail because of failed compiling! 
2022-10-17 08:49:07.117 [main] DEBUG edu.lu.uni.serval.tbar.AbstractFixer - Patch Candidate:
@@ -395,7 +395,8 @@ public class DefaultActionMapper implements ActionMapper {
-            return cleanActionName;
+            setAllowDynamicMethodCalls(cleanActionName);
+	return cleanActionName;
2022-10-17 08:49:07.117 [main] DEBUG edu.lu.uni.serval.tbar.AbstractFixer - Compiling
2022-10-17 08:49:08.112 [main] DEBUG edu.lu.uni.serval.tbar.AbstractFixer - Test previously failed test cases.
2022-10-17 08:49:24.584 [main] DEBUG edu.lu.uni.serval.tbar.AbstractFixer - Patch Candidate:
@@ -396,6 +396,7 @@ public class DefaultActionMapper implements ActionMapper {
+	setAllowDynamicMethodCalls(cleanActionName);
2022-10-17 08:49:24.584 [main] DEBUG edu.lu.uni.serval.tbar.AbstractFixer - Compiling
2022-10-17 08:49:25.539 [main] DEBUG edu.lu.uni.serval.tbar.AbstractFixer - BuggyProject ---Fixer: fix fail because of failed compiling! 
2022-10-17 08:49:25.558 [main] DEBUG edu.lu.uni.serval.tbar.AbstractFixer - Patch Candidate:
@@ -395,7 +395,7 @@ public class DefaultActionMapper implements ActionMapper {
-            return cleanActionName;
+            setSlashesInActionNames(cleanActionName);
2022-10-17 08:49:25.558 [main] DEBUG edu.lu.uni.serval.tbar.AbstractFixer - Compiling
2022-10-17 08:49:26.510 [main] DEBUG edu.lu.uni.serval.tbar.AbstractFixer - BuggyProject ---Fixer: fix fail because of failed compiling! 
2022-10-17 08:49:26.529 [main] DEBUG edu.lu.uni.serval.tbar.AbstractFixer - Patch Candidate:
@@ -395,7 +395,8 @@ public class DefaultActionMapper implements ActionMapper {
-            return cleanActionName;
+            setSlashesInActionNames(cleanActionName);
+	return cleanActionName;
2022-10-17 08:49:26.529 [main] DEBUG edu.lu.uni.serval.tbar.AbstractFixer - Compiling
2022-10-17 08:49:27.450 [main] DEBUG edu.lu.uni.serval.tbar.AbstractFixer - Test previously failed test cases.
2022-10-17 08:49:43.786 [main] DEBUG edu.lu.uni.serval.tbar.AbstractFixer - Patch Candidate:
@@ -396,6 +396,7 @@ public class DefaultActionMapper implements ActionMapper {
+	setSlashesInActionNames(cleanActionName);
2022-10-17 08:49:43.786 [main] DEBUG edu.lu.uni.serval.tbar.AbstractFixer - Compiling
2022-10-17 08:49:44.733 [main] DEBUG edu.lu.uni.serval.tbar.AbstractFixer - BuggyProject ---Fixer: fix fail because of failed compiling! 
2022-10-17 08:49:44.752 [main] DEBUG edu.lu.uni.serval.tbar.AbstractFixer - Patch Candidate:
@@ -395,7 +395,7 @@ public class DefaultActionMapper implements ActionMapper {
-            return cleanActionName;
+            setAlwaysSelectFullNamespace(cleanActionName);
2022-10-17 08:49:44.752 [main] DEBUG edu.lu.uni.serval.tbar.AbstractFixer - Compiling
2022-10-17 08:49:45.728 [main] DEBUG edu.lu.uni.serval.tbar.AbstractFixer - BuggyProject ---Fixer: fix fail because of failed compiling! 
2022-10-17 08:49:45.747 [main] DEBUG edu.lu.uni.serval.tbar.AbstractFixer - Patch Candidate:
@@ -395,7 +395,8 @@ public class DefaultActionMapper implements ActionMapper {
-            return cleanActionName;
+            setAlwaysSelectFullNamespace(cleanActionName);
+	return cleanActionName;
2022-10-17 08:49:45.748 [main] DEBUG edu.lu.uni.serval.tbar.AbstractFixer - Compiling
2022-10-17 08:49:46.732 [main] DEBUG edu.lu.uni.serval.tbar.AbstractFixer - Test previously failed test cases.
2022-10-17 08:50:03.115 [main] DEBUG edu.lu.uni.serval.tbar.AbstractFixer - Patch Candidate:
@@ -396,6 +396,7 @@ public class DefaultActionMapper implements ActionMapper {
+	setAlwaysSelectFullNamespace(cleanActionName);
2022-10-17 08:50:03.115 [main] DEBUG edu.lu.uni.serval.tbar.AbstractFixer - Compiling
2022-10-17 08:50:04.111 [main] DEBUG edu.lu.uni.serval.tbar.AbstractFixer - BuggyProject ---Fixer: fix fail because of failed compiling! 
2022-10-17 08:50:04.133 [main] DEBUG edu.lu.uni.serval.tbar.AbstractFixer - Patch Candidate:
@@ -395,7 +395,7 @@ public class DefaultActionMapper implements ActionMapper {
-            return cleanActionName;
+            setAllowedActionNames(cleanActionName);
2022-10-17 08:50:04.133 [main] DEBUG edu.lu.uni.serval.tbar.AbstractFixer - Compiling
2022-10-17 08:50:05.110 [main] DEBUG edu.lu.uni.serval.tbar.AbstractFixer - BuggyProject ---Fixer: fix fail because of failed compiling! 
2022-10-17 08:50:05.131 [main] DEBUG edu.lu.uni.serval.tbar.AbstractFixer - Patch Candidate:
@@ -395,7 +395,8 @@ public class DefaultActionMapper implements ActionMapper {
-            return cleanActionName;
+            setAllowedActionNames(cleanActionName);
+	return cleanActionName;
2022-10-17 08:50:05.131 [main] DEBUG edu.lu.uni.serval.tbar.AbstractFixer - Compiling
2022-10-17 08:50:06.319 [main] DEBUG edu.lu.uni.serval.tbar.AbstractFixer - Test previously failed test cases.
2022-10-17 08:50:23.114 [main] DEBUG edu.lu.uni.serval.tbar.AbstractFixer - Patch Candidate:
@@ -396,6 +396,7 @@ public class DefaultActionMapper implements ActionMapper {
+	setAllowedActionNames(cleanActionName);
2022-10-17 08:50:23.115 [main] DEBUG edu.lu.uni.serval.tbar.AbstractFixer - Compiling
2022-10-17 08:50:24.033 [main] DEBUG edu.lu.uni.serval.tbar.AbstractFixer - BuggyProject ---Fixer: fix fail because of failed compiling! 
2022-10-17 08:50:24.066 [main] DEBUG edu.lu.uni.serval.tbar.AbstractFixer - Patch Candidate:
@@ -395,7 +395,7 @@ public class DefaultActionMapper implements ActionMapper {
-            return cleanActionName;
+            setAllowActionPrefix(cleanActionName);
2022-10-17 08:50:24.066 [main] DEBUG edu.lu.uni.serval.tbar.AbstractFixer - Compiling
2022-10-17 08:50:25.099 [main] DEBUG edu.lu.uni.serval.tbar.AbstractFixer - BuggyProject ---Fixer: fix fail because of failed compiling! 
2022-10-17 08:50:25.121 [main] DEBUG edu.lu.uni.serval.tbar.AbstractFixer - Patch Candidate:
@@ -395,7 +395,8 @@ public class DefaultActionMapper implements ActionMapper {
-            return cleanActionName;
+            setAllowActionPrefix(cleanActionName);
+	return cleanActionName;
2022-10-17 08:50:25.121 [main] DEBUG edu.lu.uni.serval.tbar.AbstractFixer - Compiling
2022-10-17 08:50:26.148 [main] DEBUG edu.lu.uni.serval.tbar.AbstractFixer - Test previously failed test cases.
2022-10-17 08:50:42.743 [main] DEBUG edu.lu.uni.serval.tbar.AbstractFixer - Patch Candidate:
@@ -396,6 +396,7 @@ public class DefaultActionMapper implements ActionMapper {
+	setAllowActionPrefix(cleanActionName);
2022-10-17 08:50:42.743 [main] DEBUG edu.lu.uni.serval.tbar.AbstractFixer - Compiling
2022-10-17 08:50:43.688 [main] DEBUG edu.lu.uni.serval.tbar.AbstractFixer - BuggyProject ---Fixer: fix fail because of failed compiling! 
2022-10-17 08:50:43.709 [main] DEBUG edu.lu.uni.serval.tbar.AbstractFixer - Patch Candidate:
@@ -395,7 +395,7 @@ public class DefaultActionMapper implements ActionMapper {
-            return cleanActionName;
+            setAllowActionCrossNamespaceAccess(cleanActionName);
2022-10-17 08:50:43.709 [main] DEBUG edu.lu.uni.serval.tbar.AbstractFixer - Compiling
2022-10-17 08:50:44.612 [main] DEBUG edu.lu.uni.serval.tbar.AbstractFixer - BuggyProject ---Fixer: fix fail because of failed compiling! 
2022-10-17 08:50:44.633 [main] DEBUG edu.lu.uni.serval.tbar.AbstractFixer - Patch Candidate:
@@ -395,7 +395,8 @@ public class DefaultActionMapper implements ActionMapper {
-            return cleanActionName;
+            setAllowActionCrossNamespaceAccess(cleanActionName);
+	return cleanActionName;
2022-10-17 08:50:44.633 [main] DEBUG edu.lu.uni.serval.tbar.AbstractFixer - Compiling
2022-10-17 08:50:45.681 [main] DEBUG edu.lu.uni.serval.tbar.AbstractFixer - Test previously failed test cases.
2022-10-17 08:51:02.057 [main] DEBUG edu.lu.uni.serval.tbar.AbstractFixer - Patch Candidate:
@@ -396,6 +396,7 @@ public class DefaultActionMapper implements ActionMapper {
+	setAllowActionCrossNamespaceAccess(cleanActionName);
2022-10-17 08:51:02.057 [main] DEBUG edu.lu.uni.serval.tbar.AbstractFixer - Compiling
2022-10-17 08:51:03.026 [main] DEBUG edu.lu.uni.serval.tbar.AbstractFixer - BuggyProject ---Fixer: fix fail because of failed compiling! 
2022-10-17 08:51:03.046 [main] DEBUG edu.lu.uni.serval.tbar.AbstractFixer - Patch Candidate:
@@ -395,7 +395,7 @@ public class DefaultActionMapper implements ActionMapper {
-            return cleanActionName;
+            setExtensions(cleanActionName);
2022-10-17 08:51:03.047 [main] DEBUG edu.lu.uni.serval.tbar.AbstractFixer - Compiling
2022-10-17 08:51:04.036 [main] DEBUG edu.lu.uni.serval.tbar.AbstractFixer - BuggyProject ---Fixer: fix fail because of failed compiling! 
2022-10-17 08:51:04.063 [main] DEBUG edu.lu.uni.serval.tbar.AbstractFixer - Patch Candidate:
@@ -395,7 +395,8 @@ public class DefaultActionMapper implements ActionMapper {
-            return cleanActionName;
+            setExtensions(cleanActionName);
+	return cleanActionName;
2022-10-17 08:51:04.063 [main] DEBUG edu.lu.uni.serval.tbar.AbstractFixer - Compiling
2022-10-17 08:51:05.225 [main] DEBUG edu.lu.uni.serval.tbar.AbstractFixer - Test previously failed test cases.
2022-10-17 08:51:21.688 [main] DEBUG edu.lu.uni.serval.tbar.AbstractFixer - Patch Candidate:
@@ -396,6 +396,7 @@ public class DefaultActionMapper implements ActionMapper {
+	setExtensions(cleanActionName);
2022-10-17 08:51:21.688 [main] DEBUG edu.lu.uni.serval.tbar.AbstractFixer - Compiling
2022-10-17 08:51:22.681 [main] DEBUG edu.lu.uni.serval.tbar.AbstractFixer - BuggyProject ---Fixer: fix fail because of failed compiling! 
2022-10-17 08:51:22.681 [main] DEBUG edu.lu.uni.serval.tbar.AbstractFixer - org.apache.struts2.dispatcher.mapper.DefaultActionMapper ===387
2022-10-17 08:51:22.730 [main] DEBUG edu.lu.uni.serval.tbar.AbstractFixer - Suspicious Code: 
if (LOG.isWarnEnabled()) {
                LOG.warn("Action/method [#0] does not match allowed action names pattern [#1], cleaning it up!",
                        rawActionName, allowedActionNames);
            }
2022-10-17 08:51:22.926 [main] DEBUG edu.lu.uni.serval.tbar.AbstractFixer - Patch Candidate:
@@ -384,7 +384,7 @@ public class DefaultActionMapper implements ActionMapper {
-            if (LOG.isWarnEnabled()) {
+            if (LOG != null && LOG.isWarnEnabled()) {
2022-10-17 08:51:22.927 [main] DEBUG edu.lu.uni.serval.tbar.AbstractFixer - Compiling
2022-10-17 08:51:23.982 [main] DEBUG edu.lu.uni.serval.tbar.AbstractFixer - Test previously failed test cases.
2022-10-17 08:51:40.206 [main] DEBUG edu.lu.uni.serval.tbar.AbstractFixer - Patch Candidate:
@@ -384,7 +384,7 @@ public class DefaultActionMapper implements ActionMapper {
-            if (LOG.isWarnEnabled()) {
+            if (LOG != null || LOG.isWarnEnabled()) {
2022-10-17 08:51:40.207 [main] DEBUG edu.lu.uni.serval.tbar.AbstractFixer - Compiling
2022-10-17 08:51:41.226 [main] DEBUG edu.lu.uni.serval.tbar.AbstractFixer - Test previously failed test cases.
2022-10-17 08:51:57.427 [main] DEBUG edu.lu.uni.serval.tbar.AbstractFixer - Patch Candidate:
@@ -384,10 +384,8 @@ public class DefaultActionMapper implements ActionMapper {
-            if (LOG.isWarnEnabled()) {
-                LOG.warn("Action/method [#0] does not match allowed action names pattern [#1], cleaning it up!",
+            LOG.warn("Action/method [#0] does not match allowed action names pattern [#1], cleaning it up!",
-            }
2022-10-17 08:51:57.427 [main] DEBUG edu.lu.uni.serval.tbar.AbstractFixer - Compiling
2022-10-17 08:51:58.414 [main] DEBUG edu.lu.uni.serval.tbar.AbstractFixer - Test previously failed test cases.
2022-10-17 08:52:15.366 [main] DEBUG edu.lu.uni.serval.tbar.AbstractFixer - Patch Candidate:
@@ -384,10 +384,7 @@ public class DefaultActionMapper implements ActionMapper {
-            if (LOG.isWarnEnabled()) {
-                LOG.warn("Action/method [#0] does not match allowed action names pattern [#1], cleaning it up!",
-                        rawActionName, allowedActionNames);
-            }
+
2022-10-17 08:52:15.366 [main] DEBUG edu.lu.uni.serval.tbar.AbstractFixer - Compiling
2022-10-17 08:52:16.354 [main] DEBUG edu.lu.uni.serval.tbar.AbstractFixer - Test previously failed test cases.
2022-10-17 08:52:32.989 [main] DEBUG edu.lu.uni.serval.tbar.AbstractFixer - org.apache.struts2.dispatcher.mapper.DefaultActionMapper ===391
2022-10-17 08:52:33.020 [main] DEBUG edu.lu.uni.serval.tbar.AbstractFixer - Suspicious Code: 
String cleanActionName = rawActionName;
2022-10-17 08:52:33.096 [main] DEBUG edu.lu.uni.serval.tbar.AbstractFixer - Patch Candidate:
@@ -388,7 +388,7 @@ public class DefaultActionMapper implements ActionMapper {
-            String cleanActionName = rawActionName;
+            String cleanActionName = cleanActionName;
2022-10-17 08:52:33.097 [main] DEBUG edu.lu.uni.serval.tbar.AbstractFixer - Compiling
2022-10-17 08:52:34.087 [main] DEBUG edu.lu.uni.serval.tbar.AbstractFixer - BuggyProject ---Fixer: fix fail because of failed compiling! 
2022-10-17 08:52:34.107 [main] DEBUG edu.lu.uni.serval.tbar.AbstractFixer - Patch Candidate:
@@ -388,7 +388,7 @@ public class DefaultActionMapper implements ActionMapper {
-            String cleanActionName = rawActionName;
+            String cleanActionName = isSlashesInActionNames();
2022-10-17 08:52:34.107 [main] DEBUG edu.lu.uni.serval.tbar.AbstractFixer - Compiling
2022-10-17 08:52:35.066 [main] DEBUG edu.lu.uni.serval.tbar.AbstractFixer - BuggyProject ---Fixer: fix fail because of failed compiling! 
2022-10-17 08:52:35.089 [main] DEBUG edu.lu.uni.serval.tbar.AbstractFixer - Patch Candidate:
@@ -388,7 +388,7 @@ public class DefaultActionMapper implements ActionMapper {
-            String cleanActionName = rawActionName;
+            String cleanActionName = getDefaultExtension();
2022-10-17 08:52:35.089 [main] DEBUG edu.lu.uni.serval.tbar.AbstractFixer - Compiling
2022-10-17 08:52:36.067 [main] DEBUG edu.lu.uni.serval.tbar.AbstractFixer - Test previously failed test cases.
2022-10-17 08:52:52.239 [main] DEBUG edu.lu.uni.serval.tbar.AbstractFixer - Patch Candidate:
@@ -388,7 +388,8 @@ public class DefaultActionMapper implements ActionMapper {
-            String cleanActionName = rawActionName;
+            if (rawActionName != null) {
+	String cleanActionName = rawActionName;
@@ -396,6 +397,8 @@ public class DefaultActionMapper implements ActionMapper {
+	}
+
2022-10-17 08:52:52.239 [main] DEBUG edu.lu.uni.serval.tbar.AbstractFixer - Compiling
2022-10-17 08:52:53.213 [main] DEBUG edu.lu.uni.serval.tbar.AbstractFixer - BuggyProject ---Fixer: fix fail because of failed compiling! 
2022-10-17 08:52:53.233 [main] DEBUG edu.lu.uni.serval.tbar.AbstractFixer - Patch Candidate:
@@ -388,7 +388,10 @@ public class DefaultActionMapper implements ActionMapper {
-            String cleanActionName = rawActionName;
+            if (rawActionName == null) {
+	    throw new IllegalArgumentException("Null 'rawActionName' argument.");
+	}
+String cleanActionName = rawActionName;
2022-10-17 08:52:53.233 [main] DEBUG edu.lu.uni.serval.tbar.AbstractFixer - Compiling
2022-10-17 08:52:54.214 [main] DEBUG edu.lu.uni.serval.tbar.AbstractFixer - Test previously failed test cases.
2022-10-17 08:53:10.616 [main] DEBUG edu.lu.uni.serval.tbar.AbstractFixer - Patch Candidate:
@@ -388,7 +388,10 @@ public class DefaultActionMapper implements ActionMapper {
-            String cleanActionName = rawActionName;
+            if (rawActionName == null) {
+	    return null;
+	}
+String cleanActionName = rawActionName;
2022-10-17 08:53:10.616 [main] DEBUG edu.lu.uni.serval.tbar.AbstractFixer - Compiling
2022-10-17 08:53:11.687 [main] DEBUG edu.lu.uni.serval.tbar.AbstractFixer - Test previously failed test cases.
2022-10-17 08:53:28.066 [main] DEBUG edu.lu.uni.serval.tbar.AbstractFixer - Patch Candidate:
@@ -388,7 +388,8 @@ public class DefaultActionMapper implements ActionMapper {
-            String cleanActionName = rawActionName;
+            if (rawActionName == null) rawActionName = cleanActionName;
+ String cleanActionName = rawActionName;
2022-10-17 08:53:28.066 [main] DEBUG edu.lu.uni.serval.tbar.AbstractFixer - Compiling
2022-10-17 08:53:28.997 [main] DEBUG edu.lu.uni.serval.tbar.AbstractFixer - BuggyProject ---Fixer: fix fail because of failed compiling! 
2022-10-17 08:53:29.018 [main] DEBUG edu.lu.uni.serval.tbar.AbstractFixer - Patch Candidate:
@@ -388,7 +388,8 @@ public class DefaultActionMapper implements ActionMapper {
-            String cleanActionName = rawActionName;
+            if (rawActionName == null) rawActionName = METHOD_PREFIX;
+ String cleanActionName = rawActionName;
2022-10-17 08:53:29.019 [main] DEBUG edu.lu.uni.serval.tbar.AbstractFixer - Compiling
2022-10-17 08:53:30.015 [main] DEBUG edu.lu.uni.serval.tbar.AbstractFixer - BuggyProject ---Fixer: fix fail because of failed compiling! 
2022-10-17 08:53:30.035 [main] DEBUG edu.lu.uni.serval.tbar.AbstractFixer - Patch Candidate:
@@ -388,7 +388,8 @@ public class DefaultActionMapper implements ActionMapper {
-            String cleanActionName = rawActionName;
+            if (rawActionName == null) rawActionName = DefaultActionMapper.METHOD_PREFIX;
+ String cleanActionName = rawActionName;
2022-10-17 08:53:30.036 [main] DEBUG edu.lu.uni.serval.tbar.AbstractFixer - Compiling
2022-10-17 08:53:30.965 [main] DEBUG edu.lu.uni.serval.tbar.AbstractFixer - BuggyProject ---Fixer: fix fail because of failed compiling! 
2022-10-17 08:53:30.984 [main] DEBUG edu.lu.uni.serval.tbar.AbstractFixer - Patch Candidate:
@@ -388,7 +388,8 @@ public class DefaultActionMapper implements ActionMapper {
-            String cleanActionName = rawActionName;
+            if (rawActionName == null) rawActionName = ACTION_PREFIX;
+ String cleanActionName = rawActionName;
2022-10-17 08:53:30.985 [main] DEBUG edu.lu.uni.serval.tbar.AbstractFixer - Compiling
2022-10-17 08:53:31.934 [main] DEBUG edu.lu.uni.serval.tbar.AbstractFixer - BuggyProject ---Fixer: fix fail because of failed compiling! 
2022-10-17 08:53:31.954 [main] DEBUG edu.lu.uni.serval.tbar.AbstractFixer - Patch Candidate:
@@ -388,7 +388,8 @@ public class DefaultActionMapper implements ActionMapper {
-            String cleanActionName = rawActionName;
+            if (rawActionName == null) rawActionName = DefaultActionMapper.ACTION_PREFIX;
+ String cleanActionName = rawActionName;
2022-10-17 08:53:31.954 [main] DEBUG edu.lu.uni.serval.tbar.AbstractFixer - Compiling
2022-10-17 08:53:32.932 [main] DEBUG edu.lu.uni.serval.tbar.AbstractFixer - BuggyProject ---Fixer: fix fail because of failed compiling! 
2022-10-17 08:53:32.954 [main] DEBUG edu.lu.uni.serval.tbar.AbstractFixer - Patch Candidate:
@@ -388,7 +388,8 @@ public class DefaultActionMapper implements ActionMapper {
-            String cleanActionName = rawActionName;
+            if (rawActionName == null) rawActionName = new String();
+ String cleanActionName = rawActionName;
2022-10-17 08:53:32.954 [main] DEBUG edu.lu.uni.serval.tbar.AbstractFixer - Compiling
2022-10-17 08:53:33.781 [main] DEBUG edu.lu.uni.serval.tbar.AbstractFixer - BuggyProject ---Fixer: fix fail because of failed compiling! 
2022-10-17 08:53:33.801 [main] DEBUG edu.lu.uni.serval.tbar.AbstractFixer - Patch Candidate:
@@ -388,7 +388,8 @@ public class DefaultActionMapper implements ActionMapper {
-            String cleanActionName = rawActionName;
+            if (rawActionName == null) return new String();
+	 String cleanActionName = rawActionName;
2022-10-17 08:53:33.802 [main] DEBUG edu.lu.uni.serval.tbar.AbstractFixer - Compiling
2022-10-17 08:53:34.838 [main] DEBUG edu.lu.uni.serval.tbar.AbstractFixer - Test previously failed test cases.
2022-10-17 08:53:51.223 [main] DEBUG edu.lu.uni.serval.tbar.AbstractFixer - Patch Candidate:
@@ -388,7 +388,8 @@ public class DefaultActionMapper implements ActionMapper {
-            String cleanActionName = rawActionName;
+            if (rawActionName == null) return cleanActionName;
+	 String cleanActionName = rawActionName;
2022-10-17 08:53:51.223 [main] DEBUG edu.lu.uni.serval.tbar.AbstractFixer - Compiling
2022-10-17 08:53:52.201 [main] DEBUG edu.lu.uni.serval.tbar.AbstractFixer - BuggyProject ---Fixer: fix fail because of failed compiling! 
2022-10-17 08:53:52.222 [main] DEBUG edu.lu.uni.serval.tbar.AbstractFixer - Patch Candidate:
@@ -388,7 +388,8 @@ public class DefaultActionMapper implements ActionMapper {
-            String cleanActionName = rawActionName;
+            if (rawActionName == null) return METHOD_PREFIX;
+	 String cleanActionName = rawActionName;
2022-10-17 08:53:52.223 [main] DEBUG edu.lu.uni.serval.tbar.AbstractFixer - Compiling
2022-10-17 08:53:53.291 [main] DEBUG edu.lu.uni.serval.tbar.AbstractFixer - Test previously failed test cases.
2022-10-17 08:54:10.144 [main] DEBUG edu.lu.uni.serval.tbar.AbstractFixer - Patch Candidate:
@@ -388,7 +388,8 @@ public class DefaultActionMapper implements ActionMapper {
-            String cleanActionName = rawActionName;
+            if (rawActionName == null) return DefaultActionMapper.METHOD_PREFIX;
+	 String cleanActionName = rawActionName;
2022-10-17 08:54:10.144 [main] DEBUG edu.lu.uni.serval.tbar.AbstractFixer - Compiling
2022-10-17 08:54:11.169 [main] DEBUG edu.lu.uni.serval.tbar.AbstractFixer - Test previously failed test cases.
2022-10-17 08:54:27.936 [main] DEBUG edu.lu.uni.serval.tbar.AbstractFixer - Patch Candidate:
@@ -388,7 +388,8 @@ public class DefaultActionMapper implements ActionMapper {
-            String cleanActionName = rawActionName;
+            if (rawActionName == null) return ACTION_PREFIX;
+	 String cleanActionName = rawActionName;
2022-10-17 08:54:27.936 [main] DEBUG edu.lu.uni.serval.tbar.AbstractFixer - Compiling
2022-10-17 08:54:29.005 [main] DEBUG edu.lu.uni.serval.tbar.AbstractFixer - Test previously failed test cases.
2022-10-17 08:54:45.568 [main] DEBUG edu.lu.uni.serval.tbar.AbstractFixer - Patch Candidate:
@@ -388,7 +388,8 @@ public class DefaultActionMapper implements ActionMapper {
-            String cleanActionName = rawActionName;
+            if (rawActionName == null) return DefaultActionMapper.ACTION_PREFIX;
+	 String cleanActionName = rawActionName;
2022-10-17 08:54:45.568 [main] DEBUG edu.lu.uni.serval.tbar.AbstractFixer - Compiling
2022-10-17 08:54:46.564 [main] DEBUG edu.lu.uni.serval.tbar.AbstractFixer - Test previously failed test cases.
2022-10-17 08:55:03.037 [main] DEBUG edu.lu.uni.serval.tbar.AbstractFixer - Patch Candidate:
@@ -388,7 +388,7 @@ public class DefaultActionMapper implements ActionMapper {
-            String cleanActionName = rawActionName;
+
2022-10-17 08:55:03.038 [main] DEBUG edu.lu.uni.serval.tbar.AbstractFixer - Compiling
2022-10-17 08:55:04.038 [main] DEBUG edu.lu.uni.serval.tbar.AbstractFixer - BuggyProject ---Fixer: fix fail because of failed compiling! 
2022-10-17 08:55:04.090 [main] DEBUG edu.lu.uni.serval.tbar.AbstractFixer - Patch Candidate:
@@ -388,7 +388,7 @@ public class DefaultActionMapper implements ActionMapper {
-            String cleanActionName = rawActionName;
+            setAllowDynamicMethodCalls(rawActionName);
2022-10-17 08:55:04.091 [main] DEBUG edu.lu.uni.serval.tbar.AbstractFixer - Compiling
2022-10-17 08:55:05.089 [main] DEBUG edu.lu.uni.serval.tbar.AbstractFixer - BuggyProject ---Fixer: fix fail because of failed compiling! 
2022-10-17 08:55:05.109 [main] DEBUG edu.lu.uni.serval.tbar.AbstractFixer - Patch Candidate:
@@ -388,7 +388,8 @@ public class DefaultActionMapper implements ActionMapper {
-            String cleanActionName = rawActionName;
+            setAllowDynamicMethodCalls(rawActionName);
+	String cleanActionName = rawActionName;
2022-10-17 08:55:05.110 [main] DEBUG edu.lu.uni.serval.tbar.AbstractFixer - Compiling
2022-10-17 08:55:06.267 [main] DEBUG edu.lu.uni.serval.tbar.AbstractFixer - Test previously failed test cases.
2022-10-17 08:55:22.607 [main] DEBUG edu.lu.uni.serval.tbar.AbstractFixer - Patch Candidate:
@@ -389,6 +389,7 @@ public class DefaultActionMapper implements ActionMapper {
+	setAllowDynamicMethodCalls(rawActionName);
2022-10-17 08:55:22.607 [main] DEBUG edu.lu.uni.serval.tbar.AbstractFixer - Compiling
2022-10-17 08:55:23.582 [main] DEBUG edu.lu.uni.serval.tbar.AbstractFixer - Test previously failed test cases.
2022-10-17 08:55:40.154 [main] DEBUG edu.lu.uni.serval.tbar.AbstractFixer - Patch Candidate:
@@ -388,7 +388,7 @@ public class DefaultActionMapper implements ActionMapper {
-            String cleanActionName = rawActionName;
+            setSlashesInActionNames(rawActionName);
2022-10-17 08:55:40.154 [main] DEBUG edu.lu.uni.serval.tbar.AbstractFixer - Compiling
2022-10-17 08:55:41.111 [main] DEBUG edu.lu.uni.serval.tbar.AbstractFixer - BuggyProject ---Fixer: fix fail because of failed compiling! 
2022-10-17 08:55:41.130 [main] DEBUG edu.lu.uni.serval.tbar.AbstractFixer - Patch Candidate:
@@ -388,7 +388,8 @@ public class DefaultActionMapper implements ActionMapper {
-            String cleanActionName = rawActionName;
+            setSlashesInActionNames(rawActionName);
+	String cleanActionName = rawActionName;
2022-10-17 08:55:41.131 [main] DEBUG edu.lu.uni.serval.tbar.AbstractFixer - Compiling
2022-10-17 08:55:42.111 [main] DEBUG edu.lu.uni.serval.tbar.AbstractFixer - Test previously failed test cases.
2022-10-17 08:55:58.772 [main] DEBUG edu.lu.uni.serval.tbar.AbstractFixer - Patch Candidate:
@@ -389,6 +389,7 @@ public class DefaultActionMapper implements ActionMapper {
+	setSlashesInActionNames(rawActionName);
2022-10-17 08:55:58.772 [main] DEBUG edu.lu.uni.serval.tbar.AbstractFixer - Compiling
2022-10-17 08:55:59.733 [main] DEBUG edu.lu.uni.serval.tbar.AbstractFixer - Test previously failed test cases.
2022-10-17 08:56:16.214 [main] DEBUG edu.lu.uni.serval.tbar.AbstractFixer - Patch Candidate:
@@ -388,7 +388,7 @@ public class DefaultActionMapper implements ActionMapper {
-            String cleanActionName = rawActionName;
+            setAlwaysSelectFullNamespace(rawActionName);
2022-10-17 08:56:16.214 [main] DEBUG edu.lu.uni.serval.tbar.AbstractFixer - Compiling
2022-10-17 08:56:17.240 [main] DEBUG edu.lu.uni.serval.tbar.AbstractFixer - BuggyProject ---Fixer: fix fail because of failed compiling! 
2022-10-17 08:56:17.260 [main] DEBUG edu.lu.uni.serval.tbar.AbstractFixer - Patch Candidate:
@@ -388,7 +388,8 @@ public class DefaultActionMapper implements ActionMapper {
-            String cleanActionName = rawActionName;
+            setAlwaysSelectFullNamespace(rawActionName);
+	String cleanActionName = rawActionName;
2022-10-17 08:56:17.261 [main] DEBUG edu.lu.uni.serval.tbar.AbstractFixer - Compiling
2022-10-17 08:56:18.198 [main] DEBUG edu.lu.uni.serval.tbar.AbstractFixer - Test previously failed test cases.
2022-10-17 08:56:34.725 [main] DEBUG edu.lu.uni.serval.tbar.AbstractFixer - Patch Candidate:
@@ -389,6 +389,7 @@ public class DefaultActionMapper implements ActionMapper {
+	setAlwaysSelectFullNamespace(rawActionName);
2022-10-17 08:56:34.725 [main] DEBUG edu.lu.uni.serval.tbar.AbstractFixer - Compiling
2022-10-17 08:56:35.703 [main] DEBUG edu.lu.uni.serval.tbar.AbstractFixer - Test previously failed test cases.
2022-10-17 08:56:52.260 [main] DEBUG edu.lu.uni.serval.tbar.AbstractFixer - Patch Candidate:
@@ -388,7 +388,7 @@ public class DefaultActionMapper implements ActionMapper {
-            String cleanActionName = rawActionName;
+            setAllowedActionNames(rawActionName);
2022-10-17 08:56:52.260 [main] DEBUG edu.lu.uni.serval.tbar.AbstractFixer - Compiling
2022-10-17 08:56:53.204 [main] DEBUG edu.lu.uni.serval.tbar.AbstractFixer - BuggyProject ---Fixer: fix fail because of failed compiling! 
2022-10-17 08:56:53.225 [main] DEBUG edu.lu.uni.serval.tbar.AbstractFixer - Patch Candidate:
@@ -388,7 +388,8 @@ public class DefaultActionMapper implements ActionMapper {
-            String cleanActionName = rawActionName;
+            setAllowedActionNames(rawActionName);
+	String cleanActionName = rawActionName;
2022-10-17 08:56:53.225 [main] DEBUG edu.lu.uni.serval.tbar.AbstractFixer - Compiling
2022-10-17 08:56:54.216 [main] DEBUG edu.lu.uni.serval.tbar.AbstractFixer - Test previously failed test cases.
2022-10-17 08:57:10.971 [main] DEBUG edu.lu.uni.serval.tbar.AbstractFixer - Patch Candidate:
@@ -389,6 +389,7 @@ public class DefaultActionMapper implements ActionMapper {
+	setAllowedActionNames(rawActionName);
2022-10-17 08:57:10.971 [main] DEBUG edu.lu.uni.serval.tbar.AbstractFixer - Compiling
2022-10-17 08:57:12.052 [main] DEBUG edu.lu.uni.serval.tbar.AbstractFixer - Test previously failed test cases.
2022-10-17 08:57:28.670 [main] DEBUG edu.lu.uni.serval.tbar.AbstractFixer - Patch Candidate:
@@ -388,7 +388,7 @@ public class DefaultActionMapper implements ActionMapper {
-            String cleanActionName = rawActionName;
+            setAllowActionPrefix(rawActionName);
2022-10-17 08:57:28.670 [main] DEBUG edu.lu.uni.serval.tbar.AbstractFixer - Compiling
2022-10-17 08:57:29.612 [main] DEBUG edu.lu.uni.serval.tbar.AbstractFixer - BuggyProject ---Fixer: fix fail because of failed compiling! 
2022-10-17 08:57:29.632 [main] DEBUG edu.lu.uni.serval.tbar.AbstractFixer - Patch Candidate:
@@ -388,7 +388,8 @@ public class DefaultActionMapper implements ActionMapper {
-            String cleanActionName = rawActionName;
+            setAllowActionPrefix(rawActionName);
+	String cleanActionName = rawActionName;
2022-10-17 08:57:29.632 [main] DEBUG edu.lu.uni.serval.tbar.AbstractFixer - Compiling
2022-10-17 08:57:30.771 [main] DEBUG edu.lu.uni.serval.tbar.AbstractFixer - Test previously failed test cases.
2022-10-17 08:57:47.095 [main] DEBUG edu.lu.uni.serval.tbar.AbstractFixer - Patch Candidate:
@@ -389,6 +389,7 @@ public class DefaultActionMapper implements ActionMapper {
+	setAllowActionPrefix(rawActionName);
2022-10-17 08:57:47.095 [main] DEBUG edu.lu.uni.serval.tbar.AbstractFixer - Compiling
2022-10-17 08:57:48.065 [main] DEBUG edu.lu.uni.serval.tbar.AbstractFixer - Test previously failed test cases.
2022-10-17 08:58:04.911 [main] DEBUG edu.lu.uni.serval.tbar.AbstractFixer - Patch Candidate:
@@ -388,7 +388,7 @@ public class DefaultActionMapper implements ActionMapper {
-            String cleanActionName = rawActionName;
+            setAllowActionCrossNamespaceAccess(rawActionName);
2022-10-17 08:58:04.911 [main] DEBUG edu.lu.uni.serval.tbar.AbstractFixer - Compiling
2022-10-17 08:58:05.838 [main] DEBUG edu.lu.uni.serval.tbar.AbstractFixer - BuggyProject ---Fixer: fix fail because of failed compiling! 
2022-10-17 08:58:05.867 [main] DEBUG edu.lu.uni.serval.tbar.AbstractFixer - Patch Candidate:
@@ -388,7 +388,8 @@ public class DefaultActionMapper implements ActionMapper {
-            String cleanActionName = rawActionName;
+            setAllowActionCrossNamespaceAccess(rawActionName);
+	String cleanActionName = rawActionName;
2022-10-17 08:58:05.867 [main] DEBUG edu.lu.uni.serval.tbar.AbstractFixer - Compiling
2022-10-17 08:58:06.857 [main] DEBUG edu.lu.uni.serval.tbar.AbstractFixer - Test previously failed test cases.
2022-10-17 08:58:23.674 [main] DEBUG edu.lu.uni.serval.tbar.AbstractFixer - Patch Candidate:
@@ -389,6 +389,7 @@ public class DefaultActionMapper implements ActionMapper {
+	setAllowActionCrossNamespaceAccess(rawActionName);
2022-10-17 08:58:23.674 [main] DEBUG edu.lu.uni.serval.tbar.AbstractFixer - Compiling
2022-10-17 08:58:24.688 [main] DEBUG edu.lu.uni.serval.tbar.AbstractFixer - Test previously failed test cases.
2022-10-17 08:58:41.326 [main] DEBUG edu.lu.uni.serval.tbar.AbstractFixer - Patch Candidate:
@@ -388,7 +388,7 @@ public class DefaultActionMapper implements ActionMapper {
-            String cleanActionName = rawActionName;
+            setExtensions(rawActionName);
2022-10-17 08:58:41.327 [main] DEBUG edu.lu.uni.serval.tbar.AbstractFixer - Compiling
2022-10-17 08:58:42.223 [main] DEBUG edu.lu.uni.serval.tbar.AbstractFixer - BuggyProject ---Fixer: fix fail because of failed compiling! 
2022-10-17 08:58:42.243 [main] DEBUG edu.lu.uni.serval.tbar.AbstractFixer - Patch Candidate:
@@ -388,7 +388,8 @@ public class DefaultActionMapper implements ActionMapper {
-            String cleanActionName = rawActionName;
+            setExtensions(rawActionName);
+	String cleanActionName = rawActionName;
2022-10-17 08:58:42.243 [main] DEBUG edu.lu.uni.serval.tbar.AbstractFixer - Compiling
2022-10-17 08:58:43.212 [main] DEBUG edu.lu.uni.serval.tbar.AbstractFixer - Test previously failed test cases.
2022-10-17 08:58:59.469 [main] DEBUG edu.lu.uni.serval.tbar.AbstractFixer - Patch Candidate:
@@ -389,6 +389,7 @@ public class DefaultActionMapper implements ActionMapper {
+	setExtensions(rawActionName);
2022-10-17 08:58:59.469 [main] DEBUG edu.lu.uni.serval.tbar.AbstractFixer - Compiling
2022-10-17 08:59:00.488 [main] DEBUG edu.lu.uni.serval.tbar.AbstractFixer - Test previously failed test cases.
2022-10-17 08:59:16.979 [main] DEBUG edu.lu.uni.serval.tbar.AbstractFixer - org.apache.struts2.dispatcher.mapper.DefaultActionMapper ===392
2022-10-17 08:59:17.006 [main] DEBUG edu.lu.uni.serval.tbar.AbstractFixer - Suspicious Code: 
for (String chunk : allowedActionNames.split(rawActionName)) {
                cleanActionName = cleanActionName.replace(chunk, "");
            }
2022-10-17 08:59:17.085 [main] DEBUG edu.lu.uni.serval.tbar.AbstractFixer - Patch Candidate:
@@ -389,9 +389,12 @@ public class DefaultActionMapper implements ActionMapper {
-            for (String chunk : allowedActionNames.split(rawActionName)) {
+            if (allowedActionNames != null) {
+	for (String chunk : allowedActionNames.split(rawActionName)) {
+	}
+
2022-10-17 08:59:17.085 [main] DEBUG edu.lu.uni.serval.tbar.AbstractFixer - Compiling
2022-10-17 08:59:18.096 [main] DEBUG edu.lu.uni.serval.tbar.AbstractFixer - Test previously failed test cases.
2022-10-17 08:59:34.548 [main] DEBUG edu.lu.uni.serval.tbar.AbstractFixer - Patch Candidate:
@@ -389,7 +389,10 @@ public class DefaultActionMapper implements ActionMapper {
-            for (String chunk : allowedActionNames.split(rawActionName)) {
+            if (allowedActionNames == null) {
+	    throw new IllegalArgumentException("Null 'allowedActionNames' argument.");
+	}
+for (String chunk : allowedActionNames.split(rawActionName)) {
2022-10-17 08:59:34.549 [main] DEBUG edu.lu.uni.serval.tbar.AbstractFixer - Compiling
2022-10-17 08:59:35.626 [main] DEBUG edu.lu.uni.serval.tbar.AbstractFixer - Test previously failed test cases.
2022-10-17 08:59:52.086 [main] DEBUG edu.lu.uni.serval.tbar.AbstractFixer - Patch Candidate:
@@ -389,7 +389,10 @@ public class DefaultActionMapper implements ActionMapper {
-            for (String chunk : allowedActionNames.split(rawActionName)) {
+            if (allowedActionNames == null) {
+	    return null;
+	}
+for (String chunk : allowedActionNames.split(rawActionName)) {
2022-10-17 08:59:52.086 [main] DEBUG edu.lu.uni.serval.tbar.AbstractFixer - Compiling
2022-10-17 08:59:53.144 [main] DEBUG edu.lu.uni.serval.tbar.AbstractFixer - Test previously failed test cases.
2022-10-17 09:00:10.422 [main] DEBUG edu.lu.uni.serval.tbar.AbstractFixer - Patch Candidate:
@@ -389,7 +389,8 @@ public class DefaultActionMapper implements ActionMapper {
-            for (String chunk : allowedActionNames.split(rawActionName)) {
+            if (allowedActionNames == null) allowedActionNames = new Pattern();
+ for (String chunk : allowedActionNames.split(rawActionName)) {
2022-10-17 09:00:10.422 [main] DEBUG edu.lu.uni.serval.tbar.AbstractFixer - Compiling
2022-10-17 09:00:11.412 [main] DEBUG edu.lu.uni.serval.tbar.AbstractFixer - BuggyProject ---Fixer: fix fail because of failed compiling! 
2022-10-17 09:00:11.434 [main] DEBUG edu.lu.uni.serval.tbar.AbstractFixer - Patch Candidate:
@@ -389,7 +389,8 @@ public class DefaultActionMapper implements ActionMapper {
-            for (String chunk : allowedActionNames.split(rawActionName)) {
+            if (allowedActionNames == null) return new String();
+	 for (String chunk : allowedActionNames.split(rawActionName)) {
2022-10-17 09:00:11.434 [main] DEBUG edu.lu.uni.serval.tbar.AbstractFixer - Compiling
2022-10-17 09:00:12.426 [main] DEBUG edu.lu.uni.serval.tbar.AbstractFixer - Test previously failed test cases.
2022-10-17 09:00:29.687 [main] DEBUG edu.lu.uni.serval.tbar.AbstractFixer - Patch Candidate:
@@ -389,7 +389,8 @@ public class DefaultActionMapper implements ActionMapper {
-            for (String chunk : allowedActionNames.split(rawActionName)) {
+            if (allowedActionNames == null) return chunk;
+	 for (String chunk : allowedActionNames.split(rawActionName)) {
2022-10-17 09:00:29.687 [main] DEBUG edu.lu.uni.serval.tbar.AbstractFixer - Compiling
2022-10-17 09:00:30.638 [main] DEBUG edu.lu.uni.serval.tbar.AbstractFixer - BuggyProject ---Fixer: fix fail because of failed compiling! 
2022-10-17 09:00:30.664 [main] DEBUG edu.lu.uni.serval.tbar.AbstractFixer - Patch Candidate:
@@ -389,7 +389,8 @@ public class DefaultActionMapper implements ActionMapper {
-            for (String chunk : allowedActionNames.split(rawActionName)) {
+            if (allowedActionNames == null) return cleanActionName;
+	 for (String chunk : allowedActionNames.split(rawActionName)) {
2022-10-17 09:00:30.664 [main] DEBUG edu.lu.uni.serval.tbar.AbstractFixer - Compiling
2022-10-17 09:00:31.635 [main] DEBUG edu.lu.uni.serval.tbar.AbstractFixer - Test previously failed test cases.
2022-10-17 09:00:48.746 [main] DEBUG edu.lu.uni.serval.tbar.AbstractFixer - Patch Candidate:
@@ -389,7 +389,8 @@ public class DefaultActionMapper implements ActionMapper {
-            for (String chunk : allowedActionNames.split(rawActionName)) {
+            if (allowedActionNames == null) return METHOD_PREFIX;
+	 for (String chunk : allowedActionNames.split(rawActionName)) {
2022-10-17 09:00:48.746 [main] DEBUG edu.lu.uni.serval.tbar.AbstractFixer - Compiling
2022-10-17 09:00:49.800 [main] DEBUG edu.lu.uni.serval.tbar.AbstractFixer - Test previously failed test cases.
2022-10-17 09:01:06.179 [main] DEBUG edu.lu.uni.serval.tbar.AbstractFixer - Patch Candidate:
@@ -389,7 +389,8 @@ public class DefaultActionMapper implements ActionMapper {
-            for (String chunk : allowedActionNames.split(rawActionName)) {
+            if (allowedActionNames == null) return DefaultActionMapper.METHOD_PREFIX;
+	 for (String chunk : allowedActionNames.split(rawActionName)) {
2022-10-17 09:01:06.180 [main] DEBUG edu.lu.uni.serval.tbar.AbstractFixer - Compiling
2022-10-17 09:01:07.182 [main] DEBUG edu.lu.uni.serval.tbar.AbstractFixer - Test previously failed test cases.
2022-10-17 09:01:23.924 [main] DEBUG edu.lu.uni.serval.tbar.AbstractFixer - Patch Candidate:
@@ -389,7 +389,8 @@ public class DefaultActionMapper implements ActionMapper {
-            for (String chunk : allowedActionNames.split(rawActionName)) {
+            if (allowedActionNames == null) return ACTION_PREFIX;
+	 for (String chunk : allowedActionNames.split(rawActionName)) {
2022-10-17 09:01:23.924 [main] DEBUG edu.lu.uni.serval.tbar.AbstractFixer - Compiling
2022-10-17 09:01:25.036 [main] DEBUG edu.lu.uni.serval.tbar.AbstractFixer - Test previously failed test cases.
2022-10-17 09:01:41.909 [main] DEBUG edu.lu.uni.serval.tbar.AbstractFixer - Patch Candidate:
@@ -389,7 +389,8 @@ public class DefaultActionMapper implements ActionMapper {
-            for (String chunk : allowedActionNames.split(rawActionName)) {
+            if (allowedActionNames == null) return DefaultActionMapper.ACTION_PREFIX;
+	 for (String chunk : allowedActionNames.split(rawActionName)) {
2022-10-17 09:01:41.909 [main] DEBUG edu.lu.uni.serval.tbar.AbstractFixer - Compiling
2022-10-17 09:01:42.922 [main] DEBUG edu.lu.uni.serval.tbar.AbstractFixer - Test previously failed test cases.
2022-10-17 09:01:59.563 [main] DEBUG edu.lu.uni.serval.tbar.AbstractFixer - Patch Candidate:
@@ -389,9 +389,12 @@ public class DefaultActionMapper implements ActionMapper {
-            for (String chunk : allowedActionNames.split(rawActionName)) {
+            if (rawActionName != null) {
+	for (String chunk : allowedActionNames.split(rawActionName)) {
+	}
+
2022-10-17 09:01:59.563 [main] DEBUG edu.lu.uni.serval.tbar.AbstractFixer - Compiling
2022-10-17 09:02:00.544 [main] DEBUG edu.lu.uni.serval.tbar.AbstractFixer - Test previously failed test cases.
2022-10-17 09:02:18.429 [main] DEBUG edu.lu.uni.serval.tbar.AbstractFixer - Patch Candidate:
@@ -389,7 +389,10 @@ public class DefaultActionMapper implements ActionMapper {
-            for (String chunk : allowedActionNames.split(rawActionName)) {
+            if (rawActionName == null) {
+	    throw new IllegalArgumentException("Null 'rawActionName' argument.");
+	}
+for (String chunk : allowedActionNames.split(rawActionName)) {
2022-10-17 09:02:18.429 [main] DEBUG edu.lu.uni.serval.tbar.AbstractFixer - Compiling
2022-10-17 09:02:19.544 [main] DEBUG edu.lu.uni.serval.tbar.AbstractFixer - Test previously failed test cases.
2022-10-17 09:02:37.287 [main] DEBUG edu.lu.uni.serval.tbar.AbstractFixer - Patch Candidate:
@@ -389,7 +389,10 @@ public class DefaultActionMapper implements ActionMapper {
-            for (String chunk : allowedActionNames.split(rawActionName)) {
+            if (rawActionName == null) {
+	    return null;
+	}
+for (String chunk : allowedActionNames.split(rawActionName)) {
2022-10-17 09:02:37.287 [main] DEBUG edu.lu.uni.serval.tbar.AbstractFixer - Compiling
2022-10-17 09:02:38.407 [main] DEBUG edu.lu.uni.serval.tbar.AbstractFixer - Test previously failed test cases.
2022-10-17 09:02:55.939 [main] DEBUG edu.lu.uni.serval.tbar.AbstractFixer - Patch Candidate:
@@ -389,7 +389,8 @@ public class DefaultActionMapper implements ActionMapper {
-            for (String chunk : allowedActionNames.split(rawActionName)) {
+            if (rawActionName == null) rawActionName = chunk;
+ for (String chunk : allowedActionNames.split(rawActionName)) {
2022-10-17 09:02:55.940 [main] DEBUG edu.lu.uni.serval.tbar.AbstractFixer - Compiling
2022-10-17 09:02:56.949 [main] DEBUG edu.lu.uni.serval.tbar.AbstractFixer - BuggyProject ---Fixer: fix fail because of failed compiling! 
2022-10-17 09:02:56.970 [main] DEBUG edu.lu.uni.serval.tbar.AbstractFixer - Patch Candidate:
@@ -389,7 +389,8 @@ public class DefaultActionMapper implements ActionMapper {
-            for (String chunk : allowedActionNames.split(rawActionName)) {
+            if (rawActionName == null) rawActionName = cleanActionName;
+ for (String chunk : allowedActionNames.split(rawActionName)) {
2022-10-17 09:02:56.970 [main] DEBUG edu.lu.uni.serval.tbar.AbstractFixer - Compiling
2022-10-17 09:02:57.938 [main] DEBUG edu.lu.uni.serval.tbar.AbstractFixer - BuggyProject ---Fixer: fix fail because of failed compiling! 
2022-10-17 09:02:57.960 [main] DEBUG edu.lu.uni.serval.tbar.AbstractFixer - Patch Candidate:
@@ -389,7 +389,8 @@ public class DefaultActionMapper implements ActionMapper {
-            for (String chunk : allowedActionNames.split(rawActionName)) {
+            if (rawActionName == null) rawActionName = METHOD_PREFIX;
+ for (String chunk : allowedActionNames.split(rawActionName)) {
2022-10-17 09:02:57.960 [main] DEBUG edu.lu.uni.serval.tbar.AbstractFixer - Compiling
2022-10-17 09:02:58.937 [main] DEBUG edu.lu.uni.serval.tbar.AbstractFixer - BuggyProject ---Fixer: fix fail because of failed compiling! 
2022-10-17 09:02:58.960 [main] DEBUG edu.lu.uni.serval.tbar.AbstractFixer - Patch Candidate:
@@ -389,7 +389,8 @@ public class DefaultActionMapper implements ActionMapper {
-            for (String chunk : allowedActionNames.split(rawActionName)) {
+            if (rawActionName == null) rawActionName = DefaultActionMapper.METHOD_PREFIX;
+ for (String chunk : allowedActionNames.split(rawActionName)) {
2022-10-17 09:02:58.960 [main] DEBUG edu.lu.uni.serval.tbar.AbstractFixer - Compiling
2022-10-17 09:02:59.999 [main] DEBUG edu.lu.uni.serval.tbar.AbstractFixer - BuggyProject ---Fixer: fix fail because of failed compiling! 
2022-10-17 09:03:00.019 [main] DEBUG edu.lu.uni.serval.tbar.AbstractFixer - Patch Candidate:
@@ -389,7 +389,8 @@ public class DefaultActionMapper implements ActionMapper {
-            for (String chunk : allowedActionNames.split(rawActionName)) {
+            if (rawActionName == null) rawActionName = ACTION_PREFIX;
+ for (String chunk : allowedActionNames.split(rawActionName)) {
2022-10-17 09:03:00.020 [main] DEBUG edu.lu.uni.serval.tbar.AbstractFixer - Compiling
2022-10-17 09:03:01.014 [main] DEBUG edu.lu.uni.serval.tbar.AbstractFixer - BuggyProject ---Fixer: fix fail because of failed compiling! 
2022-10-17 09:03:01.037 [main] DEBUG edu.lu.uni.serval.tbar.AbstractFixer - Patch Candidate:
@@ -389,7 +389,8 @@ public class DefaultActionMapper implements ActionMapper {
-            for (String chunk : allowedActionNames.split(rawActionName)) {
+            if (rawActionName == null) rawActionName = DefaultActionMapper.ACTION_PREFIX;
+ for (String chunk : allowedActionNames.split(rawActionName)) {
2022-10-17 09:03:01.037 [main] DEBUG edu.lu.uni.serval.tbar.AbstractFixer - Compiling
2022-10-17 09:03:02.043 [main] DEBUG edu.lu.uni.serval.tbar.AbstractFixer - BuggyProject ---Fixer: fix fail because of failed compiling! 
2022-10-17 09:03:02.064 [main] DEBUG edu.lu.uni.serval.tbar.AbstractFixer - Patch Candidate:
@@ -389,7 +389,8 @@ public class DefaultActionMapper implements ActionMapper {
-            for (String chunk : allowedActionNames.split(rawActionName)) {
+            if (rawActionName == null) rawActionName = new String();
+ for (String chunk : allowedActionNames.split(rawActionName)) {
2022-10-17 09:03:02.064 [main] DEBUG edu.lu.uni.serval.tbar.AbstractFixer - Compiling
2022-10-17 09:03:03.017 [main] DEBUG edu.lu.uni.serval.tbar.AbstractFixer - BuggyProject ---Fixer: fix fail because of failed compiling! 
2022-10-17 09:03:03.038 [main] DEBUG edu.lu.uni.serval.tbar.AbstractFixer - Patch Candidate:
@@ -389,7 +389,8 @@ public class DefaultActionMapper implements ActionMapper {
-            for (String chunk : allowedActionNames.split(rawActionName)) {
+            if (rawActionName == null) return new String();
+	 for (String chunk : allowedActionNames.split(rawActionName)) {
2022-10-17 09:03:03.038 [main] DEBUG edu.lu.uni.serval.tbar.AbstractFixer - Compiling
2022-10-17 09:03:04.176 [main] DEBUG edu.lu.uni.serval.tbar.AbstractFixer - Test previously failed test cases.
2022-10-17 09:03:21.716 [main] DEBUG edu.lu.uni.serval.tbar.AbstractFixer - Patch Candidate:
@@ -389,7 +389,8 @@ public class DefaultActionMapper implements ActionMapper {
-            for (String chunk : allowedActionNames.split(rawActionName)) {
+            if (rawActionName == null) return chunk;
+	 for (String chunk : allowedActionNames.split(rawActionName)) {
2022-10-17 09:03:21.716 [main] DEBUG edu.lu.uni.serval.tbar.AbstractFixer - Compiling
2022-10-17 09:03:22.699 [main] DEBUG edu.lu.uni.serval.tbar.AbstractFixer - BuggyProject ---Fixer: fix fail because of failed compiling! 
2022-10-17 09:03:22.721 [main] DEBUG edu.lu.uni.serval.tbar.AbstractFixer - Patch Candidate:
@@ -389,7 +389,8 @@ public class DefaultActionMapper implements ActionMapper {
-            for (String chunk : allowedActionNames.split(rawActionName)) {
+            if (rawActionName == null) return cleanActionName;
+	 for (String chunk : allowedActionNames.split(rawActionName)) {
2022-10-17 09:03:22.721 [main] DEBUG edu.lu.uni.serval.tbar.AbstractFixer - Compiling
2022-10-17 09:03:23.770 [main] DEBUG edu.lu.uni.serval.tbar.AbstractFixer - Test previously failed test cases.
2022-10-17 09:03:40.630 [main] DEBUG edu.lu.uni.serval.tbar.AbstractFixer - Patch Candidate:
@@ -389,7 +389,8 @@ public class DefaultActionMapper implements ActionMapper {
-            for (String chunk : allowedActionNames.split(rawActionName)) {
+            if (rawActionName == null) return METHOD_PREFIX;
+	 for (String chunk : allowedActionNames.split(rawActionName)) {
2022-10-17 09:03:40.630 [main] DEBUG edu.lu.uni.serval.tbar.AbstractFixer - Compiling
2022-10-17 09:03:41.649 [main] DEBUG edu.lu.uni.serval.tbar.AbstractFixer - Test previously failed test cases.
2022-10-17 09:03:58.538 [main] DEBUG edu.lu.uni.serval.tbar.AbstractFixer - Patch Candidate:
@@ -389,7 +389,8 @@ public class DefaultActionMapper implements ActionMapper {
-            for (String chunk : allowedActionNames.split(rawActionName)) {
+            if (rawActionName == null) return DefaultActionMapper.METHOD_PREFIX;
+	 for (String chunk : allowedActionNames.split(rawActionName)) {
2022-10-17 09:03:58.538 [main] DEBUG edu.lu.uni.serval.tbar.AbstractFixer - Compiling
2022-10-17 09:03:59.602 [main] DEBUG edu.lu.uni.serval.tbar.AbstractFixer - Test previously failed test cases.
2022-10-17 09:04:17.319 [main] DEBUG edu.lu.uni.serval.tbar.AbstractFixer - Patch Candidate:
@@ -389,7 +389,8 @@ public class DefaultActionMapper implements ActionMapper {
-            for (String chunk : allowedActionNames.split(rawActionName)) {
+            if (rawActionName == null) return ACTION_PREFIX;
+	 for (String chunk : allowedActionNames.split(rawActionName)) {
2022-10-17 09:04:17.319 [main] DEBUG edu.lu.uni.serval.tbar.AbstractFixer - Compiling
2022-10-17 09:04:18.298 [main] DEBUG edu.lu.uni.serval.tbar.AbstractFixer - Test previously failed test cases.
2022-10-17 09:04:35.174 [main] DEBUG edu.lu.uni.serval.tbar.AbstractFixer - Patch Candidate:
@@ -389,7 +389,8 @@ public class DefaultActionMapper implements ActionMapper {
-            for (String chunk : allowedActionNames.split(rawActionName)) {
+            if (rawActionName == null) return DefaultActionMapper.ACTION_PREFIX;
+	 for (String chunk : allowedActionNames.split(rawActionName)) {
2022-10-17 09:04:35.174 [main] DEBUG edu.lu.uni.serval.tbar.AbstractFixer - Compiling
2022-10-17 09:04:36.212 [main] DEBUG edu.lu.uni.serval.tbar.AbstractFixer - Test previously failed test cases.
2022-10-17 09:04:53.828 [main] DEBUG edu.lu.uni.serval.tbar.AbstractFixer - Patch Candidate:
@@ -389,9 +389,12 @@ public class DefaultActionMapper implements ActionMapper {
-            for (String chunk : allowedActionNames.split(rawActionName)) {
+            if (allowedActionNames != null && rawActionName != null) {
+	for (String chunk : allowedActionNames.split(rawActionName)) {
+	}
+
2022-10-17 09:04:53.828 [main] DEBUG edu.lu.uni.serval.tbar.AbstractFixer - Compiling
2022-10-17 09:04:55.016 [main] DEBUG edu.lu.uni.serval.tbar.AbstractFixer - Test previously failed test cases.
2022-10-17 09:05:12.505 [main] DEBUG edu.lu.uni.serval.tbar.AbstractFixer - Patch Candidate:
@@ -389,9 +389,7 @@ public class DefaultActionMapper implements ActionMapper {
-            for (String chunk : allowedActionNames.split(rawActionName)) {
-                cleanActionName = cleanActionName.replace(chunk, "");
-            }
+
2022-10-17 09:05:12.506 [main] DEBUG edu.lu.uni.serval.tbar.AbstractFixer - Compiling
2022-10-17 09:05:13.575 [main] DEBUG edu.lu.uni.serval.tbar.AbstractFixer - Test previously failed test cases.
2022-10-17 09:05:30.435 [main] DEBUG edu.lu.uni.serval.tbar.AbstractFixer - Patch Candidate:
@@ -389,9 +389,7 @@ public class DefaultActionMapper implements ActionMapper {
-            for (String chunk : allowedActionNames.split(rawActionName)) {
-                cleanActionName = cleanActionName.replace(chunk, "");
-            }
+            setAllowDynamicMethodCalls(rawActionName);
2022-10-17 09:05:30.435 [main] DEBUG edu.lu.uni.serval.tbar.AbstractFixer - Compiling
2022-10-17 09:05:31.445 [main] DEBUG edu.lu.uni.serval.tbar.AbstractFixer - Test previously failed test cases.
2022-10-17 09:05:48.043 [main] DEBUG edu.lu.uni.serval.tbar.AbstractFixer - Patch Candidate:
@@ -389,7 +389,8 @@ public class DefaultActionMapper implements ActionMapper {
-            for (String chunk : allowedActionNames.split(rawActionName)) {
+            setAllowDynamicMethodCalls(rawActionName);
+	for (String chunk : allowedActionNames.split(rawActionName)) {
2022-10-17 09:05:48.043 [main] DEBUG edu.lu.uni.serval.tbar.AbstractFixer - Compiling
2022-10-17 09:05:49.111 [main] DEBUG edu.lu.uni.serval.tbar.AbstractFixer - Test previously failed test cases.
2022-10-17 09:06:05.838 [main] DEBUG edu.lu.uni.serval.tbar.AbstractFixer - Patch Candidate:
@@ -392,6 +392,7 @@ public class DefaultActionMapper implements ActionMapper {
+	setAllowDynamicMethodCalls(rawActionName);
2022-10-17 09:06:05.838 [main] DEBUG edu.lu.uni.serval.tbar.AbstractFixer - Compiling
2022-10-17 09:06:06.924 [main] DEBUG edu.lu.uni.serval.tbar.AbstractFixer - Test previously failed test cases.
2022-10-17 09:06:23.914 [main] DEBUG edu.lu.uni.serval.tbar.AbstractFixer - Patch Candidate:
@@ -389,9 +389,7 @@ public class DefaultActionMapper implements ActionMapper {
-            for (String chunk : allowedActionNames.split(rawActionName)) {
-                cleanActionName = cleanActionName.replace(chunk, "");
-            }
+            setSlashesInActionNames(rawActionName);
2022-10-17 09:06:23.914 [main] DEBUG edu.lu.uni.serval.tbar.AbstractFixer - Compiling
2022-10-17 09:06:25.015 [main] DEBUG edu.lu.uni.serval.tbar.AbstractFixer - Test previously failed test cases.
2022-10-17 09:06:42.151 [main] DEBUG edu.lu.uni.serval.tbar.AbstractFixer - Patch Candidate:
@@ -389,7 +389,8 @@ public class DefaultActionMapper implements ActionMapper {
-            for (String chunk : allowedActionNames.split(rawActionName)) {
+            setSlashesInActionNames(rawActionName);
+	for (String chunk : allowedActionNames.split(rawActionName)) {
2022-10-17 09:06:42.152 [main] DEBUG edu.lu.uni.serval.tbar.AbstractFixer - Compiling
2022-10-17 09:06:43.183 [main] DEBUG edu.lu.uni.serval.tbar.AbstractFixer - Test previously failed test cases.
2022-10-17 09:07:00.099 [main] DEBUG edu.lu.uni.serval.tbar.AbstractFixer - Patch Candidate:
@@ -392,6 +392,7 @@ public class DefaultActionMapper implements ActionMapper {
+	setSlashesInActionNames(rawActionName);
2022-10-17 09:07:00.099 [main] DEBUG edu.lu.uni.serval.tbar.AbstractFixer - Compiling
2022-10-17 09:07:01.134 [main] DEBUG edu.lu.uni.serval.tbar.AbstractFixer - Test previously failed test cases.
2022-10-17 09:07:17.889 [main] DEBUG edu.lu.uni.serval.tbar.AbstractFixer - Patch Candidate:
@@ -389,9 +389,7 @@ public class DefaultActionMapper implements ActionMapper {
-            for (String chunk : allowedActionNames.split(rawActionName)) {
-                cleanActionName = cleanActionName.replace(chunk, "");
-            }
+            setAlwaysSelectFullNamespace(rawActionName);
2022-10-17 09:07:17.889 [main] DEBUG edu.lu.uni.serval.tbar.AbstractFixer - Compiling
2022-10-17 09:07:18.908 [main] DEBUG edu.lu.uni.serval.tbar.AbstractFixer - Test previously failed test cases.
2022-10-17 09:07:35.833 [main] DEBUG edu.lu.uni.serval.tbar.AbstractFixer - Patch Candidate:
@@ -389,7 +389,8 @@ public class DefaultActionMapper implements ActionMapper {
-            for (String chunk : allowedActionNames.split(rawActionName)) {
+            setAlwaysSelectFullNamespace(rawActionName);
+	for (String chunk : allowedActionNames.split(rawActionName)) {
2022-10-17 09:07:35.833 [main] DEBUG edu.lu.uni.serval.tbar.AbstractFixer - Compiling
2022-10-17 09:07:36.909 [main] DEBUG edu.lu.uni.serval.tbar.AbstractFixer - Test previously failed test cases.
2022-10-17 09:07:53.744 [main] DEBUG edu.lu.uni.serval.tbar.AbstractFixer - Patch Candidate:
@@ -392,6 +392,7 @@ public class DefaultActionMapper implements ActionMapper {
+	setAlwaysSelectFullNamespace(rawActionName);
2022-10-17 09:07:53.744 [main] DEBUG edu.lu.uni.serval.tbar.AbstractFixer - Compiling
2022-10-17 09:07:54.625 [main] DEBUG edu.lu.uni.serval.tbar.AbstractFixer - Test previously failed test cases.
2022-10-17 09:08:11.681 [main] DEBUG edu.lu.uni.serval.tbar.AbstractFixer - Patch Candidate:
@@ -389,9 +389,7 @@ public class DefaultActionMapper implements ActionMapper {
-            for (String chunk : allowedActionNames.split(rawActionName)) {
-                cleanActionName = cleanActionName.replace(chunk, "");
-            }
+            setAllowedActionNames(rawActionName);
2022-10-17 09:08:11.681 [main] DEBUG edu.lu.uni.serval.tbar.AbstractFixer - Compiling
2022-10-17 09:08:12.846 [main] DEBUG edu.lu.uni.serval.tbar.AbstractFixer - Test previously failed test cases.
2022-10-17 09:08:29.932 [main] DEBUG edu.lu.uni.serval.tbar.AbstractFixer - Patch Candidate:
@@ -389,7 +389,8 @@ public class DefaultActionMapper implements ActionMapper {
-            for (String chunk : allowedActionNames.split(rawActionName)) {
+            setAllowedActionNames(rawActionName);
+	for (String chunk : allowedActionNames.split(rawActionName)) {
2022-10-17 09:08:29.933 [main] DEBUG edu.lu.uni.serval.tbar.AbstractFixer - Compiling
2022-10-17 09:08:30.908 [main] DEBUG edu.lu.uni.serval.tbar.AbstractFixer - Test previously failed test cases.
2022-10-17 09:08:47.639 [main] DEBUG edu.lu.uni.serval.tbar.AbstractFixer - Patch Candidate:
@@ -392,6 +392,7 @@ public class DefaultActionMapper implements ActionMapper {
+	setAllowedActionNames(rawActionName);
2022-10-17 09:08:47.639 [main] DEBUG edu.lu.uni.serval.tbar.AbstractFixer - Compiling
2022-10-17 09:08:48.687 [main] DEBUG edu.lu.uni.serval.tbar.AbstractFixer - Test previously failed test cases.
2022-10-17 09:09:05.642 [main] DEBUG edu.lu.uni.serval.tbar.AbstractFixer - Patch Candidate:
@@ -389,9 +389,7 @@ public class DefaultActionMapper implements ActionMapper {
-            for (String chunk : allowedActionNames.split(rawActionName)) {
-                cleanActionName = cleanActionName.replace(chunk, "");
-            }
+            setAllowActionPrefix(rawActionName);
2022-10-17 09:09:05.643 [main] DEBUG edu.lu.uni.serval.tbar.AbstractFixer - Compiling
2022-10-17 09:09:06.631 [main] DEBUG edu.lu.uni.serval.tbar.AbstractFixer - Test previously failed test cases.
2022-10-17 09:09:22.922 [main] DEBUG edu.lu.uni.serval.tbar.AbstractFixer - Patch Candidate:
@@ -389,7 +389,8 @@ public class DefaultActionMapper implements ActionMapper {
-            for (String chunk : allowedActionNames.split(rawActionName)) {
+            setAllowActionPrefix(rawActionName);
+	for (String chunk : allowedActionNames.split(rawActionName)) {
2022-10-17 09:09:22.922 [main] DEBUG edu.lu.uni.serval.tbar.AbstractFixer - Compiling
2022-10-17 09:09:23.935 [main] DEBUG edu.lu.uni.serval.tbar.AbstractFixer - Test previously failed test cases.
2022-10-17 09:09:40.516 [main] DEBUG edu.lu.uni.serval.tbar.AbstractFixer - Patch Candidate:
@@ -392,6 +392,7 @@ public class DefaultActionMapper implements ActionMapper {
+	setAllowActionPrefix(rawActionName);
2022-10-17 09:09:40.516 [main] DEBUG edu.lu.uni.serval.tbar.AbstractFixer - Compiling
2022-10-17 09:09:41.609 [main] DEBUG edu.lu.uni.serval.tbar.AbstractFixer - Test previously failed test cases.
2022-10-17 09:09:58.705 [main] DEBUG edu.lu.uni.serval.tbar.AbstractFixer - Patch Candidate:
@@ -389,9 +389,7 @@ public class DefaultActionMapper implements ActionMapper {
-            for (String chunk : allowedActionNames.split(rawActionName)) {
-                cleanActionName = cleanActionName.replace(chunk, "");
-            }
+            setAllowActionCrossNamespaceAccess(rawActionName);
2022-10-17 09:09:58.705 [main] DEBUG edu.lu.uni.serval.tbar.AbstractFixer - Compiling
2022-10-17 09:09:59.622 [main] DEBUG edu.lu.uni.serval.tbar.AbstractFixer - Test previously failed test cases.
2022-10-17 09:10:16.690 [main] DEBUG edu.lu.uni.serval.tbar.AbstractFixer - Patch Candidate:
@@ -389,7 +389,8 @@ public class DefaultActionMapper implements ActionMapper {
-            for (String chunk : allowedActionNames.split(rawActionName)) {
+            setAllowActionCrossNamespaceAccess(rawActionName);
+	for (String chunk : allowedActionNames.split(rawActionName)) {
2022-10-17 09:10:16.690 [main] DEBUG edu.lu.uni.serval.tbar.AbstractFixer - Compiling
2022-10-17 09:10:17.687 [main] DEBUG edu.lu.uni.serval.tbar.AbstractFixer - Test previously failed test cases.
2022-10-17 09:10:34.232 [main] DEBUG edu.lu.uni.serval.tbar.AbstractFixer - Patch Candidate:
@@ -392,6 +392,7 @@ public class DefaultActionMapper implements ActionMapper {
+	setAllowActionCrossNamespaceAccess(rawActionName);
2022-10-17 09:10:34.232 [main] DEBUG edu.lu.uni.serval.tbar.AbstractFixer - Compiling
2022-10-17 09:10:35.323 [main] DEBUG edu.lu.uni.serval.tbar.AbstractFixer - Test previously failed test cases.
2022-10-17 09:10:51.793 [main] DEBUG edu.lu.uni.serval.tbar.AbstractFixer - Patch Candidate:
@@ -389,9 +389,7 @@ public class DefaultActionMapper implements ActionMapper {
-            for (String chunk : allowedActionNames.split(rawActionName)) {
-                cleanActionName = cleanActionName.replace(chunk, "");
-            }
+            setExtensions(rawActionName);
2022-10-17 09:10:51.793 [main] DEBUG edu.lu.uni.serval.tbar.AbstractFixer - Compiling
2022-10-17 09:10:52.799 [main] DEBUG edu.lu.uni.serval.tbar.AbstractFixer - Test previously failed test cases.
2022-10-17 09:11:09.531 [main] DEBUG edu.lu.uni.serval.tbar.AbstractFixer - Patch Candidate:
@@ -389,7 +389,8 @@ public class DefaultActionMapper implements ActionMapper {
-            for (String chunk : allowedActionNames.split(rawActionName)) {
+            setExtensions(rawActionName);
+	for (String chunk : allowedActionNames.split(rawActionName)) {
2022-10-17 09:11:09.532 [main] DEBUG edu.lu.uni.serval.tbar.AbstractFixer - Compiling
2022-10-17 09:11:10.606 [main] DEBUG edu.lu.uni.serval.tbar.AbstractFixer - Test previously failed test cases.
2022-10-17 09:11:28.344 [main] DEBUG edu.lu.uni.serval.tbar.AbstractFixer - Patch Candidate:
@@ -392,6 +392,7 @@ public class DefaultActionMapper implements ActionMapper {
+	setExtensions(rawActionName);
2022-10-17 09:11:28.344 [main] DEBUG edu.lu.uni.serval.tbar.AbstractFixer - Compiling
2022-10-17 09:11:29.501 [main] DEBUG edu.lu.uni.serval.tbar.AbstractFixer - Test previously failed test cases.
2022-10-17 09:11:45.812 [main] DEBUG edu.lu.uni.serval.tbar.AbstractFixer - org.apache.struts2.dispatcher.mapper.DefaultActionMapper ===395
2022-10-17 09:11:45.836 [main] DEBUG edu.lu.uni.serval.tbar.AbstractFixer - Suspicious Code: 
if (LOG.isDebugEnabled()) {
                LOG.debug("Cleaned action/method name [#0]", cleanActionName);
            }
2022-10-17 09:11:45.986 [main] DEBUG edu.lu.uni.serval.tbar.AbstractFixer - Patch Candidate:
@@ -392,7 +392,7 @@ public class DefaultActionMapper implements ActionMapper {
-            if (LOG.isDebugEnabled()) {
+            if (LOG != null && LOG.isDebugEnabled()) {
2022-10-17 09:11:45.986 [main] DEBUG edu.lu.uni.serval.tbar.AbstractFixer - Compiling
2022-10-17 09:11:46.956 [main] DEBUG edu.lu.uni.serval.tbar.AbstractFixer - Test previously failed test cases.
2022-10-17 09:12:03.746 [main] DEBUG edu.lu.uni.serval.tbar.AbstractFixer - Patch Candidate:
@@ -392,7 +392,7 @@ public class DefaultActionMapper implements ActionMapper {
-            if (LOG.isDebugEnabled()) {
+            if (LOG != null || LOG.isDebugEnabled()) {
2022-10-17 09:12:03.747 [main] DEBUG edu.lu.uni.serval.tbar.AbstractFixer - Compiling
2022-10-17 09:12:04.807 [main] DEBUG edu.lu.uni.serval.tbar.AbstractFixer - Test previously failed test cases.
2022-10-17 09:12:21.535 [main] DEBUG edu.lu.uni.serval.tbar.AbstractFixer - Patch Candidate:
@@ -392,9 +392,7 @@ public class DefaultActionMapper implements ActionMapper {
-            if (LOG.isDebugEnabled()) {
-                LOG.debug("Cleaned action/method name [#0]", cleanActionName);
-            }
+            LOG.debug("Cleaned action/method name [#0]", cleanActionName);
2022-10-17 09:12:21.535 [main] DEBUG edu.lu.uni.serval.tbar.AbstractFixer - Compiling
2022-10-17 09:12:22.518 [main] DEBUG edu.lu.uni.serval.tbar.AbstractFixer - Test previously failed test cases.
2022-10-17 09:12:39.175 [main] DEBUG edu.lu.uni.serval.tbar.AbstractFixer - Patch Candidate:
@@ -392,9 +392,7 @@ public class DefaultActionMapper implements ActionMapper {
-            if (LOG.isDebugEnabled()) {
-                LOG.debug("Cleaned action/method name [#0]", cleanActionName);
-            }
+
2022-10-17 09:12:39.175 [main] DEBUG edu.lu.uni.serval.tbar.AbstractFixer - Compiling
2022-10-17 09:12:40.150 [main] DEBUG edu.lu.uni.serval.tbar.AbstractFixer - Test previously failed test cases.
2022-10-17 09:12:56.891 [main] INFO  edu.lu.uni.serval.tbar.TBarFixer - =======StaticBugFixer: Finish off fixing======
Failed to fix bug


Node: 2c8178711f7b



Date: Mon Oct 17 09:12:56 EDT 2022

