cd /workdir/TBar_vul4j_apache_struts_VUL4J-29;
export JAVA_TOOL_OPTIONS="-Dfile.encoding=UTF8 -Duser.language=en-US -Duser.country=US -Duser.language=en";
TZ="America/New_York"; export TZ;
export PATH="/usr/lib/jvm/jdk1.7.0_80/bin:$PATH";
export JAVA_HOME="/usr/lib/jvm/jdk1.7.0_80";
timeout 240m java -Xmx4g -Xms1g -XX:MaxPermSize=512m \
    -cp /script/../libs/tbar_external/com.gzoltar-0.1.1-jdk7.jar:/script/../repair_tools/tbar.jar edu.lu.uni.serval.tbar.main.Main \
    "/workdir/TBar_vul4j_apache_struts_VUL4J-29" "org.apache.struts2.interceptor.CookieInterceptorTest#testCookiesWithStrutsInternalsAccess" "/xwork-core/src/main/java/" "/xwork-core/src/test/java/" "/xwork-core/target/classes/" "/xwork-core/target/test-classes/" "/script/../data/benchmarks/vul4j/perfectfl/VUL4J-29/spectra.txt" "mvn test -pl core -Dtest=org.apache.struts2.interceptor.CookieInterceptorTest -Dhttps.protocols=TLSv1.2 -Denforcer.skip=true -Dcheckstyle.skip=true -Dcobertura.skip=true -DskipITs=true -Drat.skip=true -Dlicense.skip=true -Dpmd.skip=true -Dfindbugs.skip=true -Dgpg.skip=true -Dskip.npm=true -Dskip.gulp=true -Dskip.bower=true -Danimal.sniffer.skip=true -V -B" "mvn test -pl core -Dhttps.protocols=TLSv1.2 -Denforcer.skip=true -Dcheckstyle.skip=true -Dcobertura.skip=true -DskipITs=true -Drat.skip=true -Dlicense.skip=true -Dpmd.skip=true -Dfindbugs.skip=true -Dgpg.skip=true -Dskip.npm=true -Dskip.gulp=true -Dskip.bower=true -Danimal.sniffer.skip=true -V -B" "/root/.m2/repository/javassist/javassist/3.11.0.GA/javassist-3.11.0.GA.jar:/root/.m2/repository/org/springframework/spring-expression/3.0.5.RELEASE/spring-expression-3.0.5.RELEASE.jar:/root/.m2/repository/org/easymock/easymock/2.4/easymock-2.4.jar:/root/.m2/repository/org/springframework/spring-aop/3.0.5.RELEASE/spring-aop-3.0.5.RELEASE.jar:/root/.m2/repository/asm/asm-commons/3.3/asm-commons-3.3.jar:/root/.m2/repository/org/testng/testng/5.1/testng-5.1-jdk15.jar:/root/.m2/repository/asm/asm/3.3/asm-3.3.jar:/root/.m2/repository/asm/asm-tree/3.3/asm-tree-3.3.jar:/root/.m2/repository/org/springframework/spring-web/3.0.5.RELEASE/spring-web-3.0.5.RELEASE.jar:/root/.m2/repository/mockobjects/mockobjects-core/0.09/mockobjects-core-0.09.jar:/root/.m2/repository/org/apache/commons/commons-lang3/3.1/commons-lang3-3.1.jar:/root/.m2/repository/org/springframework/spring-context-support/3.0.5.RELEASE/spring-context-support-3.0.5.RELEASE.jar:/root/.m2/repository/cglib/cglib-nodep/2.1_3/cglib-nodep-2.1_3.jar:/root/.m2/repository/org/springframework/spring-aspects/3.0.5.RELEASE/spring-aspects-3.0.5.RELEASE.jar:/root/.m2/repository/junit/junit/4.8.2/junit-4.8.2.jar:/root/.m2/repository/aopalliance/aopalliance/1.0/aopalliance-1.0.jar:/root/.m2/repository/org/springframework/spring-test/3.0.5.RELEASE/spring-test-3.0.5.RELEASE.jar:/root/.m2/repository/org/springframework/spring-context/3.0.5.RELEASE/spring-context-3.0.5.RELEASE.jar:/root/.m2/repository/org/slf4j/slf4j-api/1.7.2/slf4j-api-1.7.2.jar:/root/.m2/repository/org/springframework/spring-core/3.0.5.RELEASE/spring-core-3.0.5.RELEASE.jar:/root/.m2/repository/org/springframework/spring-beans/3.0.5.RELEASE/spring-beans-3.0.5.RELEASE.jar:/root/.m2/repository/commons-io/commons-io/2.2/commons-io-2.2.jar:/root/.m2/repository/ognl/ognl/3.0.6/ognl-3.0.6.jar:/root/.m2/repository/org/springframework/spring-asm/3.0.5.RELEASE/spring-asm-3.0.5.RELEASE.jar:/root/.m2/repository/commons-logging/commons-logging/1.1.3/commons-logging-1.1.3.jar:/root/.m2/repository/org/slf4j/slf4j-simple/1.7.2/slf4j-simple-1.7.2.jar";
echo "\n\nNode: `hostname`\n";
echo "\n\nDate: `date`\n";
Picked up JAVA_TOOL_OPTIONS: -Dfile.encoding=UTF8 -Duser.language=en-US -Duser.country=US -Duser.language=en
08:22:47,978 |-INFO in ch.qos.logback.classic.LoggerContext[TBar] - Could NOT find resource [logback-test.xml]
08:22:47,978 |-INFO in ch.qos.logback.classic.LoggerContext[TBar] - Could NOT find resource [logback.groovy]
08:22:47,978 |-INFO in ch.qos.logback.classic.LoggerContext[TBar] - Found resource [logback.xml] at [jar:file:/repair_tools/tbar.jar!/logback.xml]
08:22:47,997 |-INFO in ch.qos.logback.core.joran.spi.ConfigurationWatchList@32e02ddd - URL [jar:file:/repair_tools/tbar.jar!/logback.xml] is not of type file
08:22:48,036 |-INFO in ch.qos.logback.classic.joran.action.ConfigurationAction - debug attribute not set
08:22:48,038 |-INFO in ch.qos.logback.classic.joran.action.ContextNameAction - Setting logger context name as [TBar]
08:22:48,038 |-INFO in ch.qos.logback.core.joran.action.AppenderAction - About to instantiate appender of type [ch.qos.logback.core.ConsoleAppender]
08:22:48,040 |-INFO in ch.qos.logback.core.joran.action.AppenderAction - Naming appender as [STDOUT]
08:22:48,081 |-INFO in ch.qos.logback.classic.joran.action.LoggerAction - Setting level of logger [org.hibernate.engine.query.HQLQueryPlan] to DEBUG
08:22:48,081 |-INFO in ch.qos.logback.classic.joran.action.LoggerAction - Setting additivity of logger [org.hibernate.engine.query.HQLQueryPlan] to false
08:22:48,082 |-INFO in ch.qos.logback.classic.joran.action.LoggerAction - Setting level of logger [com.piedra.logback] to DEBUG
08:22:48,082 |-ERROR in ch.qos.logback.core.joran.action.AppenderRefAction - Could not find an appender named [FILE]. Did you define it below instead of above in the configuration file?
08:22:48,082 |-ERROR in ch.qos.logback.core.joran.action.AppenderRefAction - See http://logback.qos.ch/codes.html#appender_order for more details.
08:22:48,082 |-INFO in ch.qos.logback.classic.joran.action.RootLoggerAction - Setting level of ROOT logger to DEBUG
08:22:48,082 |-INFO in ch.qos.logback.core.joran.action.AppenderRefAction - Attaching appender named [STDOUT] to Logger[ROOT]
08:22:48,083 |-ERROR in ch.qos.logback.core.joran.action.AppenderRefAction - Could not find an appender named [ROLLINGFILE]. Did you define it below instead of above in the configuration file?
08:22:48,083 |-ERROR in ch.qos.logback.core.joran.action.AppenderRefAction - See http://logback.qos.ch/codes.html#appender_order for more details.
08:22:48,083 |-INFO in ch.qos.logback.classic.joran.action.ConfigurationAction - End of configuration.
08:22:48,084 |-INFO in ch.qos.logback.classic.joran.JoranConfigurator@1be32243 - Registering current configuration as safe fallback point

2022-10-17 08:22:48.621 [main] INFO  edu.lu.uni.serval.tbar.AbstractFixer - TBar_vul4j_apache_struts_VUL4J-29 Failed Tests: 1
2022-10-17 08:22:48.625 [main] INFO  edu.lu.uni.serval.tbar.TBarFixer - =======StaticBugFixer: Start to fix suspicious code======
2022-10-17 08:22:48.625 [main] DEBUG edu.lu.uni.serval.tbar.AbstractFixer - org.apache.struts2.interceptor.CookieInterceptor ===256
2022-10-17 08:22:48.625 [main] DEBUG edu.lu.uni.serval.tbar.AbstractFixer - org.apache.struts2.interceptor.CookieInterceptor ===257
2022-10-17 08:22:48.625 [main] DEBUG edu.lu.uni.serval.tbar.AbstractFixer - org.apache.struts2.interceptor.CookieInterceptor ===302
2022-10-17 08:22:48.626 [main] DEBUG edu.lu.uni.serval.tbar.AbstractFixer - org.apache.struts2.interceptor.CookieInterceptor ===303
2022-10-17 08:22:48.626 [main] DEBUG edu.lu.uni.serval.tbar.AbstractFixer - org.apache.struts2.interceptor.CookieInterceptor ===262
2022-10-17 08:22:48.626 [main] DEBUG edu.lu.uni.serval.tbar.AbstractFixer - org.apache.struts2.interceptor.CookieInterceptor ===312
2022-10-17 08:22:48.626 [main] DEBUG edu.lu.uni.serval.tbar.AbstractFixer - org.apache.struts2.interceptor.CookieInterceptor ===178
2022-10-17 08:22:48.626 [main] INFO  edu.lu.uni.serval.tbar.TBarFixer - =======StaticBugFixer: Finish off fixing======
Failed to fix bug


Node: 2c8178711f7b



Date: Mon Oct 17 08:22:48 EDT 2022

