cd /workdir/TBar_vul4j_ESAPI_esapi-java-legacy_VUL4J-44;
export JAVA_TOOL_OPTIONS="-Dfile.encoding=UTF8 -Duser.language=en-US -Duser.country=US -Duser.language=en";
TZ="America/New_York"; export TZ;
export PATH="/usr/lib/jvm/jdk1.7.0_80/bin:$PATH";
export JAVA_HOME="/usr/lib/jvm/jdk1.7.0_80";
timeout 240m java -Xmx4g -Xms1g -XX:MaxPermSize=512m \
    -cp /script/../libs/tbar_external/com.gzoltar-0.1.1-jdk7.jar:/script/../repair_tools/tbar.jar edu.lu.uni.serval.tbar.main.Main \
    "/workdir/TBar_vul4j_ESAPI_esapi-java-legacy_VUL4J-44" "org.OWASP.esapi.codecs.CodecImmunityTest#testImmuneEncode[PercentCodec %De],org.OWASP.esapi.codecs.CodecImmunityTest#testImmuneEncode[PercentCodec IMMUNE_PERCENT (%)],org.OWASP.esapi.codecs.CodecImmunityTest#testImmuneEncode[PercentCodec Full_ALPHA_AND_SPECIALS (!)],org.OWASP.esapi.codecs.CodecImmunityTest#testImmuneEncode[PercentCodec Full_ALPHA_AND_SPECIALS ($)],org.OWASP.esapi.codecs.CodecImmunityTest#testImmuneEncode[PercentCodec Full_ALPHA_AND_SPECIALS (*)],org.OWASP.esapi.codecs.CodecImmunityTest#testImmuneEncode[PercentCodec Full_ALPHA_AND_SPECIALS (+)],org.OWASP.esapi.codecs.CodecImmunityTest#testImmuneEncode[PercentCodec Full_ALPHA_AND_SPECIALS (-)],org.OWASP.esapi.codecs.CodecImmunityTest#testImmuneEncode[PercentCodec Full_ALPHA_AND_SPECIALS (.)],org.OWASP.esapi.codecs.CodecImmunityTest#testImmuneEncode[PercentCodec Full_ALPHA_AND_SPECIALS (=)],org.OWASP.esapi.codecs.CodecImmunityTest#testImmuneEncode[PercentCodec Full_ALPHA_AND_SPECIALS (?)],org.OWASP.esapi.codecs.CodecImmunityTest#testImmuneEncode[PercentCodec Full_ALPHA_AND_SPECIALS (@)],org.OWASP.esapi.codecs.CodecImmunityTest#testImmuneEncode[PercentCodec Full_ALPHA_AND_SPECIALS (^)],org.OWASP.esapi.codecs.CodecImmunityTest#testImmuneEncode[PercentCodec Full_ALPHA_AND_SPECIALS (_)],org.OWASP.esapi.codecs.CodecImmunityTest#testImmuneEncode[PercentCodec Full_ALPHA_AND_SPECIALS (|)],org.OWASP.esapi.codecs.CodecImmunityTest#testImmuneEncode[PercentCodec Full_ALPHA_AND_SPECIALS (~)]" "/src/main/java/" "/src/test/java/" "/target/classes/" "/target/test-classes/" "/script/../data/benchmarks/vul4j/perfectfl/VUL4J-44/spectra.txt" "mvn test -Dtest=org.OWASP.esapi.codecs.CodecImmunityTest -Dhttps.protocols=TLSv1.2 -Denforcer.skip=true -Dcheckstyle.skip=true -Dcobertura.skip=true -DskipITs=true -Drat.skip=true -Dlicense.skip=true -Dpmd.skip=true -Dfindbugs.skip=true -Dgpg.skip=true -Dskip.npm=true -Dskip.gulp=true -Dskip.bower=true -Danimal.sniffer.skip=true -V -B" "mvn test -Dhttps.protocols=TLSv1.2 -Denforcer.skip=true -Dcheckstyle.skip=true -Dcobertura.skip=true -DskipITs=true -Drat.skip=true -Dlicense.skip=true -Dpmd.skip=true -Dfindbugs.skip=true -Dgpg.skip=true -Dskip.npm=true -Dskip.gulp=true -Dskip.bower=true -Danimal.sniffer.skip=true -V -B" "/root/.m2/repository/org/beanshell/bsh-core/2.0b4/bsh-core-2.0b4.jar:/root/.m2/repository/org/hamcrest/hamcrest-core/1.3/hamcrest-core-1.3.jar:/root/.m2/repository/xom/xom/1.2.5/xom-1.2.5.jar:/root/.m2/repository/commons-io/commons-io/2.4/commons-io-2.4.jar:/root/.m2/repository/org/apache/xmlgraphics/batik-util/1.8/batik-util-1.8.jar:/root/.m2/repository/net/sourceforge/nekohtml/nekohtml/1.9.16/nekohtml-1.9.16.jar:/root/.m2/repository/org/apache/xmlgraphics/batik-css/1.8/batik-css-1.8.jar:/root/.m2/repository/xml-apis/xml-apis-ext/1.3.04/xml-apis-ext-1.3.04.jar:/root/.m2/repository/commons-collections/commons-collections/3.2.2/commons-collections-3.2.2.jar:/root/.m2/repository/commons-httpclient/commons-httpclient/3.1/commons-httpclient-3.1.jar:/root/.m2/repository/xerces/xercesImpl/2.8.0/xercesImpl-2.8.0.jar:/root/.m2/repository/log4j/log4j/1.2.17/log4j-1.2.17.jar:/root/.m2/repository/org/owasp/antisamy/antisamy/1.5.3/antisamy-1.5.3.jar:/root/.m2/repository/commons-lang/commons-lang/2.6/commons-lang-2.6.jar:/root/.m2/repository/commons-codec/commons-codec/1.2/commons-codec-1.2.jar:/root/.m2/repository/xalan/xalan/2.7.0/xalan-2.7.0.jar:/root/.m2/repository/org/apache/xmlgraphics/batik-ext/1.8/batik-ext-1.8.jar:/root/.m2/repository/commons-logging/commons-logging/1.1.1/commons-logging-1.1.1.jar:/root/.m2/repository/commons-fileupload/commons-fileupload/1.3.1/commons-fileupload-1.3.1.jar:/root/.m2/repository/javax/servlet/jsp-api/2.0/jsp-api-2.0.jar:/root/.m2/repository/xml-apis/xml-apis/1.3.03/xml-apis-1.3.03.jar:/root/.m2/repository/commons-configuration/commons-configuration/1.10/commons-configuration-1.10.jar:/root/.m2/repository/junit/junit/4.12/junit-4.12.jar:/root/.m2/repository/javax/servlet/servlet-api/2.5/servlet-api-2.5.jar:/root/.m2/repository/commons-beanutils/commons-beanutils-core/1.8.3/commons-beanutils-core-1.8.3.jar";
echo "\n\nNode: `hostname`\n";
echo "\n\nDate: `date`\n";
Picked up JAVA_TOOL_OPTIONS: -Dfile.encoding=UTF8 -Duser.language=en-US -Duser.country=US -Duser.language=en
12:49:01,890 |-INFO in ch.qos.logback.classic.LoggerContext[TBar] - Could NOT find resource [logback-test.xml]
12:49:01,890 |-INFO in ch.qos.logback.classic.LoggerContext[TBar] - Could NOT find resource [logback.groovy]
12:49:01,890 |-INFO in ch.qos.logback.classic.LoggerContext[TBar] - Found resource [logback.xml] at [jar:file:/repair_tools/tbar.jar!/logback.xml]
12:49:01,907 |-INFO in ch.qos.logback.core.joran.spi.ConfigurationWatchList@32e02ddd - URL [jar:file:/repair_tools/tbar.jar!/logback.xml] is not of type file
12:49:01,957 |-INFO in ch.qos.logback.classic.joran.action.ConfigurationAction - debug attribute not set
12:49:01,959 |-INFO in ch.qos.logback.classic.joran.action.ContextNameAction - Setting logger context name as [TBar]
12:49:01,959 |-INFO in ch.qos.logback.core.joran.action.AppenderAction - About to instantiate appender of type [ch.qos.logback.core.ConsoleAppender]
12:49:01,961 |-INFO in ch.qos.logback.core.joran.action.AppenderAction - Naming appender as [STDOUT]
12:49:02,002 |-INFO in ch.qos.logback.classic.joran.action.LoggerAction - Setting level of logger [org.hibernate.engine.query.HQLQueryPlan] to DEBUG
12:49:02,002 |-INFO in ch.qos.logback.classic.joran.action.LoggerAction - Setting additivity of logger [org.hibernate.engine.query.HQLQueryPlan] to false
12:49:02,003 |-INFO in ch.qos.logback.classic.joran.action.LoggerAction - Setting level of logger [com.piedra.logback] to DEBUG
12:49:02,003 |-ERROR in ch.qos.logback.core.joran.action.AppenderRefAction - Could not find an appender named [FILE]. Did you define it below instead of above in the configuration file?
12:49:02,003 |-ERROR in ch.qos.logback.core.joran.action.AppenderRefAction - See http://logback.qos.ch/codes.html#appender_order for more details.
12:49:02,003 |-INFO in ch.qos.logback.classic.joran.action.RootLoggerAction - Setting level of ROOT logger to DEBUG
12:49:02,003 |-INFO in ch.qos.logback.core.joran.action.AppenderRefAction - Attaching appender named [STDOUT] to Logger[ROOT]
12:49:02,004 |-ERROR in ch.qos.logback.core.joran.action.AppenderRefAction - Could not find an appender named [ROLLINGFILE]. Did you define it below instead of above in the configuration file?
12:49:02,004 |-ERROR in ch.qos.logback.core.joran.action.AppenderRefAction - See http://logback.qos.ch/codes.html#appender_order for more details.
12:49:02,004 |-INFO in ch.qos.logback.classic.joran.action.ConfigurationAction - End of configuration.
12:49:02,005 |-INFO in ch.qos.logback.classic.joran.JoranConfigurator@1be32243 - Registering current configuration as safe fallback point

2022-09-14 12:49:02.264 [main] INFO  edu.lu.uni.serval.tbar.AbstractFixer - TBar_vul4j_ESAPI_esapi-java-legacy_VUL4J-44 Failed Tests: 15
2022-09-14 12:49:02.268 [main] INFO  edu.lu.uni.serval.tbar.TBarFixer - =======StaticBugFixer: Start to fix suspicious code======
2022-09-14 12:49:02.268 [main] DEBUG edu.lu.uni.serval.tbar.AbstractFixer - org.owasp.esapi.codecs.PercentCodec ===98
2022-09-14 12:49:02.704 [main] DEBUG edu.lu.uni.serval.tbar.AbstractFixer - Suspicious Code: 
String cStr = String.valueOf(c.charValue());
2022-09-14 12:49:03.822 [main] DEBUG edu.lu.uni.serval.tbar.AbstractFixer - Patch Candidate:
@@ -95,7 +95,8 @@ public class PercentCodec extends Codec
-		String cStr = String.valueOf(c.charValue());
+		if (c != null) {
+	String cStr = String.valueOf(c.charValue());
@@ -109,6 +110,8 @@ public class PercentCodec extends Codec
+	}
+
2022-09-14 12:49:03.822 [main] DEBUG edu.lu.uni.serval.tbar.AbstractFixer - Compiling
2022-09-14 12:49:04.770 [main] DEBUG edu.lu.uni.serval.tbar.AbstractFixer - BuggyProject ---Fixer: fix fail because of failed compiling! 
2022-09-14 12:49:04.784 [main] DEBUG edu.lu.uni.serval.tbar.AbstractFixer - Patch Candidate:
@@ -95,7 +95,10 @@ public class PercentCodec extends Codec
-		String cStr = String.valueOf(c.charValue());
+		if (c == null) {
+	    throw new IllegalArgumentException("Null 'c' argument.");
+	}
+String cStr = String.valueOf(c.charValue());
2022-09-14 12:49:04.784 [main] DEBUG edu.lu.uni.serval.tbar.AbstractFixer - Compiling
2022-09-14 12:49:05.669 [main] DEBUG edu.lu.uni.serval.tbar.AbstractFixer - Test previously failed test cases.
2022-09-14 12:49:12.140 [main] DEBUG edu.lu.uni.serval.tbar.AbstractFixer - Test the whole test suite.
2022-09-14 12:49:39.760 [main] DEBUG edu.lu.uni.serval.tbar.AbstractFixer - Patch Candidate:
@@ -95,7 +95,10 @@ public class PercentCodec extends Codec
-		String cStr = String.valueOf(c.charValue());
+		if (c == null) {
+	    return null;
+	}
+String cStr = String.valueOf(c.charValue());
2022-09-14 12:49:39.760 [main] DEBUG edu.lu.uni.serval.tbar.AbstractFixer - Compiling
2022-09-14 12:49:40.644 [main] DEBUG edu.lu.uni.serval.tbar.AbstractFixer - Test previously failed test cases.
2022-09-14 12:49:47.283 [main] DEBUG edu.lu.uni.serval.tbar.AbstractFixer - Test the whole test suite.
2022-09-14 12:50:15.197 [main] DEBUG edu.lu.uni.serval.tbar.AbstractFixer - Patch Candidate:
@@ -95,7 +95,8 @@ public class PercentCodec extends Codec
-		String cStr = String.valueOf(c.charValue());
+		if (c == null) c = new Character();
+ String cStr = String.valueOf(c.charValue());
2022-09-14 12:50:15.197 [main] DEBUG edu.lu.uni.serval.tbar.AbstractFixer - Compiling
2022-09-14 12:50:16.326 [main] DEBUG edu.lu.uni.serval.tbar.AbstractFixer - BuggyProject ---Fixer: fix fail because of failed compiling! 
2022-09-14 12:50:16.334 [main] DEBUG edu.lu.uni.serval.tbar.AbstractFixer - Patch Candidate:
@@ -95,7 +95,8 @@ public class PercentCodec extends Codec
-		String cStr = String.valueOf(c.charValue());
+		if (c == null) return new String();
+	 String cStr = String.valueOf(c.charValue());
2022-09-14 12:50:16.335 [main] DEBUG edu.lu.uni.serval.tbar.AbstractFixer - Compiling
2022-09-14 12:50:17.337 [main] DEBUG edu.lu.uni.serval.tbar.AbstractFixer - Test previously failed test cases.
2022-09-14 12:50:24.134 [main] DEBUG edu.lu.uni.serval.tbar.AbstractFixer - Test the whole test suite.
2022-09-14 12:53:37.957 [main] DEBUG edu.lu.uni.serval.tbar.AbstractFixer - Patch Candidate:
@@ -95,7 +95,8 @@ public class PercentCodec extends Codec
-		String cStr = String.valueOf(c.charValue());
+		if (c == null) return cStr;
+	 String cStr = String.valueOf(c.charValue());
2022-09-14 12:53:37.958 [main] DEBUG edu.lu.uni.serval.tbar.AbstractFixer - Compiling
2022-09-14 12:53:38.775 [main] DEBUG edu.lu.uni.serval.tbar.AbstractFixer - BuggyProject ---Fixer: fix fail because of failed compiling! 
2022-09-14 12:53:38.782 [main] DEBUG edu.lu.uni.serval.tbar.AbstractFixer - Patch Candidate:
@@ -95,7 +95,8 @@ public class PercentCodec extends Codec
-		String cStr = String.valueOf(c.charValue());
+		if (c == null) return ALPHA_NUMERIC_STR;
+	 String cStr = String.valueOf(c.charValue());
2022-09-14 12:53:38.782 [main] DEBUG edu.lu.uni.serval.tbar.AbstractFixer - Compiling
2022-09-14 12:53:39.626 [main] DEBUG edu.lu.uni.serval.tbar.AbstractFixer - Test previously failed test cases.
2022-09-14 12:53:45.805 [main] DEBUG edu.lu.uni.serval.tbar.AbstractFixer - Test the whole test suite.
2022-09-14 12:58:53.492 [main] DEBUG edu.lu.uni.serval.tbar.AbstractFixer - Patch Candidate:
@@ -95,7 +95,8 @@ public class PercentCodec extends Codec
-		String cStr = String.valueOf(c.charValue());
+		if (c == null) return RFC3986_RESERVED_STR;
+	 String cStr = String.valueOf(c.charValue());
2022-09-14 12:58:53.492 [main] DEBUG edu.lu.uni.serval.tbar.AbstractFixer - Compiling
2022-09-14 12:58:54.269 [main] DEBUG edu.lu.uni.serval.tbar.AbstractFixer - Test previously failed test cases.
2022-09-14 12:59:00.929 [main] DEBUG edu.lu.uni.serval.tbar.AbstractFixer - Test the whole test suite.
2022-09-14 13:02:36.455 [main] DEBUG edu.lu.uni.serval.tbar.AbstractFixer - Patch Candidate:
@@ -95,7 +95,8 @@ public class PercentCodec extends Codec
-		String cStr = String.valueOf(c.charValue());
+		if (c == null) return RFC3986_NON_ALPHANUMERIC_UNRESERVED_STR;
+	 String cStr = String.valueOf(c.charValue());
2022-09-14 13:02:36.455 [main] DEBUG edu.lu.uni.serval.tbar.AbstractFixer - Compiling
2022-09-14 13:02:37.317 [main] DEBUG edu.lu.uni.serval.tbar.AbstractFixer - Test previously failed test cases.
2022-09-14 13:02:43.985 [main] DEBUG edu.lu.uni.serval.tbar.AbstractFixer - Test the whole test suite.
2022-09-14 13:06:27.188 [main] DEBUG edu.lu.uni.serval.tbar.AbstractFixer - Patch Candidate:
@@ -95,7 +95,8 @@ public class PercentCodec extends Codec
-		String cStr = String.valueOf(c.charValue());
+		if (c == null) return UNENCODED_STR;
+	 String cStr = String.valueOf(c.charValue());
2022-09-14 13:06:27.188 [main] DEBUG edu.lu.uni.serval.tbar.AbstractFixer - Compiling
2022-09-14 13:06:27.869 [main] DEBUG edu.lu.uni.serval.tbar.AbstractFixer - Test previously failed test cases.
2022-09-14 13:06:34.348 [main] DEBUG edu.lu.uni.serval.tbar.AbstractFixer - Test the whole test suite.
2022-09-14 13:11:34.422 [main] DEBUG edu.lu.uni.serval.tbar.AbstractFixer - Patch Candidate:
@@ -95,7 +95,7 @@ public class PercentCodec extends Codec
-		String cStr = String.valueOf(c.charValue());
+
2022-09-14 13:11:34.422 [main] DEBUG edu.lu.uni.serval.tbar.AbstractFixer - Compiling
2022-09-14 13:11:35.338 [main] DEBUG edu.lu.uni.serval.tbar.AbstractFixer - BuggyProject ---Fixer: fix fail because of failed compiling! 
2022-09-14 13:11:35.345 [main] DEBUG edu.lu.uni.serval.tbar.AbstractFixer - Patch Candidate:
@@ -87,27 +87,7 @@ public class PercentCodec extends Codec
-	/**
-	 * Encode a character for URLs
-	 * @param immune characters not to encode
-	 * @param c character to encode
-	 * @return the encoded string representing c
-	 */
-	public String encodeCharacter( char[] immune, Character c )
-	{
-		String cStr = String.valueOf(c.charValue());
-		byte[] bytes;
-		StringBuilder sb;
-
-		if(UNENCODED_SET.contains(c))
-			return cStr;
-
-		bytes = toUtf8Bytes(cStr);
-		sb = new StringBuilder(bytes.length * 3);
-		for(byte b : bytes)
-			appendTwoUpperHex(sb.append('%'), b);
-		return sb.toString();
-	}
+
2022-09-14 13:11:35.346 [main] DEBUG edu.lu.uni.serval.tbar.AbstractFixer - Compiling
2022-09-14 13:11:36.220 [main] DEBUG edu.lu.uni.serval.tbar.AbstractFixer - Test previously failed test cases.
2022-09-14 13:11:42.908 [main] DEBUG edu.lu.uni.serval.tbar.AbstractFixer - Test the whole test suite.
2022-09-14 13:15:22.842 [main] DEBUG edu.lu.uni.serval.tbar.AbstractFixer - org.owasp.esapi.codecs.PercentCodec ===100
2022-09-14 13:15:22.888 [main] DEBUG edu.lu.uni.serval.tbar.AbstractFixer - Suspicious Code: 
StringBuilder sb;
2022-09-14 13:15:23.100 [main] DEBUG edu.lu.uni.serval.tbar.AbstractFixer - Patch Candidate:
@@ -97,7 +97,7 @@ public class PercentCodec extends Codec
-		StringBuilder sb;
+
2022-09-14 13:15:23.100 [main] DEBUG edu.lu.uni.serval.tbar.AbstractFixer - Compiling
2022-09-14 13:15:24.088 [main] DEBUG edu.lu.uni.serval.tbar.AbstractFixer - BuggyProject ---Fixer: fix fail because of failed compiling! 
2022-09-14 13:15:24.104 [main] INFO  edu.lu.uni.serval.tbar.TBarFixer - =======StaticBugFixer: Finish off fixing======
Failed to fix bug


Node: ee2bf67284b9



Date: Wed Sep 14 13:15:24 EDT 2022

