cd /workdir/TBar_vul4j_resteasy_Resteasy_VUL4J-66;
export JAVA_TOOL_OPTIONS="-Dfile.encoding=UTF8 -Duser.language=en-US -Duser.country=US -Duser.language=en";
TZ="America/New_York"; export TZ;
export PATH="/usr/lib/jvm/java-8-openjdk-amd64/bin:$PATH";
export JAVA_HOME="/usr/lib/jvm/java-8-openjdk-amd64";
timeout 240m java -Xmx4g -Xms1g -XX:MaxPermSize=512m \
    -cp /script/../libs/tbar_external/com.gzoltar-0.1.1-jdk7.jar:/script/../repair_tools/tbar.jar edu.lu.uni.serval.tbar.main.Main \
    "/workdir/TBar_vul4j_resteasy_Resteasy_VUL4J-66" "org.jboss.resteasy.test.mediatype.MediaTypeHeaderTest#testNewLineInHeaderValueIsRejected" "/testsuite/unit-tests/../../resteasy-core/src/main/java/" "/testsuite/unit-tests/src/test/java/" "/testsuite/unit-tests/../../resteasy-core/target/classes/" "/testsuite/unit-tests/target/test-classes/" "/script/../data/benchmarks/vul4j/perfectfl/VUL4J-66/spectra.txt" "cd testsuitemvn test -Dtest=org.jboss.resteasy.test.mediatype.MediaTypeHeaderTest#testNewLineInHeaderValueIsRejected -Dhttps.protocols=TLSv1.2 -Denforcer.skip=true -Dcheckstyle.skip=true -Dcobertura.skip=true -DskipITs=true -Drat.skip=true -Dlicense.skip=true -Dpmd.skip=true -Dfindbugs.skip=true -Dgpg.skip=true -Dskip.npm=true -Dskip.gulp=true -Dskip.bower=true -Danimal.sniffer.skip=true -V -B" "cd testsuitemvn test -Dhttps.protocols=TLSv1.2 -Denforcer.skip=true -Dcheckstyle.skip=true -Dcobertura.skip=true -DskipITs=true -Drat.skip=true -Dlicense.skip=true -Dpmd.skip=true -Dfindbugs.skip=true -Dgpg.skip=true -Dskip.npm=true -Dskip.gulp=true -Dskip.bower=true -Danimal.sniffer.skip=true -V -B" """";
echo "\n\nNode: `hostname`\n";
echo "\n\nDate: `date`\n";
Picked up JAVA_TOOL_OPTIONS: -Dfile.encoding=UTF8 -Duser.language=en-US -Duser.country=US -Duser.language=en
OpenJDK 64-Bit Server VM warning: ignoring option MaxPermSize=512m; support was removed in 8.0
18:07:18,889 |-INFO in ch.qos.logback.classic.LoggerContext[TBar] - Could NOT find resource [logback-test.xml]
18:07:18,889 |-INFO in ch.qos.logback.classic.LoggerContext[TBar] - Could NOT find resource [logback.groovy]
18:07:18,889 |-INFO in ch.qos.logback.classic.LoggerContext[TBar] - Found resource [logback.xml] at [jar:file:/repair_tools/tbar.jar!/logback.xml]
18:07:18,900 |-INFO in ch.qos.logback.core.joran.spi.ConfigurationWatchList@5a42bbf4 - URL [jar:file:/repair_tools/tbar.jar!/logback.xml] is not of type file
18:07:18,937 |-INFO in ch.qos.logback.classic.joran.action.ConfigurationAction - debug attribute not set
18:07:18,938 |-INFO in ch.qos.logback.classic.joran.action.ContextNameAction - Setting logger context name as [TBar]
18:07:18,939 |-INFO in ch.qos.logback.core.joran.action.AppenderAction - About to instantiate appender of type [ch.qos.logback.core.ConsoleAppender]
18:07:18,941 |-INFO in ch.qos.logback.core.joran.action.AppenderAction - Naming appender as [STDOUT]
18:07:18,993 |-INFO in ch.qos.logback.classic.joran.action.LoggerAction - Setting level of logger [org.hibernate.engine.query.HQLQueryPlan] to DEBUG
18:07:18,993 |-INFO in ch.qos.logback.classic.joran.action.LoggerAction - Setting additivity of logger [org.hibernate.engine.query.HQLQueryPlan] to false
18:07:18,993 |-INFO in ch.qos.logback.classic.joran.action.LoggerAction - Setting level of logger [com.piedra.logback] to DEBUG
18:07:18,993 |-ERROR in ch.qos.logback.core.joran.action.AppenderRefAction - Could not find an appender named [FILE]. Did you define it below instead of above in the configuration file?
18:07:18,993 |-ERROR in ch.qos.logback.core.joran.action.AppenderRefAction - See http://logback.qos.ch/codes.html#appender_order for more details.
18:07:18,993 |-INFO in ch.qos.logback.classic.joran.action.RootLoggerAction - Setting level of ROOT logger to DEBUG
18:07:18,993 |-INFO in ch.qos.logback.core.joran.action.AppenderRefAction - Attaching appender named [STDOUT] to Logger[ROOT]
18:07:18,994 |-ERROR in ch.qos.logback.core.joran.action.AppenderRefAction - Could not find an appender named [ROLLINGFILE]. Did you define it below instead of above in the configuration file?
18:07:18,994 |-ERROR in ch.qos.logback.core.joran.action.AppenderRefAction - See http://logback.qos.ch/codes.html#appender_order for more details.
18:07:18,994 |-INFO in ch.qos.logback.classic.joran.action.ConfigurationAction - End of configuration.
18:07:18,995 |-INFO in ch.qos.logback.classic.joran.JoranConfigurator@270421f5 - Registering current configuration as safe fallback point

2022-09-14 18:07:19.279 [main] INFO  edu.lu.uni.serval.tbar.AbstractFixer - TBar_vul4j_resteasy_Resteasy_VUL4J-66 Failed Tests: 1
2022-09-14 18:07:19.282 [main] INFO  edu.lu.uni.serval.tbar.TBarFixer - =======StaticBugFixer: Start to fix suspicious code======
2022-09-14 18:07:19.283 [main] DEBUG edu.lu.uni.serval.tbar.AbstractFixer - org.jboss.resteasy.plugins.delegates.MediaTypeHeaderDelegate ===51
2022-09-14 18:07:19.693 [main] DEBUG edu.lu.uni.serval.tbar.AbstractFixer - Suspicious Code: 
case '=':
2022-09-14 18:07:21.382 [main] DEBUG edu.lu.uni.serval.tbar.AbstractFixer - Patch Candidate:
@@ -29,33 +29,7 @@ public class MediaTypeHeaderDelegate implements RuntimeDelegate.HeaderDelegate
-   protected static boolean isValid(String str)
-   {
-      if (str == null || str.length() == 0) return false;
-      for (int i = 0; i < str.length(); i++) {
-         switch (str.charAt(i))
-         {
-            case '/':
-            case '\\':
-            case '?':
-            case ':':
-            case '<':
-            case '>':
-            case ';':
-            case '(':
-            case ')':
-            case '@':
-            case ',':
-            case '[':
-            case ']':
-            case '=':
-               return false;
-            default:
-               break;
-         }
-      }
-      return true;
-   }
+
2022-09-14 18:07:21.382 [main] DEBUG edu.lu.uni.serval.tbar.AbstractFixer - Compiling
2022-09-14 18:07:21.969 [main] DEBUG edu.lu.uni.serval.tbar.AbstractFixer - BuggyProject ---Fixer: fix fail because of failed compiling! 
2022-09-14 18:07:21.985 [main] DEBUG edu.lu.uni.serval.tbar.AbstractFixer - org.jboss.resteasy.plugins.delegates.MediaTypeHeaderDelegate ===52
2022-09-14 18:07:22.004 [main] DEBUG edu.lu.uni.serval.tbar.AbstractFixer - Suspicious Code: 
return false;
2022-09-14 18:07:22.064 [main] DEBUG edu.lu.uni.serval.tbar.AbstractFixer - Patch Candidate:
@@ -49,7 +49,7 @@ public class MediaTypeHeaderDelegate implements RuntimeDelegate.HeaderDelegate
-               return false;
+               return true;
2022-09-14 18:07:22.064 [main] DEBUG edu.lu.uni.serval.tbar.AbstractFixer - Compiling
2022-09-14 18:07:22.685 [main] DEBUG edu.lu.uni.serval.tbar.AbstractFixer - BuggyProject ---Fixer: fix fail because of failed compiling! 
2022-09-14 18:07:22.767 [main] INFO  edu.lu.uni.serval.tbar.TBarFixer - =======StaticBugFixer: Finish off fixing======
Failed to fix bug


Node: ee2bf67284b9



Date: Wed Sep 14 18:07:22 EDT 2022

