cd /workdir/jKali_vul4j_javamelody_javamelody_VUL4J-50;
export JAVA_TOOL_OPTIONS="-Dfile.encoding=UTF8 -Duser.language=en-US -Duser.country=US -Duser.language=en";
TZ="America/New_York"; export TZ;
export PATH="/usr/lib/jvm/java-8-openjdk-amd64/bin:$PATH";
export JAVA_HOME="/usr/lib/jvm/java-8-openjdk-amd64/bin";
time java -Xmx4g -Xms1g -XX:MaxPermSize=512m -cp /script/../libs/jtestex7.jar:/script/../repair_tools/astor.jar fr.inria.main.evolution.AstorMain \
	-mode jkali \
	-location . \
	-id javamelody_javamelody-VUL4J-50 \
	-failing net.bull.javamelody.TestHtmlSessionInformationsReport#testCVE_2013_4378 \
	-jvm4testexecution /usr/lib/jvm/java-8-openjdk-amd64/bin \
	-jvm4evosuitetestexecution /usr/lib/jvm/java-8-openjdk-amd64/bin \
	-maxgen 1000000 \
	-maxtime 120 \
	-stopfirst true \
	-seed 0 \
	-scope local \
	-population 1 \
	-javacompliancelevel 8 \
	-faultlocalization perfect \
    -perfectdata /script/../data/benchmarks/vul4j/perfectfl/VUL4J-50 \
    -validation externalcmd \
    -testfailingcmd "mvn test -pl javamelody-core -Dtest=net.bull.javamelody.TestHtmlSessionInformationsReport#testCVE_2013_4378 -Dhttps.protocols=TLSv1.2 -Denforcer.skip=true -Dcheckstyle.skip=true -Dcobertura.skip=true -DskipITs=true -Drat.skip=true -Dlicense.skip=true -Dpmd.skip=true -Dfindbugs.skip=true -Dgpg.skip=true -Dskip.npm=true -Dskip.gulp=true -Dskip.bower=true -Danimal.sniffer.skip=true -V -B" \
    -testallcmd "mvn test -pl javamelody-core -Dhttps.protocols=TLSv1.2 -Denforcer.skip=true -Dcheckstyle.skip=true -Dcobertura.skip=true -DskipITs=true -Drat.skip=true -Dlicense.skip=true -Dpmd.skip=true -Dfindbugs.skip=true -Dgpg.skip=true -Dskip.npm=true -Dskip.gulp=true -Dskip.bower=true -Danimal.sniffer.skip=true -V -B"  \ \
	-srcjavafolder javamelody-core/src/main/java \
	-srctestfolder javamelody-core/src/test/java \
	-binjavafolder javamelody-core/target/classes \
	-bintestfolder javamelody-core/target/test-classes \
	-parameters x:x \
	-dependencies /root/.m2/repository/javax/servlet/javax.servlet-api/3.0.1/javax.servlet-api-3.0.1.jar:/root/.m2/repository/org/springframework/spring-core/2.5.6/spring-core-2.5.6.jar:/root/.m2/repository/com/h2database/h2/1.3.170/h2-1.3.170.jar:/root/.m2/repository/org/jrobin/jrobin/1.5.9/jrobin-1.5.9.jar:/root/.m2/repository/org/hamcrest/hamcrest-core/1.3/hamcrest-core-1.3.jar:/root/.m2/repository/com/google/inject/guice/2.0/guice-2.0.jar:/root/.m2/repository/javax/ejb/ejb-api/3.0/ejb-api-3.0.jar:/root/.m2/repository/org/hibernate/hibernate-commons-annotations/3.2.0.Final/hibernate-commons-annotations-3.2.0.Final.jar:/root/.m2/repository/org/apache/tomcat/tomcat-juli/7.0.27/tomcat-juli-7.0.27.jar:/root/.m2/repository/commons-collections/commons-collections/3.1/commons-collections-3.1.jar:/root/.m2/repository/ch/qos/logback/logback-core/0.9.19/logback-core-0.9.19.jar:/root/.m2/repository/commons-logging/commons-logging/1.0.4/commons-logging-1.0.4.jar:/root/.m2/repository/commons-pool/commons-pool/1.3/commons-pool-1.3.jar:/root/.m2/repository/org/apache/tomcat/tomcat-jdbc/7.0.27/tomcat-jdbc-7.0.27.jar:/root/.m2/repository/net/sf/ehcache/ehcache/1.6.0/ehcache-1.6.0.jar:/root/.m2/repository/org/springframework/spring-beans/2.5.6/spring-beans-2.5.6.jar:/root/.m2/repository/antlr/antlr/2.7.6/antlr-2.7.6.jar:/root/.m2/repository/org/objenesis/objenesis/1.2/objenesis-1.2.jar:/root/.m2/repository/org/apache/tomcat/dbcp/6.0.18/dbcp-6.0.18.jar:/root/.m2/repository/org/hibernate/hibernate-core/3.6.9.Final/hibernate-core-3.6.9.Final.jar:/root/.m2/repository/dom4j/dom4j/1.6.1/dom4j-1.6.1.jar:/root/.m2/repository/javax/transaction/jta/1.1/jta-1.1.jar:/root/.m2/repository/xmlpull/xmlpull/1.1.3.1/xmlpull-1.1.3.1.jar:/root/.m2/repository/org/springframework/spring-aop/2.5.6/spring-aop-2.5.6.jar:/root/.m2/repository/org/slf4j/slf4j-api/1.5.11/slf4j-api-1.5.11.jar:/root/.m2/repository/aopalliance/aopalliance/1.0/aopalliance-1.0.jar:/root/.m2/repository/log4j/log4j/1.2.16/log4j-1.2.16.jar:/root/.m2/repository/com/thoughtworks/xstream/xstream/1.4.2/xstream-1.4.2.jar:/root/.m2/repository/javax/el/javax.el-api/2.2.1/javax.el-api-2.2.1.jar:/root/.m2/repository/javax/faces/javax.faces-api/2.1/javax.faces-api-2.1.jar:/root/.m2/repository/com/opensymphony/xwork/2.1.0/xwork-2.1.0.jar:/root/.m2/repository/cglib/cglib-nodep/2.2.2/cglib-nodep-2.2.2.jar:/root/.m2/repository/org/hibernate/javax/persistence/hibernate-jpa-2.0-api/1.0.1.Final/hibernate-jpa-2.0-api-1.0.1.Final.jar:/root/.m2/repository/org/easymock/easymock/3.1/easymock-3.1.jar:/root/.m2/repository/org/springframework/spring-context/2.5.6/spring-context-2.5.6.jar:/root/.m2/repository/com/sun/faces/jsf-impl/2.1.5/jsf-impl-2.1.5.jar:/root/.m2/repository/opensymphony/ognl/2.6.11/ognl-2.6.11.jar:/root/.m2/repository/javax/activation/activation/1.1/activation-1.1.jar:/root/.m2/repository/ch/qos/logback/logback-classic/0.9.19/logback-classic-0.9.19.jar:/root/.m2/repository/xpp3/xpp3_min/1.1.4c/xpp3_min-1.1.4c.jar:/root/.m2/repository/javax/mail/mail/1.4.1/mail-1.4.1.jar:/root/.m2/repository/commons-dbcp/commons-dbcp/1.2.2/commons-dbcp-1.2.2.jar:/root/.m2/repository/junit/junit/4.11/junit-4.11.jar:/root/.m2/repository/com/lowagie/itext/2.1.7/itext-2.1.7.jar:/root/.m2/repository/quartz/quartz/1.5.2/quartz-1.5.2.jar;
	echo "\n\nNode: `hostname`\n";
	echo "\n\nDate: `date`\n";
Picked up JAVA_TOOL_OPTIONS: -Dfile.encoding=UTF8 -Duser.language=en-US -Duser.country=US -Duser.language=en
OpenJDK 64-Bit Server VM warning: ignoring option MaxPermSize=512m; support was removed in 8.0
[0] INFO ProjectConfiguration - Version of the JVM used: 1.8.0_342
[0] INFO main - Java version of the JDK used to run tests: 1.8.0_342
[1] INFO main - The compliance of the JVM is:  8
[4] INFO main - command line arguments: [-mode  jkali  -location  .  -id  javamelody_javamelody-VUL4J-50  -failing  net.bull.javamelody.TestHtmlSessionInformationsReport#testCVE_2013_4378  -jvm4testexecution  /usr/lib/jvm/java-8-openjdk-amd64/bin  -jvm4evosuitetestexecution  /usr/lib/jvm/java-8-openjdk-amd64/bin  -maxgen  1000000  -maxtime  120  -stopfirst  true  -seed  0  -scope  local  -population  1  -javacompliancelevel  8  -faultlocalization  perfect  -perfectdata  /script/../data/benchmarks/vul4j/perfectfl/VUL4J-50  -validation  externalcmd  -testfailingcmd  mvn test -pl javamelody-core -Dtest=net.bull.javamelody.TestHtmlSessionInformationsReport#testCVE_2013_4378 -Dhttps.protocols=TLSv1.2 -Denforcer.skip=true -Dcheckstyle.skip=true -Dcobertura.skip=true -DskipITs=true -Drat.skip=true -Dlicense.skip=true -Dpmd.skip=true -Dfindbugs.skip=true -Dgpg.skip=true -Dskip.npm=true -Dskip.gulp=true -Dskip.bower=true -Danimal.sniffer.skip=true -V -B  -testallcmd  mvn test -pl javamelody-core -Dhttps.protocols=TLSv1.2 -Denforcer.skip=true -Dcheckstyle.skip=true -Dcobertura.skip=true -DskipITs=true -Drat.skip=true -Dlicense.skip=true -Dpmd.skip=true -Dfindbugs.skip=true -Dgpg.skip=true -Dskip.npm=true -Dskip.gulp=true -Dskip.bower=true -Danimal.sniffer.skip=true -V -B     -srcjavafolder  javamelody-core/src/main/java  -srctestfolder  javamelody-core/src/test/java  -binjavafolder  javamelody-core/target/classes  -bintestfolder  javamelody-core/target/test-classes  -parameters  x:x  -dependencies  /root/.m2/repository/javax/servlet/javax.servlet-api/3.0.1/javax.servlet-api-3.0.1.jar:/root/.m2/repository/org/springframework/spring-core/2.5.6/spring-core-2.5.6.jar:/root/.m2/repository/com/h2database/h2/1.3.170/h2-1.3.170.jar:/root/.m2/repository/org/jrobin/jrobin/1.5.9/jrobin-1.5.9.jar:/root/.m2/repository/org/hamcrest/hamcrest-core/1.3/hamcrest-core-1.3.jar:/root/.m2/repository/com/google/inject/guice/2.0/guice-2.0.jar:/root/.m2/repository/javax/ejb/ejb-api/3.0/ejb-api-3.0.jar:/root/.m2/repository/org/hibernate/hibernate-commons-annotations/3.2.0.Final/hibernate-commons-annotations-3.2.0.Final.jar:/root/.m2/repository/org/apache/tomcat/tomcat-juli/7.0.27/tomcat-juli-7.0.27.jar:/root/.m2/repository/commons-collections/commons-collections/3.1/commons-collections-3.1.jar:/root/.m2/repository/ch/qos/logback/logback-core/0.9.19/logback-core-0.9.19.jar:/root/.m2/repository/commons-logging/commons-logging/1.0.4/commons-logging-1.0.4.jar:/root/.m2/repository/commons-pool/commons-pool/1.3/commons-pool-1.3.jar:/root/.m2/repository/org/apache/tomcat/tomcat-jdbc/7.0.27/tomcat-jdbc-7.0.27.jar:/root/.m2/repository/net/sf/ehcache/ehcache/1.6.0/ehcache-1.6.0.jar:/root/.m2/repository/org/springframework/spring-beans/2.5.6/spring-beans-2.5.6.jar:/root/.m2/repository/antlr/antlr/2.7.6/antlr-2.7.6.jar:/root/.m2/repository/org/objenesis/objenesis/1.2/objenesis-1.2.jar:/root/.m2/repository/org/apache/tomcat/dbcp/6.0.18/dbcp-6.0.18.jar:/root/.m2/repository/org/hibernate/hibernate-core/3.6.9.Final/hibernate-core-3.6.9.Final.jar:/root/.m2/repository/dom4j/dom4j/1.6.1/dom4j-1.6.1.jar:/root/.m2/repository/javax/transaction/jta/1.1/jta-1.1.jar:/root/.m2/repository/xmlpull/xmlpull/1.1.3.1/xmlpull-1.1.3.1.jar:/root/.m2/repository/org/springframework/spring-aop/2.5.6/spring-aop-2.5.6.jar:/root/.m2/repository/org/slf4j/slf4j-api/1.5.11/slf4j-api-1.5.11.jar:/root/.m2/repository/aopalliance/aopalliance/1.0/aopalliance-1.0.jar:/root/.m2/repository/log4j/log4j/1.2.16/log4j-1.2.16.jar:/root/.m2/repository/com/thoughtworks/xstream/xstream/1.4.2/xstream-1.4.2.jar:/root/.m2/repository/javax/el/javax.el-api/2.2.1/javax.el-api-2.2.1.jar:/root/.m2/repository/javax/faces/javax.faces-api/2.1/javax.faces-api-2.1.jar:/root/.m2/repository/com/opensymphony/xwork/2.1.0/xwork-2.1.0.jar:/root/.m2/repository/cglib/cglib-nodep/2.2.2/cglib-nodep-2.2.2.jar:/root/.m2/repository/org/hibernate/javax/persistence/hibernate-jpa-2.0-api/1.0.1.Final/hibernate-jpa-2.0-api-1.0.1.Final.jar:/root/.m2/repository/org/easymock/easymock/3.1/easymock-3.1.jar:/root/.m2/repository/org/springframework/spring-context/2.5.6/spring-context-2.5.6.jar:/root/.m2/repository/com/sun/faces/jsf-impl/2.1.5/jsf-impl-2.1.5.jar:/root/.m2/repository/opensymphony/ognl/2.6.11/ognl-2.6.11.jar:/root/.m2/repository/javax/activation/activation/1.1/activation-1.1.jar:/root/.m2/repository/ch/qos/logback/logback-classic/0.9.19/logback-classic-0.9.19.jar:/root/.m2/repository/xpp3/xpp3_min/1.1.4c/xpp3_min-1.1.4c.jar:/root/.m2/repository/javax/mail/mail/1.4.1/mail-1.4.1.jar:/root/.m2/repository/commons-dbcp/commons-dbcp/1.2.2/commons-dbcp-1.2.2.jar:/root/.m2/repository/junit/junit/4.11/junit-4.11.jar:/root/.m2/repository/com/lowagie/itext/2.1.7/itext-2.1.7.jar:/root/.m2/repository/quartz/quartz/1.5.2/quartz-1.5.2.jar]
[21] INFO AstorMain - Running Astor on a JDK at /usr/lib/jvm/java-8-openjdk-amd64/jre
[42] INFO main - Source folders: [/workdir/jKali_vul4j_javamelody_javamelody_VUL4J-50/./javamelody-core/src/main/java]
[43] INFO main - Source Test folders: [/workdir/jKali_vul4j_javamelody_javamelody_VUL4J-50/./javamelody-core/src/test/java]
[2019] INFO AstorCoreEngine - ---- Creating spoon model
[2100] INFO MutationSupporter - Creating model,  Code location from working folder: /workdir/jKali_vul4j_javamelody_javamelody_VUL4J-50/./javamelody-core/src/main/java
[2100] INFO MutationSupporter - building model: /workdir/jKali_vul4j_javamelody_javamelody_VUL4J-50/./javamelody-core/src/main/java, compliance level: 8
[2239] INFO MutationSupporter - Classpath (Dependencies) for building SpoonModel: [/root/.m2/repository/javax/servlet/javax.servlet-api/3.0.1/javax.servlet-api-3.0.1.jar, /root/.m2/repository/org/springframework/spring-core/2.5.6/spring-core-2.5.6.jar, /root/.m2/repository/com/h2database/h2/1.3.170/h2-1.3.170.jar, /root/.m2/repository/org/jrobin/jrobin/1.5.9/jrobin-1.5.9.jar, /root/.m2/repository/org/hamcrest/hamcrest-core/1.3/hamcrest-core-1.3.jar, /root/.m2/repository/com/google/inject/guice/2.0/guice-2.0.jar, /root/.m2/repository/javax/ejb/ejb-api/3.0/ejb-api-3.0.jar, /root/.m2/repository/org/hibernate/hibernate-commons-annotations/3.2.0.Final/hibernate-commons-annotations-3.2.0.Final.jar, /root/.m2/repository/org/apache/tomcat/tomcat-juli/7.0.27/tomcat-juli-7.0.27.jar, /root/.m2/repository/commons-collections/commons-collections/3.1/commons-collections-3.1.jar, /root/.m2/repository/ch/qos/logback/logback-core/0.9.19/logback-core-0.9.19.jar, /root/.m2/repository/commons-logging/commons-logging/1.0.4/commons-logging-1.0.4.jar, /root/.m2/repository/commons-pool/commons-pool/1.3/commons-pool-1.3.jar, /root/.m2/repository/org/apache/tomcat/tomcat-jdbc/7.0.27/tomcat-jdbc-7.0.27.jar, /root/.m2/repository/net/sf/ehcache/ehcache/1.6.0/ehcache-1.6.0.jar, /root/.m2/repository/org/springframework/spring-beans/2.5.6/spring-beans-2.5.6.jar, /root/.m2/repository/antlr/antlr/2.7.6/antlr-2.7.6.jar, /root/.m2/repository/org/objenesis/objenesis/1.2/objenesis-1.2.jar, /root/.m2/repository/org/apache/tomcat/dbcp/6.0.18/dbcp-6.0.18.jar, /root/.m2/repository/org/hibernate/hibernate-core/3.6.9.Final/hibernate-core-3.6.9.Final.jar, /root/.m2/repository/dom4j/dom4j/1.6.1/dom4j-1.6.1.jar, /root/.m2/repository/javax/transaction/jta/1.1/jta-1.1.jar, /root/.m2/repository/xmlpull/xmlpull/1.1.3.1/xmlpull-1.1.3.1.jar, /root/.m2/repository/org/springframework/spring-aop/2.5.6/spring-aop-2.5.6.jar, /root/.m2/repository/org/slf4j/slf4j-api/1.5.11/slf4j-api-1.5.11.jar, /root/.m2/repository/aopalliance/aopalliance/1.0/aopalliance-1.0.jar, /root/.m2/repository/log4j/log4j/1.2.16/log4j-1.2.16.jar, /root/.m2/repository/com/thoughtworks/xstream/xstream/1.4.2/xstream-1.4.2.jar, /root/.m2/repository/javax/el/javax.el-api/2.2.1/javax.el-api-2.2.1.jar, /root/.m2/repository/javax/faces/javax.faces-api/2.1/javax.faces-api-2.1.jar, /root/.m2/repository/com/opensymphony/xwork/2.1.0/xwork-2.1.0.jar, /root/.m2/repository/cglib/cglib-nodep/2.2.2/cglib-nodep-2.2.2.jar, /root/.m2/repository/org/hibernate/javax/persistence/hibernate-jpa-2.0-api/1.0.1.Final/hibernate-jpa-2.0-api-1.0.1.Final.jar, /root/.m2/repository/org/easymock/easymock/3.1/easymock-3.1.jar, /root/.m2/repository/org/springframework/spring-context/2.5.6/spring-context-2.5.6.jar, /root/.m2/repository/com/sun/faces/jsf-impl/2.1.5/jsf-impl-2.1.5.jar, /root/.m2/repository/opensymphony/ognl/2.6.11/ognl-2.6.11.jar, /root/.m2/repository/javax/activation/activation/1.1/activation-1.1.jar, /root/.m2/repository/ch/qos/logback/logback-classic/0.9.19/logback-classic-0.9.19.jar, /root/.m2/repository/xpp3/xpp3_min/1.1.4c/xpp3_min-1.1.4c.jar, /root/.m2/repository/javax/mail/mail/1.4.1/mail-1.4.1.jar, /root/.m2/repository/commons-dbcp/commons-dbcp/1.2.2/commons-dbcp-1.2.2.jar, /root/.m2/repository/junit/junit/4.11/junit-4.11.jar, /root/.m2/repository/com/lowagie/itext/2.1.7/itext-2.1.7.jar, /root/.m2/repository/quartz/quartz/1.5.2/quartz-1.5.2.jar]
Exception in thread "main" java.lang.ClassFormatError: Absent Code attribute in method that is not native or abstract in class file javax/faces/context/FacesContext
	at java.lang.ClassLoader.defineClass1(Native Method)
	at java.lang.ClassLoader.defineClass(ClassLoader.java:756)
	at java.security.SecureClassLoader.defineClass(SecureClassLoader.java:142)
	at java.net.URLClassLoader.defineClass(URLClassLoader.java:473)
	at java.net.URLClassLoader.access$100(URLClassLoader.java:74)
	at java.net.URLClassLoader$1.run(URLClassLoader.java:369)
	at java.net.URLClassLoader$1.run(URLClassLoader.java:363)
	at java.security.AccessController.doPrivileged(Native Method)
	at java.net.URLClassLoader.findClass(URLClassLoader.java:362)
	at java.lang.ClassLoader.loadClass(ClassLoader.java:418)
	at java.lang.ClassLoader.loadClass(ClassLoader.java:351)
	at spoon.support.compiler.jdt.JDTImportBuilder.loadClass(JDTImportBuilder.java:169)
	at spoon.support.compiler.jdt.JDTImportBuilder.getOrLoadClass(JDTImportBuilder.java:149)
	at spoon.support.compiler.jdt.JDTImportBuilder.build(JDTImportBuilder.java:75)
	at spoon.support.compiler.jdt.JDTBasedSpoonCompiler.lambda$buildModel$1(JDTBasedSpoonCompiler.java:441)
	at spoon.support.compiler.jdt.JDTBasedSpoonCompiler.forEachCompilationUnit(JDTBasedSpoonCompiler.java:464)
	at spoon.support.compiler.jdt.JDTBasedSpoonCompiler.buildModel(JDTBasedSpoonCompiler.java:440)
	at spoon.support.compiler.jdt.JDTBasedSpoonCompiler.buildUnitsAndModel(JDTBasedSpoonCompiler.java:372)
	at spoon.support.compiler.jdt.JDTBasedSpoonCompiler.buildSources(JDTBasedSpoonCompiler.java:335)
	at spoon.support.compiler.jdt.JDTBasedSpoonCompiler.build(JDTBasedSpoonCompiler.java:116)
	at spoon.support.compiler.jdt.JDTBasedSpoonCompiler.build(JDTBasedSpoonCompiler.java:99)
	at fr.inria.astor.core.manipulation.MutationSupporter.buildModel(MutationSupporter.java:85)
	at fr.inria.astor.core.manipulation.MutationSupporter.buildSpoonModel(MutationSupporter.java:240)
	at fr.inria.astor.core.solutionsearch.AstorCoreEngine.initModel(AstorCoreEngine.java:775)
	at fr.inria.main.evolution.AstorMain.createEngine(AstorMain.java:113)
	at fr.inria.main.evolution.AstorMain.run(AstorMain.java:173)
	at fr.inria.main.evolution.AstorMain.execute(AstorMain.java:233)
	at fr.inria.main.evolution.AstorMain.main(AstorMain.java:204)
Command exited with non-zero status 1
23.77user 3.13system 0:27.06elapsed 99%CPU (0avgtext+0avgdata 518692maxresident)k
224inputs+12208outputs (0major+140077minor)pagefaults 0swaps


Node: 9670332cfea8



Date: Thu Sep  8 22:22:36 EDT 2022

