cd /workdir/jKali_vul4j_apache_httpcomponents-client_VUL4J-17;
export JAVA_TOOL_OPTIONS="-Dfile.encoding=UTF8 -Duser.language=en-US -Duser.country=US -Duser.language=en";
TZ="America/New_York"; export TZ;
export PATH="/usr/lib/jvm/java-8-openjdk-amd64/bin:$PATH";
export JAVA_HOME="/usr/lib/jvm/java-8-openjdk-amd64/bin";
time java -Xmx4g -Xms1g -XX:MaxPermSize=512m -cp /script/../libs/jtestex7.jar:/script/../repair_tools/astor.jar fr.inria.main.evolution.AstorMain \
	-mode jkali \
	-location . \
	-id apache_httpcomponents-client-VUL4J-17 \
	-failing org.apache.http.client.utils.TestURIBuilder#testMalformedPath \
	-jvm4testexecution /usr/lib/jvm/java-8-openjdk-amd64/bin \
	-jvm4evosuitetestexecution /usr/lib/jvm/java-8-openjdk-amd64/bin \
	-maxgen 1000000 \
	-maxtime 120 \
	-stopfirst true \
	-seed 0 \
	-scope local \
	-population 1 \
	-javacompliancelevel 8 \
	-faultlocalization perfect \
    -perfectdata /script/../data/benchmarks/vul4j/perfectfl/VUL4J-17 \
    -validation externalcmd \
    -testfailingcmd "mvn test -pl httpclient -Dtest=org.apache.http.client.utils.TestURIBuilder#testMalformedPath -Dhttps.protocols=TLSv1.2 -Denforcer.skip=true -Dcheckstyle.skip=true -Dcobertura.skip=true -DskipITs=true -Drat.skip=true -Dlicense.skip=true -Dpmd.skip=true -Dfindbugs.skip=true -Dgpg.skip=true -Dskip.npm=true -Dskip.gulp=true -Dskip.bower=true -Danimal.sniffer.skip=true -V -B" \
    -testallcmd "mvn test -pl httpclient -Dhttps.protocols=TLSv1.2 -Denforcer.skip=true -Dcheckstyle.skip=true -Dcobertura.skip=true -DskipITs=true -Drat.skip=true -Dlicense.skip=true -Dpmd.skip=true -Dfindbugs.skip=true -Dgpg.skip=true -Dskip.npm=true -Dskip.gulp=true -Dskip.bower=true -Danimal.sniffer.skip=true -V -B"  \ \
	-srcjavafolder httpclient/src/main/java \
	-srctestfolder httpclient/src/test/java \
	-binjavafolder httpclient/target/classes \
	-bintestfolder httpclient/target/test-classes \
	-parameters x:x \
	-dependencies /root/.m2/repository/org/apache/httpcomponents/httpcore/4.4.6/httpcore-4.4.6.jar:/root/.m2/repository/commons-codec/commons-codec/1.9/commons-codec-1.9.jar:/root/.m2/repository/junit/junit/4.11/junit-4.11.jar:/root/.m2/repository/org/mockito/mockito-core/1.8.5/mockito-core-1.8.5.jar:/root/.m2/repository/org/objenesis/objenesis/1.0/objenesis-1.0.jar:/root/.m2/repository/commons-logging/commons-logging/1.2/commons-logging-1.2.jar:/root/.m2/repository/org/hamcrest/hamcrest-core/1.3/hamcrest-core-1.3.jar;
	echo "\n\nNode: `hostname`\n";
	echo "\n\nDate: `date`\n";
Picked up JAVA_TOOL_OPTIONS: -Dfile.encoding=UTF8 -Duser.language=en-US -Duser.country=US -Duser.language=en
OpenJDK 64-Bit Server VM warning: ignoring option MaxPermSize=512m; support was removed in 8.0
[0] INFO ProjectConfiguration - Version of the JVM used: 1.8.0_342
[0] INFO main - Java version of the JDK used to run tests: 1.8.0_342
[0] INFO main - The compliance of the JVM is:  8
[3] INFO main - command line arguments: [-mode  jkali  -location  .  -id  apache_httpcomponents-client-VUL4J-17  -failing  org.apache.http.client.utils.TestURIBuilder#testMalformedPath  -jvm4testexecution  /usr/lib/jvm/java-8-openjdk-amd64/bin  -jvm4evosuitetestexecution  /usr/lib/jvm/java-8-openjdk-amd64/bin  -maxgen  1000000  -maxtime  120  -stopfirst  true  -seed  0  -scope  local  -population  1  -javacompliancelevel  8  -faultlocalization  perfect  -perfectdata  /script/../data/benchmarks/vul4j/perfectfl/VUL4J-17  -validation  externalcmd  -testfailingcmd  mvn test -pl httpclient -Dtest=org.apache.http.client.utils.TestURIBuilder#testMalformedPath -Dhttps.protocols=TLSv1.2 -Denforcer.skip=true -Dcheckstyle.skip=true -Dcobertura.skip=true -DskipITs=true -Drat.skip=true -Dlicense.skip=true -Dpmd.skip=true -Dfindbugs.skip=true -Dgpg.skip=true -Dskip.npm=true -Dskip.gulp=true -Dskip.bower=true -Danimal.sniffer.skip=true -V -B  -testallcmd  mvn test -pl httpclient -Dhttps.protocols=TLSv1.2 -Denforcer.skip=true -Dcheckstyle.skip=true -Dcobertura.skip=true -DskipITs=true -Drat.skip=true -Dlicense.skip=true -Dpmd.skip=true -Dfindbugs.skip=true -Dgpg.skip=true -Dskip.npm=true -Dskip.gulp=true -Dskip.bower=true -Danimal.sniffer.skip=true -V -B     -srcjavafolder  httpclient/src/main/java  -srctestfolder  httpclient/src/test/java  -binjavafolder  httpclient/target/classes  -bintestfolder  httpclient/target/test-classes  -parameters  x:x  -dependencies  /root/.m2/repository/org/apache/httpcomponents/httpcore/4.4.6/httpcore-4.4.6.jar:/root/.m2/repository/commons-codec/commons-codec/1.9/commons-codec-1.9.jar:/root/.m2/repository/junit/junit/4.11/junit-4.11.jar:/root/.m2/repository/org/mockito/mockito-core/1.8.5/mockito-core-1.8.5.jar:/root/.m2/repository/org/objenesis/objenesis/1.0/objenesis-1.0.jar:/root/.m2/repository/commons-logging/commons-logging/1.2/commons-logging-1.2.jar:/root/.m2/repository/org/hamcrest/hamcrest-core/1.3/hamcrest-core-1.3.jar]
[4] INFO AstorMain - Running Astor on a JDK at /usr/lib/jvm/java-8-openjdk-amd64/jre
[50] INFO main - Source folders: [/workdir/jKali_vul4j_apache_httpcomponents-client_VUL4J-17/./httpclient/src/main/java]
[50] INFO main - Source Test folders: [/workdir/jKali_vul4j_apache_httpcomponents-client_VUL4J-17/./httpclient/src/test/java]
[2019] INFO AstorCoreEngine - ---- Creating spoon model
[2055] INFO MutationSupporter - Creating model,  Code location from working folder: /workdir/jKali_vul4j_apache_httpcomponents-client_VUL4J-17/./httpclient/src/main/java
[2055] INFO MutationSupporter - building model: /workdir/jKali_vul4j_apache_httpcomponents-client_VUL4J-17/./httpclient/src/main/java, compliance level: 8
[2223] INFO MutationSupporter - Classpath (Dependencies) for building SpoonModel: [/root/.m2/repository/org/apache/httpcomponents/httpcore/4.4.6/httpcore-4.4.6.jar, /root/.m2/repository/commons-codec/commons-codec/1.9/commons-codec-1.9.jar, /root/.m2/repository/junit/junit/4.11/junit-4.11.jar, /root/.m2/repository/org/mockito/mockito-core/1.8.5/mockito-core-1.8.5.jar, /root/.m2/repository/org/objenesis/objenesis/1.0/objenesis-1.0.jar, /root/.m2/repository/commons-logging/commons-logging/1.2/commons-logging-1.2.jar, /root/.m2/repository/org/hamcrest/hamcrest-core/1.3/hamcrest-core-1.3.jar]
[20784] INFO AstorCoreEngine - Number of CtTypes created: 296
[21137] INFO AstorCoreEngine - Test retrieved from classes: 0
[21338] INFO AstorCoreEngine - Setting up the max to 2010 milliseconds (2 sec)
[21340] INFO AstorCoreEngine - ---- Initial suspicious size: 2
[22331] INFO main - Total suspicious from FL: 2,  2
[22332] INFO main - Total ModPoint created: 2
[22333] INFO main - Creating program variant #1, [Variant id: 1, #gens: 2, #ops: 0, parent:-]
[22333] INFO main - Run previously failing tests...
[62121] INFO main - Failed tests: 1
[62122] INFO AstorCoreEngine - The original fitness is : 1.0
[62123] WARN ConfigurationProperties - ----------------------------
[62123] INFO ConfigurationProperties - ---Configuration properties
[62126] INFO ConfigurationProperties - p:lastJUnitVersion= ./examples/libs/junit-4.11.jar
[62126] INFO ConfigurationProperties - p:alternativecompliancelevel= 8
[62126] INFO ConfigurationProperties - p:ignoredTestCases= 
[62126] INFO ConfigurationProperties - p:workingDirectory= /workdir/jKali_vul4j_apache_httpcomponents-client_VUL4J-17/./output_astor
[62126] INFO ConfigurationProperties - p:manipulatesuper= false
[62126] INFO ConfigurationProperties - p:validation= externalcmd
[62126] INFO ConfigurationProperties - p:jvm4testexecution= /usr/lib/jvm/java-8-openjdk-amd64/bin
[62126] INFO ConfigurationProperties - p:operatorspace= suppression
[62127] INFO ConfigurationProperties - p:diffcontext= 0
[62127] INFO ConfigurationProperties - p:binjavafolder= httpclient/target/classes
[62127] INFO ConfigurationProperties - p:synthesis_depth= 3
[62127] INFO ConfigurationProperties - p:gzoltartestpackagetoexclude= junit.framework
[62127] INFO ConfigurationProperties - p:skipfitnessinitialpopulation= false
[62127] INFO ConfigurationProperties - p:evosuiteresultfolder= evosuite
[62127] INFO ConfigurationProperties - p:flthreshold= 0.1
[62134] INFO ConfigurationProperties - p:regressionforfaultlocalization= true
[62134] INFO ConfigurationProperties - p:collectonlyusedmethod= false
[62134] INFO ConfigurationProperties - p:preservelinenumbers= true
[62134] INFO ConfigurationProperties - p:tmax2= 2010
[62135] INFO ConfigurationProperties - p:tmax1= 10000
[62135] INFO ConfigurationProperties - p:probagenmutation= false
[62135] INFO ConfigurationProperties - p:nomodificationconvergence= 100
[62135] INFO ConfigurationProperties - p:diff_type= relative
[62135] INFO ConfigurationProperties - p:targetelementprocessor= statements
[62135] INFO ConfigurationProperties - p:srctestfolder= httpclient/src/test/java
[62135] INFO ConfigurationProperties - p:forceExecuteRegression= false
[62135] INFO ConfigurationProperties - p:clusteringfilename= clustering.csv
[62135] INFO ConfigurationProperties - p:failing= org.apache.http.client.utils.TestURIBuilder#testMalformedPath
[62135] INFO ConfigurationProperties - p:logtestexecution= false
[62136] INFO ConfigurationProperties - p:evo_buggy_class= true
[62136] INFO ConfigurationProperties - p:numberExecutions= 1
[62136] INFO ConfigurationProperties - p:maxnumbersolutions= 1000000
[62136] INFO ConfigurationProperties - p:evo_affected_by_op= true
[62137] INFO ConfigurationProperties - p:population= 1
[62137] INFO ConfigurationProperties - p:considerzerovaluesusp= false
[62137] INFO ConfigurationProperties - p:maxCombinationVariableLimit= false
[62137] INFO ConfigurationProperties - p:savesolution= true
[62137] INFO ConfigurationProperties - p:javacompliancelevel= 8
[62137] INFO ConfigurationProperties - p:x= x
[62137] INFO ConfigurationProperties - p:uniqueoptogen= false
[62141] INFO ConfigurationProperties - p:gzoltarpackagetonotinstrument= junit.framework
[62144] INFO ConfigurationProperties - p:projectIdentifier= apache_httpcomponents-client-VUL4J-17
[62144] INFO ConfigurationProperties - p:modificationpointnavigation= weight
[62144] INFO ConfigurationProperties - p:stopfirst= true
[62144] INFO ConfigurationProperties - p:multipointmodification= false
[62144] INFO ConfigurationProperties - p:elementsToMutate= 10
[62144] INFO ConfigurationProperties - p:jsonoutputname= astor_output
[62144] INFO ConfigurationProperties - p:evoDSE= false
[62144] INFO ConfigurationProperties - p:bintestfolder= httpclient/target/test-classes
[62144] INFO ConfigurationProperties - p:testbystep= false
[62144] INFO ConfigurationProperties - p:version-location= ./math-version/
[62144] INFO ConfigurationProperties - p:reintroduce= PARENTS:ORIGINAL
[62144] INFO ConfigurationProperties - p:perfectdata= /script/../data/benchmarks/vul4j/perfectfl/VUL4J-17
[62144] INFO ConfigurationProperties - p:executorjar= ./lib/jtestex7.jar
[62144] INFO ConfigurationProperties - p:maxGeneration= 1000000
[62144] INFO ConfigurationProperties - p:max_synthesis_step= 10000
[62144] INFO ConfigurationProperties - p:projectinfocommand= com.github.tdurieux:project-config-maven-plugin:info
[62145] INFO ConfigurationProperties - p:maxVarCombination= 1000
[62145] INFO ConfigurationProperties - p:maxtime= 120
[62145] INFO ConfigurationProperties - p:evosuitejar= ./lib/evosuite-master-1.0.4-SNAPSHOT.jar
[62145] INFO ConfigurationProperties - p:jvmversion= 1.8.0_342
[62145] INFO ConfigurationProperties - p:commandTrunk= 50000
[62145] INFO ConfigurationProperties - p:faultlocalization= perfect
[62161] INFO ConfigurationProperties - p:resetmodel= true
[62161] INFO ConfigurationProperties - p:maxsuspcandidates= 1000
[62161] INFO ConfigurationProperties - p:mode= jkali
[62161] INFO ConfigurationProperties - p:learningdir= 
[62161] INFO ConfigurationProperties - p:jvm4evosuitetestexecution= /usr/lib/jvm/java-8-openjdk-amd64/bin
[62161] INFO ConfigurationProperties - p:filterfaultlocalization= true
[62161] INFO ConfigurationProperties - p:mutationrate= 1 
[62161] INFO ConfigurationProperties - p:pathToMVNRepository= 
[62161] INFO ConfigurationProperties - p:resourcesfolder= /src/main/resources:/src/test/resources:
[62161] INFO ConfigurationProperties - p:timezone= America/Los_Angeles
[62161] INFO ConfigurationProperties - p:runjava7code= false
[62161] INFO ConfigurationProperties - p:testfailingcmd= mvn test -pl httpclient -Dtest=org.apache.http.client.utils.TestURIBuilder#testMalformedPath -Dhttps.protocols=TLSv1.2 -Denforcer.skip=true -Dcheckstyle.skip=true -Dcobertura.skip=true -DskipITs=true -Drat.skip=true -Dlicense.skip=true -Dpmd.skip=true -Dfindbugs.skip=true -Dgpg.skip=true -Dskip.npm=true -Dskip.gulp=true -Dskip.bower=true -Danimal.sniffer.skip=true -V -B
[62161] INFO ConfigurationProperties - p:evoRunOnBuggyClass= true
[62161] INFO ConfigurationProperties - p:compiler= fr.inria.astor.core.manipulation.bytecode.compiler.SpoonClassCompiler
[62162] INFO ConfigurationProperties - p:limitbysuspicious= true
[62162] INFO ConfigurationProperties - p:logsattemps= true
[62162] INFO ConfigurationProperties - p:dependenciespath= /root/.m2/repository/org/apache/httpcomponents/httpcore/4.4.6/httpcore-4.4.6.jar:/root/.m2/repository/commons-codec/commons-codec/1.9/commons-codec-1.9.jar:/root/.m2/repository/junit/junit/4.11/junit-4.11.jar:/root/.m2/repository/org/mockito/mockito-core/1.8.5/mockito-core-1.8.5.jar:/root/.m2/repository/org/objenesis/objenesis/1.0/objenesis-1.0.jar:/root/.m2/repository/commons-logging/commons-logging/1.2/commons-logging-1.2.jar:/root/.m2/repository/org/hamcrest/hamcrest-core/1.3/hamcrest-core-1.3.jar
[62162] INFO ConfigurationProperties - p:packageToInstrument= 
[62162] INFO ConfigurationProperties - p:skipfaultlocalization= false
[62162] INFO ConfigurationProperties - p:scope= local
[62162] INFO ConfigurationProperties - p:transformingredient= false
[62162] INFO ConfigurationProperties - p:fitnessfunction= fr.inria.astor.core.solutionsearch.population.TestCaseFitnessFunction
[62162] INFO ConfigurationProperties - p:maxnumvariablesperingredient= 10
[62162] INFO ConfigurationProperties - p:parsesourcefromoriginal= true
[62162] INFO ConfigurationProperties - p:pvariantfoldername= variant-
[62162] INFO ConfigurationProperties - p:savespoonmodelondisk= false
[62162] INFO ConfigurationProperties - p:srcjavafolder= httpclient/src/main/java
[62162] INFO ConfigurationProperties - p:populationcontroller= fr.inria.astor.core.solutionsearch.population.TestCaseBasedFitnessPopulationController
[62162] INFO ConfigurationProperties - p:ignoreflakyinfl= false
[62162] INFO ConfigurationProperties - p:cleantemplates= true
[62162] INFO ConfigurationProperties - p:applyCrossover= false
[62163] INFO ConfigurationProperties - p:maxmodificationpoints= 1000
[62163] INFO ConfigurationProperties - p:duplicateingredientsinspace= false
[62163] INFO ConfigurationProperties - p:metid= 0
[62163] INFO ConfigurationProperties - p:continuewhenmodelfail= true
[62163] INFO ConfigurationProperties - p:saveall= false
[62163] INFO ConfigurationProperties - p:seed= 0
[62166] INFO ConfigurationProperties - p:savecompletepatched= true
[62166] INFO ConfigurationProperties - p:resetoperations= false
[62169] INFO ConfigurationProperties - p:keepcomments= false
[62169] INFO ConfigurationProperties - p:processoutputinfile= false
[62169] INFO ConfigurationProperties - p:location= .
[62169] INFO ConfigurationProperties - p:probabilistictransformation= true
[62169] INFO ConfigurationProperties - p:overridemaxtime= true
[62169] INFO ConfigurationProperties - p:outputjsonresult= true
[62169] INFO ConfigurationProperties - p:allpoints= false
[62169] INFO ConfigurationProperties - p:antipattern= false
[62169] INFO ConfigurationProperties - p:bugId= 280
[62169] INFO ConfigurationProperties - p:evosuitetimeout= 120
[62169] INFO ConfigurationProperties - p:maxtimefactor= 10
[62169] INFO ConfigurationProperties - p:nrPlaceholders= 1
[62169] INFO ConfigurationProperties - p:testallcmd= mvn test -pl httpclient -Dhttps.protocols=TLSv1.2 -Denforcer.skip=true -Dcheckstyle.skip=true -Dcobertura.skip=true -DskipITs=true -Drat.skip=true -Dlicense.skip=true -Dpmd.skip=true -Dfindbugs.skip=true -Dgpg.skip=true -Dskip.npm=true -Dskip.gulp=true -Dskip.bower=true -Danimal.sniffer.skip=true -V -B
[62169] INFO ConfigurationProperties - p:forcesubprocesskilling= false
[62169] INFO ConfigurationProperties - ----------------------------
[62173] INFO AstorCoreEngine - mod_point MP=org.apache.http.client.utils.URIBuilder line: 496, pointed element: CtReturnImpl
[62175] INFO AstorCoreEngine - -->op: OP_INSTANCE:
RemoveOp:(spoon.support.reflect.code.CtReturnImpl) `return null ` -topatch--> `-` (null) 
[64449] INFO main - Run previously failing tests...
[105541] INFO main - Failed tests: 1
[105561] INFO AstorCoreEngine - Time Repair Loop (s): 43.388
[105561] INFO AstorCoreEngine - generationsexecuted: 1
[105561] WARN AstorCoreEngine - ----SUMMARY_EXECUTION---
[105561] WARN AstorCoreEngine - End Repair Search: NOT Found solution
[105561] WARN AstorCoreEngine - Number suspicious:1
[105563] INFO AstorCoreEngine - 
 --SOLUTIONS DESCRIPTION--


Astor Output:

General stats:
EXECUTION_IDENTIFIER=apache_httpcomponents-client-VUL4J-17
TOTAL_TIME=43.388
NR_GENERATIONS=null
NR_RIGHT_COMPILATIONS=1
NR_FAILLING_COMPILATIONS=null
NR_ERRONEOUS_VARIANCES=null
NR_FAILING_VALIDATION_PROCESS=null
OUTPUT_STATUS=EXHAUSTIVE_NAVIGATED

Patch stats:

[105588] INFO Stats - Storing ing JSON at /workdir/jKali_vul4j_apache_httpcomponents-client_VUL4J-17/./output_astor/AstorMain-apache_httpcomponents-client-VUL4J-17//astor_output.json
[105591] INFO Stats - astor_output:
{"general":{"NR_RIGHT_COMPILATIONS":1,"NR_ERRONEOUS_VARIANCES":null,"EXECUTION_IDENTIFIER":"apache_httpcomponents-client-VUL4J-17","OUTPUT_STATUS":"EXHAUSTIVE_NAVIGATED","NR_FAILLING_COMPILATIONS":null,"NR_GENERATIONS":null,"TOTAL_TIME":43.388,"NR_FAILING_VALIDATION_PROCESS":null},"patches":[]}
[105591] INFO AstorMain - Time Total(s): 105.572
114.54user 12.21system 1:47.33elapsed 118%CPU (0avgtext+0avgdata 715676maxresident)k
608inputs+23776outputs (1major+514751minor)pagefaults 0swaps


Node: 9670332cfea8



Date: Thu Sep  8 21:57:11 EDT 2022

