cd /workdir/TBar_vul4j_apache_sling_VUL4J-24;
export JAVA_TOOL_OPTIONS="-Dfile.encoding=UTF8 -Duser.language=en-US -Duser.country=US -Duser.language=en";
TZ="America/New_York"; export TZ;
export PATH="/usr/lib/jvm/java-8-openjdk-amd64/bin:$PATH";
export JAVA_HOME="/usr/lib/jvm/java-8-openjdk-amd64";
timeout 240m java -Xmx4g -Xms1g -XX:MaxPermSize=512m \
    -cp /script/../libs/tbar_external/com.gzoltar-0.1.1-jdk7.jar:/script/../repair_tools/tbar.jar edu.lu.uni.serval.tbar.main.Main \
    "/workdir/TBar_vul4j_apache_sling_VUL4J-24" "org.apache.sling.xss.impl.XSSAPIImplTest#testGetValidXML" "/bundles/extensions/xss/src/main/java/" "/bundles/extensions/xss/src/test/java/" "/bundles/extensions/xss/target/classes/" "/bundles/extensions/xss/target/test-classes/" "/script/../data/benchmarks/vul4j/perfectfl/VUL4J-24/spectra.txt" "mvn test -pl bundles/extensions/xss -Dtest=org.apache.sling.xss.impl.XSSAPIImplTest#testGetValidXML -Dhttps.protocols=TLSv1.2 -Denforcer.skip=true -Dcheckstyle.skip=true -Dcobertura.skip=true -DskipITs=true -Drat.skip=true -Dlicense.skip=true -Dpmd.skip=true -Dfindbugs.skip=true -Dgpg.skip=true -Dskip.npm=true -Dskip.gulp=true -Dskip.bower=true -Danimal.sniffer.skip=true -V -B" "mvn test -pl bundles/extensions/xss -Dhttps.protocols=TLSv1.2 -Denforcer.skip=true -Dcheckstyle.skip=true -Dcobertura.skip=true -DskipITs=true -Drat.skip=true -Dlicense.skip=true -Dpmd.skip=true -Dfindbugs.skip=true -Dgpg.skip=true -Dskip.npm=true -Dskip.gulp=true -Dskip.bower=true -Danimal.sniffer.skip=true -V -B" "/workdir/TBar_vul4j_apache_sling_VUL4J-24/bundles/extensions/xss/target/classes:/root/.m2/repository/javax/servlet/servlet-api/2.4/servlet-api-2.4.jar:/root/.m2/repository/commons-configuration/commons-configuration/1.5/commons-configuration-1.5.jar:/root/.m2/repository/commons-lang/commons-lang/2.3/commons-lang-2.3.jar:/root/.m2/repository/org/javassist/javassist/3.18.2-GA/javassist-3.18.2-GA.jar:/root/.m2/repository/com/google/code/findbugs/jsr305/2.0.0/jsr305-2.0.0.jar:/root/.m2/repository/org/owasp/esapi/esapi/2.1.0/esapi-2.1.0.jar:/root/.m2/repository/org/beanshell/bsh-core/2.0b4/bsh-core-2.0b4.jar:/root/.m2/repository/commons-beanutils/commons-beanutils-core/1.7.0/commons-beanutils-core-1.7.0.jar:/root/.m2/repository/xom/xom/1.2.5/xom-1.2.5.jar:/root/.m2/repository/org/hamcrest/hamcrest-core/1.3/hamcrest-core-1.3.jar:/root/.m2/repository/xerces/xercesImpl/2.9.1/xercesImpl-2.9.1.jar:/root/.m2/repository/org/apache/sling/org.apache.sling.api/2.2.0/org.apache.sling.api-2.2.0.jar:/root/.m2/repository/batik/batik-css/1.6/batik-css-1.6.jar:/root/.m2/repository/net/sourceforge/nekohtml/nekohtml/1.9.16/nekohtml-1.9.16.jar:/root/.m2/repository/org/objenesis/objenesis/2.1/objenesis-2.1.jar:/root/.m2/repository/commons-logging/commons-logging/1.0.4/commons-logging-1.0.4.jar:/root/.m2/repository/xml-apis/xml-apis-ext/1.3.04/xml-apis-ext-1.3.04.jar:/root/.m2/repository/commons-digester/commons-digester/1.8/commons-digester-1.8.jar:/root/.m2/repository/org/osgi/org.osgi.core/4.1.0/org.osgi.core-4.1.0.jar:/root/.m2/repository/commons-httpclient/commons-httpclient/3.1/commons-httpclient-3.1.jar:/root/.m2/repository/batik/batik-util/1.6/batik-util-1.6.jar:/root/.m2/repository/org/osgi/org.osgi.compendium/4.1.0/org.osgi.compendium-4.1.0.jar:/root/.m2/repository/org/slf4j/slf4j-api/1.5.2/slf4j-api-1.5.2.jar:/root/.m2/repository/biz/aQute/bndlib/1.50.0/bndlib-1.50.0.jar:/root/.m2/repository/org/powermock/powermock-api-support/1.5.5/powermock-api-support-1.5.5.jar:/root/.m2/repository/log4j/log4j/1.2.16/log4j-1.2.16.jar:/root/.m2/repository/org/owasp/encoder/encoder/1.1.1/encoder-1.1.1.jar:/root/.m2/repository/commons-collections/commons-collections/3.2/commons-collections-3.2.jar:/root/.m2/repository/org/apache/felix/org.apache.felix.scr.annotations/1.9.12/org.apache.felix.scr.annotations-1.9.12.jar:/root/.m2/repository/org/powermock/powermock-api-mockito/1.5.5/powermock-api-mockito-1.5.5.jar:/root/.m2/repository/commons-codec/commons-codec/1.2/commons-codec-1.2.jar:/root/.m2/repository/org/apache/sling/org.apache.sling.commons.json/2.0.6/org.apache.sling.commons.json-2.0.6.jar:/root/.m2/repository/xalan/xalan/2.7.0/xalan-2.7.0.jar:/root/.m2/repository/org/powermock/powermock-core/1.5.5/powermock-core-1.5.5.jar:/root/.m2/repository/commons-fileupload/commons-fileupload/1.2/commons-fileupload-1.2.jar:/root/.m2/repository/org/mockito/mockito-all/1.8.4/mockito-all-1.8.4.jar:/root/.m2/repository/commons-beanutils/commons-beanutils/1.7.0/commons-beanutils-1.7.0.jar:/root/.m2/repository/org/owasp/antisamy/antisamy/1.5.2/antisamy-1.5.2.jar:/root/.m2/repository/batik/batik-gui-util/1.6/batik-gui-util-1.6.jar:/root/.m2/repository/xml-apis/xml-apis/1.3.03/xml-apis-1.3.03.jar:/root/.m2/repository/batik/batik-ext/1.6/batik-ext-1.6.jar:/root/.m2/repository/junit/junit/4.12/junit-4.12.jar:/root/.m2/repository/org/powermock/powermock-reflect/1.5.5/powermock-reflect-1.5.5.jar:/root/.m2/repository/org/slf4j/slf4j-simple/1.5.2/slf4j-simple-1.5.2.jar";
echo "\n\nNode: `hostname`\n";
echo "\n\nDate: `date`\n";
Picked up JAVA_TOOL_OPTIONS: -Dfile.encoding=UTF8 -Duser.language=en-US -Duser.country=US -Duser.language=en
OpenJDK 64-Bit Server VM warning: ignoring option MaxPermSize=512m; support was removed in 8.0
07:40:33,139 |-INFO in ch.qos.logback.classic.LoggerContext[TBar] - Could NOT find resource [logback-test.xml]
07:40:33,139 |-INFO in ch.qos.logback.classic.LoggerContext[TBar] - Could NOT find resource [logback.groovy]
07:40:33,139 |-INFO in ch.qos.logback.classic.LoggerContext[TBar] - Found resource [logback.xml] at [jar:file:/repair_tools/tbar.jar!/logback.xml]
07:40:33,161 |-INFO in ch.qos.logback.core.joran.spi.ConfigurationWatchList@5a42bbf4 - URL [jar:file:/repair_tools/tbar.jar!/logback.xml] is not of type file
07:40:33,215 |-INFO in ch.qos.logback.classic.joran.action.ConfigurationAction - debug attribute not set
07:40:33,217 |-INFO in ch.qos.logback.classic.joran.action.ContextNameAction - Setting logger context name as [TBar]
07:40:33,217 |-INFO in ch.qos.logback.core.joran.action.AppenderAction - About to instantiate appender of type [ch.qos.logback.core.ConsoleAppender]
07:40:33,219 |-INFO in ch.qos.logback.core.joran.action.AppenderAction - Naming appender as [STDOUT]
07:40:33,262 |-INFO in ch.qos.logback.classic.joran.action.LoggerAction - Setting level of logger [org.hibernate.engine.query.HQLQueryPlan] to DEBUG
07:40:33,262 |-INFO in ch.qos.logback.classic.joran.action.LoggerAction - Setting additivity of logger [org.hibernate.engine.query.HQLQueryPlan] to false
07:40:33,262 |-INFO in ch.qos.logback.classic.joran.action.LoggerAction - Setting level of logger [com.piedra.logback] to DEBUG
07:40:33,262 |-ERROR in ch.qos.logback.core.joran.action.AppenderRefAction - Could not find an appender named [FILE]. Did you define it below instead of above in the configuration file?
07:40:33,262 |-ERROR in ch.qos.logback.core.joran.action.AppenderRefAction - See http://logback.qos.ch/codes.html#appender_order for more details.
07:40:33,263 |-INFO in ch.qos.logback.classic.joran.action.RootLoggerAction - Setting level of ROOT logger to DEBUG
07:40:33,263 |-INFO in ch.qos.logback.core.joran.action.AppenderRefAction - Attaching appender named [STDOUT] to Logger[ROOT]
07:40:33,263 |-ERROR in ch.qos.logback.core.joran.action.AppenderRefAction - Could not find an appender named [ROLLINGFILE]. Did you define it below instead of above in the configuration file?
07:40:33,263 |-ERROR in ch.qos.logback.core.joran.action.AppenderRefAction - See http://logback.qos.ch/codes.html#appender_order for more details.
07:40:33,263 |-INFO in ch.qos.logback.classic.joran.action.ConfigurationAction - End of configuration.
07:40:33,264 |-INFO in ch.qos.logback.classic.joran.JoranConfigurator@270421f5 - Registering current configuration as safe fallback point

2022-09-14 07:40:33.308 [main] INFO  edu.lu.uni.serval.tbar.AbstractFixer - TBar_vul4j_apache_sling_VUL4J-24 Failed Tests: 1
2022-09-14 07:40:33.311 [main] INFO  edu.lu.uni.serval.tbar.TBarFixer - =======StaticBugFixer: Start to fix suspicious code======
2022-09-14 07:40:33.311 [main] DEBUG edu.lu.uni.serval.tbar.AbstractFixer - org.apache.sling.xss.impl.XSSAPIImpl ===65
2022-09-14 07:40:33.738 [main] DEBUG edu.lu.uni.serval.tbar.AbstractFixer - Suspicious Code: 
factory = SAXParserFactory.newInstance();
2022-09-14 07:40:36.602 [main] DEBUG edu.lu.uni.serval.tbar.AbstractFixer - Patch Candidate:
@@ -62,8 +62,10 @@ public class XSSAPIImpl implements XSSAPI {
-        factory = SAXParserFactory.newInstance();
+
+	factory = SAXParserFactory.newInstance();
+
2022-09-14 07:40:36.602 [main] DEBUG edu.lu.uni.serval.tbar.AbstractFixer - Compiling
2022-09-14 07:40:37.348 [main] DEBUG edu.lu.uni.serval.tbar.AbstractFixer - Test previously failed test cases.
2022-09-14 07:40:46.071 [main] DEBUG edu.lu.uni.serval.tbar.AbstractFixer - Patch Candidate:
@@ -62,9 +62,11 @@ public class XSSAPIImpl implements XSSAPI {
-        factory = SAXParserFactory.newInstance();
+
+	factory = SAXParserFactory.newInstance();
+
2022-09-14 07:40:46.071 [main] DEBUG edu.lu.uni.serval.tbar.AbstractFixer - Compiling
2022-09-14 07:40:46.776 [main] DEBUG edu.lu.uni.serval.tbar.AbstractFixer - Test previously failed test cases.
2022-09-14 07:40:55.178 [main] DEBUG edu.lu.uni.serval.tbar.AbstractFixer - Patch Candidate:
@@ -62,7 +62,7 @@ public class XSSAPIImpl implements XSSAPI {
-        factory = SAXParserFactory.newInstance();
+
2022-09-14 07:40:55.178 [main] DEBUG edu.lu.uni.serval.tbar.AbstractFixer - Compiling
2022-09-14 07:40:56.073 [main] DEBUG edu.lu.uni.serval.tbar.AbstractFixer - Test previously failed test cases.
2022-09-14 07:41:04.657 [main] DEBUG edu.lu.uni.serval.tbar.AbstractFixer - Patch Candidate:
@@ -59,13 +59,7 @@ public class XSSAPIImpl implements XSSAPI {
-    @Activate
-    @SuppressWarnings("unused")
-    protected void activate() {
-        factory = SAXParserFactory.newInstance();
-        factory.setValidating(false);
-        factory.setNamespaceAware(true);
-    }
+
2022-09-14 07:41:04.657 [main] DEBUG edu.lu.uni.serval.tbar.AbstractFixer - Compiling
2022-09-14 07:41:05.389 [main] DEBUG edu.lu.uni.serval.tbar.AbstractFixer - Test previously failed test cases.
2022-09-14 07:41:13.780 [main] DEBUG edu.lu.uni.serval.tbar.AbstractFixer - org.apache.sling.xss.impl.XSSAPIImpl ===67
2022-09-14 07:41:13.831 [main] DEBUG edu.lu.uni.serval.tbar.AbstractFixer - Suspicious Code: 
factory.setNamespaceAware(true);
2022-09-14 07:41:14.018 [main] DEBUG edu.lu.uni.serval.tbar.AbstractFixer - Patch Candidate:
@@ -64,7 +64,10 @@ public class XSSAPIImpl implements XSSAPI {
-        factory.setNamespaceAware(true);
+        if (factory != null) {
+	factory.setNamespaceAware(true);
+	}
+
2022-09-14 07:41:14.018 [main] DEBUG edu.lu.uni.serval.tbar.AbstractFixer - Compiling
2022-09-14 07:41:14.824 [main] DEBUG edu.lu.uni.serval.tbar.AbstractFixer - Test previously failed test cases.
2022-09-14 07:41:23.438 [main] DEBUG edu.lu.uni.serval.tbar.AbstractFixer - Patch Candidate:
@@ -64,7 +64,10 @@ public class XSSAPIImpl implements XSSAPI {
-        factory.setNamespaceAware(true);
+        if (factory == null) {
+	    throw new IllegalArgumentException("Null 'factory' argument.");
+	}
+factory.setNamespaceAware(true);
2022-09-14 07:41:23.438 [main] DEBUG edu.lu.uni.serval.tbar.AbstractFixer - Compiling
2022-09-14 07:41:24.109 [main] DEBUG edu.lu.uni.serval.tbar.AbstractFixer - Test previously failed test cases.
2022-09-14 07:41:32.821 [main] DEBUG edu.lu.uni.serval.tbar.AbstractFixer - Patch Candidate:
@@ -64,7 +64,10 @@ public class XSSAPIImpl implements XSSAPI {
-        factory.setNamespaceAware(true);
+        if (factory == null) {
+	    return;
+	}
+factory.setNamespaceAware(true);
2022-09-14 07:41:32.822 [main] DEBUG edu.lu.uni.serval.tbar.AbstractFixer - Compiling
2022-09-14 07:41:33.588 [main] DEBUG edu.lu.uni.serval.tbar.AbstractFixer - Test previously failed test cases.
2022-09-14 07:41:42.363 [main] DEBUG edu.lu.uni.serval.tbar.AbstractFixer - Patch Candidate:
@@ -64,7 +64,8 @@ public class XSSAPIImpl implements XSSAPI {
-        factory.setNamespaceAware(true);
+        if (factory == null) factory = new SAXParserFactory();
+ factory.setNamespaceAware(true);
2022-09-14 07:41:42.363 [main] DEBUG edu.lu.uni.serval.tbar.AbstractFixer - Compiling
2022-09-14 07:41:43.074 [main] DEBUG edu.lu.uni.serval.tbar.AbstractFixer - BuggyProject ---Fixer: fix fail because of failed compiling! 
2022-09-14 07:41:43.139 [main] DEBUG edu.lu.uni.serval.tbar.AbstractFixer - Patch Candidate:
@@ -64,7 +64,7 @@ public class XSSAPIImpl implements XSSAPI {
-        factory.setNamespaceAware(true);
+        factory.setNamespaceAware(false);
2022-09-14 07:41:43.140 [main] DEBUG edu.lu.uni.serval.tbar.AbstractFixer - Compiling
2022-09-14 07:41:43.918 [main] DEBUG edu.lu.uni.serval.tbar.AbstractFixer - Test previously failed test cases.
2022-09-14 07:41:52.598 [main] DEBUG edu.lu.uni.serval.tbar.AbstractFixer - Patch Candidate:
@@ -62,9 +62,10 @@ public class XSSAPIImpl implements XSSAPI {
-        factory = SAXParserFactory.newInstance();
-        factory.setValidating(false);
+	factory = SAXParserFactory.newInstance();
+        factory.setValidating(false);
+
2022-09-14 07:41:52.598 [main] DEBUG edu.lu.uni.serval.tbar.AbstractFixer - Compiling
2022-09-14 07:41:53.362 [main] DEBUG edu.lu.uni.serval.tbar.AbstractFixer - Test previously failed test cases.
2022-09-14 07:42:01.798 [main] DEBUG edu.lu.uni.serval.tbar.AbstractFixer - Patch Candidate:
@@ -63,8 +63,9 @@ public class XSSAPIImpl implements XSSAPI {
-        factory.setValidating(false);
+	factory.setValidating(false);
+
2022-09-14 07:42:01.799 [main] DEBUG edu.lu.uni.serval.tbar.AbstractFixer - Compiling
2022-09-14 07:42:02.552 [main] DEBUG edu.lu.uni.serval.tbar.AbstractFixer - Test previously failed test cases.
2022-09-14 07:42:11.106 [main] DEBUG edu.lu.uni.serval.tbar.AbstractFixer - Patch Candidate:
@@ -64,7 +64,7 @@ public class XSSAPIImpl implements XSSAPI {
-        factory.setNamespaceAware(true);
+
2022-09-14 07:42:11.107 [main] DEBUG edu.lu.uni.serval.tbar.AbstractFixer - Compiling
2022-09-14 07:42:11.923 [main] DEBUG edu.lu.uni.serval.tbar.AbstractFixer - Test previously failed test cases.
2022-09-14 07:42:20.521 [main] DEBUG edu.lu.uni.serval.tbar.AbstractFixer - Patch Candidate:
@@ -64,7 +64,8 @@ public class XSSAPIImpl implements XSSAPI {
-        factory.setNamespaceAware(true);
+        activate();
+	factory.setNamespaceAware(true);
2022-09-14 07:42:20.521 [main] DEBUG edu.lu.uni.serval.tbar.AbstractFixer - Compiling
2022-09-14 07:42:21.294 [main] DEBUG edu.lu.uni.serval.tbar.AbstractFixer - Test previously failed test cases.
2022-09-14 07:42:30.613 [main] DEBUG edu.lu.uni.serval.tbar.AbstractFixer - Patch Candidate:
@@ -65,6 +65,7 @@ public class XSSAPIImpl implements XSSAPI {
+	activate();
2022-09-14 07:42:30.613 [main] DEBUG edu.lu.uni.serval.tbar.AbstractFixer - Compiling
2022-09-14 07:42:31.362 [main] DEBUG edu.lu.uni.serval.tbar.AbstractFixer - Test previously failed test cases.
2022-09-14 07:42:41.220 [main] DEBUG edu.lu.uni.serval.tbar.AbstractFixer - Patch Candidate:
@@ -64,7 +64,8 @@ public class XSSAPIImpl implements XSSAPI {
-        factory.setNamespaceAware(true);
+        deactivate();
+	factory.setNamespaceAware(true);
2022-09-14 07:42:41.221 [main] DEBUG edu.lu.uni.serval.tbar.AbstractFixer - Compiling
2022-09-14 07:42:41.972 [main] DEBUG edu.lu.uni.serval.tbar.AbstractFixer - Test previously failed test cases.
2022-09-14 07:42:50.333 [main] DEBUG edu.lu.uni.serval.tbar.AbstractFixer - Patch Candidate:
@@ -65,6 +65,7 @@ public class XSSAPIImpl implements XSSAPI {
+	deactivate();
2022-09-14 07:42:50.333 [main] DEBUG edu.lu.uni.serval.tbar.AbstractFixer - Compiling
2022-09-14 07:42:51.098 [main] DEBUG edu.lu.uni.serval.tbar.AbstractFixer - Test previously failed test cases.
2022-09-14 07:42:59.515 [main] INFO  edu.lu.uni.serval.tbar.TBarFixer - =======StaticBugFixer: Finish off fixing======
Failed to fix bug


Node: ee2bf67284b9



Date: Wed Sep 14 07:42:59 EDT 2022

