cd /workdir/Kali_vul4j_apache_camel_VUL4J-4;
export JAVA_TOOL_OPTIONS="-Dfile.encoding=UTF8 -Duser.language=en-US -Duser.country=US -Duser.language=en";
TZ="America/New_York"; export TZ;
export PATH="/usr/lib/jvm/java-8-openjdk-amd64/bin:$PATH";
export JAVA_HOME="/usr/lib/jvm/java-8-openjdk-amd64";
timeout 240m java -Xmx4g -Xms1g -XX:MaxPermSize=512m -cp /script/../libs/jmetal.jar:/script/../repair_tools/arja.jar us.msu.cse.repair.Main \
	Kali \
	-DexternalProjRoot /script/../libs/arja_external \
	-DprojectDir /workdir/Kali_vul4j_apache_camel_VUL4J-4 \
    -DtestFiltered false \
    -DrunTestCommand "mvn test -pl camel-core -Dhttps.protocols=TLSv1.2 -Denforcer.skip=true -Dcheckstyle.skip=true -Dcobertura.skip=true -DskipITs=true -Drat.skip=true -Dlicense.skip=true -Dpmd.skip=true -Dfindbugs.skip=true -Dgpg.skip=true -Dskip.npm=true -Dskip.gulp=true -Dskip.bower=true -Danimal.sniffer.skip=true -V -B" \
	-DsrcJavaDir /workdir/Kali_vul4j_apache_camel_VUL4J-4/camel-core/src/main/java \
	-DbinJavaDir /workdir/Kali_vul4j_apache_camel_VUL4J-4/camel-core/target/classes \
	-DbinTestDir /workdir/Kali_vul4j_apache_camel_VUL4J-4/camel-core/target/test-classes \
	-DdiffFormat true \
	-Dseed 0 \
	-DgzoltarDataDir /script/../data/benchmarks/vul4j/perfectfl/VUL4J-4 \
	-Ddependences /root/.m2/repository/org/apache/camel/apt/2.15-SNAPSHOT/apt-2.15-SNAPSHOT.jar:/root/.m2/repository/log4j/log4j/1.2.17/log4j-1.2.17.jar:/root/.m2/repository/com/fasterxml/jackson/core/jackson-core/2.4.3/jackson-core-2.4.3.jar:/root/.m2/repository/com/sun/xml/bind/jaxb-core/2.2.11/jaxb-core-2.2.11.jar:/root/.m2/repository/org/codehaus/woodstox/woodstox-core-asl/4.4.1/woodstox-core-asl-4.4.1.jar:/root/.m2/repository/org/apache/camel/spi-annotations/2.15-SNAPSHOT/spi-annotations-2.15-SNAPSHOT.jar:/root/.m2/repository/cglib/cglib-nodep/2.2.2/cglib-nodep-2.2.2.jar:/root/.m2/repository/org/easymock/easymock/3.2/easymock-3.2.jar:/root/.m2/repository/com/fasterxml/jackson/core/jackson-annotations/2.4.0/jackson-annotations-2.4.0.jar:/root/.m2/repository/org/hamcrest/hamcrest-core/1.3/hamcrest-core-1.3.jar:/root/.m2/repository/xml-resolver/xml-resolver/1.2/xml-resolver-1.2.jar:/root/.m2/repository/com/googlecode/concurrentlinkedhashmap/concurrentlinkedhashmap-lru/1.4.2/concurrentlinkedhashmap-lru-1.4.2.jar:/root/.m2/repository/org/slf4j/slf4j-log4j12/1.7.10/slf4j-log4j12-1.7.10.jar:/root/.m2/repository/org/codehaus/woodstox/stax2-api/3.1.4/stax2-api-3.1.4.jar:/root/.m2/repository/junit/junit/4.12/junit-4.12.jar:/root/.m2/repository/org/slf4j/slf4j-api/1.6.6/slf4j-api-1.6.6.jar:/root/.m2/repository/org/osgi/org.osgi.core/4.3.1/org.osgi.core-4.3.1.jar:/root/.m2/repository/com/fasterxml/jackson/core/jackson-databind/2.4.3/jackson-databind-2.4.3.jar:/root/.m2/repository/com/sun/xml/bind/jaxb-impl/2.2.11/jaxb-impl-2.2.11.jar:/root/.m2/repository/org/objenesis/objenesis/1.3/objenesis-1.3.jar;
	echo "\n\nNode: `hostname`\n";
	echo "\n\nDate: `date`\n";
Picked up JAVA_TOOL_OPTIONS: -Dfile.encoding=UTF8 -Duser.language=en-US -Duser.country=US -Duser.language=en
OpenJDK 64-Bit Server VM warning: ignoring option MaxPermSize=512m; support was removed in 8.0
Fault localization starts...
Number of positive tests: 5219
Number of negative tests: 3
Negative tests: [org.apache.camel.builder.xml.XPathFeatureTest#testXPathNoTypeConverter, org.apache.camel.builder.xml.XPathFeatureTest#testXPath, org.apache.camel.builder.xml.XPathFeatureTest#testXPathResultOnInvalidData]
Faulty Lines: 
org.apache.camel.builder.xml.XPathBuilder#1117:1.0
Fault localization is finished!
AST parsing starts...
AST parsing is finished!
Detection of local variables starts...
Detection of local variables is finished!
Detection of fields starts...
Detection of fields is finished!
Detection of methods starts...
Detection of methods is finished!
Ingredient screener starts...
Ingredient screener is finished!
Initialization of manipulations starts...
Initialization of manipulations is finished!
Filtering of the tests starts...
Number of positive tests considered: 5219
Filtering of the tests is finished!
----------------------------------
Patch Candidate:
@@ -1114,7 +1114,7 @@ public class XPathBuilder extends ServiceSupport implements Expression, Predicat
}

// okay we can try to remedy the failed conversion by some special types
-        if (answer == null) {
+        if (true) {
// let's try coercing some common types into something JAXP work with the best for special types
if (body instanceof WrappedFile) {
// special for files so we can work with them out of the box
Number of failed tests: 3, 1
----------------------------------
Patch Candidate:
@@ -1114,7 +1114,7 @@ public class XPathBuilder extends ServiceSupport implements Expression, Predicat
}

// okay we can try to remedy the failed conversion by some special types
-        if (answer == null) {
+        if (false) {
// let's try coercing some common types into something JAXP work with the best for special types
if (body instanceof WrappedFile) {
// special for files so we can work with them out of the box
Number of failed tests: 0, 0


Node: 2c8178711f7b



Date: Mon Nov 14 04:48:03 EST 2022

