cd /workdir/jKali_vul4j_apache_struts_VUL4J-30;
export JAVA_TOOL_OPTIONS="-Dfile.encoding=UTF8 -Duser.language=en-US -Duser.country=US -Duser.language=en";
TZ="America/New_York"; export TZ;
export PATH="/usr/lib/jvm/java-8-openjdk-amd64/bin:$PATH";
export JAVA_HOME="/usr/lib/jvm/java-8-openjdk-amd64/bin";
time java -Xmx4g -Xms1g -XX:MaxPermSize=512m -cp /script/../libs/jtestex7.jar:/script/../repair_tools/astor.jar fr.inria.main.evolution.AstorMain \
	-mode jkali \
	-location . \
	-id apache_struts-VUL4J-30 \
	-failing com.opensymphony.xwork2.validator.URLValidatorTest#testValidUrl2 \
	-jvm4testexecution /usr/lib/jvm/jdk1.7.0_80/bin \
	-jvm4evosuitetestexecution /usr/lib/jvm/jdk1.7.0_80/bin \
	-maxgen 1000000 \
	-maxtime 120 \
	-stopfirst true \
	-seed 0 \
	-scope local \
	-population 1 \
	-javacompliancelevel 7 \
	-faultlocalization perfect \
    -perfectdata /script/../data/benchmarks/vul4j/perfectfl/VUL4J-30 \
    -validation externalcmd \
    -testfailingcmd "mvn test -pl core -Dtest=com.opensymphony.xwork2.validator.URLValidatorTest -Dhttps.protocols=TLSv1.2 -Denforcer.skip=true -Dcheckstyle.skip=true -Dcobertura.skip=true -DskipITs=true -Drat.skip=true -Dlicense.skip=true -Dpmd.skip=true -Dfindbugs.skip=true -Dgpg.skip=true -Dskip.npm=true -Dskip.gulp=true -Dskip.bower=true -Danimal.sniffer.skip=true -V -B" \
    -testallcmd "mvn test -pl core -Dhttps.protocols=TLSv1.2 -Denforcer.skip=true -Dcheckstyle.skip=true -Dcobertura.skip=true -DskipITs=true -Drat.skip=true -Dlicense.skip=true -Dpmd.skip=true -Dfindbugs.skip=true -Dgpg.skip=true -Dskip.npm=true -Dskip.gulp=true -Dskip.bower=true -Danimal.sniffer.skip=true -V -B"  \ \
	-srcjavafolder core/src/main/java \
	-srctestfolder core/src/test/java \
	-binjavafolder core/target/classes \
	-bintestfolder core/target/test-classes \
	-parameters x:x \
	-dependencies /root/.m2/repository/javax/servlet/servlet-api/2.4/servlet-api-2.4.jar:/root/.m2/repository/org/objenesis/objenesis/2.2/objenesis-2.2.jar:/root/.m2/repository/org/slf4j/slf4j-simple/1.7.12/slf4j-simple-1.7.12.jar:/root/.m2/repository/org/ow2/asm/asm-tree/5.1/asm-tree-5.1.jar:/root/.m2/repository/org/slf4j/slf4j-api/1.7.12/slf4j-api-1.7.12.jar:/root/.m2/repository/dom4j/dom4j/1.1/dom4j-1.1.jar:/root/.m2/repository/commons-chain/commons-chain/1.1/commons-chain-1.1.jar:/root/.m2/repository/org/yaml/snakeyaml/1.6/snakeyaml-1.6.jar:/root/.m2/repository/org/springframework/spring-aspects/4.1.6.RELEASE/spring-aspects-4.1.6.RELEASE.jar:/root/.m2/repository/org/springframework/spring-context-support/4.1.6.RELEASE/spring-context-support-4.1.6.RELEASE.jar:/root/.m2/repository/org/apache/commons/commons-collections4/4.1/commons-collections4-4.1.jar:/root/.m2/repository/org/apache/struts/struts-taglib/1.3.8/struts-taglib-1.3.8.jar:/root/.m2/repository/org/ow2/asm/asm/5.1/asm-5.1.jar:/root/.m2/repository/org/springframework/spring-web/4.1.6.RELEASE/spring-web-4.1.6.RELEASE.jar:/root/.m2/repository/javax/servlet/javax.servlet-api/3.1.0/javax.servlet-api-3.1.0.jar:/root/.m2/repository/mockobjects/mockobjects-core/0.09/mockobjects-core-0.09.jar:/root/.m2/repository/org/apache/velocity/velocity-tools/2.0/velocity-tools-2.0.jar:/root/.m2/repository/org/apache/struts/struts-core/1.3.8/struts-core-1.3.8.jar:/root/.m2/repository/mockobjects/mockobjects-alt-jdk1.3-j2ee1.3/0.09/mockobjects-alt-jdk1.3-j2ee1.3-0.09.jar:/root/.m2/repository/ognl/ognl/3.1.12/ognl-3.1.12.jar:/root/.m2/repository/org/apache/commons/commons-lang3/3.4/commons-lang3-3.4.jar:/root/.m2/repository/aopalliance/aopalliance/1.0/aopalliance-1.0.jar:/root/.m2/repository/commons-beanutils/commons-beanutils/1.9.2/commons-beanutils-1.9.2.jar:/root/.m2/repository/mockobjects/mockobjects-alt-jdk1.3/0.09/mockobjects-alt-jdk1.3-0.09.jar:/root/.m2/repository/commons-collections/commons-collections/3.2.1/commons-collections-3.2.1.jar:/root/.m2/repository/commons-validator/commons-validator/1.3.1/commons-validator-1.3.1.jar:/root/.m2/repository/org/apache/logging/log4j/log4j-core/2.7/log4j-core-2.7.jar:/root/.m2/repository/org/springframework/spring-core/4.1.6.RELEASE/spring-core-4.1.6.RELEASE.jar:/root/.m2/repository/org/springframework/spring-beans/4.1.6.RELEASE/spring-beans-4.1.6.RELEASE.jar:/root/.m2/repository/org/springframework/spring-expression/4.1.6.RELEASE/spring-expression-4.1.6.RELEASE.jar:/root/.m2/repository/commons-digester/commons-digester/2.1/commons-digester-2.1.jar:/root/.m2/repository/com/beust/jcommander/1.12/jcommander-1.12.jar:/root/.m2/repository/org/beanshell/bsh/2.0b4/bsh-2.0b4.jar:/root/.m2/repository/commons-logging/commons-logging/1.1.3/commons-logging-1.1.3.jar:/root/.m2/repository/org/springframework/spring-aop/4.1.6.RELEASE/spring-aop-4.1.6.RELEASE.jar:/root/.m2/repository/mockobjects/mockobjects-jdk1.3-j2ee1.3/0.09/mockobjects-jdk1.3-j2ee1.3-0.09.jar:/root/.m2/repository/jmock/jmock/1.2.0/jmock-1.2.0.jar:/root/.m2/repository/org/apache/velocity/velocity/1.7/velocity-1.7.jar:/root/.m2/repository/org/easytesting/fest-assert/1.4/fest-assert-1.4.jar:/root/.m2/repository/mockobjects/mockobjects-jdk1.3/0.09/mockobjects-jdk1.3-0.09.jar:/root/.m2/repository/org/testng/testng/5.14.10/testng-5.14.10.jar:/root/.m2/repository/org/hamcrest/hamcrest-core/1.3/hamcrest-core-1.3.jar:/root/.m2/repository/commons-io/commons-io/2.4/commons-io-2.4.jar:/root/.m2/repository/commons-fileupload/commons-fileupload/1.3.2/commons-fileupload-1.3.2.jar:/root/.m2/repository/org/springframework/spring-context/4.1.6.RELEASE/spring-context-4.1.6.RELEASE.jar:/root/.m2/repository/sslext/sslext/1.2-0/sslext-1.2-0.jar:/root/.m2/repository/cglib/cglib-nodep/2.1_3/cglib-nodep-2.1_3.jar:/root/.m2/repository/antlr/antlr/2.7.2/antlr-2.7.2.jar:/root/.m2/repository/org/ow2/asm/asm-commons/5.1/asm-commons-5.1.jar:/root/.m2/repository/org/javassist/javassist/3.20.0-GA/javassist-3.20.0-GA.jar:/root/.m2/repository/org/apache/struts/struts-tiles/1.3.8/struts-tiles-1.3.8.jar:/root/.m2/repository/org/easymock/easymock/3.4/easymock-3.4.jar:/root/.m2/repository/org/apache/logging/log4j/log4j-api/2.7/log4j-api-2.7.jar:/root/.m2/repository/org/mockito/mockito-all/1.9.5/mockito-all-1.9.5.jar:/root/.m2/repository/org/easytesting/fest-util/1.1.6/fest-util-1.1.6.jar:/root/.m2/repository/commons-lang/commons-lang/2.4/commons-lang-2.4.jar:/root/.m2/repository/javax/servlet/jsp-api/2.0/jsp-api-2.0.jar:/root/.m2/repository/org/freemarker/freemarker/2.3.23/freemarker-2.3.23.jar:/root/.m2/repository/junit/junit/4.12/junit-4.12.jar:/root/.m2/repository/org/apache/struts/struts-annotations/1.0.6/struts-annotations-1.0.6.jar:/root/.m2/repository/oro/oro/2.0.8/oro-2.0.8.jar:/root/.m2/repository/org/aspectj/aspectjweaver/1.8.5/aspectjweaver-1.8.5.jar:/root/.m2/repository/org/springframework/spring-test/4.1.6.RELEASE/spring-test-4.1.6.RELEASE.jar;
	echo "\n\nNode: `hostname`\n";
	echo "\n\nDate: `date`\n";
Picked up JAVA_TOOL_OPTIONS: -Dfile.encoding=UTF8 -Duser.language=en-US -Duser.country=US -Duser.language=en
OpenJDK 64-Bit Server VM warning: ignoring option MaxPermSize=512m; support was removed in 8.0
[0] INFO ProjectConfiguration - Version of the JVM used: 1.7.0_80
[1] INFO main - Java version of the JDK used to run tests: 1.7.0_80
[1] INFO main - The compliance of the JVM is:  7
[3] INFO main - command line arguments: [-mode  jkali  -location  .  -id  apache_struts-VUL4J-30  -failing  com.opensymphony.xwork2.validator.URLValidatorTest#testValidUrl2  -jvm4testexecution  /usr/lib/jvm/jdk1.7.0_80/bin  -jvm4evosuitetestexecution  /usr/lib/jvm/jdk1.7.0_80/bin  -maxgen  1000000  -maxtime  120  -stopfirst  true  -seed  0  -scope  local  -population  1  -javacompliancelevel  7  -faultlocalization  perfect  -perfectdata  /script/../data/benchmarks/vul4j/perfectfl/VUL4J-30  -validation  externalcmd  -testfailingcmd  mvn test -pl core -Dtest=com.opensymphony.xwork2.validator.URLValidatorTest -Dhttps.protocols=TLSv1.2 -Denforcer.skip=true -Dcheckstyle.skip=true -Dcobertura.skip=true -DskipITs=true -Drat.skip=true -Dlicense.skip=true -Dpmd.skip=true -Dfindbugs.skip=true -Dgpg.skip=true -Dskip.npm=true -Dskip.gulp=true -Dskip.bower=true -Danimal.sniffer.skip=true -V -B  -testallcmd  mvn test -pl core -Dhttps.protocols=TLSv1.2 -Denforcer.skip=true -Dcheckstyle.skip=true -Dcobertura.skip=true -DskipITs=true -Drat.skip=true -Dlicense.skip=true -Dpmd.skip=true -Dfindbugs.skip=true -Dgpg.skip=true -Dskip.npm=true -Dskip.gulp=true -Dskip.bower=true -Danimal.sniffer.skip=true -V -B     -srcjavafolder  core/src/main/java  -srctestfolder  core/src/test/java  -binjavafolder  core/target/classes  -bintestfolder  core/target/test-classes  -parameters  x:x  -dependencies  /root/.m2/repository/javax/servlet/servlet-api/2.4/servlet-api-2.4.jar:/root/.m2/repository/org/objenesis/objenesis/2.2/objenesis-2.2.jar:/root/.m2/repository/org/slf4j/slf4j-simple/1.7.12/slf4j-simple-1.7.12.jar:/root/.m2/repository/org/ow2/asm/asm-tree/5.1/asm-tree-5.1.jar:/root/.m2/repository/org/slf4j/slf4j-api/1.7.12/slf4j-api-1.7.12.jar:/root/.m2/repository/dom4j/dom4j/1.1/dom4j-1.1.jar:/root/.m2/repository/commons-chain/commons-chain/1.1/commons-chain-1.1.jar:/root/.m2/repository/org/yaml/snakeyaml/1.6/snakeyaml-1.6.jar:/root/.m2/repository/org/springframework/spring-aspects/4.1.6.RELEASE/spring-aspects-4.1.6.RELEASE.jar:/root/.m2/repository/org/springframework/spring-context-support/4.1.6.RELEASE/spring-context-support-4.1.6.RELEASE.jar:/root/.m2/repository/org/apache/commons/commons-collections4/4.1/commons-collections4-4.1.jar:/root/.m2/repository/org/apache/struts/struts-taglib/1.3.8/struts-taglib-1.3.8.jar:/root/.m2/repository/org/ow2/asm/asm/5.1/asm-5.1.jar:/root/.m2/repository/org/springframework/spring-web/4.1.6.RELEASE/spring-web-4.1.6.RELEASE.jar:/root/.m2/repository/javax/servlet/javax.servlet-api/3.1.0/javax.servlet-api-3.1.0.jar:/root/.m2/repository/mockobjects/mockobjects-core/0.09/mockobjects-core-0.09.jar:/root/.m2/repository/org/apache/velocity/velocity-tools/2.0/velocity-tools-2.0.jar:/root/.m2/repository/org/apache/struts/struts-core/1.3.8/struts-core-1.3.8.jar:/root/.m2/repository/mockobjects/mockobjects-alt-jdk1.3-j2ee1.3/0.09/mockobjects-alt-jdk1.3-j2ee1.3-0.09.jar:/root/.m2/repository/ognl/ognl/3.1.12/ognl-3.1.12.jar:/root/.m2/repository/org/apache/commons/commons-lang3/3.4/commons-lang3-3.4.jar:/root/.m2/repository/aopalliance/aopalliance/1.0/aopalliance-1.0.jar:/root/.m2/repository/commons-beanutils/commons-beanutils/1.9.2/commons-beanutils-1.9.2.jar:/root/.m2/repository/mockobjects/mockobjects-alt-jdk1.3/0.09/mockobjects-alt-jdk1.3-0.09.jar:/root/.m2/repository/commons-collections/commons-collections/3.2.1/commons-collections-3.2.1.jar:/root/.m2/repository/commons-validator/commons-validator/1.3.1/commons-validator-1.3.1.jar:/root/.m2/repository/org/apache/logging/log4j/log4j-core/2.7/log4j-core-2.7.jar:/root/.m2/repository/org/springframework/spring-core/4.1.6.RELEASE/spring-core-4.1.6.RELEASE.jar:/root/.m2/repository/org/springframework/spring-beans/4.1.6.RELEASE/spring-beans-4.1.6.RELEASE.jar:/root/.m2/repository/org/springframework/spring-expression/4.1.6.RELEASE/spring-expression-4.1.6.RELEASE.jar:/root/.m2/repository/commons-digester/commons-digester/2.1/commons-digester-2.1.jar:/root/.m2/repository/com/beust/jcommander/1.12/jcommander-1.12.jar:/root/.m2/repository/org/beanshell/bsh/2.0b4/bsh-2.0b4.jar:/root/.m2/repository/commons-logging/commons-logging/1.1.3/commons-logging-1.1.3.jar:/root/.m2/repository/org/springframework/spring-aop/4.1.6.RELEASE/spring-aop-4.1.6.RELEASE.jar:/root/.m2/repository/mockobjects/mockobjects-jdk1.3-j2ee1.3/0.09/mockobjects-jdk1.3-j2ee1.3-0.09.jar:/root/.m2/repository/jmock/jmock/1.2.0/jmock-1.2.0.jar:/root/.m2/repository/org/apache/velocity/velocity/1.7/velocity-1.7.jar:/root/.m2/repository/org/easytesting/fest-assert/1.4/fest-assert-1.4.jar:/root/.m2/repository/mockobjects/mockobjects-jdk1.3/0.09/mockobjects-jdk1.3-0.09.jar:/root/.m2/repository/org/testng/testng/5.14.10/testng-5.14.10.jar:/root/.m2/repository/org/hamcrest/hamcrest-core/1.3/hamcrest-core-1.3.jar:/root/.m2/repository/commons-io/commons-io/2.4/commons-io-2.4.jar:/root/.m2/repository/commons-fileupload/commons-fileupload/1.3.2/commons-fileupload-1.3.2.jar:/root/.m2/repository/org/springframework/spring-context/4.1.6.RELEASE/spring-context-4.1.6.RELEASE.jar:/root/.m2/repository/sslext/sslext/1.2-0/sslext-1.2-0.jar:/root/.m2/repository/cglib/cglib-nodep/2.1_3/cglib-nodep-2.1_3.jar:/root/.m2/repository/antlr/antlr/2.7.2/antlr-2.7.2.jar:/root/.m2/repository/org/ow2/asm/asm-commons/5.1/asm-commons-5.1.jar:/root/.m2/repository/org/javassist/javassist/3.20.0-GA/javassist-3.20.0-GA.jar:/root/.m2/repository/org/apache/struts/struts-tiles/1.3.8/struts-tiles-1.3.8.jar:/root/.m2/repository/org/easymock/easymock/3.4/easymock-3.4.jar:/root/.m2/repository/org/apache/logging/log4j/log4j-api/2.7/log4j-api-2.7.jar:/root/.m2/repository/org/mockito/mockito-all/1.9.5/mockito-all-1.9.5.jar:/root/.m2/repository/org/easytesting/fest-util/1.1.6/fest-util-1.1.6.jar:/root/.m2/repository/commons-lang/commons-lang/2.4/commons-lang-2.4.jar:/root/.m2/repository/javax/servlet/jsp-api/2.0/jsp-api-2.0.jar:/root/.m2/repository/org/freemarker/freemarker/2.3.23/freemarker-2.3.23.jar:/root/.m2/repository/junit/junit/4.12/junit-4.12.jar:/root/.m2/repository/org/apache/struts/struts-annotations/1.0.6/struts-annotations-1.0.6.jar:/root/.m2/repository/oro/oro/2.0.8/oro-2.0.8.jar:/root/.m2/repository/org/aspectj/aspectjweaver/1.8.5/aspectjweaver-1.8.5.jar:/root/.m2/repository/org/springframework/spring-test/4.1.6.RELEASE/spring-test-4.1.6.RELEASE.jar]
[4] INFO AstorMain - Running Astor on a JDK at /usr/lib/jvm/java-8-openjdk-amd64/jre
[8] INFO main - Source folders: [/workdir/jKali_vul4j_apache_struts_VUL4J-30/./core/src/main/java]
[8] INFO main - Source Test folders: [/workdir/jKali_vul4j_apache_struts_VUL4J-30/./core/src/test/java]
[648] INFO AstorCoreEngine - ---- Creating spoon model
[679] INFO MutationSupporter - Creating model,  Code location from working folder: /workdir/jKali_vul4j_apache_struts_VUL4J-30/./core/src/main/java
[679] INFO MutationSupporter - building model: /workdir/jKali_vul4j_apache_struts_VUL4J-30/./core/src/main/java, compliance level: 7
[724] INFO MutationSupporter - Classpath (Dependencies) for building SpoonModel: [/root/.m2/repository/javax/servlet/servlet-api/2.4/servlet-api-2.4.jar, /root/.m2/repository/org/objenesis/objenesis/2.2/objenesis-2.2.jar, /root/.m2/repository/org/slf4j/slf4j-simple/1.7.12/slf4j-simple-1.7.12.jar, /root/.m2/repository/org/ow2/asm/asm-tree/5.1/asm-tree-5.1.jar, /root/.m2/repository/org/slf4j/slf4j-api/1.7.12/slf4j-api-1.7.12.jar, /root/.m2/repository/dom4j/dom4j/1.1/dom4j-1.1.jar, /root/.m2/repository/commons-chain/commons-chain/1.1/commons-chain-1.1.jar, /root/.m2/repository/org/yaml/snakeyaml/1.6/snakeyaml-1.6.jar, /root/.m2/repository/org/springframework/spring-aspects/4.1.6.RELEASE/spring-aspects-4.1.6.RELEASE.jar, /root/.m2/repository/org/springframework/spring-context-support/4.1.6.RELEASE/spring-context-support-4.1.6.RELEASE.jar, /root/.m2/repository/org/apache/commons/commons-collections4/4.1/commons-collections4-4.1.jar, /root/.m2/repository/org/apache/struts/struts-taglib/1.3.8/struts-taglib-1.3.8.jar, /root/.m2/repository/org/ow2/asm/asm/5.1/asm-5.1.jar, /root/.m2/repository/org/springframework/spring-web/4.1.6.RELEASE/spring-web-4.1.6.RELEASE.jar, /root/.m2/repository/javax/servlet/javax.servlet-api/3.1.0/javax.servlet-api-3.1.0.jar, /root/.m2/repository/mockobjects/mockobjects-core/0.09/mockobjects-core-0.09.jar, /root/.m2/repository/org/apache/velocity/velocity-tools/2.0/velocity-tools-2.0.jar, /root/.m2/repository/org/apache/struts/struts-core/1.3.8/struts-core-1.3.8.jar, /root/.m2/repository/mockobjects/mockobjects-alt-jdk1.3-j2ee1.3/0.09/mockobjects-alt-jdk1.3-j2ee1.3-0.09.jar, /root/.m2/repository/ognl/ognl/3.1.12/ognl-3.1.12.jar, /root/.m2/repository/org/apache/commons/commons-lang3/3.4/commons-lang3-3.4.jar, /root/.m2/repository/aopalliance/aopalliance/1.0/aopalliance-1.0.jar, /root/.m2/repository/commons-beanutils/commons-beanutils/1.9.2/commons-beanutils-1.9.2.jar, /root/.m2/repository/mockobjects/mockobjects-alt-jdk1.3/0.09/mockobjects-alt-jdk1.3-0.09.jar, /root/.m2/repository/commons-collections/commons-collections/3.2.1/commons-collections-3.2.1.jar, /root/.m2/repository/commons-validator/commons-validator/1.3.1/commons-validator-1.3.1.jar, /root/.m2/repository/org/apache/logging/log4j/log4j-core/2.7/log4j-core-2.7.jar, /root/.m2/repository/org/springframework/spring-core/4.1.6.RELEASE/spring-core-4.1.6.RELEASE.jar, /root/.m2/repository/org/springframework/spring-beans/4.1.6.RELEASE/spring-beans-4.1.6.RELEASE.jar, /root/.m2/repository/org/springframework/spring-expression/4.1.6.RELEASE/spring-expression-4.1.6.RELEASE.jar, /root/.m2/repository/commons-digester/commons-digester/2.1/commons-digester-2.1.jar, /root/.m2/repository/com/beust/jcommander/1.12/jcommander-1.12.jar, /root/.m2/repository/org/beanshell/bsh/2.0b4/bsh-2.0b4.jar, /root/.m2/repository/commons-logging/commons-logging/1.1.3/commons-logging-1.1.3.jar, /root/.m2/repository/org/springframework/spring-aop/4.1.6.RELEASE/spring-aop-4.1.6.RELEASE.jar, /root/.m2/repository/mockobjects/mockobjects-jdk1.3-j2ee1.3/0.09/mockobjects-jdk1.3-j2ee1.3-0.09.jar, /root/.m2/repository/jmock/jmock/1.2.0/jmock-1.2.0.jar, /root/.m2/repository/org/apache/velocity/velocity/1.7/velocity-1.7.jar, /root/.m2/repository/org/easytesting/fest-assert/1.4/fest-assert-1.4.jar, /root/.m2/repository/mockobjects/mockobjects-jdk1.3/0.09/mockobjects-jdk1.3-0.09.jar, /root/.m2/repository/org/testng/testng/5.14.10/testng-5.14.10.jar, /root/.m2/repository/org/hamcrest/hamcrest-core/1.3/hamcrest-core-1.3.jar, /root/.m2/repository/commons-io/commons-io/2.4/commons-io-2.4.jar, /root/.m2/repository/commons-fileupload/commons-fileupload/1.3.2/commons-fileupload-1.3.2.jar, /root/.m2/repository/org/springframework/spring-context/4.1.6.RELEASE/spring-context-4.1.6.RELEASE.jar, /root/.m2/repository/sslext/sslext/1.2-0/sslext-1.2-0.jar, /root/.m2/repository/cglib/cglib-nodep/2.1_3/cglib-nodep-2.1_3.jar, /root/.m2/repository/antlr/antlr/2.7.2/antlr-2.7.2.jar, /root/.m2/repository/org/ow2/asm/asm-commons/5.1/asm-commons-5.1.jar, /root/.m2/repository/org/javassist/javassist/3.20.0-GA/javassist-3.20.0-GA.jar, /root/.m2/repository/org/apache/struts/struts-tiles/1.3.8/struts-tiles-1.3.8.jar, /root/.m2/repository/org/easymock/easymock/3.4/easymock-3.4.jar, /root/.m2/repository/org/apache/logging/log4j/log4j-api/2.7/log4j-api-2.7.jar, /root/.m2/repository/org/mockito/mockito-all/1.9.5/mockito-all-1.9.5.jar, /root/.m2/repository/org/easytesting/fest-util/1.1.6/fest-util-1.1.6.jar, /root/.m2/repository/commons-lang/commons-lang/2.4/commons-lang-2.4.jar, /root/.m2/repository/javax/servlet/jsp-api/2.0/jsp-api-2.0.jar, /root/.m2/repository/org/freemarker/freemarker/2.3.23/freemarker-2.3.23.jar, /root/.m2/repository/junit/junit/4.12/junit-4.12.jar, /root/.m2/repository/org/apache/struts/struts-annotations/1.0.6/struts-annotations-1.0.6.jar, /root/.m2/repository/oro/oro/2.0.8/oro-2.0.8.jar, /root/.m2/repository/org/aspectj/aspectjweaver/1.8.5/aspectjweaver-1.8.5.jar, /root/.m2/repository/org/springframework/spring-test/4.1.6.RELEASE/spring-test-4.1.6.RELEASE.jar]
[8700] INFO AstorCoreEngine - Number of CtTypes created: 747
[8920] INFO AstorCoreEngine - Test retrieved from classes: 0
[9406] INFO AstorCoreEngine - Setting up the max to 4860 milliseconds (4 sec)
[9406] INFO AstorCoreEngine - ---- Initial suspicious size: 1
[9584] INFO main - Total suspicious from FL: 1,  1
[9585] INFO main - Total ModPoint created: 1
[9585] INFO main - Creating program variant #1, [Variant id: 1, #gens: 1, #ops: 0, parent:-]
[9585] INFO main - Run previously failing tests...
[36352] INFO main - Failed tests: 2
[36353] INFO AstorCoreEngine - The original fitness is : 2.0
[36353] WARN ConfigurationProperties - ----------------------------
[36353] INFO ConfigurationProperties - ---Configuration properties
[36353] INFO ConfigurationProperties - p:lastJUnitVersion= ./examples/libs/junit-4.11.jar
[36353] INFO ConfigurationProperties - p:alternativecompliancelevel= 8
[36353] INFO ConfigurationProperties - p:ignoredTestCases= 
[36353] INFO ConfigurationProperties - p:workingDirectory= /workdir/jKali_vul4j_apache_struts_VUL4J-30/./output_astor
[36353] INFO ConfigurationProperties - p:manipulatesuper= false
[36353] INFO ConfigurationProperties - p:validation= externalcmd
[36353] INFO ConfigurationProperties - p:jvm4testexecution= /usr/lib/jvm/jdk1.7.0_80/bin
[36353] INFO ConfigurationProperties - p:operatorspace= suppression
[36353] INFO ConfigurationProperties - p:diffcontext= 0
[36353] INFO ConfigurationProperties - p:binjavafolder= core/target/classes
[36353] INFO ConfigurationProperties - p:synthesis_depth= 3
[36353] INFO ConfigurationProperties - p:gzoltartestpackagetoexclude= junit.framework
[36353] INFO ConfigurationProperties - p:skipfitnessinitialpopulation= false
[36353] INFO ConfigurationProperties - p:evosuiteresultfolder= evosuite
[36353] INFO ConfigurationProperties - p:flthreshold= 0.1
[36353] INFO ConfigurationProperties - p:regressionforfaultlocalization= true
[36354] INFO ConfigurationProperties - p:collectonlyusedmethod= false
[36354] INFO ConfigurationProperties - p:preservelinenumbers= true
[36354] INFO ConfigurationProperties - p:tmax2= 4860
[36354] INFO ConfigurationProperties - p:tmax1= 10000
[36354] INFO ConfigurationProperties - p:probagenmutation= false
[36354] INFO ConfigurationProperties - p:nomodificationconvergence= 100
[36354] INFO ConfigurationProperties - p:diff_type= relative
[36354] INFO ConfigurationProperties - p:targetelementprocessor= statements
[36354] INFO ConfigurationProperties - p:srctestfolder= core/src/test/java
[36354] INFO ConfigurationProperties - p:forceExecuteRegression= false
[36354] INFO ConfigurationProperties - p:clusteringfilename= clustering.csv
[36354] INFO ConfigurationProperties - p:failing= com.opensymphony.xwork2.validator.URLValidatorTest#testValidUrl2
[36354] INFO ConfigurationProperties - p:logtestexecution= false
[36354] INFO ConfigurationProperties - p:evo_buggy_class= true
[36354] INFO ConfigurationProperties - p:numberExecutions= 1
[36354] INFO ConfigurationProperties - p:maxnumbersolutions= 1000000
[36354] INFO ConfigurationProperties - p:evo_affected_by_op= true
[36354] INFO ConfigurationProperties - p:population= 1
[36354] INFO ConfigurationProperties - p:considerzerovaluesusp= false
[36354] INFO ConfigurationProperties - p:maxCombinationVariableLimit= false
[36354] INFO ConfigurationProperties - p:savesolution= true
[36354] INFO ConfigurationProperties - p:javacompliancelevel= 7
[36354] INFO ConfigurationProperties - p:x= x
[36354] INFO ConfigurationProperties - p:uniqueoptogen= false
[36354] INFO ConfigurationProperties - p:gzoltarpackagetonotinstrument= junit.framework
[36354] INFO ConfigurationProperties - p:projectIdentifier= apache_struts-VUL4J-30
[36354] INFO ConfigurationProperties - p:modificationpointnavigation= weight
[36354] INFO ConfigurationProperties - p:stopfirst= true
[36354] INFO ConfigurationProperties - p:multipointmodification= false
[36354] INFO ConfigurationProperties - p:elementsToMutate= 10
[36354] INFO ConfigurationProperties - p:jsonoutputname= astor_output
[36354] INFO ConfigurationProperties - p:evoDSE= false
[36354] INFO ConfigurationProperties - p:bintestfolder= core/target/test-classes
[36354] INFO ConfigurationProperties - p:testbystep= false
[36354] INFO ConfigurationProperties - p:version-location= ./math-version/
[36354] INFO ConfigurationProperties - p:reintroduce= PARENTS:ORIGINAL
[36354] INFO ConfigurationProperties - p:perfectdata= /script/../data/benchmarks/vul4j/perfectfl/VUL4J-30
[36354] INFO ConfigurationProperties - p:executorjar= ./lib/jtestex7.jar
[36354] INFO ConfigurationProperties - p:maxGeneration= 1000000
[36354] INFO ConfigurationProperties - p:max_synthesis_step= 10000
[36354] INFO ConfigurationProperties - p:projectinfocommand= com.github.tdurieux:project-config-maven-plugin:info
[36354] INFO ConfigurationProperties - p:maxVarCombination= 1000
[36354] INFO ConfigurationProperties - p:maxtime= 120
[36354] INFO ConfigurationProperties - p:evosuitejar= ./lib/evosuite-master-1.0.4-SNAPSHOT.jar
[36354] INFO ConfigurationProperties - p:jvmversion= 1.7.0_80
[36354] INFO ConfigurationProperties - p:commandTrunk= 50000
[36354] INFO ConfigurationProperties - p:faultlocalization= perfect
[36354] INFO ConfigurationProperties - p:resetmodel= true
[36354] INFO ConfigurationProperties - p:maxsuspcandidates= 1000
[36354] INFO ConfigurationProperties - p:mode= jkali
[36355] INFO ConfigurationProperties - p:learningdir= 
[36355] INFO ConfigurationProperties - p:jvm4evosuitetestexecution= /usr/lib/jvm/jdk1.7.0_80/bin
[36355] INFO ConfigurationProperties - p:filterfaultlocalization= true
[36355] INFO ConfigurationProperties - p:mutationrate= 1 
[36355] INFO ConfigurationProperties - p:pathToMVNRepository= 
[36355] INFO ConfigurationProperties - p:resourcesfolder= /src/main/resources:/src/test/resources:
[36355] INFO ConfigurationProperties - p:timezone= America/Los_Angeles
[36355] INFO ConfigurationProperties - p:runjava7code= false
[36355] INFO ConfigurationProperties - p:testfailingcmd= mvn test -pl core -Dtest=com.opensymphony.xwork2.validator.URLValidatorTest -Dhttps.protocols=TLSv1.2 -Denforcer.skip=true -Dcheckstyle.skip=true -Dcobertura.skip=true -DskipITs=true -Drat.skip=true -Dlicense.skip=true -Dpmd.skip=true -Dfindbugs.skip=true -Dgpg.skip=true -Dskip.npm=true -Dskip.gulp=true -Dskip.bower=true -Danimal.sniffer.skip=true -V -B
[36355] INFO ConfigurationProperties - p:evoRunOnBuggyClass= true
[36355] INFO ConfigurationProperties - p:compiler= fr.inria.astor.core.manipulation.bytecode.compiler.SpoonClassCompiler
[36355] INFO ConfigurationProperties - p:limitbysuspicious= true
[36355] INFO ConfigurationProperties - p:logsattemps= true
[36355] INFO ConfigurationProperties - p:dependenciespath= /root/.m2/repository/javax/servlet/servlet-api/2.4/servlet-api-2.4.jar:/root/.m2/repository/org/objenesis/objenesis/2.2/objenesis-2.2.jar:/root/.m2/repository/org/slf4j/slf4j-simple/1.7.12/slf4j-simple-1.7.12.jar:/root/.m2/repository/org/ow2/asm/asm-tree/5.1/asm-tree-5.1.jar:/root/.m2/repository/org/slf4j/slf4j-api/1.7.12/slf4j-api-1.7.12.jar:/root/.m2/repository/dom4j/dom4j/1.1/dom4j-1.1.jar:/root/.m2/repository/commons-chain/commons-chain/1.1/commons-chain-1.1.jar:/root/.m2/repository/org/yaml/snakeyaml/1.6/snakeyaml-1.6.jar:/root/.m2/repository/org/springframework/spring-aspects/4.1.6.RELEASE/spring-aspects-4.1.6.RELEASE.jar:/root/.m2/repository/org/springframework/spring-context-support/4.1.6.RELEASE/spring-context-support-4.1.6.RELEASE.jar:/root/.m2/repository/org/apache/commons/commons-collections4/4.1/commons-collections4-4.1.jar:/root/.m2/repository/org/apache/struts/struts-taglib/1.3.8/struts-taglib-1.3.8.jar:/root/.m2/repository/org/ow2/asm/asm/5.1/asm-5.1.jar:/root/.m2/repository/org/springframework/spring-web/4.1.6.RELEASE/spring-web-4.1.6.RELEASE.jar:/root/.m2/repository/javax/servlet/javax.servlet-api/3.1.0/javax.servlet-api-3.1.0.jar:/root/.m2/repository/mockobjects/mockobjects-core/0.09/mockobjects-core-0.09.jar:/root/.m2/repository/org/apache/velocity/velocity-tools/2.0/velocity-tools-2.0.jar:/root/.m2/repository/org/apache/struts/struts-core/1.3.8/struts-core-1.3.8.jar:/root/.m2/repository/mockobjects/mockobjects-alt-jdk1.3-j2ee1.3/0.09/mockobjects-alt-jdk1.3-j2ee1.3-0.09.jar:/root/.m2/repository/ognl/ognl/3.1.12/ognl-3.1.12.jar:/root/.m2/repository/org/apache/commons/commons-lang3/3.4/commons-lang3-3.4.jar:/root/.m2/repository/aopalliance/aopalliance/1.0/aopalliance-1.0.jar:/root/.m2/repository/commons-beanutils/commons-beanutils/1.9.2/commons-beanutils-1.9.2.jar:/root/.m2/repository/mockobjects/mockobjects-alt-jdk1.3/0.09/mockobjects-alt-jdk1.3-0.09.jar:/root/.m2/repository/commons-collections/commons-collections/3.2.1/commons-collections-3.2.1.jar:/root/.m2/repository/commons-validator/commons-validator/1.3.1/commons-validator-1.3.1.jar:/root/.m2/repository/org/apache/logging/log4j/log4j-core/2.7/log4j-core-2.7.jar:/root/.m2/repository/org/springframework/spring-core/4.1.6.RELEASE/spring-core-4.1.6.RELEASE.jar:/root/.m2/repository/org/springframework/spring-beans/4.1.6.RELEASE/spring-beans-4.1.6.RELEASE.jar:/root/.m2/repository/org/springframework/spring-expression/4.1.6.RELEASE/spring-expression-4.1.6.RELEASE.jar:/root/.m2/repository/commons-digester/commons-digester/2.1/commons-digester-2.1.jar:/root/.m2/repository/com/beust/jcommander/1.12/jcommander-1.12.jar:/root/.m2/repository/org/beanshell/bsh/2.0b4/bsh-2.0b4.jar:/root/.m2/repository/commons-logging/commons-logging/1.1.3/commons-logging-1.1.3.jar:/root/.m2/repository/org/springframework/spring-aop/4.1.6.RELEASE/spring-aop-4.1.6.RELEASE.jar:/root/.m2/repository/mockobjects/mockobjects-jdk1.3-j2ee1.3/0.09/mockobjects-jdk1.3-j2ee1.3-0.09.jar:/root/.m2/repository/jmock/jmock/1.2.0/jmock-1.2.0.jar:/root/.m2/repository/org/apache/velocity/velocity/1.7/velocity-1.7.jar:/root/.m2/repository/org/easytesting/fest-assert/1.4/fest-assert-1.4.jar:/root/.m2/repository/mockobjects/mockobjects-jdk1.3/0.09/mockobjects-jdk1.3-0.09.jar:/root/.m2/repository/org/testng/testng/5.14.10/testng-5.14.10.jar:/root/.m2/repository/org/hamcrest/hamcrest-core/1.3/hamcrest-core-1.3.jar:/root/.m2/repository/commons-io/commons-io/2.4/commons-io-2.4.jar:/root/.m2/repository/commons-fileupload/commons-fileupload/1.3.2/commons-fileupload-1.3.2.jar:/root/.m2/repository/org/springframework/spring-context/4.1.6.RELEASE/spring-context-4.1.6.RELEASE.jar:/root/.m2/repository/sslext/sslext/1.2-0/sslext-1.2-0.jar:/root/.m2/repository/cglib/cglib-nodep/2.1_3/cglib-nodep-2.1_3.jar:/root/.m2/repository/antlr/antlr/2.7.2/antlr-2.7.2.jar:/root/.m2/repository/org/ow2/asm/asm-commons/5.1/asm-commons-5.1.jar:/root/.m2/repository/org/javassist/javassist/3.20.0-GA/javassist-3.20.0-GA.jar:/root/.m2/repository/org/apache/struts/struts-tiles/1.3.8/struts-tiles-1.3.8.jar:/root/.m2/repository/org/easymock/easymock/3.4/easymock-3.4.jar:/root/.m2/repository/org/apache/logging/log4j/log4j-api/2.7/log4j-api-2.7.jar:/root/.m2/repository/org/mockito/mockito-all/1.9.5/mockito-all-1.9.5.jar:/root/.m2/repository/org/easytesting/fest-util/1.1.6/fest-util-1.1.6.jar:/root/.m2/repository/commons-lang/commons-lang/2.4/commons-lang-2.4.jar:/root/.m2/repository/javax/servlet/jsp-api/2.0/jsp-api-2.0.jar:/root/.m2/repository/org/freemarker/freemarker/2.3.23/freemarker-2.3.23.jar:/root/.m2/repository/junit/junit/4.12/junit-4.12.jar:/root/.m2/repository/org/apache/struts/struts-annotations/1.0.6/struts-annotations-1.0.6.jar:/root/.m2/repository/oro/oro/2.0.8/oro-2.0.8.jar:/root/.m2/repository/org/aspectj/aspectjweaver/1.8.5/aspectjweaver-1.8.5.jar:/root/.m2/repository/org/springframework/spring-test/4.1.6.RELEASE/spring-test-4.1.6.RELEASE.jar
[36355] INFO ConfigurationProperties - p:packageToInstrument= 
[36355] INFO ConfigurationProperties - p:skipfaultlocalization= false
[36355] INFO ConfigurationProperties - p:scope= local
[36355] INFO ConfigurationProperties - p:transformingredient= false
[36355] INFO ConfigurationProperties - p:fitnessfunction= fr.inria.astor.core.solutionsearch.population.TestCaseFitnessFunction
[36355] INFO ConfigurationProperties - p:maxnumvariablesperingredient= 10
[36355] INFO ConfigurationProperties - p:parsesourcefromoriginal= true
[36355] INFO ConfigurationProperties - p:pvariantfoldername= variant-
[36355] INFO ConfigurationProperties - p:savespoonmodelondisk= false
[36355] INFO ConfigurationProperties - p:srcjavafolder= core/src/main/java
[36355] INFO ConfigurationProperties - p:populationcontroller= fr.inria.astor.core.solutionsearch.population.TestCaseBasedFitnessPopulationController
[36355] INFO ConfigurationProperties - p:ignoreflakyinfl= false
[36355] INFO ConfigurationProperties - p:cleantemplates= true
[36355] INFO ConfigurationProperties - p:applyCrossover= false
[36355] INFO ConfigurationProperties - p:maxmodificationpoints= 1000
[36355] INFO ConfigurationProperties - p:duplicateingredientsinspace= false
[36355] INFO ConfigurationProperties - p:metid= 0
[36355] INFO ConfigurationProperties - p:continuewhenmodelfail= true
[36355] INFO ConfigurationProperties - p:saveall= false
[36355] INFO ConfigurationProperties - p:seed= 0
[36355] INFO ConfigurationProperties - p:savecompletepatched= true
[36355] INFO ConfigurationProperties - p:resetoperations= false
[36355] INFO ConfigurationProperties - p:keepcomments= false
[36355] INFO ConfigurationProperties - p:processoutputinfile= false
[36355] INFO ConfigurationProperties - p:location= .
[36355] INFO ConfigurationProperties - p:probabilistictransformation= true
[36355] INFO ConfigurationProperties - p:overridemaxtime= true
[36355] INFO ConfigurationProperties - p:outputjsonresult= true
[36355] INFO ConfigurationProperties - p:allpoints= false
[36356] INFO ConfigurationProperties - p:antipattern= false
[36356] INFO ConfigurationProperties - p:bugId= 280
[36356] INFO ConfigurationProperties - p:evosuitetimeout= 120
[36356] INFO ConfigurationProperties - p:maxtimefactor= 10
[36356] INFO ConfigurationProperties - p:nrPlaceholders= 1
[36356] INFO ConfigurationProperties - p:testallcmd= mvn test -pl core -Dhttps.protocols=TLSv1.2 -Denforcer.skip=true -Dcheckstyle.skip=true -Dcobertura.skip=true -DskipITs=true -Drat.skip=true -Dlicense.skip=true -Dpmd.skip=true -Dfindbugs.skip=true -Dgpg.skip=true -Dskip.npm=true -Dskip.gulp=true -Dskip.bower=true -Danimal.sniffer.skip=true -V -B
[36356] INFO ConfigurationProperties - p:forcesubprocesskilling= false
[36356] INFO ConfigurationProperties - ----------------------------
[36357] INFO AstorCoreEngine - mod_point MP=com.opensymphony.xwork2.validator.validators.URLValidator line: 58, pointed element: CtIfImpl
[36359] INFO AstorCoreEngine - -->op: OP_INSTANCE:
ReplaceIfBooleanOp:(spoon.support.reflect.code.CtIfImpl) `if ((!value.getClass().equals(java.lang.String.class)) || (!java.util.regex.Pattern.compile(getUrlRe[...] ` -topatch--> `if (true) { 	addFieldError(fieldName, object); }` (spoon.support.reflect.code.CtIfImpl) 
[36805] INFO main - Run previously failing tests...
[62233] INFO main - Failed tests: 6
[62235] INFO AstorCoreEngine - mod_point MP=com.opensymphony.xwork2.validator.validators.URLValidator line: 58, pointed element: CtIfImpl
[62236] INFO AstorCoreEngine - -->op: OP_INSTANCE:
ReplaceIfBooleanOp:(spoon.support.reflect.code.CtIfImpl) `if ((!value.getClass().equals(java.lang.String.class)) || (!java.util.regex.Pattern.compile(getUrlRe[...] ` -topatch--> `if (false) { 	addFieldError(fieldName, object); }` (spoon.support.reflect.code.CtIfImpl) 
[62397] INFO main - Run previously failing tests...
[89233] INFO main - Failed tests: 2
[89234] INFO AstorCoreEngine - mod_point MP=com.opensymphony.xwork2.validator.validators.URLValidator line: 58, pointed element: CtIfImpl
[89236] INFO AstorCoreEngine - -->op: OP_INSTANCE:
RemoveOp:(spoon.support.reflect.code.CtIfImpl) `if ((!value.getClass().equals(java.lang.String.class)) || (!java.util.regex.Pattern.compile(getUrlRe[...] ` -topatch--> `-` (null) 
[89316] INFO main - Run previously failing tests...
[116617] INFO main - Failed tests: 2
[116618] INFO AstorCoreEngine - Time Repair Loop (s): 80.262
[116619] INFO AstorCoreEngine - generationsexecuted: 1
[116619] WARN AstorCoreEngine - ----SUMMARY_EXECUTION---
[116619] WARN AstorCoreEngine - End Repair Search: NOT Found solution
[116619] WARN AstorCoreEngine - Number suspicious:1
[116620] INFO AstorCoreEngine - 
 --SOLUTIONS DESCRIPTION--


Astor Output:

General stats:
EXECUTION_IDENTIFIER=apache_struts-VUL4J-30
TOTAL_TIME=80.262
NR_GENERATIONS=null
NR_RIGHT_COMPILATIONS=3
NR_FAILLING_COMPILATIONS=null
NR_ERRONEOUS_VARIANCES=null
NR_FAILING_VALIDATION_PROCESS=null
OUTPUT_STATUS=EXHAUSTIVE_NAVIGATED

Patch stats:

[116632] INFO Stats - Storing ing JSON at /workdir/jKali_vul4j_apache_struts_VUL4J-30/./output_astor/AstorMain-apache_struts-VUL4J-30//astor_output.json
[116632] INFO Stats - astor_output:
{"general":{"NR_RIGHT_COMPILATIONS":3,"NR_ERRONEOUS_VARIANCES":null,"EXECUTION_IDENTIFIER":"apache_struts-VUL4J-30","OUTPUT_STATUS":"EXHAUSTIVE_NAVIGATED","NR_FAILLING_COMPILATIONS":null,"NR_GENERATIONS":null,"TOTAL_TIME":80.262,"NR_FAILING_VALIDATION_PROCESS":null},"patches":[]}
[116632] INFO AstorMain - Time Total(s): 116.627
203.04user 9.15system 1:56.93elapsed 181%CPU (0avgtext+0avgdata 885252maxresident)k
6464inputs+152416outputs (1major+1032016minor)pagefaults 0swaps


Node: 2c8178711f7b



Date: Tue Nov 29 06:39:54 EST 2022

