cd /workdir/jKali_vul4j_spring-projects_spring-security-oauth_VUL4J-75;
export JAVA_TOOL_OPTIONS="-Dfile.encoding=UTF8 -Duser.language=en-US -Duser.country=US -Duser.language=en";
TZ="America/New_York"; export TZ;
export PATH="/usr/lib/jvm/java-8-openjdk-amd64/bin:$PATH";
export JAVA_HOME="/usr/lib/jvm/java-8-openjdk-amd64/bin";
time java -Xmx4g -Xms1g -XX:MaxPermSize=512m -cp /script/../libs/jtestex7.jar:/script/../repair_tools/astor.jar fr.inria.main.evolution.AstorMain \
	-mode jkali \
	-location . \
	-id spring-projects_spring-security-oauth-VUL4J-75 \
	-failing org.springframework.security.oauth2.provider.endpoint.SpelViewTests#nonRecursive:org.springframework.security.oauth2.provider.endpoint.SpelViewTests#recursive \
	-jvm4testexecution /usr/lib/jvm/jdk1.7.0_80/bin \
	-jvm4evosuitetestexecution /usr/lib/jvm/jdk1.7.0_80/bin \
	-maxgen 1000000 \
	-maxtime 120 \
	-stopfirst true \
	-seed 0 \
	-scope local \
	-population 1 \
	-javacompliancelevel 7 \
	-faultlocalization perfect \
    -perfectdata /script/../data/benchmarks/vul4j/perfectfl/VUL4J-75 \
    -validation externalcmd \
    -testfailingcmd "mvn test -pl spring-security-oauth2 -Dtest=org.springframework.security.oauth2.provider.endpoint.SpelViewTests -Dhttps.protocols=TLSv1.2 -Denforcer.skip=true -Dcheckstyle.skip=true -Dcobertura.skip=true -DskipITs=true -Drat.skip=true -Dlicense.skip=true -Dpmd.skip=true -Dfindbugs.skip=true -Dgpg.skip=true -Dskip.npm=true -Dskip.gulp=true -Dskip.bower=true -Danimal.sniffer.skip=true -V -B" \
    -testallcmd "mvn test -pl spring-security-oauth2 -Dhttps.protocols=TLSv1.2 -Denforcer.skip=true -Dcheckstyle.skip=true -Dcobertura.skip=true -DskipITs=true -Drat.skip=true -Dlicense.skip=true -Dpmd.skip=true -Dfindbugs.skip=true -Dgpg.skip=true -Dskip.npm=true -Dskip.gulp=true -Dskip.bower=true -Danimal.sniffer.skip=true -V -B"  \ \
	-srcjavafolder spring-security-oauth2/src/main/java \
	-srctestfolder spring-security-oauth2/src/test/java \
	-binjavafolder spring-security-oauth2/target/classes \
	-bintestfolder spring-security-oauth2/target/test-classes \
	-parameters x:x \
	-dependencies /root/.m2/repository/org/springframework/spring-webmvc/4.0.9.RELEASE/spring-webmvc-4.0.9.RELEASE.jar:/root/.m2/repository/org/springframework/data/spring-data-redis/1.5.0.RELEASE/spring-data-redis-1.5.0.RELEASE.jar:/root/.m2/repository/javax/servlet/javax.servlet-api/3.0.1/javax.servlet-api-3.0.1.jar:/root/.m2/repository/org/springframework/spring-context/4.0.9.RELEASE/spring-context-4.0.9.RELEASE.jar:/root/.m2/repository/org/apache/httpcomponents/httpcore/4.3.2/httpcore-4.3.2.jar:/root/.m2/repository/org/springframework/security/spring-security-core/3.2.8.RELEASE/spring-security-core-3.2.8.RELEASE.jar:/root/.m2/repository/org/powermock/powermock-api-mockito/1.5.4/powermock-api-mockito-1.5.4.jar:/root/.m2/repository/org/hamcrest/hamcrest-core/1.3/hamcrest-core-1.3.jar:/root/.m2/repository/com/fasterxml/jackson/core/jackson-databind/2.3.2/jackson-databind-2.3.2.jar:/root/.m2/repository/org/codehaus/jackson/jackson-core-asl/1.9.13/jackson-core-asl-1.9.13.jar:/root/.m2/repository/org/powermock/powermock-reflect/1.5.4/powermock-reflect-1.5.4.jar:/root/.m2/repository/org/springframework/spring-test/4.0.9.RELEASE/spring-test-4.0.9.RELEASE.jar:/root/.m2/repository/org/powermock/powermock-module-junit4/1.5.4/powermock-module-junit4-1.5.4.jar:/root/.m2/repository/org/springframework/spring-core/4.0.9.RELEASE/spring-core-4.0.9.RELEASE.jar:/root/.m2/repository/org/hsqldb/hsqldb-j5/2.0.0/hsqldb-j5-2.0.0.jar:/root/.m2/repository/org/springframework/spring-aop/4.0.9.RELEASE/spring-aop-4.0.9.RELEASE.jar:/root/.m2/repository/org/springframework/spring-expression/4.0.9.RELEASE/spring-expression-4.0.9.RELEASE.jar:/root/.m2/repository/com/fasterxml/jackson/core/jackson-annotations/2.3.2/jackson-annotations-2.3.2.jar:/root/.m2/repository/redis/clients/jedis/2.6.3/jedis-2.6.3.jar:/root/.m2/repository/aopalliance/aopalliance/1.0/aopalliance-1.0.jar:/root/.m2/repository/org/apache/httpcomponents/httpclient/4.3.3/httpclient-4.3.3.jar:/root/.m2/repository/org/springframework/spring-context-support/4.0.9.RELEASE/spring-context-support-4.0.9.RELEASE.jar:/root/.m2/repository/org/springframework/spring-tx/4.0.9.RELEASE/spring-tx-4.0.9.RELEASE.jar:/root/.m2/repository/org/springframework/spring-web/4.0.9.RELEASE/spring-web-4.0.9.RELEASE.jar:/root/.m2/repository/org/objenesis/objenesis/1.0/objenesis-1.0.jar:/root/.m2/repository/org/springframework/spring-beans/4.0.9.RELEASE/spring-beans-4.0.9.RELEASE.jar:/root/.m2/repository/org/apache/commons/commons-pool2/2.3/commons-pool2-2.3.jar:/root/.m2/repository/org/springframework/security/spring-security-jwt/1.0.2.RELEASE/spring-security-jwt-1.0.2.RELEASE.jar:/root/.m2/repository/org/codehaus/jackson/jackson-mapper-asl/1.9.13/jackson-mapper-asl-1.9.13.jar:/root/.m2/repository/org/mockito/mockito-all/1.9.5/mockito-all-1.9.5.jar:/root/.m2/repository/com/fasterxml/jackson/core/jackson-core/2.3.2/jackson-core-2.3.2.jar:/root/.m2/repository/org/powermock/powermock-module-junit4-common/1.5.4/powermock-module-junit4-common-1.5.4.jar:/root/.m2/repository/org/springframework/security/spring-security-config/3.2.8.RELEASE/spring-security-config-3.2.8.RELEASE.jar:/root/.m2/repository/org/bouncycastle/bcprov-jdk15on/1.47/bcprov-jdk15on-1.47.jar:/root/.m2/repository/com/orange/redis-embedded/embedded-redis/0.6/embedded-redis-0.6.jar:/root/.m2/repository/org/springframework/security/spring-security-web/3.2.8.RELEASE/spring-security-web-3.2.8.RELEASE.jar:/root/.m2/repository/org/springframework/spring-jdbc/4.0.9.RELEASE/spring-jdbc-4.0.9.RELEASE.jar:/root/.m2/repository/commons-codec/commons-codec/1.9/commons-codec-1.9.jar:/root/.m2/repository/org/slf4j/slf4j-api/1.7.6/slf4j-api-1.7.6.jar:/root/.m2/repository/junit/junit/4.11/junit-4.11.jar:/root/.m2/repository/org/mockito/mockito-core/1.9.5/mockito-core-1.9.5.jar:/root/.m2/repository/org/javassist/javassist/3.18.1-GA/javassist-3.18.1-GA.jar:/root/.m2/repository/org/bouncycastle/bcpkix-jdk15on/1.47/bcpkix-jdk15on-1.47.jar:/root/.m2/repository/org/powermock/powermock-core/1.5.4/powermock-core-1.5.4.jar:/root/.m2/repository/org/powermock/powermock-api-support/1.5.4/powermock-api-support-1.5.4.jar:/root/.m2/repository/commons-logging/commons-logging/1.1.3/commons-logging-1.1.3.jar;
	echo "\n\nNode: `hostname`\n";
	echo "\n\nDate: `date`\n";
Picked up JAVA_TOOL_OPTIONS: -Dfile.encoding=UTF8 -Duser.language=en-US -Duser.country=US -Duser.language=en
OpenJDK 64-Bit Server VM warning: ignoring option MaxPermSize=512m; support was removed in 8.0
[0] INFO ProjectConfiguration - Version of the JVM used: 1.7.0_80
[1] INFO main - Java version of the JDK used to run tests: 1.7.0_80
[1] INFO main - The compliance of the JVM is:  7
[21] INFO main - command line arguments: [-mode  jkali  -location  .  -id  spring-projects_spring-security-oauth-VUL4J-75  -failing  org.springframework.security.oauth2.provider.endpoint.SpelViewTests#nonRecursive:org.springframework.security.oauth2.provider.endpoint.SpelViewTests#recursive  -jvm4testexecution  /usr/lib/jvm/jdk1.7.0_80/bin  -jvm4evosuitetestexecution  /usr/lib/jvm/jdk1.7.0_80/bin  -maxgen  1000000  -maxtime  120  -stopfirst  true  -seed  0  -scope  local  -population  1  -javacompliancelevel  7  -faultlocalization  perfect  -perfectdata  /script/../data/benchmarks/vul4j/perfectfl/VUL4J-75  -validation  externalcmd  -testfailingcmd  mvn test -pl spring-security-oauth2 -Dtest=org.springframework.security.oauth2.provider.endpoint.SpelViewTests -Dhttps.protocols=TLSv1.2 -Denforcer.skip=true -Dcheckstyle.skip=true -Dcobertura.skip=true -DskipITs=true -Drat.skip=true -Dlicense.skip=true -Dpmd.skip=true -Dfindbugs.skip=true -Dgpg.skip=true -Dskip.npm=true -Dskip.gulp=true -Dskip.bower=true -Danimal.sniffer.skip=true -V -B  -testallcmd  mvn test -pl spring-security-oauth2 -Dhttps.protocols=TLSv1.2 -Denforcer.skip=true -Dcheckstyle.skip=true -Dcobertura.skip=true -DskipITs=true -Drat.skip=true -Dlicense.skip=true -Dpmd.skip=true -Dfindbugs.skip=true -Dgpg.skip=true -Dskip.npm=true -Dskip.gulp=true -Dskip.bower=true -Danimal.sniffer.skip=true -V -B     -srcjavafolder  spring-security-oauth2/src/main/java  -srctestfolder  spring-security-oauth2/src/test/java  -binjavafolder  spring-security-oauth2/target/classes  -bintestfolder  spring-security-oauth2/target/test-classes  -parameters  x:x  -dependencies  /root/.m2/repository/org/springframework/spring-webmvc/4.0.9.RELEASE/spring-webmvc-4.0.9.RELEASE.jar:/root/.m2/repository/org/springframework/data/spring-data-redis/1.5.0.RELEASE/spring-data-redis-1.5.0.RELEASE.jar:/root/.m2/repository/javax/servlet/javax.servlet-api/3.0.1/javax.servlet-api-3.0.1.jar:/root/.m2/repository/org/springframework/spring-context/4.0.9.RELEASE/spring-context-4.0.9.RELEASE.jar:/root/.m2/repository/org/apache/httpcomponents/httpcore/4.3.2/httpcore-4.3.2.jar:/root/.m2/repository/org/springframework/security/spring-security-core/3.2.8.RELEASE/spring-security-core-3.2.8.RELEASE.jar:/root/.m2/repository/org/powermock/powermock-api-mockito/1.5.4/powermock-api-mockito-1.5.4.jar:/root/.m2/repository/org/hamcrest/hamcrest-core/1.3/hamcrest-core-1.3.jar:/root/.m2/repository/com/fasterxml/jackson/core/jackson-databind/2.3.2/jackson-databind-2.3.2.jar:/root/.m2/repository/org/codehaus/jackson/jackson-core-asl/1.9.13/jackson-core-asl-1.9.13.jar:/root/.m2/repository/org/powermock/powermock-reflect/1.5.4/powermock-reflect-1.5.4.jar:/root/.m2/repository/org/springframework/spring-test/4.0.9.RELEASE/spring-test-4.0.9.RELEASE.jar:/root/.m2/repository/org/powermock/powermock-module-junit4/1.5.4/powermock-module-junit4-1.5.4.jar:/root/.m2/repository/org/springframework/spring-core/4.0.9.RELEASE/spring-core-4.0.9.RELEASE.jar:/root/.m2/repository/org/hsqldb/hsqldb-j5/2.0.0/hsqldb-j5-2.0.0.jar:/root/.m2/repository/org/springframework/spring-aop/4.0.9.RELEASE/spring-aop-4.0.9.RELEASE.jar:/root/.m2/repository/org/springframework/spring-expression/4.0.9.RELEASE/spring-expression-4.0.9.RELEASE.jar:/root/.m2/repository/com/fasterxml/jackson/core/jackson-annotations/2.3.2/jackson-annotations-2.3.2.jar:/root/.m2/repository/redis/clients/jedis/2.6.3/jedis-2.6.3.jar:/root/.m2/repository/aopalliance/aopalliance/1.0/aopalliance-1.0.jar:/root/.m2/repository/org/apache/httpcomponents/httpclient/4.3.3/httpclient-4.3.3.jar:/root/.m2/repository/org/springframework/spring-context-support/4.0.9.RELEASE/spring-context-support-4.0.9.RELEASE.jar:/root/.m2/repository/org/springframework/spring-tx/4.0.9.RELEASE/spring-tx-4.0.9.RELEASE.jar:/root/.m2/repository/org/springframework/spring-web/4.0.9.RELEASE/spring-web-4.0.9.RELEASE.jar:/root/.m2/repository/org/objenesis/objenesis/1.0/objenesis-1.0.jar:/root/.m2/repository/org/springframework/spring-beans/4.0.9.RELEASE/spring-beans-4.0.9.RELEASE.jar:/root/.m2/repository/org/apache/commons/commons-pool2/2.3/commons-pool2-2.3.jar:/root/.m2/repository/org/springframework/security/spring-security-jwt/1.0.2.RELEASE/spring-security-jwt-1.0.2.RELEASE.jar:/root/.m2/repository/org/codehaus/jackson/jackson-mapper-asl/1.9.13/jackson-mapper-asl-1.9.13.jar:/root/.m2/repository/org/mockito/mockito-all/1.9.5/mockito-all-1.9.5.jar:/root/.m2/repository/com/fasterxml/jackson/core/jackson-core/2.3.2/jackson-core-2.3.2.jar:/root/.m2/repository/org/powermock/powermock-module-junit4-common/1.5.4/powermock-module-junit4-common-1.5.4.jar:/root/.m2/repository/org/springframework/security/spring-security-config/3.2.8.RELEASE/spring-security-config-3.2.8.RELEASE.jar:/root/.m2/repository/org/bouncycastle/bcprov-jdk15on/1.47/bcprov-jdk15on-1.47.jar:/root/.m2/repository/com/orange/redis-embedded/embedded-redis/0.6/embedded-redis-0.6.jar:/root/.m2/repository/org/springframework/security/spring-security-web/3.2.8.RELEASE/spring-security-web-3.2.8.RELEASE.jar:/root/.m2/repository/org/springframework/spring-jdbc/4.0.9.RELEASE/spring-jdbc-4.0.9.RELEASE.jar:/root/.m2/repository/commons-codec/commons-codec/1.9/commons-codec-1.9.jar:/root/.m2/repository/org/slf4j/slf4j-api/1.7.6/slf4j-api-1.7.6.jar:/root/.m2/repository/junit/junit/4.11/junit-4.11.jar:/root/.m2/repository/org/mockito/mockito-core/1.9.5/mockito-core-1.9.5.jar:/root/.m2/repository/org/javassist/javassist/3.18.1-GA/javassist-3.18.1-GA.jar:/root/.m2/repository/org/bouncycastle/bcpkix-jdk15on/1.47/bcpkix-jdk15on-1.47.jar:/root/.m2/repository/org/powermock/powermock-core/1.5.4/powermock-core-1.5.4.jar:/root/.m2/repository/org/powermock/powermock-api-support/1.5.4/powermock-api-support-1.5.4.jar:/root/.m2/repository/commons-logging/commons-logging/1.1.3/commons-logging-1.1.3.jar]
[23] INFO AstorMain - Running Astor on a JDK at /usr/lib/jvm/java-8-openjdk-amd64/jre
[30] INFO main - Source folders: [/workdir/jKali_vul4j_spring-projects_spring-security-oauth_VUL4J-75/./spring-security-oauth2/src/main/java]
[30] INFO main - Source Test folders: [/workdir/jKali_vul4j_spring-projects_spring-security-oauth_VUL4J-75/./spring-security-oauth2/src/test/java]
[2156] INFO AstorCoreEngine - ---- Creating spoon model
[2250] INFO MutationSupporter - Creating model,  Code location from working folder: /workdir/jKali_vul4j_spring-projects_spring-security-oauth_VUL4J-75/./spring-security-oauth2/src/main/java
[2250] INFO MutationSupporter - building model: /workdir/jKali_vul4j_spring-projects_spring-security-oauth_VUL4J-75/./spring-security-oauth2/src/main/java, compliance level: 7
[2574] INFO MutationSupporter - Classpath (Dependencies) for building SpoonModel: [/root/.m2/repository/org/springframework/spring-webmvc/4.0.9.RELEASE/spring-webmvc-4.0.9.RELEASE.jar, /root/.m2/repository/org/springframework/data/spring-data-redis/1.5.0.RELEASE/spring-data-redis-1.5.0.RELEASE.jar, /root/.m2/repository/javax/servlet/javax.servlet-api/3.0.1/javax.servlet-api-3.0.1.jar, /root/.m2/repository/org/springframework/spring-context/4.0.9.RELEASE/spring-context-4.0.9.RELEASE.jar, /root/.m2/repository/org/apache/httpcomponents/httpcore/4.3.2/httpcore-4.3.2.jar, /root/.m2/repository/org/springframework/security/spring-security-core/3.2.8.RELEASE/spring-security-core-3.2.8.RELEASE.jar, /root/.m2/repository/org/powermock/powermock-api-mockito/1.5.4/powermock-api-mockito-1.5.4.jar, /root/.m2/repository/org/hamcrest/hamcrest-core/1.3/hamcrest-core-1.3.jar, /root/.m2/repository/com/fasterxml/jackson/core/jackson-databind/2.3.2/jackson-databind-2.3.2.jar, /root/.m2/repository/org/codehaus/jackson/jackson-core-asl/1.9.13/jackson-core-asl-1.9.13.jar, /root/.m2/repository/org/powermock/powermock-reflect/1.5.4/powermock-reflect-1.5.4.jar, /root/.m2/repository/org/springframework/spring-test/4.0.9.RELEASE/spring-test-4.0.9.RELEASE.jar, /root/.m2/repository/org/powermock/powermock-module-junit4/1.5.4/powermock-module-junit4-1.5.4.jar, /root/.m2/repository/org/springframework/spring-core/4.0.9.RELEASE/spring-core-4.0.9.RELEASE.jar, /root/.m2/repository/org/hsqldb/hsqldb-j5/2.0.0/hsqldb-j5-2.0.0.jar, /root/.m2/repository/org/springframework/spring-aop/4.0.9.RELEASE/spring-aop-4.0.9.RELEASE.jar, /root/.m2/repository/org/springframework/spring-expression/4.0.9.RELEASE/spring-expression-4.0.9.RELEASE.jar, /root/.m2/repository/com/fasterxml/jackson/core/jackson-annotations/2.3.2/jackson-annotations-2.3.2.jar, /root/.m2/repository/redis/clients/jedis/2.6.3/jedis-2.6.3.jar, /root/.m2/repository/aopalliance/aopalliance/1.0/aopalliance-1.0.jar, /root/.m2/repository/org/apache/httpcomponents/httpclient/4.3.3/httpclient-4.3.3.jar, /root/.m2/repository/org/springframework/spring-context-support/4.0.9.RELEASE/spring-context-support-4.0.9.RELEASE.jar, /root/.m2/repository/org/springframework/spring-tx/4.0.9.RELEASE/spring-tx-4.0.9.RELEASE.jar, /root/.m2/repository/org/springframework/spring-web/4.0.9.RELEASE/spring-web-4.0.9.RELEASE.jar, /root/.m2/repository/org/objenesis/objenesis/1.0/objenesis-1.0.jar, /root/.m2/repository/org/springframework/spring-beans/4.0.9.RELEASE/spring-beans-4.0.9.RELEASE.jar, /root/.m2/repository/org/apache/commons/commons-pool2/2.3/commons-pool2-2.3.jar, /root/.m2/repository/org/springframework/security/spring-security-jwt/1.0.2.RELEASE/spring-security-jwt-1.0.2.RELEASE.jar, /root/.m2/repository/org/codehaus/jackson/jackson-mapper-asl/1.9.13/jackson-mapper-asl-1.9.13.jar, /root/.m2/repository/org/mockito/mockito-all/1.9.5/mockito-all-1.9.5.jar, /root/.m2/repository/com/fasterxml/jackson/core/jackson-core/2.3.2/jackson-core-2.3.2.jar, /root/.m2/repository/org/powermock/powermock-module-junit4-common/1.5.4/powermock-module-junit4-common-1.5.4.jar, /root/.m2/repository/org/springframework/security/spring-security-config/3.2.8.RELEASE/spring-security-config-3.2.8.RELEASE.jar, /root/.m2/repository/org/bouncycastle/bcprov-jdk15on/1.47/bcprov-jdk15on-1.47.jar, /root/.m2/repository/com/orange/redis-embedded/embedded-redis/0.6/embedded-redis-0.6.jar, /root/.m2/repository/org/springframework/security/spring-security-web/3.2.8.RELEASE/spring-security-web-3.2.8.RELEASE.jar, /root/.m2/repository/org/springframework/spring-jdbc/4.0.9.RELEASE/spring-jdbc-4.0.9.RELEASE.jar, /root/.m2/repository/commons-codec/commons-codec/1.9/commons-codec-1.9.jar, /root/.m2/repository/org/slf4j/slf4j-api/1.7.6/slf4j-api-1.7.6.jar, /root/.m2/repository/junit/junit/4.11/junit-4.11.jar, /root/.m2/repository/org/mockito/mockito-core/1.9.5/mockito-core-1.9.5.jar, /root/.m2/repository/org/javassist/javassist/3.18.1-GA/javassist-3.18.1-GA.jar, /root/.m2/repository/org/bouncycastle/bcpkix-jdk15on/1.47/bcpkix-jdk15on-1.47.jar, /root/.m2/repository/org/powermock/powermock-core/1.5.4/powermock-core-1.5.4.jar, /root/.m2/repository/org/powermock/powermock-api-support/1.5.4/powermock-api-support-1.5.4.jar, /root/.m2/repository/commons-logging/commons-logging/1.1.3/commons-logging-1.1.3.jar]
[24969] INFO AstorCoreEngine - Number of CtTypes created: 234
[25115] INFO AstorCoreEngine - Test retrieved from classes: 0
[25267] INFO AstorCoreEngine - Setting up the max to 1520 milliseconds (1 sec)
[25267] INFO AstorCoreEngine - ---- Initial suspicious size: 2
[25743] INFO main - Total suspicious from FL: 2,  2
[25746] INFO main - Total ModPoint created: 2
[25746] INFO main - Creating program variant #1, [Variant id: 1, #gens: 2, #ops: 0, parent:-]
[25747] INFO main - Run previously failing tests...
[51489] INFO main - Failed tests: 2
[51493] INFO AstorCoreEngine - The original fitness is : 2.0
[51493] WARN ConfigurationProperties - ----------------------------
[51493] INFO ConfigurationProperties - ---Configuration properties
[51494] INFO ConfigurationProperties - p:lastJUnitVersion= ./examples/libs/junit-4.11.jar
[51494] INFO ConfigurationProperties - p:alternativecompliancelevel= 8
[51494] INFO ConfigurationProperties - p:ignoredTestCases= 
[51494] INFO ConfigurationProperties - p:workingDirectory= /workdir/jKali_vul4j_spring-projects_spring-security-oauth_VUL4J-75/./output_astor
[51494] INFO ConfigurationProperties - p:manipulatesuper= false
[51494] INFO ConfigurationProperties - p:validation= externalcmd
[51494] INFO ConfigurationProperties - p:jvm4testexecution= /usr/lib/jvm/jdk1.7.0_80/bin
[51494] INFO ConfigurationProperties - p:operatorspace= suppression
[51495] INFO ConfigurationProperties - p:diffcontext= 0
[51495] INFO ConfigurationProperties - p:binjavafolder= spring-security-oauth2/target/classes
[51495] INFO ConfigurationProperties - p:synthesis_depth= 3
[51495] INFO ConfigurationProperties - p:gzoltartestpackagetoexclude= junit.framework
[51495] INFO ConfigurationProperties - p:skipfitnessinitialpopulation= false
[51495] INFO ConfigurationProperties - p:evosuiteresultfolder= evosuite
[51495] INFO ConfigurationProperties - p:flthreshold= 0.1
[51495] INFO ConfigurationProperties - p:regressionforfaultlocalization= true
[51495] INFO ConfigurationProperties - p:collectonlyusedmethod= false
[51495] INFO ConfigurationProperties - p:preservelinenumbers= true
[51495] INFO ConfigurationProperties - p:tmax2= 1520
[51495] INFO ConfigurationProperties - p:tmax1= 10000
[51495] INFO ConfigurationProperties - p:probagenmutation= false
[51499] INFO ConfigurationProperties - p:nomodificationconvergence= 100
[51499] INFO ConfigurationProperties - p:diff_type= relative
[51500] INFO ConfigurationProperties - p:targetelementprocessor= statements
[51500] INFO ConfigurationProperties - p:srctestfolder= spring-security-oauth2/src/test/java
[51500] INFO ConfigurationProperties - p:forceExecuteRegression= false
[51500] INFO ConfigurationProperties - p:clusteringfilename= clustering.csv
[51500] INFO ConfigurationProperties - p:failing= org.springframework.security.oauth2.provider.endpoint.SpelViewTests#nonRecursive:org.springframework.security.oauth2.provider.endpoint.SpelViewTests#recursive
[51500] INFO ConfigurationProperties - p:logtestexecution= false
[51502] INFO ConfigurationProperties - p:evo_buggy_class= true
[51502] INFO ConfigurationProperties - p:numberExecutions= 1
[51502] INFO ConfigurationProperties - p:maxnumbersolutions= 1000000
[51503] INFO ConfigurationProperties - p:evo_affected_by_op= true
[51503] INFO ConfigurationProperties - p:population= 1
[51503] INFO ConfigurationProperties - p:considerzerovaluesusp= false
[51503] INFO ConfigurationProperties - p:maxCombinationVariableLimit= false
[51503] INFO ConfigurationProperties - p:savesolution= true
[51504] INFO ConfigurationProperties - p:javacompliancelevel= 7
[51504] INFO ConfigurationProperties - p:x= x
[51505] INFO ConfigurationProperties - p:uniqueoptogen= false
[51505] INFO ConfigurationProperties - p:gzoltarpackagetonotinstrument= junit.framework
[51508] INFO ConfigurationProperties - p:projectIdentifier= spring-projects_spring-security-oauth-VUL4J-75
[51508] INFO ConfigurationProperties - p:modificationpointnavigation= weight
[51509] INFO ConfigurationProperties - p:stopfirst= true
[51509] INFO ConfigurationProperties - p:multipointmodification= false
[51509] INFO ConfigurationProperties - p:elementsToMutate= 10
[51509] INFO ConfigurationProperties - p:jsonoutputname= astor_output
[51509] INFO ConfigurationProperties - p:evoDSE= false
[51509] INFO ConfigurationProperties - p:bintestfolder= spring-security-oauth2/target/test-classes
[51509] INFO ConfigurationProperties - p:testbystep= false
[51509] INFO ConfigurationProperties - p:version-location= ./math-version/
[51509] INFO ConfigurationProperties - p:reintroduce= PARENTS:ORIGINAL
[51509] INFO ConfigurationProperties - p:perfectdata= /script/../data/benchmarks/vul4j/perfectfl/VUL4J-75
[51509] INFO ConfigurationProperties - p:executorjar= ./lib/jtestex7.jar
[51509] INFO ConfigurationProperties - p:maxGeneration= 1000000
[51509] INFO ConfigurationProperties - p:max_synthesis_step= 10000
[51509] INFO ConfigurationProperties - p:projectinfocommand= com.github.tdurieux:project-config-maven-plugin:info
[51515] INFO ConfigurationProperties - p:maxVarCombination= 1000
[51515] INFO ConfigurationProperties - p:maxtime= 120
[51516] INFO ConfigurationProperties - p:evosuitejar= ./lib/evosuite-master-1.0.4-SNAPSHOT.jar
[51516] INFO ConfigurationProperties - p:jvmversion= 1.7.0_80
[51516] INFO ConfigurationProperties - p:commandTrunk= 50000
[51516] INFO ConfigurationProperties - p:faultlocalization= perfect
[51516] INFO ConfigurationProperties - p:resetmodel= true
[51519] INFO ConfigurationProperties - p:maxsuspcandidates= 1000
[51522] INFO ConfigurationProperties - p:mode= jkali
[51522] INFO ConfigurationProperties - p:learningdir= 
[51522] INFO ConfigurationProperties - p:jvm4evosuitetestexecution= /usr/lib/jvm/jdk1.7.0_80/bin
[51522] INFO ConfigurationProperties - p:filterfaultlocalization= true
[51522] INFO ConfigurationProperties - p:mutationrate= 1 
[51522] INFO ConfigurationProperties - p:pathToMVNRepository= 
[51522] INFO ConfigurationProperties - p:resourcesfolder= /src/main/resources:/src/test/resources:
[51522] INFO ConfigurationProperties - p:timezone= America/Los_Angeles
[51522] INFO ConfigurationProperties - p:runjava7code= false
[51522] INFO ConfigurationProperties - p:testfailingcmd= mvn test -pl spring-security-oauth2 -Dtest=org.springframework.security.oauth2.provider.endpoint.SpelViewTests -Dhttps.protocols=TLSv1.2 -Denforcer.skip=true -Dcheckstyle.skip=true -Dcobertura.skip=true -DskipITs=true -Drat.skip=true -Dlicense.skip=true -Dpmd.skip=true -Dfindbugs.skip=true -Dgpg.skip=true -Dskip.npm=true -Dskip.gulp=true -Dskip.bower=true -Danimal.sniffer.skip=true -V -B
[51522] INFO ConfigurationProperties - p:evoRunOnBuggyClass= true
[51522] INFO ConfigurationProperties - p:compiler= fr.inria.astor.core.manipulation.bytecode.compiler.SpoonClassCompiler
[51522] INFO ConfigurationProperties - p:limitbysuspicious= true
[51522] INFO ConfigurationProperties - p:logsattemps= true
[51522] INFO ConfigurationProperties - p:dependenciespath= /root/.m2/repository/org/springframework/spring-webmvc/4.0.9.RELEASE/spring-webmvc-4.0.9.RELEASE.jar:/root/.m2/repository/org/springframework/data/spring-data-redis/1.5.0.RELEASE/spring-data-redis-1.5.0.RELEASE.jar:/root/.m2/repository/javax/servlet/javax.servlet-api/3.0.1/javax.servlet-api-3.0.1.jar:/root/.m2/repository/org/springframework/spring-context/4.0.9.RELEASE/spring-context-4.0.9.RELEASE.jar:/root/.m2/repository/org/apache/httpcomponents/httpcore/4.3.2/httpcore-4.3.2.jar:/root/.m2/repository/org/springframework/security/spring-security-core/3.2.8.RELEASE/spring-security-core-3.2.8.RELEASE.jar:/root/.m2/repository/org/powermock/powermock-api-mockito/1.5.4/powermock-api-mockito-1.5.4.jar:/root/.m2/repository/org/hamcrest/hamcrest-core/1.3/hamcrest-core-1.3.jar:/root/.m2/repository/com/fasterxml/jackson/core/jackson-databind/2.3.2/jackson-databind-2.3.2.jar:/root/.m2/repository/org/codehaus/jackson/jackson-core-asl/1.9.13/jackson-core-asl-1.9.13.jar:/root/.m2/repository/org/powermock/powermock-reflect/1.5.4/powermock-reflect-1.5.4.jar:/root/.m2/repository/org/springframework/spring-test/4.0.9.RELEASE/spring-test-4.0.9.RELEASE.jar:/root/.m2/repository/org/powermock/powermock-module-junit4/1.5.4/powermock-module-junit4-1.5.4.jar:/root/.m2/repository/org/springframework/spring-core/4.0.9.RELEASE/spring-core-4.0.9.RELEASE.jar:/root/.m2/repository/org/hsqldb/hsqldb-j5/2.0.0/hsqldb-j5-2.0.0.jar:/root/.m2/repository/org/springframework/spring-aop/4.0.9.RELEASE/spring-aop-4.0.9.RELEASE.jar:/root/.m2/repository/org/springframework/spring-expression/4.0.9.RELEASE/spring-expression-4.0.9.RELEASE.jar:/root/.m2/repository/com/fasterxml/jackson/core/jackson-annotations/2.3.2/jackson-annotations-2.3.2.jar:/root/.m2/repository/redis/clients/jedis/2.6.3/jedis-2.6.3.jar:/root/.m2/repository/aopalliance/aopalliance/1.0/aopalliance-1.0.jar:/root/.m2/repository/org/apache/httpcomponents/httpclient/4.3.3/httpclient-4.3.3.jar:/root/.m2/repository/org/springframework/spring-context-support/4.0.9.RELEASE/spring-context-support-4.0.9.RELEASE.jar:/root/.m2/repository/org/springframework/spring-tx/4.0.9.RELEASE/spring-tx-4.0.9.RELEASE.jar:/root/.m2/repository/org/springframework/spring-web/4.0.9.RELEASE/spring-web-4.0.9.RELEASE.jar:/root/.m2/repository/org/objenesis/objenesis/1.0/objenesis-1.0.jar:/root/.m2/repository/org/springframework/spring-beans/4.0.9.RELEASE/spring-beans-4.0.9.RELEASE.jar:/root/.m2/repository/org/apache/commons/commons-pool2/2.3/commons-pool2-2.3.jar:/root/.m2/repository/org/springframework/security/spring-security-jwt/1.0.2.RELEASE/spring-security-jwt-1.0.2.RELEASE.jar:/root/.m2/repository/org/codehaus/jackson/jackson-mapper-asl/1.9.13/jackson-mapper-asl-1.9.13.jar:/root/.m2/repository/org/mockito/mockito-all/1.9.5/mockito-all-1.9.5.jar:/root/.m2/repository/com/fasterxml/jackson/core/jackson-core/2.3.2/jackson-core-2.3.2.jar:/root/.m2/repository/org/powermock/powermock-module-junit4-common/1.5.4/powermock-module-junit4-common-1.5.4.jar:/root/.m2/repository/org/springframework/security/spring-security-config/3.2.8.RELEASE/spring-security-config-3.2.8.RELEASE.jar:/root/.m2/repository/org/bouncycastle/bcprov-jdk15on/1.47/bcprov-jdk15on-1.47.jar:/root/.m2/repository/com/orange/redis-embedded/embedded-redis/0.6/embedded-redis-0.6.jar:/root/.m2/repository/org/springframework/security/spring-security-web/3.2.8.RELEASE/spring-security-web-3.2.8.RELEASE.jar:/root/.m2/repository/org/springframework/spring-jdbc/4.0.9.RELEASE/spring-jdbc-4.0.9.RELEASE.jar:/root/.m2/repository/commons-codec/commons-codec/1.9/commons-codec-1.9.jar:/root/.m2/repository/org/slf4j/slf4j-api/1.7.6/slf4j-api-1.7.6.jar:/root/.m2/repository/junit/junit/4.11/junit-4.11.jar:/root/.m2/repository/org/mockito/mockito-core/1.9.5/mockito-core-1.9.5.jar:/root/.m2/repository/org/javassist/javassist/3.18.1-GA/javassist-3.18.1-GA.jar:/root/.m2/repository/org/bouncycastle/bcpkix-jdk15on/1.47/bcpkix-jdk15on-1.47.jar:/root/.m2/repository/org/powermock/powermock-core/1.5.4/powermock-core-1.5.4.jar:/root/.m2/repository/org/powermock/powermock-api-support/1.5.4/powermock-api-support-1.5.4.jar:/root/.m2/repository/commons-logging/commons-logging/1.1.3/commons-logging-1.1.3.jar
[51522] INFO ConfigurationProperties - p:packageToInstrument= 
[51522] INFO ConfigurationProperties - p:skipfaultlocalization= false
[51522] INFO ConfigurationProperties - p:scope= local
[51523] INFO ConfigurationProperties - p:transformingredient= false
[51523] INFO ConfigurationProperties - p:fitnessfunction= fr.inria.astor.core.solutionsearch.population.TestCaseFitnessFunction
[51523] INFO ConfigurationProperties - p:maxnumvariablesperingredient= 10
[51523] INFO ConfigurationProperties - p:parsesourcefromoriginal= true
[51523] INFO ConfigurationProperties - p:pvariantfoldername= variant-
[51523] INFO ConfigurationProperties - p:savespoonmodelondisk= false
[51523] INFO ConfigurationProperties - p:srcjavafolder= spring-security-oauth2/src/main/java
[51523] INFO ConfigurationProperties - p:populationcontroller= fr.inria.astor.core.solutionsearch.population.TestCaseBasedFitnessPopulationController
[51523] INFO ConfigurationProperties - p:ignoreflakyinfl= false
[51523] INFO ConfigurationProperties - p:cleantemplates= true
[51523] INFO ConfigurationProperties - p:applyCrossover= false
[51523] INFO ConfigurationProperties - p:maxmodificationpoints= 1000
[51523] INFO ConfigurationProperties - p:duplicateingredientsinspace= false
[51523] INFO ConfigurationProperties - p:metid= 0
[51526] INFO ConfigurationProperties - p:continuewhenmodelfail= true
[51528] INFO ConfigurationProperties - p:saveall= false
[51529] INFO ConfigurationProperties - p:seed= 0
[51529] INFO ConfigurationProperties - p:savecompletepatched= true
[51529] INFO ConfigurationProperties - p:resetoperations= false
[51529] INFO ConfigurationProperties - p:keepcomments= false
[51529] INFO ConfigurationProperties - p:processoutputinfile= false
[51529] INFO ConfigurationProperties - p:location= .
[51536] INFO ConfigurationProperties - p:probabilistictransformation= true
[51536] INFO ConfigurationProperties - p:overridemaxtime= true
[51536] INFO ConfigurationProperties - p:outputjsonresult= true
[51536] INFO ConfigurationProperties - p:allpoints= false
[51536] INFO ConfigurationProperties - p:antipattern= false
[51536] INFO ConfigurationProperties - p:bugId= 280
[51536] INFO ConfigurationProperties - p:evosuitetimeout= 120
[51536] INFO ConfigurationProperties - p:maxtimefactor= 10
[51536] INFO ConfigurationProperties - p:nrPlaceholders= 1
[51536] INFO ConfigurationProperties - p:testallcmd= mvn test -pl spring-security-oauth2 -Dhttps.protocols=TLSv1.2 -Denforcer.skip=true -Dcheckstyle.skip=true -Dcobertura.skip=true -DskipITs=true -Drat.skip=true -Dlicense.skip=true -Dpmd.skip=true -Dfindbugs.skip=true -Dgpg.skip=true -Dskip.npm=true -Dskip.gulp=true -Dskip.bower=true -Danimal.sniffer.skip=true -V -B
[51536] INFO ConfigurationProperties - p:forcesubprocesskilling= false
[51536] INFO ConfigurationProperties - ----------------------------
[51539] INFO AstorCoreEngine - mod_point MP=org.springframework.security.oauth2.provider.endpoint.SpelView line: 50, pointed element: CtAssignmentImpl
[51559] INFO AstorCoreEngine - -->op: OP_INSTANCE:
RemoveOp:(spoon.support.reflect.code.CtAssignmentImpl) `this.helper = new org.springframework.util.PropertyPlaceholderHelper("${", "}") ` -topatch--> `-` (null) 
[56256] INFO main - Run previously failing tests...
[79341] INFO main - Failed tests: 3
[79359] INFO AstorCoreEngine - Time Repair Loop (s): 27.823
[79360] INFO AstorCoreEngine - generationsexecuted: 1
[79360] WARN AstorCoreEngine - ----SUMMARY_EXECUTION---
[79360] WARN AstorCoreEngine - End Repair Search: NOT Found solution
[79360] WARN AstorCoreEngine - Number suspicious:1
[79364] INFO AstorCoreEngine - 
 --SOLUTIONS DESCRIPTION--


Astor Output:

General stats:
EXECUTION_IDENTIFIER=spring-projects_spring-security-oauth-VUL4J-75
TOTAL_TIME=27.823
NR_GENERATIONS=null
NR_RIGHT_COMPILATIONS=1
NR_FAILLING_COMPILATIONS=null
NR_ERRONEOUS_VARIANCES=null
NR_FAILING_VALIDATION_PROCESS=null
OUTPUT_STATUS=EXHAUSTIVE_NAVIGATED

Patch stats:

[79383] INFO Stats - Storing ing JSON at /workdir/jKali_vul4j_spring-projects_spring-security-oauth_VUL4J-75/./output_astor/AstorMain-spring-projects_spring-security-oauth-VUL4J-75//astor_output.json
[79400] INFO Stats - astor_output:
{"general":{"NR_RIGHT_COMPILATIONS":1,"NR_ERRONEOUS_VARIANCES":null,"EXECUTION_IDENTIFIER":"spring-projects_spring-security-oauth-VUL4J-75","OUTPUT_STATUS":"EXHAUSTIVE_NAVIGATED","NR_FAILLING_COMPILATIONS":null,"NR_GENERATIONS":null,"TOTAL_TIME":27.823,"NR_FAILING_VALIDATION_PROCESS":null},"patches":[]}
[79404] INFO AstorMain - Time Total(s): 79.379
65.12user 10.63system 1:21.31elapsed 93%CPU (0avgtext+0avgdata 588676maxresident)k
256inputs+9296outputs (0major+368025minor)pagefaults 0swaps


Node: 9670332cfea8



Date: Thu Sep  8 22:59:56 EDT 2022

