cd /workdir/jMutRepair_vul4j_apache_commons-fileupload_VUL4J-11;
export JAVA_TOOL_OPTIONS="-Dfile.encoding=UTF8 -Duser.language=en-US -Duser.country=US -Duser.language=en";
TZ="America/New_York"; export TZ;
export PATH="/usr/lib/jvm/java-8-openjdk-amd64/bin:$PATH";
export JAVA_HOME="/usr/lib/jvm/java-8-openjdk-amd64/bin";
time java -Xmx4g -Xms1g -XX:MaxPermSize=512m -cp /script/../libs/jtestex7.jar:/script/../repair_tools/astor.jar fr.inria.main.evolution.AstorMain \
	-mode jMutRepair \
	-location . \
	-id apache_commons-fileupload-VUL4J-11 \
	-failing org.apache.commons.fileupload.MultipartStreamTest#testSmallBuffer \
	-jvm4testexecution /usr/lib/jvm/java-8-openjdk-amd64/bin \
	-jvm4evosuitetestexecution /usr/lib/jvm/java-8-openjdk-amd64/bin \
	-maxgen 1000000 \
	-maxtime 120 \
	-stopfirst true \
	-seed 0 \
	-scope local \
	-population 1 \
	-javacompliancelevel 8 \
	-faultlocalization perfect \
    -perfectdata /script/../data/benchmarks/vul4j/perfectfl/VUL4J-11 \
    -validation externalcmd \
    -testfailingcmd "mvn test -Dtest=org.apache.commons.fileupload.MultipartStreamTest#testSmallBuffer -Dhttps.protocols=TLSv1.2 -Denforcer.skip=true -Dcheckstyle.skip=true -Dcobertura.skip=true -DskipITs=true -Drat.skip=true -Dlicense.skip=true -Dpmd.skip=true -Dfindbugs.skip=true -Dgpg.skip=true -Dskip.npm=true -Dskip.gulp=true -Dskip.bower=true -Danimal.sniffer.skip=true -V -B" \
    -testallcmd "mvn test -Dhttps.protocols=TLSv1.2 -Denforcer.skip=true -Dcheckstyle.skip=true -Dcobertura.skip=true -DskipITs=true -Drat.skip=true -Dlicense.skip=true -Dpmd.skip=true -Dfindbugs.skip=true -Dgpg.skip=true -Dskip.npm=true -Dskip.gulp=true -Dskip.bower=true -Danimal.sniffer.skip=true -V -B"  \ \
	-srcjavafolder src/main/java \
	-srctestfolder src/test/java \
	-binjavafolder target/classes \
	-bintestfolder target/test-classes \
	-parameters x:x \
	-dependencies /root/.m2/repository/javax/servlet/servlet-api/2.4/servlet-api-2.4.jar:/root/.m2/repository/commons-io/commons-io/2.2/commons-io-2.2.jar:/root/.m2/repository/portlet-api/portlet-api/1.0/portlet-api-1.0.jar:/root/.m2/repository/junit/junit/4.11/junit-4.11.jar:/root/.m2/repository/org/hamcrest/hamcrest-core/1.3/hamcrest-core-1.3.jar;
	echo "\n\nNode: `hostname`\n";
	echo "\n\nDate: `date`\n";
Picked up JAVA_TOOL_OPTIONS: -Dfile.encoding=UTF8 -Duser.language=en-US -Duser.country=US -Duser.language=en
OpenJDK 64-Bit Server VM warning: ignoring option MaxPermSize=512m; support was removed in 8.0
[0] INFO ProjectConfiguration - Version of the JVM used: 1.8.0_342
[2] INFO main - Java version of the JDK used to run tests: 1.8.0_342
[2] INFO main - The compliance of the JVM is:  8
[22] INFO main - command line arguments: [-mode  jMutRepair  -location  .  -id  apache_commons-fileupload-VUL4J-11  -failing  org.apache.commons.fileupload.MultipartStreamTest#testSmallBuffer  -jvm4testexecution  /usr/lib/jvm/java-8-openjdk-amd64/bin  -jvm4evosuitetestexecution  /usr/lib/jvm/java-8-openjdk-amd64/bin  -maxgen  1000000  -maxtime  120  -stopfirst  true  -seed  0  -scope  local  -population  1  -javacompliancelevel  8  -faultlocalization  perfect  -perfectdata  /script/../data/benchmarks/vul4j/perfectfl/VUL4J-11  -validation  externalcmd  -testfailingcmd  mvn test -Dtest=org.apache.commons.fileupload.MultipartStreamTest#testSmallBuffer -Dhttps.protocols=TLSv1.2 -Denforcer.skip=true -Dcheckstyle.skip=true -Dcobertura.skip=true -DskipITs=true -Drat.skip=true -Dlicense.skip=true -Dpmd.skip=true -Dfindbugs.skip=true -Dgpg.skip=true -Dskip.npm=true -Dskip.gulp=true -Dskip.bower=true -Danimal.sniffer.skip=true -V -B  -testallcmd  mvn test -Dhttps.protocols=TLSv1.2 -Denforcer.skip=true -Dcheckstyle.skip=true -Dcobertura.skip=true -DskipITs=true -Drat.skip=true -Dlicense.skip=true -Dpmd.skip=true -Dfindbugs.skip=true -Dgpg.skip=true -Dskip.npm=true -Dskip.gulp=true -Dskip.bower=true -Danimal.sniffer.skip=true -V -B     -srcjavafolder  src/main/java  -srctestfolder  src/test/java  -binjavafolder  target/classes  -bintestfolder  target/test-classes  -parameters  x:x  -dependencies  /root/.m2/repository/javax/servlet/servlet-api/2.4/servlet-api-2.4.jar:/root/.m2/repository/commons-io/commons-io/2.2/commons-io-2.2.jar:/root/.m2/repository/portlet-api/portlet-api/1.0/portlet-api-1.0.jar:/root/.m2/repository/junit/junit/4.11/junit-4.11.jar:/root/.m2/repository/org/hamcrest/hamcrest-core/1.3/hamcrest-core-1.3.jar]
[28] INFO AstorMain - Running Astor on a JDK at /usr/lib/jvm/java-8-openjdk-amd64/jre
[70] INFO main - Source folders: [/workdir/jMutRepair_vul4j_apache_commons-fileupload_VUL4J-11/./src/main/java]
[71] INFO main - Source Test folders: [/workdir/jMutRepair_vul4j_apache_commons-fileupload_VUL4J-11/./src/test/java]
[1990] INFO AstorCoreEngine - ---- Creating spoon model
[2076] INFO MutationSupporter - Creating model,  Code location from working folder: /workdir/jMutRepair_vul4j_apache_commons-fileupload_VUL4J-11/./src/main/java
[2076] INFO MutationSupporter - building model: /workdir/jMutRepair_vul4j_apache_commons-fileupload_VUL4J-11/./src/main/java, compliance level: 8
[2145] INFO MutationSupporter - Classpath (Dependencies) for building SpoonModel: [/root/.m2/repository/javax/servlet/servlet-api/2.4/servlet-api-2.4.jar, /root/.m2/repository/commons-io/commons-io/2.2/commons-io-2.2.jar, /root/.m2/repository/portlet-api/portlet-api/1.0/portlet-api-1.0.jar, /root/.m2/repository/junit/junit/4.11/junit-4.11.jar, /root/.m2/repository/org/hamcrest/hamcrest-core/1.3/hamcrest-core-1.3.jar]
[10135] INFO AstorCoreEngine - Number of CtTypes created: 33
[10230] INFO AstorCoreEngine - Test retrieved from classes: 0
[10366] INFO AstorCoreEngine - Setting up the max to 1360 milliseconds (1 sec)
[10366] INFO AstorCoreEngine - ---- Initial suspicious size: 3
[11585] INFO main - Total suspicious from FL: 3,  0
[11586] INFO main - Total ModPoint created: 0
[11586] INFO main - Creating program variant #1, [Variant id: 1, #gens: 0, #ops: 0, parent:-]
[11586] ERROR AstorCoreEngine - [warning] Any modification point in variant
[11586] ERROR AstorCoreEngine - Variant with any gen
[11586] WARN ConfigurationProperties - ----------------------------
[11587] INFO ConfigurationProperties - ---Configuration properties
[11588] INFO ConfigurationProperties - p:lastJUnitVersion= ./examples/libs/junit-4.11.jar
[11588] INFO ConfigurationProperties - p:alternativecompliancelevel= 8
[11588] INFO ConfigurationProperties - p:ignoredTestCases= 
[11588] INFO ConfigurationProperties - p:workingDirectory= /workdir/jMutRepair_vul4j_apache_commons-fileupload_VUL4J-11/./output_astor
[11588] INFO ConfigurationProperties - p:manipulatesuper= false
[11588] INFO ConfigurationProperties - p:validation= externalcmd
[11588] INFO ConfigurationProperties - p:jvm4testexecution= /usr/lib/jvm/java-8-openjdk-amd64/bin
[11588] INFO ConfigurationProperties - p:operatorspace= mutationspace
[11588] INFO ConfigurationProperties - p:diffcontext= 0
[11588] INFO ConfigurationProperties - p:binjavafolder= target/classes
[11588] INFO ConfigurationProperties - p:synthesis_depth= 3
[11588] INFO ConfigurationProperties - p:gzoltartestpackagetoexclude= junit.framework
[11588] INFO ConfigurationProperties - p:skipfitnessinitialpopulation= false
[11589] INFO ConfigurationProperties - p:evosuiteresultfolder= evosuite
[11589] INFO ConfigurationProperties - p:flthreshold= 0.1
[11589] INFO ConfigurationProperties - p:regressionforfaultlocalization= true
[11589] INFO ConfigurationProperties - p:collectonlyusedmethod= false
[11589] INFO ConfigurationProperties - p:preservelinenumbers= true
[11589] INFO ConfigurationProperties - p:tmax2= 1360
[11589] INFO ConfigurationProperties - p:tmax1= 10000
[11589] INFO ConfigurationProperties - p:probagenmutation= false
[11589] INFO ConfigurationProperties - p:nomodificationconvergence= 100
[11589] INFO ConfigurationProperties - p:diff_type= relative
[11589] INFO ConfigurationProperties - p:targetelementprocessor= if-conditions:return-op-mutation
[11589] INFO ConfigurationProperties - p:srctestfolder= src/test/java
[11589] INFO ConfigurationProperties - p:forceExecuteRegression= false
[11590] INFO ConfigurationProperties - p:clusteringfilename= clustering.csv
[11590] INFO ConfigurationProperties - p:failing= org.apache.commons.fileupload.MultipartStreamTest#testSmallBuffer
[11590] INFO ConfigurationProperties - p:logtestexecution= false
[11590] INFO ConfigurationProperties - p:evo_buggy_class= true
[11590] INFO ConfigurationProperties - p:numberExecutions= 1
[11590] INFO ConfigurationProperties - p:maxnumbersolutions= 1000000
[11590] INFO ConfigurationProperties - p:evo_affected_by_op= true
[11590] INFO ConfigurationProperties - p:population= 1
[11590] INFO ConfigurationProperties - p:considerzerovaluesusp= false
[11590] INFO ConfigurationProperties - p:maxCombinationVariableLimit= false
[11591] INFO ConfigurationProperties - p:savesolution= true
[11591] INFO ConfigurationProperties - p:javacompliancelevel= 8
[11591] INFO ConfigurationProperties - p:x= x
[11591] INFO ConfigurationProperties - p:uniqueoptogen= false
[11591] INFO ConfigurationProperties - p:gzoltarpackagetonotinstrument= junit.framework
[11591] INFO ConfigurationProperties - p:projectIdentifier= apache_commons-fileupload-VUL4J-11
[11592] INFO ConfigurationProperties - p:modificationpointnavigation= weight
[11592] INFO ConfigurationProperties - p:stopfirst= true
[11592] INFO ConfigurationProperties - p:multipointmodification= false
[11592] INFO ConfigurationProperties - p:elementsToMutate= 10
[11592] INFO ConfigurationProperties - p:jsonoutputname= astor_output
[11595] INFO ConfigurationProperties - p:evoDSE= false
[11595] INFO ConfigurationProperties - p:bintestfolder= target/test-classes
[11595] INFO ConfigurationProperties - p:testbystep= false
[11596] INFO ConfigurationProperties - p:version-location= ./math-version/
[11596] INFO ConfigurationProperties - p:reintroduce= PARENTS:ORIGINAL
[11596] INFO ConfigurationProperties - p:perfectdata= /script/../data/benchmarks/vul4j/perfectfl/VUL4J-11
[11596] INFO ConfigurationProperties - p:executorjar= ./lib/jtestex7.jar
[11596] INFO ConfigurationProperties - p:maxGeneration= 1000000
[11596] INFO ConfigurationProperties - p:max_synthesis_step= 10000
[11596] INFO ConfigurationProperties - p:projectinfocommand= com.github.tdurieux:project-config-maven-plugin:info
[11596] INFO ConfigurationProperties - p:maxVarCombination= 1000
[11596] INFO ConfigurationProperties - p:maxtime= 120
[11596] INFO ConfigurationProperties - p:evosuitejar= ./lib/evosuite-master-1.0.4-SNAPSHOT.jar
[11596] INFO ConfigurationProperties - p:jvmversion= 1.8.0_342
[11596] INFO ConfigurationProperties - p:commandTrunk= 50000
[11596] INFO ConfigurationProperties - p:faultlocalization= perfect
[11596] INFO ConfigurationProperties - p:resetmodel= true
[11597] INFO ConfigurationProperties - p:maxsuspcandidates= 1000
[11597] INFO ConfigurationProperties - p:mode= jMutRepair
[11597] INFO ConfigurationProperties - p:learningdir= 
[11597] INFO ConfigurationProperties - p:jvm4evosuitetestexecution= /usr/lib/jvm/java-8-openjdk-amd64/bin
[11597] INFO ConfigurationProperties - p:filterfaultlocalization= true
[11597] INFO ConfigurationProperties - p:mutationrate= 1 
[11597] INFO ConfigurationProperties - p:pathToMVNRepository= 
[11597] INFO ConfigurationProperties - p:resourcesfolder= /src/main/resources:/src/test/resources:
[11597] INFO ConfigurationProperties - p:timezone= America/Los_Angeles
[11597] INFO ConfigurationProperties - p:runjava7code= false
[11597] INFO ConfigurationProperties - p:testfailingcmd= mvn test -Dtest=org.apache.commons.fileupload.MultipartStreamTest#testSmallBuffer -Dhttps.protocols=TLSv1.2 -Denforcer.skip=true -Dcheckstyle.skip=true -Dcobertura.skip=true -DskipITs=true -Drat.skip=true -Dlicense.skip=true -Dpmd.skip=true -Dfindbugs.skip=true -Dgpg.skip=true -Dskip.npm=true -Dskip.gulp=true -Dskip.bower=true -Danimal.sniffer.skip=true -V -B
[11597] INFO ConfigurationProperties - p:evoRunOnBuggyClass= true
[11598] INFO ConfigurationProperties - p:compiler= fr.inria.astor.core.manipulation.bytecode.compiler.SpoonClassCompiler
[11598] INFO ConfigurationProperties - p:limitbysuspicious= true
[11598] INFO ConfigurationProperties - p:logsattemps= true
[11598] INFO ConfigurationProperties - p:dependenciespath= /root/.m2/repository/javax/servlet/servlet-api/2.4/servlet-api-2.4.jar:/root/.m2/repository/commons-io/commons-io/2.2/commons-io-2.2.jar:/root/.m2/repository/portlet-api/portlet-api/1.0/portlet-api-1.0.jar:/root/.m2/repository/junit/junit/4.11/junit-4.11.jar:/root/.m2/repository/org/hamcrest/hamcrest-core/1.3/hamcrest-core-1.3.jar
[11598] INFO ConfigurationProperties - p:packageToInstrument= 
[11598] INFO ConfigurationProperties - p:skipfaultlocalization= false
[11598] INFO ConfigurationProperties - p:scope= local
[11598] INFO ConfigurationProperties - p:transformingredient= false
[11598] INFO ConfigurationProperties - p:fitnessfunction= fr.inria.astor.core.solutionsearch.population.TestCaseFitnessFunction
[11598] INFO ConfigurationProperties - p:maxnumvariablesperingredient= 10
[11598] INFO ConfigurationProperties - p:parsesourcefromoriginal= true
[11598] INFO ConfigurationProperties - p:pvariantfoldername= variant-
[11598] INFO ConfigurationProperties - p:savespoonmodelondisk= false
[11598] INFO ConfigurationProperties - p:srcjavafolder= src/main/java
[11598] INFO ConfigurationProperties - p:populationcontroller= fr.inria.astor.core.solutionsearch.population.TestCaseBasedFitnessPopulationController
[11598] INFO ConfigurationProperties - p:ignoreflakyinfl= false
[11598] INFO ConfigurationProperties - p:cleantemplates= true
[11598] INFO ConfigurationProperties - p:applyCrossover= false
[11598] INFO ConfigurationProperties - p:maxmodificationpoints= 1000
[11599] INFO ConfigurationProperties - p:duplicateingredientsinspace= false
[11599] INFO ConfigurationProperties - p:metid= 0
[11599] INFO ConfigurationProperties - p:continuewhenmodelfail= true
[11599] INFO ConfigurationProperties - p:saveall= false
[11600] INFO ConfigurationProperties - p:seed= 0
[11600] INFO ConfigurationProperties - p:savecompletepatched= true
[11600] INFO ConfigurationProperties - p:resetoperations= false
[11600] INFO ConfigurationProperties - p:keepcomments= false
[11600] INFO ConfigurationProperties - p:processoutputinfile= false
[11600] INFO ConfigurationProperties - p:location= .
[11600] INFO ConfigurationProperties - p:probabilistictransformation= true
[11602] INFO ConfigurationProperties - p:overridemaxtime= true
[11602] INFO ConfigurationProperties - p:outputjsonresult= true
[11603] INFO ConfigurationProperties - p:allpoints= false
[11603] INFO ConfigurationProperties - p:antipattern= false
[11603] INFO ConfigurationProperties - p:bugId= 280
[11603] INFO ConfigurationProperties - p:evosuitetimeout= 120
[11603] INFO ConfigurationProperties - p:maxtimefactor= 10
[11603] INFO ConfigurationProperties - p:nrPlaceholders= 1
[11603] INFO ConfigurationProperties - p:testallcmd= mvn test -Dhttps.protocols=TLSv1.2 -Denforcer.skip=true -Dcheckstyle.skip=true -Dcobertura.skip=true -DskipITs=true -Drat.skip=true -Dlicense.skip=true -Dpmd.skip=true -Dfindbugs.skip=true -Dgpg.skip=true -Dskip.npm=true -Dskip.gulp=true -Dskip.bower=true -Danimal.sniffer.skip=true -V -B
[11603] INFO ConfigurationProperties - p:forcesubprocesskilling= false
[11603] INFO ConfigurationProperties - ----------------------------
[11609] INFO AstorCoreEngine - Time Repair Loop (s): 0.001
[11610] INFO AstorCoreEngine - generationsexecuted: 1
[11610] WARN AstorCoreEngine - ----SUMMARY_EXECUTION---
[11610] WARN AstorCoreEngine - End Repair Search: NOT Found solution
[11610] WARN AstorCoreEngine - Number suspicious:1
[11611] INFO AstorCoreEngine - 
 --SOLUTIONS DESCRIPTION--


Astor Output:

General stats:
EXECUTION_IDENTIFIER=apache_commons-fileupload-VUL4J-11
TOTAL_TIME=0.001
NR_GENERATIONS=null
NR_RIGHT_COMPILATIONS=null
NR_FAILLING_COMPILATIONS=null
NR_ERRONEOUS_VARIANCES=null
NR_FAILING_VALIDATION_PROCESS=null
OUTPUT_STATUS=EXHAUSTIVE_NAVIGATED

Patch stats:

[11624] INFO Stats - Storing ing JSON at /workdir/jMutRepair_vul4j_apache_commons-fileupload_VUL4J-11/./output_astor/AstorMain-apache_commons-fileupload-VUL4J-11//astor_output.json
[11625] INFO Stats - astor_output:
{"general":{"NR_RIGHT_COMPILATIONS":null,"NR_ERRONEOUS_VARIANCES":null,"EXECUTION_IDENTIFIER":"apache_commons-fileupload-VUL4J-11","OUTPUT_STATUS":"EXHAUSTIVE_NAVIGATED","NR_FAILLING_COMPILATIONS":null,"NR_GENERATIONS":null,"TOTAL_TIME":0.001,"NR_FAILING_VALIDATION_PROCESS":null},"patches":[]}
[11625] INFO AstorMain - Time Total(s): 11.577
9.39user 2.26system 0:13.99elapsed 83%CPU (0avgtext+0avgdata 261332maxresident)k
32inputs+1640outputs (0major+70513minor)pagefaults 0swaps


Node: 9670332cfea8



Date: Fri Sep  9 06:08:23 EDT 2022

