cd /workdir/jGenProg_vul4j_x-stream_xstream_VUL4J-78;
export JAVA_TOOL_OPTIONS="-Dfile.encoding=UTF8 -Duser.language=en-US -Duser.country=US -Duser.language=en";
TZ="America/New_York"; export TZ;
export PATH="/usr/lib/jvm/java-8-openjdk-amd64/bin:$PATH";
export JAVA_HOME="/usr/lib/jvm/java-8-openjdk-amd64/bin";
time java -Xmx4g -Xms1g -XX:MaxPermSize=512m -cp /script/../libs/jtestex7.jar:/script/../repair_tools/astor.jar fr.inria.main.evolution.AstorMain \
	-mode jgenprog \
	-location . \
	-id x-stream_xstream-VUL4J-78 \
	-failing com.thoughtworks.acceptance.SecurityVulnerabilityTest#testCannotInjectEventHandlerWithUnconfiguredSecurityFramework \
	-jvm4testexecution /usr/lib/jvm/jdk1.7.0_80/bin \
	-jvm4evosuitetestexecution /usr/lib/jvm/jdk1.7.0_80/bin \
	-maxgen 1000000 \
	-maxtime 120 \
	-stopfirst true \
	-seed 0 \
	-scope local \
	-population 1 \
	-javacompliancelevel 7 \
	-faultlocalization perfect \
    -perfectdata /script/../data/benchmarks/vul4j/perfectfl/VUL4J-78 \
    -validation externalcmd \
    -testfailingcmd "mvn test -pl xstream -Dtest=com.thoughtworks.acceptance.SecurityVulnerabilityTest -Dhttps.protocols=TLSv1.2 -Denforcer.skip=true -Dcheckstyle.skip=true -Dcobertura.skip=true -DskipITs=true -Drat.skip=true -Dlicense.skip=true -Dpmd.skip=true -Dfindbugs.skip=true -Dgpg.skip=true -Dskip.npm=true -Dskip.gulp=true -Dskip.bower=true -Danimal.sniffer.skip=true -V -B" \
    -testallcmd "mvn test -pl xstream -Dhttps.protocols=TLSv1.2 -Denforcer.skip=true -Dcheckstyle.skip=true -Dcobertura.skip=true -DskipITs=true -Drat.skip=true -Dlicense.skip=true -Dpmd.skip=true -Dfindbugs.skip=true -Dgpg.skip=true -Dskip.npm=true -Dskip.gulp=true -Dskip.bower=true -Danimal.sniffer.skip=true -V -B"  \ \
	-srcjavafolder xstream/src/java \
	-srctestfolder xstream/src/test \
	-binjavafolder xstream/target/classes \
	-bintestfolder xstream/target/test-classes \
	-parameters x:x \
	-dependencies /root/.m2/repository/dom4j/dom4j/1.6.1/dom4j-1.6.1.jar:/root/.m2/repository/xmlpull/xmlpull/1.1.3.1/xmlpull-1.1.3.1.jar:/root/.m2/repository/stax/stax-api/1.0.1/stax-api-1.0.1.jar:/root/.m2/repository/cglib/cglib-nodep/2.2/cglib-nodep-2.2.jar:/root/.m2/repository/org/jdom/jdom2/2.0.5/jdom2-2.0.5.jar:/root/.m2/repository/org/codehaus/woodstox/wstx-asl/3.2.7/wstx-asl-3.2.7.jar:/root/.m2/repository/org/json/json/20080701/json-20080701.jar:/root/.m2/repository/org/jdom/jdom/1.1.3/jdom-1.1.3.jar:/root/.m2/repository/javax/activation/activation/1.1.1/activation-1.1.1.jar:/root/.m2/repository/stax/stax/1.2.0/stax-1.2.0.jar:/root/.m2/repository/junit/junit/3.8.1/junit-3.8.1.jar:/root/.m2/repository/com/megginson/sax/xml-writer/0.2/xml-writer-0.2.jar:/root/.m2/repository/commons-lang/commons-lang/2.4/commons-lang-2.4.jar:/root/.m2/repository/xpp3/xpp3_min/1.1.4c/xpp3_min-1.1.4c.jar:/root/.m2/repository/org/codehaus/jettison/jettison/1.2/jettison-1.2.jar:/root/.m2/repository/net/sf/kxml/kxml2/2.3.0/kxml2-2.3.0.jar:/root/.m2/repository/jmock/jmock/1.0.1/jmock-1.0.1.jar:/root/.m2/repository/joda-time/joda-time/1.6/joda-time-1.6.jar:/root/.m2/repository/oro/oro/2.0.8/oro-2.0.8.jar:/root/.m2/repository/xom/xom/1.1/xom-1.1.jar:/root/.m2/repository/net/sf/kxml/kxml2-min/2.3.0/kxml2-min-2.3.0.jar;
	echo "\n\nNode: `hostname`\n";
	echo "\n\nDate: `date`\n";
Picked up JAVA_TOOL_OPTIONS: -Dfile.encoding=UTF8 -Duser.language=en-US -Duser.country=US -Duser.language=en
OpenJDK 64-Bit Server VM warning: ignoring option MaxPermSize=512m; support was removed in 8.0
[1] INFO ProjectConfiguration - Version of the JVM used: 1.7.0_80
[1] INFO main - Java version of the JDK used to run tests: 1.7.0_80
[1] INFO main - The compliance of the JVM is:  7
[4] INFO main - command line arguments: [-mode  jgenprog  -location  .  -id  x-stream_xstream-VUL4J-78  -failing  com.thoughtworks.acceptance.SecurityVulnerabilityTest#testCannotInjectEventHandlerWithUnconfiguredSecurityFramework  -jvm4testexecution  /usr/lib/jvm/jdk1.7.0_80/bin  -jvm4evosuitetestexecution  /usr/lib/jvm/jdk1.7.0_80/bin  -maxgen  1000000  -maxtime  120  -stopfirst  true  -seed  0  -scope  local  -population  1  -javacompliancelevel  7  -faultlocalization  perfect  -perfectdata  /script/../data/benchmarks/vul4j/perfectfl/VUL4J-78  -validation  externalcmd  -testfailingcmd  mvn test -pl xstream -Dtest=com.thoughtworks.acceptance.SecurityVulnerabilityTest -Dhttps.protocols=TLSv1.2 -Denforcer.skip=true -Dcheckstyle.skip=true -Dcobertura.skip=true -DskipITs=true -Drat.skip=true -Dlicense.skip=true -Dpmd.skip=true -Dfindbugs.skip=true -Dgpg.skip=true -Dskip.npm=true -Dskip.gulp=true -Dskip.bower=true -Danimal.sniffer.skip=true -V -B  -testallcmd  mvn test -pl xstream -Dhttps.protocols=TLSv1.2 -Denforcer.skip=true -Dcheckstyle.skip=true -Dcobertura.skip=true -DskipITs=true -Drat.skip=true -Dlicense.skip=true -Dpmd.skip=true -Dfindbugs.skip=true -Dgpg.skip=true -Dskip.npm=true -Dskip.gulp=true -Dskip.bower=true -Danimal.sniffer.skip=true -V -B     -srcjavafolder  xstream/src/java  -srctestfolder  xstream/src/test  -binjavafolder  xstream/target/classes  -bintestfolder  xstream/target/test-classes  -parameters  x:x  -dependencies  /root/.m2/repository/dom4j/dom4j/1.6.1/dom4j-1.6.1.jar:/root/.m2/repository/xmlpull/xmlpull/1.1.3.1/xmlpull-1.1.3.1.jar:/root/.m2/repository/stax/stax-api/1.0.1/stax-api-1.0.1.jar:/root/.m2/repository/cglib/cglib-nodep/2.2/cglib-nodep-2.2.jar:/root/.m2/repository/org/jdom/jdom2/2.0.5/jdom2-2.0.5.jar:/root/.m2/repository/org/codehaus/woodstox/wstx-asl/3.2.7/wstx-asl-3.2.7.jar:/root/.m2/repository/org/json/json/20080701/json-20080701.jar:/root/.m2/repository/org/jdom/jdom/1.1.3/jdom-1.1.3.jar:/root/.m2/repository/javax/activation/activation/1.1.1/activation-1.1.1.jar:/root/.m2/repository/stax/stax/1.2.0/stax-1.2.0.jar:/root/.m2/repository/junit/junit/3.8.1/junit-3.8.1.jar:/root/.m2/repository/com/megginson/sax/xml-writer/0.2/xml-writer-0.2.jar:/root/.m2/repository/commons-lang/commons-lang/2.4/commons-lang-2.4.jar:/root/.m2/repository/xpp3/xpp3_min/1.1.4c/xpp3_min-1.1.4c.jar:/root/.m2/repository/org/codehaus/jettison/jettison/1.2/jettison-1.2.jar:/root/.m2/repository/net/sf/kxml/kxml2/2.3.0/kxml2-2.3.0.jar:/root/.m2/repository/jmock/jmock/1.0.1/jmock-1.0.1.jar:/root/.m2/repository/joda-time/joda-time/1.6/joda-time-1.6.jar:/root/.m2/repository/oro/oro/2.0.8/oro-2.0.8.jar:/root/.m2/repository/xom/xom/1.1/xom-1.1.jar:/root/.m2/repository/net/sf/kxml/kxml2-min/2.3.0/kxml2-min-2.3.0.jar]
[6] INFO AstorMain - Running Astor on a JDK at /usr/lib/jvm/java-8-openjdk-amd64/jre
[13] INFO main - Source folders: [/workdir/jGenProg_vul4j_x-stream_xstream_VUL4J-78/./xstream/src/java]
[13] INFO main - Source Test folders: [/workdir/jGenProg_vul4j_x-stream_xstream_VUL4J-78/./xstream/src/test]
[2369] INFO AstorCoreEngine - ---- Creating spoon model
[2420] INFO MutationSupporter - Creating model,  Code location from working folder: /workdir/jGenProg_vul4j_x-stream_xstream_VUL4J-78/./xstream/src/java
[2420] INFO MutationSupporter - building model: /workdir/jGenProg_vul4j_x-stream_xstream_VUL4J-78/./xstream/src/java, compliance level: 7
[2571] INFO MutationSupporter - Classpath (Dependencies) for building SpoonModel: [/root/.m2/repository/dom4j/dom4j/1.6.1/dom4j-1.6.1.jar, /root/.m2/repository/xmlpull/xmlpull/1.1.3.1/xmlpull-1.1.3.1.jar, /root/.m2/repository/stax/stax-api/1.0.1/stax-api-1.0.1.jar, /root/.m2/repository/cglib/cglib-nodep/2.2/cglib-nodep-2.2.jar, /root/.m2/repository/org/jdom/jdom2/2.0.5/jdom2-2.0.5.jar, /root/.m2/repository/org/codehaus/woodstox/wstx-asl/3.2.7/wstx-asl-3.2.7.jar, /root/.m2/repository/org/json/json/20080701/json-20080701.jar, /root/.m2/repository/org/jdom/jdom/1.1.3/jdom-1.1.3.jar, /root/.m2/repository/javax/activation/activation/1.1.1/activation-1.1.1.jar, /root/.m2/repository/stax/stax/1.2.0/stax-1.2.0.jar, /root/.m2/repository/junit/junit/3.8.1/junit-3.8.1.jar, /root/.m2/repository/com/megginson/sax/xml-writer/0.2/xml-writer-0.2.jar, /root/.m2/repository/commons-lang/commons-lang/2.4/commons-lang-2.4.jar, /root/.m2/repository/xpp3/xpp3_min/1.1.4c/xpp3_min-1.1.4c.jar, /root/.m2/repository/org/codehaus/jettison/jettison/1.2/jettison-1.2.jar, /root/.m2/repository/net/sf/kxml/kxml2/2.3.0/kxml2-2.3.0.jar, /root/.m2/repository/jmock/jmock/1.0.1/jmock-1.0.1.jar, /root/.m2/repository/joda-time/joda-time/1.6/joda-time-1.6.jar, /root/.m2/repository/oro/oro/2.0.8/oro-2.0.8.jar, /root/.m2/repository/xom/xom/1.1/xom-1.1.jar, /root/.m2/repository/net/sf/kxml/kxml2-min/2.3.0/kxml2-min-2.3.0.jar]
[17917] ERROR MutationSupporter - Problem compiling the model with compliance level 7
[17917] ERROR MutationSupporter - The method parseChronoLocalDate(String, String, Set<Chronology>) in the type AbstractChronoLocalDateConverter<ThaiBuddhistEra> is not applicable for the arguments (String, String, Set<ThaiBuddhistChronology>) at /workdir/jGenProg_vul4j_x-stream_xstream_VUL4J-78/xstream/src/java/com/thoughtworks/xstream/converters/time/ThaiBuddhistDateConverter.java:35
spoon.compiler.ModelBuildingException: The method parseChronoLocalDate(String, String, Set<Chronology>) in the type AbstractChronoLocalDateConverter<ThaiBuddhistEra> is not applicable for the arguments (String, String, Set<ThaiBuddhistChronology>) at /workdir/jGenProg_vul4j_x-stream_xstream_VUL4J-78/xstream/src/java/com/thoughtworks/xstream/converters/time/ThaiBuddhistDateConverter.java:35
	at spoon.support.compiler.jdt.JDTBasedSpoonCompiler.report(JDTBasedSpoonCompiler.java:649)
	at spoon.support.compiler.jdt.JDTBasedSpoonCompiler.reportProblems(JDTBasedSpoonCompiler.java:631)
	at spoon.support.compiler.jdt.JDTBasedSpoonCompiler.build(JDTBasedSpoonCompiler.java:118)
	at spoon.support.compiler.jdt.JDTBasedSpoonCompiler.build(JDTBasedSpoonCompiler.java:99)
	at fr.inria.astor.core.manipulation.MutationSupporter.buildModel(MutationSupporter.java:85)
	at fr.inria.astor.core.manipulation.MutationSupporter.buildSpoonModel(MutationSupporter.java:240)
	at fr.inria.astor.core.solutionsearch.AstorCoreEngine.initModel(AstorCoreEngine.java:775)
	at fr.inria.main.evolution.AstorMain.createEngine(AstorMain.java:113)
	at fr.inria.main.evolution.AstorMain.run(AstorMain.java:173)
	at fr.inria.main.evolution.AstorMain.execute(AstorMain.java:233)
	at fr.inria.main.evolution.AstorMain.main(AstorMain.java:204)
[17918] INFO MutationSupporter - Recompiling with compliance level 8
[17918] INFO MutationSupporter - building model: /workdir/jGenProg_vul4j_x-stream_xstream_VUL4J-78/./xstream/src/java, compliance level: 8
[18114] INFO MutationSupporter - Classpath (Dependencies) for building SpoonModel: [/root/.m2/repository/dom4j/dom4j/1.6.1/dom4j-1.6.1.jar, /root/.m2/repository/xmlpull/xmlpull/1.1.3.1/xmlpull-1.1.3.1.jar, /root/.m2/repository/stax/stax-api/1.0.1/stax-api-1.0.1.jar, /root/.m2/repository/cglib/cglib-nodep/2.2/cglib-nodep-2.2.jar, /root/.m2/repository/org/jdom/jdom2/2.0.5/jdom2-2.0.5.jar, /root/.m2/repository/org/codehaus/woodstox/wstx-asl/3.2.7/wstx-asl-3.2.7.jar, /root/.m2/repository/org/json/json/20080701/json-20080701.jar, /root/.m2/repository/org/jdom/jdom/1.1.3/jdom-1.1.3.jar, /root/.m2/repository/javax/activation/activation/1.1.1/activation-1.1.1.jar, /root/.m2/repository/stax/stax/1.2.0/stax-1.2.0.jar, /root/.m2/repository/junit/junit/3.8.1/junit-3.8.1.jar, /root/.m2/repository/com/megginson/sax/xml-writer/0.2/xml-writer-0.2.jar, /root/.m2/repository/commons-lang/commons-lang/2.4/commons-lang-2.4.jar, /root/.m2/repository/xpp3/xpp3_min/1.1.4c/xpp3_min-1.1.4c.jar, /root/.m2/repository/org/codehaus/jettison/jettison/1.2/jettison-1.2.jar, /root/.m2/repository/net/sf/kxml/kxml2/2.3.0/kxml2-2.3.0.jar, /root/.m2/repository/jmock/jmock/1.0.1/jmock-1.0.1.jar, /root/.m2/repository/joda-time/joda-time/1.6/joda-time-1.6.jar, /root/.m2/repository/oro/oro/2.0.8/oro-2.0.8.jar, /root/.m2/repository/xom/xom/1.1/xom-1.1.jar, /root/.m2/repository/net/sf/kxml/kxml2-min/2.3.0/kxml2-min-2.3.0.jar]
[25612] INFO AstorCoreEngine - Number of CtTypes created: 354
[26010] INFO AstorCoreEngine - Test retrieved from classes: 0
[26150] INFO AstorCoreEngine - Setting up the max to 1400 milliseconds (1 sec)
[26151] INFO AstorCoreEngine - ---- Initial suspicious size: 7
[33877] INFO main - Total suspicious from FL: 7,  6
[33878] INFO main - Total ModPoint created: 6
[33878] INFO main - Creating program variant #1, [Variant id: 1, #gens: 6, #ops: 0, parent:-]
[33878] INFO main - Run previously failing tests...
[57333] INFO main - Failed tests: 1
[57335] INFO AstorCoreEngine - The original fitness is : 1.0
[204251] WARN ConfigurationProperties - ----------------------------
[204251] INFO ConfigurationProperties - ---Configuration properties
[204252] INFO ConfigurationProperties - p:lastJUnitVersion= ./examples/libs/junit-4.11.jar
[204252] INFO ConfigurationProperties - p:alternativecompliancelevel= 8
[204252] INFO ConfigurationProperties - p:ignoredTestCases= 
[204252] INFO ConfigurationProperties - p:workingDirectory= /workdir/jGenProg_vul4j_x-stream_xstream_VUL4J-78/./output_astor
[204252] INFO ConfigurationProperties - p:manipulatesuper= false
[204252] INFO ConfigurationProperties - p:validation= externalcmd
[204252] INFO ConfigurationProperties - p:jvm4testexecution= /usr/lib/jvm/jdk1.7.0_80/bin
[204252] INFO ConfigurationProperties - p:operatorspace= irr-statements
[204252] INFO ConfigurationProperties - p:diffcontext= 0
[204252] INFO ConfigurationProperties - p:binjavafolder= xstream/target/classes
[204252] INFO ConfigurationProperties - p:synthesis_depth= 3
[204252] INFO ConfigurationProperties - p:gzoltartestpackagetoexclude= junit.framework
[204252] INFO ConfigurationProperties - p:skipfitnessinitialpopulation= false
[204252] INFO ConfigurationProperties - p:evosuiteresultfolder= evosuite
[204252] INFO ConfigurationProperties - p:flthreshold= 0.1
[204252] INFO ConfigurationProperties - p:regressionforfaultlocalization= true
[204252] INFO ConfigurationProperties - p:collectonlyusedmethod= false
[204253] INFO ConfigurationProperties - p:preservelinenumbers= true
[204253] INFO ConfigurationProperties - p:tmax2= 1400
[204253] INFO ConfigurationProperties - p:tmax1= 10000
[204253] INFO ConfigurationProperties - p:probagenmutation= false
[204253] INFO ConfigurationProperties - p:nomodificationconvergence= 100
[204253] INFO ConfigurationProperties - p:diff_type= relative
[204253] INFO ConfigurationProperties - p:targetelementprocessor= statements
[204266] INFO ConfigurationProperties - p:srctestfolder= xstream/src/test
[204266] INFO ConfigurationProperties - p:forceExecuteRegression= false
[204266] INFO ConfigurationProperties - p:clusteringfilename= clustering.csv
[204266] INFO ConfigurationProperties - p:failing= com.thoughtworks.acceptance.SecurityVulnerabilityTest#testCannotInjectEventHandlerWithUnconfiguredSecurityFramework
[204266] INFO ConfigurationProperties - p:logtestexecution= false
[204267] INFO ConfigurationProperties - p:evo_buggy_class= true
[204267] INFO ConfigurationProperties - p:numberExecutions= 1
[204267] INFO ConfigurationProperties - p:maxnumbersolutions= 1000000
[204267] INFO ConfigurationProperties - p:evo_affected_by_op= true
[204267] INFO ConfigurationProperties - p:population= 1
[204267] INFO ConfigurationProperties - p:considerzerovaluesusp= false
[204267] INFO ConfigurationProperties - p:maxCombinationVariableLimit= false
[204267] INFO ConfigurationProperties - p:savesolution= true
[204267] INFO ConfigurationProperties - p:javacompliancelevel= 7
[204267] INFO ConfigurationProperties - p:x= x
[204267] INFO ConfigurationProperties - p:uniqueoptogen= false
[204267] INFO ConfigurationProperties - p:gzoltarpackagetonotinstrument= junit.framework
[204267] INFO ConfigurationProperties - p:projectIdentifier= x-stream_xstream-VUL4J-78
[204267] INFO ConfigurationProperties - p:modificationpointnavigation= weight
[204267] INFO ConfigurationProperties - p:stopfirst= true
[204267] INFO ConfigurationProperties - p:multipointmodification= false
[204267] INFO ConfigurationProperties - p:elementsToMutate= 10
[204268] INFO ConfigurationProperties - p:jsonoutputname= astor_output
[204268] INFO ConfigurationProperties - p:evoDSE= false
[204268] INFO ConfigurationProperties - p:bintestfolder= xstream/target/test-classes
[204268] INFO ConfigurationProperties - p:testbystep= false
[204268] INFO ConfigurationProperties - p:version-location= ./math-version/
[204268] INFO ConfigurationProperties - p:reintroduce= PARENTS:ORIGINAL
[204268] INFO ConfigurationProperties - p:perfectdata= /script/../data/benchmarks/vul4j/perfectfl/VUL4J-78
[204268] INFO ConfigurationProperties - p:executorjar= ./lib/jtestex7.jar
[204268] INFO ConfigurationProperties - p:maxGeneration= 1000000
[204268] INFO ConfigurationProperties - p:max_synthesis_step= 10000
[204268] INFO ConfigurationProperties - p:projectinfocommand= com.github.tdurieux:project-config-maven-plugin:info
[204268] INFO ConfigurationProperties - p:maxVarCombination= 1000
[204269] INFO ConfigurationProperties - p:maxtime= 120
[204269] INFO ConfigurationProperties - p:evosuitejar= ./lib/evosuite-master-1.0.4-SNAPSHOT.jar
[204269] INFO ConfigurationProperties - p:jvmversion= 1.7.0_80
[204269] INFO ConfigurationProperties - p:commandTrunk= 50000
[204269] INFO ConfigurationProperties - p:faultlocalization= perfect
[204269] INFO ConfigurationProperties - p:resetmodel= true
[204269] INFO ConfigurationProperties - p:maxsuspcandidates= 1000
[204269] INFO ConfigurationProperties - p:mode= jgenprog
[204270] INFO ConfigurationProperties - p:learningdir= 
[204270] INFO ConfigurationProperties - p:jvm4evosuitetestexecution= /usr/lib/jvm/jdk1.7.0_80/bin
[204270] INFO ConfigurationProperties - p:filterfaultlocalization= true
[204270] INFO ConfigurationProperties - p:mutationrate= 1 
[204270] INFO ConfigurationProperties - p:pathToMVNRepository= 
[204270] INFO ConfigurationProperties - p:resourcesfolder= /src/main/resources:/src/test/resources:
[204270] INFO ConfigurationProperties - p:timezone= America/Los_Angeles
[204270] INFO ConfigurationProperties - p:runjava7code= false
[204270] INFO ConfigurationProperties - p:testfailingcmd= mvn test -pl xstream -Dtest=com.thoughtworks.acceptance.SecurityVulnerabilityTest -Dhttps.protocols=TLSv1.2 -Denforcer.skip=true -Dcheckstyle.skip=true -Dcobertura.skip=true -DskipITs=true -Drat.skip=true -Dlicense.skip=true -Dpmd.skip=true -Dfindbugs.skip=true -Dgpg.skip=true -Dskip.npm=true -Dskip.gulp=true -Dskip.bower=true -Danimal.sniffer.skip=true -V -B
[204270] INFO ConfigurationProperties - p:evoRunOnBuggyClass= true
[204271] INFO ConfigurationProperties - p:compiler= fr.inria.astor.core.manipulation.bytecode.compiler.SpoonClassCompiler
[204271] INFO ConfigurationProperties - p:limitbysuspicious= true
[204271] INFO ConfigurationProperties - p:logsattemps= true
[204271] INFO ConfigurationProperties - p:dependenciespath= /root/.m2/repository/dom4j/dom4j/1.6.1/dom4j-1.6.1.jar:/root/.m2/repository/xmlpull/xmlpull/1.1.3.1/xmlpull-1.1.3.1.jar:/root/.m2/repository/stax/stax-api/1.0.1/stax-api-1.0.1.jar:/root/.m2/repository/cglib/cglib-nodep/2.2/cglib-nodep-2.2.jar:/root/.m2/repository/org/jdom/jdom2/2.0.5/jdom2-2.0.5.jar:/root/.m2/repository/org/codehaus/woodstox/wstx-asl/3.2.7/wstx-asl-3.2.7.jar:/root/.m2/repository/org/json/json/20080701/json-20080701.jar:/root/.m2/repository/org/jdom/jdom/1.1.3/jdom-1.1.3.jar:/root/.m2/repository/javax/activation/activation/1.1.1/activation-1.1.1.jar:/root/.m2/repository/stax/stax/1.2.0/stax-1.2.0.jar:/root/.m2/repository/junit/junit/3.8.1/junit-3.8.1.jar:/root/.m2/repository/com/megginson/sax/xml-writer/0.2/xml-writer-0.2.jar:/root/.m2/repository/commons-lang/commons-lang/2.4/commons-lang-2.4.jar:/root/.m2/repository/xpp3/xpp3_min/1.1.4c/xpp3_min-1.1.4c.jar:/root/.m2/repository/org/codehaus/jettison/jettison/1.2/jettison-1.2.jar:/root/.m2/repository/net/sf/kxml/kxml2/2.3.0/kxml2-2.3.0.jar:/root/.m2/repository/jmock/jmock/1.0.1/jmock-1.0.1.jar:/root/.m2/repository/joda-time/joda-time/1.6/joda-time-1.6.jar:/root/.m2/repository/oro/oro/2.0.8/oro-2.0.8.jar:/root/.m2/repository/xom/xom/1.1/xom-1.1.jar:/root/.m2/repository/net/sf/kxml/kxml2-min/2.3.0/kxml2-min-2.3.0.jar
[204272] INFO ConfigurationProperties - p:packageToInstrument= 
[204272] INFO ConfigurationProperties - p:skipfaultlocalization= false
[204272] INFO ConfigurationProperties - p:scope= local
[204272] INFO ConfigurationProperties - p:transformingredient= false
[204272] INFO ConfigurationProperties - p:fitnessfunction= fr.inria.astor.core.solutionsearch.population.TestCaseFitnessFunction
[204272] INFO ConfigurationProperties - p:maxnumvariablesperingredient= 10
[204272] INFO ConfigurationProperties - p:parsesourcefromoriginal= true
[204272] INFO ConfigurationProperties - p:pvariantfoldername= variant-
[204273] INFO ConfigurationProperties - p:savespoonmodelondisk= false
[204273] INFO ConfigurationProperties - p:srcjavafolder= xstream/src/java
[204273] INFO ConfigurationProperties - p:populationcontroller= fr.inria.astor.core.solutionsearch.population.TestCaseBasedFitnessPopulationController
[204273] INFO ConfigurationProperties - p:ignoreflakyinfl= false
[204273] INFO ConfigurationProperties - p:cleantemplates= true
[204273] INFO ConfigurationProperties - p:applyCrossover= false
[204274] INFO ConfigurationProperties - p:maxmodificationpoints= 1000
[204274] INFO ConfigurationProperties - p:duplicateingredientsinspace= false
[204274] INFO ConfigurationProperties - p:metid= 0
[204274] INFO ConfigurationProperties - p:continuewhenmodelfail= true
[204274] INFO ConfigurationProperties - p:saveall= false
[204274] INFO ConfigurationProperties - p:seed= 0
[204274] INFO ConfigurationProperties - p:savecompletepatched= true
[204274] INFO ConfigurationProperties - p:resetoperations= false
[204275] INFO ConfigurationProperties - p:keepcomments= false
[204275] INFO ConfigurationProperties - p:processoutputinfile= false
[204275] INFO ConfigurationProperties - p:location= .
[204275] INFO ConfigurationProperties - p:probabilistictransformation= true
[204275] INFO ConfigurationProperties - p:overridemaxtime= true
[204275] INFO ConfigurationProperties - p:outputjsonresult= true
[204275] INFO ConfigurationProperties - p:allpoints= false
[204275] INFO ConfigurationProperties - p:antipattern= false
[204275] INFO ConfigurationProperties - p:bugId= 280
[204275] INFO ConfigurationProperties - p:evosuitetimeout= 120
[204275] INFO ConfigurationProperties - p:maxtimefactor= 10
[204276] INFO ConfigurationProperties - p:nrPlaceholders= 1
[204276] INFO ConfigurationProperties - p:testallcmd= mvn test -pl xstream -Dhttps.protocols=TLSv1.2 -Denforcer.skip=true -Dcheckstyle.skip=true -Dcobertura.skip=true -DskipITs=true -Drat.skip=true -Dlicense.skip=true -Dpmd.skip=true -Dfindbugs.skip=true -Dgpg.skip=true -Dskip.npm=true -Dskip.gulp=true -Dskip.bower=true -Danimal.sniffer.skip=true -V -B
[204276] INFO ConfigurationProperties - p:forcesubprocesskilling= false
[204276] INFO ConfigurationProperties - ----------------------------
[204277] INFO AstorCoreEngine - ----Starting Solution Search
[204278] WARN AstorCoreEngine - ----------Running generation: 1, population size: 1
[208538] INFO main - Run previously failing tests...
[234100] INFO main - Failed tests: 1
[234148] WARN AstorCoreEngine - ----------Running generation: 2, population size: 1
[235857] WARN AstorCoreEngine - ----------Running generation: 3, population size: 1
[238871] WARN AstorCoreEngine - ----------Running generation: 4, population size: 1
[241460] INFO main - Run previously failing tests...
[266521] INFO main - Failed tests: 1
[266546] WARN AstorCoreEngine - ----------Running generation: 5, population size: 1
[268489] INFO main - Run previously failing tests...
[294008] INFO main - Failed tests: 1
[294023] WARN AstorCoreEngine - ----------Running generation: 6, population size: 1
[295758] INFO main - Run previously failing tests...
[315995] INFO main - Failed tests: 0
[315997] INFO main - Run whole testsuite...
[366114] INFO main - Failed tests: 1
[366137] WARN AstorCoreEngine - ----------Running generation: 7, population size: 1
[367210] WARN AstorCoreEngine - ----------Running generation: 8, population size: 1
[368280] INFO main - Run previously failing tests...
[388229] INFO main - Failed tests: 0
[388230] INFO main - Run whole testsuite...
[433995] INFO main - Failed tests: 0
[434001] INFO AstorCoreEngine - -Found Solution, child variant #16
[434212] INFO AstorCoreEngine - Time Repair Loop (s): 229.935
[434213] INFO AstorCoreEngine - generationsexecuted: 8
[434214] WARN AstorCoreEngine - ----SUMMARY_EXECUTION---
[434214] WARN AstorCoreEngine - End Repair Search: Found solution
[434214] WARN AstorCoreEngine - Solution stored at: /workdir/jGenProg_vul4j_x-stream_xstream_VUL4J-78/./output_astor/AstorMain-x-stream_xstream-VUL4J-78//src/
[434214] WARN AstorCoreEngine - Number solutions:1
[434214] INFO AstorCoreEngine - f (sol): 0.0, [Variant id: 16 (SOL) , #gens: 6, #ops: 1, parent:15]
[434214] WARN AstorCoreEngine - Number suspicious:1
[434432] INFO AstorCoreEngine - 
 --SOLUTIONS DESCRIPTION--

 ----
ProgramVariant 16
 
time(sec)= 229
operation: ReplaceOp
location= com.thoughtworks.xstream.XStream
line= 1483
lineSuspiciousness= 1
lineSuspiciousness= 3
original statement= insecureWarning = false
buggy kind= CtAssignmentImpl|CtBlockImpl
fixed statement= mapper = new com.thoughtworks.xstream.mapper.FieldAliasingMapper(mapper)
Patch kind= CtAssignmentImpl|CtBlockImpl
generation= 8
ingredientScope= LOCAL
validation=|true|0|0|[]|
diffpatch=--- /workdir/jGenProg_vul4j_x-stream_xstream_VUL4J-78/xstream/src/java/com/thoughtworks/xstream/XStreamjava
+++ /workdir/jGenProg_vul4j_x-stream_xstream_VUL4J-78/xstream/src/java/com/thoughtworks/xstream/XStreamjava
@@ -754 +754 @@
-				insecureWarning = false;
+				mapper = new com.thoughtworks.xstream.mapper.FieldAliasingMapper(mapper);


diffpatchoriginal=--- /workdir/jGenProg_vul4j_x-stream_xstream_VUL4J-78/xstream/src/java/com/thoughtworks/xstream/XStreamjava
+++ /workdir/jGenProg_vul4j_x-stream_xstream_VUL4J-78/xstream/src/java/com/thoughtworks/xstream/XStreamjava
@@ -1482,2 +1482,2 @@
-			if (insecureWarning) {
-				insecureWarning = false;
+			if (insecureWarning) { 				mapper = new com.thoughtworks.xstream.mapper.FieldAliasingMapper(mapper);
+



[434433] INFO AstorCoreEngine - Generation 1
[434433] INFO AstorCoreEngine - Generation 2
[434433] INFO AstorCoreEngine - Generation 3
[434433] INFO AstorCoreEngine - Generation 4
[434433] INFO AstorCoreEngine - Generation 5
[434433] INFO AstorCoreEngine - Generation 6
[434433] INFO AstorCoreEngine - Generation 7
[434433] INFO AstorCoreEngine - Generation 8
Astor Output:

General stats:
EXECUTION_IDENTIFIER=x-stream_xstream-VUL4J-78
TOTAL_TIME=229.935
NR_GENERATIONS=8
NR_RIGHT_COMPILATIONS=5
NR_FAILLING_COMPILATIONS=3
NR_ERRONEOUS_VARIANCES=null
NR_FAILING_VALIDATION_PROCESS=null
OUTPUT_STATUS=STOP_BY_PATCH_FOUND

Patch stats:

Patch 1
VARIANT_ID=16
TIME=229
VALIDATION=|true|0|0|[]|
GENERATION=8
FOLDER_SOLUTION_CODE=/workdir/jGenProg_vul4j_x-stream_xstream_VUL4J-78/./output_astor/AstorMain-x-stream_xstream-VUL4J-78//src//variant-16
--Patch Hunk #1
OPERATOR=ReplaceOp

LOCATION=com.thoughtworks.xstream.XStream

PATH=/workdir/jGenProg_vul4j_x-stream_xstream_VUL4J-78/xstream/src/java/com/thoughtworks/xstream/XStream.java

MODIFIED_FILE_PATH=/workdir/jGenProg_vul4j_x-stream_xstream_VUL4J-78/./output_astor/AstorMain-x-stream_xstream-VUL4J-78//src//variant-16/com/thoughtworks/xstream/XStream.java

LINE=1483

SUSPICIOUNESS=1

MP_RANKING=3

ORIGINAL_CODE=insecureWarning = false

BUGGY_CODE_TYPE=CtAssignmentImpl|CtBlockImpl

PATCH_HUNK_CODE=mapper = new com.thoughtworks.xstream.mapper.FieldAliasingMapper(mapper)

PATCH_HUNK_TYPE=CtAssignmentImpl|CtBlockImpl

INGREDIENT_SCOPE=LOCAL

INGREDIENT_PARENT=mapper = new com.thoughtworks.xstream.mapper.FieldAliasingMapper(mapper)

PATCH_DIFF_ORIG=--- /workdir/jGenProg_vul4j_x-stream_xstream_VUL4J-78/xstream/src/java/com/thoughtworks/xstream/XStreamjava
+++ /workdir/jGenProg_vul4j_x-stream_xstream_VUL4J-78/xstream/src/java/com/thoughtworks/xstream/XStreamjava
@@ -1482,2 +1482,2 @@
-			if (insecureWarning) {
-				insecureWarning = false;
+			if (insecureWarning) { 				mapper = new com.thoughtworks.xstream.mapper.FieldAliasingMapper(mapper);
+



[434509] INFO Stats - Storing ing JSON at /workdir/jGenProg_vul4j_x-stream_xstream_VUL4J-78/./output_astor/AstorMain-x-stream_xstream-VUL4J-78//astor_output.json
[434510] INFO Stats - astor_output:
{"general":{"NR_RIGHT_COMPILATIONS":5,"NR_ERRONEOUS_VARIANCES":null,"EXECUTION_IDENTIFIER":"x-stream_xstream-VUL4J-78","OUTPUT_STATUS":"STOP_BY_PATCH_FOUND","NR_FAILLING_COMPILATIONS":3,"NR_GENERATIONS":8,"TOTAL_TIME":229.935,"NR_FAILING_VALIDATION_PROCESS":null},"patches":[{"VARIANT_ID":"16","VALIDATION":"|true|0|0|[]|","patchhunks":[{"LOCATION":"com.thoughtworks.xstream.XStream","PATH":"\\\/workdir\\\/jGenProg_vul4j_x-stream_xstream_VUL4J-78\\\/xstream\\\/src\\\/java\\\/com\\\/thoughtworks\\\/xstream\\\/XStream.java","INGREDIENT_SCOPE":"LOCAL","SUSPICIOUNESS":"1","INGREDIENT_PARENT":"mapper = new com.thoughtworks.xstream.mapper.FieldAliasingMapper(mapper)","PATCH_HUNK_TYPE":"CtAssignmentImpl|CtBlockImpl","ORIGINAL_CODE":"insecureWarning = false","BUGGY_CODE_TYPE":"CtAssignmentImpl|CtBlockImpl","OPERATOR":"ReplaceOp","MODIFIED_FILE_PATH":"\\\/workdir\\\/jGenProg_vul4j_x-stream_xstream_VUL4J-78\\\/.\\\/output_astor\\\/AstorMain-x-stream_xstream-VUL4J-78\\\/\\\/src\\\/\\\/variant-16\\\/com\\\/thoughtworks\\\/xstream\\\/XStream.java","LINE":"1483","MP_RANKING":"3","PATCH_HUNK_CODE":"mapper = new com.thoughtworks.xstream.mapper.FieldAliasingMapper(mapper)"}],"TIME":"229","GENERATION":"8","FOLDER_SOLUTION_CODE":"\\\/workdir\\\/jGenProg_vul4j_x-stream_xstream_VUL4J-78\\\/.\\\/output_astor\\\/AstorMain-x-stream_xstream-VUL4J-78\\\/\\\/src\\\/\\\/variant-16","PATCH_DIFF_ORIG":"--- \\\/workdir\\\/jGenProg_vul4j_x-stream_xstream_VUL4J-78\\\/xstream\\\/src\\\/java\\\/com\\\/thoughtworks\\\/xstream\\\/XStreamjava\\n+++ \\\/workdir\\\/jGenProg_vul4j_x-stream_xstream_VUL4J-78\\\/xstream\\\/src\\\/java\\\/com\\\/thoughtworks\\\/xstream\\\/XStreamjava\\n@@ -1482,2 +1482,2 @@\\n-\\t\\t\\tif (insecureWarning) {\\n-\\t\\t\\t\\tinsecureWarning = false;\\n+\\t\\t\\tif (insecureWarning) { \\t\\t\\t\\tmapper = new com.thoughtworks.xstream.mapper.FieldAliasingMapper(mapper);\\n+\\n\\n"}]}
[434510] INFO AstorMain - Time Total(s): 434.502
371.31user 40.26system 7:15.77elapsed 94%CPU (0avgtext+0avgdata 1626848maxresident)k
19536inputs+30384outputs (6major+1493762minor)pagefaults 0swaps


Node: 9670332cfea8



Date: Thu Sep  8 19:59:18 EDT 2022

