cd /workdir/TBar_vul4j_apache_cxf_VUL4J-15;
export JAVA_TOOL_OPTIONS="-Dfile.encoding=UTF8 -Duser.language=en-US -Duser.country=US -Duser.language=en";
TZ="America/New_York"; export TZ;
export PATH="/usr/lib/jvm/java-8-openjdk-amd64/bin:$PATH";
export JAVA_HOME="/usr/lib/jvm/java-8-openjdk-amd64";
timeout 240m java -Xmx4g -Xms1g -XX:MaxPermSize=512m \
    -cp /script/../libs/tbar_external/com.gzoltar-0.1.1-jdk7.jar:/script/../repair_tools/tbar.jar edu.lu.uni.serval.tbar.main.Main \
    "/workdir/TBar_vul4j_apache_cxf_VUL4J-15" "org.apache.cxf.jaxrs.provider.atom.AtomPojoProviderTest#testReadEntryNoBuilders2,org.apache.cxf.jaxrs.provider.atom.AtomPojoProviderTest#testReadFeedWithoutBuilders2" "/rt/rs/extensions/providers/src/main/java/" "/rt/rs/extensions/providers/src/test/java/" "/rt/rs/extensions/providers/target/classes/" "/rt/rs/extensions/providers/target/test-classes/" "/script/../data/benchmarks/vul4j/perfectfl/VUL4J-15/spectra.txt" "mvn -pl rt/rs/extensions/providers -Dtest=org.apache.cxf.jaxrs.provider.atom.AtomPojoProviderTest test -Dhttps.protocols=TLSv1.2 -Denforcer.skip=true -Dcheckstyle.skip=true -Dcobertura.skip=true -DskipITs=true -Drat.skip=true -Dlicense.skip=true -Dpmd.skip=true -Dfindbugs.skip=true -Dgpg.skip=true -Dskip.npm=true -Dskip.gulp=true -Dskip.bower=true -Danimal.sniffer.skip=true -V -B" "mvn -pl rt/rs/extensions/providers -Dhttps.protocols=TLSv1.2 -Denforcer.skip=true -Dcheckstyle.skip=true -Dcobertura.skip=true -DskipITs=true -Drat.skip=true -Dlicense.skip=true -Dpmd.skip=true -Dfindbugs.skip=true -Dgpg.skip=true -Dskip.npm=true -Dskip.gulp=true -Dskip.bower=true -Danimal.sniffer.skip=true -V -B" "/workdir/TBar_vul4j_apache_cxf_VUL4J-15/rt/rs/extensions/providers/target/classes:/root/.m2/repository/org/apache/geronimo/specs/geronimo-javamail_1.4_spec/1.7.1/geronimo-javamail_1.4_spec-1.7.1.jar:/root/.m2/repository/stax/stax-api/1.0.1/stax-api-1.0.1.jar:/root/.m2/repository/org/apache/abdera/abdera-parser/1.1.3/abdera-parser-1.1.3.jar:/root/.m2/repository/com/sun/xml/bind/jaxb-core/2.2.11/jaxb-core-2.2.11.jar:/root/.m2/repository/org/ow2/asm/asm/5.0.4/asm-5.0.4.jar:/root/.m2/repository/org/apache/ws/commons/axiom/axiom-impl/1.2.14/axiom-impl-1.2.14.jar:/root/.m2/repository/org/apache/cxf/cxf-rt-databinding-xmlbeans/3.2.0-SNAPSHOT/cxf-rt-databinding-xmlbeans-3.2.0-SNAPSHOT.jar:/root/.m2/repository/org/apache/james/apache-mime4j-core/0.7.2/apache-mime4j-core-0.7.2.jar:/root/.m2/repository/cglib/cglib/3.1/cglib-3.1.jar:/root/.m2/repository/org/objenesis/objenesis/2.1/objenesis-2.1.jar:/root/.m2/repository/javax/servlet/javax.servlet-api/3.1.0/javax.servlet-api-3.1.0.jar:/root/.m2/repository/org/glassfish/javax.json/1.0.4/javax.json-1.0.4.jar:/root/.m2/repository/org/apache/cxf/cxf-rt-bindings-soap/3.2.0-SNAPSHOT/cxf-rt-bindings-soap-3.2.0-SNAPSHOT.jar:/root/.m2/repository/org/apache/cxf/cxf-rt-wsdl/3.2.0-SNAPSHOT/cxf-rt-wsdl-3.2.0-SNAPSHOT.jar:/root/.m2/repository/org/codehaus/jettison/jettison/1.3.8/jettison-1.3.8.jar:/root/.m2/repository/dom4j/dom4j/1.6.1/dom4j-1.6.1.jar:/root/.m2/repository/org/apache/tuscany/sdo/tuscany-sdo-api-r2.1/1.1.1/tuscany-sdo-api-r2.1-1.1.1.jar:/root/.m2/repository/org/eclipse/xsd/xsd/2.2.3/xsd-2.2.3.jar:/root/.m2/repository/org/eclipse/emf/codegen-ecore/2.2.3/codegen-ecore-2.2.3.jar:/root/.m2/repository/aopalliance/aopalliance/1.0/aopalliance-1.0.jar:/root/.m2/repository/org/apache/cxf/cxf-rt-transports-http/3.2.0-SNAPSHOT/cxf-rt-transports-http-3.2.0-SNAPSHOT.jar:/root/.m2/repository/javax/json/javax.json-api/1.0/javax.json-api-1.0.jar:/root/.m2/repository/org/eclipse/emf/ecore-xmi/2.2.3/ecore-xmi-2.2.3.jar:/root/.m2/repository/org/apache/ws/commons/axiom/axiom-api/1.2.14/axiom-api-1.2.14.jar:/root/.m2/repository/org/apache/cxf/cxf-rt-frontend-jaxrs/3.2.0-SNAPSHOT/cxf-rt-frontend-jaxrs-3.2.0-SNAPSHOT.jar:/root/.m2/repository/commons-codec/commons-codec/1.10/commons-codec-1.10.jar:/root/.m2/repository/org/apache/tuscany/sdo/tuscany-sdo-impl/1.1.1/tuscany-sdo-impl-1.1.1.jar:/root/.m2/repository/backport-util-concurrent/backport-util-concurrent/3.0/backport-util-concurrent-3.0.jar:/root/.m2/repository/jaxen/jaxen/1.1.4/jaxen-1.1.4.jar:/root/.m2/repository/org/eclipse/emf/common/2.2.3/common-2.2.3.jar:/root/.m2/repository/org/easymock/easymock/3.3.1/easymock-3.3.1.jar:/root/.m2/repository/org/apache/tuscany/sdo/tuscany-sdo-lib/1.1.1/tuscany-sdo-lib-1.1.1.jar:/root/.m2/repository/org/apache/cxf/cxf-rt-databinding-jaxb/3.2.0-SNAPSHOT/cxf-rt-databinding-jaxb-3.2.0-SNAPSHOT.jar:/root/.m2/repository/org/eclipse/emf/ecore-change/2.2.3/ecore-change-2.2.3.jar:/root/.m2/repository/javax/annotation/javax.annotation-api/1.2/javax.annotation-api-1.2.jar:/root/.m2/repository/org/apache/tuscany/sdo/tuscany-sdo-tools/1.1.1/tuscany-sdo-tools-1.1.1.jar:/root/.m2/repository/org/eclipse/emf/codegen/2.2.3/codegen-2.2.3.jar:/root/.m2/repository/org/apache/xmlbeans/xmlbeans/2.6.0/xmlbeans-2.6.0.jar:/root/.m2/repository/org/codehaus/woodstox/woodstox-core-asl/4.4.1/woodstox-core-asl-4.4.1.jar:/root/.m2/repository/org/apache/abdera/abdera-i18n/1.1.3/abdera-i18n-1.1.3.jar:/root/.m2/repository/org/apache/geronimo/specs/geronimo-activation_1.1_spec/1.1/geronimo-activation_1.1_spec-1.1.jar:/root/.m2/repository/org/apache/abdera/abdera-extensions-json/1.1.3/abdera-extensions-json-1.1.3.jar:/root/.m2/repository/org/hamcrest/hamcrest-core/1.3/hamcrest-core-1.3.jar:/root/.m2/repository/org/apache/cxf/cxf-rt-rs-json-basic/3.2.0-SNAPSHOT/cxf-rt-rs-json-basic-3.2.0-SNAPSHOT.jar:/root/.m2/repository/org/apache/abdera/abdera-extensions-main/1.1.3/abdera-extensions-main-1.1.3.jar:/root/.m2/repository/javax/ws/rs/javax.ws.rs-api/2.1-m01/javax.ws.rs-api-2.1-m01.jar:/root/.m2/repository/org/springframework/spring-beans/4.2.6.RELEASE/spring-beans-4.2.6.RELEASE.jar:/root/.m2/repository/org/eclipse/emf/ecore/2.2.3/ecore-2.2.3.jar:/root/.m2/repository/org/apache/cxf/cxf-rt-databinding-aegis/3.2.0-SNAPSHOT/cxf-rt-databinding-aegis-3.2.0-SNAPSHOT.jar:/root/.m2/repository/org/apache/cxf/cxf-rt-databinding-sdo/3.2.0-SNAPSHOT/cxf-rt-databinding-sdo-3.2.0-SNAPSHOT.jar:/root/.m2/repository/org/springframework/spring-expression/4.2.6.RELEASE/spring-expression-4.2.6.RELEASE.jar:/root/.m2/repository/org/springframework/spring-aop/4.2.6.RELEASE/spring-aop-4.2.6.RELEASE.jar:/root/.m2/repository/wsdl4j/wsdl4j/1.6.3/wsdl4j-1.6.3.jar:/root/.m2/repository/xml-apis/xml-apis/1.0.b2/xml-apis-1.0.b2.jar:/root/.m2/repository/org/springframework/spring-context/4.2.6.RELEASE/spring-context-4.2.6.RELEASE.jar:/root/.m2/repository/org/codehaus/woodstox/stax2-api/3.1.4/stax2-api-3.1.4.jar:/root/.m2/repository/junit/junit/4.12/junit-4.12.jar:/root/.m2/repository/org/apache/ws/xmlschema/xmlschema-core/2.2.1/xmlschema-core-2.2.1.jar:/root/.m2/repository/org/apache/cxf/cxf-core/3.2.0-SNAPSHOT/cxf-core-3.2.0-SNAPSHOT.jar:/root/.m2/repository/commons-logging/commons-logging/1.2/commons-logging-1.2.jar:/root/.m2/repository/com/sun/xml/bind/jaxb-impl/2.2.11/jaxb-impl-2.2.11.jar:/root/.m2/repository/org/apache/abdera/abdera-core/1.1.3/abdera-core-1.1.3.jar:/root/.m2/repository/org/springframework/spring-core/4.2.6.RELEASE/spring-core-4.2.6.RELEASE.jar";
echo "\n\nNode: `hostname`\n";
echo "\n\nDate: `date`\n";
Picked up JAVA_TOOL_OPTIONS: -Dfile.encoding=UTF8 -Duser.language=en-US -Duser.country=US -Duser.language=en
OpenJDK 64-Bit Server VM warning: ignoring option MaxPermSize=512m; support was removed in 8.0
06:46:38,103 |-INFO in ch.qos.logback.classic.LoggerContext[TBar] - Could NOT find resource [logback-test.xml]
06:46:38,103 |-INFO in ch.qos.logback.classic.LoggerContext[TBar] - Could NOT find resource [logback.groovy]
06:46:38,104 |-INFO in ch.qos.logback.classic.LoggerContext[TBar] - Found resource [logback.xml] at [jar:file:/repair_tools/tbar.jar!/logback.xml]
06:46:38,113 |-INFO in ch.qos.logback.core.joran.spi.ConfigurationWatchList@5a42bbf4 - URL [jar:file:/repair_tools/tbar.jar!/logback.xml] is not of type file
06:46:38,162 |-INFO in ch.qos.logback.classic.joran.action.ConfigurationAction - debug attribute not set
06:46:38,163 |-INFO in ch.qos.logback.classic.joran.action.ContextNameAction - Setting logger context name as [TBar]
06:46:38,163 |-INFO in ch.qos.logback.core.joran.action.AppenderAction - About to instantiate appender of type [ch.qos.logback.core.ConsoleAppender]
06:46:38,166 |-INFO in ch.qos.logback.core.joran.action.AppenderAction - Naming appender as [STDOUT]
06:46:38,203 |-INFO in ch.qos.logback.classic.joran.action.LoggerAction - Setting level of logger [org.hibernate.engine.query.HQLQueryPlan] to DEBUG
06:46:38,203 |-INFO in ch.qos.logback.classic.joran.action.LoggerAction - Setting additivity of logger [org.hibernate.engine.query.HQLQueryPlan] to false
06:46:38,203 |-INFO in ch.qos.logback.classic.joran.action.LoggerAction - Setting level of logger [com.piedra.logback] to DEBUG
06:46:38,203 |-ERROR in ch.qos.logback.core.joran.action.AppenderRefAction - Could not find an appender named [FILE]. Did you define it below instead of above in the configuration file?
06:46:38,203 |-ERROR in ch.qos.logback.core.joran.action.AppenderRefAction - See http://logback.qos.ch/codes.html#appender_order for more details.
06:46:38,204 |-INFO in ch.qos.logback.classic.joran.action.RootLoggerAction - Setting level of ROOT logger to DEBUG
06:46:38,204 |-INFO in ch.qos.logback.core.joran.action.AppenderRefAction - Attaching appender named [STDOUT] to Logger[ROOT]
06:46:38,204 |-ERROR in ch.qos.logback.core.joran.action.AppenderRefAction - Could not find an appender named [ROLLINGFILE]. Did you define it below instead of above in the configuration file?
06:46:38,204 |-ERROR in ch.qos.logback.core.joran.action.AppenderRefAction - See http://logback.qos.ch/codes.html#appender_order for more details.
06:46:38,204 |-INFO in ch.qos.logback.classic.joran.action.ConfigurationAction - End of configuration.
06:46:38,205 |-INFO in ch.qos.logback.classic.joran.JoranConfigurator@270421f5 - Registering current configuration as safe fallback point

2022-09-14 06:46:38.299 [main] INFO  edu.lu.uni.serval.tbar.AbstractFixer - TBar_vul4j_apache_cxf_VUL4J-15 Failed Tests: 2
2022-09-14 06:46:38.302 [main] INFO  edu.lu.uni.serval.tbar.TBarFixer - =======StaticBugFixer: Start to fix suspicious code======
2022-09-14 06:46:38.302 [main] DEBUG edu.lu.uni.serval.tbar.AbstractFixer - org.apache.cxf.jaxrs.provider.atom.AbstractAtomProvider ===92
2022-09-14 06:46:38.648 [main] DEBUG edu.lu.uni.serval.tbar.AbstractFixer - Suspicious Code: 
options.setResolveEntities(false);
2022-09-14 06:46:40.679 [main] DEBUG edu.lu.uni.serval.tbar.AbstractFixer - Patch Candidate:
@@ -89,7 +89,7 @@ public abstract class AbstractAtomProvider<T extends Element>
-                options.setResolveEntities(false);
+                options.setResolveEntities(true);
2022-09-14 06:46:40.679 [main] DEBUG edu.lu.uni.serval.tbar.AbstractFixer - Compiling
2022-09-14 06:46:41.310 [main] DEBUG edu.lu.uni.serval.tbar.AbstractFixer - Test previously failed test cases.
2022-09-14 06:46:50.690 [main] DEBUG edu.lu.uni.serval.tbar.AbstractFixer - Patch Candidate:
@@ -89,7 +89,7 @@ public abstract class AbstractAtomProvider<T extends Element>
-                options.setResolveEntities(false);
+
2022-09-14 06:46:50.690 [main] DEBUG edu.lu.uni.serval.tbar.AbstractFixer - Compiling
2022-09-14 06:46:51.328 [main] DEBUG edu.lu.uni.serval.tbar.AbstractFixer - Test previously failed test cases.
2022-09-14 06:47:00.233 [main] DEBUG edu.lu.uni.serval.tbar.AbstractFixer - Patch Candidate:
@@ -81,20 +81,7 @@ public abstract class AbstractAtomProvider<T extends Element>
-    public T readFrom(Class<T> clazz, Type t, Annotation[] a, MediaType mt,
-                         MultivaluedMap<String, String> headers, InputStream is)
-        throws IOException {
-        Parser parser = ATOM_ENGINE.getParser();
-        synchronized (parser) {
-            ParserOptions options = parser.getDefaultParserOptions();
-            if (options != null) {
-                options.setAutodetectCharset(autodetectCharset);
-                options.setResolveEntities(false);
-            }
-        }
-        Document<T> doc = parser.parse(is);
-        return doc.getRoot();
-    }
+
2022-09-14 06:47:00.233 [main] DEBUG edu.lu.uni.serval.tbar.AbstractFixer - Compiling
2022-09-14 06:47:00.872 [main] DEBUG edu.lu.uni.serval.tbar.AbstractFixer - Test previously failed test cases.
2022-09-14 06:47:09.483 [main] DEBUG edu.lu.uni.serval.tbar.AbstractFixer - org.apache.cxf.jaxrs.provider.atom.AbstractAtomProvider ===95
2022-09-14 06:47:09.501 [main] DEBUG edu.lu.uni.serval.tbar.AbstractFixer - Suspicious Code: 
Document<T> doc = parser.parse(is);
2022-09-14 06:47:09.570 [main] DEBUG edu.lu.uni.serval.tbar.AbstractFixer - Patch Candidate:
@@ -92,8 +92,11 @@ public abstract class AbstractAtomProvider<T extends Element>
-        Document<T> doc = parser.parse(is);
+        if (parser != null) {
+	Document<T> doc = parser.parse(is);
+	}
+
2022-09-14 06:47:09.570 [main] DEBUG edu.lu.uni.serval.tbar.AbstractFixer - Compiling
2022-09-14 06:47:10.215 [main] DEBUG edu.lu.uni.serval.tbar.AbstractFixer - BuggyProject ---Fixer: fix fail because of failed compiling! 
2022-09-14 06:47:10.254 [main] DEBUG edu.lu.uni.serval.tbar.AbstractFixer - Patch Candidate:
@@ -92,7 +92,10 @@ public abstract class AbstractAtomProvider<T extends Element>
-        Document<T> doc = parser.parse(is);
+        if (parser == null) {
+	    throw new IllegalArgumentException("Null 'parser' argument.");
+	}
+Document<T> doc = parser.parse(is);
2022-09-14 06:47:10.254 [main] DEBUG edu.lu.uni.serval.tbar.AbstractFixer - Compiling
2022-09-14 06:47:10.877 [main] DEBUG edu.lu.uni.serval.tbar.AbstractFixer - Test previously failed test cases.
2022-09-14 06:47:20.006 [main] DEBUG edu.lu.uni.serval.tbar.AbstractFixer - Patch Candidate:
@@ -92,7 +92,10 @@ public abstract class AbstractAtomProvider<T extends Element>
-        Document<T> doc = parser.parse(is);
+        if (parser == null) {
+	    return null;
+	}
+Document<T> doc = parser.parse(is);
2022-09-14 06:47:20.006 [main] DEBUG edu.lu.uni.serval.tbar.AbstractFixer - Compiling
2022-09-14 06:47:20.661 [main] DEBUG edu.lu.uni.serval.tbar.AbstractFixer - Test previously failed test cases.
2022-09-14 06:47:29.575 [main] DEBUG edu.lu.uni.serval.tbar.AbstractFixer - Patch Candidate:
@@ -92,7 +92,8 @@ public abstract class AbstractAtomProvider<T extends Element>
-        Document<T> doc = parser.parse(is);
+        if (parser == null) parser = new Parser();
+ Document<T> doc = parser.parse(is);
2022-09-14 06:47:29.575 [main] DEBUG edu.lu.uni.serval.tbar.AbstractFixer - Compiling
2022-09-14 06:47:30.145 [main] DEBUG edu.lu.uni.serval.tbar.AbstractFixer - BuggyProject ---Fixer: fix fail because of failed compiling! 
2022-09-14 06:47:30.185 [main] DEBUG edu.lu.uni.serval.tbar.AbstractFixer - Patch Candidate:
@@ -92,7 +92,8 @@ public abstract class AbstractAtomProvider<T extends Element>
-        Document<T> doc = parser.parse(is);
+        if (parser == null) return new T();
+	 Document<T> doc = parser.parse(is);
2022-09-14 06:47:30.185 [main] DEBUG edu.lu.uni.serval.tbar.AbstractFixer - Compiling
2022-09-14 06:47:30.820 [main] DEBUG edu.lu.uni.serval.tbar.AbstractFixer - BuggyProject ---Fixer: fix fail because of failed compiling! 
2022-09-14 06:47:30.860 [main] DEBUG edu.lu.uni.serval.tbar.AbstractFixer - Patch Candidate:
@@ -92,8 +92,11 @@ public abstract class AbstractAtomProvider<T extends Element>
-        Document<T> doc = parser.parse(is);
+        if (is != null) {
+	Document<T> doc = parser.parse(is);
+	}
+
2022-09-14 06:47:30.861 [main] DEBUG edu.lu.uni.serval.tbar.AbstractFixer - Compiling
2022-09-14 06:47:31.420 [main] DEBUG edu.lu.uni.serval.tbar.AbstractFixer - BuggyProject ---Fixer: fix fail because of failed compiling! 
2022-09-14 06:47:31.459 [main] DEBUG edu.lu.uni.serval.tbar.AbstractFixer - Patch Candidate:
@@ -92,7 +92,10 @@ public abstract class AbstractAtomProvider<T extends Element>
-        Document<T> doc = parser.parse(is);
+        if (is == null) {
+	    throw new IllegalArgumentException("Null 'is' argument.");
+	}
+Document<T> doc = parser.parse(is);
2022-09-14 06:47:31.459 [main] DEBUG edu.lu.uni.serval.tbar.AbstractFixer - Compiling
2022-09-14 06:47:32.132 [main] DEBUG edu.lu.uni.serval.tbar.AbstractFixer - Test previously failed test cases.
2022-09-14 06:47:40.928 [main] DEBUG edu.lu.uni.serval.tbar.AbstractFixer - Patch Candidate:
@@ -92,7 +92,10 @@ public abstract class AbstractAtomProvider<T extends Element>
-        Document<T> doc = parser.parse(is);
+        if (is == null) {
+	    return null;
+	}
+Document<T> doc = parser.parse(is);
2022-09-14 06:47:40.928 [main] DEBUG edu.lu.uni.serval.tbar.AbstractFixer - Compiling
2022-09-14 06:47:41.572 [main] DEBUG edu.lu.uni.serval.tbar.AbstractFixer - Test previously failed test cases.
2022-09-14 06:47:50.228 [main] DEBUG edu.lu.uni.serval.tbar.AbstractFixer - Patch Candidate:
@@ -92,7 +92,8 @@ public abstract class AbstractAtomProvider<T extends Element>
-        Document<T> doc = parser.parse(is);
+        if (is == null) is = new InputStream();
+ Document<T> doc = parser.parse(is);
2022-09-14 06:47:50.228 [main] DEBUG edu.lu.uni.serval.tbar.AbstractFixer - Compiling
2022-09-14 06:47:50.912 [main] DEBUG edu.lu.uni.serval.tbar.AbstractFixer - BuggyProject ---Fixer: fix fail because of failed compiling! 
2022-09-14 06:47:50.950 [main] DEBUG edu.lu.uni.serval.tbar.AbstractFixer - Patch Candidate:
@@ -92,7 +92,8 @@ public abstract class AbstractAtomProvider<T extends Element>
-        Document<T> doc = parser.parse(is);
+        if (is == null) return new T();
+	 Document<T> doc = parser.parse(is);
2022-09-14 06:47:50.950 [main] DEBUG edu.lu.uni.serval.tbar.AbstractFixer - Compiling
2022-09-14 06:47:51.501 [main] DEBUG edu.lu.uni.serval.tbar.AbstractFixer - BuggyProject ---Fixer: fix fail because of failed compiling! 
2022-09-14 06:47:51.538 [main] DEBUG edu.lu.uni.serval.tbar.AbstractFixer - Patch Candidate:
@@ -92,8 +92,11 @@ public abstract class AbstractAtomProvider<T extends Element>
-        Document<T> doc = parser.parse(is);
+        if (parser != null && is != null) {
+	Document<T> doc = parser.parse(is);
+	}
+
2022-09-14 06:47:51.538 [main] DEBUG edu.lu.uni.serval.tbar.AbstractFixer - Compiling
2022-09-14 06:47:52.166 [main] DEBUG edu.lu.uni.serval.tbar.AbstractFixer - BuggyProject ---Fixer: fix fail because of failed compiling! 
2022-09-14 06:47:52.246 [main] DEBUG edu.lu.uni.serval.tbar.AbstractFixer - Patch Candidate:
@@ -92,7 +92,7 @@ public abstract class AbstractAtomProvider<T extends Element>
-        Document<T> doc = parser.parse(is);
+
2022-09-14 06:47:52.247 [main] DEBUG edu.lu.uni.serval.tbar.AbstractFixer - Compiling
2022-09-14 06:47:52.894 [main] DEBUG edu.lu.uni.serval.tbar.AbstractFixer - BuggyProject ---Fixer: fix fail because of failed compiling! 
2022-09-14 06:47:52.902 [main] INFO  edu.lu.uni.serval.tbar.TBarFixer - =======StaticBugFixer: Finish off fixing======
Failed to fix bug


Node: ee2bf67284b9



Date: Wed Sep 14 06:47:52 EDT 2022

