cd /workdir/jKali_vul4j_apereo_java-cas-client_VUL4J-38;
export JAVA_TOOL_OPTIONS="-Dfile.encoding=UTF8 -Duser.language=en-US -Duser.country=US -Duser.language=en";
TZ="America/New_York"; export TZ;
export PATH="/usr/lib/jvm/java-8-openjdk-amd64/bin:$PATH";
export JAVA_HOME="/usr/lib/jvm/java-8-openjdk-amd64/bin";
time java -Xmx4g -Xms1g -XX:MaxPermSize=512m -cp /script/../libs/jtestex7.jar:/script/../repair_tools/astor.jar fr.inria.main.evolution.AstorMain \
	-mode jkali \
	-location . \
	-id apereo_java-cas-client-VUL4J-38 \
	-failing org.jasig.cas.client.validation.Cas10TicketValidatorTests#urlEncodedValues \
	-jvm4testexecution /usr/lib/jvm/java-8-openjdk-amd64/bin \
	-jvm4evosuitetestexecution /usr/lib/jvm/java-8-openjdk-amd64/bin \
	-maxgen 1000000 \
	-maxtime 120 \
	-stopfirst true \
	-seed 0 \
	-scope local \
	-population 1 \
	-javacompliancelevel 8 \
	-faultlocalization perfect \
    -perfectdata /script/../data/benchmarks/vul4j/perfectfl/VUL4J-38 \
    -validation externalcmd \
    -testfailingcmd "mvn test -pl cas-client-core -Dtest=org.jasig.cas.client.validation.Cas10TicketValidatorTests -Dhttps.protocols=TLSv1.2 -Denforcer.skip=true -Dcheckstyle.skip=true -Dcobertura.skip=true -DskipITs=true -Drat.skip=true -Dlicense.skip=true -Dpmd.skip=true -Dfindbugs.skip=true -Dgpg.skip=true -Dskip.npm=true -Dskip.gulp=true -Dskip.bower=true -Danimal.sniffer.skip=true -V -B" \
    -testallcmd "mvn test -pl cas-client-core -Dhttps.protocols=TLSv1.2 -Denforcer.skip=true -Dcheckstyle.skip=true -Dcobertura.skip=true -DskipITs=true -Drat.skip=true -Dlicense.skip=true -Dpmd.skip=true -Dfindbugs.skip=true -Dgpg.skip=true -Dskip.npm=true -Dskip.gulp=true -Dskip.bower=true -Danimal.sniffer.skip=true -V -B"  \ \
	-srcjavafolder cas-client-core/src/main/java \
	-srctestfolder cas-client-core/src/test/java \
	-binjavafolder cas-client-core/target/classes \
	-bintestfolder cas-client-core/target/test-classes \
	-parameters x:x \
	-dependencies /root/.m2/repository/xerces/xercesImpl/2.10.0/xercesImpl-2.10.0.jar:/root/.m2/repository/org/opensaml/xmltooling/1.3.2-1/xmltooling-1.3.2-1.jar:/root/.m2/repository/org/opensaml/openws/1.4.2-1/openws-1.4.2-1.jar:/root/.m2/repository/javax/servlet/javax.servlet-api/3.0.1/javax.servlet-api-3.0.1.jar:/root/.m2/repository/joda-time/joda-time/1.6.2/joda-time-1.6.2.jar:/root/.m2/repository/org/springframework/spring-beans/3.1.3.RELEASE/spring-beans-3.1.3.RELEASE.jar:/root/.m2/repository/xalan/xalan/2.7.1/xalan-2.7.1.jar:/root/.m2/repository/org/slf4j/jul-to-slf4j/1.6.1/jul-to-slf4j-1.6.1.jar:/root/.m2/repository/org/bouncycastle/bcprov-jdk15/1.45/bcprov-jdk15-1.45.jar:/root/.m2/repository/org/slf4j/log4j-over-slf4j/1.6.1/log4j-over-slf4j-1.6.1.jar:/root/.m2/repository/commons-collections/commons-collections/3.1/commons-collections-3.1.jar:/root/.m2/repository/org/slf4j/slf4j-api/1.7.1/slf4j-api-1.7.1.jar:/root/.m2/repository/ca/juliusdavies/not-yet-commons-ssl/0.3.9/not-yet-commons-ssl-0.3.9.jar:/root/.m2/repository/commons-httpclient/commons-httpclient/3.1/commons-httpclient-3.1.jar:/root/.m2/repository/org/springframework/spring-expression/3.1.3.RELEASE/spring-expression-3.1.3.RELEASE.jar:/root/.m2/repository/xalan/serializer/2.7.1/serializer-2.7.1.jar:/root/.m2/repository/velocity/velocity/1.5/velocity-1.5.jar:/root/.m2/repository/commons-codec/commons-codec/1.4/commons-codec-1.4.jar:/root/.m2/repository/junit/junit/4.8.2/junit-4.8.2.jar:/root/.m2/repository/org/springframework/spring-core/3.1.3.RELEASE/spring-core-3.1.3.RELEASE.jar:/root/.m2/repository/aopalliance/aopalliance/1.0/aopalliance-1.0.jar:/root/.m2/repository/log4j/log4j/1.2.15/log4j-1.2.15.jar:/root/.m2/repository/xml-apis/xml-apis/1.4.01/xml-apis-1.4.01.jar:/root/.m2/repository/commons-lang/commons-lang/2.1/commons-lang-2.1.jar:/root/.m2/repository/org/slf4j/jcl-over-slf4j/1.7.1/jcl-over-slf4j-1.7.1.jar:/root/.m2/repository/org/springframework/spring-asm/3.1.3.RELEASE/spring-asm-3.1.3.RELEASE.jar:/root/.m2/repository/org/apache/santuario/xmlsec/1.4.4/xmlsec-1.4.4.jar:/root/.m2/repository/org/owasp/esapi/esapi/2.0GA/esapi-2.0GA.jar:/root/.m2/repository/xml-resolver/xml-resolver/1.2/xml-resolver-1.2.jar:/root/.m2/repository/xml-security/xmlsec/1.3.0/xmlsec-1.3.0.jar:/root/.m2/repository/org/slf4j/slf4j-simple/1.7.1/slf4j-simple-1.7.1.jar:/root/.m2/repository/org/springframework/spring-aop/3.1.3.RELEASE/spring-aop-3.1.3.RELEASE.jar:/root/.m2/repository/net/jcip/jcip-annotations/1.0/jcip-annotations-1.0.jar:/root/.m2/repository/org/springframework/spring-test/3.1.3.RELEASE/spring-test-3.1.3.RELEASE.jar:/root/.m2/repository/javax/activation/activation/1.1/activation-1.1.jar:/root/.m2/repository/javax/mail/mail/1.4/mail-1.4.jar:/root/.m2/repository/org/opensaml/opensaml/2.5.1-1/opensaml-2.5.1-1.jar:/root/.m2/repository/org/springframework/spring-context/3.1.3.RELEASE/spring-context-3.1.3.RELEASE.jar;
	echo "\n\nNode: `hostname`\n";
	echo "\n\nDate: `date`\n";
Picked up JAVA_TOOL_OPTIONS: -Dfile.encoding=UTF8 -Duser.language=en-US -Duser.country=US -Duser.language=en
OpenJDK 64-Bit Server VM warning: ignoring option MaxPermSize=512m; support was removed in 8.0
[0] INFO ProjectConfiguration - Version of the JVM used: 1.8.0_342
[1] INFO main - Java version of the JDK used to run tests: 1.8.0_342
[1] INFO main - The compliance of the JVM is:  8
[27] INFO main - command line arguments: [-mode  jkali  -location  .  -id  apereo_java-cas-client-VUL4J-38  -failing  org.jasig.cas.client.validation.Cas10TicketValidatorTests#urlEncodedValues  -jvm4testexecution  /usr/lib/jvm/java-8-openjdk-amd64/bin  -jvm4evosuitetestexecution  /usr/lib/jvm/java-8-openjdk-amd64/bin  -maxgen  1000000  -maxtime  120  -stopfirst  true  -seed  0  -scope  local  -population  1  -javacompliancelevel  8  -faultlocalization  perfect  -perfectdata  /script/../data/benchmarks/vul4j/perfectfl/VUL4J-38  -validation  externalcmd  -testfailingcmd  mvn test -pl cas-client-core -Dtest=org.jasig.cas.client.validation.Cas10TicketValidatorTests -Dhttps.protocols=TLSv1.2 -Denforcer.skip=true -Dcheckstyle.skip=true -Dcobertura.skip=true -DskipITs=true -Drat.skip=true -Dlicense.skip=true -Dpmd.skip=true -Dfindbugs.skip=true -Dgpg.skip=true -Dskip.npm=true -Dskip.gulp=true -Dskip.bower=true -Danimal.sniffer.skip=true -V -B  -testallcmd  mvn test -pl cas-client-core -Dhttps.protocols=TLSv1.2 -Denforcer.skip=true -Dcheckstyle.skip=true -Dcobertura.skip=true -DskipITs=true -Drat.skip=true -Dlicense.skip=true -Dpmd.skip=true -Dfindbugs.skip=true -Dgpg.skip=true -Dskip.npm=true -Dskip.gulp=true -Dskip.bower=true -Danimal.sniffer.skip=true -V -B     -srcjavafolder  cas-client-core/src/main/java  -srctestfolder  cas-client-core/src/test/java  -binjavafolder  cas-client-core/target/classes  -bintestfolder  cas-client-core/target/test-classes  -parameters  x:x  -dependencies  /root/.m2/repository/xerces/xercesImpl/2.10.0/xercesImpl-2.10.0.jar:/root/.m2/repository/org/opensaml/xmltooling/1.3.2-1/xmltooling-1.3.2-1.jar:/root/.m2/repository/org/opensaml/openws/1.4.2-1/openws-1.4.2-1.jar:/root/.m2/repository/javax/servlet/javax.servlet-api/3.0.1/javax.servlet-api-3.0.1.jar:/root/.m2/repository/joda-time/joda-time/1.6.2/joda-time-1.6.2.jar:/root/.m2/repository/org/springframework/spring-beans/3.1.3.RELEASE/spring-beans-3.1.3.RELEASE.jar:/root/.m2/repository/xalan/xalan/2.7.1/xalan-2.7.1.jar:/root/.m2/repository/org/slf4j/jul-to-slf4j/1.6.1/jul-to-slf4j-1.6.1.jar:/root/.m2/repository/org/bouncycastle/bcprov-jdk15/1.45/bcprov-jdk15-1.45.jar:/root/.m2/repository/org/slf4j/log4j-over-slf4j/1.6.1/log4j-over-slf4j-1.6.1.jar:/root/.m2/repository/commons-collections/commons-collections/3.1/commons-collections-3.1.jar:/root/.m2/repository/org/slf4j/slf4j-api/1.7.1/slf4j-api-1.7.1.jar:/root/.m2/repository/ca/juliusdavies/not-yet-commons-ssl/0.3.9/not-yet-commons-ssl-0.3.9.jar:/root/.m2/repository/commons-httpclient/commons-httpclient/3.1/commons-httpclient-3.1.jar:/root/.m2/repository/org/springframework/spring-expression/3.1.3.RELEASE/spring-expression-3.1.3.RELEASE.jar:/root/.m2/repository/xalan/serializer/2.7.1/serializer-2.7.1.jar:/root/.m2/repository/velocity/velocity/1.5/velocity-1.5.jar:/root/.m2/repository/commons-codec/commons-codec/1.4/commons-codec-1.4.jar:/root/.m2/repository/junit/junit/4.8.2/junit-4.8.2.jar:/root/.m2/repository/org/springframework/spring-core/3.1.3.RELEASE/spring-core-3.1.3.RELEASE.jar:/root/.m2/repository/aopalliance/aopalliance/1.0/aopalliance-1.0.jar:/root/.m2/repository/log4j/log4j/1.2.15/log4j-1.2.15.jar:/root/.m2/repository/xml-apis/xml-apis/1.4.01/xml-apis-1.4.01.jar:/root/.m2/repository/commons-lang/commons-lang/2.1/commons-lang-2.1.jar:/root/.m2/repository/org/slf4j/jcl-over-slf4j/1.7.1/jcl-over-slf4j-1.7.1.jar:/root/.m2/repository/org/springframework/spring-asm/3.1.3.RELEASE/spring-asm-3.1.3.RELEASE.jar:/root/.m2/repository/org/apache/santuario/xmlsec/1.4.4/xmlsec-1.4.4.jar:/root/.m2/repository/org/owasp/esapi/esapi/2.0GA/esapi-2.0GA.jar:/root/.m2/repository/xml-resolver/xml-resolver/1.2/xml-resolver-1.2.jar:/root/.m2/repository/xml-security/xmlsec/1.3.0/xmlsec-1.3.0.jar:/root/.m2/repository/org/slf4j/slf4j-simple/1.7.1/slf4j-simple-1.7.1.jar:/root/.m2/repository/org/springframework/spring-aop/3.1.3.RELEASE/spring-aop-3.1.3.RELEASE.jar:/root/.m2/repository/net/jcip/jcip-annotations/1.0/jcip-annotations-1.0.jar:/root/.m2/repository/org/springframework/spring-test/3.1.3.RELEASE/spring-test-3.1.3.RELEASE.jar:/root/.m2/repository/javax/activation/activation/1.1/activation-1.1.jar:/root/.m2/repository/javax/mail/mail/1.4/mail-1.4.jar:/root/.m2/repository/org/opensaml/opensaml/2.5.1-1/opensaml-2.5.1-1.jar:/root/.m2/repository/org/springframework/spring-context/3.1.3.RELEASE/spring-context-3.1.3.RELEASE.jar]
[33] INFO AstorMain - Running Astor on a JDK at /usr/lib/jvm/java-8-openjdk-amd64/jre
[57] INFO main - Source folders: [/workdir/jKali_vul4j_apereo_java-cas-client_VUL4J-38/./cas-client-core/src/main/java]
[58] INFO main - Source Test folders: [/workdir/jKali_vul4j_apereo_java-cas-client_VUL4J-38/./cas-client-core/src/test/java]
[1786] INFO AstorCoreEngine - ---- Creating spoon model
[1827] INFO MutationSupporter - Creating model,  Code location from working folder: /workdir/jKali_vul4j_apereo_java-cas-client_VUL4J-38/./cas-client-core/src/main/java
[1828] INFO MutationSupporter - building model: /workdir/jKali_vul4j_apereo_java-cas-client_VUL4J-38/./cas-client-core/src/main/java, compliance level: 8
[1872] INFO MutationSupporter - Classpath (Dependencies) for building SpoonModel: [/root/.m2/repository/xerces/xercesImpl/2.10.0/xercesImpl-2.10.0.jar, /root/.m2/repository/org/opensaml/xmltooling/1.3.2-1/xmltooling-1.3.2-1.jar, /root/.m2/repository/org/opensaml/openws/1.4.2-1/openws-1.4.2-1.jar, /root/.m2/repository/javax/servlet/javax.servlet-api/3.0.1/javax.servlet-api-3.0.1.jar, /root/.m2/repository/joda-time/joda-time/1.6.2/joda-time-1.6.2.jar, /root/.m2/repository/org/springframework/spring-beans/3.1.3.RELEASE/spring-beans-3.1.3.RELEASE.jar, /root/.m2/repository/xalan/xalan/2.7.1/xalan-2.7.1.jar, /root/.m2/repository/org/slf4j/jul-to-slf4j/1.6.1/jul-to-slf4j-1.6.1.jar, /root/.m2/repository/org/bouncycastle/bcprov-jdk15/1.45/bcprov-jdk15-1.45.jar, /root/.m2/repository/org/slf4j/log4j-over-slf4j/1.6.1/log4j-over-slf4j-1.6.1.jar, /root/.m2/repository/commons-collections/commons-collections/3.1/commons-collections-3.1.jar, /root/.m2/repository/org/slf4j/slf4j-api/1.7.1/slf4j-api-1.7.1.jar, /root/.m2/repository/ca/juliusdavies/not-yet-commons-ssl/0.3.9/not-yet-commons-ssl-0.3.9.jar, /root/.m2/repository/commons-httpclient/commons-httpclient/3.1/commons-httpclient-3.1.jar, /root/.m2/repository/org/springframework/spring-expression/3.1.3.RELEASE/spring-expression-3.1.3.RELEASE.jar, /root/.m2/repository/xalan/serializer/2.7.1/serializer-2.7.1.jar, /root/.m2/repository/velocity/velocity/1.5/velocity-1.5.jar, /root/.m2/repository/commons-codec/commons-codec/1.4/commons-codec-1.4.jar, /root/.m2/repository/junit/junit/4.8.2/junit-4.8.2.jar, /root/.m2/repository/org/springframework/spring-core/3.1.3.RELEASE/spring-core-3.1.3.RELEASE.jar, /root/.m2/repository/aopalliance/aopalliance/1.0/aopalliance-1.0.jar, /root/.m2/repository/log4j/log4j/1.2.15/log4j-1.2.15.jar, /root/.m2/repository/xml-apis/xml-apis/1.4.01/xml-apis-1.4.01.jar, /root/.m2/repository/commons-lang/commons-lang/2.1/commons-lang-2.1.jar, /root/.m2/repository/org/slf4j/jcl-over-slf4j/1.7.1/jcl-over-slf4j-1.7.1.jar, /root/.m2/repository/org/springframework/spring-asm/3.1.3.RELEASE/spring-asm-3.1.3.RELEASE.jar, /root/.m2/repository/org/apache/santuario/xmlsec/1.4.4/xmlsec-1.4.4.jar, /root/.m2/repository/org/owasp/esapi/esapi/2.0GA/esapi-2.0GA.jar, /root/.m2/repository/xml-resolver/xml-resolver/1.2/xml-resolver-1.2.jar, /root/.m2/repository/xml-security/xmlsec/1.3.0/xmlsec-1.3.0.jar, /root/.m2/repository/org/slf4j/slf4j-simple/1.7.1/slf4j-simple-1.7.1.jar, /root/.m2/repository/org/springframework/spring-aop/3.1.3.RELEASE/spring-aop-3.1.3.RELEASE.jar, /root/.m2/repository/net/jcip/jcip-annotations/1.0/jcip-annotations-1.0.jar, /root/.m2/repository/org/springframework/spring-test/3.1.3.RELEASE/spring-test-3.1.3.RELEASE.jar, /root/.m2/repository/javax/activation/activation/1.1/activation-1.1.jar, /root/.m2/repository/javax/mail/mail/1.4/mail-1.4.jar, /root/.m2/repository/org/opensaml/opensaml/2.5.1-1/opensaml-2.5.1-1.jar, /root/.m2/repository/org/springframework/spring-context/3.1.3.RELEASE/spring-context-3.1.3.RELEASE.jar]
[14342] INFO AstorCoreEngine - Number of CtTypes created: 63
[14511] INFO AstorCoreEngine - Test retrieved from classes: 0
[14848] INFO AstorCoreEngine - Setting up the max to 3370 milliseconds (3 sec)
[14848] INFO AstorCoreEngine - ---- Initial suspicious size: 3
[15614] INFO main - Total suspicious from FL: 3,  3
[15614] INFO main - Total ModPoint created: 3
[15614] INFO main - Creating program variant #1, [Variant id: 1, #gens: 3, #ops: 0, parent:-]
[15615] INFO main - Run previously failing tests...
[46563] INFO main - Failed tests: 1
[46569] INFO AstorCoreEngine - The original fitness is : 1.0
[46569] WARN ConfigurationProperties - ----------------------------
[46569] INFO ConfigurationProperties - ---Configuration properties
[46570] INFO ConfigurationProperties - p:lastJUnitVersion= ./examples/libs/junit-4.11.jar
[46570] INFO ConfigurationProperties - p:alternativecompliancelevel= 8
[46570] INFO ConfigurationProperties - p:ignoredTestCases= 
[46570] INFO ConfigurationProperties - p:workingDirectory= /workdir/jKali_vul4j_apereo_java-cas-client_VUL4J-38/./output_astor
[46570] INFO ConfigurationProperties - p:manipulatesuper= false
[46570] INFO ConfigurationProperties - p:validation= externalcmd
[46570] INFO ConfigurationProperties - p:jvm4testexecution= /usr/lib/jvm/java-8-openjdk-amd64/bin
[46579] INFO ConfigurationProperties - p:operatorspace= suppression
[46579] INFO ConfigurationProperties - p:diffcontext= 0
[46579] INFO ConfigurationProperties - p:binjavafolder= cas-client-core/target/classes
[46579] INFO ConfigurationProperties - p:synthesis_depth= 3
[46579] INFO ConfigurationProperties - p:gzoltartestpackagetoexclude= junit.framework
[46579] INFO ConfigurationProperties - p:skipfitnessinitialpopulation= false
[46579] INFO ConfigurationProperties - p:evosuiteresultfolder= evosuite
[46579] INFO ConfigurationProperties - p:flthreshold= 0.1
[46580] INFO ConfigurationProperties - p:regressionforfaultlocalization= true
[46580] INFO ConfigurationProperties - p:collectonlyusedmethod= false
[46580] INFO ConfigurationProperties - p:preservelinenumbers= true
[46580] INFO ConfigurationProperties - p:tmax2= 3370
[46580] INFO ConfigurationProperties - p:tmax1= 10000
[46580] INFO ConfigurationProperties - p:probagenmutation= false
[46580] INFO ConfigurationProperties - p:nomodificationconvergence= 100
[46580] INFO ConfigurationProperties - p:diff_type= relative
[46580] INFO ConfigurationProperties - p:targetelementprocessor= statements
[46580] INFO ConfigurationProperties - p:srctestfolder= cas-client-core/src/test/java
[46580] INFO ConfigurationProperties - p:forceExecuteRegression= false
[46581] INFO ConfigurationProperties - p:clusteringfilename= clustering.csv
[46581] INFO ConfigurationProperties - p:failing= org.jasig.cas.client.validation.Cas10TicketValidatorTests#urlEncodedValues
[46581] INFO ConfigurationProperties - p:logtestexecution= false
[46587] INFO ConfigurationProperties - p:evo_buggy_class= true
[46587] INFO ConfigurationProperties - p:numberExecutions= 1
[46587] INFO ConfigurationProperties - p:maxnumbersolutions= 1000000
[46588] INFO ConfigurationProperties - p:evo_affected_by_op= true
[46588] INFO ConfigurationProperties - p:population= 1
[46588] INFO ConfigurationProperties - p:considerzerovaluesusp= false
[46588] INFO ConfigurationProperties - p:maxCombinationVariableLimit= false
[46588] INFO ConfigurationProperties - p:savesolution= true
[46588] INFO ConfigurationProperties - p:javacompliancelevel= 8
[46588] INFO ConfigurationProperties - p:x= x
[46592] INFO ConfigurationProperties - p:uniqueoptogen= false
[46592] INFO ConfigurationProperties - p:gzoltarpackagetonotinstrument= junit.framework
[46597] INFO ConfigurationProperties - p:projectIdentifier= apereo_java-cas-client-VUL4J-38
[46598] INFO ConfigurationProperties - p:modificationpointnavigation= weight
[46598] INFO ConfigurationProperties - p:stopfirst= true
[46598] INFO ConfigurationProperties - p:multipointmodification= false
[46598] INFO ConfigurationProperties - p:elementsToMutate= 10
[46598] INFO ConfigurationProperties - p:jsonoutputname= astor_output
[46598] INFO ConfigurationProperties - p:evoDSE= false
[46598] INFO ConfigurationProperties - p:bintestfolder= cas-client-core/target/test-classes
[46598] INFO ConfigurationProperties - p:testbystep= false
[46598] INFO ConfigurationProperties - p:version-location= ./math-version/
[46598] INFO ConfigurationProperties - p:reintroduce= PARENTS:ORIGINAL
[46598] INFO ConfigurationProperties - p:perfectdata= /script/../data/benchmarks/vul4j/perfectfl/VUL4J-38
[46598] INFO ConfigurationProperties - p:executorjar= ./lib/jtestex7.jar
[46598] INFO ConfigurationProperties - p:maxGeneration= 1000000
[46598] INFO ConfigurationProperties - p:max_synthesis_step= 10000
[46598] INFO ConfigurationProperties - p:projectinfocommand= com.github.tdurieux:project-config-maven-plugin:info
[46598] INFO ConfigurationProperties - p:maxVarCombination= 1000
[46598] INFO ConfigurationProperties - p:maxtime= 120
[46598] INFO ConfigurationProperties - p:evosuitejar= ./lib/evosuite-master-1.0.4-SNAPSHOT.jar
[46598] INFO ConfigurationProperties - p:jvmversion= 1.8.0_342
[46598] INFO ConfigurationProperties - p:commandTrunk= 50000
[46598] INFO ConfigurationProperties - p:faultlocalization= perfect
[46615] INFO ConfigurationProperties - p:resetmodel= true
[46615] INFO ConfigurationProperties - p:maxsuspcandidates= 1000
[46615] INFO ConfigurationProperties - p:mode= jkali
[46615] INFO ConfigurationProperties - p:learningdir= 
[46615] INFO ConfigurationProperties - p:jvm4evosuitetestexecution= /usr/lib/jvm/java-8-openjdk-amd64/bin
[46615] INFO ConfigurationProperties - p:filterfaultlocalization= true
[46615] INFO ConfigurationProperties - p:mutationrate= 1 
[46615] INFO ConfigurationProperties - p:pathToMVNRepository= 
[46615] INFO ConfigurationProperties - p:resourcesfolder= /src/main/resources:/src/test/resources:
[46615] INFO ConfigurationProperties - p:timezone= America/Los_Angeles
[46615] INFO ConfigurationProperties - p:runjava7code= false
[46615] INFO ConfigurationProperties - p:testfailingcmd= mvn test -pl cas-client-core -Dtest=org.jasig.cas.client.validation.Cas10TicketValidatorTests -Dhttps.protocols=TLSv1.2 -Denforcer.skip=true -Dcheckstyle.skip=true -Dcobertura.skip=true -DskipITs=true -Drat.skip=true -Dlicense.skip=true -Dpmd.skip=true -Dfindbugs.skip=true -Dgpg.skip=true -Dskip.npm=true -Dskip.gulp=true -Dskip.bower=true -Danimal.sniffer.skip=true -V -B
[46615] INFO ConfigurationProperties - p:evoRunOnBuggyClass= true
[46615] INFO ConfigurationProperties - p:compiler= fr.inria.astor.core.manipulation.bytecode.compiler.SpoonClassCompiler
[46615] INFO ConfigurationProperties - p:limitbysuspicious= true
[46615] INFO ConfigurationProperties - p:logsattemps= true
[46615] INFO ConfigurationProperties - p:dependenciespath= /root/.m2/repository/xerces/xercesImpl/2.10.0/xercesImpl-2.10.0.jar:/root/.m2/repository/org/opensaml/xmltooling/1.3.2-1/xmltooling-1.3.2-1.jar:/root/.m2/repository/org/opensaml/openws/1.4.2-1/openws-1.4.2-1.jar:/root/.m2/repository/javax/servlet/javax.servlet-api/3.0.1/javax.servlet-api-3.0.1.jar:/root/.m2/repository/joda-time/joda-time/1.6.2/joda-time-1.6.2.jar:/root/.m2/repository/org/springframework/spring-beans/3.1.3.RELEASE/spring-beans-3.1.3.RELEASE.jar:/root/.m2/repository/xalan/xalan/2.7.1/xalan-2.7.1.jar:/root/.m2/repository/org/slf4j/jul-to-slf4j/1.6.1/jul-to-slf4j-1.6.1.jar:/root/.m2/repository/org/bouncycastle/bcprov-jdk15/1.45/bcprov-jdk15-1.45.jar:/root/.m2/repository/org/slf4j/log4j-over-slf4j/1.6.1/log4j-over-slf4j-1.6.1.jar:/root/.m2/repository/commons-collections/commons-collections/3.1/commons-collections-3.1.jar:/root/.m2/repository/org/slf4j/slf4j-api/1.7.1/slf4j-api-1.7.1.jar:/root/.m2/repository/ca/juliusdavies/not-yet-commons-ssl/0.3.9/not-yet-commons-ssl-0.3.9.jar:/root/.m2/repository/commons-httpclient/commons-httpclient/3.1/commons-httpclient-3.1.jar:/root/.m2/repository/org/springframework/spring-expression/3.1.3.RELEASE/spring-expression-3.1.3.RELEASE.jar:/root/.m2/repository/xalan/serializer/2.7.1/serializer-2.7.1.jar:/root/.m2/repository/velocity/velocity/1.5/velocity-1.5.jar:/root/.m2/repository/commons-codec/commons-codec/1.4/commons-codec-1.4.jar:/root/.m2/repository/junit/junit/4.8.2/junit-4.8.2.jar:/root/.m2/repository/org/springframework/spring-core/3.1.3.RELEASE/spring-core-3.1.3.RELEASE.jar:/root/.m2/repository/aopalliance/aopalliance/1.0/aopalliance-1.0.jar:/root/.m2/repository/log4j/log4j/1.2.15/log4j-1.2.15.jar:/root/.m2/repository/xml-apis/xml-apis/1.4.01/xml-apis-1.4.01.jar:/root/.m2/repository/commons-lang/commons-lang/2.1/commons-lang-2.1.jar:/root/.m2/repository/org/slf4j/jcl-over-slf4j/1.7.1/jcl-over-slf4j-1.7.1.jar:/root/.m2/repository/org/springframework/spring-asm/3.1.3.RELEASE/spring-asm-3.1.3.RELEASE.jar:/root/.m2/repository/org/apache/santuario/xmlsec/1.4.4/xmlsec-1.4.4.jar:/root/.m2/repository/org/owasp/esapi/esapi/2.0GA/esapi-2.0GA.jar:/root/.m2/repository/xml-resolver/xml-resolver/1.2/xml-resolver-1.2.jar:/root/.m2/repository/xml-security/xmlsec/1.3.0/xmlsec-1.3.0.jar:/root/.m2/repository/org/slf4j/slf4j-simple/1.7.1/slf4j-simple-1.7.1.jar:/root/.m2/repository/org/springframework/spring-aop/3.1.3.RELEASE/spring-aop-3.1.3.RELEASE.jar:/root/.m2/repository/net/jcip/jcip-annotations/1.0/jcip-annotations-1.0.jar:/root/.m2/repository/org/springframework/spring-test/3.1.3.RELEASE/spring-test-3.1.3.RELEASE.jar:/root/.m2/repository/javax/activation/activation/1.1/activation-1.1.jar:/root/.m2/repository/javax/mail/mail/1.4/mail-1.4.jar:/root/.m2/repository/org/opensaml/opensaml/2.5.1-1/opensaml-2.5.1-1.jar:/root/.m2/repository/org/springframework/spring-context/3.1.3.RELEASE/spring-context-3.1.3.RELEASE.jar
[46615] INFO ConfigurationProperties - p:packageToInstrument= 
[46616] INFO ConfigurationProperties - p:skipfaultlocalization= false
[46616] INFO ConfigurationProperties - p:scope= local
[46616] INFO ConfigurationProperties - p:transformingredient= false
[46616] INFO ConfigurationProperties - p:fitnessfunction= fr.inria.astor.core.solutionsearch.population.TestCaseFitnessFunction
[46616] INFO ConfigurationProperties - p:maxnumvariablesperingredient= 10
[46616] INFO ConfigurationProperties - p:parsesourcefromoriginal= true
[46616] INFO ConfigurationProperties - p:pvariantfoldername= variant-
[46617] INFO ConfigurationProperties - p:savespoonmodelondisk= false
[46617] INFO ConfigurationProperties - p:srcjavafolder= cas-client-core/src/main/java
[46618] INFO ConfigurationProperties - p:populationcontroller= fr.inria.astor.core.solutionsearch.population.TestCaseBasedFitnessPopulationController
[46618] INFO ConfigurationProperties - p:ignoreflakyinfl= false
[46618] INFO ConfigurationProperties - p:cleantemplates= true
[46618] INFO ConfigurationProperties - p:applyCrossover= false
[46619] INFO ConfigurationProperties - p:maxmodificationpoints= 1000
[46619] INFO ConfigurationProperties - p:duplicateingredientsinspace= false
[46619] INFO ConfigurationProperties - p:metid= 0
[46619] INFO ConfigurationProperties - p:continuewhenmodelfail= true
[46619] INFO ConfigurationProperties - p:saveall= false
[46620] INFO ConfigurationProperties - p:seed= 0
[46621] INFO ConfigurationProperties - p:savecompletepatched= true
[46621] INFO ConfigurationProperties - p:resetoperations= false
[46621] INFO ConfigurationProperties - p:keepcomments= false
[46621] INFO ConfigurationProperties - p:processoutputinfile= false
[46623] INFO ConfigurationProperties - p:location= .
[46624] INFO ConfigurationProperties - p:probabilistictransformation= true
[46624] INFO ConfigurationProperties - p:overridemaxtime= true
[46624] INFO ConfigurationProperties - p:outputjsonresult= true
[46624] INFO ConfigurationProperties - p:allpoints= false
[46624] INFO ConfigurationProperties - p:antipattern= false
[46624] INFO ConfigurationProperties - p:bugId= 280
[46624] INFO ConfigurationProperties - p:evosuitetimeout= 120
[46624] INFO ConfigurationProperties - p:maxtimefactor= 10
[46624] INFO ConfigurationProperties - p:nrPlaceholders= 1
[46624] INFO ConfigurationProperties - p:testallcmd= mvn test -pl cas-client-core -Dhttps.protocols=TLSv1.2 -Denforcer.skip=true -Dcheckstyle.skip=true -Dcobertura.skip=true -DskipITs=true -Drat.skip=true -Dlicense.skip=true -Dpmd.skip=true -Dfindbugs.skip=true -Dgpg.skip=true -Dskip.npm=true -Dskip.gulp=true -Dskip.bower=true -Danimal.sniffer.skip=true -V -B
[46624] INFO ConfigurationProperties - p:forcesubprocesskilling= false
[46624] INFO ConfigurationProperties - ----------------------------
[46626] INFO AstorCoreEngine - mod_point MP=org.jasig.cas.client.validation.AbstractUrlBasedTicketValidator line: 113, pointed element: CtInvocationImpl
[46629] INFO AstorCoreEngine - -->op: OP_INSTANCE:
RemoveOp:(spoon.support.reflect.code.CtInvocationImpl) `urlParameters.put("service", encodeUrl(serviceUrl)) ` -topatch--> `-` (null) 
[50688] INFO main - Run previously failing tests...
[78569] INFO main - Failed tests: 1
[78577] INFO AstorCoreEngine - mod_point MP=org.jasig.cas.client.validation.AbstractUrlBasedTicketValidator line: 147, pointed element: CtInvocationImpl
[78585] INFO AstorCoreEngine - -->op: OP_INSTANCE:
RemoveOp:(spoon.support.reflect.code.CtInvocationImpl) `buffer.append(value) ` -topatch--> `-` (null) 
[80848] INFO main - Run previously failing tests...
[114350] INFO main - Failed tests: 1
[114377] INFO AstorCoreEngine - mod_point MP=org.jasig.cas.client.validation.Cas20ServiceTicketValidator line: 73, pointed element: CtInvocationImpl
[114398] INFO AstorCoreEngine - -->op: OP_INSTANCE:
RemoveOp:(spoon.support.reflect.code.CtInvocationImpl) `urlParameters.put("pgtUrl", encodeUrl(this.proxyCallbackUrl)) ` -topatch--> `-` (null) 
[116197] INFO main - Run previously failing tests...
[142791] INFO main - Failed tests: 1
[142800] INFO AstorCoreEngine - Time Repair Loop (s): 96.176
[142800] INFO AstorCoreEngine - generationsexecuted: 1
[142800] WARN AstorCoreEngine - ----SUMMARY_EXECUTION---
[142800] WARN AstorCoreEngine - End Repair Search: NOT Found solution
[142800] WARN AstorCoreEngine - Number suspicious:1
[142829] INFO AstorCoreEngine - 
 --SOLUTIONS DESCRIPTION--


Astor Output:

General stats:
EXECUTION_IDENTIFIER=apereo_java-cas-client-VUL4J-38
TOTAL_TIME=96.176
NR_GENERATIONS=null
NR_RIGHT_COMPILATIONS=3
NR_FAILLING_COMPILATIONS=null
NR_ERRONEOUS_VARIANCES=null
NR_FAILING_VALIDATION_PROCESS=null
OUTPUT_STATUS=EXHAUSTIVE_NAVIGATED

Patch stats:

[142872] INFO Stats - Storing ing JSON at /workdir/jKali_vul4j_apereo_java-cas-client_VUL4J-38/./output_astor/AstorMain-apereo_java-cas-client-VUL4J-38//astor_output.json
[142872] INFO Stats - astor_output:
{"general":{"NR_RIGHT_COMPILATIONS":3,"NR_ERRONEOUS_VARIANCES":null,"EXECUTION_IDENTIFIER":"apereo_java-cas-client-VUL4J-38","OUTPUT_STATUS":"EXHAUSTIVE_NAVIGATED","NR_FAILLING_COMPILATIONS":null,"NR_GENERATIONS":null,"TOTAL_TIME":96.176,"NR_FAILING_VALIDATION_PROCESS":null},"patches":[]}
[142873] INFO AstorMain - Time Total(s): 142.835
109.09user 19.00system 2:24.90elapsed 88%CPU (0avgtext+0avgdata 443460maxresident)k
1256inputs+8576outputs (0major+610893minor)pagefaults 0swaps


Node: 9670332cfea8



Date: Thu Sep  8 22:06:12 EDT 2022

