cd /workdir/jGenProg_vul4j_spring-projects_spring-security_VUL4J-73;
export JAVA_TOOL_OPTIONS="-Dfile.encoding=UTF8 -Duser.language=en-US -Duser.country=US -Duser.language=en";
TZ="America/New_York"; export TZ;
export PATH="/usr/lib/jvm/java-8-openjdk-amd64/bin:$PATH";
export JAVA_HOME="/usr/lib/jvm/java-8-openjdk-amd64/bin";
time java -Xmx4g -Xms1g -XX:MaxPermSize=512m -cp /script/../libs/jtestex7.jar:/script/../repair_tools/astor.jar fr.inria.main.evolution.AstorMain \
	-mode jgenprog \
	-location . \
	-id spring-projects_spring-security-VUL4J-73 \
	-failing org.springframework.security.authentication.encoding.PlaintextPasswordEncoderTests#testNull \
	-jvm4testexecution /usr/lib/jvm/java-8-openjdk-amd64/bin \
	-jvm4evosuitetestexecution /usr/lib/jvm/java-8-openjdk-amd64/bin \
	-maxgen 1000000 \
	-maxtime 120 \
	-stopfirst true \
	-seed 0 \
	-scope local \
	-population 1 \
	-javacompliancelevel 8 \
	-faultlocalization perfect \
    -perfectdata /script/../data/benchmarks/vul4j/perfectfl/VUL4J-73 \
    -validation externalcmd \
    -testfailingcmd "./gradlew :spring-security-core:test --tests org.springframework.security.authentication.encoding.PlaintextPasswordEncoderTests.testNull" \
    -testallcmd "./gradlew :spring-security-core:test"  \ \
	-srcjavafolder core/src/main/java \
	-srctestfolder core/src/test/java \
	-binjavafolder core/build/classes/main \
	-bintestfolder core/build/classes/test \
	-parameters x:x \
	-dependencies /workdir/jGenProg_vul4j_spring-projects_spring-security_VUL4J-73/core/build/classes/test:/workdir/jGenProg_vul4j_spring-projects_spring-security_VUL4J-73/core/build/resources/test:/workdir/jGenProg_vul4j_spring-projects_spring-security_VUL4J-73/core/build/classes/main:/workdir/jGenProg_vul4j_spring-projects_spring-security_VUL4J-73/core/build/resources/main:/root/.gradle/caches/modules-2/files-2.1/org.springframework/spring-core/4.3.23.RELEASE/1481429d44ea0deca1d8b9d6d5e948cb7f063bdb/spring-core-4.3.23.RELEASE.jar:/root/.gradle/caches/modules-2/files-2.1/aopalliance/aopalliance/1.0/235ba8b489512805ac13a8f9ea77a1ca5ebe3e8/aopalliance-1.0.jar:/root/.gradle/caches/modules-2/files-2.1/org.springframework/spring-aop/4.3.23.RELEASE/f49489bf0774db690f85588cab86d943069704bd/spring-aop-4.3.23.RELEASE.jar:/root/.gradle/caches/modules-2/files-2.1/org.springframework/spring-beans/4.3.23.RELEASE/27570e1d493f636c910191004f822e756a9df871/spring-beans-4.3.23.RELEASE.jar:/root/.gradle/caches/modules-2/files-2.1/org.springframework/spring-context/4.3.23.RELEASE/337d1030cb7abeeb28618b01dab7250a90d77151/spring-context-4.3.23.RELEASE.jar:/root/.gradle/caches/modules-2/files-2.1/org.springframework/spring-expression/4.3.23.RELEASE/cebdf400b3c820220deb868a84bce627eb8ad18c/spring-expression-4.3.23.RELEASE.jar:/workdir/jGenProg_vul4j_spring-projects_spring-security_VUL4J-73/crypto/build/libs/spring-security-crypto-4.2.13.BUILD-SNAPSHOT.jar:/root/.gradle/caches/modules-2/files-2.1/net.sf.ehcache/ehcache/2.10.6/38076997b10f5c762a210ea8b9f6099da35ac5f/ehcache-2.10.6.jar:/root/.gradle/caches/modules-2/files-2.1/javax.annotation/jsr250-api/1.0/5025422767732a1ab45d93abfea846513d742dcf/jsr250-api-1.0.jar:/root/.gradle/caches/modules-2/files-2.1/org.aspectj/aspectjrt/1.8.14/65af551c0487609d48b91ea401de61f72bb91a09/aspectjrt-1.8.14.jar:/root/.gradle/caches/modules-2/files-2.1/org.springframework/spring-jdbc/4.3.23.RELEASE/61baab23c8938b96cb5f355dbf85359241d7b69e/spring-jdbc-4.3.23.RELEASE.jar:/root/.gradle/caches/modules-2/files-2.1/org.springframework/spring-tx/4.3.23.RELEASE/2a2d4a24b161f0fdd14816a715a760d2fa1f357b/spring-tx-4.3.23.RELEASE.jar:/root/.gradle/caches/modules-2/files-2.1/com.fasterxml.jackson.core/jackson-databind/2.8.11.3/844df5aba5a1a56e00905b165b12bb34116ee858/jackson-databind-2.8.11.3.jar:/root/.gradle/caches/modules-2/files-2.1/junit/junit/4.12/2973d150c0dc1fefe998f834810d68f278ea58ec/junit-4.12.jar:/root/.gradle/caches/modules-2/files-2.1/org.mockito/mockito-core/1.10.19/e8546f5bef4e061d8dd73895b4e8f40e3fe6effe/mockito-core-1.10.19.jar:/root/.gradle/caches/modules-2/files-2.1/org.springframework/spring-test/4.3.23.RELEASE/fb5a41e62dc86ca11f666691e13ea0b5573f20b4/spring-test-4.3.23.RELEASE.jar:/root/.gradle/caches/modules-2/files-2.1/org.assertj/assertj-core/2.2.0/edd59795b236afc790dd161e7e3677757b06f2e7/assertj-core-2.2.0.jar:/root/.gradle/caches/modules-2/files-2.1/commons-collections/commons-collections/3.2.2/8ad72fe39fa8c91eaaf12aadb21e0c3661fe26d5/commons-collections-3.2.2.jar:/root/.gradle/caches/modules-2/files-2.1/org.slf4j/jcl-over-slf4j/1.7.25/f8c32b13ff142a513eeb5b6330b1588dcb2c0461/jcl-over-slf4j-1.7.25.jar:/root/.gradle/caches/modules-2/files-2.1/org.powermock/powermock-core/1.6.5/5c7f30af24a260b9a452c194be0cca373db9aaf6/powermock-core-1.6.5.jar:/root/.gradle/caches/modules-2/files-2.1/org.powermock/powermock-api-support/1.6.5/9b0cdf26351d3608a1bf11d3a5b8c96e9c32605/powermock-api-support-1.6.5.jar:/root/.gradle/caches/modules-2/files-2.1/org.powermock/powermock-module-junit4-common/1.6.5/ef0b8507142b3c176d1b8a1937a8490eaf8babe9/powermock-module-junit4-common-1.6.5.jar:/root/.gradle/caches/modules-2/files-2.1/org.powermock/powermock-module-junit4/1.6.5/e6ad8d4fddb3cc1e11ebf343ecc82ea10b12d5a4/powermock-module-junit4-1.6.5.jar:/root/.gradle/caches/modules-2/files-2.1/org.powermock/powermock-api-mockito/1.6.5/7f5cf8f0ddb3539b28581431bbeda4d81ff5ef02/powermock-api-mockito-1.6.5.jar:/root/.gradle/caches/modules-2/files-2.1/org.powermock/powermock-reflect/1.6.5/3569903763e7741965acc9627ad8253d210feedf/powermock-reflect-1.6.5.jar:/root/.gradle/caches/modules-2/files-2.1/org.skyscreamer/jsonassert/1.4.0/9cdbb373a06f6513e51e8c545ee6a5e981463edb/jsonassert-1.4.0.jar:/root/.gradle/caches/modules-2/files-2.1/ch.qos.logback/logback-classic/1.1.11/ccedfbacef4a6515d2983e3f89ed753d5d4fb665/logback-classic-1.1.11.jar:/root/.gradle/caches/modules-2/files-2.1/org.hsqldb/hsqldb/2.3.6/d4adfef3f017dd71fe789067cc6b7c39f31f2a3a/hsqldb-2.3.6.jar:/root/.gradle/caches/modules-2/files-2.1/org.slf4j/slf4j-api/1.7.25/da76ca59f6a57ee3102f8f9bd9cee742973efa8a/slf4j-api-1.7.25.jar:/root/.gradle/caches/modules-2/files-2.1/com.fasterxml.jackson.core/jackson-annotations/2.8.0/45b426f7796b741035581a176744d91090e2e6fb/jackson-annotations-2.8.0.jar:/root/.gradle/caches/modules-2/files-2.1/com.fasterxml.jackson.core/jackson-core/2.8.10/eb21a035c66ad307e66ec8fce37f5d50fd62d039/jackson-core-2.8.10.jar:/root/.gradle/caches/modules-2/files-2.1/org.hamcrest/hamcrest-core/1.3/42a25dc3219429f0e5d060061f71acb49bf010a0/hamcrest-core-1.3.jar:/root/.gradle/caches/modules-2/files-2.1/org.javassist/javassist/3.20.0-GA/a9cbcdfb7e9f86fbc74d3afae65f2248bfbf82a0/javassist-3.20.0-GA.jar:/root/.gradle/caches/modules-2/files-2.1/org.powermock/powermock-api-mockito-common/1.6.5/50929570ea185735f8f038ea650a60f6444e7ec3/powermock-api-mockito-common-1.6.5.jar:/root/.gradle/caches/modules-2/files-2.1/com.vaadin.external.google/android-json/0.0.20131108.vaadin1/fa26d351fe62a6a17f5cda1287c1c6110dec413f/android-json-0.0.20131108.vaadin1.jar:/root/.gradle/caches/modules-2/files-2.1/ch.qos.logback/logback-core/1.1.11/88b8df40340eed549fb07e2613879bf6b006704d/logback-core-1.1.11.jar:/root/.gradle/caches/modules-2/files-2.1/org.objenesis/objenesis/2.2/3fb533efdaa50a768c394aa4624144cf8df17845/objenesis-2.2.jar;
	echo "\n\nNode: `hostname`\n";
	echo "\n\nDate: `date`\n";
Picked up JAVA_TOOL_OPTIONS: -Dfile.encoding=UTF8 -Duser.language=en-US -Duser.country=US -Duser.language=en
OpenJDK 64-Bit Server VM warning: ignoring option MaxPermSize=512m; support was removed in 8.0
[0] INFO ProjectConfiguration - Version of the JVM used: 1.8.0_342
[0] INFO main - Java version of the JDK used to run tests: 1.8.0_342
[0] INFO main - The compliance of the JVM is:  8
[20] INFO main - command line arguments: [-mode  jgenprog  -location  .  -id  spring-projects_spring-security-VUL4J-73  -failing  org.springframework.security.authentication.encoding.PlaintextPasswordEncoderTests#testNull  -jvm4testexecution  /usr/lib/jvm/java-8-openjdk-amd64/bin  -jvm4evosuitetestexecution  /usr/lib/jvm/java-8-openjdk-amd64/bin  -maxgen  1000000  -maxtime  120  -stopfirst  true  -seed  0  -scope  local  -population  1  -javacompliancelevel  8  -faultlocalization  perfect  -perfectdata  /script/../data/benchmarks/vul4j/perfectfl/VUL4J-73  -validation  externalcmd  -testfailingcmd  ./gradlew :spring-security-core:test --tests org.springframework.security.authentication.encoding.PlaintextPasswordEncoderTests.testNull  -testallcmd  ./gradlew :spring-security-core:test     -srcjavafolder  core/src/main/java  -srctestfolder  core/src/test/java  -binjavafolder  core/build/classes/main  -bintestfolder  core/build/classes/test  -parameters  x:x  -dependencies  /workdir/jGenProg_vul4j_spring-projects_spring-security_VUL4J-73/core/build/classes/test:/workdir/jGenProg_vul4j_spring-projects_spring-security_VUL4J-73/core/build/resources/test:/workdir/jGenProg_vul4j_spring-projects_spring-security_VUL4J-73/core/build/classes/main:/workdir/jGenProg_vul4j_spring-projects_spring-security_VUL4J-73/core/build/resources/main:/root/.gradle/caches/modules-2/files-2.1/org.springframework/spring-core/4.3.23.RELEASE/1481429d44ea0deca1d8b9d6d5e948cb7f063bdb/spring-core-4.3.23.RELEASE.jar:/root/.gradle/caches/modules-2/files-2.1/aopalliance/aopalliance/1.0/235ba8b489512805ac13a8f9ea77a1ca5ebe3e8/aopalliance-1.0.jar:/root/.gradle/caches/modules-2/files-2.1/org.springframework/spring-aop/4.3.23.RELEASE/f49489bf0774db690f85588cab86d943069704bd/spring-aop-4.3.23.RELEASE.jar:/root/.gradle/caches/modules-2/files-2.1/org.springframework/spring-beans/4.3.23.RELEASE/27570e1d493f636c910191004f822e756a9df871/spring-beans-4.3.23.RELEASE.jar:/root/.gradle/caches/modules-2/files-2.1/org.springframework/spring-context/4.3.23.RELEASE/337d1030cb7abeeb28618b01dab7250a90d77151/spring-context-4.3.23.RELEASE.jar:/root/.gradle/caches/modules-2/files-2.1/org.springframework/spring-expression/4.3.23.RELEASE/cebdf400b3c820220deb868a84bce627eb8ad18c/spring-expression-4.3.23.RELEASE.jar:/workdir/jGenProg_vul4j_spring-projects_spring-security_VUL4J-73/crypto/build/libs/spring-security-crypto-4.2.13.BUILD-SNAPSHOT.jar:/root/.gradle/caches/modules-2/files-2.1/net.sf.ehcache/ehcache/2.10.6/38076997b10f5c762a210ea8b9f6099da35ac5f/ehcache-2.10.6.jar:/root/.gradle/caches/modules-2/files-2.1/javax.annotation/jsr250-api/1.0/5025422767732a1ab45d93abfea846513d742dcf/jsr250-api-1.0.jar:/root/.gradle/caches/modules-2/files-2.1/org.aspectj/aspectjrt/1.8.14/65af551c0487609d48b91ea401de61f72bb91a09/aspectjrt-1.8.14.jar:/root/.gradle/caches/modules-2/files-2.1/org.springframework/spring-jdbc/4.3.23.RELEASE/61baab23c8938b96cb5f355dbf85359241d7b69e/spring-jdbc-4.3.23.RELEASE.jar:/root/.gradle/caches/modules-2/files-2.1/org.springframework/spring-tx/4.3.23.RELEASE/2a2d4a24b161f0fdd14816a715a760d2fa1f357b/spring-tx-4.3.23.RELEASE.jar:/root/.gradle/caches/modules-2/files-2.1/com.fasterxml.jackson.core/jackson-databind/2.8.11.3/844df5aba5a1a56e00905b165b12bb34116ee858/jackson-databind-2.8.11.3.jar:/root/.gradle/caches/modules-2/files-2.1/junit/junit/4.12/2973d150c0dc1fefe998f834810d68f278ea58ec/junit-4.12.jar:/root/.gradle/caches/modules-2/files-2.1/org.mockito/mockito-core/1.10.19/e8546f5bef4e061d8dd73895b4e8f40e3fe6effe/mockito-core-1.10.19.jar:/root/.gradle/caches/modules-2/files-2.1/org.springframework/spring-test/4.3.23.RELEASE/fb5a41e62dc86ca11f666691e13ea0b5573f20b4/spring-test-4.3.23.RELEASE.jar:/root/.gradle/caches/modules-2/files-2.1/org.assertj/assertj-core/2.2.0/edd59795b236afc790dd161e7e3677757b06f2e7/assertj-core-2.2.0.jar:/root/.gradle/caches/modules-2/files-2.1/commons-collections/commons-collections/3.2.2/8ad72fe39fa8c91eaaf12aadb21e0c3661fe26d5/commons-collections-3.2.2.jar:/root/.gradle/caches/modules-2/files-2.1/org.slf4j/jcl-over-slf4j/1.7.25/f8c32b13ff142a513eeb5b6330b1588dcb2c0461/jcl-over-slf4j-1.7.25.jar:/root/.gradle/caches/modules-2/files-2.1/org.powermock/powermock-core/1.6.5/5c7f30af24a260b9a452c194be0cca373db9aaf6/powermock-core-1.6.5.jar:/root/.gradle/caches/modules-2/files-2.1/org.powermock/powermock-api-support/1.6.5/9b0cdf26351d3608a1bf11d3a5b8c96e9c32605/powermock-api-support-1.6.5.jar:/root/.gradle/caches/modules-2/files-2.1/org.powermock/powermock-module-junit4-common/1.6.5/ef0b8507142b3c176d1b8a1937a8490eaf8babe9/powermock-module-junit4-common-1.6.5.jar:/root/.gradle/caches/modules-2/files-2.1/org.powermock/powermock-module-junit4/1.6.5/e6ad8d4fddb3cc1e11ebf343ecc82ea10b12d5a4/powermock-module-junit4-1.6.5.jar:/root/.gradle/caches/modules-2/files-2.1/org.powermock/powermock-api-mockito/1.6.5/7f5cf8f0ddb3539b28581431bbeda4d81ff5ef02/powermock-api-mockito-1.6.5.jar:/root/.gradle/caches/modules-2/files-2.1/org.powermock/powermock-reflect/1.6.5/3569903763e7741965acc9627ad8253d210feedf/powermock-reflect-1.6.5.jar:/root/.gradle/caches/modules-2/files-2.1/org.skyscreamer/jsonassert/1.4.0/9cdbb373a06f6513e51e8c545ee6a5e981463edb/jsonassert-1.4.0.jar:/root/.gradle/caches/modules-2/files-2.1/ch.qos.logback/logback-classic/1.1.11/ccedfbacef4a6515d2983e3f89ed753d5d4fb665/logback-classic-1.1.11.jar:/root/.gradle/caches/modules-2/files-2.1/org.hsqldb/hsqldb/2.3.6/d4adfef3f017dd71fe789067cc6b7c39f31f2a3a/hsqldb-2.3.6.jar:/root/.gradle/caches/modules-2/files-2.1/org.slf4j/slf4j-api/1.7.25/da76ca59f6a57ee3102f8f9bd9cee742973efa8a/slf4j-api-1.7.25.jar:/root/.gradle/caches/modules-2/files-2.1/com.fasterxml.jackson.core/jackson-annotations/2.8.0/45b426f7796b741035581a176744d91090e2e6fb/jackson-annotations-2.8.0.jar:/root/.gradle/caches/modules-2/files-2.1/com.fasterxml.jackson.core/jackson-core/2.8.10/eb21a035c66ad307e66ec8fce37f5d50fd62d039/jackson-core-2.8.10.jar:/root/.gradle/caches/modules-2/files-2.1/org.hamcrest/hamcrest-core/1.3/42a25dc3219429f0e5d060061f71acb49bf010a0/hamcrest-core-1.3.jar:/root/.gradle/caches/modules-2/files-2.1/org.javassist/javassist/3.20.0-GA/a9cbcdfb7e9f86fbc74d3afae65f2248bfbf82a0/javassist-3.20.0-GA.jar:/root/.gradle/caches/modules-2/files-2.1/org.powermock/powermock-api-mockito-common/1.6.5/50929570ea185735f8f038ea650a60f6444e7ec3/powermock-api-mockito-common-1.6.5.jar:/root/.gradle/caches/modules-2/files-2.1/com.vaadin.external.google/android-json/0.0.20131108.vaadin1/fa26d351fe62a6a17f5cda1287c1c6110dec413f/android-json-0.0.20131108.vaadin1.jar:/root/.gradle/caches/modules-2/files-2.1/ch.qos.logback/logback-core/1.1.11/88b8df40340eed549fb07e2613879bf6b006704d/logback-core-1.1.11.jar:/root/.gradle/caches/modules-2/files-2.1/org.objenesis/objenesis/2.2/3fb533efdaa50a768c394aa4624144cf8df17845/objenesis-2.2.jar]
[22] INFO AstorMain - Running Astor on a JDK at /usr/lib/jvm/java-8-openjdk-amd64/jre
[37] INFO main - Source folders: [/workdir/jGenProg_vul4j_spring-projects_spring-security_VUL4J-73/./core/src/main/java]
[37] INFO main - Source Test folders: [/workdir/jGenProg_vul4j_spring-projects_spring-security_VUL4J-73/./core/src/test/java]
[2808] INFO AstorCoreEngine - ---- Creating spoon model
[2875] INFO MutationSupporter - Creating model,  Code location from working folder: /workdir/jGenProg_vul4j_spring-projects_spring-security_VUL4J-73/./core/src/main/java
[2875] INFO MutationSupporter - building model: /workdir/jGenProg_vul4j_spring-projects_spring-security_VUL4J-73/./core/src/main/java, compliance level: 8
[3034] INFO MutationSupporter - Classpath (Dependencies) for building SpoonModel: [/workdir/jGenProg_vul4j_spring-projects_spring-security_VUL4J-73/core/build/classes/test/, /workdir/jGenProg_vul4j_spring-projects_spring-security_VUL4J-73/core/build/resources/test/, /workdir/jGenProg_vul4j_spring-projects_spring-security_VUL4J-73/core/build/classes/main/, /workdir/jGenProg_vul4j_spring-projects_spring-security_VUL4J-73/core/build/resources/main/, /root/.gradle/caches/modules-2/files-2.1/org.springframework/spring-core/4.3.23.RELEASE/1481429d44ea0deca1d8b9d6d5e948cb7f063bdb/spring-core-4.3.23.RELEASE.jar, /root/.gradle/caches/modules-2/files-2.1/aopalliance/aopalliance/1.0/235ba8b489512805ac13a8f9ea77a1ca5ebe3e8/aopalliance-1.0.jar, /root/.gradle/caches/modules-2/files-2.1/org.springframework/spring-aop/4.3.23.RELEASE/f49489bf0774db690f85588cab86d943069704bd/spring-aop-4.3.23.RELEASE.jar, /root/.gradle/caches/modules-2/files-2.1/org.springframework/spring-beans/4.3.23.RELEASE/27570e1d493f636c910191004f822e756a9df871/spring-beans-4.3.23.RELEASE.jar, /root/.gradle/caches/modules-2/files-2.1/org.springframework/spring-context/4.3.23.RELEASE/337d1030cb7abeeb28618b01dab7250a90d77151/spring-context-4.3.23.RELEASE.jar, /root/.gradle/caches/modules-2/files-2.1/org.springframework/spring-expression/4.3.23.RELEASE/cebdf400b3c820220deb868a84bce627eb8ad18c/spring-expression-4.3.23.RELEASE.jar, /workdir/jGenProg_vul4j_spring-projects_spring-security_VUL4J-73/crypto/build/libs/spring-security-crypto-4.2.13.BUILD-SNAPSHOT.jar, /root/.gradle/caches/modules-2/files-2.1/net.sf.ehcache/ehcache/2.10.6/38076997b10f5c762a210ea8b9f6099da35ac5f/ehcache-2.10.6.jar, /root/.gradle/caches/modules-2/files-2.1/javax.annotation/jsr250-api/1.0/5025422767732a1ab45d93abfea846513d742dcf/jsr250-api-1.0.jar, /root/.gradle/caches/modules-2/files-2.1/org.aspectj/aspectjrt/1.8.14/65af551c0487609d48b91ea401de61f72bb91a09/aspectjrt-1.8.14.jar, /root/.gradle/caches/modules-2/files-2.1/org.springframework/spring-jdbc/4.3.23.RELEASE/61baab23c8938b96cb5f355dbf85359241d7b69e/spring-jdbc-4.3.23.RELEASE.jar, /root/.gradle/caches/modules-2/files-2.1/org.springframework/spring-tx/4.3.23.RELEASE/2a2d4a24b161f0fdd14816a715a760d2fa1f357b/spring-tx-4.3.23.RELEASE.jar, /root/.gradle/caches/modules-2/files-2.1/com.fasterxml.jackson.core/jackson-databind/2.8.11.3/844df5aba5a1a56e00905b165b12bb34116ee858/jackson-databind-2.8.11.3.jar, /root/.gradle/caches/modules-2/files-2.1/junit/junit/4.12/2973d150c0dc1fefe998f834810d68f278ea58ec/junit-4.12.jar, /root/.gradle/caches/modules-2/files-2.1/org.mockito/mockito-core/1.10.19/e8546f5bef4e061d8dd73895b4e8f40e3fe6effe/mockito-core-1.10.19.jar, /root/.gradle/caches/modules-2/files-2.1/org.springframework/spring-test/4.3.23.RELEASE/fb5a41e62dc86ca11f666691e13ea0b5573f20b4/spring-test-4.3.23.RELEASE.jar, /root/.gradle/caches/modules-2/files-2.1/org.assertj/assertj-core/2.2.0/edd59795b236afc790dd161e7e3677757b06f2e7/assertj-core-2.2.0.jar, /root/.gradle/caches/modules-2/files-2.1/commons-collections/commons-collections/3.2.2/8ad72fe39fa8c91eaaf12aadb21e0c3661fe26d5/commons-collections-3.2.2.jar, /root/.gradle/caches/modules-2/files-2.1/org.slf4j/jcl-over-slf4j/1.7.25/f8c32b13ff142a513eeb5b6330b1588dcb2c0461/jcl-over-slf4j-1.7.25.jar, /root/.gradle/caches/modules-2/files-2.1/org.powermock/powermock-core/1.6.5/5c7f30af24a260b9a452c194be0cca373db9aaf6/powermock-core-1.6.5.jar, /root/.gradle/caches/modules-2/files-2.1/org.powermock/powermock-api-support/1.6.5/9b0cdf26351d3608a1bf11d3a5b8c96e9c32605/powermock-api-support-1.6.5.jar, /root/.gradle/caches/modules-2/files-2.1/org.powermock/powermock-module-junit4-common/1.6.5/ef0b8507142b3c176d1b8a1937a8490eaf8babe9/powermock-module-junit4-common-1.6.5.jar, /root/.gradle/caches/modules-2/files-2.1/org.powermock/powermock-module-junit4/1.6.5/e6ad8d4fddb3cc1e11ebf343ecc82ea10b12d5a4/powermock-module-junit4-1.6.5.jar, /root/.gradle/caches/modules-2/files-2.1/org.powermock/powermock-api-mockito/1.6.5/7f5cf8f0ddb3539b28581431bbeda4d81ff5ef02/powermock-api-mockito-1.6.5.jar, /root/.gradle/caches/modules-2/files-2.1/org.powermock/powermock-reflect/1.6.5/3569903763e7741965acc9627ad8253d210feedf/powermock-reflect-1.6.5.jar, /root/.gradle/caches/modules-2/files-2.1/org.skyscreamer/jsonassert/1.4.0/9cdbb373a06f6513e51e8c545ee6a5e981463edb/jsonassert-1.4.0.jar, /root/.gradle/caches/modules-2/files-2.1/ch.qos.logback/logback-classic/1.1.11/ccedfbacef4a6515d2983e3f89ed753d5d4fb665/logback-classic-1.1.11.jar, /root/.gradle/caches/modules-2/files-2.1/org.hsqldb/hsqldb/2.3.6/d4adfef3f017dd71fe789067cc6b7c39f31f2a3a/hsqldb-2.3.6.jar, /root/.gradle/caches/modules-2/files-2.1/org.slf4j/slf4j-api/1.7.25/da76ca59f6a57ee3102f8f9bd9cee742973efa8a/slf4j-api-1.7.25.jar, /root/.gradle/caches/modules-2/files-2.1/com.fasterxml.jackson.core/jackson-annotations/2.8.0/45b426f7796b741035581a176744d91090e2e6fb/jackson-annotations-2.8.0.jar, /root/.gradle/caches/modules-2/files-2.1/com.fasterxml.jackson.core/jackson-core/2.8.10/eb21a035c66ad307e66ec8fce37f5d50fd62d039/jackson-core-2.8.10.jar, /root/.gradle/caches/modules-2/files-2.1/org.hamcrest/hamcrest-core/1.3/42a25dc3219429f0e5d060061f71acb49bf010a0/hamcrest-core-1.3.jar, /root/.gradle/caches/modules-2/files-2.1/org.javassist/javassist/3.20.0-GA/a9cbcdfb7e9f86fbc74d3afae65f2248bfbf82a0/javassist-3.20.0-GA.jar, /root/.gradle/caches/modules-2/files-2.1/org.powermock/powermock-api-mockito-common/1.6.5/50929570ea185735f8f038ea650a60f6444e7ec3/powermock-api-mockito-common-1.6.5.jar, /root/.gradle/caches/modules-2/files-2.1/com.vaadin.external.google/android-json/0.0.20131108.vaadin1/fa26d351fe62a6a17f5cda1287c1c6110dec413f/android-json-0.0.20131108.vaadin1.jar, /root/.gradle/caches/modules-2/files-2.1/ch.qos.logback/logback-core/1.1.11/88b8df40340eed549fb07e2613879bf6b006704d/logback-core-1.1.11.jar, /root/.gradle/caches/modules-2/files-2.1/org.objenesis/objenesis/2.2/3fb533efdaa50a768c394aa4624144cf8df17845/objenesis-2.2.jar]
[18876] INFO AstorCoreEngine - Number of CtTypes created: 250
[19012] INFO AstorCoreEngine - Test retrieved from classes: 0
[19158] INFO AstorCoreEngine - Setting up the max to 1460 milliseconds (1 sec)
[19159] INFO AstorCoreEngine - ---- Initial suspicious size: 1
[19276] INFO main - Total suspicious from FL: 1,  1
[19276] INFO main - Total ModPoint created: 1
[19276] INFO main - Creating program variant #1, [Variant id: 1, #gens: 1, #ops: 0, parent:-]
[19276] INFO main - Run previously failing tests...
[203024] INFO main - Failed tests: 1
[203030] INFO AstorCoreEngine - The original fitness is : 1.0
[203244] WARN ConfigurationProperties - ----------------------------
[203244] INFO ConfigurationProperties - ---Configuration properties
[203244] INFO ConfigurationProperties - p:lastJUnitVersion= ./examples/libs/junit-4.11.jar
[203245] INFO ConfigurationProperties - p:alternativecompliancelevel= 8
[203245] INFO ConfigurationProperties - p:ignoredTestCases= 
[203245] INFO ConfigurationProperties - p:workingDirectory= /workdir/jGenProg_vul4j_spring-projects_spring-security_VUL4J-73/./output_astor
[203245] INFO ConfigurationProperties - p:manipulatesuper= false
[203245] INFO ConfigurationProperties - p:validation= externalcmd
[203245] INFO ConfigurationProperties - p:jvm4testexecution= /usr/lib/jvm/java-8-openjdk-amd64/bin
[203245] INFO ConfigurationProperties - p:operatorspace= irr-statements
[203245] INFO ConfigurationProperties - p:diffcontext= 0
[203245] INFO ConfigurationProperties - p:binjavafolder= core/build/classes/main
[203245] INFO ConfigurationProperties - p:synthesis_depth= 3
[203245] INFO ConfigurationProperties - p:gzoltartestpackagetoexclude= junit.framework
[203245] INFO ConfigurationProperties - p:skipfitnessinitialpopulation= false
[203245] INFO ConfigurationProperties - p:evosuiteresultfolder= evosuite
[203245] INFO ConfigurationProperties - p:flthreshold= 0.1
[203245] INFO ConfigurationProperties - p:regressionforfaultlocalization= true
[203245] INFO ConfigurationProperties - p:collectonlyusedmethod= false
[203245] INFO ConfigurationProperties - p:preservelinenumbers= true
[203245] INFO ConfigurationProperties - p:tmax2= 1460
[203246] INFO ConfigurationProperties - p:tmax1= 10000
[203246] INFO ConfigurationProperties - p:probagenmutation= false
[203246] INFO ConfigurationProperties - p:nomodificationconvergence= 100
[203246] INFO ConfigurationProperties - p:diff_type= relative
[203246] INFO ConfigurationProperties - p:targetelementprocessor= statements
[203246] INFO ConfigurationProperties - p:srctestfolder= core/src/test/java
[203246] INFO ConfigurationProperties - p:forceExecuteRegression= false
[203246] INFO ConfigurationProperties - p:clusteringfilename= clustering.csv
[203246] INFO ConfigurationProperties - p:failing= org.springframework.security.authentication.encoding.PlaintextPasswordEncoderTests#testNull
[203246] INFO ConfigurationProperties - p:logtestexecution= false
[203246] INFO ConfigurationProperties - p:evo_buggy_class= true
[203246] INFO ConfigurationProperties - p:numberExecutions= 1
[203246] INFO ConfigurationProperties - p:maxnumbersolutions= 1000000
[203246] INFO ConfigurationProperties - p:evo_affected_by_op= true
[203246] INFO ConfigurationProperties - p:population= 1
[203246] INFO ConfigurationProperties - p:considerzerovaluesusp= false
[203246] INFO ConfigurationProperties - p:maxCombinationVariableLimit= false
[203246] INFO ConfigurationProperties - p:savesolution= true
[203247] INFO ConfigurationProperties - p:javacompliancelevel= 8
[203247] INFO ConfigurationProperties - p:x= x
[203247] INFO ConfigurationProperties - p:uniqueoptogen= false
[203247] INFO ConfigurationProperties - p:gzoltarpackagetonotinstrument= junit.framework
[203247] INFO ConfigurationProperties - p:projectIdentifier= spring-projects_spring-security-VUL4J-73
[203247] INFO ConfigurationProperties - p:modificationpointnavigation= weight
[203247] INFO ConfigurationProperties - p:stopfirst= true
[203247] INFO ConfigurationProperties - p:multipointmodification= false
[203247] INFO ConfigurationProperties - p:elementsToMutate= 10
[203247] INFO ConfigurationProperties - p:jsonoutputname= astor_output
[203247] INFO ConfigurationProperties - p:evoDSE= false
[203247] INFO ConfigurationProperties - p:bintestfolder= core/build/classes/test
[203247] INFO ConfigurationProperties - p:testbystep= false
[203247] INFO ConfigurationProperties - p:version-location= ./math-version/
[203247] INFO ConfigurationProperties - p:reintroduce= PARENTS:ORIGINAL
[203247] INFO ConfigurationProperties - p:perfectdata= /script/../data/benchmarks/vul4j/perfectfl/VUL4J-73
[203247] INFO ConfigurationProperties - p:executorjar= ./lib/jtestex7.jar
[203247] INFO ConfigurationProperties - p:maxGeneration= 1000000
[203247] INFO ConfigurationProperties - p:max_synthesis_step= 10000
[203248] INFO ConfigurationProperties - p:projectinfocommand= com.github.tdurieux:project-config-maven-plugin:info
[203248] INFO ConfigurationProperties - p:maxVarCombination= 1000
[203248] INFO ConfigurationProperties - p:maxtime= 120
[203248] INFO ConfigurationProperties - p:evosuitejar= ./lib/evosuite-master-1.0.4-SNAPSHOT.jar
[203248] INFO ConfigurationProperties - p:jvmversion= 1.8.0_342
[203248] INFO ConfigurationProperties - p:commandTrunk= 50000
[203248] INFO ConfigurationProperties - p:faultlocalization= perfect
[203248] INFO ConfigurationProperties - p:resetmodel= true
[203248] INFO ConfigurationProperties - p:maxsuspcandidates= 1000
[203248] INFO ConfigurationProperties - p:mode= jgenprog
[203248] INFO ConfigurationProperties - p:learningdir= 
[203248] INFO ConfigurationProperties - p:jvm4evosuitetestexecution= /usr/lib/jvm/java-8-openjdk-amd64/bin
[203248] INFO ConfigurationProperties - p:filterfaultlocalization= true
[203248] INFO ConfigurationProperties - p:mutationrate= 1 
[203248] INFO ConfigurationProperties - p:pathToMVNRepository= 
[203248] INFO ConfigurationProperties - p:resourcesfolder= /src/main/resources:/src/test/resources:
[203248] INFO ConfigurationProperties - p:timezone= America/Los_Angeles
[203248] INFO ConfigurationProperties - p:runjava7code= false
[203249] INFO ConfigurationProperties - p:testfailingcmd= ./gradlew :spring-security-core:test --tests org.springframework.security.authentication.encoding.PlaintextPasswordEncoderTests.testNull
[203249] INFO ConfigurationProperties - p:evoRunOnBuggyClass= true
[203249] INFO ConfigurationProperties - p:compiler= fr.inria.astor.core.manipulation.bytecode.compiler.SpoonClassCompiler
[203249] INFO ConfigurationProperties - p:limitbysuspicious= true
[203249] INFO ConfigurationProperties - p:logsattemps= true
[203249] INFO ConfigurationProperties - p:dependenciespath= /workdir/jGenProg_vul4j_spring-projects_spring-security_VUL4J-73/core/build/classes/test:/workdir/jGenProg_vul4j_spring-projects_spring-security_VUL4J-73/core/build/resources/test:/workdir/jGenProg_vul4j_spring-projects_spring-security_VUL4J-73/core/build/classes/main:/workdir/jGenProg_vul4j_spring-projects_spring-security_VUL4J-73/core/build/resources/main:/root/.gradle/caches/modules-2/files-2.1/org.springframework/spring-core/4.3.23.RELEASE/1481429d44ea0deca1d8b9d6d5e948cb7f063bdb/spring-core-4.3.23.RELEASE.jar:/root/.gradle/caches/modules-2/files-2.1/aopalliance/aopalliance/1.0/235ba8b489512805ac13a8f9ea77a1ca5ebe3e8/aopalliance-1.0.jar:/root/.gradle/caches/modules-2/files-2.1/org.springframework/spring-aop/4.3.23.RELEASE/f49489bf0774db690f85588cab86d943069704bd/spring-aop-4.3.23.RELEASE.jar:/root/.gradle/caches/modules-2/files-2.1/org.springframework/spring-beans/4.3.23.RELEASE/27570e1d493f636c910191004f822e756a9df871/spring-beans-4.3.23.RELEASE.jar:/root/.gradle/caches/modules-2/files-2.1/org.springframework/spring-context/4.3.23.RELEASE/337d1030cb7abeeb28618b01dab7250a90d77151/spring-context-4.3.23.RELEASE.jar:/root/.gradle/caches/modules-2/files-2.1/org.springframework/spring-expression/4.3.23.RELEASE/cebdf400b3c820220deb868a84bce627eb8ad18c/spring-expression-4.3.23.RELEASE.jar:/workdir/jGenProg_vul4j_spring-projects_spring-security_VUL4J-73/crypto/build/libs/spring-security-crypto-4.2.13.BUILD-SNAPSHOT.jar:/root/.gradle/caches/modules-2/files-2.1/net.sf.ehcache/ehcache/2.10.6/38076997b10f5c762a210ea8b9f6099da35ac5f/ehcache-2.10.6.jar:/root/.gradle/caches/modules-2/files-2.1/javax.annotation/jsr250-api/1.0/5025422767732a1ab45d93abfea846513d742dcf/jsr250-api-1.0.jar:/root/.gradle/caches/modules-2/files-2.1/org.aspectj/aspectjrt/1.8.14/65af551c0487609d48b91ea401de61f72bb91a09/aspectjrt-1.8.14.jar:/root/.gradle/caches/modules-2/files-2.1/org.springframework/spring-jdbc/4.3.23.RELEASE/61baab23c8938b96cb5f355dbf85359241d7b69e/spring-jdbc-4.3.23.RELEASE.jar:/root/.gradle/caches/modules-2/files-2.1/org.springframework/spring-tx/4.3.23.RELEASE/2a2d4a24b161f0fdd14816a715a760d2fa1f357b/spring-tx-4.3.23.RELEASE.jar:/root/.gradle/caches/modules-2/files-2.1/com.fasterxml.jackson.core/jackson-databind/2.8.11.3/844df5aba5a1a56e00905b165b12bb34116ee858/jackson-databind-2.8.11.3.jar:/root/.gradle/caches/modules-2/files-2.1/junit/junit/4.12/2973d150c0dc1fefe998f834810d68f278ea58ec/junit-4.12.jar:/root/.gradle/caches/modules-2/files-2.1/org.mockito/mockito-core/1.10.19/e8546f5bef4e061d8dd73895b4e8f40e3fe6effe/mockito-core-1.10.19.jar:/root/.gradle/caches/modules-2/files-2.1/org.springframework/spring-test/4.3.23.RELEASE/fb5a41e62dc86ca11f666691e13ea0b5573f20b4/spring-test-4.3.23.RELEASE.jar:/root/.gradle/caches/modules-2/files-2.1/org.assertj/assertj-core/2.2.0/edd59795b236afc790dd161e7e3677757b06f2e7/assertj-core-2.2.0.jar:/root/.gradle/caches/modules-2/files-2.1/commons-collections/commons-collections/3.2.2/8ad72fe39fa8c91eaaf12aadb21e0c3661fe26d5/commons-collections-3.2.2.jar:/root/.gradle/caches/modules-2/files-2.1/org.slf4j/jcl-over-slf4j/1.7.25/f8c32b13ff142a513eeb5b6330b1588dcb2c0461/jcl-over-slf4j-1.7.25.jar:/root/.gradle/caches/modules-2/files-2.1/org.powermock/powermock-core/1.6.5/5c7f30af24a260b9a452c194be0cca373db9aaf6/powermock-core-1.6.5.jar:/root/.gradle/caches/modules-2/files-2.1/org.powermock/powermock-api-support/1.6.5/9b0cdf26351d3608a1bf11d3a5b8c96e9c32605/powermock-api-support-1.6.5.jar:/root/.gradle/caches/modules-2/files-2.1/org.powermock/powermock-module-junit4-common/1.6.5/ef0b8507142b3c176d1b8a1937a8490eaf8babe9/powermock-module-junit4-common-1.6.5.jar:/root/.gradle/caches/modules-2/files-2.1/org.powermock/powermock-module-junit4/1.6.5/e6ad8d4fddb3cc1e11ebf343ecc82ea10b12d5a4/powermock-module-junit4-1.6.5.jar:/root/.gradle/caches/modules-2/files-2.1/org.powermock/powermock-api-mockito/1.6.5/7f5cf8f0ddb3539b28581431bbeda4d81ff5ef02/powermock-api-mockito-1.6.5.jar:/root/.gradle/caches/modules-2/files-2.1/org.powermock/powermock-reflect/1.6.5/3569903763e7741965acc9627ad8253d210feedf/powermock-reflect-1.6.5.jar:/root/.gradle/caches/modules-2/files-2.1/org.skyscreamer/jsonassert/1.4.0/9cdbb373a06f6513e51e8c545ee6a5e981463edb/jsonassert-1.4.0.jar:/root/.gradle/caches/modules-2/files-2.1/ch.qos.logback/logback-classic/1.1.11/ccedfbacef4a6515d2983e3f89ed753d5d4fb665/logback-classic-1.1.11.jar:/root/.gradle/caches/modules-2/files-2.1/org.hsqldb/hsqldb/2.3.6/d4adfef3f017dd71fe789067cc6b7c39f31f2a3a/hsqldb-2.3.6.jar:/root/.gradle/caches/modules-2/files-2.1/org.slf4j/slf4j-api/1.7.25/da76ca59f6a57ee3102f8f9bd9cee742973efa8a/slf4j-api-1.7.25.jar:/root/.gradle/caches/modules-2/files-2.1/com.fasterxml.jackson.core/jackson-annotations/2.8.0/45b426f7796b741035581a176744d91090e2e6fb/jackson-annotations-2.8.0.jar:/root/.gradle/caches/modules-2/files-2.1/com.fasterxml.jackson.core/jackson-core/2.8.10/eb21a035c66ad307e66ec8fce37f5d50fd62d039/jackson-core-2.8.10.jar:/root/.gradle/caches/modules-2/files-2.1/org.hamcrest/hamcrest-core/1.3/42a25dc3219429f0e5d060061f71acb49bf010a0/hamcrest-core-1.3.jar:/root/.gradle/caches/modules-2/files-2.1/org.javassist/javassist/3.20.0-GA/a9cbcdfb7e9f86fbc74d3afae65f2248bfbf82a0/javassist-3.20.0-GA.jar:/root/.gradle/caches/modules-2/files-2.1/org.powermock/powermock-api-mockito-common/1.6.5/50929570ea185735f8f038ea650a60f6444e7ec3/powermock-api-mockito-common-1.6.5.jar:/root/.gradle/caches/modules-2/files-2.1/com.vaadin.external.google/android-json/0.0.20131108.vaadin1/fa26d351fe62a6a17f5cda1287c1c6110dec413f/android-json-0.0.20131108.vaadin1.jar:/root/.gradle/caches/modules-2/files-2.1/ch.qos.logback/logback-core/1.1.11/88b8df40340eed549fb07e2613879bf6b006704d/logback-core-1.1.11.jar:/root/.gradle/caches/modules-2/files-2.1/org.objenesis/objenesis/2.2/3fb533efdaa50a768c394aa4624144cf8df17845/objenesis-2.2.jar
[203249] INFO ConfigurationProperties - p:packageToInstrument= 
[203249] INFO ConfigurationProperties - p:skipfaultlocalization= false
[203249] INFO ConfigurationProperties - p:scope= local
[203249] INFO ConfigurationProperties - p:transformingredient= false
[203249] INFO ConfigurationProperties - p:fitnessfunction= fr.inria.astor.core.solutionsearch.population.TestCaseFitnessFunction
[203250] INFO ConfigurationProperties - p:maxnumvariablesperingredient= 10
[203250] INFO ConfigurationProperties - p:parsesourcefromoriginal= true
[203250] INFO ConfigurationProperties - p:pvariantfoldername= variant-
[203250] INFO ConfigurationProperties - p:savespoonmodelondisk= false
[203250] INFO ConfigurationProperties - p:srcjavafolder= core/src/main/java
[203250] INFO ConfigurationProperties - p:populationcontroller= fr.inria.astor.core.solutionsearch.population.TestCaseBasedFitnessPopulationController
[203250] INFO ConfigurationProperties - p:ignoreflakyinfl= false
[203250] INFO ConfigurationProperties - p:cleantemplates= true
[203250] INFO ConfigurationProperties - p:applyCrossover= false
[203250] INFO ConfigurationProperties - p:maxmodificationpoints= 1000
[203250] INFO ConfigurationProperties - p:duplicateingredientsinspace= false
[203250] INFO ConfigurationProperties - p:metid= 0
[203250] INFO ConfigurationProperties - p:continuewhenmodelfail= true
[203250] INFO ConfigurationProperties - p:saveall= false
[203250] INFO ConfigurationProperties - p:seed= 0
[203250] INFO ConfigurationProperties - p:savecompletepatched= true
[203250] INFO ConfigurationProperties - p:resetoperations= false
[203250] INFO ConfigurationProperties - p:keepcomments= false
[203250] INFO ConfigurationProperties - p:processoutputinfile= false
[203251] INFO ConfigurationProperties - p:location= .
[203251] INFO ConfigurationProperties - p:probabilistictransformation= true
[203251] INFO ConfigurationProperties - p:overridemaxtime= true
[203251] INFO ConfigurationProperties - p:outputjsonresult= true
[203251] INFO ConfigurationProperties - p:allpoints= false
[203251] INFO ConfigurationProperties - p:antipattern= false
[203251] INFO ConfigurationProperties - p:bugId= 280
[203251] INFO ConfigurationProperties - p:evosuitetimeout= 120
[203251] INFO ConfigurationProperties - p:maxtimefactor= 10
[203251] INFO ConfigurationProperties - p:nrPlaceholders= 1
[203251] INFO ConfigurationProperties - p:testallcmd= ./gradlew :spring-security-core:test
[203251] INFO ConfigurationProperties - p:forcesubprocesskilling= false
[203251] INFO ConfigurationProperties - ----------------------------
[203251] INFO AstorCoreEngine - ----Starting Solution Search
[203252] WARN AstorCoreEngine - ----------Running generation: 1, population size: 1
[203321] WARN AstorCoreEngine - ----------Running generation: 2, population size: 1
[205442] WARN AstorCoreEngine - ----------Running generation: 3, population size: 1
[206347] INFO main - Run previously failing tests...
[387259] INFO main - Failed tests: 1
[387318] WARN AstorCoreEngine - ----------Running generation: 4, population size: 1
[387430] WARN AstorCoreEngine - ----------Running generation: 5, population size: 1
[387469] WARN AstorCoreEngine - ----------Running generation: 6, population size: 1
[387488] WARN AstorCoreEngine - ----------Running generation: 7, population size: 1
[387926] WARN AstorCoreEngine - ----------Running generation: 8, population size: 1
[387949] WARN AstorCoreEngine - ----------Running generation: 9, population size: 1
[388502] WARN AstorCoreEngine - ----------Running generation: 10, population size: 1
[389464] WARN AstorCoreEngine - ----------Running generation: 11, population size: 1
[390337] WARN AstorCoreEngine - ----------Running generation: 12, population size: 1
[390374] WARN AstorCoreEngine - ----------Running generation: 13, population size: 1
[390399] WARN AstorCoreEngine - ----------Running generation: 14, population size: 1
[390427] WARN AstorCoreEngine - ----------Running generation: 15, population size: 1
[390454] WARN AstorCoreEngine - ----------Running generation: 16, population size: 1
[390473] WARN AstorCoreEngine - ----------Running generation: 17, population size: 1
[390532] WARN AstorCoreEngine - ----------Running generation: 18, population size: 1
[390597] WARN AstorCoreEngine - ----------Running generation: 19, population size: 1
[390648] WARN AstorCoreEngine - ----------Running generation: 20, population size: 1
[390696] WARN AstorCoreEngine - ----------Running generation: 21, population size: 1
[390762] WARN AstorCoreEngine - ----------Running generation: 22, population size: 1
[390845] WARN AstorCoreEngine - ----------Running generation: 23, population size: 1
[390920] WARN AstorCoreEngine - ----------Running generation: 24, population size: 1
[390948] WARN AstorCoreEngine - ----------Running generation: 25, population size: 1
[391007] WARN AstorCoreEngine - ----------Running generation: 26, population size: 1
[391043] WARN AstorCoreEngine - ----------Running generation: 27, population size: 1
[391059] WARN AstorCoreEngine - ----------Running generation: 28, population size: 1
[391078] WARN AstorCoreEngine - ----------Running generation: 29, population size: 1
[391129] WARN AstorCoreEngine - ----------Running generation: 30, population size: 1
[391158] WARN AstorCoreEngine - ----------Running generation: 31, population size: 1
[391223] WARN AstorCoreEngine - ----------Running generation: 32, population size: 1
[391237] WARN AstorCoreEngine - ----------Running generation: 33, population size: 1
[391612] INFO main - Run previously failing tests...
[562369] INFO main - Failed tests: 1
[562386] WARN AstorCoreEngine - ----------Running generation: 34, population size: 1
[562400] WARN AstorCoreEngine - ----------Running generation: 35, population size: 1
[562424] WARN AstorCoreEngine - ----------Running generation: 36, population size: 1
[562442] WARN AstorCoreEngine - ----------Running generation: 37, population size: 1
[562456] WARN AstorCoreEngine - ----------Running generation: 38, population size: 1
[562854] WARN AstorCoreEngine - ----------Running generation: 39, population size: 1
[563363] WARN AstorCoreEngine - ----------Running generation: 40, population size: 1
[563403] WARN AstorCoreEngine - ----------Running generation: 41, population size: 1
[564594] WARN AstorCoreEngine - ----------Running generation: 42, population size: 1
[564605] WARN AstorCoreEngine - ----------Running generation: 43, population size: 1
[565353] INFO main - Run previously failing tests...
[767988] INFO main - Failed tests: 1
[768024] WARN AstorCoreEngine - ----------Running generation: 44, population size: 1
[768053] WARN AstorCoreEngine - ----------Running generation: 45, population size: 1
[768301] WARN AstorCoreEngine - ----------Running generation: 46, population size: 1
[768313] WARN AstorCoreEngine - ----------Running generation: 47, population size: 1
[768336] WARN AstorCoreEngine - ----------Running generation: 48, population size: 1
[768354] WARN AstorCoreEngine - ----------Running generation: 49, population size: 1
[768384] WARN AstorCoreEngine - ----------Running generation: 50, population size: 1
[768428] WARN AstorCoreEngine - ----------Running generation: 51, population size: 1
[768460] WARN AstorCoreEngine - ----------Running generation: 52, population size: 1
[768511] WARN AstorCoreEngine - ----------Running generation: 53, population size: 1
[768519] WARN AstorCoreEngine - ----------Running generation: 54, population size: 1
[768530] WARN AstorCoreEngine - ----------Running generation: 55, population size: 1
[768570] WARN AstorCoreEngine - ----------Running generation: 56, population size: 1
[768598] WARN AstorCoreEngine - ----------Running generation: 57, population size: 1
[768613] WARN AstorCoreEngine - ----------Running generation: 58, population size: 1
[768620] WARN AstorCoreEngine - ----------Running generation: 59, population size: 1
[768651] WARN AstorCoreEngine - ----------Running generation: 60, population size: 1
[768659] WARN AstorCoreEngine - ----------Running generation: 61, population size: 1
[768673] WARN AstorCoreEngine - ----------Running generation: 62, population size: 1
[768701] WARN AstorCoreEngine - ----------Running generation: 63, population size: 1
[768705] WARN AstorCoreEngine - ----------Running generation: 64, population size: 1
[768709] WARN AstorCoreEngine - ----------Running generation: 65, population size: 1
[768728] WARN AstorCoreEngine - ----------Running generation: 66, population size: 1
[768734] WARN AstorCoreEngine - ----------Running generation: 67, population size: 1
[768738] WARN AstorCoreEngine - ----------Running generation: 68, population size: 1
[768748] WARN AstorCoreEngine - ----------Running generation: 69, population size: 1
[768752] WARN AstorCoreEngine - ----------Running generation: 70, population size: 1
[768762] WARN AstorCoreEngine - ----------Running generation: 71, population size: 1
[768766] WARN AstorCoreEngine - ----------Running generation: 72, population size: 1
[768770] WARN AstorCoreEngine - ----------Running generation: 73, population size: 1
[768778] WARN AstorCoreEngine - ----------Running generation: 74, population size: 1
[768782] WARN AstorCoreEngine - ----------Running generation: 75, population size: 1
[768786] WARN AstorCoreEngine - ----------Running generation: 76, population size: 1
[768793] WARN AstorCoreEngine - ----------Running generation: 77, population size: 1
[768803] WARN AstorCoreEngine - ----------Running generation: 78, population size: 1
[768810] WARN AstorCoreEngine - ----------Running generation: 79, population size: 1
[768831] WARN AstorCoreEngine - ----------Running generation: 80, population size: 1
[768836] WARN AstorCoreEngine - ----------Running generation: 81, population size: 1
[768842] WARN AstorCoreEngine - ----------Running generation: 82, population size: 1
[768848] WARN AstorCoreEngine - ----------Running generation: 83, population size: 1
[768852] WARN AstorCoreEngine - ----------Running generation: 84, population size: 1
[768856] WARN AstorCoreEngine - ----------Running generation: 85, population size: 1
[768865] WARN AstorCoreEngine - ----------Running generation: 86, population size: 1
[768873] WARN AstorCoreEngine - ----------Running generation: 87, population size: 1
[768904] WARN AstorCoreEngine - ----------Running generation: 88, population size: 1
[768927] WARN AstorCoreEngine - ----------Running generation: 89, population size: 1
[768931] WARN AstorCoreEngine - ----------Running generation: 90, population size: 1
[768938] WARN AstorCoreEngine - ----------Running generation: 91, population size: 1
[768958] WARN AstorCoreEngine - ----------Running generation: 92, population size: 1
[768965] WARN AstorCoreEngine - ----------Running generation: 93, population size: 1
[768995] WARN AstorCoreEngine - ----------Running generation: 94, population size: 1
[769003] WARN AstorCoreEngine - ----------Running generation: 95, population size: 1
[769021] WARN AstorCoreEngine - ----------Running generation: 96, population size: 1
[769035] WARN AstorCoreEngine - ----------Running generation: 97, population size: 1
[769047] WARN AstorCoreEngine - ----------Running generation: 98, population size: 1
[769052] WARN AstorCoreEngine - ----------Running generation: 99, population size: 1
[769056] WARN AstorCoreEngine - ----------Running generation: 100, population size: 1
[769071] WARN AstorCoreEngine - ----------Running generation: 101, population size: 1
[769083] WARN AstorCoreEngine - ----------Running generation: 102, population size: 1
[769089] WARN AstorCoreEngine - ----------Running generation: 103, population size: 1
[769096] WARN AstorCoreEngine - ----------Running generation: 104, population size: 1
[769102] WARN AstorCoreEngine - ----------Running generation: 105, population size: 1
[769119] WARN AstorCoreEngine - ----------Running generation: 106, population size: 1
[769127] WARN AstorCoreEngine - ----------Running generation: 107, population size: 1
[769135] WARN AstorCoreEngine - ----------Running generation: 108, population size: 1
[769145] WARN AstorCoreEngine - ----------Running generation: 109, population size: 1
[769150] WARN AstorCoreEngine - ----------Running generation: 110, population size: 1
[769163] WARN AstorCoreEngine - ----------Running generation: 111, population size: 1
[769168] WARN AstorCoreEngine - ----------Running generation: 112, population size: 1
[769192] WARN AstorCoreEngine - ----------Running generation: 113, population size: 1
[769197] WARN AstorCoreEngine - ----------Running generation: 114, population size: 1
[769206] WARN AstorCoreEngine - ----------Running generation: 115, population size: 1
[769224] WARN AstorCoreEngine - ----------Running generation: 116, population size: 1
[769241] WARN AstorCoreEngine - ----------Running generation: 117, population size: 1
[769248] WARN AstorCoreEngine - ----------Running generation: 118, population size: 1
[769253] WARN AstorCoreEngine - ----------Running generation: 119, population size: 1
[769257] WARN AstorCoreEngine - ----------Running generation: 120, population size: 1
[769270] WARN AstorCoreEngine - ----------Running generation: 121, population size: 1
[769286] WARN AstorCoreEngine - ----------Running generation: 122, population size: 1
[769301] WARN AstorCoreEngine - ----------Running generation: 123, population size: 1
[769330] WARN AstorCoreEngine - ----------Running generation: 124, population size: 1
[769338] WARN AstorCoreEngine - ----------Running generation: 125, population size: 1
[769343] WARN AstorCoreEngine - ----------Running generation: 126, population size: 1
[769347] WARN AstorCoreEngine - ----------Running generation: 127, population size: 1
[769354] WARN AstorCoreEngine - ----------Running generation: 128, population size: 1
[769362] WARN AstorCoreEngine - ----------Running generation: 129, population size: 1
[769365] WARN AstorCoreEngine - ----------Running generation: 130, population size: 1
[769368] WARN AstorCoreEngine - ----------Running generation: 131, population size: 1
[769377] WARN AstorCoreEngine - ----------Running generation: 132, population size: 1
[769392] WARN AstorCoreEngine - ----------Running generation: 133, population size: 1
[769398] WARN AstorCoreEngine - ----------Running generation: 134, population size: 1
[769401] WARN AstorCoreEngine - ----------Running generation: 135, population size: 1
[769410] WARN AstorCoreEngine - ----------Running generation: 136, population size: 1
[769420] WARN AstorCoreEngine - ----------Running generation: 137, population size: 1
[769428] WARN AstorCoreEngine - ----------Running generation: 138, population size: 1
[769433] WARN AstorCoreEngine - ----------Running generation: 139, population size: 1
[769437] WARN AstorCoreEngine - ----------Running generation: 140, population size: 1
[769443] WARN AstorCoreEngine - ----------Running generation: 141, population size: 1
[769449] WARN AstorCoreEngine - ----------Running generation: 142, population size: 1
[769457] WARN AstorCoreEngine - ----------Running generation: 143, population size: 1
[769462] WARN AstorCoreEngine - ----------Running generation: 144, population size: 1
[769490] WARN AstorCoreEngine - ----------Running generation: 145, population size: 1
[769494] ERROR AstorCoreEngine - Stopping main loop at 145 generation
[769495] INFO AstorCoreEngine - Time Repair Loop (s): 566.244
[769495] INFO AstorCoreEngine - generationsexecuted: 145
[769495] WARN AstorCoreEngine - ----SUMMARY_EXECUTION---
[769495] WARN AstorCoreEngine - End Repair Search: NOT Found solution
[769496] WARN AstorCoreEngine - Number suspicious:1
[769498] INFO AstorCoreEngine - 
 --SOLUTIONS DESCRIPTION--


Astor Output:

General stats:
EXECUTION_IDENTIFIER=spring-projects_spring-security-VUL4J-73
TOTAL_TIME=566.244
NR_GENERATIONS=145
NR_RIGHT_COMPILATIONS=3
NR_FAILLING_COMPILATIONS=9
NR_ERRONEOUS_VARIANCES=null
NR_FAILING_VALIDATION_PROCESS=null
OUTPUT_STATUS=CONVERGED

Patch stats:

[769512] INFO Stats - Storing ing JSON at /workdir/jGenProg_vul4j_spring-projects_spring-security_VUL4J-73/./output_astor/AstorMain-spring-projects_spring-security-VUL4J-73//astor_output.json
[769513] INFO Stats - astor_output:
{"general":{"NR_RIGHT_COMPILATIONS":3,"NR_ERRONEOUS_VARIANCES":null,"EXECUTION_IDENTIFIER":"spring-projects_spring-security-VUL4J-73","OUTPUT_STATUS":"CONVERGED","NR_FAILLING_COMPILATIONS":9,"NR_GENERATIONS":145,"TOTAL_TIME":566.244,"NR_FAILING_VALIDATION_PROCESS":null},"patches":[]}
[769513] INFO AstorMain - Time Total(s): 769.489
509.44user 91.06system 12:51.31elapsed 77%CPU (0avgtext+0avgdata 981100maxresident)k
192inputs+36112outputs (0major+2223738minor)pagefaults 0swaps


Node: 9670332cfea8



Date: Thu Sep  8 19:32:18 EDT 2022

