cd /workdir/RSRepair_vul4j_apache_commons-imaging_VUL4J-12;
export JAVA_TOOL_OPTIONS="-Dfile.encoding=UTF8 -Duser.language=en-US -Duser.country=US -Duser.language=en";
TZ="America/New_York"; export TZ;
export PATH="/usr/lib/jvm/jdk1.7.0_80/bin:$PATH";
export JAVA_HOME="/usr/lib/jvm/jdk1.7.0_80";
timeout 240m java -Xmx4g -Xms1g -XX:MaxPermSize=512m -cp /script/../libs/jmetal.jar:/script/../repair_tools/arja.jar us.msu.cse.repair.Main \
	RSRepair \
	-DexternalProjRoot /script/../libs/arja_external \
	-DprojectDir /workdir/RSRepair_vul4j_apache_commons-imaging_VUL4J-12 \
    -DtestFiltered false \
    -DrunTestCommand "mvn test -Dhttps.protocols=TLSv1.2 -Denforcer.skip=true -Dcheckstyle.skip=true -Dcobertura.skip=true -DskipITs=true -Drat.skip=true -Dlicense.skip=true -Dpmd.skip=true -Dfindbugs.skip=true -Dgpg.skip=true -Dskip.npm=true -Dskip.gulp=true -Dskip.bower=true -Danimal.sniffer.skip=true -V -B" \
	-DsrcJavaDir /workdir/RSRepair_vul4j_apache_commons-imaging_VUL4J-12/src/main/java \
	-DbinJavaDir /workdir/RSRepair_vul4j_apache_commons-imaging_VUL4J-12/target/classes \
	-DbinTestDir /workdir/RSRepair_vul4j_apache_commons-imaging_VUL4J-12/target/test-classes \
	-DdiffFormat true \
	-Dseed 0 \
	-DgzoltarDataDir /script/../data/benchmarks/vul4j/perfectfl/VUL4J-12 \
	-Ddependences /root/.m2/repository/commons-io/commons-io/2.6/commons-io-2.6.jar:/root/.m2/repository/junit/junit/4.12/junit-4.12.jar:/root/.m2/repository/org/hamcrest/hamcrest-core/1.3/hamcrest-core-1.3.jar;
	echo "\n\nNode: `hostname`\n";
	echo "\n\nDate: `date`\n";
Picked up JAVA_TOOL_OPTIONS: -Dfile.encoding=UTF8 -Duser.language=en-US -Duser.country=US -Duser.language=en
Fault localization starts...
Number of positive tests: 561
Number of negative tests: 1
Negative tests: [org.apache.commons.imaging.formats.jpeg.decoder.JpegDecoderTest#testDecodeBadFile]
Faulty Lines: 
org.apache.commons.imaging.formats.jpeg.decoder.JpegDecoder#403:1.0
Fault localization is finished!
AST parsing starts...
AST parsing is finished!
Detection of local variables starts...
Detection of local variables is finished!
Detection of fields starts...
Detection of fields is finished!
Detection of methods starts...
Detection of methods is finished!
Ingredient screener starts...
Ingredient screener is finished!
Initialization of manipulations starts...
Initialization of manipulations is finished!
Filtering of the tests starts...
Number of positive tests considered: 561
Filtering of the tests is finished!
One fitness evaluation starts...
----------------------------------
Patch Candidate:
@@ -400,10 +400,6 @@ public class JpegDecoder extends BinaryFileParser implements JpegUtils.Visitor {
private int extend(int v, final int t) {
// "EXTEND", section F.2.2.1, figure F.12, page 105 of T.81
int vt = (1 << (t - 1));
-        while (v < vt) {
-            vt = (-1 << t) + 1;
-            v += vt;
-        }
return v;
}

Number of failed tests: 0
Fitness: 0.0
One fitness evaluation is finished...
One fitness evaluation starts...
----------------------------------
Patch Candidate:
@@ -400,10 +400,6 @@ public class JpegDecoder extends BinaryFileParser implements JpegUtils.Visitor {
private int extend(int v, final int t) {
// "EXTEND", section F.2.2.1, figure F.12, page 105 of T.81
int vt = (1 << (t - 1));
-        while (v < vt) {
-            vt = (-1 << t) + 1;
-            v += vt;
-        }
return v;
}

Number of failed tests: 0
Fitness: 0.0
One fitness evaluation is finished...
One fitness evaluation starts...
----------------------------------
Patch Candidate:
@@ -400,10 +400,6 @@ public class JpegDecoder extends BinaryFileParser implements JpegUtils.Visitor {
private int extend(int v, final int t) {
// "EXTEND", section F.2.2.1, figure F.12, page 105 of T.81
int vt = (1 << (t - 1));
-        while (v < vt) {
-            vt = (-1 << t) + 1;
-            v += vt;
-        }
return v;
}

Number of failed tests: 0
Fitness: 0.0
One fitness evaluation is finished...
One fitness evaluation starts...
----------------------------------
Patch Candidate:
@@ -400,7 +400,8 @@ public class JpegDecoder extends BinaryFileParser implements JpegUtils.Visitor {
private int extend(int v, final int t) {
// "EXTEND", section F.2.2.1, figure F.12, page 105 of T.81
int vt = (1 << (t - 1));
-        while (v < vt) {
+        final float[] quantizationMatrixFloat = new float[64];
+		while (v < vt) {
vt = (-1 << t) + 1;
v += vt;
}
Number of failed tests: 1
Fitness: 2.0
One fitness evaluation is finished...
One fitness evaluation starts...
----------------------------------
Patch Candidate:
@@ -400,10 +400,6 @@ public class JpegDecoder extends BinaryFileParser implements JpegUtils.Visitor {
private int extend(int v, final int t) {
// "EXTEND", section F.2.2.1, figure F.12, page 105 of T.81
int vt = (1 << (t - 1));
-        while (v < vt) {
-            vt = (-1 << t) + 1;
-            v += vt;
-        }
return v;
}

Number of failed tests: 0
Fitness: 0.0
One fitness evaluation is finished...
One fitness evaluation starts...
----------------------------------
Patch Candidate:
@@ -400,7 +400,8 @@ public class JpegDecoder extends BinaryFileParser implements JpegUtils.Visitor {
private int extend(int v, final int t) {
// "EXTEND", section F.2.2.1, figure F.12, page 105 of T.81
int vt = (1 << (t - 1));
-        while (v < vt) {
+        Dct.inverseDCT8x8(block);
+		while (v < vt) {
vt = (-1 << t) + 1;
v += vt;
}
Number of failed tests: 1
Fitness: 2.0
One fitness evaluation is finished...
One fitness evaluation starts...
----------------------------------
Patch Candidate:
@@ -400,7 +400,8 @@ public class JpegDecoder extends BinaryFileParser implements JpegUtils.Visitor {
private int extend(int v, final int t) {
// "EXTEND", section F.2.2.1, figure F.12, page 105 of T.81
int vt = (1 << (t - 1));
-        while (v < vt) {
+        int hMax = 0;
+		while (v < vt) {
vt = (-1 << t) + 1;
v += vt;
}
Number of failed tests: 1
Fitness: 2.0
One fitness evaluation is finished...
One fitness evaluation starts...
----------------------------------
Patch Candidate:
@@ -401,9 +401,9 @@ public class JpegDecoder extends BinaryFileParser implements JpegUtils.Visitor {
// "EXTEND", section F.2.2.1, figure F.12, page 105 of T.81
int vt = (1 << (t - 1));
while (v < vt) {
-            vt = (-1 << t) + 1;
-            v += vt;
-        }
+			vt = (-1 << t) + 1;
+			v += vt;
+		}
return v;
}

Number of failed tests: 1
Fitness: 2.0
One fitness evaluation is finished...
One fitness evaluation starts...
----------------------------------
Patch Candidate:
@@ -400,10 +400,6 @@ public class JpegDecoder extends BinaryFileParser implements JpegUtils.Visitor {
private int extend(int v, final int t) {
// "EXTEND", section F.2.2.1, figure F.12, page 105 of T.81
int vt = (1 << (t - 1));
-        while (v < vt) {
-            vt = (-1 << t) + 1;
-            v += vt;
-        }
return v;
}

Number of failed tests: 0
Fitness: 0.0
One fitness evaluation is finished...
One fitness evaluation starts...
----------------------------------
Patch Candidate:
@@ -400,7 +400,8 @@ public class JpegDecoder extends BinaryFileParser implements JpegUtils.Visitor {
private int extend(int v, final int t) {
// "EXTEND", section F.2.2.1, figure F.12, page 105 of T.81
int vt = (1 << (t - 1));
-        while (v < vt) {
+        int i = 1;
+		while (v < vt) {
vt = (-1 << t) + 1;
v += vt;
}
Number of failed tests: 1
Fitness: 2.0
One fitness evaluation is finished...
One fitness evaluation starts...
----------------------------------
Patch Candidate:
@@ -400,10 +400,6 @@ public class JpegDecoder extends BinaryFileParser implements JpegUtils.Visitor {
private int extend(int v, final int t) {
// "EXTEND", section F.2.2.1, figure F.12, page 105 of T.81
int vt = (1 << (t - 1));
-        while (v < vt) {
-            vt = (-1 << t) + 1;
-            v += vt;
-        }
return v;
}

Number of failed tests: 0
Fitness: 0.0
One fitness evaluation is finished...
One fitness evaluation starts...
Compilation fails!
One fitness evaluation is finished...
One fitness evaluation starts...
----------------------------------
Patch Candidate:
@@ -400,10 +400,7 @@ public class JpegDecoder extends BinaryFileParser implements JpegUtils.Visitor {
private int extend(int v, final int t) {
// "EXTEND", section F.2.2.1, figure F.12, page 105 of T.81
int vt = (1 << (t - 1));
-        while (v < vt) {
-            vt = (-1 << t) + 1;
-            v += vt;
-        }
+        final float[] quantizationMatrixFloat = new float[64];
return v;
}

Number of failed tests: 0
Fitness: 0.0
One fitness evaluation is finished...
One fitness evaluation starts...
----------------------------------
Patch Candidate:
@@ -400,10 +400,6 @@ public class JpegDecoder extends BinaryFileParser implements JpegUtils.Visitor {
private int extend(int v, final int t) {
// "EXTEND", section F.2.2.1, figure F.12, page 105 of T.81
int vt = (1 << (t - 1));
-        while (v < vt) {
-            vt = (-1 << t) + 1;
-            v += vt;
-        }
return v;
}

Number of failed tests: 0
Fitness: 0.0
One fitness evaluation is finished...
One fitness evaluation starts...
Compilation fails!
One fitness evaluation is finished...
One fitness evaluation starts...
Compilation fails!
One fitness evaluation is finished...
One fitness evaluation starts...
Compilation fails!
One fitness evaluation is finished...
One fitness evaluation starts...
----------------------------------
Patch Candidate:
@@ -400,10 +400,7 @@ public class JpegDecoder extends BinaryFileParser implements JpegUtils.Visitor {
private int extend(int v, final int t) {
// "EXTEND", section F.2.2.1, figure F.12, page 105 of T.81
int vt = (1 << (t - 1));
-        while (v < vt) {
-            vt = (-1 << t) + 1;
-            v += vt;
-        }
+        int i = 0;
return v;
}

Number of failed tests: 0
Fitness: 0.0
One fitness evaluation is finished...
One fitness evaluation starts...
----------------------------------
Patch Candidate:
@@ -400,10 +400,6 @@ public class JpegDecoder extends BinaryFileParser implements JpegUtils.Visitor {
private int extend(int v, final int t) {
// "EXTEND", section F.2.2.1, figure F.12, page 105 of T.81
int vt = (1 << (t - 1));
-        while (v < vt) {
-            vt = (-1 << t) + 1;
-            v += vt;
-        }
return v;
}

Number of failed tests: 0
Fitness: 0.0
One fitness evaluation is finished...
One fitness evaluation starts...
----------------------------------
Patch Candidate:
@@ -400,10 +400,7 @@ public class JpegDecoder extends BinaryFileParser implements JpegUtils.Visitor {
private int extend(int v, final int t) {
// "EXTEND", section F.2.2.1, figure F.12, page 105 of T.81
int vt = (1 << (t - 1));
-        while (v < vt) {
-            vt = (-1 << t) + 1;
-            v += vt;
-        }
+        final int[] preds = new int[sofnSegment.numberOfComponents];
return v;
}

Number of failed tests: 0
Fitness: 0.0
One fitness evaluation is finished...
One fitness evaluation starts...
Compilation fails!
One fitness evaluation is finished...
One fitness evaluation starts...
----------------------------------
Patch Candidate:
@@ -400,10 +400,6 @@ public class JpegDecoder extends BinaryFileParser implements JpegUtils.Visitor {
private int extend(int v, final int t) {
// "EXTEND", section F.2.2.1, figure F.12, page 105 of T.81
int vt = (1 << (t - 1));
-        while (v < vt) {
-            vt = (-1 << t) + 1;
-            v += vt;
-        }
return v;
}

Number of failed tests: 0
Fitness: 0.0
One fitness evaluation is finished...
One fitness evaluation starts...
----------------------------------
Patch Candidate:
@@ -400,10 +400,6 @@ public class JpegDecoder extends BinaryFileParser implements JpegUtils.Visitor {
private int extend(int v, final int t) {
// "EXTEND", section F.2.2.1, figure F.12, page 105 of T.81
int vt = (1 << (t - 1));
-        while (v < vt) {
-            vt = (-1 << t) + 1;
-            v += vt;
-        }
return v;
}

Number of failed tests: 0
Fitness: 0.0
One fitness evaluation is finished...
One fitness evaluation starts...
----------------------------------
Patch Candidate:
@@ -400,10 +400,6 @@ public class JpegDecoder extends BinaryFileParser implements JpegUtils.Visitor {
private int extend(int v, final int t) {
// "EXTEND", section F.2.2.1, figure F.12, page 105 of T.81
int vt = (1 << (t - 1));
-        while (v < vt) {
-            vt = (-1 << t) + 1;
-            v += vt;
-        }
return v;
}

Number of failed tests: 0
Fitness: 0.0
One fitness evaluation is finished...
One fitness evaluation starts...
----------------------------------
Patch Candidate:
@@ -400,10 +400,7 @@ public class JpegDecoder extends BinaryFileParser implements JpegUtils.Visitor {
private int extend(int v, final int t) {
// "EXTEND", section F.2.2.1, figure F.12, page 105 of T.81
int vt = (1 << (t - 1));
-        while (v < vt) {
-            vt = (-1 << t) + 1;
-            v += vt;
-        }
+        int dstRowOffset = 0;
return v;
}

Number of failed tests: 0
Fitness: 0.0
One fitness evaluation is finished...
One fitness evaluation starts...
----------------------------------
Patch Candidate:
@@ -400,10 +400,6 @@ public class JpegDecoder extends BinaryFileParser implements JpegUtils.Visitor {
private int extend(int v, final int t) {
// "EXTEND", section F.2.2.1, figure F.12, page 105 of T.81
int vt = (1 << (t - 1));
-        while (v < vt) {
-            vt = (-1 << t) + 1;
-            v += vt;
-        }
return v;
}

Number of failed tests: 0
Fitness: 0.0
One fitness evaluation is finished...
One fitness evaluation starts...
----------------------------------
Patch Candidate:
@@ -400,10 +400,6 @@ public class JpegDecoder extends BinaryFileParser implements JpegUtils.Visitor {
private int extend(int v, final int t) {
// "EXTEND", section F.2.2.1, figure F.12, page 105 of T.81
int vt = (1 << (t - 1));
-        while (v < vt) {
-            vt = (-1 << t) + 1;
-            v += vt;
-        }
return v;
}

Number of failed tests: 0
Fitness: 0.0
One fitness evaluation is finished...
One fitness evaluation starts...
----------------------------------
Patch Candidate:
@@ -400,10 +400,7 @@ public class JpegDecoder extends BinaryFileParser implements JpegUtils.Visitor {
private int extend(int v, final int t) {
// "EXTEND", section F.2.2.1, figure F.12, page 105 of T.81
int vt = (1 << (t - 1));
-        while (v < vt) {
-            vt = (-1 << t) + 1;
-            v += vt;
-        }
+        final int max = (1 << sofnSegment.precision) - 1;
return v;
}

Number of failed tests: 0
Fitness: 0.0
One fitness evaluation is finished...
One fitness evaluation starts...
Compilation fails!
One fitness evaluation is finished...
One fitness evaluation starts...
----------------------------------
Patch Candidate:
@@ -400,7 +400,8 @@ public class JpegDecoder extends BinaryFileParser implements JpegUtils.Visitor {
private int extend(int v, final int t) {
// "EXTEND", section F.2.2.1, figure F.12, page 105 of T.81
int vt = (1 << (t - 1));
-        while (v < vt) {
+        int srcNext = 0;
+		while (v < vt) {
vt = (-1 << t) + 1;
v += vt;
}
Number of failed tests: 1
Fitness: 2.0
One fitness evaluation is finished...
One fitness evaluation starts...
----------------------------------
Patch Candidate:
@@ -400,7 +400,8 @@ public class JpegDecoder extends BinaryFileParser implements JpegUtils.Visitor {
private int extend(int v, final int t) {
// "EXTEND", section F.2.2.1, figure F.12, page 105 of T.81
int vt = (1 << (t - 1));
-        while (v < vt) {
+        vt = (-1 << t) + 1;
+		while (v < vt) {
vt = (-1 << t) + 1;
v += vt;
}
Number of failed tests: 1
Fitness: 2.0
One fitness evaluation is finished...
One fitness evaluation starts...
----------------------------------
Patch Candidate:
@@ -400,10 +400,6 @@ public class JpegDecoder extends BinaryFileParser implements JpegUtils.Visitor {
private int extend(int v, final int t) {
// "EXTEND", section F.2.2.1, figure F.12, page 105 of T.81
int vt = (1 << (t - 1));
-        while (v < vt) {
-            vt = (-1 << t) + 1;
-            v += vt;
-        }
return v;
}

Number of failed tests: 0
Fitness: 0.0
One fitness evaluation is finished...
One fitness evaluation starts...
----------------------------------
Patch Candidate:
@@ -400,10 +400,6 @@ public class JpegDecoder extends BinaryFileParser implements JpegUtils.Visitor {
private int extend(int v, final int t) {
// "EXTEND", section F.2.2.1, figure F.12, page 105 of T.81
int vt = (1 << (t - 1));
-        while (v < vt) {
-            vt = (-1 << t) + 1;
-            v += vt;
-        }
return v;
}

Number of failed tests: 0
Fitness: 0.0
One fitness evaluation is finished...
One fitness evaluation starts...
Compilation fails!
One fitness evaluation is finished...
One fitness evaluation starts...
----------------------------------
Patch Candidate:
@@ -400,7 +400,8 @@ public class JpegDecoder extends BinaryFileParser implements JpegUtils.Visitor {
private int extend(int v, final int t) {
// "EXTEND", section F.2.2.1, figure F.12, page 105 of T.81
int vt = (1 << (t - 1));
-        while (v < vt) {
+        final float[] quantizationMatrixFloat = new float[64];
+		while (v < vt) {
vt = (-1 << t) + 1;
v += vt;
}
Number of failed tests: 1
Fitness: 2.0
One fitness evaluation is finished...
One fitness evaluation starts...
----------------------------------
Patch Candidate:
@@ -400,10 +400,6 @@ public class JpegDecoder extends BinaryFileParser implements JpegUtils.Visitor {
private int extend(int v, final int t) {
// "EXTEND", section F.2.2.1, figure F.12, page 105 of T.81
int vt = (1 << (t - 1));
-        while (v < vt) {
-            vt = (-1 << t) + 1;
-            v += vt;
-        }
return v;
}

Number of failed tests: 0
Fitness: 0.0
One fitness evaluation is finished...
One fitness evaluation starts...
----------------------------------
Patch Candidate:
@@ -400,10 +400,6 @@ public class JpegDecoder extends BinaryFileParser implements JpegUtils.Visitor {
private int extend(int v, final int t) {
// "EXTEND", section F.2.2.1, figure F.12, page 105 of T.81
int vt = (1 << (t - 1));
-        while (v < vt) {
-            vt = (-1 << t) + 1;
-            v += vt;
-        }
return v;
}

Number of failed tests: 0
Fitness: 0.0
One fitness evaluation is finished...
One fitness evaluation starts...
----------------------------------
Patch Candidate:
@@ -400,10 +400,7 @@ public class JpegDecoder extends BinaryFileParser implements JpegUtils.Visitor {
private int extend(int v, final int t) {
// "EXTEND", section F.2.2.1, figure F.12, page 105 of T.81
int vt = (1 << (t - 1));
-        while (v < vt) {
-            vt = (-1 << t) + 1;
-            v += vt;
-        }
+        int srcNext = 0;
return v;
}

Number of failed tests: 0
Fitness: 0.0
One fitness evaluation is finished...
One fitness evaluation starts...
----------------------------------
Patch Candidate:
@@ -400,10 +400,7 @@ public class JpegDecoder extends BinaryFileParser implements JpegUtils.Visitor {
private int extend(int v, final int t) {
// "EXTEND", section F.2.2.1, figure F.12, page 105 of T.81
int vt = (1 << (t - 1));
-        while (v < vt) {
-            vt = (-1 << t) + 1;
-            v += vt;
-        }
+        int srcRowOffset = 0;
return v;
}

Number of failed tests: 0
Fitness: 0.0
One fitness evaluation is finished...
One fitness evaluation starts...
----------------------------------
Patch Candidate:
@@ -400,7 +400,8 @@ public class JpegDecoder extends BinaryFileParser implements JpegUtils.Visitor {
private int extend(int v, final int t) {
// "EXTEND", section F.2.2.1, figure F.12, page 105 of T.81
int vt = (1 << (t - 1));
-        while (v < vt) {
+        SofnSegment.Component frameComponent = null;
+		while (v < vt) {
vt = (-1 << t) + 1;
v += vt;
}
Number of failed tests: 1
Fitness: 2.0
One fitness evaluation is finished...
One fitness evaluation starts...
----------------------------------
Patch Candidate:
@@ -401,6 +401,10 @@ public class JpegDecoder extends BinaryFileParser implements JpegUtils.Visitor {
// "EXTEND", section F.2.2.1, figure F.12, page 105 of T.81
int vt = (1 << (t - 1));
while (v < vt) {
+			vt = (-1 << t) + 1;
+			v += vt;
+		}
+		while (v < vt) {
vt = (-1 << t) + 1;
v += vt;
}
Number of failed tests: 1
Fitness: 2.0
One fitness evaluation is finished...
One fitness evaluation starts...
----------------------------------
Patch Candidate:
@@ -400,10 +400,7 @@ public class JpegDecoder extends BinaryFileParser implements JpegUtils.Visitor {
private int extend(int v, final int t) {
// "EXTEND", section F.2.2.1, figure F.12, page 105 of T.81
int vt = (1 << (t - 1));
-        while (v < vt) {
-            vt = (-1 << t) + 1;
-            v += vt;
-        }
+        int dstRowOffset = 0;
return v;
}

Number of failed tests: 0
Fitness: 0.0
One fitness evaluation is finished...
One fitness evaluation starts...
----------------------------------
Patch Candidate:
@@ -400,10 +400,6 @@ public class JpegDecoder extends BinaryFileParser implements JpegUtils.Visitor {
private int extend(int v, final int t) {
// "EXTEND", section F.2.2.1, figure F.12, page 105 of T.81
int vt = (1 << (t - 1));
-        while (v < vt) {
-            vt = (-1 << t) + 1;
-            v += vt;
-        }
return v;
}

Number of failed tests: 0
Fitness: 0.0
One fitness evaluation is finished...
One fitness evaluation starts...
----------------------------------
Patch Candidate:
@@ -400,10 +400,6 @@ public class JpegDecoder extends BinaryFileParser implements JpegUtils.Visitor {
private int extend(int v, final int t) {
// "EXTEND", section F.2.2.1, figure F.12, page 105 of T.81
int vt = (1 << (t - 1));
-        while (v < vt) {
-            vt = (-1 << t) + 1;
-            v += vt;
-        }
return v;
}

Number of failed tests: 0
Fitness: 0.0
One fitness evaluation is finished...
One fitness evaluation starts...
----------------------------------
Patch Candidate:
@@ -400,10 +400,7 @@ public class JpegDecoder extends BinaryFileParser implements JpegUtils.Visitor {
private int extend(int v, final int t) {
// "EXTEND", section F.2.2.1, figure F.12, page 105 of T.81
int vt = (1 << (t - 1));
-        while (v < vt) {
-            vt = (-1 << t) + 1;
-            v += vt;
-        }
+        int srcRowOffset = 0;
return v;
}

Number of failed tests: 0
Fitness: 0.0
One fitness evaluation is finished...
One fitness evaluation starts...
----------------------------------
Patch Candidate:
@@ -400,10 +400,7 @@ public class JpegDecoder extends BinaryFileParser implements JpegUtils.Visitor {
private int extend(int v, final int t) {
// "EXTEND", section F.2.2.1, figure F.12, page 105 of T.81
int vt = (1 << (t - 1));
-        while (v < vt) {
-            vt = (-1 << t) + 1;
-            v += vt;
-        }
+        final int[] quantizationMatrixInt = new int[64];
return v;
}

Number of failed tests: 0
Fitness: 0.0
One fitness evaluation is finished...
One fitness evaluation starts...
----------------------------------
Patch Candidate:
@@ -400,10 +400,6 @@ public class JpegDecoder extends BinaryFileParser implements JpegUtils.Visitor {
private int extend(int v, final int t) {
// "EXTEND", section F.2.2.1, figure F.12, page 105 of T.81
int vt = (1 << (t - 1));
-        while (v < vt) {
-            vt = (-1 << t) + 1;
-            v += vt;
-        }
return v;
}

Number of failed tests: 0
Fitness: 0.0
One fitness evaluation is finished...
One fitness evaluation starts...
----------------------------------
Patch Candidate:
@@ -400,7 +400,8 @@ public class JpegDecoder extends BinaryFileParser implements JpegUtils.Visitor {
private int extend(int v, final int t) {
// "EXTEND", section F.2.2.1, figure F.12, page 105 of T.81
int vt = (1 << (t - 1));
-        while (v < vt) {
+        final int max = (1 << sofnSegment.precision) - 1;
+		while (v < vt) {
vt = (-1 << t) + 1;
v += vt;
}
Number of failed tests: 1
Fitness: 2.0
One fitness evaluation is finished...
One fitness evaluation starts...
----------------------------------
Patch Candidate:
@@ -400,7 +400,8 @@ public class JpegDecoder extends BinaryFileParser implements JpegUtils.Visitor {
private int extend(int v, final int t) {
// "EXTEND", section F.2.2.1, figure F.12, page 105 of T.81
int vt = (1 << (t - 1));
-        while (v < vt) {
+        final Block[] mcu = new Block[sosSegment.numberOfComponents];
+		while (v < vt) {
vt = (-1 << t) + 1;
v += vt;
}
Number of failed tests: 1
Fitness: 2.0
One fitness evaluation is finished...
One fitness evaluation starts...
----------------------------------
Patch Candidate:
@@ -400,7 +400,8 @@ public class JpegDecoder extends BinaryFileParser implements JpegUtils.Visitor {
private int extend(int v, final int t) {
// "EXTEND", section F.2.2.1, figure F.12, page 105 of T.81
int vt = (1 << (t - 1));
-        while (v < vt) {
+        int k = 1;
+		while (v < vt) {
vt = (-1 << t) + 1;
v += vt;
}
Number of failed tests: 1
Fitness: 2.0
One fitness evaluation is finished...
One fitness evaluation starts...
----------------------------------
Patch Candidate:
@@ -400,7 +400,8 @@ public class JpegDecoder extends BinaryFileParser implements JpegUtils.Visitor {
private int extend(int v, final int t) {
// "EXTEND", section F.2.2.1, figure F.12, page 105 of T.81
int vt = (1 << (t - 1));
-        while (v < vt) {
+        int srcRowOffset = 0;
+		while (v < vt) {
vt = (-1 << t) + 1;
v += vt;
}
Number of failed tests: 1
Fitness: 2.0
One fitness evaluation is finished...
One fitness evaluation starts...
----------------------------------
Patch Candidate:
@@ -400,10 +400,6 @@ public class JpegDecoder extends BinaryFileParser implements JpegUtils.Visitor {
private int extend(int v, final int t) {
// "EXTEND", section F.2.2.1, figure F.12, page 105 of T.81
int vt = (1 << (t - 1));
-        while (v < vt) {
-            vt = (-1 << t) + 1;
-            v += vt;
-        }
return v;
}

Number of failed tests: 0
Fitness: 0.0
One fitness evaluation is finished...
One fitness evaluation starts...
----------------------------------
Patch Candidate:
@@ -400,10 +400,7 @@ public class JpegDecoder extends BinaryFileParser implements JpegUtils.Visitor {
private int extend(int v, final int t) {
// "EXTEND", section F.2.2.1, figure F.12, page 105 of T.81
int vt = (1 << (t - 1));
-        while (v < vt) {
-            vt = (-1 << t) + 1;
-            v += vt;
-        }
+        int k = 1;
return v;
}

Number of failed tests: 0
Fitness: 0.0
One fitness evaluation is finished...
One fitness evaluation starts...
----------------------------------
Patch Candidate:
@@ -400,10 +400,6 @@ public class JpegDecoder extends BinaryFileParser implements JpegUtils.Visitor {
private int extend(int v, final int t) {
// "EXTEND", section F.2.2.1, figure F.12, page 105 of T.81
int vt = (1 << (t - 1));
-        while (v < vt) {
-            vt = (-1 << t) + 1;
-            v += vt;
-        }
return v;
}

Number of failed tests: 0
Fitness: 0.0
One fitness evaluation is finished...
One fitness evaluation starts...
----------------------------------
Patch Candidate:
@@ -400,7 +400,8 @@ public class JpegDecoder extends BinaryFileParser implements JpegUtils.Visitor {
private int extend(int v, final int t) {
// "EXTEND", section F.2.2.1, figure F.12, page 105 of T.81
int vt = (1 << (t - 1));
-        while (v < vt) {
+        final int[] quantizationMatrixInt = new int[64];
+		while (v < vt) {
vt = (-1 << t) + 1;
v += vt;
}
Number of failed tests: 1
Fitness: 2.0
One fitness evaluation is finished...
One fitness evaluation starts...
----------------------------------
Patch Candidate:
@@ -400,7 +400,8 @@ public class JpegDecoder extends BinaryFileParser implements JpegUtils.Visitor {
private int extend(int v, final int t) {
// "EXTEND", section F.2.2.1, figure F.12, page 105 of T.81
int vt = (1 << (t - 1));
-        while (v < vt) {
+        int i = 1;
+		while (v < vt) {
vt = (-1 << t) + 1;
v += vt;
}
Number of failed tests: 1
Fitness: 2.0
One fitness evaluation is finished...
One fitness evaluation starts...
----------------------------------
Patch Candidate:
@@ -400,7 +400,8 @@ public class JpegDecoder extends BinaryFileParser implements JpegUtils.Visitor {
private int extend(int v, final int t) {
// "EXTEND", section F.2.2.1, figure F.12, page 105 of T.81
int vt = (1 << (t - 1));
-        while (v < vt) {
+        Dct.inverseDCT8x8(block);
+		while (v < vt) {
vt = (-1 << t) + 1;
v += vt;
}
Number of failed tests: 1
Fitness: 2.0
One fitness evaluation is finished...
One fitness evaluation starts...
----------------------------------
Patch Candidate:
@@ -400,7 +400,8 @@ public class JpegDecoder extends BinaryFileParser implements JpegUtils.Visitor {
private int extend(int v, final int t) {
// "EXTEND", section F.2.2.1, figure F.12, page 105 of T.81
int vt = (1 << (t - 1));
-        while (v < vt) {
+        final int max = (1 << sofnSegment.precision) - 1;
+		while (v < vt) {
vt = (-1 << t) + 1;
v += vt;
}
Number of failed tests: 1
Fitness: 2.0
One fitness evaluation is finished...
One fitness evaluation starts...
Compilation fails!
One fitness evaluation is finished...
One fitness evaluation starts...
----------------------------------
Patch Candidate:
@@ -400,10 +400,6 @@ public class JpegDecoder extends BinaryFileParser implements JpegUtils.Visitor {
private int extend(int v, final int t) {
// "EXTEND", section F.2.2.1, figure F.12, page 105 of T.81
int vt = (1 << (t - 1));
-        while (v < vt) {
-            vt = (-1 << t) + 1;
-            v += vt;
-        }
return v;
}

Number of failed tests: 0
Fitness: 0.0
One fitness evaluation is finished...
One fitness evaluation starts...
----------------------------------
Patch Candidate:
@@ -400,10 +400,6 @@ public class JpegDecoder extends BinaryFileParser implements JpegUtils.Visitor {
private int extend(int v, final int t) {
// "EXTEND", section F.2.2.1, figure F.12, page 105 of T.81
int vt = (1 << (t - 1));
-        while (v < vt) {
-            vt = (-1 << t) + 1;
-            v += vt;
-        }
return v;
}

Number of failed tests: 0
Fitness: 0.0
One fitness evaluation is finished...
One fitness evaluation starts...
----------------------------------
Patch Candidate:
@@ -400,7 +400,8 @@ public class JpegDecoder extends BinaryFileParser implements JpegUtils.Visitor {
private int extend(int v, final int t) {
// "EXTEND", section F.2.2.1, figure F.12, page 105 of T.81
int vt = (1 << (t - 1));
-        while (v < vt) {
+        final JpegUtils jpegUtils = new JpegUtils();
+		while (v < vt) {
vt = (-1 << t) + 1;
v += vt;
}
Number of failed tests: 1
Fitness: 2.0
One fitness evaluation is finished...
One fitness evaluation starts...
----------------------------------
Patch Candidate:
@@ -400,7 +400,8 @@ public class JpegDecoder extends BinaryFileParser implements JpegUtils.Visitor {
private int extend(int v, final int t) {
// "EXTEND", section F.2.2.1, figure F.12, page 105 of T.81
int vt = (1 << (t - 1));
-        while (v < vt) {
+        final float[] quantizationMatrixFloat = new float[64];
+		while (v < vt) {
vt = (-1 << t) + 1;
v += vt;
}
Number of failed tests: 1
Fitness: 2.0
One fitness evaluation is finished...
One fitness evaluation starts...
Compilation fails!
One fitness evaluation is finished...
One fitness evaluation starts...
----------------------------------
Patch Candidate:
@@ -400,10 +400,6 @@ public class JpegDecoder extends BinaryFileParser implements JpegUtils.Visitor {
private int extend(int v, final int t) {
// "EXTEND", section F.2.2.1, figure F.12, page 105 of T.81
int vt = (1 << (t - 1));
-        while (v < vt) {
-            vt = (-1 << t) + 1;
-            v += vt;
-        }
return v;
}

Number of failed tests: 0
Fitness: 0.0
One fitness evaluation is finished...
One fitness evaluation starts...
----------------------------------
Patch Candidate:
@@ -400,10 +400,6 @@ public class JpegDecoder extends BinaryFileParser implements JpegUtils.Visitor {
private int extend(int v, final int t) {
// "EXTEND", section F.2.2.1, figure F.12, page 105 of T.81
int vt = (1 << (t - 1));
-        while (v < vt) {
-            vt = (-1 << t) + 1;
-            v += vt;
-        }
return v;
}

Number of failed tests: 0
Fitness: 0.0
One fitness evaluation is finished...
One fitness evaluation starts...
----------------------------------
Patch Candidate:
@@ -400,10 +400,6 @@ public class JpegDecoder extends BinaryFileParser implements JpegUtils.Visitor {
private int extend(int v, final int t) {
// "EXTEND", section F.2.2.1, figure F.12, page 105 of T.81
int vt = (1 << (t - 1));
-        while (v < vt) {
-            vt = (-1 << t) + 1;
-            v += vt;
-        }
return v;
}

Number of failed tests: 0
Fitness: 0.0
One fitness evaluation is finished...
One fitness evaluation starts...
----------------------------------
Patch Candidate:
@@ -400,10 +400,7 @@ public class JpegDecoder extends BinaryFileParser implements JpegUtils.Visitor {
private int extend(int v, final int t) {
// "EXTEND", section F.2.2.1, figure F.12, page 105 of T.81
int vt = (1 << (t - 1));
-        while (v < vt) {
-            vt = (-1 << t) + 1;
-            v += vt;
-        }
+        Arrays.fill(zz, 0);
return v;
}

Number of failed tests: 0
Fitness: 0.0
One fitness evaluation is finished...
One fitness evaluation starts...
----------------------------------
Patch Candidate:
@@ -400,10 +400,7 @@ public class JpegDecoder extends BinaryFileParser implements JpegUtils.Visitor {
private int extend(int v, final int t) {
// "EXTEND", section F.2.2.1, figure F.12, page 105 of T.81
int vt = (1 << (t - 1));
-        while (v < vt) {
-            vt = (-1 << t) + 1;
-            v += vt;
-        }
+        int i = 0;
return v;
}

Number of failed tests: 0
Fitness: 0.0
One fitness evaluation is finished...
One fitness evaluation starts...
Compilation fails!
One fitness evaluation is finished...
One fitness evaluation starts...
Compilation fails!
One fitness evaluation is finished...
One fitness evaluation starts...
----------------------------------
Patch Candidate:
@@ -400,10 +400,6 @@ public class JpegDecoder extends BinaryFileParser implements JpegUtils.Visitor {
private int extend(int v, final int t) {
// "EXTEND", section F.2.2.1, figure F.12, page 105 of T.81
int vt = (1 << (t - 1));
-        while (v < vt) {
-            vt = (-1 << t) + 1;
-            v += vt;
-        }
return v;
}

Number of failed tests: 0
Fitness: 0.0
One fitness evaluation is finished...
One fitness evaluation starts...
----------------------------------
Patch Candidate:
@@ -400,10 +400,7 @@ public class JpegDecoder extends BinaryFileParser implements JpegUtils.Visitor {
private int extend(int v, final int t) {
// "EXTEND", section F.2.2.1, figure F.12, page 105 of T.81
int vt = (1 << (t - 1));
-        while (v < vt) {
-            vt = (-1 << t) + 1;
-            v += vt;
-        }
+        ZigZag.zigZagToBlock(zz, blockInt);
return v;
}

Number of failed tests: 0
Fitness: 0.0
One fitness evaluation is finished...
One fitness evaluation starts...
----------------------------------
Patch Candidate:
@@ -400,7 +400,8 @@ public class JpegDecoder extends BinaryFileParser implements JpegUtils.Visitor {
private int extend(int v, final int t) {
// "EXTEND", section F.2.2.1, figure F.12, page 105 of T.81
int vt = (1 << (t - 1));
-        while (v < vt) {
+        int srcRowOffset = 0;
+		while (v < vt) {
vt = (-1 << t) + 1;
v += vt;
}
Number of failed tests: 1
Fitness: 2.0
One fitness evaluation is finished...
One fitness evaluation starts...
----------------------------------
Patch Candidate:
@@ -400,10 +400,6 @@ public class JpegDecoder extends BinaryFileParser implements JpegUtils.Visitor {
private int extend(int v, final int t) {
// "EXTEND", section F.2.2.1, figure F.12, page 105 of T.81
int vt = (1 << (t - 1));
-        while (v < vt) {
-            vt = (-1 << t) + 1;
-            v += vt;
-        }
return v;
}

Number of failed tests: 0
Fitness: 0.0
One fitness evaluation is finished...
One fitness evaluation starts...
Compilation fails!
One fitness evaluation is finished...
One fitness evaluation starts...
----------------------------------
Patch Candidate:
@@ -400,10 +400,6 @@ public class JpegDecoder extends BinaryFileParser implements JpegUtils.Visitor {
private int extend(int v, final int t) {
// "EXTEND", section F.2.2.1, figure F.12, page 105 of T.81
int vt = (1 << (t - 1));
-        while (v < vt) {
-            vt = (-1 << t) + 1;
-            v += vt;
-        }
return v;
}

Number of failed tests: 0
Fitness: 0.0
One fitness evaluation is finished...
One fitness evaluation starts...
Compilation fails!
One fitness evaluation is finished...
One fitness evaluation starts...
----------------------------------
Patch Candidate:
@@ -400,10 +400,6 @@ public class JpegDecoder extends BinaryFileParser implements JpegUtils.Visitor {
private int extend(int v, final int t) {
// "EXTEND", section F.2.2.1, figure F.12, page 105 of T.81
int vt = (1 << (t - 1));
-        while (v < vt) {
-            vt = (-1 << t) + 1;
-            v += vt;
-        }
return v;
}

Number of failed tests: 0
Fitness: 0.0
One fitness evaluation is finished...
One fitness evaluation starts...
----------------------------------
Patch Candidate:
@@ -400,10 +400,6 @@ public class JpegDecoder extends BinaryFileParser implements JpegUtils.Visitor {
private int extend(int v, final int t) {
// "EXTEND", section F.2.2.1, figure F.12, page 105 of T.81
int vt = (1 << (t - 1));
-        while (v < vt) {
-            vt = (-1 << t) + 1;
-            v += vt;
-        }
return v;
}

Number of failed tests: 0
Fitness: 0.0
One fitness evaluation is finished...
One fitness evaluation starts...
----------------------------------
Patch Candidate:
@@ -400,7 +400,8 @@ public class JpegDecoder extends BinaryFileParser implements JpegUtils.Visitor {
private int extend(int v, final int t) {
// "EXTEND", section F.2.2.1, figure F.12, page 105 of T.81
int vt = (1 << (t - 1));
-        while (v < vt) {
+        int k = 1;
+		while (v < vt) {
vt = (-1 << t) + 1;
v += vt;
}
Number of failed tests: 1
Fitness: 2.0
One fitness evaluation is finished...
One fitness evaluation starts...
Compilation fails!
One fitness evaluation is finished...
One fitness evaluation starts...
----------------------------------
Patch Candidate:
@@ -400,7 +400,8 @@ public class JpegDecoder extends BinaryFileParser implements JpegUtils.Visitor {
private int extend(int v, final int t) {
// "EXTEND", section F.2.2.1, figure F.12, page 105 of T.81
int vt = (1 << (t - 1));
-        while (v < vt) {
+        int k = 1;
+		while (v < vt) {
vt = (-1 << t) + 1;
v += vt;
}
Number of failed tests: 1
Fitness: 2.0
One fitness evaluation is finished...
One fitness evaluation starts...
----------------------------------
Patch Candidate:
@@ -400,10 +400,6 @@ public class JpegDecoder extends BinaryFileParser implements JpegUtils.Visitor {
private int extend(int v, final int t) {
// "EXTEND", section F.2.2.1, figure F.12, page 105 of T.81
int vt = (1 << (t - 1));
-        while (v < vt) {
-            vt = (-1 << t) + 1;
-            v += vt;
-        }
return v;
}

Number of failed tests: 0
Fitness: 0.0
One fitness evaluation is finished...
One fitness evaluation starts...
Compilation fails!
One fitness evaluation is finished...
One fitness evaluation starts...
----------------------------------
Patch Candidate:
@@ -400,10 +400,6 @@ public class JpegDecoder extends BinaryFileParser implements JpegUtils.Visitor {
private int extend(int v, final int t) {
// "EXTEND", section F.2.2.1, figure F.12, page 105 of T.81
int vt = (1 << (t - 1));
-        while (v < vt) {
-            vt = (-1 << t) + 1;
-            v += vt;
-        }
return v;
}

Number of failed tests: 0
Fitness: 0.0
One fitness evaluation is finished...
One fitness evaluation starts...
----------------------------------
Patch Candidate:
@@ -400,7 +400,8 @@ public class JpegDecoder extends BinaryFileParser implements JpegUtils.Visitor {
private int extend(int v, final int t) {
// "EXTEND", section F.2.2.1, figure F.12, page 105 of T.81
int vt = (1 << (t - 1));
-        while (v < vt) {
+        ZigZag.zigZagToBlock(zz, blockInt);
+		while (v < vt) {
vt = (-1 << t) + 1;
v += vt;
}
Number of failed tests: 1
Fitness: 2.0
One fitness evaluation is finished...
One fitness evaluation starts...
----------------------------------
Patch Candidate:
@@ -400,10 +400,6 @@ public class JpegDecoder extends BinaryFileParser implements JpegUtils.Visitor {
private int extend(int v, final int t) {
// "EXTEND", section F.2.2.1, figure F.12, page 105 of T.81
int vt = (1 << (t - 1));
-        while (v < vt) {
-            vt = (-1 << t) + 1;
-            v += vt;
-        }
return v;
}

Number of failed tests: 0
Fitness: 0.0
One fitness evaluation is finished...
One fitness evaluation starts...
----------------------------------
Patch Candidate:
@@ -400,10 +400,6 @@ public class JpegDecoder extends BinaryFileParser implements JpegUtils.Visitor {
private int extend(int v, final int t) {
// "EXTEND", section F.2.2.1, figure F.12, page 105 of T.81
int vt = (1 << (t - 1));
-        while (v < vt) {
-            vt = (-1 << t) + 1;
-            v += vt;
-        }
return v;
}

Number of failed tests: 0
Fitness: 0.0
One fitness evaluation is finished...
One fitness evaluation starts...
Compilation fails!
One fitness evaluation is finished...
One fitness evaluation starts...
----------------------------------
Patch Candidate:
@@ -400,10 +400,7 @@ public class JpegDecoder extends BinaryFileParser implements JpegUtils.Visitor {
private int extend(int v, final int t) {
// "EXTEND", section F.2.2.1, figure F.12, page 105 of T.81
int vt = (1 << (t - 1));
-        while (v < vt) {
-            vt = (-1 << t) + 1;
-            v += vt;
-        }
+        final int shift = (1 << (sofnSegment.precision - 1));
return v;
}

Number of failed tests: 0
Fitness: 0.0
One fitness evaluation is finished...
One fitness evaluation starts...
Compilation fails!
One fitness evaluation is finished...
One fitness evaluation starts...
----------------------------------
Patch Candidate:
@@ -401,6 +401,10 @@ public class JpegDecoder extends BinaryFileParser implements JpegUtils.Visitor {
// "EXTEND", section F.2.2.1, figure F.12, page 105 of T.81
int vt = (1 << (t - 1));
while (v < vt) {
+			vt = (-1 << t) + 1;
+			v += vt;
+		}
+		while (v < vt) {
vt = (-1 << t) + 1;
v += vt;
}
Number of failed tests: 1
Fitness: 2.0
One fitness evaluation is finished...
One fitness evaluation starts...
Compilation fails!
One fitness evaluation is finished...
One fitness evaluation starts...
----------------------------------
Patch Candidate:
@@ -400,7 +400,8 @@ public class JpegDecoder extends BinaryFileParser implements JpegUtils.Visitor {
private int extend(int v, final int t) {
// "EXTEND", section F.2.2.1, figure F.12, page 105 of T.81
int vt = (1 << (t - 1));
-        while (v < vt) {
+        int i = 0;
+		while (v < vt) {
vt = (-1 << t) + 1;
v += vt;
}
Number of failed tests: 1
Fitness: 2.0
One fitness evaluation is finished...
One fitness evaluation starts...
----------------------------------
Patch Candidate:
@@ -400,10 +400,7 @@ public class JpegDecoder extends BinaryFileParser implements JpegUtils.Visitor {
private int extend(int v, final int t) {
// "EXTEND", section F.2.2.1, figure F.12, page 105 of T.81
int vt = (1 << (t - 1));
-        while (v < vt) {
-            vt = (-1 << t) + 1;
-            v += vt;
-        }
+        int srcRowOffset = 0;
return v;
}

Number of failed tests: 0
Fitness: 0.0
One fitness evaluation is finished...
One fitness evaluation starts...
Compilation fails!
One fitness evaluation is finished...
One fitness evaluation starts...
----------------------------------
Patch Candidate:
@@ -400,10 +400,6 @@ public class JpegDecoder extends BinaryFileParser implements JpegUtils.Visitor {
private int extend(int v, final int t) {
// "EXTEND", section F.2.2.1, figure F.12, page 105 of T.81
int vt = (1 << (t - 1));
-        while (v < vt) {
-            vt = (-1 << t) + 1;
-            v += vt;
-        }
return v;
}

Number of failed tests: 0
Fitness: 0.0
One fitness evaluation is finished...
One fitness evaluation starts...
----------------------------------
Patch Candidate:
@@ -400,7 +400,8 @@ public class JpegDecoder extends BinaryFileParser implements JpegUtils.Visitor {
private int extend(int v, final int t) {
// "EXTEND", section F.2.2.1, figure F.12, page 105 of T.81
int vt = (1 << (t - 1));
-        while (v < vt) {
+        int i = 0;
+		while (v < vt) {
vt = (-1 << t) + 1;
v += vt;
}
Number of failed tests: 1
Fitness: 2.0
One fitness evaluation is finished...
One fitness evaluation starts...
Compilation fails!
One fitness evaluation is finished...
One fitness evaluation starts...
----------------------------------
Patch Candidate:
@@ -400,10 +400,7 @@ public class JpegDecoder extends BinaryFileParser implements JpegUtils.Visitor {
private int extend(int v, final int t) {
// "EXTEND", section F.2.2.1, figure F.12, page 105 of T.81
int vt = (1 << (t - 1));
-        while (v < vt) {
-            vt = (-1 << t) + 1;
-            v += vt;
-        }
+        int k = 1;
return v;
}

Number of failed tests: 0
Fitness: 0.0
One fitness evaluation is finished...
One fitness evaluation starts...
----------------------------------
Patch Candidate:
@@ -400,10 +400,6 @@ public class JpegDecoder extends BinaryFileParser implements JpegUtils.Visitor {
private int extend(int v, final int t) {
// "EXTEND", section F.2.2.1, figure F.12, page 105 of T.81
int vt = (1 << (t - 1));
-        while (v < vt) {
-            vt = (-1 << t) + 1;
-            v += vt;
-        }
return v;
}

Number of failed tests: 0
Fitness: 0.0
One fitness evaluation is finished...
One fitness evaluation starts...
----------------------------------
Patch Candidate:
@@ -400,10 +400,7 @@ public class JpegDecoder extends BinaryFileParser implements JpegUtils.Visitor {
private int extend(int v, final int t) {
// "EXTEND", section F.2.2.1, figure F.12, page 105 of T.81
int vt = (1 << (t - 1));
-        while (v < vt) {
-            vt = (-1 << t) + 1;
-            v += vt;
-        }
+        int k = 1;
return v;
}

Number of failed tests: 0
Fitness: 0.0
One fitness evaluation is finished...
One fitness evaluation starts...
----------------------------------
Patch Candidate:
@@ -400,10 +400,7 @@ public class JpegDecoder extends BinaryFileParser implements JpegUtils.Visitor {
private int extend(int v, final int t) {
// "EXTEND", section F.2.2.1, figure F.12, page 105 of T.81
int vt = (1 << (t - 1));
-        while (v < vt) {
-            vt = (-1 << t) + 1;
-            v += vt;
-        }
+        final int max = (1 << sofnSegment.precision) - 1;
return v;
}

Number of failed tests: 0
Fitness: 0.0
One fitness evaluation is finished...
One fitness evaluation starts...
----------------------------------
Patch Candidate:
@@ -401,6 +401,10 @@ public class JpegDecoder extends BinaryFileParser implements JpegUtils.Visitor {
// "EXTEND", section F.2.2.1, figure F.12, page 105 of T.81
int vt = (1 << (t - 1));
while (v < vt) {
+			vt = (-1 << t) + 1;
+			v += vt;
+		}
+		while (v < vt) {
vt = (-1 << t) + 1;
v += vt;
}
Number of failed tests: 1
Fitness: 2.0
One fitness evaluation is finished...
One fitness evaluation starts...
----------------------------------
Patch Candidate:
@@ -400,10 +400,7 @@ public class JpegDecoder extends BinaryFileParser implements JpegUtils.Visitor {
private int extend(int v, final int t) {
// "EXTEND", section F.2.2.1, figure F.12, page 105 of T.81
int vt = (1 << (t - 1));
-        while (v < vt) {
-            vt = (-1 << t) + 1;
-            v += vt;
-        }
+        int vMax = 0;
return v;
}

Number of failed tests: 0
Fitness: 0.0
One fitness evaluation is finished...
One fitness evaluation starts...
----------------------------------
Patch Candidate:
@@ -400,10 +400,6 @@ public class JpegDecoder extends BinaryFileParser implements JpegUtils.Visitor {
private int extend(int v, final int t) {
// "EXTEND", section F.2.2.1, figure F.12, page 105 of T.81
int vt = (1 << (t - 1));
-        while (v < vt) {
-            vt = (-1 << t) + 1;
-            v += vt;
-        }
return v;
}

Number of failed tests: 0
Fitness: 0.0
One fitness evaluation is finished...
One fitness evaluation starts...
Compilation fails!
One fitness evaluation is finished...
One fitness evaluation starts...
----------------------------------
Patch Candidate:
@@ -400,10 +400,7 @@ public class JpegDecoder extends BinaryFileParser implements JpegUtils.Visitor {
private int extend(int v, final int t) {
// "EXTEND", section F.2.2.1, figure F.12, page 105 of T.81
int vt = (1 << (t - 1));
-        while (v < vt) {
-            vt = (-1 << t) + 1;
-            v += vt;
-        }
+        final int[] quantizationMatrixInt = new int[64];
return v;
}



Node: 158fac6bc2aa



Date: Wed Oct 12 02:20:55 EDT 2022

