cd /workdir/jMutRepair_vul4j_ESAPI_esapi-java-legacy_VUL4J-44;
export JAVA_TOOL_OPTIONS="-Dfile.encoding=UTF8 -Duser.language=en-US -Duser.country=US -Duser.language=en";
TZ="America/New_York"; export TZ;
export PATH="/usr/lib/jvm/java-8-openjdk-amd64/bin:$PATH";
export JAVA_HOME="/usr/lib/jvm/java-8-openjdk-amd64/bin";
time java -Xmx4g -Xms1g -XX:MaxPermSize=512m -cp /script/../libs/jtestex7.jar:/script/../repair_tools/astor.jar fr.inria.main.evolution.AstorMain \
	-mode jMutRepair \
	-location . \
	-id ESAPI_esapi-java-legacy-VUL4J-44 \
	-failing "org.OWASP.esapi.codecs.CodecImmunityTest#testImmuneEncode[PercentCodec %De]:org.OWASP.esapi.codecs.CodecImmunityTest#testImmuneEncode[PercentCodec IMMUNE_PERCENT (%)]:org.OWASP.esapi.codecs.CodecImmunityTest#testImmuneEncode[PercentCodec Full_ALPHA_AND_SPECIALS (!)]:org.OWASP.esapi.codecs.CodecImmunityTest#testImmuneEncode[PercentCodec Full_ALPHA_AND_SPECIALS ($)]:org.OWASP.esapi.codecs.CodecImmunityTest#testImmuneEncode[PercentCodec Full_ALPHA_AND_SPECIALS (*)]:org.OWASP.esapi.codecs.CodecImmunityTest#testImmuneEncode[PercentCodec Full_ALPHA_AND_SPECIALS (+)]:org.OWASP.esapi.codecs.CodecImmunityTest#testImmuneEncode[PercentCodec Full_ALPHA_AND_SPECIALS (-)]:org.OWASP.esapi.codecs.CodecImmunityTest#testImmuneEncode[PercentCodec Full_ALPHA_AND_SPECIALS (.)]:org.OWASP.esapi.codecs.CodecImmunityTest#testImmuneEncode[PercentCodec Full_ALPHA_AND_SPECIALS (=)]:org.OWASP.esapi.codecs.CodecImmunityTest#testImmuneEncode[PercentCodec Full_ALPHA_AND_SPECIALS (?)]:org.OWASP.esapi.codecs.CodecImmunityTest#testImmuneEncode[PercentCodec Full_ALPHA_AND_SPECIALS (@)]:org.OWASP.esapi.codecs.CodecImmunityTest#testImmuneEncode[PercentCodec Full_ALPHA_AND_SPECIALS (^)]:org.OWASP.esapi.codecs.CodecImmunityTest#testImmuneEncode[PercentCodec Full_ALPHA_AND_SPECIALS (_)]:org.OWASP.esapi.codecs.CodecImmunityTest#testImmuneEncode[PercentCodec Full_ALPHA_AND_SPECIALS (|)]:org.OWASP.esapi.codecs.CodecImmunityTest#testImmuneEncode[PercentCodec Full_ALPHA_AND_SPECIALS (~)]" \
	-jvm4testexecution /usr/lib/jvm/jdk1.7.0_80/bin \
	-jvm4evosuitetestexecution /usr/lib/jvm/jdk1.7.0_80/bin \
	-maxgen 1000000 \
	-maxtime 120 \
	-stopfirst true \
	-seed 0 \
	-scope local \
	-population 1 \
	-javacompliancelevel 7 \
	-faultlocalization perfect \
    -perfectdata /script/../data/benchmarks/vul4j/perfectfl/VUL4J-44 \
    -validation externalcmd \
    -testfailingcmd "mvn test -Dtest=org.OWASP.esapi.codecs.CodecImmunityTest -Dhttps.protocols=TLSv1.2 -Denforcer.skip=true -Dcheckstyle.skip=true -Dcobertura.skip=true -DskipITs=true -Drat.skip=true -Dlicense.skip=true -Dpmd.skip=true -Dfindbugs.skip=true -Dgpg.skip=true -Dskip.npm=true -Dskip.gulp=true -Dskip.bower=true -Danimal.sniffer.skip=true -V -B" \
    -testallcmd "mvn test -Dhttps.protocols=TLSv1.2 -Denforcer.skip=true -Dcheckstyle.skip=true -Dcobertura.skip=true -DskipITs=true -Drat.skip=true -Dlicense.skip=true -Dpmd.skip=true -Dfindbugs.skip=true -Dgpg.skip=true -Dskip.npm=true -Dskip.gulp=true -Dskip.bower=true -Danimal.sniffer.skip=true -V -B"  \ \
	-srcjavafolder src/main/java \
	-srctestfolder src/test/java \
	-binjavafolder target/classes \
	-bintestfolder target/test-classes \
	-parameters x:x \
	-dependencies /root/.m2/repository/org/beanshell/bsh-core/2.0b4/bsh-core-2.0b4.jar:/root/.m2/repository/org/hamcrest/hamcrest-core/1.3/hamcrest-core-1.3.jar:/root/.m2/repository/xom/xom/1.2.5/xom-1.2.5.jar:/root/.m2/repository/commons-io/commons-io/2.4/commons-io-2.4.jar:/root/.m2/repository/org/apache/xmlgraphics/batik-util/1.8/batik-util-1.8.jar:/root/.m2/repository/net/sourceforge/nekohtml/nekohtml/1.9.16/nekohtml-1.9.16.jar:/root/.m2/repository/org/apache/xmlgraphics/batik-css/1.8/batik-css-1.8.jar:/root/.m2/repository/xml-apis/xml-apis-ext/1.3.04/xml-apis-ext-1.3.04.jar:/root/.m2/repository/commons-collections/commons-collections/3.2.2/commons-collections-3.2.2.jar:/root/.m2/repository/commons-httpclient/commons-httpclient/3.1/commons-httpclient-3.1.jar:/root/.m2/repository/xerces/xercesImpl/2.8.0/xercesImpl-2.8.0.jar:/root/.m2/repository/log4j/log4j/1.2.17/log4j-1.2.17.jar:/root/.m2/repository/org/owasp/antisamy/antisamy/1.5.3/antisamy-1.5.3.jar:/root/.m2/repository/commons-lang/commons-lang/2.6/commons-lang-2.6.jar:/root/.m2/repository/commons-codec/commons-codec/1.2/commons-codec-1.2.jar:/root/.m2/repository/xalan/xalan/2.7.0/xalan-2.7.0.jar:/root/.m2/repository/org/apache/xmlgraphics/batik-ext/1.8/batik-ext-1.8.jar:/root/.m2/repository/commons-logging/commons-logging/1.1.1/commons-logging-1.1.1.jar:/root/.m2/repository/commons-fileupload/commons-fileupload/1.3.1/commons-fileupload-1.3.1.jar:/root/.m2/repository/javax/servlet/jsp-api/2.0/jsp-api-2.0.jar:/root/.m2/repository/xml-apis/xml-apis/1.3.03/xml-apis-1.3.03.jar:/root/.m2/repository/commons-configuration/commons-configuration/1.10/commons-configuration-1.10.jar:/root/.m2/repository/junit/junit/4.12/junit-4.12.jar:/root/.m2/repository/javax/servlet/servlet-api/2.5/servlet-api-2.5.jar:/root/.m2/repository/commons-beanutils/commons-beanutils-core/1.8.3/commons-beanutils-core-1.8.3.jar;
	echo "\n\nNode: `hostname`\n";
	echo "\n\nDate: `date`\n";
Picked up JAVA_TOOL_OPTIONS: -Dfile.encoding=UTF8 -Duser.language=en-US -Duser.country=US -Duser.language=en
OpenJDK 64-Bit Server VM warning: ignoring option MaxPermSize=512m; support was removed in 8.0
[0] INFO ProjectConfiguration - Version of the JVM used: 1.7.0_80
[0] INFO main - Java version of the JDK used to run tests: 1.7.0_80
[0] INFO main - The compliance of the JVM is:  7
[3] INFO main - command line arguments: [-mode  jMutRepair  -location  .  -id  ESAPI_esapi-java-legacy-VUL4J-44  -failing  org.OWASP.esapi.codecs.CodecImmunityTest#testImmuneEncode[PercentCodec %De]:org.OWASP.esapi.codecs.CodecImmunityTest#testImmuneEncode[PercentCodec IMMUNE_PERCENT (%)]:org.OWASP.esapi.codecs.CodecImmunityTest#testImmuneEncode[PercentCodec Full_ALPHA_AND_SPECIALS (!)]:org.OWASP.esapi.codecs.CodecImmunityTest#testImmuneEncode[PercentCodec Full_ALPHA_AND_SPECIALS ($)]:org.OWASP.esapi.codecs.CodecImmunityTest#testImmuneEncode[PercentCodec Full_ALPHA_AND_SPECIALS (*)]:org.OWASP.esapi.codecs.CodecImmunityTest#testImmuneEncode[PercentCodec Full_ALPHA_AND_SPECIALS (+)]:org.OWASP.esapi.codecs.CodecImmunityTest#testImmuneEncode[PercentCodec Full_ALPHA_AND_SPECIALS (-)]:org.OWASP.esapi.codecs.CodecImmunityTest#testImmuneEncode[PercentCodec Full_ALPHA_AND_SPECIALS (.)]:org.OWASP.esapi.codecs.CodecImmunityTest#testImmuneEncode[PercentCodec Full_ALPHA_AND_SPECIALS (=)]:org.OWASP.esapi.codecs.CodecImmunityTest#testImmuneEncode[PercentCodec Full_ALPHA_AND_SPECIALS (?)]:org.OWASP.esapi.codecs.CodecImmunityTest#testImmuneEncode[PercentCodec Full_ALPHA_AND_SPECIALS (@)]:org.OWASP.esapi.codecs.CodecImmunityTest#testImmuneEncode[PercentCodec Full_ALPHA_AND_SPECIALS (^)]:org.OWASP.esapi.codecs.CodecImmunityTest#testImmuneEncode[PercentCodec Full_ALPHA_AND_SPECIALS (_)]:org.OWASP.esapi.codecs.CodecImmunityTest#testImmuneEncode[PercentCodec Full_ALPHA_AND_SPECIALS (|)]:org.OWASP.esapi.codecs.CodecImmunityTest#testImmuneEncode[PercentCodec Full_ALPHA_AND_SPECIALS (~)]  -jvm4testexecution  /usr/lib/jvm/jdk1.7.0_80/bin  -jvm4evosuitetestexecution  /usr/lib/jvm/jdk1.7.0_80/bin  -maxgen  1000000  -maxtime  120  -stopfirst  true  -seed  0  -scope  local  -population  1  -javacompliancelevel  7  -faultlocalization  perfect  -perfectdata  /script/../data/benchmarks/vul4j/perfectfl/VUL4J-44  -validation  externalcmd  -testfailingcmd  mvn test -Dtest=org.OWASP.esapi.codecs.CodecImmunityTest -Dhttps.protocols=TLSv1.2 -Denforcer.skip=true -Dcheckstyle.skip=true -Dcobertura.skip=true -DskipITs=true -Drat.skip=true -Dlicense.skip=true -Dpmd.skip=true -Dfindbugs.skip=true -Dgpg.skip=true -Dskip.npm=true -Dskip.gulp=true -Dskip.bower=true -Danimal.sniffer.skip=true -V -B  -testallcmd  mvn test -Dhttps.protocols=TLSv1.2 -Denforcer.skip=true -Dcheckstyle.skip=true -Dcobertura.skip=true -DskipITs=true -Drat.skip=true -Dlicense.skip=true -Dpmd.skip=true -Dfindbugs.skip=true -Dgpg.skip=true -Dskip.npm=true -Dskip.gulp=true -Dskip.bower=true -Danimal.sniffer.skip=true -V -B     -srcjavafolder  src/main/java  -srctestfolder  src/test/java  -binjavafolder  target/classes  -bintestfolder  target/test-classes  -parameters  x:x  -dependencies  /root/.m2/repository/org/beanshell/bsh-core/2.0b4/bsh-core-2.0b4.jar:/root/.m2/repository/org/hamcrest/hamcrest-core/1.3/hamcrest-core-1.3.jar:/root/.m2/repository/xom/xom/1.2.5/xom-1.2.5.jar:/root/.m2/repository/commons-io/commons-io/2.4/commons-io-2.4.jar:/root/.m2/repository/org/apache/xmlgraphics/batik-util/1.8/batik-util-1.8.jar:/root/.m2/repository/net/sourceforge/nekohtml/nekohtml/1.9.16/nekohtml-1.9.16.jar:/root/.m2/repository/org/apache/xmlgraphics/batik-css/1.8/batik-css-1.8.jar:/root/.m2/repository/xml-apis/xml-apis-ext/1.3.04/xml-apis-ext-1.3.04.jar:/root/.m2/repository/commons-collections/commons-collections/3.2.2/commons-collections-3.2.2.jar:/root/.m2/repository/commons-httpclient/commons-httpclient/3.1/commons-httpclient-3.1.jar:/root/.m2/repository/xerces/xercesImpl/2.8.0/xercesImpl-2.8.0.jar:/root/.m2/repository/log4j/log4j/1.2.17/log4j-1.2.17.jar:/root/.m2/repository/org/owasp/antisamy/antisamy/1.5.3/antisamy-1.5.3.jar:/root/.m2/repository/commons-lang/commons-lang/2.6/commons-lang-2.6.jar:/root/.m2/repository/commons-codec/commons-codec/1.2/commons-codec-1.2.jar:/root/.m2/repository/xalan/xalan/2.7.0/xalan-2.7.0.jar:/root/.m2/repository/org/apache/xmlgraphics/batik-ext/1.8/batik-ext-1.8.jar:/root/.m2/repository/commons-logging/commons-logging/1.1.1/commons-logging-1.1.1.jar:/root/.m2/repository/commons-fileupload/commons-fileupload/1.3.1/commons-fileupload-1.3.1.jar:/root/.m2/repository/javax/servlet/jsp-api/2.0/jsp-api-2.0.jar:/root/.m2/repository/xml-apis/xml-apis/1.3.03/xml-apis-1.3.03.jar:/root/.m2/repository/commons-configuration/commons-configuration/1.10/commons-configuration-1.10.jar:/root/.m2/repository/junit/junit/4.12/junit-4.12.jar:/root/.m2/repository/javax/servlet/servlet-api/2.5/servlet-api-2.5.jar:/root/.m2/repository/commons-beanutils/commons-beanutils-core/1.8.3/commons-beanutils-core-1.8.3.jar]
[4] INFO AstorMain - Running Astor on a JDK at /usr/lib/jvm/java-8-openjdk-amd64/jre
[8] INFO main - Source folders: [/workdir/jMutRepair_vul4j_ESAPI_esapi-java-legacy_VUL4J-44/./src/main/java]
[8] INFO main - Source Test folders: [/workdir/jMutRepair_vul4j_ESAPI_esapi-java-legacy_VUL4J-44/./src/test/java]
[333] INFO AstorCoreEngine - ---- Creating spoon model
[365] INFO MutationSupporter - Creating model,  Code location from working folder: /workdir/jMutRepair_vul4j_ESAPI_esapi-java-legacy_VUL4J-44/./src/main/java
[365] INFO MutationSupporter - building model: /workdir/jMutRepair_vul4j_ESAPI_esapi-java-legacy_VUL4J-44/./src/main/java, compliance level: 7
[385] INFO MutationSupporter - Classpath (Dependencies) for building SpoonModel: [/root/.m2/repository/org/beanshell/bsh-core/2.0b4/bsh-core-2.0b4.jar, /root/.m2/repository/org/hamcrest/hamcrest-core/1.3/hamcrest-core-1.3.jar, /root/.m2/repository/xom/xom/1.2.5/xom-1.2.5.jar, /root/.m2/repository/commons-io/commons-io/2.4/commons-io-2.4.jar, /root/.m2/repository/org/apache/xmlgraphics/batik-util/1.8/batik-util-1.8.jar, /root/.m2/repository/net/sourceforge/nekohtml/nekohtml/1.9.16/nekohtml-1.9.16.jar, /root/.m2/repository/org/apache/xmlgraphics/batik-css/1.8/batik-css-1.8.jar, /root/.m2/repository/xml-apis/xml-apis-ext/1.3.04/xml-apis-ext-1.3.04.jar, /root/.m2/repository/commons-collections/commons-collections/3.2.2/commons-collections-3.2.2.jar, /root/.m2/repository/commons-httpclient/commons-httpclient/3.1/commons-httpclient-3.1.jar, /root/.m2/repository/xerces/xercesImpl/2.8.0/xercesImpl-2.8.0.jar, /root/.m2/repository/log4j/log4j/1.2.17/log4j-1.2.17.jar, /root/.m2/repository/org/owasp/antisamy/antisamy/1.5.3/antisamy-1.5.3.jar, /root/.m2/repository/commons-lang/commons-lang/2.6/commons-lang-2.6.jar, /root/.m2/repository/commons-codec/commons-codec/1.2/commons-codec-1.2.jar, /root/.m2/repository/xalan/xalan/2.7.0/xalan-2.7.0.jar, /root/.m2/repository/org/apache/xmlgraphics/batik-ext/1.8/batik-ext-1.8.jar, /root/.m2/repository/commons-logging/commons-logging/1.1.1/commons-logging-1.1.1.jar, /root/.m2/repository/commons-fileupload/commons-fileupload/1.3.1/commons-fileupload-1.3.1.jar, /root/.m2/repository/javax/servlet/jsp-api/2.0/jsp-api-2.0.jar, /root/.m2/repository/xml-apis/xml-apis/1.3.03/xml-apis-1.3.03.jar, /root/.m2/repository/commons-configuration/commons-configuration/1.10/commons-configuration-1.10.jar, /root/.m2/repository/junit/junit/4.12/junit-4.12.jar, /root/.m2/repository/javax/servlet/servlet-api/2.5/servlet-api-2.5.jar, /root/.m2/repository/commons-beanutils/commons-beanutils-core/1.8.3/commons-beanutils-core-1.8.3.jar]
[4324] INFO AstorCoreEngine - Number of CtTypes created: 177
[4501] INFO AstorCoreEngine - Test retrieved from classes: 0
[4605] INFO AstorCoreEngine - Setting up the max to 1040 milliseconds (1 sec)
[4605] INFO AstorCoreEngine - ---- Initial suspicious size: 2
[4792] INFO main - Total suspicious from FL: 2,  0
[4792] INFO main - Total ModPoint created: 0
[4792] INFO main - Creating program variant #1, [Variant id: 1, #gens: 0, #ops: 0, parent:-]
[4792] ERROR AstorCoreEngine - [warning] Any modification point in variant
[4792] ERROR AstorCoreEngine - Variant with any gen
[4792] WARN ConfigurationProperties - ----------------------------
[4792] INFO ConfigurationProperties - ---Configuration properties
[4793] INFO ConfigurationProperties - p:lastJUnitVersion= ./examples/libs/junit-4.11.jar
[4793] INFO ConfigurationProperties - p:alternativecompliancelevel= 8
[4793] INFO ConfigurationProperties - p:ignoredTestCases= 
[4793] INFO ConfigurationProperties - p:workingDirectory= /workdir/jMutRepair_vul4j_ESAPI_esapi-java-legacy_VUL4J-44/./output_astor
[4793] INFO ConfigurationProperties - p:manipulatesuper= false
[4793] INFO ConfigurationProperties - p:validation= externalcmd
[4793] INFO ConfigurationProperties - p:jvm4testexecution= /usr/lib/jvm/jdk1.7.0_80/bin
[4793] INFO ConfigurationProperties - p:operatorspace= mutationspace
[4793] INFO ConfigurationProperties - p:diffcontext= 0
[4793] INFO ConfigurationProperties - p:binjavafolder= target/classes
[4793] INFO ConfigurationProperties - p:synthesis_depth= 3
[4793] INFO ConfigurationProperties - p:gzoltartestpackagetoexclude= junit.framework
[4793] INFO ConfigurationProperties - p:skipfitnessinitialpopulation= false
[4793] INFO ConfigurationProperties - p:evosuiteresultfolder= evosuite
[4793] INFO ConfigurationProperties - p:flthreshold= 0.1
[4793] INFO ConfigurationProperties - p:regressionforfaultlocalization= true
[4793] INFO ConfigurationProperties - p:collectonlyusedmethod= false
[4793] INFO ConfigurationProperties - p:preservelinenumbers= true
[4793] INFO ConfigurationProperties - p:tmax2= 1040
[4793] INFO ConfigurationProperties - p:tmax1= 10000
[4793] INFO ConfigurationProperties - p:probagenmutation= false
[4793] INFO ConfigurationProperties - p:nomodificationconvergence= 100
[4793] INFO ConfigurationProperties - p:diff_type= relative
[4793] INFO ConfigurationProperties - p:targetelementprocessor= if-conditions:return-op-mutation
[4793] INFO ConfigurationProperties - p:srctestfolder= src/test/java
[4793] INFO ConfigurationProperties - p:forceExecuteRegression= false
[4793] INFO ConfigurationProperties - p:clusteringfilename= clustering.csv
[4793] INFO ConfigurationProperties - p:failing= org.OWASP.esapi.codecs.CodecImmunityTest#testImmuneEncode[PercentCodec %De]:org.OWASP.esapi.codecs.CodecImmunityTest#testImmuneEncode[PercentCodec IMMUNE_PERCENT (%)]:org.OWASP.esapi.codecs.CodecImmunityTest#testImmuneEncode[PercentCodec Full_ALPHA_AND_SPECIALS (!)]:org.OWASP.esapi.codecs.CodecImmunityTest#testImmuneEncode[PercentCodec Full_ALPHA_AND_SPECIALS ($)]:org.OWASP.esapi.codecs.CodecImmunityTest#testImmuneEncode[PercentCodec Full_ALPHA_AND_SPECIALS (*)]:org.OWASP.esapi.codecs.CodecImmunityTest#testImmuneEncode[PercentCodec Full_ALPHA_AND_SPECIALS (+)]:org.OWASP.esapi.codecs.CodecImmunityTest#testImmuneEncode[PercentCodec Full_ALPHA_AND_SPECIALS (-)]:org.OWASP.esapi.codecs.CodecImmunityTest#testImmuneEncode[PercentCodec Full_ALPHA_AND_SPECIALS (.)]:org.OWASP.esapi.codecs.CodecImmunityTest#testImmuneEncode[PercentCodec Full_ALPHA_AND_SPECIALS (=)]:org.OWASP.esapi.codecs.CodecImmunityTest#testImmuneEncode[PercentCodec Full_ALPHA_AND_SPECIALS (?)]:org.OWASP.esapi.codecs.CodecImmunityTest#testImmuneEncode[PercentCodec Full_ALPHA_AND_SPECIALS (@)]:org.OWASP.esapi.codecs.CodecImmunityTest#testImmuneEncode[PercentCodec Full_ALPHA_AND_SPECIALS (^)]:org.OWASP.esapi.codecs.CodecImmunityTest#testImmuneEncode[PercentCodec Full_ALPHA_AND_SPECIALS (_)]:org.OWASP.esapi.codecs.CodecImmunityTest#testImmuneEncode[PercentCodec Full_ALPHA_AND_SPECIALS (|)]:org.OWASP.esapi.codecs.CodecImmunityTest#testImmuneEncode[PercentCodec Full_ALPHA_AND_SPECIALS (~)]
[4793] INFO ConfigurationProperties - p:logtestexecution= false
[4793] INFO ConfigurationProperties - p:evo_buggy_class= true
[4793] INFO ConfigurationProperties - p:numberExecutions= 1
[4793] INFO ConfigurationProperties - p:maxnumbersolutions= 1000000
[4794] INFO ConfigurationProperties - p:evo_affected_by_op= true
[4794] INFO ConfigurationProperties - p:population= 1
[4794] INFO ConfigurationProperties - p:considerzerovaluesusp= false
[4794] INFO ConfigurationProperties - p:maxCombinationVariableLimit= false
[4794] INFO ConfigurationProperties - p:savesolution= true
[4794] INFO ConfigurationProperties - p:javacompliancelevel= 7
[4794] INFO ConfigurationProperties - p:x= x
[4794] INFO ConfigurationProperties - p:uniqueoptogen= false
[4794] INFO ConfigurationProperties - p:gzoltarpackagetonotinstrument= junit.framework
[4794] INFO ConfigurationProperties - p:projectIdentifier= ESAPI_esapi-java-legacy-VUL4J-44
[4794] INFO ConfigurationProperties - p:modificationpointnavigation= weight
[4794] INFO ConfigurationProperties - p:stopfirst= true
[4794] INFO ConfigurationProperties - p:multipointmodification= false
[4794] INFO ConfigurationProperties - p:elementsToMutate= 10
[4794] INFO ConfigurationProperties - p:jsonoutputname= astor_output
[4794] INFO ConfigurationProperties - p:evoDSE= false
[4794] INFO ConfigurationProperties - p:bintestfolder= target/test-classes
[4794] INFO ConfigurationProperties - p:testbystep= false
[4794] INFO ConfigurationProperties - p:version-location= ./math-version/
[4794] INFO ConfigurationProperties - p:reintroduce= PARENTS:ORIGINAL
[4794] INFO ConfigurationProperties - p:perfectdata= /script/../data/benchmarks/vul4j/perfectfl/VUL4J-44
[4794] INFO ConfigurationProperties - p:executorjar= ./lib/jtestex7.jar
[4794] INFO ConfigurationProperties - p:maxGeneration= 1000000
[4794] INFO ConfigurationProperties - p:max_synthesis_step= 10000
[4794] INFO ConfigurationProperties - p:projectinfocommand= com.github.tdurieux:project-config-maven-plugin:info
[4794] INFO ConfigurationProperties - p:maxVarCombination= 1000
[4794] INFO ConfigurationProperties - p:maxtime= 120
[4794] INFO ConfigurationProperties - p:evosuitejar= ./lib/evosuite-master-1.0.4-SNAPSHOT.jar
[4794] INFO ConfigurationProperties - p:jvmversion= 1.7.0_80
[4794] INFO ConfigurationProperties - p:commandTrunk= 50000
[4794] INFO ConfigurationProperties - p:faultlocalization= perfect
[4794] INFO ConfigurationProperties - p:resetmodel= true
[4794] INFO ConfigurationProperties - p:maxsuspcandidates= 1000
[4794] INFO ConfigurationProperties - p:mode= jMutRepair
[4794] INFO ConfigurationProperties - p:learningdir= 
[4794] INFO ConfigurationProperties - p:jvm4evosuitetestexecution= /usr/lib/jvm/jdk1.7.0_80/bin
[4794] INFO ConfigurationProperties - p:filterfaultlocalization= true
[4794] INFO ConfigurationProperties - p:mutationrate= 1 
[4794] INFO ConfigurationProperties - p:pathToMVNRepository= 
[4795] INFO ConfigurationProperties - p:resourcesfolder= /src/main/resources:/src/test/resources:
[4795] INFO ConfigurationProperties - p:timezone= America/Los_Angeles
[4795] INFO ConfigurationProperties - p:runjava7code= false
[4795] INFO ConfigurationProperties - p:testfailingcmd= mvn test -Dtest=org.OWASP.esapi.codecs.CodecImmunityTest -Dhttps.protocols=TLSv1.2 -Denforcer.skip=true -Dcheckstyle.skip=true -Dcobertura.skip=true -DskipITs=true -Drat.skip=true -Dlicense.skip=true -Dpmd.skip=true -Dfindbugs.skip=true -Dgpg.skip=true -Dskip.npm=true -Dskip.gulp=true -Dskip.bower=true -Danimal.sniffer.skip=true -V -B
[4795] INFO ConfigurationProperties - p:evoRunOnBuggyClass= true
[4795] INFO ConfigurationProperties - p:compiler= fr.inria.astor.core.manipulation.bytecode.compiler.SpoonClassCompiler
[4795] INFO ConfigurationProperties - p:limitbysuspicious= true
[4795] INFO ConfigurationProperties - p:logsattemps= true
[4795] INFO ConfigurationProperties - p:dependenciespath= /root/.m2/repository/org/beanshell/bsh-core/2.0b4/bsh-core-2.0b4.jar:/root/.m2/repository/org/hamcrest/hamcrest-core/1.3/hamcrest-core-1.3.jar:/root/.m2/repository/xom/xom/1.2.5/xom-1.2.5.jar:/root/.m2/repository/commons-io/commons-io/2.4/commons-io-2.4.jar:/root/.m2/repository/org/apache/xmlgraphics/batik-util/1.8/batik-util-1.8.jar:/root/.m2/repository/net/sourceforge/nekohtml/nekohtml/1.9.16/nekohtml-1.9.16.jar:/root/.m2/repository/org/apache/xmlgraphics/batik-css/1.8/batik-css-1.8.jar:/root/.m2/repository/xml-apis/xml-apis-ext/1.3.04/xml-apis-ext-1.3.04.jar:/root/.m2/repository/commons-collections/commons-collections/3.2.2/commons-collections-3.2.2.jar:/root/.m2/repository/commons-httpclient/commons-httpclient/3.1/commons-httpclient-3.1.jar:/root/.m2/repository/xerces/xercesImpl/2.8.0/xercesImpl-2.8.0.jar:/root/.m2/repository/log4j/log4j/1.2.17/log4j-1.2.17.jar:/root/.m2/repository/org/owasp/antisamy/antisamy/1.5.3/antisamy-1.5.3.jar:/root/.m2/repository/commons-lang/commons-lang/2.6/commons-lang-2.6.jar:/root/.m2/repository/commons-codec/commons-codec/1.2/commons-codec-1.2.jar:/root/.m2/repository/xalan/xalan/2.7.0/xalan-2.7.0.jar:/root/.m2/repository/org/apache/xmlgraphics/batik-ext/1.8/batik-ext-1.8.jar:/root/.m2/repository/commons-logging/commons-logging/1.1.1/commons-logging-1.1.1.jar:/root/.m2/repository/commons-fileupload/commons-fileupload/1.3.1/commons-fileupload-1.3.1.jar:/root/.m2/repository/javax/servlet/jsp-api/2.0/jsp-api-2.0.jar:/root/.m2/repository/xml-apis/xml-apis/1.3.03/xml-apis-1.3.03.jar:/root/.m2/repository/commons-configuration/commons-configuration/1.10/commons-configuration-1.10.jar:/root/.m2/repository/junit/junit/4.12/junit-4.12.jar:/root/.m2/repository/javax/servlet/servlet-api/2.5/servlet-api-2.5.jar:/root/.m2/repository/commons-beanutils/commons-beanutils-core/1.8.3/commons-beanutils-core-1.8.3.jar
[4795] INFO ConfigurationProperties - p:packageToInstrument= 
[4795] INFO ConfigurationProperties - p:skipfaultlocalization= false
[4795] INFO ConfigurationProperties - p:scope= local
[4795] INFO ConfigurationProperties - p:transformingredient= false
[4795] INFO ConfigurationProperties - p:fitnessfunction= fr.inria.astor.core.solutionsearch.population.TestCaseFitnessFunction
[4795] INFO ConfigurationProperties - p:maxnumvariablesperingredient= 10
[4795] INFO ConfigurationProperties - p:parsesourcefromoriginal= true
[4795] INFO ConfigurationProperties - p:pvariantfoldername= variant-
[4795] INFO ConfigurationProperties - p:savespoonmodelondisk= false
[4795] INFO ConfigurationProperties - p:srcjavafolder= src/main/java
[4795] INFO ConfigurationProperties - p:populationcontroller= fr.inria.astor.core.solutionsearch.population.TestCaseBasedFitnessPopulationController
[4795] INFO ConfigurationProperties - p:ignoreflakyinfl= false
[4795] INFO ConfigurationProperties - p:cleantemplates= true
[4795] INFO ConfigurationProperties - p:applyCrossover= false
[4795] INFO ConfigurationProperties - p:maxmodificationpoints= 1000
[4795] INFO ConfigurationProperties - p:duplicateingredientsinspace= false
[4795] INFO ConfigurationProperties - p:metid= 0
[4795] INFO ConfigurationProperties - p:continuewhenmodelfail= true
[4795] INFO ConfigurationProperties - p:saveall= false
[4795] INFO ConfigurationProperties - p:seed= 0
[4795] INFO ConfigurationProperties - p:savecompletepatched= true
[4795] INFO ConfigurationProperties - p:resetoperations= false
[4795] INFO ConfigurationProperties - p:keepcomments= false
[4795] INFO ConfigurationProperties - p:processoutputinfile= false
[4795] INFO ConfigurationProperties - p:location= .
[4795] INFO ConfigurationProperties - p:probabilistictransformation= true
[4796] INFO ConfigurationProperties - p:overridemaxtime= true
[4796] INFO ConfigurationProperties - p:outputjsonresult= true
[4796] INFO ConfigurationProperties - p:allpoints= false
[4796] INFO ConfigurationProperties - p:antipattern= false
[4796] INFO ConfigurationProperties - p:bugId= 280
[4796] INFO ConfigurationProperties - p:evosuitetimeout= 120
[4796] INFO ConfigurationProperties - p:maxtimefactor= 10
[4796] INFO ConfigurationProperties - p:nrPlaceholders= 1
[4796] INFO ConfigurationProperties - p:testallcmd= mvn test -Dhttps.protocols=TLSv1.2 -Denforcer.skip=true -Dcheckstyle.skip=true -Dcobertura.skip=true -DskipITs=true -Drat.skip=true -Dlicense.skip=true -Dpmd.skip=true -Dfindbugs.skip=true -Dgpg.skip=true -Dskip.npm=true -Dskip.gulp=true -Dskip.bower=true -Danimal.sniffer.skip=true -V -B
[4796] INFO ConfigurationProperties - p:forcesubprocesskilling= false
[4796] INFO ConfigurationProperties - ----------------------------
[4796] INFO AstorCoreEngine - Time Repair Loop (s): 0.0
[4797] INFO AstorCoreEngine - generationsexecuted: 1
[4797] WARN AstorCoreEngine - ----SUMMARY_EXECUTION---
[4797] WARN AstorCoreEngine - End Repair Search: NOT Found solution
[4798] WARN AstorCoreEngine - Number suspicious:1
[4799] INFO AstorCoreEngine - 
 --SOLUTIONS DESCRIPTION--


Astor Output:

General stats:
EXECUTION_IDENTIFIER=ESAPI_esapi-java-legacy-VUL4J-44
TOTAL_TIME=0.0
NR_GENERATIONS=null
NR_RIGHT_COMPILATIONS=null
NR_FAILLING_COMPILATIONS=null
NR_ERRONEOUS_VARIANCES=null
NR_FAILING_VALIDATION_PROCESS=null
OUTPUT_STATUS=EXHAUSTIVE_NAVIGATED

Patch stats:

[4804] INFO Stats - Storing ing JSON at /workdir/jMutRepair_vul4j_ESAPI_esapi-java-legacy_VUL4J-44/./output_astor/AstorMain-ESAPI_esapi-java-legacy-VUL4J-44//astor_output.json
[4804] INFO Stats - astor_output:
{"general":{"NR_RIGHT_COMPILATIONS":null,"NR_ERRONEOUS_VARIANCES":null,"EXECUTION_IDENTIFIER":"ESAPI_esapi-java-legacy-VUL4J-44","OUTPUT_STATUS":"EXHAUSTIVE_NAVIGATED","NR_FAILLING_COMPILATIONS":null,"NR_GENERATIONS":null,"TOTAL_TIME":0.0,"NR_FAILING_VALIDATION_PROCESS":null},"patches":[]}
[4804] INFO AstorMain - Time Total(s): 4.798
8.79user 0.57system 0:05.10elapsed 183%CPU (0avgtext+0avgdata 475440maxresident)k
424inputs+9792outputs (0major+123285minor)pagefaults 0swaps


Node: 2c8178711f7b



Date: Tue Nov 29 09:26:59 EST 2022

