cd /workdir/Cardumen_vul4j_spring-projects_spring-framework_VUL4J-71;
export JAVA_TOOL_OPTIONS="-Dfile.encoding=UTF8 -Duser.language=en-US -Duser.country=US -Duser.language=en";
TZ="America/New_York"; export TZ;
export PATH="/usr/lib/jvm/java-8-openjdk-amd64/bin:$PATH";
export JAVA_HOME="/usr/lib/jvm/java-8-openjdk-amd64/bin";
time java -Xmx4g -Xms1g -XX:MaxPermSize=512m -cp /script/../libs/jtestex7.jar:/script/../repair_tools/astor.jar fr.inria.main.evolution.AstorMain \
	-mode cardumen \
	-location . \
	-id spring-projects_spring-framework-VUL4J-71 \
	-failing org.springframework.util.MimeTypeTests#testCVE_2018_1272 \
	-jvm4testexecution /usr/lib/jvm/java-8-openjdk-amd64/bin \
	-jvm4evosuitetestexecution /usr/lib/jvm/java-8-openjdk-amd64/bin \
	-maxgen 1000000 \
	-maxtime 120 \
	-stopfirst true \
	-seed 0 \
	-scope local \
	-population 1 \
	-javacompliancelevel 8 \
	-faultlocalization perfect \
    -perfectdata /script/../data/benchmarks/vul4j/perfectfl/VUL4J-71 \
    -validation externalcmd \
    -testfailingcmd "./gradlew :spring-core:test --tests org.springframework.util.MimeTypeTests.testCVE_2018_1272" \
    -testallcmd "./gradlew :spring-core:test"  \ \
	-srcjavafolder spring-core/src/main/java \
	-srctestfolder spring-core/src/test/java \
	-binjavafolder spring-core/build/classes/main \
	-bintestfolder spring-core/build/classes/test \
	-parameters x:x:maxCombinationVariableLimit:true:maxVarCombination:1000:maxCombinationVariableLimit:true:maxVarCombination:1000:maxCombinationVariableLimit:true:maxVarCombination:1000:maxCombinationVariableLimit:true:maxVarCombination:1000:maxCombinationVariableLimit:true:maxVarCombination:1000:maxCombinationVariableLimit:true:maxVarCombination:1000:maxCombinationVariableLimit:true:maxVarCombination:1000:maxCombinationVariableLimit:true:maxVarCombination:1000:maxCombinationVariableLimit:true:maxVarCombination:1000:maxCombinationVariableLimit:true:maxVarCombination:1000:maxCombinationVariableLimit:true:maxVarCombination:1000:maxCombinationVariableLimit:true:maxVarCombination:1000:maxCombinationVariableLimit:true:maxVarCombination:1000:maxCombinationVariableLimit:true:maxVarCombination:1000:maxCombinationVariableLimit:true:maxVarCombination:1000:maxCombinationVariableLimit:true:maxVarCombination:1000:maxCombinationVariableLimit:true:maxVarCombination:1000:maxCombinationVariableLimit:true:maxVarCombination:1000:maxCombinationVariableLimit:true:maxVarCombination:1000:maxCombinationVariableLimit:true:maxVarCombination:1000:maxCombinationVariableLimit:true:maxVarCombination:1000:maxCombinationVariableLimit:true:maxVarCombination:1000:maxCombinationVariableLimit:true:maxVarCombination:1000:maxCombinationVariableLimit:true:maxVarCombination:1000:maxCombinationVariableLimit:true:maxVarCombination:1000:maxCombinationVariableLimit:true:maxVarCombination:1000:maxCombinationVariableLimit:true:maxVarCombination:1000:maxCombinationVariableLimit:true:maxVarCombination:1000:maxCombinationVariableLimit:true:maxVarCombination:1000:maxCombinationVariableLimit:true:maxVarCombination:1000:maxCombinationVariableLimit:true:maxVarCombination:1000:maxCombinationVariableLimit:true:maxVarCombination:1000:maxCombinationVariableLimit:true:maxVarCombination:1000:maxCombinationVariableLimit:true:maxVarCombination:1000:maxCombinationVariableLimit:true:maxVarCombination:1000:maxCombinationVariableLimit:true:maxVarCombination:1000:maxCombinationVariableLimit:true:maxVarCombination:1000:maxCombinationVariableLimit:true:maxVarCombination:1000:maxCombinationVariableLimit:true:maxVarCombination:1000:maxCombinationVariableLimit:true:maxVarCombination:1000:maxCombinationVariableLimit:true:maxVarCombination:1000:maxCombinationVariableLimit:true:maxVarCombination:1000:maxCombinationVariableLimit:true:maxVarCombination:1000:maxCombinationVariableLimit:true:maxVarCombination:1000:maxCombinationVariableLimit:true:maxVarCombination:1000:maxCombinationVariableLimit:true:maxVarCombination:1000:maxCombinationVariableLimit:true:maxVarCombination:1000:maxCombinationVariableLimit:true:maxVarCombination:1000:maxCombinationVariableLimit:true:maxVarCombination:1000:maxCombinationVariableLimit:true:maxVarCombination:1000:maxCombinationVariableLimit:true:maxVarCombination:1000:maxCombinationVariableLimit:true:maxVarCombination:1000:maxCombinationVariableLimit:true:maxVarCombination:1000:maxCombinationVariableLimit:true:maxVarCombination:1000:maxCombinationVariableLimit:true:maxVarCombination:1000:maxCombinationVariableLimit:true:maxVarCombination:1000:maxCombinationVariableLimit:true:maxVarCombination:1000 \
	-dependencies /workdir/Cardumen_vul4j_spring-projects_spring-framework_VUL4J-71/spring-core/build/classes/test:/workdir/Cardumen_vul4j_spring-projects_spring-framework_VUL4J-71/spring-core/build/resources/test:/workdir/Cardumen_vul4j_spring-projects_spring-framework_VUL4J-71/spring-core/build/classes/main:/workdir/Cardumen_vul4j_spring-projects_spring-framework_VUL4J-71/spring-core/build/resources/main:/workdir/Cardumen_vul4j_spring-projects_spring-framework_VUL4J-71/spring-core/build/libs/spring-cglib-repack-3.2.6.jar:/workdir/Cardumen_vul4j_spring-projects_spring-framework_VUL4J-71/spring-core/build/libs/spring-objenesis-repack-2.6.jar:/root/.gradle/caches/modules-2/files-2.1/commons-logging/commons-logging/1.2/4bfc12adfe4842bf07b657f0369c4cb522955686/commons-logging-1.2.jar:/root/.gradle/caches/modules-2/files-2.1/commons-codec/commons-codec/1.10/4b95f4897fa13f2cd904aee711aeafc0c5295cd8/commons-codec-1.10.jar:/root/.gradle/caches/modules-2/files-2.1/org.aspectj/aspectjweaver/1.8.9/db28774f477f07220eac18d5ec9c4e01f48589d7/aspectjweaver-1.8.9.jar:/root/.gradle/caches/modules-2/files-2.1/net.sf.jopt-simple/jopt-simple/5.0.3/cdd846cfc4e0f7eefafc02c0f5dce32b9303aa2a/jopt-simple-5.0.3.jar:/root/.gradle/caches/modules-2/files-2.1/log4j/log4j/1.2.17/5af35056b4d257e4b64b9e8069c0746e8b08629f/log4j-1.2.17.jar:/root/.gradle/caches/modules-2/files-2.1/junit/junit/4.12/2973d150c0dc1fefe998f834810d68f278ea58ec/junit-4.12.jar:/root/.gradle/caches/modules-2/files-2.1/org.mockito/mockito-core/1.10.19/e8546f5bef4e061d8dd73895b4e8f40e3fe6effe/mockito-core-1.10.19.jar:/root/.gradle/caches/modules-2/files-2.1/org.hamcrest/hamcrest-all/1.3/63a21ebc981131004ad02e0434e799fd7f3a8d5a/hamcrest-all-1.3.jar:/root/.gradle/caches/modules-2/files-2.1/org.apache.tomcat.embed/tomcat-embed-core/8.5.28/b684c98cf77c6528079c4e59fc1feeb218bf82f1/tomcat-embed-core-8.5.28.jar:/root/.gradle/caches/modules-2/files-2.1/xmlunit/xmlunit/1.6/adcae0aff916681dacd2b490e193f1119cd964a9/xmlunit-1.6.jar:/root/.gradle/caches/modules-2/files-2.1/com.fasterxml.woodstox/woodstox-core/5.0.3/10aa199207fda142eff01cd61c69244877d71770/woodstox-core-5.0.3.jar:/root/.gradle/caches/modules-2/files-2.1/org.objenesis/objenesis/2.1/87c0ea803b69252868d09308b4618f766f135a96/objenesis-2.1.jar:/root/.gradle/caches/modules-2/files-2.1/org.apache.tomcat/tomcat-annotations-api/8.5.28/25dd92ba2548e684687f9024e2848ea98ab63f3a/tomcat-annotations-api-8.5.28.jar:/root/.gradle/caches/modules-2/files-2.1/org.codehaus.woodstox/stax2-api/3.1.4/ac19014b1e6a7c08aad07fe114af792676b685b7/stax2-api-3.1.4.jar;
	echo "\n\nNode: `hostname`\n";
	echo "\n\nDate: `date`\n";
Picked up JAVA_TOOL_OPTIONS: -Dfile.encoding=UTF8 -Duser.language=en-US -Duser.country=US -Duser.language=en
OpenJDK 64-Bit Server VM warning: ignoring option MaxPermSize=512m; support was removed in 8.0
[0] INFO ProjectConfiguration - Version of the JVM used: 1.8.0_342
[0] INFO main - Java version of the JDK used to run tests: 1.8.0_342
[0] INFO main - The compliance of the JVM is:  8
[16] INFO main - command line arguments: [-mode  cardumen  -location  .  -id  spring-projects_spring-framework-VUL4J-71  -failing  org.springframework.util.MimeTypeTests#testCVE_2018_1272  -jvm4testexecution  /usr/lib/jvm/java-8-openjdk-amd64/bin  -jvm4evosuitetestexecution  /usr/lib/jvm/java-8-openjdk-amd64/bin  -maxgen  1000000  -maxtime  120  -stopfirst  true  -seed  0  -scope  local  -population  1  -javacompliancelevel  8  -faultlocalization  perfect  -perfectdata  /script/../data/benchmarks/vul4j/perfectfl/VUL4J-71  -validation  externalcmd  -testfailingcmd  ./gradlew :spring-core:test --tests org.springframework.util.MimeTypeTests.testCVE_2018_1272  -testallcmd  ./gradlew :spring-core:test     -srcjavafolder  spring-core/src/main/java  -srctestfolder  spring-core/src/test/java  -binjavafolder  spring-core/build/classes/main  -bintestfolder  spring-core/build/classes/test  -parameters  x:x:maxCombinationVariableLimit:true:maxVarCombination:1000:maxCombinationVariableLimit:true:maxVarCombination:1000:maxCombinationVariableLimit:true:maxVarCombination:1000:maxCombinationVariableLimit:true:maxVarCombination:1000:maxCombinationVariableLimit:true:maxVarCombination:1000:maxCombinationVariableLimit:true:maxVarCombination:1000:maxCombinationVariableLimit:true:maxVarCombination:1000:maxCombinationVariableLimit:true:maxVarCombination:1000:maxCombinationVariableLimit:true:maxVarCombination:1000:maxCombinationVariableLimit:true:maxVarCombination:1000:maxCombinationVariableLimit:true:maxVarCombination:1000:maxCombinationVariableLimit:true:maxVarCombination:1000:maxCombinationVariableLimit:true:maxVarCombination:1000:maxCombinationVariableLimit:true:maxVarCombination:1000:maxCombinationVariableLimit:true:maxVarCombination:1000:maxCombinationVariableLimit:true:maxVarCombination:1000:maxCombinationVariableLimit:true:maxVarCombination:1000:maxCombinationVariableLimit:true:maxVarCombination:1000:maxCombinationVariableLimit:true:maxVarCombination:1000:maxCombinationVariableLimit:true:maxVarCombination:1000:maxCombinationVariableLimit:true:maxVarCombination:1000:maxCombinationVariableLimit:true:maxVarCombination:1000:maxCombinationVariableLimit:true:maxVarCombination:1000:maxCombinationVariableLimit:true:maxVarCombination:1000:maxCombinationVariableLimit:true:maxVarCombination:1000:maxCombinationVariableLimit:true:maxVarCombination:1000:maxCombinationVariableLimit:true:maxVarCombination:1000:maxCombinationVariableLimit:true:maxVarCombination:1000:maxCombinationVariableLimit:true:maxVarCombination:1000:maxCombinationVariableLimit:true:maxVarCombination:1000:maxCombinationVariableLimit:true:maxVarCombination:1000:maxCombinationVariableLimit:true:maxVarCombination:1000:maxCombinationVariableLimit:true:maxVarCombination:1000:maxCombinationVariableLimit:true:maxVarCombination:1000:maxCombinationVariableLimit:true:maxVarCombination:1000:maxCombinationVariableLimit:true:maxVarCombination:1000:maxCombinationVariableLimit:true:maxVarCombination:1000:maxCombinationVariableLimit:true:maxVarCombination:1000:maxCombinationVariableLimit:true:maxVarCombination:1000:maxCombinationVariableLimit:true:maxVarCombination:1000:maxCombinationVariableLimit:true:maxVarCombination:1000:maxCombinationVariableLimit:true:maxVarCombination:1000:maxCombinationVariableLimit:true:maxVarCombination:1000:maxCombinationVariableLimit:true:maxVarCombination:1000:maxCombinationVariableLimit:true:maxVarCombination:1000:maxCombinationVariableLimit:true:maxVarCombination:1000:maxCombinationVariableLimit:true:maxVarCombination:1000:maxCombinationVariableLimit:true:maxVarCombination:1000:maxCombinationVariableLimit:true:maxVarCombination:1000:maxCombinationVariableLimit:true:maxVarCombination:1000:maxCombinationVariableLimit:true:maxVarCombination:1000:maxCombinationVariableLimit:true:maxVarCombination:1000:maxCombinationVariableLimit:true:maxVarCombination:1000:maxCombinationVariableLimit:true:maxVarCombination:1000:maxCombinationVariableLimit:true:maxVarCombination:1000:maxCombinationVariableLimit:true:maxVarCombination:1000:maxCombinationVariableLimit:true:maxVarCombination:1000  -dependencies  /workdir/Cardumen_vul4j_spring-projects_spring-framework_VUL4J-71/spring-core/build/classes/test:/workdir/Cardumen_vul4j_spring-projects_spring-framework_VUL4J-71/spring-core/build/resources/test:/workdir/Cardumen_vul4j_spring-projects_spring-framework_VUL4J-71/spring-core/build/classes/main:/workdir/Cardumen_vul4j_spring-projects_spring-framework_VUL4J-71/spring-core/build/resources/main:/workdir/Cardumen_vul4j_spring-projects_spring-framework_VUL4J-71/spring-core/build/libs/spring-cglib-repack-3.2.6.jar:/workdir/Cardumen_vul4j_spring-projects_spring-framework_VUL4J-71/spring-core/build/libs/spring-objenesis-repack-2.6.jar:/root/.gradle/caches/modules-2/files-2.1/commons-logging/commons-logging/1.2/4bfc12adfe4842bf07b657f0369c4cb522955686/commons-logging-1.2.jar:/root/.gradle/caches/modules-2/files-2.1/commons-codec/commons-codec/1.10/4b95f4897fa13f2cd904aee711aeafc0c5295cd8/commons-codec-1.10.jar:/root/.gradle/caches/modules-2/files-2.1/org.aspectj/aspectjweaver/1.8.9/db28774f477f07220eac18d5ec9c4e01f48589d7/aspectjweaver-1.8.9.jar:/root/.gradle/caches/modules-2/files-2.1/net.sf.jopt-simple/jopt-simple/5.0.3/cdd846cfc4e0f7eefafc02c0f5dce32b9303aa2a/jopt-simple-5.0.3.jar:/root/.gradle/caches/modules-2/files-2.1/log4j/log4j/1.2.17/5af35056b4d257e4b64b9e8069c0746e8b08629f/log4j-1.2.17.jar:/root/.gradle/caches/modules-2/files-2.1/junit/junit/4.12/2973d150c0dc1fefe998f834810d68f278ea58ec/junit-4.12.jar:/root/.gradle/caches/modules-2/files-2.1/org.mockito/mockito-core/1.10.19/e8546f5bef4e061d8dd73895b4e8f40e3fe6effe/mockito-core-1.10.19.jar:/root/.gradle/caches/modules-2/files-2.1/org.hamcrest/hamcrest-all/1.3/63a21ebc981131004ad02e0434e799fd7f3a8d5a/hamcrest-all-1.3.jar:/root/.gradle/caches/modules-2/files-2.1/org.apache.tomcat.embed/tomcat-embed-core/8.5.28/b684c98cf77c6528079c4e59fc1feeb218bf82f1/tomcat-embed-core-8.5.28.jar:/root/.gradle/caches/modules-2/files-2.1/xmlunit/xmlunit/1.6/adcae0aff916681dacd2b490e193f1119cd964a9/xmlunit-1.6.jar:/root/.gradle/caches/modules-2/files-2.1/com.fasterxml.woodstox/woodstox-core/5.0.3/10aa199207fda142eff01cd61c69244877d71770/woodstox-core-5.0.3.jar:/root/.gradle/caches/modules-2/files-2.1/org.objenesis/objenesis/2.1/87c0ea803b69252868d09308b4618f766f135a96/objenesis-2.1.jar:/root/.gradle/caches/modules-2/files-2.1/org.apache.tomcat/tomcat-annotations-api/8.5.28/25dd92ba2548e684687f9024e2848ea98ab63f3a/tomcat-annotations-api-8.5.28.jar:/root/.gradle/caches/modules-2/files-2.1/org.codehaus.woodstox/stax2-api/3.1.4/ac19014b1e6a7c08aad07fe114af792676b685b7/stax2-api-3.1.4.jar]
[19] INFO AstorMain - Running Astor on a JDK at /usr/lib/jvm/java-8-openjdk-amd64/jre
[43] INFO main - Source folders: [/workdir/Cardumen_vul4j_spring-projects_spring-framework_VUL4J-71/./spring-core/src/main/java]
[44] INFO main - Source Test folders: [/workdir/Cardumen_vul4j_spring-projects_spring-framework_VUL4J-71/./spring-core/src/test/java]
[3961] INFO AstorCoreEngine - ---- Creating spoon model
[4105] INFO MutationSupporter - Creating model,  Code location from working folder: /workdir/Cardumen_vul4j_spring-projects_spring-framework_VUL4J-71/./spring-core/src/main/java
[4105] INFO MutationSupporter - building model: /workdir/Cardumen_vul4j_spring-projects_spring-framework_VUL4J-71/./spring-core/src/main/java, compliance level: 8
[4315] INFO MutationSupporter - Classpath (Dependencies) for building SpoonModel: [/workdir/Cardumen_vul4j_spring-projects_spring-framework_VUL4J-71/spring-core/build/classes/test/, /workdir/Cardumen_vul4j_spring-projects_spring-framework_VUL4J-71/spring-core/build/resources/test/, /workdir/Cardumen_vul4j_spring-projects_spring-framework_VUL4J-71/spring-core/build/classes/main/, /workdir/Cardumen_vul4j_spring-projects_spring-framework_VUL4J-71/spring-core/build/libs/spring-cglib-repack-3.2.6.jar, /workdir/Cardumen_vul4j_spring-projects_spring-framework_VUL4J-71/spring-core/build/libs/spring-objenesis-repack-2.6.jar, /root/.gradle/caches/modules-2/files-2.1/commons-logging/commons-logging/1.2/4bfc12adfe4842bf07b657f0369c4cb522955686/commons-logging-1.2.jar, /root/.gradle/caches/modules-2/files-2.1/commons-codec/commons-codec/1.10/4b95f4897fa13f2cd904aee711aeafc0c5295cd8/commons-codec-1.10.jar, /root/.gradle/caches/modules-2/files-2.1/org.aspectj/aspectjweaver/1.8.9/db28774f477f07220eac18d5ec9c4e01f48589d7/aspectjweaver-1.8.9.jar, /root/.gradle/caches/modules-2/files-2.1/net.sf.jopt-simple/jopt-simple/5.0.3/cdd846cfc4e0f7eefafc02c0f5dce32b9303aa2a/jopt-simple-5.0.3.jar, /root/.gradle/caches/modules-2/files-2.1/log4j/log4j/1.2.17/5af35056b4d257e4b64b9e8069c0746e8b08629f/log4j-1.2.17.jar, /root/.gradle/caches/modules-2/files-2.1/junit/junit/4.12/2973d150c0dc1fefe998f834810d68f278ea58ec/junit-4.12.jar, /root/.gradle/caches/modules-2/files-2.1/org.mockito/mockito-core/1.10.19/e8546f5bef4e061d8dd73895b4e8f40e3fe6effe/mockito-core-1.10.19.jar, /root/.gradle/caches/modules-2/files-2.1/org.hamcrest/hamcrest-all/1.3/63a21ebc981131004ad02e0434e799fd7f3a8d5a/hamcrest-all-1.3.jar, /root/.gradle/caches/modules-2/files-2.1/org.apache.tomcat.embed/tomcat-embed-core/8.5.28/b684c98cf77c6528079c4e59fc1feeb218bf82f1/tomcat-embed-core-8.5.28.jar, /root/.gradle/caches/modules-2/files-2.1/xmlunit/xmlunit/1.6/adcae0aff916681dacd2b490e193f1119cd964a9/xmlunit-1.6.jar, /root/.gradle/caches/modules-2/files-2.1/com.fasterxml.woodstox/woodstox-core/5.0.3/10aa199207fda142eff01cd61c69244877d71770/woodstox-core-5.0.3.jar, /root/.gradle/caches/modules-2/files-2.1/org.objenesis/objenesis/2.1/87c0ea803b69252868d09308b4618f766f135a96/objenesis-2.1.jar, /root/.gradle/caches/modules-2/files-2.1/org.apache.tomcat/tomcat-annotations-api/8.5.28/25dd92ba2548e684687f9024e2848ea98ab63f3a/tomcat-annotations-api-8.5.28.jar, /root/.gradle/caches/modules-2/files-2.1/org.codehaus.woodstox/stax2-api/3.1.4/ac19014b1e6a7c08aad07fe114af792676b685b7/stax2-api-3.1.4.jar]
[33519] INFO AstorCoreEngine - Number of CtTypes created: 353
[34224] INFO AstorCoreEngine - Test retrieved from classes: 0
[34492] INFO AstorCoreEngine - Setting up the max to 2670 milliseconds (2 sec)
[34492] INFO AstorCoreEngine - ---- Initial suspicious size: 1
[34586] INFO main - Total suspicious from FL: 1,  1
[34586] INFO main - Total ModPoint created: 1
[34586] INFO main - Creating program variant #1, [Variant id: 1, #gens: 1, #ops: 0, parent:-]
[34586] INFO main - Run previously failing tests...
[95328] INFO main - Failed tests: 1
[95331] INFO AstorCoreEngine - The original fitness is : 1.0
[104725] INFO ExpressionTypeIngredientSpace - Ingredient search space info : number keys 22 , number values 87 
[104725] WARN ConfigurationProperties - ----------------------------
[104725] INFO ConfigurationProperties - ---Configuration properties
[104726] INFO ConfigurationProperties - p:lastJUnitVersion= ./examples/libs/junit-4.11.jar
[104726] INFO ConfigurationProperties - p:alternativecompliancelevel= 8
[104726] INFO ConfigurationProperties - p:ignoredTestCases= 
[104726] INFO ConfigurationProperties - p:workingDirectory= /workdir/Cardumen_vul4j_spring-projects_spring-framework_VUL4J-71/./output_astor
[104726] INFO ConfigurationProperties - p:manipulatesuper= false
[104726] INFO ConfigurationProperties - p:validation= externalcmd
[104726] INFO ConfigurationProperties - p:jvm4testexecution= /usr/lib/jvm/java-8-openjdk-amd64/bin
[104726] INFO ConfigurationProperties - p:operatorspace= r-expression
[104726] INFO ConfigurationProperties - p:diffcontext= 0
[104727] INFO ConfigurationProperties - p:binjavafolder= spring-core/build/classes/main
[104727] INFO ConfigurationProperties - p:synthesis_depth= 3
[104727] INFO ConfigurationProperties - p:gzoltartestpackagetoexclude= junit.framework
[104727] INFO ConfigurationProperties - p:skipfitnessinitialpopulation= false
[104727] INFO ConfigurationProperties - p:evosuiteresultfolder= evosuite
[104727] INFO ConfigurationProperties - p:flthreshold= 0.1
[104727] INFO ConfigurationProperties - p:regressionforfaultlocalization= true
[104727] INFO ConfigurationProperties - p:collectonlyusedmethod= false
[104727] INFO ConfigurationProperties - p:preservelinenumbers= true
[104727] INFO ConfigurationProperties - p:tmax2= 2670
[104727] INFO ConfigurationProperties - p:ingredienttransformstrategy= name-probability-based
[104727] INFO ConfigurationProperties - p:tmax1= 10000
[104727] INFO ConfigurationProperties - p:probagenmutation= false
[104727] INFO ConfigurationProperties - p:nomodificationconvergence= 100
[104727] INFO ConfigurationProperties - p:diff_type= relative
[104727] INFO ConfigurationProperties - p:targetelementprocessor= expression
[104727] INFO ConfigurationProperties - p:srctestfolder= spring-core/src/test/java
[104727] INFO ConfigurationProperties - p:forceExecuteRegression= false
[104727] INFO ConfigurationProperties - p:clusteringfilename= clustering.csv
[104728] INFO ConfigurationProperties - p:failing= org.springframework.util.MimeTypeTests#testCVE_2018_1272
[104728] INFO ConfigurationProperties - p:logtestexecution= false
[104728] INFO ConfigurationProperties - p:evo_buggy_class= true
[104728] INFO ConfigurationProperties - p:numberExecutions= 1
[104728] INFO ConfigurationProperties - p:maxnumbersolutions= 1000000
[104728] INFO ConfigurationProperties - p:evo_affected_by_op= true
[104728] INFO ConfigurationProperties - p:population= 1
[104728] INFO ConfigurationProperties - p:considerzerovaluesusp= false
[104728] INFO ConfigurationProperties - p:maxCombinationVariableLimit= true
[104728] INFO ConfigurationProperties - p:savesolution= true
[104728] INFO ConfigurationProperties - p:javacompliancelevel= 8
[104728] INFO ConfigurationProperties - p:x= x
[104728] INFO ConfigurationProperties - p:uniqueoptogen= false
[104728] INFO ConfigurationProperties - p:gzoltarpackagetonotinstrument= junit.framework
[104728] INFO ConfigurationProperties - p:projectIdentifier= spring-projects_spring-framework-VUL4J-71
[104728] INFO ConfigurationProperties - p:modificationpointnavigation= weight
[104728] INFO ConfigurationProperties - p:stopfirst= true
[104728] INFO ConfigurationProperties - p:multipointmodification= false
[104729] INFO ConfigurationProperties - p:elementsToMutate= 10
[104729] INFO ConfigurationProperties - p:jsonoutputname= astor_output
[104729] INFO ConfigurationProperties - p:evoDSE= false
[104729] INFO ConfigurationProperties - p:bintestfolder= spring-core/build/classes/test
[104729] INFO ConfigurationProperties - p:testbystep= false
[104729] INFO ConfigurationProperties - p:version-location= ./math-version/
[104729] INFO ConfigurationProperties - p:reintroduce= PARENTS:ORIGINAL
[104729] INFO ConfigurationProperties - p:perfectdata= /script/../data/benchmarks/vul4j/perfectfl/VUL4J-71
[104729] INFO ConfigurationProperties - p:executorjar= ./lib/jtestex7.jar
[104729] INFO ConfigurationProperties - p:maxGeneration= 1000000
[104729] INFO ConfigurationProperties - p:max_synthesis_step= 10000
[104729] INFO ConfigurationProperties - p:projectinfocommand= com.github.tdurieux:project-config-maven-plugin:info
[104729] INFO ConfigurationProperties - p:maxVarCombination= 1000
[104729] INFO ConfigurationProperties - p:maxtime= 120
[104729] INFO ConfigurationProperties - p:evosuitejar= ./lib/evosuite-master-1.0.4-SNAPSHOT.jar
[104729] INFO ConfigurationProperties - p:jvmversion= 1.8.0_342
[104729] INFO ConfigurationProperties - p:commandTrunk= 50000
[104729] INFO ConfigurationProperties - p:faultlocalization= perfect
[104729] INFO ConfigurationProperties - p:resetmodel= true
[104729] INFO ConfigurationProperties - p:maxsuspcandidates= 1000
[104729] INFO ConfigurationProperties - p:mode= cardumen
[104730] INFO ConfigurationProperties - p:learningdir= 
[104730] INFO ConfigurationProperties - p:jvm4evosuitetestexecution= /usr/lib/jvm/java-8-openjdk-amd64/bin
[104730] INFO ConfigurationProperties - p:filterfaultlocalization= true
[104730] INFO ConfigurationProperties - p:mutationrate= 1 
[104730] INFO ConfigurationProperties - p:pathToMVNRepository= 
[104730] INFO ConfigurationProperties - p:resourcesfolder= /src/main/resources:/src/test/resources:
[104730] INFO ConfigurationProperties - p:timezone= America/Los_Angeles
[104730] INFO ConfigurationProperties - p:runjava7code= false
[104730] INFO ConfigurationProperties - p:testfailingcmd= ./gradlew :spring-core:test --tests org.springframework.util.MimeTypeTests.testCVE_2018_1272
[104730] INFO ConfigurationProperties - p:evoRunOnBuggyClass= true
[104730] INFO ConfigurationProperties - p:compiler= fr.inria.astor.core.manipulation.bytecode.compiler.SpoonClassCompiler
[104730] INFO ConfigurationProperties - p:limitbysuspicious= true
[104730] INFO ConfigurationProperties - p:logsattemps= true
[104730] INFO ConfigurationProperties - p:dependenciespath= /workdir/Cardumen_vul4j_spring-projects_spring-framework_VUL4J-71/spring-core/build/classes/test:/workdir/Cardumen_vul4j_spring-projects_spring-framework_VUL4J-71/spring-core/build/resources/test:/workdir/Cardumen_vul4j_spring-projects_spring-framework_VUL4J-71/spring-core/build/classes/main:/workdir/Cardumen_vul4j_spring-projects_spring-framework_VUL4J-71/spring-core/build/resources/main:/workdir/Cardumen_vul4j_spring-projects_spring-framework_VUL4J-71/spring-core/build/libs/spring-cglib-repack-3.2.6.jar:/workdir/Cardumen_vul4j_spring-projects_spring-framework_VUL4J-71/spring-core/build/libs/spring-objenesis-repack-2.6.jar:/root/.gradle/caches/modules-2/files-2.1/commons-logging/commons-logging/1.2/4bfc12adfe4842bf07b657f0369c4cb522955686/commons-logging-1.2.jar:/root/.gradle/caches/modules-2/files-2.1/commons-codec/commons-codec/1.10/4b95f4897fa13f2cd904aee711aeafc0c5295cd8/commons-codec-1.10.jar:/root/.gradle/caches/modules-2/files-2.1/org.aspectj/aspectjweaver/1.8.9/db28774f477f07220eac18d5ec9c4e01f48589d7/aspectjweaver-1.8.9.jar:/root/.gradle/caches/modules-2/files-2.1/net.sf.jopt-simple/jopt-simple/5.0.3/cdd846cfc4e0f7eefafc02c0f5dce32b9303aa2a/jopt-simple-5.0.3.jar:/root/.gradle/caches/modules-2/files-2.1/log4j/log4j/1.2.17/5af35056b4d257e4b64b9e8069c0746e8b08629f/log4j-1.2.17.jar:/root/.gradle/caches/modules-2/files-2.1/junit/junit/4.12/2973d150c0dc1fefe998f834810d68f278ea58ec/junit-4.12.jar:/root/.gradle/caches/modules-2/files-2.1/org.mockito/mockito-core/1.10.19/e8546f5bef4e061d8dd73895b4e8f40e3fe6effe/mockito-core-1.10.19.jar:/root/.gradle/caches/modules-2/files-2.1/org.hamcrest/hamcrest-all/1.3/63a21ebc981131004ad02e0434e799fd7f3a8d5a/hamcrest-all-1.3.jar:/root/.gradle/caches/modules-2/files-2.1/org.apache.tomcat.embed/tomcat-embed-core/8.5.28/b684c98cf77c6528079c4e59fc1feeb218bf82f1/tomcat-embed-core-8.5.28.jar:/root/.gradle/caches/modules-2/files-2.1/xmlunit/xmlunit/1.6/adcae0aff916681dacd2b490e193f1119cd964a9/xmlunit-1.6.jar:/root/.gradle/caches/modules-2/files-2.1/com.fasterxml.woodstox/woodstox-core/5.0.3/10aa199207fda142eff01cd61c69244877d71770/woodstox-core-5.0.3.jar:/root/.gradle/caches/modules-2/files-2.1/org.objenesis/objenesis/2.1/87c0ea803b69252868d09308b4618f766f135a96/objenesis-2.1.jar:/root/.gradle/caches/modules-2/files-2.1/org.apache.tomcat/tomcat-annotations-api/8.5.28/25dd92ba2548e684687f9024e2848ea98ab63f3a/tomcat-annotations-api-8.5.28.jar:/root/.gradle/caches/modules-2/files-2.1/org.codehaus.woodstox/stax2-api/3.1.4/ac19014b1e6a7c08aad07fe114af792676b685b7/stax2-api-3.1.4.jar
[104730] INFO ConfigurationProperties - p:packageToInstrument= 
[104731] INFO ConfigurationProperties - p:skipfaultlocalization= false
[104731] INFO ConfigurationProperties - p:scope= local
[104731] INFO ConfigurationProperties - p:transformingredient= false
[104731] INFO ConfigurationProperties - p:fitnessfunction= fr.inria.astor.core.solutionsearch.population.TestCaseFitnessFunction
[104731] INFO ConfigurationProperties - p:maxnumvariablesperingredient= 10
[104731] INFO ConfigurationProperties - p:parsesourcefromoriginal= true
[104731] INFO ConfigurationProperties - p:pvariantfoldername= variant-
[104731] INFO ConfigurationProperties - p:savespoonmodelondisk= false
[104731] INFO ConfigurationProperties - p:srcjavafolder= spring-core/src/main/java
[104731] INFO ConfigurationProperties - p:populationcontroller= fr.inria.astor.core.solutionsearch.population.TestCaseBasedFitnessPopulationController
[104731] INFO ConfigurationProperties - p:ignoreflakyinfl= false
[104731] INFO ConfigurationProperties - p:cleantemplates= true
[104731] INFO ConfigurationProperties - p:applyCrossover= false
[104731] INFO ConfigurationProperties - p:maxmodificationpoints= 1000
[104731] INFO ConfigurationProperties - p:duplicateingredientsinspace= false
[104731] INFO ConfigurationProperties - p:metid= 0
[104733] INFO ConfigurationProperties - p:continuewhenmodelfail= true
[104733] INFO ConfigurationProperties - p:saveall= false
[104733] INFO ConfigurationProperties - p:seed= 0
[104733] INFO ConfigurationProperties - p:savecompletepatched= true
[104733] INFO ConfigurationProperties - p:resetoperations= false
[104733] INFO ConfigurationProperties - p:keepcomments= false
[104733] INFO ConfigurationProperties - p:processoutputinfile= false
[104733] INFO ConfigurationProperties - p:location= .
[104733] INFO ConfigurationProperties - p:probabilistictransformation= true
[104733] INFO ConfigurationProperties - p:overridemaxtime= true
[104733] INFO ConfigurationProperties - p:ingredientstrategy= name-probability-based
[104733] INFO ConfigurationProperties - p:outputjsonresult= true
[104733] INFO ConfigurationProperties - p:allpoints= false
[104733] INFO ConfigurationProperties - p:antipattern= false
[104733] INFO ConfigurationProperties - p:bugId= 280
[104733] INFO ConfigurationProperties - p:evosuitetimeout= 120
[104733] INFO ConfigurationProperties - p:maxtimefactor= 10
[104734] INFO ConfigurationProperties - p:nrPlaceholders= 1
[104734] INFO ConfigurationProperties - p:testallcmd= ./gradlew :spring-core:test
[104734] INFO ConfigurationProperties - p:forcesubprocesskilling= false
[104750] INFO ConfigurationProperties - ----------------------------
[104750] INFO AstorCoreEngine - ----Starting Solution Search
[104751] WARN AstorCoreEngine - ----------Running generation: 1, population size: 1
[109813] WARN AstorCoreEngine - ----------Running generation: 2, population size: 1
[109900] WARN AstorCoreEngine - ----------Running generation: 3, population size: 1
[109996] WARN AstorCoreEngine - ----------Running generation: 4, population size: 1
[110057] WARN AstorCoreEngine - ----------Running generation: 5, population size: 1
[110103] WARN AstorCoreEngine - ----------Running generation: 6, population size: 1
[110139] WARN AstorCoreEngine - ----------Running generation: 7, population size: 1
[110205] WARN AstorCoreEngine - ----------Running generation: 8, population size: 1
[110265] WARN AstorCoreEngine - ----------Running generation: 9, population size: 1
[110308] WARN AstorCoreEngine - ----------Running generation: 10, population size: 1
[110334] WARN AstorCoreEngine - ----------Running generation: 11, population size: 1
[110373] WARN AstorCoreEngine - ----------Running generation: 12, population size: 1
[110416] WARN AstorCoreEngine - ----------Running generation: 13, population size: 1
[110483] WARN AstorCoreEngine - ----------Running generation: 14, population size: 1
[110532] WARN AstorCoreEngine - ----------Running generation: 15, population size: 1
[110555] WARN AstorCoreEngine - ----------Running generation: 16, population size: 1
[110582] WARN AstorCoreEngine - ----------Running generation: 17, population size: 1
[110643] WARN AstorCoreEngine - ----------Running generation: 18, population size: 1
[110703] WARN AstorCoreEngine - ----------Running generation: 19, population size: 1
[110765] WARN AstorCoreEngine - ----------Running generation: 20, population size: 1
[110853] WARN AstorCoreEngine - ----------Running generation: 21, population size: 1
[110893] WARN AstorCoreEngine - ----------Running generation: 22, population size: 1
[110940] WARN AstorCoreEngine - ----------Running generation: 23, population size: 1
[111007] WARN AstorCoreEngine - ----------Running generation: 24, population size: 1
[111061] WARN AstorCoreEngine - ----------Running generation: 25, population size: 1
[111115] WARN AstorCoreEngine - ----------Running generation: 26, population size: 1
[111159] WARN AstorCoreEngine - ----------Running generation: 27, population size: 1
[111223] WARN AstorCoreEngine - ----------Running generation: 28, population size: 1
[111260] WARN AstorCoreEngine - ----------Running generation: 29, population size: 1
[111339] WARN AstorCoreEngine - ----------Running generation: 30, population size: 1
[111424] WARN AstorCoreEngine - ----------Running generation: 31, population size: 1
[111471] WARN AstorCoreEngine - ----------Running generation: 32, population size: 1
[111579] WARN AstorCoreEngine - ----------Running generation: 33, population size: 1
[111624] WARN AstorCoreEngine - ----------Running generation: 34, population size: 1
[111725] WARN AstorCoreEngine - ----------Running generation: 35, population size: 1
[111813] WARN AstorCoreEngine - ----------Running generation: 36, population size: 1
[111898] WARN AstorCoreEngine - ----------Running generation: 37, population size: 1
[111948] WARN AstorCoreEngine - ----------Running generation: 38, population size: 1
[112025] WARN AstorCoreEngine - ----------Running generation: 39, population size: 1
[112115] WARN AstorCoreEngine - ----------Running generation: 40, population size: 1
[112155] WARN AstorCoreEngine - ----------Running generation: 41, population size: 1
[112192] WARN AstorCoreEngine - ----------Running generation: 42, population size: 1
[112230] WARN AstorCoreEngine - ----------Running generation: 43, population size: 1
[112286] WARN AstorCoreEngine - ----------Running generation: 44, population size: 1
[112331] WARN AstorCoreEngine - ----------Running generation: 45, population size: 1
[112411] WARN AstorCoreEngine - ----------Running generation: 46, population size: 1
[112498] WARN AstorCoreEngine - ----------Running generation: 47, population size: 1
[112568] WARN AstorCoreEngine - ----------Running generation: 48, population size: 1
[112601] WARN AstorCoreEngine - ----------Running generation: 49, population size: 1
[112717] WARN AstorCoreEngine - ----------Running generation: 50, population size: 1
[112801] WARN AstorCoreEngine - ----------Running generation: 51, population size: 1
[112818] WARN AstorCoreEngine - ----------Running generation: 52, population size: 1
[112839] WARN AstorCoreEngine - ----------Running generation: 53, population size: 1
[112861] WARN AstorCoreEngine - ----------Running generation: 54, population size: 1
[112882] WARN AstorCoreEngine - ----------Running generation: 55, population size: 1
[112911] WARN AstorCoreEngine - ----------Running generation: 56, population size: 1
[112931] WARN AstorCoreEngine - ----------Running generation: 57, population size: 1
[112951] WARN AstorCoreEngine - ----------Running generation: 58, population size: 1
[112969] WARN AstorCoreEngine - ----------Running generation: 59, population size: 1
[113044] WARN AstorCoreEngine - ----------Running generation: 60, population size: 1
[113065] WARN AstorCoreEngine - ----------Running generation: 61, population size: 1
[113087] WARN AstorCoreEngine - ----------Running generation: 62, population size: 1
[113108] WARN AstorCoreEngine - ----------Running generation: 63, population size: 1
[113177] WARN AstorCoreEngine - ----------Running generation: 64, population size: 1
[113281] WARN AstorCoreEngine - ----------Running generation: 65, population size: 1
[113336] WARN AstorCoreEngine - ----------Running generation: 66, population size: 1
[113373] WARN AstorCoreEngine - ----------Running generation: 67, population size: 1
[113456] WARN AstorCoreEngine - ----------Running generation: 68, population size: 1
[113485] WARN AstorCoreEngine - ----------Running generation: 69, population size: 1
[113519] WARN AstorCoreEngine - ----------Running generation: 70, population size: 1
[113551] WARN AstorCoreEngine - ----------Running generation: 71, population size: 1
[113573] WARN AstorCoreEngine - ----------Running generation: 72, population size: 1
[113591] WARN AstorCoreEngine - ----------Running generation: 73, population size: 1
[113636] WARN AstorCoreEngine - ----------Running generation: 74, population size: 1
[113656] WARN AstorCoreEngine - ----------Running generation: 75, population size: 1
[113676] WARN AstorCoreEngine - ----------Running generation: 76, population size: 1
[113707] WARN AstorCoreEngine - ----------Running generation: 77, population size: 1
[113759] WARN AstorCoreEngine - ----------Running generation: 78, population size: 1
[113808] WARN AstorCoreEngine - ----------Running generation: 79, population size: 1
[113847] WARN AstorCoreEngine - ----------Running generation: 80, population size: 1
[113929] WARN AstorCoreEngine - ----------Running generation: 81, population size: 1
[113993] WARN AstorCoreEngine - ----------Running generation: 82, population size: 1
[114054] WARN AstorCoreEngine - ----------Running generation: 83, population size: 1
[114140] WARN AstorCoreEngine - ----------Running generation: 84, population size: 1
[114164] WARN AstorCoreEngine - ----------Running generation: 85, population size: 1
[114239] WARN AstorCoreEngine - ----------Running generation: 86, population size: 1
[114310] WARN AstorCoreEngine - ----------Running generation: 87, population size: 1
[114375] WARN AstorCoreEngine - ----------Running generation: 88, population size: 1
[114437] WARN AstorCoreEngine - ----------Running generation: 89, population size: 1
[114479] WARN AstorCoreEngine - ----------Running generation: 90, population size: 1
[114510] WARN AstorCoreEngine - ----------Running generation: 91, population size: 1
[114550] WARN AstorCoreEngine - ----------Running generation: 92, population size: 1
[114577] WARN AstorCoreEngine - ----------Running generation: 93, population size: 1
[114644] WARN AstorCoreEngine - ----------Running generation: 94, population size: 1
[114695] WARN AstorCoreEngine - ----------Running generation: 95, population size: 1
[114751] WARN AstorCoreEngine - ----------Running generation: 96, population size: 1
[114797] WARN AstorCoreEngine - ----------Running generation: 97, population size: 1
[114853] WARN AstorCoreEngine - ----------Running generation: 98, population size: 1
[114897] WARN AstorCoreEngine - ----------Running generation: 99, population size: 1
[114982] WARN AstorCoreEngine - ----------Running generation: 100, population size: 1
[115053] ERROR AstorCoreEngine - Stopping main loop at 100 generation
[115055] INFO AstorCoreEngine - Time Repair Loop (s): 10.305
[115056] INFO AstorCoreEngine - generationsexecuted: 100
[115056] WARN AstorCoreEngine - ----SUMMARY_EXECUTION---
[115056] WARN AstorCoreEngine - End Repair Search: NOT Found solution
[115068] WARN AstorCoreEngine - Number suspicious:1
[115068] INFO AstorCoreEngine - Total mod points: 1
[115143] INFO ExpressionTypeIngredientSpace - Storing ing JSON at /workdir/Cardumen_vul4j_spring-projects_spring-framework_VUL4J-71/./output_astor/AstorMain-spring-projects_spring-framework-VUL4J-71//src/ingredients.json
[115144] INFO IngredientStats - Storing ing JSON at /workdir/Cardumen_vul4j_spring-projects_spring-framework_VUL4J-71/./output_astor/AstorMain-spring-projects_spring-framework-VUL4J-71//ingredientSpaceSize.json
[115144] INFO IngredientStats - ingredientSpaceSize:{"allAttempts":1,"space":[{"a":1,"v":1}]}
[115145] INFO IngredientStats - Storing ing JSON at /workdir/Cardumen_vul4j_spring-projects_spring-framework_VUL4J-71/./output_astor/AstorMain-spring-projects_spring-framework-VUL4J-71//combinationsTemplatesingredientSpaceSize.json
[115145] INFO IngredientStats - combinationsTemplatesingredientSpaceSize:{"allAttempts":2,"space":[{"a":1,"v":2}]}
[115153] INFO AstorCoreEngine - 
 --SOLUTIONS DESCRIPTION--


Astor Output:

General stats:
EXECUTION_IDENTIFIER=spring-projects_spring-framework-VUL4J-71
TOTAL_TIME=10.305
NR_GENERATIONS=100
NR_RIGHT_COMPILATIONS=null
NR_FAILLING_COMPILATIONS=null
NR_ERRONEOUS_VARIANCES=null
NR_FAILING_VALIDATION_PROCESS=null
OUTPUT_STATUS=CONVERGED

Patch stats:

[115211] INFO Stats - Storing ing JSON at /workdir/Cardumen_vul4j_spring-projects_spring-framework_VUL4J-71/./output_astor/AstorMain-spring-projects_spring-framework-VUL4J-71//astor_output.json
[115211] INFO Stats - astor_output:
{"general":{"NR_RIGHT_COMPILATIONS":null,"NR_ERRONEOUS_VARIANCES":null,"EXECUTION_IDENTIFIER":"spring-projects_spring-framework-VUL4J-71","OUTPUT_STATUS":"CONVERGED","NR_FAILLING_COMPILATIONS":null,"NR_GENERATIONS":100,"TOTAL_TIME":10.305,"NR_FAILING_VALIDATION_PROCESS":null},"patches":[]}
[115211] INFO AstorMain - Time Total(s): 115.187
108.45user 10.89system 1:57.37elapsed 101%CPU (0avgtext+0avgdata 931852maxresident)k
392inputs+20968outputs (0major+416075minor)pagefaults 0swaps


Node: 9670332cfea8



Date: Fri Sep  9 03:35:49 EDT 2022

