cd /workdir/jKali_vul4j_codehaus-plexus_plexus-utils_VUL4J-42;
export JAVA_TOOL_OPTIONS="-Dfile.encoding=UTF8 -Duser.language=en-US -Duser.country=US -Duser.language=en";
TZ="America/New_York"; export TZ;
export PATH="/usr/lib/jvm/java-8-openjdk-amd64/bin:$PATH";
export JAVA_HOME="/usr/lib/jvm/java-8-openjdk-amd64/bin";
time java -Xmx4g -Xms1g -XX:MaxPermSize=512m -cp /script/../libs/jtestex7.jar:/script/../repair_tools/astor.jar fr.inria.main.evolution.AstorMain \
	-mode jkali \
	-location . \
	-id codehaus-plexus_plexus-utils-VUL4J-42 \
	-failing org.codehaus.plexus.util.cli.CommandlineTest#testGetShellCommandLineBash:org.codehaus.plexus.util.cli.CommandlineTest#testGetShellCommandLineBash_WithWorkingDirectory:org.codehaus.plexus.util.cli.CommandlineTest#testGetShellCommandLineNonWindows:org.codehaus.plexus.util.cli.CommandlineTest#testGetShellCommandLineBash_WithSingleQuotedArg:org.codehaus.plexus.util.cli.CommandlineTest#testPathWithShellExpansionStrings:org.codehaus.plexus.util.cli.shell.BourneShellTest#testQuoteWorkingDirectoryAndExecutable:org.codehaus.plexus.util.cli.shell.BourneShellTest#testQuoteWorkingDirectoryAndExecutable_WDPathWithSingleQuotes:org.codehaus.plexus.util.cli.shell.BourneShellTest#testQuoteWorkingDirectoryAndExecutable_WDPathWithSingleQuotes_BackslashFileSep:org.codehaus.plexus.util.cli.shell.BourneShellTest#testPreserveSingleQuotesOnArgument:org.codehaus.plexus.util.cli.shell.BourneShellTest#testEscapeSingleQuotesOnArgument:org.codehaus.plexus.util.cli.shell.BourneShellTest#testArgumentsWithsemicolon:org.codehaus.plexus.util.cli.shell.BourneShellTest#testBourneShellQuotingCharacters \
	-jvm4testexecution /usr/lib/jvm/jdk1.7.0_80/bin \
	-jvm4evosuitetestexecution /usr/lib/jvm/jdk1.7.0_80/bin \
	-maxgen 1000000 \
	-maxtime 120 \
	-stopfirst true \
	-seed 0 \
	-scope local \
	-population 1 \
	-javacompliancelevel 7 \
	-faultlocalization perfect \
    -perfectdata /script/../data/benchmarks/vul4j/perfectfl/VUL4J-42 \
    -validation externalcmd \
    -testfailingcmd "mvn test -Dtest=org.codehaus.plexus.util.cli.CommandlineTest,org.codehaus.plexus.util.cli.shell.BourneShellTest -Dhttps.protocols=TLSv1.2 -Denforcer.skip=true -Dcheckstyle.skip=true -Dcobertura.skip=true -DskipITs=true -Drat.skip=true -Dlicense.skip=true -Dpmd.skip=true -Dfindbugs.skip=true -Dgpg.skip=true -Dskip.npm=true -Dskip.gulp=true -Dskip.bower=true -Danimal.sniffer.skip=true -V -B" \
    -testallcmd "mvn test -Dhttps.protocols=TLSv1.2 -Denforcer.skip=true -Dcheckstyle.skip=true -Dcobertura.skip=true -DskipITs=true -Drat.skip=true -Dlicense.skip=true -Dpmd.skip=true -Dfindbugs.skip=true -Dgpg.skip=true -Dskip.npm=true -Dskip.gulp=true -Dskip.bower=true -Danimal.sniffer.skip=true -V -B"  \ \
	-srcjavafolder src/main/java \
	-srctestfolder src/test/java \
	-binjavafolder target/classes \
	-bintestfolder target/test-classes \
	-parameters x:x \
	-dependencies /root/.m2/repository/junit/junit/3.8.2/junit-3.8.2.jar;
	echo "\n\nNode: `hostname`\n";
	echo "\n\nDate: `date`\n";
Picked up JAVA_TOOL_OPTIONS: -Dfile.encoding=UTF8 -Duser.language=en-US -Duser.country=US -Duser.language=en
OpenJDK 64-Bit Server VM warning: ignoring option MaxPermSize=512m; support was removed in 8.0
[7] INFO ProjectConfiguration - Version of the JVM used: 1.7.0_80
[8] INFO main - Java version of the JDK used to run tests: 1.7.0_80
[8] INFO main - The compliance of the JVM is:  7
[19] INFO main - command line arguments: [-mode  jkali  -location  .  -id  codehaus-plexus_plexus-utils-VUL4J-42  -failing  org.codehaus.plexus.util.cli.CommandlineTest#testGetShellCommandLineBash:org.codehaus.plexus.util.cli.CommandlineTest#testGetShellCommandLineBash_WithWorkingDirectory:org.codehaus.plexus.util.cli.CommandlineTest#testGetShellCommandLineNonWindows:org.codehaus.plexus.util.cli.CommandlineTest#testGetShellCommandLineBash_WithSingleQuotedArg:org.codehaus.plexus.util.cli.CommandlineTest#testPathWithShellExpansionStrings:org.codehaus.plexus.util.cli.shell.BourneShellTest#testQuoteWorkingDirectoryAndExecutable:org.codehaus.plexus.util.cli.shell.BourneShellTest#testQuoteWorkingDirectoryAndExecutable_WDPathWithSingleQuotes:org.codehaus.plexus.util.cli.shell.BourneShellTest#testQuoteWorkingDirectoryAndExecutable_WDPathWithSingleQuotes_BackslashFileSep:org.codehaus.plexus.util.cli.shell.BourneShellTest#testPreserveSingleQuotesOnArgument:org.codehaus.plexus.util.cli.shell.BourneShellTest#testEscapeSingleQuotesOnArgument:org.codehaus.plexus.util.cli.shell.BourneShellTest#testArgumentsWithsemicolon:org.codehaus.plexus.util.cli.shell.BourneShellTest#testBourneShellQuotingCharacters  -jvm4testexecution  /usr/lib/jvm/jdk1.7.0_80/bin  -jvm4evosuitetestexecution  /usr/lib/jvm/jdk1.7.0_80/bin  -maxgen  1000000  -maxtime  120  -stopfirst  true  -seed  0  -scope  local  -population  1  -javacompliancelevel  7  -faultlocalization  perfect  -perfectdata  /script/../data/benchmarks/vul4j/perfectfl/VUL4J-42  -validation  externalcmd  -testfailingcmd  mvn test -Dtest=org.codehaus.plexus.util.cli.CommandlineTest org.codehaus.plexus.util.cli.shell.BourneShellTest -Dhttps.protocols=TLSv1.2 -Denforcer.skip=true -Dcheckstyle.skip=true -Dcobertura.skip=true -DskipITs=true -Drat.skip=true -Dlicense.skip=true -Dpmd.skip=true -Dfindbugs.skip=true -Dgpg.skip=true -Dskip.npm=true -Dskip.gulp=true -Dskip.bower=true -Danimal.sniffer.skip=true -V -B  -testallcmd  mvn test -Dhttps.protocols=TLSv1.2 -Denforcer.skip=true -Dcheckstyle.skip=true -Dcobertura.skip=true -DskipITs=true -Drat.skip=true -Dlicense.skip=true -Dpmd.skip=true -Dfindbugs.skip=true -Dgpg.skip=true -Dskip.npm=true -Dskip.gulp=true -Dskip.bower=true -Danimal.sniffer.skip=true -V -B     -srcjavafolder  src/main/java  -srctestfolder  src/test/java  -binjavafolder  target/classes  -bintestfolder  target/test-classes  -parameters  x:x  -dependencies  /root/.m2/repository/junit/junit/3.8.2/junit-3.8.2.jar]
[21] INFO AstorMain - Running Astor on a JDK at /usr/lib/jvm/java-8-openjdk-amd64/jre
[28] INFO main - Source folders: [/workdir/jKali_vul4j_codehaus-plexus_plexus-utils_VUL4J-42/./src/main/java]
[29] INFO main - Source Test folders: [/workdir/jKali_vul4j_codehaus-plexus_plexus-utils_VUL4J-42/./src/test/java]
[2400] INFO AstorCoreEngine - ---- Creating spoon model
[2537] INFO MutationSupporter - Creating model,  Code location from working folder: /workdir/jKali_vul4j_codehaus-plexus_plexus-utils_VUL4J-42/./src/main/java
[2537] INFO MutationSupporter - building model: /workdir/jKali_vul4j_codehaus-plexus_plexus-utils_VUL4J-42/./src/main/java, compliance level: 7
[2677] INFO MutationSupporter - Classpath (Dependencies) for building SpoonModel: [/root/.m2/repository/junit/junit/3.8.2/junit-3.8.2.jar]
[16900] INFO AstorCoreEngine - Number of CtTypes created: 83
[17337] INFO AstorCoreEngine - Test retrieved from classes: 0
[17521] INFO AstorCoreEngine - Setting up the max to 1830 milliseconds (1 sec)
[17521] INFO AstorCoreEngine - ---- Initial suspicious size: 17
[19495] INFO main - Total suspicious from FL: 17,  16
[19495] INFO main - Total ModPoint created: 16
[19496] INFO main - Creating program variant #1, [Variant id: 1, #gens: 16, #ops: 0, parent:-]
[19496] INFO main - Run previously failing tests...
[36326] INFO main - Failed tests: 12
[36328] INFO AstorCoreEngine - The original fitness is : 12.0
[36328] WARN ConfigurationProperties - ----------------------------
[36328] INFO ConfigurationProperties - ---Configuration properties
[36328] INFO ConfigurationProperties - p:lastJUnitVersion= ./examples/libs/junit-4.11.jar
[36329] INFO ConfigurationProperties - p:alternativecompliancelevel= 8
[36329] INFO ConfigurationProperties - p:ignoredTestCases= 
[36329] INFO ConfigurationProperties - p:workingDirectory= /workdir/jKali_vul4j_codehaus-plexus_plexus-utils_VUL4J-42/./output_astor
[36329] INFO ConfigurationProperties - p:manipulatesuper= false
[36329] INFO ConfigurationProperties - p:validation= externalcmd
[36329] INFO ConfigurationProperties - p:jvm4testexecution= /usr/lib/jvm/jdk1.7.0_80/bin
[36329] INFO ConfigurationProperties - p:operatorspace= suppression
[36329] INFO ConfigurationProperties - p:diffcontext= 0
[36329] INFO ConfigurationProperties - p:binjavafolder= target/classes
[36329] INFO ConfigurationProperties - p:synthesis_depth= 3
[36329] INFO ConfigurationProperties - p:gzoltartestpackagetoexclude= junit.framework
[36329] INFO ConfigurationProperties - p:skipfitnessinitialpopulation= false
[36329] INFO ConfigurationProperties - p:evosuiteresultfolder= evosuite
[36329] INFO ConfigurationProperties - p:flthreshold= 0.1
[36329] INFO ConfigurationProperties - p:regressionforfaultlocalization= true
[36329] INFO ConfigurationProperties - p:collectonlyusedmethod= false
[36329] INFO ConfigurationProperties - p:preservelinenumbers= true
[36329] INFO ConfigurationProperties - p:tmax2= 1830
[36329] INFO ConfigurationProperties - p:tmax1= 10000
[36330] INFO ConfigurationProperties - p:probagenmutation= false
[36330] INFO ConfigurationProperties - p:nomodificationconvergence= 100
[36330] INFO ConfigurationProperties - p:diff_type= relative
[36331] INFO ConfigurationProperties - p:targetelementprocessor= statements
[36331] INFO ConfigurationProperties - p:srctestfolder= src/test/java
[36331] INFO ConfigurationProperties - p:forceExecuteRegression= false
[36331] INFO ConfigurationProperties - p:clusteringfilename= clustering.csv
[36331] INFO ConfigurationProperties - p:failing= org.codehaus.plexus.util.cli.CommandlineTest#testGetShellCommandLineBash:org.codehaus.plexus.util.cli.CommandlineTest#testGetShellCommandLineBash_WithWorkingDirectory:org.codehaus.plexus.util.cli.CommandlineTest#testGetShellCommandLineNonWindows:org.codehaus.plexus.util.cli.CommandlineTest#testGetShellCommandLineBash_WithSingleQuotedArg:org.codehaus.plexus.util.cli.CommandlineTest#testPathWithShellExpansionStrings:org.codehaus.plexus.util.cli.shell.BourneShellTest#testQuoteWorkingDirectoryAndExecutable:org.codehaus.plexus.util.cli.shell.BourneShellTest#testQuoteWorkingDirectoryAndExecutable_WDPathWithSingleQuotes:org.codehaus.plexus.util.cli.shell.BourneShellTest#testQuoteWorkingDirectoryAndExecutable_WDPathWithSingleQuotes_BackslashFileSep:org.codehaus.plexus.util.cli.shell.BourneShellTest#testPreserveSingleQuotesOnArgument:org.codehaus.plexus.util.cli.shell.BourneShellTest#testEscapeSingleQuotesOnArgument:org.codehaus.plexus.util.cli.shell.BourneShellTest#testArgumentsWithsemicolon:org.codehaus.plexus.util.cli.shell.BourneShellTest#testBourneShellQuotingCharacters
[36331] INFO ConfigurationProperties - p:logtestexecution= false
[36334] INFO ConfigurationProperties - p:evo_buggy_class= true
[36334] INFO ConfigurationProperties - p:numberExecutions= 1
[36334] INFO ConfigurationProperties - p:maxnumbersolutions= 1000000
[36334] INFO ConfigurationProperties - p:evo_affected_by_op= true
[36336] INFO ConfigurationProperties - p:population= 1
[36336] INFO ConfigurationProperties - p:considerzerovaluesusp= false
[36337] INFO ConfigurationProperties - p:maxCombinationVariableLimit= false
[36338] INFO ConfigurationProperties - p:savesolution= true
[36338] INFO ConfigurationProperties - p:javacompliancelevel= 7
[36338] INFO ConfigurationProperties - p:x= x
[36338] INFO ConfigurationProperties - p:uniqueoptogen= false
[36339] INFO ConfigurationProperties - p:gzoltarpackagetonotinstrument= junit.framework
[36342] INFO ConfigurationProperties - p:projectIdentifier= codehaus-plexus_plexus-utils-VUL4J-42
[36348] INFO ConfigurationProperties - p:modificationpointnavigation= weight
[36348] INFO ConfigurationProperties - p:stopfirst= true
[36348] INFO ConfigurationProperties - p:multipointmodification= false
[36348] INFO ConfigurationProperties - p:elementsToMutate= 10
[36348] INFO ConfigurationProperties - p:jsonoutputname= astor_output
[36348] INFO ConfigurationProperties - p:evoDSE= false
[36348] INFO ConfigurationProperties - p:bintestfolder= target/test-classes
[36348] INFO ConfigurationProperties - p:testbystep= false
[36348] INFO ConfigurationProperties - p:version-location= ./math-version/
[36348] INFO ConfigurationProperties - p:reintroduce= PARENTS:ORIGINAL
[36348] INFO ConfigurationProperties - p:perfectdata= /script/../data/benchmarks/vul4j/perfectfl/VUL4J-42
[36348] INFO ConfigurationProperties - p:executorjar= ./lib/jtestex7.jar
[36349] INFO ConfigurationProperties - p:maxGeneration= 1000000
[36349] INFO ConfigurationProperties - p:max_synthesis_step= 10000
[36349] INFO ConfigurationProperties - p:projectinfocommand= com.github.tdurieux:project-config-maven-plugin:info
[36349] INFO ConfigurationProperties - p:maxVarCombination= 1000
[36349] INFO ConfigurationProperties - p:maxtime= 120
[36349] INFO ConfigurationProperties - p:evosuitejar= ./lib/evosuite-master-1.0.4-SNAPSHOT.jar
[36349] INFO ConfigurationProperties - p:jvmversion= 1.7.0_80
[36349] INFO ConfigurationProperties - p:commandTrunk= 50000
[36349] INFO ConfigurationProperties - p:faultlocalization= perfect
[36350] INFO ConfigurationProperties - p:resetmodel= true
[36350] INFO ConfigurationProperties - p:maxsuspcandidates= 1000
[36350] INFO ConfigurationProperties - p:mode= jkali
[36350] INFO ConfigurationProperties - p:learningdir= 
[36350] INFO ConfigurationProperties - p:jvm4evosuitetestexecution= /usr/lib/jvm/jdk1.7.0_80/bin
[36350] INFO ConfigurationProperties - p:filterfaultlocalization= true
[36350] INFO ConfigurationProperties - p:mutationrate= 1 
[36350] INFO ConfigurationProperties - p:pathToMVNRepository= 
[36350] INFO ConfigurationProperties - p:resourcesfolder= /src/main/resources:/src/test/resources:
[36359] INFO ConfigurationProperties - p:timezone= America/Los_Angeles
[36361] INFO ConfigurationProperties - p:runjava7code= false
[36361] INFO ConfigurationProperties - p:testfailingcmd= mvn test -Dtest=org.codehaus.plexus.util.cli.CommandlineTest,org.codehaus.plexus.util.cli.shell.BourneShellTest -Dhttps.protocols=TLSv1.2 -Denforcer.skip=true -Dcheckstyle.skip=true -Dcobertura.skip=true -DskipITs=true -Drat.skip=true -Dlicense.skip=true -Dpmd.skip=true -Dfindbugs.skip=true -Dgpg.skip=true -Dskip.npm=true -Dskip.gulp=true -Dskip.bower=true -Danimal.sniffer.skip=true -V -B
[36361] INFO ConfigurationProperties - p:evoRunOnBuggyClass= true
[36361] INFO ConfigurationProperties - p:compiler= fr.inria.astor.core.manipulation.bytecode.compiler.SpoonClassCompiler
[36361] INFO ConfigurationProperties - p:limitbysuspicious= true
[36361] INFO ConfigurationProperties - p:logsattemps= true
[36361] INFO ConfigurationProperties - p:dependenciespath= /root/.m2/repository/junit/junit/3.8.2/junit-3.8.2.jar
[36361] INFO ConfigurationProperties - p:packageToInstrument= 
[36361] INFO ConfigurationProperties - p:skipfaultlocalization= false
[36361] INFO ConfigurationProperties - p:scope= local
[36361] INFO ConfigurationProperties - p:transformingredient= false
[36361] INFO ConfigurationProperties - p:fitnessfunction= fr.inria.astor.core.solutionsearch.population.TestCaseFitnessFunction
[36361] INFO ConfigurationProperties - p:maxnumvariablesperingredient= 10
[36361] INFO ConfigurationProperties - p:parsesourcefromoriginal= true
[36361] INFO ConfigurationProperties - p:pvariantfoldername= variant-
[36361] INFO ConfigurationProperties - p:savespoonmodelondisk= false
[36361] INFO ConfigurationProperties - p:srcjavafolder= src/main/java
[36361] INFO ConfigurationProperties - p:populationcontroller= fr.inria.astor.core.solutionsearch.population.TestCaseBasedFitnessPopulationController
[36361] INFO ConfigurationProperties - p:ignoreflakyinfl= false
[36362] INFO ConfigurationProperties - p:cleantemplates= true
[36362] INFO ConfigurationProperties - p:applyCrossover= false
[36362] INFO ConfigurationProperties - p:maxmodificationpoints= 1000
[36362] INFO ConfigurationProperties - p:duplicateingredientsinspace= false
[36362] INFO ConfigurationProperties - p:metid= 0
[36362] INFO ConfigurationProperties - p:continuewhenmodelfail= true
[36362] INFO ConfigurationProperties - p:saveall= false
[36362] INFO ConfigurationProperties - p:seed= 0
[36362] INFO ConfigurationProperties - p:savecompletepatched= true
[36362] INFO ConfigurationProperties - p:resetoperations= false
[36362] INFO ConfigurationProperties - p:keepcomments= false
[36362] INFO ConfigurationProperties - p:processoutputinfile= false
[36362] INFO ConfigurationProperties - p:location= .
[36362] INFO ConfigurationProperties - p:probabilistictransformation= true
[36362] INFO ConfigurationProperties - p:overridemaxtime= true
[36362] INFO ConfigurationProperties - p:outputjsonresult= true
[36362] INFO ConfigurationProperties - p:allpoints= false
[36362] INFO ConfigurationProperties - p:antipattern= false
[36363] INFO ConfigurationProperties - p:bugId= 280
[36363] INFO ConfigurationProperties - p:evosuitetimeout= 120
[36363] INFO ConfigurationProperties - p:maxtimefactor= 10
[36363] INFO ConfigurationProperties - p:nrPlaceholders= 1
[36363] INFO ConfigurationProperties - p:testallcmd= mvn test -Dhttps.protocols=TLSv1.2 -Denforcer.skip=true -Dcheckstyle.skip=true -Dcobertura.skip=true -DskipITs=true -Drat.skip=true -Dlicense.skip=true -Dpmd.skip=true -Dfindbugs.skip=true -Dgpg.skip=true -Dskip.npm=true -Dskip.gulp=true -Dskip.bower=true -Danimal.sniffer.skip=true -V -B
[36363] INFO ConfigurationProperties - p:forcesubprocesskilling= false
[36363] INFO ConfigurationProperties - ----------------------------
[36391] INFO AstorCoreEngine - mod_point MP=org.codehaus.plexus.util.cli.Commandline line: 256, pointed element: CtAssignmentImpl
[36398] INFO AstorCoreEngine - -->op: OP_INSTANCE:
RemoveOp:(spoon.support.reflect.code.CtAssignmentImpl) `realPos = (getExecutable() == null) ? 0 : 1 ` -topatch--> `-` (null) 
[40193] INFO main - Run previously failing tests...
[58004] INFO main - Failed tests: 12
[58010] INFO AstorCoreEngine - mod_point MP=org.codehaus.plexus.util.cli.Commandline line: 486, pointed element: CtLocalVariableImpl
[58029] INFO AstorCoreEngine - -->op: OP_INSTANCE:
RemoveOp:(spoon.support.reflect.code.CtLocalVariableImpl) `java.lang.String executable = getExecutable() ` -topatch--> `-` (null) 
[59759] INFO main - Run previously failing tests...
[79515] INFO main - Failed tests: 12
[79517] INFO AstorCoreEngine - mod_point MP=org.codehaus.plexus.util.cli.Commandline line: 636, pointed element: CtAssignmentImpl
[79529] INFO AstorCoreEngine - -->op: OP_INSTANCE:
RemoveOp:(spoon.support.reflect.code.CtAssignmentImpl) `process = java.lang.Runtime.getRuntime().exec(getShellCommandline(), environment) ` -topatch--> `-` (null) 
[80454] INFO AstorCoreEngine - mod_point MP=org.codehaus.plexus.util.cli.Commandline line: 651, pointed element: CtAssignmentImpl
[80455] INFO AstorCoreEngine - -->op: OP_INSTANCE:
RemoveOp:(spoon.support.reflect.code.CtAssignmentImpl) `process = java.lang.Runtime.getRuntime().exec(getShellCommandline(), environment, workingDir) ` -topatch--> `-` (null) 
[81390] INFO AstorCoreEngine - mod_point MP=org.codehaus.plexus.util.cli.Commandline line: 672, pointed element: CtIfImpl
[81392] INFO AstorCoreEngine - -->op: OP_INSTANCE:
ReplaceIfBooleanOp:(spoon.support.reflect.code.CtIfImpl) `if (shell.getExecutable() == null)  { 	shell.setExecutable(executable); } ` -topatch--> `if (true)  { 	shell.setExecutable(executable); }` (spoon.support.reflect.code.CtIfImpl) 
[82467] INFO main - Run previously failing tests...
[102750] INFO main - Failed tests: 12
[102753] INFO AstorCoreEngine - mod_point MP=org.codehaus.plexus.util.cli.Commandline line: 672, pointed element: CtIfImpl
[102758] INFO AstorCoreEngine - -->op: OP_INSTANCE:
ReplaceIfBooleanOp:(spoon.support.reflect.code.CtIfImpl) `if (shell.getExecutable() == null)  { 	shell.setExecutable(executable); } ` -topatch--> `if (false)  { 	shell.setExecutable(executable); }` (spoon.support.reflect.code.CtIfImpl) 
[103789] INFO main - Run previously failing tests...
[124052] INFO main - Failed tests: 12
[124055] INFO AstorCoreEngine - mod_point MP=org.codehaus.plexus.util.cli.Commandline line: 672, pointed element: CtIfImpl
[124064] INFO AstorCoreEngine - -->op: OP_INSTANCE:
RemoveOp:(spoon.support.reflect.code.CtIfImpl) `if (shell.getExecutable() == null)  { 	shell.setExecutable(executable); } ` -topatch--> `-` (null) 
[125246] INFO main - Run previously failing tests...
[144631] INFO main - Failed tests: 12
[144641] INFO AstorCoreEngine - mod_point MP=org.codehaus.plexus.util.cli.shell.BourneShell line: 57, pointed element: CtInvocationImpl
[144646] INFO AstorCoreEngine - -->op: OP_INSTANCE:
RemoveOp:(spoon.support.reflect.code.CtInvocationImpl) `setShellCommand("/bin/sh") ` -topatch--> `-` (null) 
[145417] INFO main - Run previously failing tests...
[162678] INFO main - Failed tests: 19
[162689] INFO AstorCoreEngine - mod_point MP=org.codehaus.plexus.util.cli.shell.BourneShell line: 59, pointed element: CtInvocationImpl
[162697] INFO AstorCoreEngine - -->op: OP_INSTANCE:
RemoveOp:(spoon.support.reflect.code.CtInvocationImpl) `setExecutableQuoteDelimiter('\"') ` -topatch--> `-` (null) 
[163417] INFO main - Run previously failing tests...
[183347] INFO main - Failed tests: 12
[183364] INFO AstorCoreEngine - mod_point MP=org.codehaus.plexus.util.cli.shell.BourneShell line: 129, pointed element: CtInvocationImpl
[183383] INFO AstorCoreEngine - -->op: OP_INSTANCE:
RemoveOp:(spoon.support.reflect.code.CtInvocationImpl) `sb.append(org.codehaus.plexus.util.cli.shell.BourneShell.unifyQuotes(dir)) ` -topatch--> `-` (null) 
[184147] INFO main - Run previously failing tests...
[205205] INFO main - Failed tests: 13
[205213] INFO AstorCoreEngine - mod_point MP=org.codehaus.plexus.util.cli.shell.BourneShell line: 164, pointed element: CtIfImpl
[205225] INFO AstorCoreEngine - -->op: OP_INSTANCE:
ReplaceIfBooleanOp:(spoon.support.reflect.code.CtIfImpl) `if (((path.indexOf(" ") == (-1)) && (path.indexOf("'") != (-1))) && (path.indexOf("\"") == (-1)))  {[...] ` -topatch--> `if (true)  { 	return org.codehaus.plexus.util.StringUtils.escape(path); }` (spoon.support.reflect.code.CtIfImpl) 
[206414] INFO main - Run previously failing tests...
[225034] INFO main - Failed tests: 15
[225047] INFO AstorCoreEngine - mod_point MP=org.codehaus.plexus.util.cli.shell.BourneShell line: 164, pointed element: CtIfImpl
[225079] INFO AstorCoreEngine - -->op: OP_INSTANCE:
ReplaceIfBooleanOp:(spoon.support.reflect.code.CtIfImpl) `if (((path.indexOf(" ") == (-1)) && (path.indexOf("'") != (-1))) && (path.indexOf("\"") == (-1)))  {[...] ` -topatch--> `if (false)  { 	return org.codehaus.plexus.util.StringUtils.escape(path); }` (spoon.support.reflect.code.CtIfImpl) 
[225956] INFO main - Run previously failing tests...
[245274] INFO main - Failed tests: 14
[245277] INFO AstorCoreEngine - mod_point MP=org.codehaus.plexus.util.cli.shell.BourneShell line: 164, pointed element: CtIfImpl
[245281] INFO AstorCoreEngine - -->op: OP_INSTANCE:
RemoveOp:(spoon.support.reflect.code.CtIfImpl) `if (((path.indexOf(" ") == (-1)) && (path.indexOf("'") != (-1))) && (path.indexOf("\"") == (-1)))  {[...] ` -topatch--> `-` (null) 
[246318] INFO main - Run previously failing tests...
[270018] INFO main - Failed tests: 14
[270031] INFO AstorCoreEngine - mod_point MP=org.codehaus.plexus.util.cli.shell.Shell line: 149, pointed element: CtInvocationImpl
[270038] INFO AstorCoreEngine - -->op: OP_INSTANCE:
RemoveOp:(spoon.support.reflect.code.CtInvocationImpl) `sb.append(org.codehaus.plexus.util.StringUtils.quoteAndEscape(getExecutable(), getExecutableQuoteDel[...] ` -topatch--> `-` (null) 
[270567] INFO AstorCoreEngine - mod_point MP=org.codehaus.plexus.util.cli.shell.Shell line: 167, pointed element: CtInvocationImpl
[270580] INFO AstorCoreEngine - -->op: OP_INSTANCE:
RemoveOp:(spoon.support.reflect.code.CtInvocationImpl) `sb.append(org.codehaus.plexus.util.StringUtils.quoteAndEscape(arguments[i], getArgumentQuoteDelimite[...] ` -topatch--> `-` (null) 
[270980] INFO AstorCoreEngine - mod_point MP=org.codehaus.plexus.util.cli.shell.Shell line: 281, pointed element: CtInvocationImpl
[270981] INFO AstorCoreEngine - -->op: OP_INSTANCE:
RemoveOp:(spoon.support.reflect.code.CtInvocationImpl) `commandLine.addAll(getCommandLine(getExecutable(), arguments)) ` -topatch--> `-` (null) 
[271742] INFO main - Run previously failing tests...
[295695] INFO main - Failed tests: 26
[295721] INFO AstorCoreEngine - Time Repair Loop (s): 259.356
[295723] INFO AstorCoreEngine - generationsexecuted: 1
[295725] WARN AstorCoreEngine - ----SUMMARY_EXECUTION---
[295725] WARN AstorCoreEngine - End Repair Search: NOT Found solution
[295726] WARN AstorCoreEngine - Number suspicious:1
[295762] INFO AstorCoreEngine - 
 --SOLUTIONS DESCRIPTION--


Astor Output:

General stats:
EXECUTION_IDENTIFIER=codehaus-plexus_plexus-utils-VUL4J-42
TOTAL_TIME=259.356
NR_GENERATIONS=null
NR_RIGHT_COMPILATIONS=12
NR_FAILLING_COMPILATIONS=4
NR_ERRONEOUS_VARIANCES=null
NR_FAILING_VALIDATION_PROCESS=null
OUTPUT_STATUS=EXHAUSTIVE_NAVIGATED

Patch stats:

[295821] INFO Stats - Storing ing JSON at /workdir/jKali_vul4j_codehaus-plexus_plexus-utils_VUL4J-42/./output_astor/AstorMain-codehaus-plexus_plexus-utils-VUL4J-42//astor_output.json
[295821] INFO Stats - astor_output:
{"general":{"NR_RIGHT_COMPILATIONS":12,"NR_ERRONEOUS_VARIANCES":null,"EXECUTION_IDENTIFIER":"codehaus-plexus_plexus-utils-VUL4J-42","OUTPUT_STATUS":"EXHAUSTIVE_NAVIGATED","NR_FAILLING_COMPILATIONS":4,"NR_GENERATIONS":null,"TOTAL_TIME":259.356,"NR_FAILING_VALIDATION_PROCESS":null},"patches":[]}
[295821] INFO AstorMain - Time Total(s): 295.798
188.89user 42.98system 4:58.12elapsed 77%CPU (0avgtext+0avgdata 554656maxresident)k
232inputs+13080outputs (2major+1409217minor)pagefaults 0swaps


Node: 9670332cfea8



Date: Thu Sep  8 22:14:33 EDT 2022

