cd /workdir/GenProg_vul4j_apache_commons-io_VUL4J-14;
export JAVA_TOOL_OPTIONS="-Dfile.encoding=UTF8 -Duser.language=en-US -Duser.country=US -Duser.language=en";
TZ="America/New_York"; export TZ;
export PATH="/usr/lib/jvm/jdk1.7.0_80/bin:$PATH";
export JAVA_HOME="/usr/lib/jvm/jdk1.7.0_80";
timeout 240m java -Xmx4g -Xms1g -XX:MaxPermSize=512m -cp /script/../libs/jmetal.jar:/script/../repair_tools/arja.jar us.msu.cse.repair.Main \
	GenProg \
	-DexternalProjRoot /script/../libs/arja_external \
	-DprojectDir /workdir/GenProg_vul4j_apache_commons-io_VUL4J-14 \
    -DtestFiltered false \
    -DrunTestCommand "mvn test -Dhttps.protocols=TLSv1.2 -Denforcer.skip=true -Dcheckstyle.skip=true -Dcobertura.skip=true -DskipITs=true -Drat.skip=true -Dlicense.skip=true -Dpmd.skip=true -Dfindbugs.skip=true -Dgpg.skip=true -Dskip.npm=true -Dskip.gulp=true -Dskip.bower=true -Danimal.sniffer.skip=true -V -B" \
	-DsrcJavaDir /workdir/GenProg_vul4j_apache_commons-io_VUL4J-14/src/main/java \
	-DbinJavaDir /workdir/GenProg_vul4j_apache_commons-io_VUL4J-14/target/classes \
	-DbinTestDir /workdir/GenProg_vul4j_apache_commons-io_VUL4J-14/target/test-classes \
	-DdiffFormat true \
	-Dseed 0 \
	-DgzoltarDataDir /script/../data/benchmarks/vul4j/perfectfl/VUL4J-14 \
	-Ddependences /root/.m2/repository/junit/junit/4.12/junit-4.12.jar:/root/.m2/repository/org/hamcrest/hamcrest-core/1.3/hamcrest-core-1.3.jar;
	echo "\n\nNode: `hostname`\n";
	echo "\n\nDate: `date`\n";
Picked up JAVA_TOOL_OPTIONS: -Dfile.encoding=UTF8 -Duser.language=en-US -Duser.country=US -Duser.language=en
Fault localization starts...
Number of positive tests: 1329
Number of negative tests: 2
Negative tests: [org.apache.commons.io.FilenameUtilsTestCase#testGetPrefixLength, org.apache.commons.io.FilenameUtilsTestCase#testNormalize]
Faulty Lines: 
org.apache.commons.io.FilenameUtils#679:1.0
Fault localization is finished!
AST parsing starts...
AST parsing is finished!
Detection of local variables starts...
Detection of local variables is finished!
Detection of fields starts...
Detection of fields is finished!
Detection of methods starts...
Detection of methods is finished!
Ingredient screener starts...
Ingredient screener is finished!
Initialization of manipulations starts...
Initialization of manipulations is finished!
Filtering of the tests starts...
Number of positive tests considered: 1329
Filtering of the tests is finished!
One fitness evaluation starts...
Compilation fails!
One fitness evaluation is finished...
One fitness evaluation starts...
Compilation fails!
One fitness evaluation is finished...
One fitness evaluation starts...
Compilation fails!
One fitness evaluation is finished...
One fitness evaluation starts...
Compilation fails!
One fitness evaluation is finished...
One fitness evaluation starts...
Compilation fails!
One fitness evaluation is finished...
One fitness evaluation starts...
Compilation fails!
One fitness evaluation is finished...
One fitness evaluation starts...
Compilation fails!
One fitness evaluation is finished...
One fitness evaluation starts...
Compilation fails!
One fitness evaluation is finished...
One fitness evaluation starts...
Compilation fails!
One fitness evaluation is finished...
One fitness evaluation starts...
Compilation fails!
One fitness evaluation is finished...
One fitness evaluation starts...
Compilation fails!
One fitness evaluation is finished...
One fitness evaluation starts...
Compilation fails!
One fitness evaluation is finished...
One fitness evaluation starts...
----------------------------------
Patch Candidate:
@@ -676,7 +676,8 @@ public static int getPrefixLength(final String fileName) {
}
posUnix = posUnix == NOT_FOUND ? posWin : posUnix;
posWin = posWin == NOT_FOUND ? posUnix : posWin;
-            return Math.min(posUnix, posWin) + 1;
+            final int prefix = getPrefixLength(fileName);
+			return Math.min(posUnix, posWin) + 1;
} else {
return isSeparator(ch0) ? 1 : 0;
}
Number of failed tests: 8
Fitness: 10.0
One fitness evaluation is finished...
One fitness evaluation starts...
Compilation fails!
One fitness evaluation is finished...
One fitness evaluation starts...
Compilation fails!
One fitness evaluation is finished...
One fitness evaluation starts...
Compilation fails!
One fitness evaluation is finished...
One fitness evaluation starts...
Compilation fails!
One fitness evaluation is finished...
One fitness evaluation starts...
Compilation fails!
One fitness evaluation is finished...
One fitness evaluation starts...
Compilation fails!
One fitness evaluation is finished...
One fitness evaluation starts...
Compilation fails!
One fitness evaluation is finished...
One fitness evaluation starts...
Compilation fails!
One fitness evaluation is finished...
One fitness evaluation starts...
Compilation fails!
One fitness evaluation is finished...
One fitness evaluation starts...
----------------------------------
Patch Candidate:
@@ -676,7 +676,8 @@ public static int getPrefixLength(final String fileName) {
}
posUnix = posUnix == NOT_FOUND ? posWin : posUnix;
posWin = posWin == NOT_FOUND ? posUnix : posWin;
-            return Math.min(posUnix, posWin) + 1;
+            final StringBuilder buffer = new StringBuilder(74);
+			return Math.min(posUnix, posWin) + 1;
} else {
return isSeparator(ch0) ? 1 : 0;
}
Number of failed tests: 2
Fitness: 4.0
One fitness evaluation is finished...
One fitness evaluation starts...
Compilation fails!
One fitness evaluation is finished...
One fitness evaluation starts...
----------------------------------
Patch Candidate:
@@ -676,7 +676,8 @@ public static int getPrefixLength(final String fileName) {
}
posUnix = posUnix == NOT_FOUND ? posWin : posUnix;
posWin = posWin == NOT_FOUND ? posUnix : posWin;
-            return Math.min(posUnix, posWin) + 1;
+            final Collection<File> files = new java.util.LinkedList<>();
+			return Math.min(posUnix, posWin) + 1;
} else {
return isSeparator(ch0) ? 1 : 0;
}
Number of failed tests: 2
Fitness: 4.0
One fitness evaluation is finished...
One fitness evaluation starts...
Compilation fails!
One fitness evaluation is finished...
One fitness evaluation starts...
Compilation fails!
One fitness evaluation is finished...
One fitness evaluation starts...
----------------------------------
Patch Candidate:
@@ -676,7 +676,8 @@ public static int getPrefixLength(final String fileName) {
}
posUnix = posUnix == NOT_FOUND ? posWin : posUnix;
posWin = posWin == NOT_FOUND ? posUnix : posWin;
-            return Math.min(posUnix, posWin) + 1;
+            int bytesStart = 0;
+			return Math.min(posUnix, posWin) + 1;
} else {
return isSeparator(ch0) ? 1 : 0;
}
Number of failed tests: 2
Fitness: 4.0
One fitness evaluation is finished...
One fitness evaluation starts...
Compilation fails!
One fitness evaluation is finished...
One fitness evaluation starts...
Compilation fails!
One fitness evaluation is finished...
One fitness evaluation starts...
Compilation fails!
One fitness evaluation is finished...
One fitness evaluation starts...
Compilation fails!
One fitness evaluation is finished...
One fitness evaluation starts...
Compilation fails!
One fitness evaluation is finished...
One fitness evaluation starts...
Compilation fails!
One fitness evaluation is finished...
One fitness evaluation starts...
Compilation fails!
One fitness evaluation is finished...
One fitness evaluation starts...
Compilation fails!
One fitness evaluation is finished...
One fitness evaluation starts...
----------------------------------
Patch Candidate:
java.io.IOException: Stream closed
	at java.io.BufferedInputStream.getBufIfOpen(BufferedInputStream.java:162)
	at java.io.BufferedInputStream.read(BufferedInputStream.java:325)
	at sun.nio.cs.StreamDecoder.readBytes(StreamDecoder.java:283)
	at sun.nio.cs.StreamDecoder.implRead(StreamDecoder.java:325)
	at sun.nio.cs.StreamDecoder.read(StreamDecoder.java:177)
	at java.io.InputStreamReader.read(InputStreamReader.java:184)
	at java.io.BufferedReader.fill(BufferedReader.java:154)
	at java.io.BufferedReader.readLine(BufferedReader.java:317)
	at java.io.BufferedReader.readLine(BufferedReader.java:382)
	at us.msu.cse.repair.core.util.StreamReaderThread.run(StreamReaderThread.java:36)
java.lang.IllegalStateException: Exception Occurred
	at us.msu.cse.repair.core.testexecutors.RExternalTestExecutor.runShell(RExternalTestExecutor.java:108)
	at us.msu.cse.repair.core.testexecutors.RExternalTestExecutor.runTests(RExternalTestExecutor.java:44)
	at us.msu.cse.repair.ec.problems.GenProgProblem.invokeTestExecutor(GenProgProblem.java:144)
	at us.msu.cse.repair.ec.problems.GenProgProblem.evaluate(GenProgProblem.java:99)
	at us.msu.cse.repair.ec.algorithms.GenProgGA.initPopulation(GenProgGA.java:107)
	at us.msu.cse.repair.ec.algorithms.GenProgGA.execute(GenProgGA.java:49)
	at us.msu.cse.repair.core.AbstractRepairAlgorithm.execute(AbstractRepairAlgorithm.java:18)
	at us.msu.cse.repair.GenProgMain.main(GenProgMain.java:65)
	at us.msu.cse.repair.Main.main(Main.java:10)
java.lang.NullPointerException
	at us.msu.cse.repair.core.testexecutors.RExternalTestExecutor.runTests(RExternalTestExecutor.java:85)
	at us.msu.cse.repair.ec.problems.GenProgProblem.invokeTestExecutor(GenProgProblem.java:144)
	at us.msu.cse.repair.ec.problems.GenProgProblem.evaluate(GenProgProblem.java:99)
	at us.msu.cse.repair.ec.algorithms.GenProgGA.initPopulation(GenProgGA.java:107)
	at us.msu.cse.repair.ec.algorithms.GenProgGA.execute(GenProgGA.java:49)
	at us.msu.cse.repair.core.AbstractRepairAlgorithm.execute(AbstractRepairAlgorithm.java:18)
	at us.msu.cse.repair.GenProgMain.main(GenProgMain.java:65)
	at us.msu.cse.repair.Main.main(Main.java:10)
One fitness evaluation is finished...
One fitness evaluation starts...
Compilation fails!
One fitness evaluation is finished...
One fitness evaluation starts...
Compilation fails!
One fitness evaluation is finished...
One fitness evaluation starts...
Compilation fails!
One fitness evaluation is finished...
One fitness evaluation starts...
----------------------------------
Patch Candidate:
@@ -676,7 +676,8 @@ public static int getPrefixLength(final String fileName) {
}
posUnix = posUnix == NOT_FOUND ? posWin : posUnix;
posWin = posWin == NOT_FOUND ? posUnix : posWin;
-            return Math.min(posUnix, posWin) + 1;
+            int bytesStart = 0;
+			return Math.min(posUnix, posWin) + 1;
} else {
return isSeparator(ch0) ? 1 : 0;
}
Number of failed tests: 2
Fitness: 4.0
One fitness evaluation is finished...
One fitness evaluation starts...
Compilation fails!
One fitness evaluation is finished...
One fitness evaluation starts...
----------------------------------
Patch Candidate:
@@ -676,7 +676,8 @@ public static int getPrefixLength(final String fileName) {
}
posUnix = posUnix == NOT_FOUND ? posWin : posUnix;
posWin = posWin == NOT_FOUND ? posUnix : posWin;
-            return Math.min(posUnix, posWin) + 1;
+            throw new UnsupportedOperationException(
+					"Remove unsupported on LineIterator");
} else {
return isSeparator(ch0) ? 1 : 0;
}
Number of failed tests: 8
Fitness: 10.0
One fitness evaluation is finished...
One fitness evaluation starts...
----------------------------------
Patch Candidate:
@@ -676,7 +676,8 @@ public static int getPrefixLength(final String fileName) {
}
posUnix = posUnix == NOT_FOUND ? posWin : posUnix;
posWin = posWin == NOT_FOUND ? posUnix : posWin;
-            return Math.min(posUnix, posWin) + 1;
+            int bytesStart = 0;
+			return Math.min(posUnix, posWin) + 1;
} else {
return isSeparator(ch0) ? 1 : 0;
}
Number of failed tests: 2
Fitness: 4.0
One fitness evaluation is finished...
One fitness evaluation starts...
----------------------------------
Patch Candidate:
@@ -676,7 +676,8 @@ public static int getPrefixLength(final String fileName) {
}
posUnix = posUnix == NOT_FOUND ? posWin : posUnix;
posWin = posWin == NOT_FOUND ? posUnix : posWin;
-            return Math.min(posUnix, posWin) + 1;
+            int bytesStart = 0;
+			return Math.min(posUnix, posWin) + 1;
} else {
return isSeparator(ch0) ? 1 : 0;
}
Number of failed tests: 2
Fitness: 4.0
One fitness evaluation is finished...
One fitness evaluation starts...
Compilation fails!
One fitness evaluation is finished...
One fitness evaluation starts...
----------------------------------
Patch Candidate:
@@ -676,7 +676,8 @@ public static int getPrefixLength(final String fileName) {
}
posUnix = posUnix == NOT_FOUND ? posWin : posUnix;
posWin = posWin == NOT_FOUND ? posUnix : posWin;
-            return Math.min(posUnix, posWin) + 1;
+            throw new UnsupportedOperationException(
+					"Remove unsupported on LineIterator");
} else {
return isSeparator(ch0) ? 1 : 0;
}
Number of failed tests: 8
Fitness: 10.0
One fitness evaluation is finished...
One fitness evaluation starts...
----------------------------------
Patch Candidate:
@@ -676,7 +676,8 @@ public static int getPrefixLength(final String fileName) {
}
posUnix = posUnix == NOT_FOUND ? posWin : posUnix;
posWin = posWin == NOT_FOUND ? posUnix : posWin;
-            return Math.min(posUnix, posWin) + 1;
+            int bytesStart = 0;
+			return Math.min(posUnix, posWin) + 1;
} else {
return isSeparator(ch0) ? 1 : 0;
}
Number of failed tests: 2
Fitness: 4.0
One fitness evaluation is finished...
One fitness evaluation starts...
----------------------------------
Patch Candidate:
@@ -676,7 +676,8 @@ public static int getPrefixLength(final String fileName) {
}
posUnix = posUnix == NOT_FOUND ? posWin : posUnix;
posWin = posWin == NOT_FOUND ? posUnix : posWin;
-            return Math.min(posUnix, posWin) + 1;
+            int bytesStart = 0;
+			return Math.min(posUnix, posWin) + 1;
} else {
return isSeparator(ch0) ? 1 : 0;
}
Number of failed tests: 2
Fitness: 4.0
One fitness evaluation is finished...
One fitness evaluation starts...
Compilation fails!
One fitness evaluation is finished...
One fitness evaluation starts...
----------------------------------
Patch Candidate:
@@ -676,7 +676,8 @@ public static int getPrefixLength(final String fileName) {
}
posUnix = posUnix == NOT_FOUND ? posWin : posUnix;
posWin = posWin == NOT_FOUND ? posUnix : posWin;
-            return Math.min(posUnix, posWin) + 1;
+            int bytesStart = 0;
+			return Math.min(posUnix, posWin) + 1;
} else {
return isSeparator(ch0) ? 1 : 0;
}
Number of failed tests: 2
Fitness: 4.0
One fitness evaluation is finished...
One fitness evaluation starts...
Compilation fails!
One fitness evaluation is finished...
One fitness evaluation starts...
Compilation fails!
One fitness evaluation is finished...
One fitness evaluation starts...
----------------------------------
Patch Candidate:
@@ -676,7 +676,8 @@ public static int getPrefixLength(final String fileName) {
}
posUnix = posUnix == NOT_FOUND ? posWin : posUnix;
posWin = posWin == NOT_FOUND ? posUnix : posWin;
-            return Math.min(posUnix, posWin) + 1;
+            final Collection<File> files = new java.util.LinkedList<>();
+			return Math.min(posUnix, posWin) + 1;
} else {
return isSeparator(ch0) ? 1 : 0;
}
Number of failed tests: 2
Fitness: 4.0
One fitness evaluation is finished...
One fitness evaluation starts...
----------------------------------
Patch Candidate:
@@ -676,7 +676,8 @@ public static int getPrefixLength(final String fileName) {
}
posUnix = posUnix == NOT_FOUND ? posWin : posUnix;
posWin = posWin == NOT_FOUND ? posUnix : posWin;
-            return Math.min(posUnix, posWin) + 1;
+            final Collection<File> files = new java.util.LinkedList<>();
+			return Math.min(posUnix, posWin) + 1;
} else {
return isSeparator(ch0) ? 1 : 0;
}
Number of failed tests: 2
Fitness: 4.0
One fitness evaluation is finished...
One fitness evaluation starts...
----------------------------------
Patch Candidate:
@@ -676,7 +676,8 @@ public static int getPrefixLength(final String fileName) {
}
posUnix = posUnix == NOT_FOUND ? posWin : posUnix;
posWin = posWin == NOT_FOUND ? posUnix : posWin;
-            return Math.min(posUnix, posWin) + 1;
+            int bytesStart = 0;
+			return Math.min(posUnix, posWin) + 1;
} else {
return isSeparator(ch0) ? 1 : 0;
}
Number of failed tests: 2
Fitness: 4.0
One fitness evaluation is finished...
One fitness evaluation starts...
Compilation fails!
One fitness evaluation is finished...
One fitness evaluation starts...
----------------------------------
Patch Candidate:
@@ -676,7 +676,8 @@ public static int getPrefixLength(final String fileName) {
}
posUnix = posUnix == NOT_FOUND ? posWin : posUnix;
posWin = posWin == NOT_FOUND ? posUnix : posWin;
-            return Math.min(posUnix, posWin) + 1;
+            final StringBuilder buffer = new StringBuilder(74);
+			return Math.min(posUnix, posWin) + 1;
} else {
return isSeparator(ch0) ? 1 : 0;
}
Number of failed tests: 2
Fitness: 4.0
One fitness evaluation is finished...
One fitness evaluation starts...
----------------------------------
Patch Candidate:
@@ -676,7 +676,8 @@ public static int getPrefixLength(final String fileName) {
}
posUnix = posUnix == NOT_FOUND ? posWin : posUnix;
posWin = posWin == NOT_FOUND ? posUnix : posWin;
-            return Math.min(posUnix, posWin) + 1;
+            final StringBuilder buffer = new StringBuilder(74);
+			return Math.min(posUnix, posWin) + 1;
} else {
return isSeparator(ch0) ? 1 : 0;
}
Number of failed tests: 2
Fitness: 4.0
One fitness evaluation is finished...
One fitness evaluation starts...
----------------------------------
Patch Candidate:
@@ -676,7 +676,8 @@ public static int getPrefixLength(final String fileName) {
}
posUnix = posUnix == NOT_FOUND ? posWin : posUnix;
posWin = posWin == NOT_FOUND ? posUnix : posWin;
-            return Math.min(posUnix, posWin) + 1;
+            int bytesStart = 0;
+			return Math.min(posUnix, posWin) + 1;
} else {
return isSeparator(ch0) ? 1 : 0;
}
Number of failed tests: 2
Fitness: 4.0
One fitness evaluation is finished...
One fitness evaluation starts...
Compilation fails!
One fitness evaluation is finished...
One fitness evaluation starts...
Compilation fails!
One fitness evaluation is finished...
One fitness evaluation starts...
Compilation fails!
One fitness evaluation is finished...
One fitness evaluation starts...
----------------------------------
Patch Candidate:
@@ -676,7 +676,8 @@ public static int getPrefixLength(final String fileName) {
}
posUnix = posUnix == NOT_FOUND ? posWin : posUnix;
posWin = posWin == NOT_FOUND ? posUnix : posWin;
-            return Math.min(posUnix, posWin) + 1;
+            throw new UnsupportedOperationException(
+					"Remove unsupported on LineIterator");
} else {
return isSeparator(ch0) ? 1 : 0;
}
Number of failed tests: 8
Fitness: 10.0
One fitness evaluation is finished...
One fitness evaluation starts...
----------------------------------
Patch Candidate:
@@ -676,7 +676,8 @@ public static int getPrefixLength(final String fileName) {
}
posUnix = posUnix == NOT_FOUND ? posWin : posUnix;
posWin = posWin == NOT_FOUND ? posUnix : posWin;
-            return Math.min(posUnix, posWin) + 1;
+            final StringBuilder buffer = new StringBuilder(74);
+			return Math.min(posUnix, posWin) + 1;
} else {
return isSeparator(ch0) ? 1 : 0;
}
Number of failed tests: 2
Fitness: 4.0
One fitness evaluation is finished...
One fitness evaluation starts...
----------------------------------
Patch Candidate:
@@ -676,7 +676,8 @@ public static int getPrefixLength(final String fileName) {
}
posUnix = posUnix == NOT_FOUND ? posWin : posUnix;
posWin = posWin == NOT_FOUND ? posUnix : posWin;
-            return Math.min(posUnix, posWin) + 1;
+            final StringBuilder buffer = new StringBuilder(74);
+			return Math.min(posUnix, posWin) + 1;
} else {
return isSeparator(ch0) ? 1 : 0;
}
Number of failed tests: 2
Fitness: 4.0
One fitness evaluation is finished...
One fitness evaluation starts...
----------------------------------
Patch Candidate:
@@ -676,7 +676,8 @@ public static int getPrefixLength(final String fileName) {
}
posUnix = posUnix == NOT_FOUND ? posWin : posUnix;
posWin = posWin == NOT_FOUND ? posUnix : posWin;
-            return Math.min(posUnix, posWin) + 1;
+            final StringBuilder buffer = new StringBuilder(74);
+			return Math.min(posUnix, posWin) + 1;
} else {
return isSeparator(ch0) ? 1 : 0;
}
Number of failed tests: 2
Fitness: 4.0
One fitness evaluation is finished...
One fitness evaluation starts...
----------------------------------
Patch Candidate:
@@ -676,7 +676,8 @@ public static int getPrefixLength(final String fileName) {
}
posUnix = posUnix == NOT_FOUND ? posWin : posUnix;
posWin = posWin == NOT_FOUND ? posUnix : posWin;
-            return Math.min(posUnix, posWin) + 1;
+            final StringBuilder buffer = new StringBuilder(74);
+			return Math.min(posUnix, posWin) + 1;
} else {
return isSeparator(ch0) ? 1 : 0;
}
Number of failed tests: 2
Fitness: 4.0
One fitness evaluation is finished...
One fitness evaluation starts...
Compilation fails!
One fitness evaluation is finished...
One fitness evaluation starts...
Compilation fails!
One fitness evaluation is finished...
One fitness evaluation starts...
----------------------------------
Patch Candidate:
@@ -676,7 +676,8 @@ public static int getPrefixLength(final String fileName) {
}
posUnix = posUnix == NOT_FOUND ? posWin : posUnix;
posWin = posWin == NOT_FOUND ? posUnix : posWin;
-            return Math.min(posUnix, posWin) + 1;
+            throw new UnsupportedOperationException(
+					"Remove unsupported on LineIterator");
} else {
return isSeparator(ch0) ? 1 : 0;
}
Number of failed tests: 8
Fitness: 10.0
One fitness evaluation is finished...
One fitness evaluation starts...
Compilation fails!
One fitness evaluation is finished...
One fitness evaluation starts...
Compilation fails!
One fitness evaluation is finished...
One fitness evaluation starts...
Compilation fails!
One fitness evaluation is finished...
One fitness evaluation starts...
----------------------------------
Patch Candidate:
@@ -676,7 +676,8 @@ public static int getPrefixLength(final String fileName) {
}
posUnix = posUnix == NOT_FOUND ? posWin : posUnix;
posWin = posWin == NOT_FOUND ? posUnix : posWin;
-            return Math.min(posUnix, posWin) + 1;
+            throw new UnsupportedOperationException(
+					"Remove unsupported on LineIterator");
} else {
return isSeparator(ch0) ? 1 : 0;
}
Number of failed tests: 8
Fitness: 10.0
One fitness evaluation is finished...
One fitness evaluation starts...
----------------------------------
Patch Candidate:
@@ -676,7 +676,8 @@ public static int getPrefixLength(final String fileName) {
}
posUnix = posUnix == NOT_FOUND ? posWin : posUnix;
posWin = posWin == NOT_FOUND ? posUnix : posWin;
-            return Math.min(posUnix, posWin) + 1;
+            throw new UnsupportedOperationException(
+					"Remove unsupported on LineIterator");
} else {
return isSeparator(ch0) ? 1 : 0;
}
Number of failed tests: 8
Fitness: 10.0
One fitness evaluation is finished...
One fitness evaluation starts...
Compilation fails!
One fitness evaluation is finished...
One fitness evaluation starts...
Compilation fails!
One fitness evaluation is finished...
One fitness evaluation starts...
----------------------------------
Patch Candidate:
@@ -676,7 +676,8 @@ public static int getPrefixLength(final String fileName) {
}
posUnix = posUnix == NOT_FOUND ? posWin : posUnix;
posWin = posWin == NOT_FOUND ? posUnix : posWin;
-            return Math.min(posUnix, posWin) + 1;
+            throw new UnsupportedOperationException(
+					"Remove unsupported on LineIterator");
} else {
return isSeparator(ch0) ? 1 : 0;
}
Number of failed tests: 8
Fitness: 10.0
One fitness evaluation is finished...
One fitness evaluation starts...
----------------------------------
Patch Candidate:
@@ -676,7 +676,8 @@ public static int getPrefixLength(final String fileName) {
}
posUnix = posUnix == NOT_FOUND ? posWin : posUnix;
posWin = posWin == NOT_FOUND ? posUnix : posWin;
-            return Math.min(posUnix, posWin) + 1;
+            throw new UnsupportedOperationException(
+					"Remove unsupported on LineIterator");
} else {
return isSeparator(ch0) ? 1 : 0;
}
Number of failed tests: 8
Fitness: 10.0
One fitness evaluation is finished...
One fitness evaluation starts...
----------------------------------
Patch Candidate:
java.io.IOException: Stream closed
	at java.io.BufferedInputStream.getBufIfOpen(BufferedInputStream.java:162)
	at java.io.BufferedInputStream.read(BufferedInputStream.java:325)
	at sun.nio.cs.StreamDecoder.readBytes(StreamDecoder.java:283)
	at sun.nio.cs.StreamDecoder.implRead(StreamDecoder.java:325)
	at sun.nio.cs.StreamDecoder.read(StreamDecoder.java:177)
	at java.io.InputStreamReader.read(InputStreamReader.java:184)
	at java.io.BufferedReader.fill(BufferedReader.java:154)
	at java.io.BufferedReader.readLine(BufferedReader.java:317)
	at java.io.BufferedReader.readLine(BufferedReader.java:382)
	at us.msu.cse.repair.core.util.StreamReaderThread.run(StreamReaderThread.java:36)
java.lang.IllegalStateException: Exception Occurred
	at us.msu.cse.repair.core.testexecutors.RExternalTestExecutor.runShell(RExternalTestExecutor.java:108)
	at us.msu.cse.repair.core.testexecutors.RExternalTestExecutor.runTests(RExternalTestExecutor.java:44)
	at us.msu.cse.repair.ec.problems.GenProgProblem.invokeTestExecutor(GenProgProblem.java:144)
	at us.msu.cse.repair.ec.problems.GenProgProblem.evaluate(GenProgProblem.java:99)
	at us.msu.cse.repair.ec.algorithms.GenProgGA.execute(GenProgGA.java:76)
	at us.msu.cse.repair.core.AbstractRepairAlgorithm.execute(AbstractRepairAlgorithm.java:18)
	at us.msu.cse.repair.GenProgMain.main(GenProgMain.java:65)
	at us.msu.cse.repair.Main.main(Main.java:10)
java.lang.NullPointerException
	at us.msu.cse.repair.core.testexecutors.RExternalTestExecutor.runTests(RExternalTestExecutor.java:85)
	at us.msu.cse.repair.ec.problems.GenProgProblem.invokeTestExecutor(GenProgProblem.java:144)
	at us.msu.cse.repair.ec.problems.GenProgProblem.evaluate(GenProgProblem.java:99)
	at us.msu.cse.repair.ec.algorithms.GenProgGA.execute(GenProgGA.java:76)
	at us.msu.cse.repair.core.AbstractRepairAlgorithm.execute(AbstractRepairAlgorithm.java:18)
	at us.msu.cse.repair.GenProgMain.main(GenProgMain.java:65)
	at us.msu.cse.repair.Main.main(Main.java:10)
One fitness evaluation is finished...
One fitness evaluation starts...
----------------------------------
Patch Candidate:
@@ -676,7 +676,8 @@ public static int getPrefixLength(final String fileName) {
}
posUnix = posUnix == NOT_FOUND ? posWin : posUnix;
posWin = posWin == NOT_FOUND ? posUnix : posWin;
-            return Math.min(posUnix, posWin) + 1;
+            final StringBuilder buffer = new StringBuilder(74);
+			return Math.min(posUnix, posWin) + 1;
} else {
return isSeparator(ch0) ? 1 : 0;
}
Number of failed tests: 2
Fitness: 4.0
One fitness evaluation is finished...
One fitness evaluation starts...
----------------------------------
Patch Candidate:
@@ -676,7 +676,8 @@ public static int getPrefixLength(final String fileName) {
}
posUnix = posUnix == NOT_FOUND ? posWin : posUnix;
posWin = posWin == NOT_FOUND ? posUnix : posWin;
-            return Math.min(posUnix, posWin) + 1;
+            final StringBuilder buffer = new StringBuilder(74);
+			return Math.min(posUnix, posWin) + 1;
} else {
return isSeparator(ch0) ? 1 : 0;
}
Number of failed tests: 2
Fitness: 4.0
One fitness evaluation is finished...
One fitness evaluation starts...
----------------------------------
Patch Candidate:
@@ -676,7 +676,8 @@ public static int getPrefixLength(final String fileName) {
}
posUnix = posUnix == NOT_FOUND ? posWin : posUnix;
posWin = posWin == NOT_FOUND ? posUnix : posWin;
-            return Math.min(posUnix, posWin) + 1;
+            int bytesStart = 0;
+			return Math.min(posUnix, posWin) + 1;
} else {
return isSeparator(ch0) ? 1 : 0;
}
Number of failed tests: 2
Fitness: 4.0
One fitness evaluation is finished...
One fitness evaluation starts...
----------------------------------
Patch Candidate:
@@ -676,7 +676,8 @@ public static int getPrefixLength(final String fileName) {
}
posUnix = posUnix == NOT_FOUND ? posWin : posUnix;
posWin = posWin == NOT_FOUND ? posUnix : posWin;
-            return Math.min(posUnix, posWin) + 1;
+            final StringBuilder buffer = new StringBuilder(74);
+			return Math.min(posUnix, posWin) + 1;
} else {
return isSeparator(ch0) ? 1 : 0;
}
Number of failed tests: 2
Fitness: 4.0
One fitness evaluation is finished...
One fitness evaluation starts...
----------------------------------
Patch Candidate:
@@ -676,7 +676,8 @@ public static int getPrefixLength(final String fileName) {
}
posUnix = posUnix == NOT_FOUND ? posWin : posUnix;
posWin = posWin == NOT_FOUND ? posUnix : posWin;
-            return Math.min(posUnix, posWin) + 1;
+            final StringBuilder buffer = new StringBuilder(74);
+			return Math.min(posUnix, posWin) + 1;
} else {
return isSeparator(ch0) ? 1 : 0;
}
Number of failed tests: 2
Fitness: 4.0
One fitness evaluation is finished...
One fitness evaluation starts...
----------------------------------
Patch Candidate:
@@ -676,7 +676,8 @@ public static int getPrefixLength(final String fileName) {
}
posUnix = posUnix == NOT_FOUND ? posWin : posUnix;
posWin = posWin == NOT_FOUND ? posUnix : posWin;
-            return Math.min(posUnix, posWin) + 1;
+            final StringBuilder buffer = new StringBuilder(74);
+			return Math.min(posUnix, posWin) + 1;
} else {
return isSeparator(ch0) ? 1 : 0;
}
Number of failed tests: 2
Fitness: 4.0
One fitness evaluation is finished...
One fitness evaluation starts...
----------------------------------
Patch Candidate:
@@ -676,7 +676,8 @@ public static int getPrefixLength(final String fileName) {
}
posUnix = posUnix == NOT_FOUND ? posWin : posUnix;
posWin = posWin == NOT_FOUND ? posUnix : posWin;
-            return Math.min(posUnix, posWin) + 1;
+            final StringBuilder buffer = new StringBuilder(74);
+			return Math.min(posUnix, posWin) + 1;
} else {
return isSeparator(ch0) ? 1 : 0;
}
Number of failed tests: 2
Fitness: 4.0
One fitness evaluation is finished...
One fitness evaluation starts...
----------------------------------
Patch Candidate:
@@ -676,7 +676,8 @@ public static int getPrefixLength(final String fileName) {
}
posUnix = posUnix == NOT_FOUND ? posWin : posUnix;
posWin = posWin == NOT_FOUND ? posUnix : posWin;
-            return Math.min(posUnix, posWin) + 1;
+            final StringBuilder buffer = new StringBuilder(74);
+			return Math.min(posUnix, posWin) + 1;
} else {
return isSeparator(ch0) ? 1 : 0;
}
Number of failed tests: 2
Fitness: 4.0
One fitness evaluation is finished...
One fitness evaluation starts...
----------------------------------
Patch Candidate:
@@ -676,7 +676,8 @@ public static int getPrefixLength(final String fileName) {
}
posUnix = posUnix == NOT_FOUND ? posWin : posUnix;
posWin = posWin == NOT_FOUND ? posUnix : posWin;
-            return Math.min(posUnix, posWin) + 1;
+            final StringBuilder buffer = new StringBuilder(74);
+			return Math.min(posUnix, posWin) + 1;
} else {
return isSeparator(ch0) ? 1 : 0;
}
Number of failed tests: 2
Fitness: 4.0
One fitness evaluation is finished...
One fitness evaluation starts...
----------------------------------
Patch Candidate:
@@ -676,7 +676,8 @@ public static int getPrefixLength(final String fileName) {
}
posUnix = posUnix == NOT_FOUND ? posWin : posUnix;
posWin = posWin == NOT_FOUND ? posUnix : posWin;
-            return Math.min(posUnix, posWin) + 1;
+            final StringBuilder buffer = new StringBuilder(74);
+			return Math.min(posUnix, posWin) + 1;
} else {
return isSeparator(ch0) ? 1 : 0;
}
Number of failed tests: 2
Fitness: 4.0
One fitness evaluation is finished...
One fitness evaluation starts...
----------------------------------
Patch Candidate:
@@ -676,7 +676,8 @@ public static int getPrefixLength(final String fileName) {
}
posUnix = posUnix == NOT_FOUND ? posWin : posUnix;
posWin = posWin == NOT_FOUND ? posUnix : posWin;
-            return Math.min(posUnix, posWin) + 1;
+            final StringBuilder buffer = new StringBuilder(74);
+			return Math.min(posUnix, posWin) + 1;
} else {
return isSeparator(ch0) ? 1 : 0;
}
Number of failed tests: 2
Fitness: 4.0
One fitness evaluation is finished...
One fitness evaluation starts...
----------------------------------
Patch Candidate:
@@ -676,7 +676,8 @@ public static int getPrefixLength(final String fileName) {
}
posUnix = posUnix == NOT_FOUND ? posWin : posUnix;
posWin = posWin == NOT_FOUND ? posUnix : posWin;
-            return Math.min(posUnix, posWin) + 1;
+            int bytesStart = 0;
+			return Math.min(posUnix, posWin) + 1;
} else {
return isSeparator(ch0) ? 1 : 0;
}
Number of failed tests: 2
Fitness: 4.0
One fitness evaluation is finished...
One fitness evaluation starts...
----------------------------------
Patch Candidate:
@@ -676,7 +676,8 @@ public static int getPrefixLength(final String fileName) {
}
posUnix = posUnix == NOT_FOUND ? posWin : posUnix;
posWin = posWin == NOT_FOUND ? posUnix : posWin;
-            return Math.min(posUnix, posWin) + 1;
+            final Collection<File> files = new java.util.LinkedList<>();
+			return Math.min(posUnix, posWin) + 1;
} else {
return isSeparator(ch0) ? 1 : 0;
}
Number of failed tests: 2
Fitness: 4.0
One fitness evaluation is finished...
One fitness evaluation starts...
----------------------------------
Patch Candidate:
@@ -676,7 +676,8 @@ public static int getPrefixLength(final String fileName) {
}
posUnix = posUnix == NOT_FOUND ? posWin : posUnix;
posWin = posWin == NOT_FOUND ? posUnix : posWin;
-            return Math.min(posUnix, posWin) + 1;
+            final Collection<File> files = new java.util.LinkedList<>();
+			return Math.min(posUnix, posWin) + 1;
} else {
return isSeparator(ch0) ? 1 : 0;
}
Number of failed tests: 2
Fitness: 4.0
One fitness evaluation is finished...
One fitness evaluation starts...
----------------------------------
Patch Candidate:
@@ -676,7 +676,8 @@ public static int getPrefixLength(final String fileName) {
}
posUnix = posUnix == NOT_FOUND ? posWin : posUnix;
posWin = posWin == NOT_FOUND ? posUnix : posWin;
-            return Math.min(posUnix, posWin) + 1;
+            int bytesStart = 0;
+			return Math.min(posUnix, posWin) + 1;
} else {
return isSeparator(ch0) ? 1 : 0;
}
Number of failed tests: 2
Fitness: 4.0
One fitness evaluation is finished...
One fitness evaluation starts...
----------------------------------
Patch Candidate:
@@ -676,7 +676,8 @@ public static int getPrefixLength(final String fileName) {
}
posUnix = posUnix == NOT_FOUND ? posWin : posUnix;
posWin = posWin == NOT_FOUND ? posUnix : posWin;
-            return Math.min(posUnix, posWin) + 1;
+            throw new UnsupportedOperationException(
+					"Remove unsupported on LineIterator");
} else {
return isSeparator(ch0) ? 1 : 0;
}
Number of failed tests: 8
Fitness: 10.0
One fitness evaluation is finished...
One fitness evaluation starts...
----------------------------------
Patch Candidate:
@@ -676,7 +676,8 @@ public static int getPrefixLength(final String fileName) {
}
posUnix = posUnix == NOT_FOUND ? posWin : posUnix;
posWin = posWin == NOT_FOUND ? posUnix : posWin;
-            return Math.min(posUnix, posWin) + 1;
+            final StringBuilder buffer = new StringBuilder(74);
+			return Math.min(posUnix, posWin) + 1;
} else {
return isSeparator(ch0) ? 1 : 0;
}
Number of failed tests: 2
Fitness: 4.0
One fitness evaluation is finished...
One fitness evaluation starts...
----------------------------------
Patch Candidate:
@@ -676,7 +676,8 @@ public static int getPrefixLength(final String fileName) {
}
posUnix = posUnix == NOT_FOUND ? posWin : posUnix;
posWin = posWin == NOT_FOUND ? posUnix : posWin;
-            return Math.min(posUnix, posWin) + 1;
+            final StringBuilder buffer = new StringBuilder(74);
+			return Math.min(posUnix, posWin) + 1;
} else {
return isSeparator(ch0) ? 1 : 0;
}
Number of failed tests: 2
Fitness: 4.0
One fitness evaluation is finished...
One fitness evaluation starts...
----------------------------------
Patch Candidate:
@@ -676,7 +676,8 @@ public static int getPrefixLength(final String fileName) {
}
posUnix = posUnix == NOT_FOUND ? posWin : posUnix;
posWin = posWin == NOT_FOUND ? posUnix : posWin;
-            return Math.min(posUnix, posWin) + 1;
+            throw new UnsupportedOperationException(
+					"Remove unsupported on LineIterator");
} else {
return isSeparator(ch0) ? 1 : 0;
}
Number of failed tests: 8
Fitness: 10.0
One fitness evaluation is finished...
One fitness evaluation starts...
----------------------------------
Patch Candidate:
@@ -676,7 +676,8 @@ public static int getPrefixLength(final String fileName) {
}
posUnix = posUnix == NOT_FOUND ? posWin : posUnix;
posWin = posWin == NOT_FOUND ? posUnix : posWin;
-            return Math.min(posUnix, posWin) + 1;
+            final StringBuilder buffer = new StringBuilder(74);
+			return Math.min(posUnix, posWin) + 1;
} else {
return isSeparator(ch0) ? 1 : 0;
}
Number of failed tests: 2
Fitness: 4.0
One fitness evaluation is finished...
One fitness evaluation starts...
Compilation fails!
One fitness evaluation is finished...
One fitness evaluation starts...
----------------------------------
Patch Candidate:
@@ -676,7 +676,8 @@ public static int getPrefixLength(final String fileName) {
}
posUnix = posUnix == NOT_FOUND ? posWin : posUnix;
posWin = posWin == NOT_FOUND ? posUnix : posWin;
-            return Math.min(posUnix, posWin) + 1;
+            int bytesStart = 0;
+			return Math.min(posUnix, posWin) + 1;
} else {
return isSeparator(ch0) ? 1 : 0;
}
Number of failed tests: 2
Fitness: 4.0
One fitness evaluation is finished...
One fitness evaluation starts...
----------------------------------
Patch Candidate:
@@ -676,7 +676,8 @@ public static int getPrefixLength(final String fileName) {
}
posUnix = posUnix == NOT_FOUND ? posWin : posUnix;
posWin = posWin == NOT_FOUND ? posUnix : posWin;
-            return Math.min(posUnix, posWin) + 1;
+            final StringBuilder buffer = new StringBuilder(74);
+			return Math.min(posUnix, posWin) + 1;
} else {
return isSeparator(ch0) ? 1 : 0;
}
Number of failed tests: 2
Fitness: 4.0
One fitness evaluation is finished...
One fitness evaluation starts...
----------------------------------
Patch Candidate:
@@ -676,7 +676,8 @@ public static int getPrefixLength(final String fileName) {
}
posUnix = posUnix == NOT_FOUND ? posWin : posUnix;
posWin = posWin == NOT_FOUND ? posUnix : posWin;
-            return Math.min(posUnix, posWin) + 1;
+            int bytesStart = 0;
+			return Math.min(posUnix, posWin) + 1;
} else {
return isSeparator(ch0) ? 1 : 0;
}
Number of failed tests: 2
Fitness: 4.0
One fitness evaluation is finished...
One fitness evaluation starts...
----------------------------------
Patch Candidate:
@@ -676,7 +676,8 @@ public static int getPrefixLength(final String fileName) {
}
posUnix = posUnix == NOT_FOUND ? posWin : posUnix;
posWin = posWin == NOT_FOUND ? posUnix : posWin;
-            return Math.min(posUnix, posWin) + 1;
+            final Collection<File> files = new java.util.LinkedList<>();
+			return Math.min(posUnix, posWin) + 1;
} else {
return isSeparator(ch0) ? 1 : 0;
}
Number of failed tests: 2
Fitness: 4.0
One fitness evaluation is finished...
One fitness evaluation starts...
----------------------------------
Patch Candidate:
@@ -676,7 +676,8 @@ public static int getPrefixLength(final String fileName) {
}
posUnix = posUnix == NOT_FOUND ? posWin : posUnix;
posWin = posWin == NOT_FOUND ? posUnix : posWin;
-            return Math.min(posUnix, posWin) + 1;
+            final Collection<File> files = new java.util.LinkedList<>();
+			return Math.min(posUnix, posWin) + 1;
} else {
return isSeparator(ch0) ? 1 : 0;
}
Number of failed tests: 2
Fitness: 4.0
One fitness evaluation is finished...
One fitness evaluation starts...
----------------------------------
Patch Candidate:
@@ -676,7 +676,8 @@ public static int getPrefixLength(final String fileName) {
}
posUnix = posUnix == NOT_FOUND ? posWin : posUnix;
posWin = posWin == NOT_FOUND ? posUnix : posWin;
-            return Math.min(posUnix, posWin) + 1;
+            int bytesStart = 0;
+			return Math.min(posUnix, posWin) + 1;
} else {
return isSeparator(ch0) ? 1 : 0;
}
Number of failed tests: 2
Fitness: 4.0
One fitness evaluation is finished...
One fitness evaluation starts...
----------------------------------
Patch Candidate:
@@ -676,7 +676,8 @@ public static int getPrefixLength(final String fileName) {
}
posUnix = posUnix == NOT_FOUND ? posWin : posUnix;
posWin = posWin == NOT_FOUND ? posUnix : posWin;
-            return Math.min(posUnix, posWin) + 1;
+            final StringBuilder buffer = new StringBuilder(74);
+			return Math.min(posUnix, posWin) + 1;
} else {
return isSeparator(ch0) ? 1 : 0;
}
Number of failed tests: 2
Fitness: 4.0
One fitness evaluation is finished...
One fitness evaluation starts...
----------------------------------
Patch Candidate:
@@ -676,7 +676,8 @@ public static int getPrefixLength(final String fileName) {
}
posUnix = posUnix == NOT_FOUND ? posWin : posUnix;
posWin = posWin == NOT_FOUND ? posUnix : posWin;
-            return Math.min(posUnix, posWin) + 1;
+            int bytesStart = 0;
+			return Math.min(posUnix, posWin) + 1;
} else {
return isSeparator(ch0) ? 1 : 0;
}
Number of failed tests: 2
Fitness: 4.0
One fitness evaluation is finished...
One fitness evaluation starts...
----------------------------------
Patch Candidate:
@@ -676,7 +676,8 @@ public static int getPrefixLength(final String fileName) {
}
posUnix = posUnix == NOT_FOUND ? posWin : posUnix;
posWin = posWin == NOT_FOUND ? posUnix : posWin;
-            return Math.min(posUnix, posWin) + 1;
+            int bytesStart = 0;
+			return Math.min(posUnix, posWin) + 1;
} else {
return isSeparator(ch0) ? 1 : 0;
}
Number of failed tests: 2
Fitness: 4.0
One fitness evaluation is finished...
One fitness evaluation starts...
----------------------------------
Patch Candidate:
@@ -676,7 +676,8 @@ public static int getPrefixLength(final String fileName) {
}
posUnix = posUnix == NOT_FOUND ? posWin : posUnix;
posWin = posWin == NOT_FOUND ? posUnix : posWin;
-            return Math.min(posUnix, posWin) + 1;
+            final StringBuilder buffer = new StringBuilder(74);
+			return Math.min(posUnix, posWin) + 1;
} else {
return isSeparator(ch0) ? 1 : 0;
}
Number of failed tests: 2
Fitness: 4.0
One fitness evaluation is finished...
One fitness evaluation starts...
----------------------------------
Patch Candidate:
java.io.IOException: Stream closed
	at java.io.BufferedInputStream.getBufIfOpen(BufferedInputStream.java:162)
	at java.io.BufferedInputStream.read(BufferedInputStream.java:325)
	at sun.nio.cs.StreamDecoder.readBytes(StreamDecoder.java:283)
	at sun.nio.cs.StreamDecoder.implRead(StreamDecoder.java:325)
	at sun.nio.cs.StreamDecoder.read(StreamDecoder.java:177)
	at java.io.InputStreamReader.read(InputStreamReader.java:184)
	at java.io.BufferedReader.fill(BufferedReader.java:154)
	at java.io.BufferedReader.readLine(BufferedReader.java:317)
	at java.io.BufferedReader.readLine(BufferedReader.java:382)
	at us.msu.cse.repair.core.util.StreamReaderThread.run(StreamReaderThread.java:36)
java.lang.IllegalStateException: Exception Occurred
	at us.msu.cse.repair.core.testexecutors.RExternalTestExecutor.runShell(RExternalTestExecutor.java:108)
	at us.msu.cse.repair.core.testexecutors.RExternalTestExecutor.runTests(RExternalTestExecutor.java:44)
	at us.msu.cse.repair.ec.problems.GenProgProblem.invokeTestExecutor(GenProgProblem.java:144)
	at us.msu.cse.repair.ec.problems.GenProgProblem.evaluate(GenProgProblem.java:99)
	at us.msu.cse.repair.ec.algorithms.GenProgGA.execute(GenProgGA.java:76)
	at us.msu.cse.repair.core.AbstractRepairAlgorithm.execute(AbstractRepairAlgorithm.java:18)
	at us.msu.cse.repair.GenProgMain.main(GenProgMain.java:65)
	at us.msu.cse.repair.Main.main(Main.java:10)
java.lang.NullPointerException
One fitness evaluation is finished...
One fitness evaluation starts...
----------------------------------
Patch Candidate:
@@ -676,7 +676,8 @@ public static int getPrefixLength(final String fileName) {
}
posUnix = posUnix == NOT_FOUND ? posWin : posUnix;
posWin = posWin == NOT_FOUND ? posUnix : posWin;
-            return Math.min(posUnix, posWin) + 1;
+            final StringBuilder buffer = new StringBuilder(74);
+			return Math.min(posUnix, posWin) + 1;
} else {
return isSeparator(ch0) ? 1 : 0;
}
Number of failed tests: 2
Fitness: 4.0
One fitness evaluation is finished...
One fitness evaluation starts...
----------------------------------
Patch Candidate:
@@ -676,7 +676,8 @@ public static int getPrefixLength(final String fileName) {
}
posUnix = posUnix == NOT_FOUND ? posWin : posUnix;
posWin = posWin == NOT_FOUND ? posUnix : posWin;
-            return Math.min(posUnix, posWin) + 1;
+            final StringBuilder buffer = new StringBuilder(74);
+			return Math.min(posUnix, posWin) + 1;
} else {
return isSeparator(ch0) ? 1 : 0;
}
Number of failed tests: 2
Fitness: 4.0
One fitness evaluation is finished...
One fitness evaluation starts...
----------------------------------
Patch Candidate:
java.io.IOException: Stream closed
	at java.io.BufferedInputStream.getBufIfOpen(BufferedInputStream.java:162)
	at java.io.BufferedInputStream.read(BufferedInputStream.java:325)
	at sun.nio.cs.StreamDecoder.readBytes(StreamDecoder.java:283)
	at sun.nio.cs.StreamDecoder.implRead(StreamDecoder.java:325)
	at sun.nio.cs.StreamDecoder.read(StreamDecoder.java:177)
	at java.io.InputStreamReader.read(InputStreamReader.java:184)
	at java.io.BufferedReader.fill(BufferedReader.java:154)
	at java.io.BufferedReader.readLine(BufferedReader.java:317)
	at java.io.BufferedReader.readLine(BufferedReader.java:382)
	at us.msu.cse.repair.core.util.StreamReaderThread.run(StreamReaderThread.java:36)
java.lang.IllegalStateException: Exception Occurred
	at us.msu.cse.repair.core.testexecutors.RExternalTestExecutor.runShell(RExternalTestExecutor.java:108)
	at us.msu.cse.repair.core.testexecutors.RExternalTestExecutor.runTests(RExternalTestExecutor.java:44)
	at us.msu.cse.repair.ec.problems.GenProgProblem.invokeTestExecutor(GenProgProblem.java:144)
	at us.msu.cse.repair.ec.problems.GenProgProblem.evaluate(GenProgProblem.java:99)
	at us.msu.cse.repair.ec.algorithms.GenProgGA.execute(GenProgGA.java:76)
	at us.msu.cse.repair.core.AbstractRepairAlgorithm.execute(AbstractRepairAlgorithm.java:18)
	at us.msu.cse.repair.GenProgMain.main(GenProgMain.java:65)
	at us.msu.cse.repair.Main.main(Main.java:10)
java.lang.NullPointerException
One fitness evaluation is finished...
One fitness evaluation starts...
----------------------------------
Patch Candidate:
@@ -676,7 +676,8 @@ public static int getPrefixLength(final String fileName) {
}
posUnix = posUnix == NOT_FOUND ? posWin : posUnix;
posWin = posWin == NOT_FOUND ? posUnix : posWin;
-            return Math.min(posUnix, posWin) + 1;
+            final StringBuilder buffer = new StringBuilder(74);
+			return Math.min(posUnix, posWin) + 1;
} else {
return isSeparator(ch0) ? 1 : 0;
}
Number of failed tests: 2
Fitness: 4.0
One fitness evaluation is finished...
One fitness evaluation starts...
Compilation fails!
One fitness evaluation is finished...
One fitness evaluation starts...
----------------------------------
Patch Candidate:
@@ -676,7 +676,8 @@ public static int getPrefixLength(final String fileName) {
}
posUnix = posUnix == NOT_FOUND ? posWin : posUnix;
posWin = posWin == NOT_FOUND ? posUnix : posWin;
-            return Math.min(posUnix, posWin) + 1;
+            final StringBuilder buffer = new StringBuilder(74);
+			return Math.min(posUnix, posWin) + 1;
} else {
return isSeparator(ch0) ? 1 : 0;
}
Number of failed tests: 2
Fitness: 4.0
One fitness evaluation is finished...
One fitness evaluation starts...
----------------------------------
Patch Candidate:
@@ -676,7 +676,8 @@ public static int getPrefixLength(final String fileName) {
}
posUnix = posUnix == NOT_FOUND ? posWin : posUnix;
posWin = posWin == NOT_FOUND ? posUnix : posWin;
-            return Math.min(posUnix, posWin) + 1;
+            final StringBuilder buffer = new StringBuilder(74);
+			return Math.min(posUnix, posWin) + 1;
} else {
return isSeparator(ch0) ? 1 : 0;
}
Number of failed tests: 2
Fitness: 4.0
One fitness evaluation is finished...
One fitness evaluation starts...
----------------------------------
Patch Candidate:
@@ -676,7 +676,8 @@ public static int getPrefixLength(final String fileName) {
}
posUnix = posUnix == NOT_FOUND ? posWin : posUnix;
posWin = posWin == NOT_FOUND ? posUnix : posWin;
-            return Math.min(posUnix, posWin) + 1;
+            int bytesStart = 0;
+			return Math.min(posUnix, posWin) + 1;
} else {
return isSeparator(ch0) ? 1 : 0;
}
Number of failed tests: 2
Fitness: 4.0
One fitness evaluation is finished...
One fitness evaluation starts...
----------------------------------
Patch Candidate:
@@ -676,7 +676,8 @@ public static int getPrefixLength(final String fileName) {
}
posUnix = posUnix == NOT_FOUND ? posWin : posUnix;
posWin = posWin == NOT_FOUND ? posUnix : posWin;
-            return Math.min(posUnix, posWin) + 1;
+            final StringBuilder buffer = new StringBuilder(74);
+			return Math.min(posUnix, posWin) + 1;
} else {
return isSeparator(ch0) ? 1 : 0;
}
Number of failed tests: 2
Fitness: 4.0
One fitness evaluation is finished...
One fitness evaluation starts...
----------------------------------
Patch Candidate:
@@ -676,7 +676,8 @@ public static int getPrefixLength(final String fileName) {
}
posUnix = posUnix == NOT_FOUND ? posWin : posUnix;
posWin = posWin == NOT_FOUND ? posUnix : posWin;
-            return Math.min(posUnix, posWin) + 1;
+            final StringBuilder buffer = new StringBuilder(74);
+			return Math.min(posUnix, posWin) + 1;
} else {
return isSeparator(ch0) ? 1 : 0;
}
Number of failed tests: 2
Fitness: 4.0
One fitness evaluation is finished...
One fitness evaluation starts...
----------------------------------
Patch Candidate:
@@ -676,7 +676,8 @@ public static int getPrefixLength(final String fileName) {
}
posUnix = posUnix == NOT_FOUND ? posWin : posUnix;
posWin = posWin == NOT_FOUND ? posUnix : posWin;
-            return Math.min(posUnix, posWin) + 1;
+            int bytesStart = 0;
+			return Math.min(posUnix, posWin) + 1;
} else {
return isSeparator(ch0) ? 1 : 0;
}
Number of failed tests: 2
Fitness: 4.0
One fitness evaluation is finished...
One fitness evaluation starts...
----------------------------------
Patch Candidate:
@@ -676,7 +676,8 @@ public static int getPrefixLength(final String fileName) {
}
posUnix = posUnix == NOT_FOUND ? posWin : posUnix;
posWin = posWin == NOT_FOUND ? posUnix : posWin;
-            return Math.min(posUnix, posWin) + 1;
+            int bytesStart = 0;
+			return Math.min(posUnix, posWin) + 1;
} else {
return isSeparator(ch0) ? 1 : 0;
}
Number of failed tests: 2
Fitness: 4.0
One fitness evaluation is finished...
One fitness evaluation starts...
Compilation fails!
One fitness evaluation is finished...
One fitness evaluation starts...
----------------------------------
Patch Candidate:
@@ -676,7 +676,8 @@ public static int getPrefixLength(final String fileName) {
}
posUnix = posUnix == NOT_FOUND ? posWin : posUnix;
posWin = posWin == NOT_FOUND ? posUnix : posWin;
-            return Math.min(posUnix, posWin) + 1;
+            final Collection<File> files = new java.util.LinkedList<>();
+			return Math.min(posUnix, posWin) + 1;
} else {
return isSeparator(ch0) ? 1 : 0;
}
Number of failed tests: 2
Fitness: 4.0
One fitness evaluation is finished...
One fitness evaluation starts...
----------------------------------
Patch Candidate:
@@ -676,7 +676,8 @@ public static int getPrefixLength(final String fileName) {
}
posUnix = posUnix == NOT_FOUND ? posWin : posUnix;
posWin = posWin == NOT_FOUND ? posUnix : posWin;
-            return Math.min(posUnix, posWin) + 1;
+            int bytesStart = 0;
+			return Math.min(posUnix, posWin) + 1;
} else {
return isSeparator(ch0) ? 1 : 0;
}
Number of failed tests: 2
Fitness: 4.0
One fitness evaluation is finished...
One fitness evaluation starts...
----------------------------------
Patch Candidate:
@@ -676,7 +676,8 @@ public static int getPrefixLength(final String fileName) {
}
posUnix = posUnix == NOT_FOUND ? posWin : posUnix;
posWin = posWin == NOT_FOUND ? posUnix : posWin;
-            return Math.min(posUnix, posWin) + 1;
+            final Collection<File> files = new java.util.LinkedList<>();
+			return Math.min(posUnix, posWin) + 1;
} else {
return isSeparator(ch0) ? 1 : 0;
}
Number of failed tests: 2
Fitness: 4.0
One fitness evaluation is finished...
One fitness evaluation starts...
----------------------------------
Patch Candidate:
@@ -676,7 +676,8 @@ public static int getPrefixLength(final String fileName) {
}
posUnix = posUnix == NOT_FOUND ? posWin : posUnix;
posWin = posWin == NOT_FOUND ? posUnix : posWin;
-            return Math.min(posUnix, posWin) + 1;
+            final StringBuilder buffer = new StringBuilder(74);
+			return Math.min(posUnix, posWin) + 1;
} else {
return isSeparator(ch0) ? 1 : 0;
}
Number of failed tests: 2
Fitness: 4.0
One fitness evaluation is finished...
One fitness evaluation starts...
----------------------------------
Patch Candidate:
@@ -676,7 +676,8 @@ public static int getPrefixLength(final String fileName) {
}
posUnix = posUnix == NOT_FOUND ? posWin : posUnix;
posWin = posWin == NOT_FOUND ? posUnix : posWin;
-            return Math.min(posUnix, posWin) + 1;
+            final StringBuilder buffer = new StringBuilder(74);
+			return Math.min(posUnix, posWin) + 1;
} else {
return isSeparator(ch0) ? 1 : 0;
}
Number of failed tests: 2
Fitness: 4.0
One fitness evaluation is finished...
One fitness evaluation starts...
----------------------------------
Patch Candidate:
java.io.IOException: Stream closed
	at java.io.BufferedInputStream.getBufIfOpen(BufferedInputStream.java:162)
	at java.io.BufferedInputStream.read(BufferedInputStream.java:325)
	at sun.nio.cs.StreamDecoder.readBytes(StreamDecoder.java:283)
	at sun.nio.cs.StreamDecoder.implRead(StreamDecoder.java:325)
	at sun.nio.cs.StreamDecoder.read(StreamDecoder.java:177)
	at java.io.InputStreamReader.read(InputStreamReader.java:184)
	at java.io.BufferedReader.fill(BufferedReader.java:154)
	at java.io.BufferedReader.readLine(BufferedReader.java:317)
	at java.io.BufferedReader.readLine(BufferedReader.java:382)
	at us.msu.cse.repair.core.util.StreamReaderThread.run(StreamReaderThread.java:36)
java.lang.IllegalStateException: Exception Occurred
	at us.msu.cse.repair.core.testexecutors.RExternalTestExecutor.runShell(RExternalTestExecutor.java:108)
	at us.msu.cse.repair.core.testexecutors.RExternalTestExecutor.runTests(RExternalTestExecutor.java:44)
	at us.msu.cse.repair.ec.problems.GenProgProblem.invokeTestExecutor(GenProgProblem.java:144)
	at us.msu.cse.repair.ec.problems.GenProgProblem.evaluate(GenProgProblem.java:99)
	at us.msu.cse.repair.ec.algorithms.GenProgGA.execute(GenProgGA.java:76)
	at us.msu.cse.repair.core.AbstractRepairAlgorithm.execute(AbstractRepairAlgorithm.java:18)
	at us.msu.cse.repair.GenProgMain.main(GenProgMain.java:65)
	at us.msu.cse.repair.Main.main(Main.java:10)
java.lang.NullPointerException
One fitness evaluation is finished...
One fitness evaluation starts...
----------------------------------
Patch Candidate:
@@ -676,7 +676,8 @@ public static int getPrefixLength(final String fileName) {
}
posUnix = posUnix == NOT_FOUND ? posWin : posUnix;
posWin = posWin == NOT_FOUND ? posUnix : posWin;
-            return Math.min(posUnix, posWin) + 1;
+            final Collection<File> files = new java.util.LinkedList<>();
+			return Math.min(posUnix, posWin) + 1;
} else {
return isSeparator(ch0) ? 1 : 0;
}
Number of failed tests: 2
Fitness: 4.0
One fitness evaluation is finished...
One fitness evaluation starts...
----------------------------------
Patch Candidate:
@@ -676,7 +676,8 @@ public static int getPrefixLength(final String fileName) {
}
posUnix = posUnix == NOT_FOUND ? posWin : posUnix;
posWin = posWin == NOT_FOUND ? posUnix : posWin;
-            return Math.min(posUnix, posWin) + 1;
+            int bytesStart = 0;
+			return Math.min(posUnix, posWin) + 1;
} else {
return isSeparator(ch0) ? 1 : 0;
}
Number of failed tests: 2
Fitness: 4.0
One fitness evaluation is finished...
One fitness evaluation starts...
----------------------------------
Patch Candidate:
@@ -676,7 +676,8 @@ public static int getPrefixLength(final String fileName) {
}
posUnix = posUnix == NOT_FOUND ? posWin : posUnix;
posWin = posWin == NOT_FOUND ? posUnix : posWin;
-            return Math.min(posUnix, posWin) + 1;
+            int bytesStart = 0;
+			return Math.min(posUnix, posWin) + 1;
} else {
return isSeparator(ch0) ? 1 : 0;
}
Number of failed tests: 2
Fitness: 4.0
One fitness evaluation is finished...
One fitness evaluation starts...
----------------------------------
Patch Candidate:
@@ -676,7 +676,8 @@ public static int getPrefixLength(final String fileName) {
}
posUnix = posUnix == NOT_FOUND ? posWin : posUnix;
posWin = posWin == NOT_FOUND ? posUnix : posWin;
-            return Math.min(posUnix, posWin) + 1;
+            final Collection<File> files = new java.util.LinkedList<>();
+			return Math.min(posUnix, posWin) + 1;
} else {
return isSeparator(ch0) ? 1 : 0;
}
Number of failed tests: 2
Fitness: 4.0
One fitness evaluation is finished...
One fitness evaluation starts...
----------------------------------
Patch Candidate:
@@ -676,7 +676,8 @@ public static int getPrefixLength(final String fileName) {
}
posUnix = posUnix == NOT_FOUND ? posWin : posUnix;
posWin = posWin == NOT_FOUND ? posUnix : posWin;
-            return Math.min(posUnix, posWin) + 1;
+            final StringBuilder buffer = new StringBuilder(74);
+			return Math.min(posUnix, posWin) + 1;
} else {
return isSeparator(ch0) ? 1 : 0;
}
Number of failed tests: 2
Fitness: 4.0
One fitness evaluation is finished...
One fitness evaluation starts...
----------------------------------
Patch Candidate:
@@ -676,7 +676,8 @@ public static int getPrefixLength(final String fileName) {
}
posUnix = posUnix == NOT_FOUND ? posWin : posUnix;
posWin = posWin == NOT_FOUND ? posUnix : posWin;
-            return Math.min(posUnix, posWin) + 1;
+            final StringBuilder buffer = new StringBuilder(74);
+			return Math.min(posUnix, posWin) + 1;
} else {
return isSeparator(ch0) ? 1 : 0;
}
Number of failed tests: 2
Fitness: 4.0
One fitness evaluation is finished...
One fitness evaluation starts...
----------------------------------
Patch Candidate:
@@ -676,7 +676,8 @@ public static int getPrefixLength(final String fileName) {
}
posUnix = posUnix == NOT_FOUND ? posWin : posUnix;
posWin = posWin == NOT_FOUND ? posUnix : posWin;
-            return Math.min(posUnix, posWin) + 1;
+            final StringBuilder buffer = new StringBuilder(74);
+			return Math.min(posUnix, posWin) + 1;
} else {
return isSeparator(ch0) ? 1 : 0;
}
Number of failed tests: 2
Fitness: 4.0
One fitness evaluation is finished...
One fitness evaluation starts...
----------------------------------
Patch Candidate:
@@ -676,7 +676,8 @@ public static int getPrefixLength(final String fileName) {
}
posUnix = posUnix == NOT_FOUND ? posWin : posUnix;
posWin = posWin == NOT_FOUND ? posUnix : posWin;
-            return Math.min(posUnix, posWin) + 1;
+            final StringBuilder buffer = new StringBuilder(74);
+			return Math.min(posUnix, posWin) + 1;
} else {
return isSeparator(ch0) ? 1 : 0;
}
Number of failed tests: 2
Fitness: 4.0
One fitness evaluation is finished...
One fitness evaluation starts...
----------------------------------
Patch Candidate:
@@ -676,7 +676,8 @@ public static int getPrefixLength(final String fileName) {
}
posUnix = posUnix == NOT_FOUND ? posWin : posUnix;
posWin = posWin == NOT_FOUND ? posUnix : posWin;
-            return Math.min(posUnix, posWin) + 1;
+            final StringBuilder buffer = new StringBuilder(74);
+			return Math.min(posUnix, posWin) + 1;
} else {
return isSeparator(ch0) ? 1 : 0;
}
Number of failed tests: 2
Fitness: 4.0
One fitness evaluation is finished...
One fitness evaluation starts...
----------------------------------
Patch Candidate:
@@ -676,7 +676,8 @@ public static int getPrefixLength(final String fileName) {
}
posUnix = posUnix == NOT_FOUND ? posWin : posUnix;
posWin = posWin == NOT_FOUND ? posUnix : posWin;
-            return Math.min(posUnix, posWin) + 1;
+            final StringBuilder buffer = new StringBuilder(74);
+			return Math.min(posUnix, posWin) + 1;
} else {
return isSeparator(ch0) ? 1 : 0;
}
Number of failed tests: 2
Fitness: 4.0
One fitness evaluation is finished...
One fitness evaluation starts...
----------------------------------
Patch Candidate:
@@ -676,7 +676,8 @@ public static int getPrefixLength(final String fileName) {
}
posUnix = posUnix == NOT_FOUND ? posWin : posUnix;
posWin = posWin == NOT_FOUND ? posUnix : posWin;
-            return Math.min(posUnix, posWin) + 1;
+            final StringBuilder buffer = new StringBuilder(74);
+			return Math.min(posUnix, posWin) + 1;
} else {
return isSeparator(ch0) ? 1 : 0;
}
Number of failed tests: 2
Fitness: 4.0
One fitness evaluation is finished...
One fitness evaluation starts...
----------------------------------
Patch Candidate:
@@ -676,7 +676,8 @@ public static int getPrefixLength(final String fileName) {
}
posUnix = posUnix == NOT_FOUND ? posWin : posUnix;
posWin = posWin == NOT_FOUND ? posUnix : posWin;
-            return Math.min(posUnix, posWin) + 1;
+            final StringBuilder buffer = new StringBuilder(74);
+			return Math.min(posUnix, posWin) + 1;
} else {
return isSeparator(ch0) ? 1 : 0;
}
Number of failed tests: 2
Fitness: 4.0
One fitness evaluation is finished...
One fitness evaluation starts...
----------------------------------
Patch Candidate:
@@ -676,7 +676,8 @@ public static int getPrefixLength(final String fileName) {
}
posUnix = posUnix == NOT_FOUND ? posWin : posUnix;
posWin = posWin == NOT_FOUND ? posUnix : posWin;
-            return Math.min(posUnix, posWin) + 1;
+            final Collection<File> files = new java.util.LinkedList<>();
+			return Math.min(posUnix, posWin) + 1;
} else {
return isSeparator(ch0) ? 1 : 0;
}
Number of failed tests: 2
Fitness: 4.0
One fitness evaluation is finished...
One fitness evaluation starts...
----------------------------------
Patch Candidate:
@@ -676,7 +676,8 @@ public static int getPrefixLength(final String fileName) {
}
posUnix = posUnix == NOT_FOUND ? posWin : posUnix;
posWin = posWin == NOT_FOUND ? posUnix : posWin;
-            return Math.min(posUnix, posWin) + 1;
+            final StringBuilder buffer = new StringBuilder(74);
+			return Math.min(posUnix, posWin) + 1;
} else {
return isSeparator(ch0) ? 1 : 0;
}
Number of failed tests: 2
Fitness: 4.0
One fitness evaluation is finished...
One fitness evaluation starts...
----------------------------------
Patch Candidate:
@@ -676,7 +676,8 @@ public static int getPrefixLength(final String fileName) {
}
posUnix = posUnix == NOT_FOUND ? posWin : posUnix;
posWin = posWin == NOT_FOUND ? posUnix : posWin;
-            return Math.min(posUnix, posWin) + 1;
+            final StringBuilder buffer = new StringBuilder(74);
+			return Math.min(posUnix, posWin) + 1;
} else {
return isSeparator(ch0) ? 1 : 0;
}
Number of failed tests: 2
Fitness: 4.0
One fitness evaluation is finished...
One fitness evaluation starts...
----------------------------------
Patch Candidate:
@@ -676,7 +676,8 @@ public static int getPrefixLength(final String fileName) {
}
posUnix = posUnix == NOT_FOUND ? posWin : posUnix;
posWin = posWin == NOT_FOUND ? posUnix : posWin;
-            return Math.min(posUnix, posWin) + 1;
+            final Collection<File> files = new java.util.LinkedList<>();
+			return Math.min(posUnix, posWin) + 1;
} else {
return isSeparator(ch0) ? 1 : 0;
}
Number of failed tests: 2
Fitness: 4.0
One fitness evaluation is finished...
One fitness evaluation starts...
----------------------------------
Patch Candidate:
@@ -676,7 +676,8 @@ public static int getPrefixLength(final String fileName) {
}
posUnix = posUnix == NOT_FOUND ? posWin : posUnix;
posWin = posWin == NOT_FOUND ? posUnix : posWin;
-            return Math.min(posUnix, posWin) + 1;
+            int bytesStart = 0;
+			return Math.min(posUnix, posWin) + 1;
} else {
return isSeparator(ch0) ? 1 : 0;
}
Number of failed tests: 2
Fitness: 4.0
One fitness evaluation is finished...
One fitness evaluation starts...
----------------------------------
Patch Candidate:
@@ -676,7 +676,8 @@ public static int getPrefixLength(final String fileName) {
}
posUnix = posUnix == NOT_FOUND ? posWin : posUnix;
posWin = posWin == NOT_FOUND ? posUnix : posWin;
-            return Math.min(posUnix, posWin) + 1;
+            final StringBuilder buffer = new StringBuilder(74);
+			return Math.min(posUnix, posWin) + 1;
} else {
return isSeparator(ch0) ? 1 : 0;
}
Number of failed tests: 2
Fitness: 4.0
One fitness evaluation is finished...
One fitness evaluation starts...
Compilation fails!
One fitness evaluation is finished...
One fitness evaluation starts...
----------------------------------
Patch Candidate:
@@ -676,7 +676,8 @@ public static int getPrefixLength(final String fileName) {
}
posUnix = posUnix == NOT_FOUND ? posWin : posUnix;
posWin = posWin == NOT_FOUND ? posUnix : posWin;
-            return Math.min(posUnix, posWin) + 1;
+            int bytesStart = 0;
+			return Math.min(posUnix, posWin) + 1;
} else {
return isSeparator(ch0) ? 1 : 0;
}
Number of failed tests: 2
Fitness: 4.0
One fitness evaluation is finished...
One fitness evaluation starts...
----------------------------------
Patch Candidate:
@@ -676,7 +676,8 @@ public static int getPrefixLength(final String fileName) {
}
posUnix = posUnix == NOT_FOUND ? posWin : posUnix;
posWin = posWin == NOT_FOUND ? posUnix : posWin;
-            return Math.min(posUnix, posWin) + 1;
+            final StringBuilder buffer = new StringBuilder(74);
+			return Math.min(posUnix, posWin) + 1;
} else {
return isSeparator(ch0) ? 1 : 0;
}
Number of failed tests: 2
Fitness: 4.0
One fitness evaluation is finished...
One fitness evaluation starts...
----------------------------------
Patch Candidate:
@@ -676,7 +676,8 @@ public static int getPrefixLength(final String fileName) {
}
posUnix = posUnix == NOT_FOUND ? posWin : posUnix;
posWin = posWin == NOT_FOUND ? posUnix : posWin;
-            return Math.min(posUnix, posWin) + 1;
+            int bytesStart = 0;
+			return Math.min(posUnix, posWin) + 1;
} else {
return isSeparator(ch0) ? 1 : 0;
}
Number of failed tests: 2
Fitness: 4.0
One fitness evaluation is finished...
One fitness evaluation starts...
----------------------------------
Patch Candidate:
@@ -676,7 +676,8 @@ public static int getPrefixLength(final String fileName) {
}
posUnix = posUnix == NOT_FOUND ? posWin : posUnix;
posWin = posWin == NOT_FOUND ? posUnix : posWin;
-            return Math.min(posUnix, posWin) + 1;
+            int bytesStart = 0;
+			return Math.min(posUnix, posWin) + 1;
} else {
return isSeparator(ch0) ? 1 : 0;
}
Number of failed tests: 2
Fitness: 4.0
One fitness evaluation is finished...
One fitness evaluation starts...
----------------------------------
Patch Candidate:
@@ -676,7 +676,8 @@ public static int getPrefixLength(final String fileName) {
}
posUnix = posUnix == NOT_FOUND ? posWin : posUnix;
posWin = posWin == NOT_FOUND ? posUnix : posWin;
-            return Math.min(posUnix, posWin) + 1;
+            final StringBuilder buffer = new StringBuilder(74);
+			return Math.min(posUnix, posWin) + 1;
} else {
return isSeparator(ch0) ? 1 : 0;
}
Number of failed tests: 2
Fitness: 4.0
One fitness evaluation is finished...
One fitness evaluation starts...
----------------------------------
Patch Candidate:
@@ -676,7 +676,8 @@ public static int getPrefixLength(final String fileName) {
}
posUnix = posUnix == NOT_FOUND ? posWin : posUnix;
posWin = posWin == NOT_FOUND ? posUnix : posWin;
-            return Math.min(posUnix, posWin) + 1;
+            int bytesStart = 0;
+			return Math.min(posUnix, posWin) + 1;
} else {
return isSeparator(ch0) ? 1 : 0;
}
Number of failed tests: 2
Fitness: 4.0
One fitness evaluation is finished...
One fitness evaluation starts...
----------------------------------
Patch Candidate:
@@ -676,7 +676,8 @@ public static int getPrefixLength(final String fileName) {
}
posUnix = posUnix == NOT_FOUND ? posWin : posUnix;
posWin = posWin == NOT_FOUND ? posUnix : posWin;
-            return Math.min(posUnix, posWin) + 1;
+            final StringBuilder buffer = new StringBuilder(74);
+			return Math.min(posUnix, posWin) + 1;
} else {
return isSeparator(ch0) ? 1 : 0;
}
Number of failed tests: 2
Fitness: 4.0
One fitness evaluation is finished...
One fitness evaluation starts...
----------------------------------
Patch Candidate:
@@ -676,7 +676,8 @@ public static int getPrefixLength(final String fileName) {
}
posUnix = posUnix == NOT_FOUND ? posWin : posUnix;
posWin = posWin == NOT_FOUND ? posUnix : posWin;
-            return Math.min(posUnix, posWin) + 1;
+            final StringBuilder buffer = new StringBuilder(74);
+			return Math.min(posUnix, posWin) + 1;
} else {
return isSeparator(ch0) ? 1 : 0;
}
Number of failed tests: 2
Fitness: 4.0
One fitness evaluation is finished...
One fitness evaluation starts...
----------------------------------
Patch Candidate:
@@ -676,7 +676,8 @@ public static int getPrefixLength(final String fileName) {
}
posUnix = posUnix == NOT_FOUND ? posWin : posUnix;
posWin = posWin == NOT_FOUND ? posUnix : posWin;
-            return Math.min(posUnix, posWin) + 1;
+            int bytesStart = 0;
+			return Math.min(posUnix, posWin) + 1;
} else {
return isSeparator(ch0) ? 1 : 0;
}
Number of failed tests: 2
Fitness: 4.0
One fitness evaluation is finished...
One fitness evaluation starts...
----------------------------------
Patch Candidate:
@@ -676,7 +676,8 @@ public static int getPrefixLength(final String fileName) {
}
posUnix = posUnix == NOT_FOUND ? posWin : posUnix;
posWin = posWin == NOT_FOUND ? posUnix : posWin;
-            return Math.min(posUnix, posWin) + 1;
+            final StringBuilder buffer = new StringBuilder(74);
+			return Math.min(posUnix, posWin) + 1;
} else {
return isSeparator(ch0) ? 1 : 0;
}
Number of failed tests: 2
Fitness: 4.0
One fitness evaluation is finished...
One fitness evaluation starts...
----------------------------------
Patch Candidate:
@@ -676,7 +676,8 @@ public static int getPrefixLength(final String fileName) {
}
posUnix = posUnix == NOT_FOUND ? posWin : posUnix;
posWin = posWin == NOT_FOUND ? posUnix : posWin;
-            return Math.min(posUnix, posWin) + 1;
+            int bytesStart = 0;
+			return Math.min(posUnix, posWin) + 1;
} else {
return isSeparator(ch0) ? 1 : 0;
}
Number of failed tests: 2
Fitness: 4.0
One fitness evaluation is finished...
One fitness evaluation starts...
----------------------------------
Patch Candidate:
@@ -676,7 +676,8 @@ public static int getPrefixLength(final String fileName) {
}
posUnix = posUnix == NOT_FOUND ? posWin : posUnix;
posWin = posWin == NOT_FOUND ? posUnix : posWin;
-            return Math.min(posUnix, posWin) + 1;
+            int bytesStart = 0;
+			return Math.min(posUnix, posWin) + 1;
} else {
return isSeparator(ch0) ? 1 : 0;
}
Number of failed tests: 2
Fitness: 4.0
One fitness evaluation is finished...
One fitness evaluation starts...
Compilation fails!
One fitness evaluation is finished...
One fitness evaluation starts...
Compilation fails!
One fitness evaluation is finished...
One fitness evaluation starts...
----------------------------------
Patch Candidate:
@@ -676,7 +676,8 @@ public static int getPrefixLength(final String fileName) {
}
posUnix = posUnix == NOT_FOUND ? posWin : posUnix;
posWin = posWin == NOT_FOUND ? posUnix : posWin;
-            return Math.min(posUnix, posWin) + 1;
+            final StringBuilder buffer = new StringBuilder(74);
+			return Math.min(posUnix, posWin) + 1;
} else {
return isSeparator(ch0) ? 1 : 0;
}
Number of failed tests: 2
Fitness: 4.0
One fitness evaluation is finished...
One fitness evaluation starts...
----------------------------------
Patch Candidate:
@@ -676,7 +676,8 @@ public static int getPrefixLength(final String fileName) {
}
posUnix = posUnix == NOT_FOUND ? posWin : posUnix;
posWin = posWin == NOT_FOUND ? posUnix : posWin;
-            return Math.min(posUnix, posWin) + 1;
+            final StringBuilder buffer = new StringBuilder(74);
+			return Math.min(posUnix, posWin) + 1;
} else {
return isSeparator(ch0) ? 1 : 0;
}
Number of failed tests: 2
Fitness: 4.0
One fitness evaluation is finished...
One fitness evaluation starts...
----------------------------------
Patch Candidate:
@@ -676,7 +676,8 @@ public static int getPrefixLength(final String fileName) {
}
posUnix = posUnix == NOT_FOUND ? posWin : posUnix;
posWin = posWin == NOT_FOUND ? posUnix : posWin;
-            return Math.min(posUnix, posWin) + 1;
+            final StringBuilder buffer = new StringBuilder(74);
+			return Math.min(posUnix, posWin) + 1;
} else {
return isSeparator(ch0) ? 1 : 0;
}
Number of failed tests: 2
Fitness: 4.0
One fitness evaluation is finished...
One fitness evaluation starts...
----------------------------------
Patch Candidate:
@@ -676,7 +676,8 @@ public static int getPrefixLength(final String fileName) {
}
posUnix = posUnix == NOT_FOUND ? posWin : posUnix;
posWin = posWin == NOT_FOUND ? posUnix : posWin;
-            return Math.min(posUnix, posWin) + 1;
+            final StringBuilder buffer = new StringBuilder(74);
+			return Math.min(posUnix, posWin) + 1;
} else {
return isSeparator(ch0) ? 1 : 0;
}
Number of failed tests: 2
Fitness: 4.0
One fitness evaluation is finished...
One fitness evaluation starts...
----------------------------------
Patch Candidate:
@@ -676,7 +676,8 @@ public static int getPrefixLength(final String fileName) {
}
posUnix = posUnix == NOT_FOUND ? posWin : posUnix;
posWin = posWin == NOT_FOUND ? posUnix : posWin;
-            return Math.min(posUnix, posWin) + 1;
+            final StringBuilder buffer = new StringBuilder(74);
+			return Math.min(posUnix, posWin) + 1;
} else {
return isSeparator(ch0) ? 1 : 0;
}
Number of failed tests: 2
Fitness: 4.0
One fitness evaluation is finished...
One fitness evaluation starts...
----------------------------------
Patch Candidate:
@@ -676,7 +676,8 @@ public static int getPrefixLength(final String fileName) {
}
posUnix = posUnix == NOT_FOUND ? posWin : posUnix;
posWin = posWin == NOT_FOUND ? posUnix : posWin;
-            return Math.min(posUnix, posWin) + 1;
+            final StringBuilder buffer = new StringBuilder(74);
+			return Math.min(posUnix, posWin) + 1;
} else {
return isSeparator(ch0) ? 1 : 0;
}
Number of failed tests: 2
Fitness: 4.0
One fitness evaluation is finished...
One fitness evaluation starts...
----------------------------------
Patch Candidate:
@@ -676,7 +676,8 @@ public static int getPrefixLength(final String fileName) {
}
posUnix = posUnix == NOT_FOUND ? posWin : posUnix;
posWin = posWin == NOT_FOUND ? posUnix : posWin;
-            return Math.min(posUnix, posWin) + 1;
+            final StringBuilder buffer = new StringBuilder(74);
+			return Math.min(posUnix, posWin) + 1;
} else {
return isSeparator(ch0) ? 1 : 0;
}
Number of failed tests: 2
Fitness: 4.0
One fitness evaluation is finished...
One fitness evaluation starts...
----------------------------------
Patch Candidate:
@@ -676,7 +676,8 @@ public static int getPrefixLength(final String fileName) {
}
posUnix = posUnix == NOT_FOUND ? posWin : posUnix;
posWin = posWin == NOT_FOUND ? posUnix : posWin;
-            return Math.min(posUnix, posWin) + 1;
+            final StringBuilder buffer = new StringBuilder(74);
+			return Math.min(posUnix, posWin) + 1;
} else {
return isSeparator(ch0) ? 1 : 0;
}
Number of failed tests: 2
Fitness: 4.0
One fitness evaluation is finished...
One fitness evaluation starts...
----------------------------------
Patch Candidate:
@@ -676,7 +676,8 @@ public static int getPrefixLength(final String fileName) {
}
posUnix = posUnix == NOT_FOUND ? posWin : posUnix;
posWin = posWin == NOT_FOUND ? posUnix : posWin;
-            return Math.min(posUnix, posWin) + 1;
+            final StringBuilder buffer = new StringBuilder(74);
+			return Math.min(posUnix, posWin) + 1;
} else {
return isSeparator(ch0) ? 1 : 0;
}
Number of failed tests: 2
Fitness: 4.0
One fitness evaluation is finished...
One fitness evaluation starts...
----------------------------------
Patch Candidate:
@@ -676,7 +676,8 @@ public static int getPrefixLength(final String fileName) {
}
posUnix = posUnix == NOT_FOUND ? posWin : posUnix;
posWin = posWin == NOT_FOUND ? posUnix : posWin;
-            return Math.min(posUnix, posWin) + 1;
+            final StringBuilder buffer = new StringBuilder(74);
+			return Math.min(posUnix, posWin) + 1;
} else {
return isSeparator(ch0) ? 1 : 0;
}
Number of failed tests: 2
Fitness: 4.0
One fitness evaluation is finished...
One fitness evaluation starts...
----------------------------------
Patch Candidate:
@@ -676,7 +676,8 @@ public static int getPrefixLength(final String fileName) {
}
posUnix = posUnix == NOT_FOUND ? posWin : posUnix;
posWin = posWin == NOT_FOUND ? posUnix : posWin;
-            return Math.min(posUnix, posWin) + 1;
+            final StringBuilder buffer = new StringBuilder(74);
+			return Math.min(posUnix, posWin) + 1;
} else {
return isSeparator(ch0) ? 1 : 0;
}
Number of failed tests: 2
Fitness: 4.0
One fitness evaluation is finished...
One fitness evaluation starts...
----------------------------------
Patch Candidate:
@@ -676,7 +676,8 @@ public static int getPrefixLength(final String fileName) {
}
posUnix = posUnix == NOT_FOUND ? posWin : posUnix;
posWin = posWin == NOT_FOUND ? posUnix : posWin;
-            return Math.min(posUnix, posWin) + 1;
+            final Collection<File> files = new java.util.LinkedList<>();
+			return Math.min(posUnix, posWin) + 1;
} else {
return isSeparator(ch0) ? 1 : 0;
}


Node: 2c8178711f7b



Date: Wed Sep 28 15:10:41 EDT 2022

