cd /workdir/jMutRepair_vul4j_apache_struts_VUL4J-31;
export JAVA_TOOL_OPTIONS="-Dfile.encoding=UTF8 -Duser.language=en-US -Duser.country=US -Duser.language=en";
TZ="America/New_York"; export TZ;
export PATH="/usr/lib/jvm/java-8-openjdk-amd64/bin:$PATH";
export JAVA_HOME="/usr/lib/jvm/java-8-openjdk-amd64/bin";
time java -Xmx4g -Xms1g -XX:MaxPermSize=512m -cp /script/../libs/jtestex7.jar:/script/../repair_tools/astor.jar fr.inria.main.evolution.AstorMain \
	-mode jMutRepair \
	-location . \
	-id apache_struts-VUL4J-31 \
	-failing org.apache.struts2.dispatcher.mapper.DefaultActionMapperTest#testAllowedActionNames \
	-jvm4testexecution /usr/lib/jvm/jdk1.7.0_80/bin \
	-jvm4evosuitetestexecution /usr/lib/jvm/jdk1.7.0_80/bin \
	-maxgen 1000000 \
	-maxtime 120 \
	-stopfirst true \
	-seed 0 \
	-scope local \
	-population 1 \
	-javacompliancelevel 7 \
	-faultlocalization perfect \
    -perfectdata /script/../data/benchmarks/vul4j/perfectfl/VUL4J-31 \
    -validation externalcmd \
    -testfailingcmd "mvn test -pl core -Dtest=org.apache.struts2.dispatcher.mapper.DefaultActionMapperTest -Dhttps.protocols=TLSv1.2 -Denforcer.skip=true -Dcheckstyle.skip=true -Dcobertura.skip=true -DskipITs=true -Drat.skip=true -Dlicense.skip=true -Dpmd.skip=true -Dfindbugs.skip=true -Dgpg.skip=true -Dskip.npm=true -Dskip.gulp=true -Dskip.bower=true -Danimal.sniffer.skip=true -V -B" \
    -testallcmd "mvn test -pl core -Dhttps.protocols=TLSv1.2 -Denforcer.skip=true -Dcheckstyle.skip=true -Dcobertura.skip=true -DskipITs=true -Drat.skip=true -Dlicense.skip=true -Dpmd.skip=true -Dfindbugs.skip=true -Dgpg.skip=true -Dskip.npm=true -Dskip.gulp=true -Dskip.bower=true -Danimal.sniffer.skip=true -V -B"  \ \
	-srcjavafolder core/src/main/java \
	-srctestfolder core/src/test/java \
	-binjavafolder core/target/classes \
	-bintestfolder core/target/test-classes \
	-parameters x:x \
	-dependencies /root/.m2/repository/javax/servlet/servlet-api/2.4/servlet-api-2.4.jar:/root/.m2/repository/org/apache/struts/xwork/xwork-core/2.3.29-SNAPSHOT/xwork-core-2.3.29-SNAPSHOT.jar:/root/.m2/repository/mockobjects/mockobjects-jdk1.3-j2ee1.3/0.09/mockobjects-jdk1.3-j2ee1.3-0.09.jar:/root/.m2/repository/jmock/jmock/1.2.0/jmock-1.2.0.jar:/root/.m2/repository/javassist/javassist/3.11.0.GA/javassist-3.11.0.GA.jar:/root/.m2/repository/org/easymock/easymock/2.4/easymock-2.4.jar:/root/.m2/repository/asm/asm-commons/3.3/asm-commons-3.3.jar:/root/.m2/repository/org/easytesting/fest-assert/1.4/fest-assert-1.4.jar:/root/.m2/repository/org/testng/testng/5.1/testng-5.1-jdk15.jar:/root/.m2/repository/asm/asm/3.3/asm-3.3.jar:/root/.m2/repository/mockobjects/mockobjects-jdk1.3/0.09/mockobjects-jdk1.3-0.09.jar:/root/.m2/repository/asm/asm-tree/3.3/asm-tree-3.3.jar:/root/.m2/repository/org/apache/struts/struts-annotations/1.0.5/struts-annotations-1.0.5.jar:/root/.m2/repository/commons-collections/commons-collections/3.2.2/commons-collections-3.2.2.jar:/root/.m2/repository/org/apache/commons/commons-lang3/3.2/commons-lang3-3.2.jar:/root/.m2/repository/mockobjects/mockobjects-core/0.09/mockobjects-core-0.09.jar:/root/.m2/repository/sslext/sslext/1.2-0/sslext-1.2-0.jar:/root/.m2/repository/mockobjects/mockobjects-alt-jdk1.3-j2ee1.3/0.09/mockobjects-alt-jdk1.3-j2ee1.3-0.09.jar:/root/.m2/repository/org/apache/velocity/velocity/1.6.4/velocity-1.6.4.jar:/root/.m2/repository/junit/junit/4.8.2/junit-4.8.2.jar:/root/.m2/repository/log4j/log4j/1.2.17/log4j-1.2.17.jar:/root/.m2/repository/org/springframework/spring-test/3.0.5.RELEASE/spring-test-3.0.5.RELEASE.jar:/root/.m2/repository/org/apache/velocity/velocity-tools/1.3/velocity-tools-1.3.jar:/root/.m2/repository/org/springframework/spring-core/3.0.5.RELEASE/spring-core-3.0.5.RELEASE.jar:/root/.m2/repository/mockobjects/mockobjects-alt-jdk1.3/0.09/mockobjects-alt-jdk1.3-0.09.jar:/root/.m2/repository/commons-validator/commons-validator/1.3.1/commons-validator-1.3.1.jar:/root/.m2/repository/org/mockito/mockito-all/1.9.5/mockito-all-1.9.5.jar:/root/.m2/repository/org/easytesting/fest-util/1.1.6/fest-util-1.1.6.jar:/root/.m2/repository/commons-io/commons-io/2.2/commons-io-2.2.jar:/root/.m2/repository/commons-lang/commons-lang/2.4/commons-lang-2.4.jar:/root/.m2/repository/commons-digester/commons-digester/2.0/commons-digester-2.0.jar:/root/.m2/repository/commons-fileupload/commons-fileupload/1.3.1/commons-fileupload-1.3.1.jar:/root/.m2/repository/org/freemarker/freemarker/2.3.22/freemarker-2.3.22.jar:/root/.m2/repository/javax/servlet/jsp-api/2.0/jsp-api-2.0.jar:/root/.m2/repository/commons-beanutils/commons-beanutils/1.7.0/commons-beanutils-1.7.0.jar:/root/.m2/repository/org/springframework/spring-asm/3.0.5.RELEASE/spring-asm-3.0.5.RELEASE.jar:/root/.m2/repository/oro/oro/2.0.8/oro-2.0.8.jar:/root/.m2/repository/ognl/ognl/3.0.14/ognl-3.0.14.jar:/root/.m2/repository/commons-logging/commons-logging/1.1.3/commons-logging-1.1.3.jar;
	echo "\n\nNode: `hostname`\n";
	echo "\n\nDate: `date`\n";
Picked up JAVA_TOOL_OPTIONS: -Dfile.encoding=UTF8 -Duser.language=en-US -Duser.country=US -Duser.language=en
OpenJDK 64-Bit Server VM warning: ignoring option MaxPermSize=512m; support was removed in 8.0
[0] INFO ProjectConfiguration - Version of the JVM used: 1.7.0_80
[0] INFO main - Java version of the JDK used to run tests: 1.7.0_80
[0] INFO main - The compliance of the JVM is:  7
[2] INFO main - command line arguments: [-mode  jMutRepair  -location  .  -id  apache_struts-VUL4J-31  -failing  org.apache.struts2.dispatcher.mapper.DefaultActionMapperTest#testAllowedActionNames  -jvm4testexecution  /usr/lib/jvm/jdk1.7.0_80/bin  -jvm4evosuitetestexecution  /usr/lib/jvm/jdk1.7.0_80/bin  -maxgen  1000000  -maxtime  120  -stopfirst  true  -seed  0  -scope  local  -population  1  -javacompliancelevel  7  -faultlocalization  perfect  -perfectdata  /script/../data/benchmarks/vul4j/perfectfl/VUL4J-31  -validation  externalcmd  -testfailingcmd  mvn test -pl core -Dtest=org.apache.struts2.dispatcher.mapper.DefaultActionMapperTest -Dhttps.protocols=TLSv1.2 -Denforcer.skip=true -Dcheckstyle.skip=true -Dcobertura.skip=true -DskipITs=true -Drat.skip=true -Dlicense.skip=true -Dpmd.skip=true -Dfindbugs.skip=true -Dgpg.skip=true -Dskip.npm=true -Dskip.gulp=true -Dskip.bower=true -Danimal.sniffer.skip=true -V -B  -testallcmd  mvn test -pl core -Dhttps.protocols=TLSv1.2 -Denforcer.skip=true -Dcheckstyle.skip=true -Dcobertura.skip=true -DskipITs=true -Drat.skip=true -Dlicense.skip=true -Dpmd.skip=true -Dfindbugs.skip=true -Dgpg.skip=true -Dskip.npm=true -Dskip.gulp=true -Dskip.bower=true -Danimal.sniffer.skip=true -V -B     -srcjavafolder  core/src/main/java  -srctestfolder  core/src/test/java  -binjavafolder  core/target/classes  -bintestfolder  core/target/test-classes  -parameters  x:x  -dependencies  /root/.m2/repository/javax/servlet/servlet-api/2.4/servlet-api-2.4.jar:/root/.m2/repository/org/apache/struts/xwork/xwork-core/2.3.29-SNAPSHOT/xwork-core-2.3.29-SNAPSHOT.jar:/root/.m2/repository/mockobjects/mockobjects-jdk1.3-j2ee1.3/0.09/mockobjects-jdk1.3-j2ee1.3-0.09.jar:/root/.m2/repository/jmock/jmock/1.2.0/jmock-1.2.0.jar:/root/.m2/repository/javassist/javassist/3.11.0.GA/javassist-3.11.0.GA.jar:/root/.m2/repository/org/easymock/easymock/2.4/easymock-2.4.jar:/root/.m2/repository/asm/asm-commons/3.3/asm-commons-3.3.jar:/root/.m2/repository/org/easytesting/fest-assert/1.4/fest-assert-1.4.jar:/root/.m2/repository/org/testng/testng/5.1/testng-5.1-jdk15.jar:/root/.m2/repository/asm/asm/3.3/asm-3.3.jar:/root/.m2/repository/mockobjects/mockobjects-jdk1.3/0.09/mockobjects-jdk1.3-0.09.jar:/root/.m2/repository/asm/asm-tree/3.3/asm-tree-3.3.jar:/root/.m2/repository/org/apache/struts/struts-annotations/1.0.5/struts-annotations-1.0.5.jar:/root/.m2/repository/commons-collections/commons-collections/3.2.2/commons-collections-3.2.2.jar:/root/.m2/repository/org/apache/commons/commons-lang3/3.2/commons-lang3-3.2.jar:/root/.m2/repository/mockobjects/mockobjects-core/0.09/mockobjects-core-0.09.jar:/root/.m2/repository/sslext/sslext/1.2-0/sslext-1.2-0.jar:/root/.m2/repository/mockobjects/mockobjects-alt-jdk1.3-j2ee1.3/0.09/mockobjects-alt-jdk1.3-j2ee1.3-0.09.jar:/root/.m2/repository/org/apache/velocity/velocity/1.6.4/velocity-1.6.4.jar:/root/.m2/repository/junit/junit/4.8.2/junit-4.8.2.jar:/root/.m2/repository/log4j/log4j/1.2.17/log4j-1.2.17.jar:/root/.m2/repository/org/springframework/spring-test/3.0.5.RELEASE/spring-test-3.0.5.RELEASE.jar:/root/.m2/repository/org/apache/velocity/velocity-tools/1.3/velocity-tools-1.3.jar:/root/.m2/repository/org/springframework/spring-core/3.0.5.RELEASE/spring-core-3.0.5.RELEASE.jar:/root/.m2/repository/mockobjects/mockobjects-alt-jdk1.3/0.09/mockobjects-alt-jdk1.3-0.09.jar:/root/.m2/repository/commons-validator/commons-validator/1.3.1/commons-validator-1.3.1.jar:/root/.m2/repository/org/mockito/mockito-all/1.9.5/mockito-all-1.9.5.jar:/root/.m2/repository/org/easytesting/fest-util/1.1.6/fest-util-1.1.6.jar:/root/.m2/repository/commons-io/commons-io/2.2/commons-io-2.2.jar:/root/.m2/repository/commons-lang/commons-lang/2.4/commons-lang-2.4.jar:/root/.m2/repository/commons-digester/commons-digester/2.0/commons-digester-2.0.jar:/root/.m2/repository/commons-fileupload/commons-fileupload/1.3.1/commons-fileupload-1.3.1.jar:/root/.m2/repository/org/freemarker/freemarker/2.3.22/freemarker-2.3.22.jar:/root/.m2/repository/javax/servlet/jsp-api/2.0/jsp-api-2.0.jar:/root/.m2/repository/commons-beanutils/commons-beanutils/1.7.0/commons-beanutils-1.7.0.jar:/root/.m2/repository/org/springframework/spring-asm/3.0.5.RELEASE/spring-asm-3.0.5.RELEASE.jar:/root/.m2/repository/oro/oro/2.0.8/oro-2.0.8.jar:/root/.m2/repository/ognl/ognl/3.0.14/ognl-3.0.14.jar:/root/.m2/repository/commons-logging/commons-logging/1.1.3/commons-logging-1.1.3.jar]
[3] INFO AstorMain - Running Astor on a JDK at /usr/lib/jvm/java-8-openjdk-amd64/jre
[8] INFO main - Source folders: [/workdir/jMutRepair_vul4j_apache_struts_VUL4J-31/./core/src/main/java]
[8] INFO main - Source Test folders: [/workdir/jMutRepair_vul4j_apache_struts_VUL4J-31/./core/src/test/java]
[460] INFO AstorCoreEngine - ---- Creating spoon model
[496] INFO MutationSupporter - Creating model,  Code location from working folder: /workdir/jMutRepair_vul4j_apache_struts_VUL4J-31/./core/src/main/java
[496] INFO MutationSupporter - building model: /workdir/jMutRepair_vul4j_apache_struts_VUL4J-31/./core/src/main/java, compliance level: 7
[528] INFO MutationSupporter - Classpath (Dependencies) for building SpoonModel: [/root/.m2/repository/javax/servlet/servlet-api/2.4/servlet-api-2.4.jar, /root/.m2/repository/org/apache/struts/xwork/xwork-core/2.3.29-SNAPSHOT/xwork-core-2.3.29-SNAPSHOT.jar, /root/.m2/repository/mockobjects/mockobjects-jdk1.3-j2ee1.3/0.09/mockobjects-jdk1.3-j2ee1.3-0.09.jar, /root/.m2/repository/jmock/jmock/1.2.0/jmock-1.2.0.jar, /root/.m2/repository/javassist/javassist/3.11.0.GA/javassist-3.11.0.GA.jar, /root/.m2/repository/org/easymock/easymock/2.4/easymock-2.4.jar, /root/.m2/repository/asm/asm-commons/3.3/asm-commons-3.3.jar, /root/.m2/repository/org/easytesting/fest-assert/1.4/fest-assert-1.4.jar, /root/.m2/repository/org/testng/testng/5.1/testng-5.1-jdk15.jar, /root/.m2/repository/asm/asm/3.3/asm-3.3.jar, /root/.m2/repository/mockobjects/mockobjects-jdk1.3/0.09/mockobjects-jdk1.3-0.09.jar, /root/.m2/repository/asm/asm-tree/3.3/asm-tree-3.3.jar, /root/.m2/repository/org/apache/struts/struts-annotations/1.0.5/struts-annotations-1.0.5.jar, /root/.m2/repository/commons-collections/commons-collections/3.2.2/commons-collections-3.2.2.jar, /root/.m2/repository/org/apache/commons/commons-lang3/3.2/commons-lang3-3.2.jar, /root/.m2/repository/mockobjects/mockobjects-core/0.09/mockobjects-core-0.09.jar, /root/.m2/repository/sslext/sslext/1.2-0/sslext-1.2-0.jar, /root/.m2/repository/mockobjects/mockobjects-alt-jdk1.3-j2ee1.3/0.09/mockobjects-alt-jdk1.3-j2ee1.3-0.09.jar, /root/.m2/repository/org/apache/velocity/velocity/1.6.4/velocity-1.6.4.jar, /root/.m2/repository/junit/junit/4.8.2/junit-4.8.2.jar, /root/.m2/repository/log4j/log4j/1.2.17/log4j-1.2.17.jar, /root/.m2/repository/org/springframework/spring-test/3.0.5.RELEASE/spring-test-3.0.5.RELEASE.jar, /root/.m2/repository/org/apache/velocity/velocity-tools/1.3/velocity-tools-1.3.jar, /root/.m2/repository/org/springframework/spring-core/3.0.5.RELEASE/spring-core-3.0.5.RELEASE.jar, /root/.m2/repository/mockobjects/mockobjects-alt-jdk1.3/0.09/mockobjects-alt-jdk1.3-0.09.jar, /root/.m2/repository/commons-validator/commons-validator/1.3.1/commons-validator-1.3.1.jar, /root/.m2/repository/org/mockito/mockito-all/1.9.5/mockito-all-1.9.5.jar, /root/.m2/repository/org/easytesting/fest-util/1.1.6/fest-util-1.1.6.jar, /root/.m2/repository/commons-io/commons-io/2.2/commons-io-2.2.jar, /root/.m2/repository/commons-lang/commons-lang/2.4/commons-lang-2.4.jar, /root/.m2/repository/commons-digester/commons-digester/2.0/commons-digester-2.0.jar, /root/.m2/repository/commons-fileupload/commons-fileupload/1.3.1/commons-fileupload-1.3.1.jar, /root/.m2/repository/org/freemarker/freemarker/2.3.22/freemarker-2.3.22.jar, /root/.m2/repository/javax/servlet/jsp-api/2.0/jsp-api-2.0.jar, /root/.m2/repository/commons-beanutils/commons-beanutils/1.7.0/commons-beanutils-1.7.0.jar, /root/.m2/repository/org/springframework/spring-asm/3.0.5.RELEASE/spring-asm-3.0.5.RELEASE.jar, /root/.m2/repository/oro/oro/2.0.8/oro-2.0.8.jar, /root/.m2/repository/ognl/ognl/3.0.14/ognl-3.0.14.jar, /root/.m2/repository/commons-logging/commons-logging/1.1.3/commons-logging-1.1.3.jar]
[5875] INFO AstorCoreEngine - Number of CtTypes created: 404
[6006] INFO AstorCoreEngine - Test retrieved from classes: 0
[6050] INFO AstorCoreEngine - Setting up the max to 440 milliseconds (0 sec)
[6050] INFO AstorCoreEngine - ---- Initial suspicious size: 5
[6499] INFO main - Total suspicious from FL: 5,  3
[6499] INFO main - Total ModPoint created: 3
[6499] INFO main - Creating program variant #1, [Variant id: 1, #gens: 3, #ops: 0, parent:-]
[6499] INFO main - Run previously failing tests...
[23524] INFO main - Failed tests: 1
[23525] INFO AstorCoreEngine - The original fitness is : 1.0
[23525] WARN ConfigurationProperties - ----------------------------
[23525] INFO ConfigurationProperties - ---Configuration properties
[23525] INFO ConfigurationProperties - p:lastJUnitVersion= ./examples/libs/junit-4.11.jar
[23525] INFO ConfigurationProperties - p:alternativecompliancelevel= 8
[23525] INFO ConfigurationProperties - p:ignoredTestCases= 
[23525] INFO ConfigurationProperties - p:workingDirectory= /workdir/jMutRepair_vul4j_apache_struts_VUL4J-31/./output_astor
[23525] INFO ConfigurationProperties - p:manipulatesuper= false
[23525] INFO ConfigurationProperties - p:validation= externalcmd
[23525] INFO ConfigurationProperties - p:jvm4testexecution= /usr/lib/jvm/jdk1.7.0_80/bin
[23525] INFO ConfigurationProperties - p:operatorspace= mutationspace
[23525] INFO ConfigurationProperties - p:diffcontext= 0
[23525] INFO ConfigurationProperties - p:binjavafolder= core/target/classes
[23525] INFO ConfigurationProperties - p:synthesis_depth= 3
[23525] INFO ConfigurationProperties - p:gzoltartestpackagetoexclude= junit.framework
[23525] INFO ConfigurationProperties - p:skipfitnessinitialpopulation= false
[23525] INFO ConfigurationProperties - p:evosuiteresultfolder= evosuite
[23525] INFO ConfigurationProperties - p:flthreshold= 0.1
[23525] INFO ConfigurationProperties - p:regressionforfaultlocalization= true
[23525] INFO ConfigurationProperties - p:collectonlyusedmethod= false
[23525] INFO ConfigurationProperties - p:preservelinenumbers= true
[23525] INFO ConfigurationProperties - p:tmax2= 440
[23525] INFO ConfigurationProperties - p:tmax1= 10000
[23525] INFO ConfigurationProperties - p:probagenmutation= false
[23526] INFO ConfigurationProperties - p:nomodificationconvergence= 100
[23526] INFO ConfigurationProperties - p:diff_type= relative
[23526] INFO ConfigurationProperties - p:targetelementprocessor= if-conditions:return-op-mutation
[23526] INFO ConfigurationProperties - p:srctestfolder= core/src/test/java
[23526] INFO ConfigurationProperties - p:forceExecuteRegression= false
[23526] INFO ConfigurationProperties - p:clusteringfilename= clustering.csv
[23526] INFO ConfigurationProperties - p:failing= org.apache.struts2.dispatcher.mapper.DefaultActionMapperTest#testAllowedActionNames
[23526] INFO ConfigurationProperties - p:logtestexecution= false
[23526] INFO ConfigurationProperties - p:evo_buggy_class= true
[23526] INFO ConfigurationProperties - p:numberExecutions= 1
[23526] INFO ConfigurationProperties - p:maxnumbersolutions= 1000000
[23526] INFO ConfigurationProperties - p:evo_affected_by_op= true
[23526] INFO ConfigurationProperties - p:population= 1
[23526] INFO ConfigurationProperties - p:considerzerovaluesusp= false
[23526] INFO ConfigurationProperties - p:maxCombinationVariableLimit= false
[23526] INFO ConfigurationProperties - p:savesolution= true
[23526] INFO ConfigurationProperties - p:javacompliancelevel= 7
[23526] INFO ConfigurationProperties - p:x= x
[23526] INFO ConfigurationProperties - p:uniqueoptogen= false
[23526] INFO ConfigurationProperties - p:gzoltarpackagetonotinstrument= junit.framework
[23526] INFO ConfigurationProperties - p:projectIdentifier= apache_struts-VUL4J-31
[23526] INFO ConfigurationProperties - p:modificationpointnavigation= weight
[23526] INFO ConfigurationProperties - p:stopfirst= true
[23526] INFO ConfigurationProperties - p:multipointmodification= false
[23526] INFO ConfigurationProperties - p:elementsToMutate= 10
[23526] INFO ConfigurationProperties - p:jsonoutputname= astor_output
[23526] INFO ConfigurationProperties - p:evoDSE= false
[23526] INFO ConfigurationProperties - p:bintestfolder= core/target/test-classes
[23526] INFO ConfigurationProperties - p:testbystep= false
[23526] INFO ConfigurationProperties - p:version-location= ./math-version/
[23526] INFO ConfigurationProperties - p:reintroduce= PARENTS:ORIGINAL
[23526] INFO ConfigurationProperties - p:perfectdata= /script/../data/benchmarks/vul4j/perfectfl/VUL4J-31
[23526] INFO ConfigurationProperties - p:executorjar= ./lib/jtestex7.jar
[23526] INFO ConfigurationProperties - p:maxGeneration= 1000000
[23526] INFO ConfigurationProperties - p:max_synthesis_step= 10000
[23526] INFO ConfigurationProperties - p:projectinfocommand= com.github.tdurieux:project-config-maven-plugin:info
[23526] INFO ConfigurationProperties - p:maxVarCombination= 1000
[23526] INFO ConfigurationProperties - p:maxtime= 120
[23526] INFO ConfigurationProperties - p:evosuitejar= ./lib/evosuite-master-1.0.4-SNAPSHOT.jar
[23526] INFO ConfigurationProperties - p:jvmversion= 1.7.0_80
[23526] INFO ConfigurationProperties - p:commandTrunk= 50000
[23526] INFO ConfigurationProperties - p:faultlocalization= perfect
[23526] INFO ConfigurationProperties - p:resetmodel= true
[23526] INFO ConfigurationProperties - p:maxsuspcandidates= 1000
[23526] INFO ConfigurationProperties - p:mode= jMutRepair
[23526] INFO ConfigurationProperties - p:learningdir= 
[23526] INFO ConfigurationProperties - p:jvm4evosuitetestexecution= /usr/lib/jvm/jdk1.7.0_80/bin
[23526] INFO ConfigurationProperties - p:filterfaultlocalization= true
[23527] INFO ConfigurationProperties - p:mutationrate= 1 
[23527] INFO ConfigurationProperties - p:pathToMVNRepository= 
[23527] INFO ConfigurationProperties - p:resourcesfolder= /src/main/resources:/src/test/resources:
[23527] INFO ConfigurationProperties - p:timezone= America/Los_Angeles
[23527] INFO ConfigurationProperties - p:runjava7code= false
[23527] INFO ConfigurationProperties - p:testfailingcmd= mvn test -pl core -Dtest=org.apache.struts2.dispatcher.mapper.DefaultActionMapperTest -Dhttps.protocols=TLSv1.2 -Denforcer.skip=true -Dcheckstyle.skip=true -Dcobertura.skip=true -DskipITs=true -Drat.skip=true -Dlicense.skip=true -Dpmd.skip=true -Dfindbugs.skip=true -Dgpg.skip=true -Dskip.npm=true -Dskip.gulp=true -Dskip.bower=true -Danimal.sniffer.skip=true -V -B
[23527] INFO ConfigurationProperties - p:evoRunOnBuggyClass= true
[23527] INFO ConfigurationProperties - p:compiler= fr.inria.astor.core.manipulation.bytecode.compiler.SpoonClassCompiler
[23527] INFO ConfigurationProperties - p:limitbysuspicious= true
[23527] INFO ConfigurationProperties - p:logsattemps= true
[23527] INFO ConfigurationProperties - p:dependenciespath= /root/.m2/repository/javax/servlet/servlet-api/2.4/servlet-api-2.4.jar:/root/.m2/repository/org/apache/struts/xwork/xwork-core/2.3.29-SNAPSHOT/xwork-core-2.3.29-SNAPSHOT.jar:/root/.m2/repository/mockobjects/mockobjects-jdk1.3-j2ee1.3/0.09/mockobjects-jdk1.3-j2ee1.3-0.09.jar:/root/.m2/repository/jmock/jmock/1.2.0/jmock-1.2.0.jar:/root/.m2/repository/javassist/javassist/3.11.0.GA/javassist-3.11.0.GA.jar:/root/.m2/repository/org/easymock/easymock/2.4/easymock-2.4.jar:/root/.m2/repository/asm/asm-commons/3.3/asm-commons-3.3.jar:/root/.m2/repository/org/easytesting/fest-assert/1.4/fest-assert-1.4.jar:/root/.m2/repository/org/testng/testng/5.1/testng-5.1-jdk15.jar:/root/.m2/repository/asm/asm/3.3/asm-3.3.jar:/root/.m2/repository/mockobjects/mockobjects-jdk1.3/0.09/mockobjects-jdk1.3-0.09.jar:/root/.m2/repository/asm/asm-tree/3.3/asm-tree-3.3.jar:/root/.m2/repository/org/apache/struts/struts-annotations/1.0.5/struts-annotations-1.0.5.jar:/root/.m2/repository/commons-collections/commons-collections/3.2.2/commons-collections-3.2.2.jar:/root/.m2/repository/org/apache/commons/commons-lang3/3.2/commons-lang3-3.2.jar:/root/.m2/repository/mockobjects/mockobjects-core/0.09/mockobjects-core-0.09.jar:/root/.m2/repository/sslext/sslext/1.2-0/sslext-1.2-0.jar:/root/.m2/repository/mockobjects/mockobjects-alt-jdk1.3-j2ee1.3/0.09/mockobjects-alt-jdk1.3-j2ee1.3-0.09.jar:/root/.m2/repository/org/apache/velocity/velocity/1.6.4/velocity-1.6.4.jar:/root/.m2/repository/junit/junit/4.8.2/junit-4.8.2.jar:/root/.m2/repository/log4j/log4j/1.2.17/log4j-1.2.17.jar:/root/.m2/repository/org/springframework/spring-test/3.0.5.RELEASE/spring-test-3.0.5.RELEASE.jar:/root/.m2/repository/org/apache/velocity/velocity-tools/1.3/velocity-tools-1.3.jar:/root/.m2/repository/org/springframework/spring-core/3.0.5.RELEASE/spring-core-3.0.5.RELEASE.jar:/root/.m2/repository/mockobjects/mockobjects-alt-jdk1.3/0.09/mockobjects-alt-jdk1.3-0.09.jar:/root/.m2/repository/commons-validator/commons-validator/1.3.1/commons-validator-1.3.1.jar:/root/.m2/repository/org/mockito/mockito-all/1.9.5/mockito-all-1.9.5.jar:/root/.m2/repository/org/easytesting/fest-util/1.1.6/fest-util-1.1.6.jar:/root/.m2/repository/commons-io/commons-io/2.2/commons-io-2.2.jar:/root/.m2/repository/commons-lang/commons-lang/2.4/commons-lang-2.4.jar:/root/.m2/repository/commons-digester/commons-digester/2.0/commons-digester-2.0.jar:/root/.m2/repository/commons-fileupload/commons-fileupload/1.3.1/commons-fileupload-1.3.1.jar:/root/.m2/repository/org/freemarker/freemarker/2.3.22/freemarker-2.3.22.jar:/root/.m2/repository/javax/servlet/jsp-api/2.0/jsp-api-2.0.jar:/root/.m2/repository/commons-beanutils/commons-beanutils/1.7.0/commons-beanutils-1.7.0.jar:/root/.m2/repository/org/springframework/spring-asm/3.0.5.RELEASE/spring-asm-3.0.5.RELEASE.jar:/root/.m2/repository/oro/oro/2.0.8/oro-2.0.8.jar:/root/.m2/repository/ognl/ognl/3.0.14/ognl-3.0.14.jar:/root/.m2/repository/commons-logging/commons-logging/1.1.3/commons-logging-1.1.3.jar
[23527] INFO ConfigurationProperties - p:packageToInstrument= 
[23527] INFO ConfigurationProperties - p:skipfaultlocalization= false
[23527] INFO ConfigurationProperties - p:scope= local
[23527] INFO ConfigurationProperties - p:transformingredient= false
[23527] INFO ConfigurationProperties - p:fitnessfunction= fr.inria.astor.core.solutionsearch.population.TestCaseFitnessFunction
[23527] INFO ConfigurationProperties - p:maxnumvariablesperingredient= 10
[23527] INFO ConfigurationProperties - p:parsesourcefromoriginal= true
[23527] INFO ConfigurationProperties - p:pvariantfoldername= variant-
[23527] INFO ConfigurationProperties - p:savespoonmodelondisk= false
[23527] INFO ConfigurationProperties - p:srcjavafolder= core/src/main/java
[23527] INFO ConfigurationProperties - p:populationcontroller= fr.inria.astor.core.solutionsearch.population.TestCaseBasedFitnessPopulationController
[23527] INFO ConfigurationProperties - p:ignoreflakyinfl= false
[23527] INFO ConfigurationProperties - p:cleantemplates= true
[23527] INFO ConfigurationProperties - p:applyCrossover= false
[23527] INFO ConfigurationProperties - p:maxmodificationpoints= 1000
[23527] INFO ConfigurationProperties - p:duplicateingredientsinspace= false
[23527] INFO ConfigurationProperties - p:metid= 0
[23527] INFO ConfigurationProperties - p:continuewhenmodelfail= true
[23527] INFO ConfigurationProperties - p:saveall= false
[23527] INFO ConfigurationProperties - p:seed= 0
[23527] INFO ConfigurationProperties - p:savecompletepatched= true
[23527] INFO ConfigurationProperties - p:resetoperations= false
[23527] INFO ConfigurationProperties - p:keepcomments= false
[23527] INFO ConfigurationProperties - p:processoutputinfile= false
[23527] INFO ConfigurationProperties - p:location= .
[23527] INFO ConfigurationProperties - p:probabilistictransformation= true
[23527] INFO ConfigurationProperties - p:overridemaxtime= true
[23527] INFO ConfigurationProperties - p:outputjsonresult= true
[23527] INFO ConfigurationProperties - p:allpoints= false
[23527] INFO ConfigurationProperties - p:antipattern= false
[23527] INFO ConfigurationProperties - p:bugId= 280
[23527] INFO ConfigurationProperties - p:evosuitetimeout= 120
[23528] INFO ConfigurationProperties - p:maxtimefactor= 10
[23528] INFO ConfigurationProperties - p:nrPlaceholders= 1
[23528] INFO ConfigurationProperties - p:testallcmd= mvn test -pl core -Dhttps.protocols=TLSv1.2 -Denforcer.skip=true -Dcheckstyle.skip=true -Dcobertura.skip=true -DskipITs=true -Drat.skip=true -Dlicense.skip=true -Dpmd.skip=true -Dfindbugs.skip=true -Dgpg.skip=true -Dskip.npm=true -Dskip.gulp=true -Dskip.bower=true -Danimal.sniffer.skip=true -V -B
[23528] INFO ConfigurationProperties - p:forcesubprocesskilling= false
[23528] INFO ConfigurationProperties - ----------------------------
[23529] INFO AstorCoreEngine - mod_point MP=org.apache.struts2.dispatcher.mapper.DefaultActionMapper line: 387, pointed element: CtIfImpl
[23531] INFO AstorCoreEngine - -->op: OP_INSTANCE:
IfExpresionMutOp:(spoon.support.reflect.code.CtInvocationImpl) `org.apache.struts2.dispatcher.mapper.DefaultActionMapper.LOG.isWarnEnabled() ` -topatch--> `!                                                                                                   [...]` (spoon.support.reflect.code.CtUnaryOperatorImpl) 
[24169] INFO main - Run previously failing tests...
[40805] INFO main - Failed tests: 1
[40807] INFO AstorCoreEngine - mod_point MP=org.apache.struts2.dispatcher.mapper.DefaultActionMapper line: 395, pointed element: CtIfImpl
[40808] INFO AstorCoreEngine - -->op: OP_INSTANCE:
IfExpresionMutOp:(spoon.support.reflect.code.CtInvocationImpl) `org.apache.struts2.dispatcher.mapper.DefaultActionMapper.LOG.isDebugEnabled() ` -topatch--> `!                                                                                                   [...]` (spoon.support.reflect.code.CtUnaryOperatorImpl) 
[41069] INFO main - Run previously failing tests...
[58484] INFO main - Failed tests: 1
[58485] INFO AstorCoreEngine - Time Repair Loop (s): 34.957
[58485] INFO AstorCoreEngine - generationsexecuted: 1
[58485] WARN AstorCoreEngine - ----SUMMARY_EXECUTION---
[58485] WARN AstorCoreEngine - End Repair Search: NOT Found solution
[58485] WARN AstorCoreEngine - Number suspicious:1
[58486] INFO AstorCoreEngine - 
 --SOLUTIONS DESCRIPTION--


Astor Output:

General stats:
EXECUTION_IDENTIFIER=apache_struts-VUL4J-31
TOTAL_TIME=34.957
NR_GENERATIONS=null
NR_RIGHT_COMPILATIONS=2
NR_FAILLING_COMPILATIONS=null
NR_ERRONEOUS_VARIANCES=null
NR_FAILING_VALIDATION_PROCESS=null
OUTPUT_STATUS=EXHAUSTIVE_NAVIGATED

Patch stats:

[58495] INFO Stats - Storing ing JSON at /workdir/jMutRepair_vul4j_apache_struts_VUL4J-31/./output_astor/AstorMain-apache_struts-VUL4J-31//astor_output.json
[58496] INFO Stats - astor_output:
{"general":{"NR_RIGHT_COMPILATIONS":2,"NR_ERRONEOUS_VARIANCES":null,"EXECUTION_IDENTIFIER":"apache_struts-VUL4J-31","OUTPUT_STATUS":"EXHAUSTIVE_NAVIGATED","NR_FAILLING_COMPILATIONS":null,"NR_GENERATIONS":null,"TOTAL_TIME":34.957,"NR_FAILING_VALIDATION_PROCESS":null},"patches":[]}
[58496] INFO AstorMain - Time Total(s): 58.491
94.94user 5.92system 0:58.79elapsed 171%CPU (0avgtext+0avgdata 588584maxresident)k
160inputs+27120outputs (0major+657181minor)pagefaults 0swaps


Node: 2c8178711f7b



Date: Tue Nov 29 07:28:06 EST 2022

