cd /workdir/jGenProg_vul4j_swagger-api_swagger-parser_VUL4J-77;
export JAVA_TOOL_OPTIONS="-Dfile.encoding=UTF8 -Duser.language=en-US -Duser.country=US -Duser.language=en";
TZ="America/New_York"; export TZ;
export PATH="/usr/lib/jvm/java-8-openjdk-amd64/bin:$PATH";
export JAVA_HOME="/usr/lib/jvm/java-8-openjdk-amd64/bin";
time java -Xmx4g -Xms1g -XX:MaxPermSize=512m -cp /script/../libs/jtestex7.jar:/script/../repair_tools/astor.jar fr.inria.main.evolution.AstorMain \
	-mode jgenprog \
	-location . \
	-id swagger-api_swagger-parser-VUL4J-77 \
	-failing io.swagger.parser.util.SwaggerDeserializerTest#testCVE_2017_1000207 \
	-jvm4testexecution /usr/lib/jvm/java-8-openjdk-amd64/bin \
	-jvm4evosuitetestexecution /usr/lib/jvm/java-8-openjdk-amd64/bin \
	-maxgen 1000000 \
	-maxtime 120 \
	-stopfirst true \
	-seed 0 \
	-scope local \
	-population 1 \
	-javacompliancelevel 8 \
	-faultlocalization perfect \
    -perfectdata /script/../data/benchmarks/vul4j/perfectfl/VUL4J-77 \
    -validation externalcmd \
    -testfailingcmd "mvn -pl modules/swagger-parser -Dtest="io.swagger.parser.util.*" -Dhttps.protocols=TLSv1.2 -Denforcer.skip=true -Dcheckstyle.skip=true -Dcobertura.skip=true -DskipITs=true -Drat.skip=true -Dlicense.skip=true -Dpmd.skip=true -Dfindbugs.skip=true -Dgpg.skip=true -Dskip.npm=true -Dskip.gulp=true -Dskip.bower=true -Danimal.sniffer.skip=true -V -B" \
    -testallcmd "mvn test -pl modules/swagger-parser -Dhttps.protocols=TLSv1.2 -Denforcer.skip=true -Dcheckstyle.skip=true -Dcobertura.skip=true -DskipITs=true -Drat.skip=true -Dlicense.skip=true -Dpmd.skip=true -Dfindbugs.skip=true -Dgpg.skip=true -Dskip.npm=true -Dskip.gulp=true -Dskip.bower=true -Danimal.sniffer.skip=true -V -B"  \ \
	-srcjavafolder modules/swagger-parser/src/main/java \
	-srctestfolder modules/swagger-parser/src/test/java \
	-binjavafolder modules/swagger-parser/target/classes \
	-bintestfolder modules/swagger-parser/target/test-classes \
	-parameters x:x \
	-dependencies /workdir/jGenProg_vul4j_swagger-api_swagger-parser_VUL4J-77/modules/swagger-parser/target/classes:/root/.m2/repository/com/fasterxml/jackson/core/jackson-core/2.8.7/jackson-core-2.8.7.jar:/root/.m2/repository/net/sf/jopt-simple/jopt-simple/4.9/jopt-simple-4.9.jar:/root/.m2/repository/org/apache/ant/ant-launcher/1.7.0/ant-launcher-1.7.0.jar:/root/.m2/repository/org/apache/commons/commons-collections4/4.0/commons-collections4-4.0.jar:/root/.m2/repository/org/eclipse/jetty/jetty-util/9.2.13.v20150730/jetty-util-9.2.13.v20150730.jar:/root/.m2/repository/javax/servlet/javax.servlet-api/3.1.0/javax.servlet-api-3.1.0.jar:/root/.m2/repository/org/slf4j/slf4j-api/1.6.3/slf4j-api-1.6.3.jar:/root/.m2/repository/org/slf4j/slf4j-ext/1.6.3/slf4j-ext-1.6.3.jar:/root/.m2/repository/org/ow2/asm/asm/5.0.3/asm-5.0.3.jar:/root/.m2/repository/aopalliance/aopalliance/1.0/aopalliance-1.0.jar:/root/.m2/repository/org/eclipse/jetty/jetty-io/9.2.13.v20150730/jetty-io-9.2.13.v20150730.jar:/root/.m2/repository/org/eclipse/jetty/jetty-security/9.2.13.v20150730/jetty-security-9.2.13.v20150730.jar:/root/.m2/repository/org/jmockit/jmockit/1.19/jmockit-1.19.jar:/root/.m2/repository/org/testng/testng/6.9.6/testng-6.9.6.jar:/root/.m2/repository/junit/junit/4.8.1/junit-4.8.1.jar:/root/.m2/repository/org/slf4j/slf4j-simple/1.6.3/slf4j-simple-1.6.3.jar:/root/.m2/repository/org/eclipse/jetty/jetty-servlet/9.2.13.v20150730/jetty-servlet-9.2.13.v20150730.jar:/root/.m2/repository/org/xmlunit/xmlunit-legacy/2.1.1/xmlunit-legacy-2.1.1.jar:/root/.m2/repository/com/fasterxml/jackson/core/jackson-annotations/2.8.7/jackson-annotations-2.8.7.jar:/root/.m2/repository/commons-codec/commons-codec/1.9/commons-codec-1.9.jar:/root/.m2/repository/org/eclipse/jetty/jetty-server/9.2.13.v20150730/jetty-server-9.2.13.v20150730.jar:/root/.m2/repository/org/beanshell/bsh/2.0b4/bsh-2.0b4.jar:/root/.m2/repository/org/eclipse/jetty/jetty-http/9.2.13.v20150730/jetty-http-9.2.13.v20150730.jar:/root/.m2/repository/org/apache/httpcomponents/httpclient/4.5.1/httpclient-4.5.1.jar:/root/.m2/repository/com/fasterxml/jackson/core/jackson-databind/2.8.7/jackson-databind-2.8.7.jar:/root/.m2/repository/javax/inject/javax.inject/1/javax.inject-1.jar:/root/.m2/repository/com/jayway/jsonpath/json-path/2.2.0/json-path-2.2.0.jar:/root/.m2/repository/com/github/tomakehurst/wiremock/2.4.1/wiremock-2.4.1.jar:/root/.m2/repository/ch/qos/cal10n/cal10n-api/0.7.4/cal10n-api-0.7.4.jar:/root/.m2/repository/org/eclipse/jetty/jetty-continuation/9.2.13.v20150730/jetty-continuation-9.2.13.v20150730.jar:/root/.m2/repository/commons-io/commons-io/2.4/commons-io-2.4.jar:/root/.m2/repository/com/beust/jcommander/1.48/jcommander-1.48.jar:/root/.m2/repository/org/yaml/snakeyaml/1.17/snakeyaml-1.17.jar:/root/.m2/repository/org/xmlunit/xmlunit-core/2.1.1/xmlunit-core-2.1.1.jar:/root/.m2/repository/com/google/inject/guice/4.0/guice-4.0-no_aop.jar:/root/.m2/repository/com/flipkart/zjsonpatch/zjsonpatch/0.2.1/zjsonpatch-0.2.1.jar:/root/.m2/repository/io/swagger/swagger-core/1.5.15/swagger-core-1.5.15-tests.jar:/root/.m2/repository/org/eclipse/jetty/jetty-servlets/9.2.13.v20150730/jetty-servlets-9.2.13.v20150730.jar:/root/.m2/repository/com/fasterxml/jackson/dataformat/jackson-dataformat-yaml/2.8.7/jackson-dataformat-yaml-2.8.7.jar:/root/.m2/repository/io/swagger/swagger-models/1.5.15/swagger-models-1.5.15.jar:/root/.m2/repository/io/swagger/swagger-core/1.5.15/swagger-core-1.5.15.jar:/root/.m2/repository/io/swagger/swagger-annotations/1.5.15/swagger-annotations-1.5.15.jar:/root/.m2/repository/net/minidev/accessors-smart/1.1/accessors-smart-1.1.jar:/root/.m2/repository/javax/validation/validation-api/1.1.0.Final/validation-api-1.1.0.Final.jar:/root/.m2/repository/net/minidev/json-smart/2.2.1/json-smart-2.2.1.jar:/root/.m2/repository/org/apache/httpcomponents/httpcore/4.4.3/httpcore-4.4.3.jar:/root/.m2/repository/org/eclipse/jetty/jetty-xml/9.2.13.v20150730/jetty-xml-9.2.13.v20150730.jar:/root/.m2/repository/org/eclipse/jetty/jetty-webapp/9.2.13.v20150730/jetty-webapp-9.2.13.v20150730.jar:/root/.m2/repository/com/google/guava/guava/20.0/guava-20.0.jar:/root/.m2/repository/org/apache/commons/commons-lang3/3.2.1/commons-lang3-3.2.1.jar:/root/.m2/repository/commons-logging/commons-logging/1.2/commons-logging-1.2.jar:/root/.m2/repository/org/apache/ant/ant/1.7.0/ant-1.7.0.jar;
	echo "\n\nNode: `hostname`\n";
	echo "\n\nDate: `date`\n";
Picked up JAVA_TOOL_OPTIONS: -Dfile.encoding=UTF8 -Duser.language=en-US -Duser.country=US -Duser.language=en
OpenJDK 64-Bit Server VM warning: ignoring option MaxPermSize=512m; support was removed in 8.0
[1] INFO ProjectConfiguration - Version of the JVM used: 1.8.0_342
[1] INFO main - Java version of the JDK used to run tests: 1.8.0_342
[1] INFO main - The compliance of the JVM is:  8
[4] INFO main - command line arguments: [-mode  jgenprog  -location  .  -id  swagger-api_swagger-parser-VUL4J-77  -failing  io.swagger.parser.util.SwaggerDeserializerTest#testCVE_2017_1000207  -jvm4testexecution  /usr/lib/jvm/java-8-openjdk-amd64/bin  -jvm4evosuitetestexecution  /usr/lib/jvm/java-8-openjdk-amd64/bin  -maxgen  1000000  -maxtime  120  -stopfirst  true  -seed  0  -scope  local  -population  1  -javacompliancelevel  8  -faultlocalization  perfect  -perfectdata  /script/../data/benchmarks/vul4j/perfectfl/VUL4J-77  -validation  externalcmd  -testfailingcmd  mvn -pl modules/swagger-parser -Dtest=io.swagger.parser.util.* -Dhttps.protocols=TLSv1.2 -Denforcer.skip=true -Dcheckstyle.skip=true -Dcobertura.skip=true -DskipITs=true -Drat.skip=true -Dlicense.skip=true -Dpmd.skip=true -Dfindbugs.skip=true -Dgpg.skip=true -Dskip.npm=true -Dskip.gulp=true -Dskip.bower=true -Danimal.sniffer.skip=true -V -B  -testallcmd  mvn test -pl modules/swagger-parser -Dhttps.protocols=TLSv1.2 -Denforcer.skip=true -Dcheckstyle.skip=true -Dcobertura.skip=true -DskipITs=true -Drat.skip=true -Dlicense.skip=true -Dpmd.skip=true -Dfindbugs.skip=true -Dgpg.skip=true -Dskip.npm=true -Dskip.gulp=true -Dskip.bower=true -Danimal.sniffer.skip=true -V -B     -srcjavafolder  modules/swagger-parser/src/main/java  -srctestfolder  modules/swagger-parser/src/test/java  -binjavafolder  modules/swagger-parser/target/classes  -bintestfolder  modules/swagger-parser/target/test-classes  -parameters  x:x  -dependencies  /workdir/jGenProg_vul4j_swagger-api_swagger-parser_VUL4J-77/modules/swagger-parser/target/classes:/root/.m2/repository/com/fasterxml/jackson/core/jackson-core/2.8.7/jackson-core-2.8.7.jar:/root/.m2/repository/net/sf/jopt-simple/jopt-simple/4.9/jopt-simple-4.9.jar:/root/.m2/repository/org/apache/ant/ant-launcher/1.7.0/ant-launcher-1.7.0.jar:/root/.m2/repository/org/apache/commons/commons-collections4/4.0/commons-collections4-4.0.jar:/root/.m2/repository/org/eclipse/jetty/jetty-util/9.2.13.v20150730/jetty-util-9.2.13.v20150730.jar:/root/.m2/repository/javax/servlet/javax.servlet-api/3.1.0/javax.servlet-api-3.1.0.jar:/root/.m2/repository/org/slf4j/slf4j-api/1.6.3/slf4j-api-1.6.3.jar:/root/.m2/repository/org/slf4j/slf4j-ext/1.6.3/slf4j-ext-1.6.3.jar:/root/.m2/repository/org/ow2/asm/asm/5.0.3/asm-5.0.3.jar:/root/.m2/repository/aopalliance/aopalliance/1.0/aopalliance-1.0.jar:/root/.m2/repository/org/eclipse/jetty/jetty-io/9.2.13.v20150730/jetty-io-9.2.13.v20150730.jar:/root/.m2/repository/org/eclipse/jetty/jetty-security/9.2.13.v20150730/jetty-security-9.2.13.v20150730.jar:/root/.m2/repository/org/jmockit/jmockit/1.19/jmockit-1.19.jar:/root/.m2/repository/org/testng/testng/6.9.6/testng-6.9.6.jar:/root/.m2/repository/junit/junit/4.8.1/junit-4.8.1.jar:/root/.m2/repository/org/slf4j/slf4j-simple/1.6.3/slf4j-simple-1.6.3.jar:/root/.m2/repository/org/eclipse/jetty/jetty-servlet/9.2.13.v20150730/jetty-servlet-9.2.13.v20150730.jar:/root/.m2/repository/org/xmlunit/xmlunit-legacy/2.1.1/xmlunit-legacy-2.1.1.jar:/root/.m2/repository/com/fasterxml/jackson/core/jackson-annotations/2.8.7/jackson-annotations-2.8.7.jar:/root/.m2/repository/commons-codec/commons-codec/1.9/commons-codec-1.9.jar:/root/.m2/repository/org/eclipse/jetty/jetty-server/9.2.13.v20150730/jetty-server-9.2.13.v20150730.jar:/root/.m2/repository/org/beanshell/bsh/2.0b4/bsh-2.0b4.jar:/root/.m2/repository/org/eclipse/jetty/jetty-http/9.2.13.v20150730/jetty-http-9.2.13.v20150730.jar:/root/.m2/repository/org/apache/httpcomponents/httpclient/4.5.1/httpclient-4.5.1.jar:/root/.m2/repository/com/fasterxml/jackson/core/jackson-databind/2.8.7/jackson-databind-2.8.7.jar:/root/.m2/repository/javax/inject/javax.inject/1/javax.inject-1.jar:/root/.m2/repository/com/jayway/jsonpath/json-path/2.2.0/json-path-2.2.0.jar:/root/.m2/repository/com/github/tomakehurst/wiremock/2.4.1/wiremock-2.4.1.jar:/root/.m2/repository/ch/qos/cal10n/cal10n-api/0.7.4/cal10n-api-0.7.4.jar:/root/.m2/repository/org/eclipse/jetty/jetty-continuation/9.2.13.v20150730/jetty-continuation-9.2.13.v20150730.jar:/root/.m2/repository/commons-io/commons-io/2.4/commons-io-2.4.jar:/root/.m2/repository/com/beust/jcommander/1.48/jcommander-1.48.jar:/root/.m2/repository/org/yaml/snakeyaml/1.17/snakeyaml-1.17.jar:/root/.m2/repository/org/xmlunit/xmlunit-core/2.1.1/xmlunit-core-2.1.1.jar:/root/.m2/repository/com/google/inject/guice/4.0/guice-4.0-no_aop.jar:/root/.m2/repository/com/flipkart/zjsonpatch/zjsonpatch/0.2.1/zjsonpatch-0.2.1.jar:/root/.m2/repository/io/swagger/swagger-core/1.5.15/swagger-core-1.5.15-tests.jar:/root/.m2/repository/org/eclipse/jetty/jetty-servlets/9.2.13.v20150730/jetty-servlets-9.2.13.v20150730.jar:/root/.m2/repository/com/fasterxml/jackson/dataformat/jackson-dataformat-yaml/2.8.7/jackson-dataformat-yaml-2.8.7.jar:/root/.m2/repository/io/swagger/swagger-models/1.5.15/swagger-models-1.5.15.jar:/root/.m2/repository/io/swagger/swagger-core/1.5.15/swagger-core-1.5.15.jar:/root/.m2/repository/io/swagger/swagger-annotations/1.5.15/swagger-annotations-1.5.15.jar:/root/.m2/repository/net/minidev/accessors-smart/1.1/accessors-smart-1.1.jar:/root/.m2/repository/javax/validation/validation-api/1.1.0.Final/validation-api-1.1.0.Final.jar:/root/.m2/repository/net/minidev/json-smart/2.2.1/json-smart-2.2.1.jar:/root/.m2/repository/org/apache/httpcomponents/httpcore/4.4.3/httpcore-4.4.3.jar:/root/.m2/repository/org/eclipse/jetty/jetty-xml/9.2.13.v20150730/jetty-xml-9.2.13.v20150730.jar:/root/.m2/repository/org/eclipse/jetty/jetty-webapp/9.2.13.v20150730/jetty-webapp-9.2.13.v20150730.jar:/root/.m2/repository/com/google/guava/guava/20.0/guava-20.0.jar:/root/.m2/repository/org/apache/commons/commons-lang3/3.2.1/commons-lang3-3.2.1.jar:/root/.m2/repository/commons-logging/commons-logging/1.2/commons-logging-1.2.jar:/root/.m2/repository/org/apache/ant/ant/1.7.0/ant-1.7.0.jar]
[6] INFO AstorMain - Running Astor on a JDK at /usr/lib/jvm/java-8-openjdk-amd64/jre
[14] INFO main - Source folders: [/workdir/jGenProg_vul4j_swagger-api_swagger-parser_VUL4J-77/./modules/swagger-parser/src/main/java]
[15] INFO main - Source Test folders: [/workdir/jGenProg_vul4j_swagger-api_swagger-parser_VUL4J-77/./modules/swagger-parser/src/test/java]
[836] INFO AstorCoreEngine - ---- Creating spoon model
[871] INFO MutationSupporter - Creating model,  Code location from working folder: /workdir/jGenProg_vul4j_swagger-api_swagger-parser_VUL4J-77/./modules/swagger-parser/src/main/java
[871] INFO MutationSupporter - building model: /workdir/jGenProg_vul4j_swagger-api_swagger-parser_VUL4J-77/./modules/swagger-parser/src/main/java, compliance level: 8
[882] INFO MutationSupporter - Classpath (Dependencies) for building SpoonModel: [/workdir/jGenProg_vul4j_swagger-api_swagger-parser_VUL4J-77/modules/swagger-parser/target/classes/, /root/.m2/repository/com/fasterxml/jackson/core/jackson-core/2.8.7/jackson-core-2.8.7.jar, /root/.m2/repository/net/sf/jopt-simple/jopt-simple/4.9/jopt-simple-4.9.jar, /root/.m2/repository/org/apache/ant/ant-launcher/1.7.0/ant-launcher-1.7.0.jar, /root/.m2/repository/org/apache/commons/commons-collections4/4.0/commons-collections4-4.0.jar, /root/.m2/repository/org/eclipse/jetty/jetty-util/9.2.13.v20150730/jetty-util-9.2.13.v20150730.jar, /root/.m2/repository/javax/servlet/javax.servlet-api/3.1.0/javax.servlet-api-3.1.0.jar, /root/.m2/repository/org/slf4j/slf4j-api/1.6.3/slf4j-api-1.6.3.jar, /root/.m2/repository/org/slf4j/slf4j-ext/1.6.3/slf4j-ext-1.6.3.jar, /root/.m2/repository/org/ow2/asm/asm/5.0.3/asm-5.0.3.jar, /root/.m2/repository/aopalliance/aopalliance/1.0/aopalliance-1.0.jar, /root/.m2/repository/org/eclipse/jetty/jetty-io/9.2.13.v20150730/jetty-io-9.2.13.v20150730.jar, /root/.m2/repository/org/eclipse/jetty/jetty-security/9.2.13.v20150730/jetty-security-9.2.13.v20150730.jar, /root/.m2/repository/org/jmockit/jmockit/1.19/jmockit-1.19.jar, /root/.m2/repository/org/testng/testng/6.9.6/testng-6.9.6.jar, /root/.m2/repository/junit/junit/4.8.1/junit-4.8.1.jar, /root/.m2/repository/org/slf4j/slf4j-simple/1.6.3/slf4j-simple-1.6.3.jar, /root/.m2/repository/org/eclipse/jetty/jetty-servlet/9.2.13.v20150730/jetty-servlet-9.2.13.v20150730.jar, /root/.m2/repository/org/xmlunit/xmlunit-legacy/2.1.1/xmlunit-legacy-2.1.1.jar, /root/.m2/repository/com/fasterxml/jackson/core/jackson-annotations/2.8.7/jackson-annotations-2.8.7.jar, /root/.m2/repository/commons-codec/commons-codec/1.9/commons-codec-1.9.jar, /root/.m2/repository/org/eclipse/jetty/jetty-server/9.2.13.v20150730/jetty-server-9.2.13.v20150730.jar, /root/.m2/repository/org/beanshell/bsh/2.0b4/bsh-2.0b4.jar, /root/.m2/repository/org/eclipse/jetty/jetty-http/9.2.13.v20150730/jetty-http-9.2.13.v20150730.jar, /root/.m2/repository/org/apache/httpcomponents/httpclient/4.5.1/httpclient-4.5.1.jar, /root/.m2/repository/com/fasterxml/jackson/core/jackson-databind/2.8.7/jackson-databind-2.8.7.jar, /root/.m2/repository/javax/inject/javax.inject/1/javax.inject-1.jar, /root/.m2/repository/com/jayway/jsonpath/json-path/2.2.0/json-path-2.2.0.jar, /root/.m2/repository/com/github/tomakehurst/wiremock/2.4.1/wiremock-2.4.1.jar, /root/.m2/repository/ch/qos/cal10n/cal10n-api/0.7.4/cal10n-api-0.7.4.jar, /root/.m2/repository/org/eclipse/jetty/jetty-continuation/9.2.13.v20150730/jetty-continuation-9.2.13.v20150730.jar, /root/.m2/repository/commons-io/commons-io/2.4/commons-io-2.4.jar, /root/.m2/repository/com/beust/jcommander/1.48/jcommander-1.48.jar, /root/.m2/repository/org/yaml/snakeyaml/1.17/snakeyaml-1.17.jar, /root/.m2/repository/org/xmlunit/xmlunit-core/2.1.1/xmlunit-core-2.1.1.jar, /root/.m2/repository/com/google/inject/guice/4.0/guice-4.0-no_aop.jar, /root/.m2/repository/com/flipkart/zjsonpatch/zjsonpatch/0.2.1/zjsonpatch-0.2.1.jar, /root/.m2/repository/io/swagger/swagger-core/1.5.15/swagger-core-1.5.15-tests.jar, /root/.m2/repository/org/eclipse/jetty/jetty-servlets/9.2.13.v20150730/jetty-servlets-9.2.13.v20150730.jar, /root/.m2/repository/com/fasterxml/jackson/dataformat/jackson-dataformat-yaml/2.8.7/jackson-dataformat-yaml-2.8.7.jar, /root/.m2/repository/io/swagger/swagger-models/1.5.15/swagger-models-1.5.15.jar, /root/.m2/repository/io/swagger/swagger-core/1.5.15/swagger-core-1.5.15.jar, /root/.m2/repository/io/swagger/swagger-annotations/1.5.15/swagger-annotations-1.5.15.jar, /root/.m2/repository/net/minidev/accessors-smart/1.1/accessors-smart-1.1.jar, /root/.m2/repository/javax/validation/validation-api/1.1.0.Final/validation-api-1.1.0.Final.jar, /root/.m2/repository/net/minidev/json-smart/2.2.1/json-smart-2.2.1.jar, /root/.m2/repository/org/apache/httpcomponents/httpcore/4.4.3/httpcore-4.4.3.jar, /root/.m2/repository/org/eclipse/jetty/jetty-xml/9.2.13.v20150730/jetty-xml-9.2.13.v20150730.jar, /root/.m2/repository/org/eclipse/jetty/jetty-webapp/9.2.13.v20150730/jetty-webapp-9.2.13.v20150730.jar, /root/.m2/repository/com/google/guava/guava/20.0/guava-20.0.jar, /root/.m2/repository/org/apache/commons/commons-lang3/3.2.1/commons-lang3-3.2.1.jar, /root/.m2/repository/commons-logging/commons-logging/1.2/commons-logging-1.2.jar, /root/.m2/repository/org/apache/ant/ant/1.7.0/ant-1.7.0.jar]
[4098] INFO AstorCoreEngine - Number of CtTypes created: 23
[4128] INFO AstorCoreEngine - Test retrieved from classes: 0
[4185] INFO AstorCoreEngine - Setting up the max to 570 milliseconds (0 sec)
[4185] INFO AstorCoreEngine - ---- Initial suspicious size: 2
[4221] INFO main - Total suspicious from FL: 2,  2
[4221] INFO main - Total ModPoint created: 2
[4221] INFO main - Creating program variant #1, [Variant id: 1, #gens: 2, #ops: 0, parent:-]
[4222] INFO main - Run previously failing tests...
[22465] INFO main - Failed tests: 1
[22466] INFO AstorCoreEngine - The original fitness is : 1.0
[22685] WARN ConfigurationProperties - ----------------------------
[22685] INFO ConfigurationProperties - ---Configuration properties
[22686] INFO ConfigurationProperties - p:lastJUnitVersion= ./examples/libs/junit-4.11.jar
[22686] INFO ConfigurationProperties - p:alternativecompliancelevel= 8
[22686] INFO ConfigurationProperties - p:ignoredTestCases= 
[22686] INFO ConfigurationProperties - p:workingDirectory= /workdir/jGenProg_vul4j_swagger-api_swagger-parser_VUL4J-77/./output_astor
[22686] INFO ConfigurationProperties - p:manipulatesuper= false
[22686] INFO ConfigurationProperties - p:validation= externalcmd
[22686] INFO ConfigurationProperties - p:jvm4testexecution= /usr/lib/jvm/java-8-openjdk-amd64/bin
[22686] INFO ConfigurationProperties - p:operatorspace= irr-statements
[22686] INFO ConfigurationProperties - p:diffcontext= 0
[22686] INFO ConfigurationProperties - p:binjavafolder= modules/swagger-parser/target/classes
[22686] INFO ConfigurationProperties - p:synthesis_depth= 3
[22686] INFO ConfigurationProperties - p:gzoltartestpackagetoexclude= junit.framework
[22686] INFO ConfigurationProperties - p:skipfitnessinitialpopulation= false
[22686] INFO ConfigurationProperties - p:evosuiteresultfolder= evosuite
[22686] INFO ConfigurationProperties - p:flthreshold= 0.1
[22686] INFO ConfigurationProperties - p:regressionforfaultlocalization= true
[22686] INFO ConfigurationProperties - p:collectonlyusedmethod= false
[22687] INFO ConfigurationProperties - p:preservelinenumbers= true
[22687] INFO ConfigurationProperties - p:tmax2= 570
[22687] INFO ConfigurationProperties - p:tmax1= 10000
[22687] INFO ConfigurationProperties - p:probagenmutation= false
[22687] INFO ConfigurationProperties - p:nomodificationconvergence= 100
[22687] INFO ConfigurationProperties - p:diff_type= relative
[22687] INFO ConfigurationProperties - p:targetelementprocessor= statements
[22687] INFO ConfigurationProperties - p:srctestfolder= modules/swagger-parser/src/test/java
[22687] INFO ConfigurationProperties - p:forceExecuteRegression= false
[22687] INFO ConfigurationProperties - p:clusteringfilename= clustering.csv
[22687] INFO ConfigurationProperties - p:failing= io.swagger.parser.util.SwaggerDeserializerTest#testCVE_2017_1000207
[22687] INFO ConfigurationProperties - p:logtestexecution= false
[22687] INFO ConfigurationProperties - p:evo_buggy_class= true
[22687] INFO ConfigurationProperties - p:numberExecutions= 1
[22687] INFO ConfigurationProperties - p:maxnumbersolutions= 1000000
[22687] INFO ConfigurationProperties - p:evo_affected_by_op= true
[22687] INFO ConfigurationProperties - p:population= 1
[22687] INFO ConfigurationProperties - p:considerzerovaluesusp= false
[22687] INFO ConfigurationProperties - p:maxCombinationVariableLimit= false
[22687] INFO ConfigurationProperties - p:savesolution= true
[22687] INFO ConfigurationProperties - p:javacompliancelevel= 8
[22688] INFO ConfigurationProperties - p:x= x
[22688] INFO ConfigurationProperties - p:uniqueoptogen= false
[22688] INFO ConfigurationProperties - p:gzoltarpackagetonotinstrument= junit.framework
[22688] INFO ConfigurationProperties - p:projectIdentifier= swagger-api_swagger-parser-VUL4J-77
[22688] INFO ConfigurationProperties - p:modificationpointnavigation= weight
[22688] INFO ConfigurationProperties - p:stopfirst= true
[22688] INFO ConfigurationProperties - p:multipointmodification= false
[22688] INFO ConfigurationProperties - p:elementsToMutate= 10
[22688] INFO ConfigurationProperties - p:jsonoutputname= astor_output
[22688] INFO ConfigurationProperties - p:evoDSE= false
[22688] INFO ConfigurationProperties - p:bintestfolder= modules/swagger-parser/target/test-classes
[22688] INFO ConfigurationProperties - p:testbystep= false
[22688] INFO ConfigurationProperties - p:version-location= ./math-version/
[22688] INFO ConfigurationProperties - p:reintroduce= PARENTS:ORIGINAL
[22688] INFO ConfigurationProperties - p:perfectdata= /script/../data/benchmarks/vul4j/perfectfl/VUL4J-77
[22688] INFO ConfigurationProperties - p:executorjar= ./lib/jtestex7.jar
[22688] INFO ConfigurationProperties - p:maxGeneration= 1000000
[22688] INFO ConfigurationProperties - p:max_synthesis_step= 10000
[22688] INFO ConfigurationProperties - p:projectinfocommand= com.github.tdurieux:project-config-maven-plugin:info
[22688] INFO ConfigurationProperties - p:maxVarCombination= 1000
[22689] INFO ConfigurationProperties - p:maxtime= 120
[22689] INFO ConfigurationProperties - p:evosuitejar= ./lib/evosuite-master-1.0.4-SNAPSHOT.jar
[22689] INFO ConfigurationProperties - p:jvmversion= 1.8.0_342
[22689] INFO ConfigurationProperties - p:commandTrunk= 50000
[22689] INFO ConfigurationProperties - p:faultlocalization= perfect
[22689] INFO ConfigurationProperties - p:resetmodel= true
[22689] INFO ConfigurationProperties - p:maxsuspcandidates= 1000
[22689] INFO ConfigurationProperties - p:mode= jgenprog
[22689] INFO ConfigurationProperties - p:learningdir= 
[22690] INFO ConfigurationProperties - p:jvm4evosuitetestexecution= /usr/lib/jvm/java-8-openjdk-amd64/bin
[22690] INFO ConfigurationProperties - p:filterfaultlocalization= true
[22690] INFO ConfigurationProperties - p:mutationrate= 1 
[22690] INFO ConfigurationProperties - p:pathToMVNRepository= 
[22690] INFO ConfigurationProperties - p:resourcesfolder= /src/main/resources:/src/test/resources:
[22690] INFO ConfigurationProperties - p:timezone= America/Los_Angeles
[22690] INFO ConfigurationProperties - p:runjava7code= false
[22690] INFO ConfigurationProperties - p:testfailingcmd= mvn -pl modules/swagger-parser -Dtest=io.swagger.parser.util.* -Dhttps.protocols=TLSv1.2 -Denforcer.skip=true -Dcheckstyle.skip=true -Dcobertura.skip=true -DskipITs=true -Drat.skip=true -Dlicense.skip=true -Dpmd.skip=true -Dfindbugs.skip=true -Dgpg.skip=true -Dskip.npm=true -Dskip.gulp=true -Dskip.bower=true -Danimal.sniffer.skip=true -V -B
[22690] INFO ConfigurationProperties - p:evoRunOnBuggyClass= true
[22690] INFO ConfigurationProperties - p:compiler= fr.inria.astor.core.manipulation.bytecode.compiler.SpoonClassCompiler
[22690] INFO ConfigurationProperties - p:limitbysuspicious= true
[22690] INFO ConfigurationProperties - p:logsattemps= true
[22690] INFO ConfigurationProperties - p:dependenciespath= /workdir/jGenProg_vul4j_swagger-api_swagger-parser_VUL4J-77/modules/swagger-parser/target/classes:/root/.m2/repository/com/fasterxml/jackson/core/jackson-core/2.8.7/jackson-core-2.8.7.jar:/root/.m2/repository/net/sf/jopt-simple/jopt-simple/4.9/jopt-simple-4.9.jar:/root/.m2/repository/org/apache/ant/ant-launcher/1.7.0/ant-launcher-1.7.0.jar:/root/.m2/repository/org/apache/commons/commons-collections4/4.0/commons-collections4-4.0.jar:/root/.m2/repository/org/eclipse/jetty/jetty-util/9.2.13.v20150730/jetty-util-9.2.13.v20150730.jar:/root/.m2/repository/javax/servlet/javax.servlet-api/3.1.0/javax.servlet-api-3.1.0.jar:/root/.m2/repository/org/slf4j/slf4j-api/1.6.3/slf4j-api-1.6.3.jar:/root/.m2/repository/org/slf4j/slf4j-ext/1.6.3/slf4j-ext-1.6.3.jar:/root/.m2/repository/org/ow2/asm/asm/5.0.3/asm-5.0.3.jar:/root/.m2/repository/aopalliance/aopalliance/1.0/aopalliance-1.0.jar:/root/.m2/repository/org/eclipse/jetty/jetty-io/9.2.13.v20150730/jetty-io-9.2.13.v20150730.jar:/root/.m2/repository/org/eclipse/jetty/jetty-security/9.2.13.v20150730/jetty-security-9.2.13.v20150730.jar:/root/.m2/repository/org/jmockit/jmockit/1.19/jmockit-1.19.jar:/root/.m2/repository/org/testng/testng/6.9.6/testng-6.9.6.jar:/root/.m2/repository/junit/junit/4.8.1/junit-4.8.1.jar:/root/.m2/repository/org/slf4j/slf4j-simple/1.6.3/slf4j-simple-1.6.3.jar:/root/.m2/repository/org/eclipse/jetty/jetty-servlet/9.2.13.v20150730/jetty-servlet-9.2.13.v20150730.jar:/root/.m2/repository/org/xmlunit/xmlunit-legacy/2.1.1/xmlunit-legacy-2.1.1.jar:/root/.m2/repository/com/fasterxml/jackson/core/jackson-annotations/2.8.7/jackson-annotations-2.8.7.jar:/root/.m2/repository/commons-codec/commons-codec/1.9/commons-codec-1.9.jar:/root/.m2/repository/org/eclipse/jetty/jetty-server/9.2.13.v20150730/jetty-server-9.2.13.v20150730.jar:/root/.m2/repository/org/beanshell/bsh/2.0b4/bsh-2.0b4.jar:/root/.m2/repository/org/eclipse/jetty/jetty-http/9.2.13.v20150730/jetty-http-9.2.13.v20150730.jar:/root/.m2/repository/org/apache/httpcomponents/httpclient/4.5.1/httpclient-4.5.1.jar:/root/.m2/repository/com/fasterxml/jackson/core/jackson-databind/2.8.7/jackson-databind-2.8.7.jar:/root/.m2/repository/javax/inject/javax.inject/1/javax.inject-1.jar:/root/.m2/repository/com/jayway/jsonpath/json-path/2.2.0/json-path-2.2.0.jar:/root/.m2/repository/com/github/tomakehurst/wiremock/2.4.1/wiremock-2.4.1.jar:/root/.m2/repository/ch/qos/cal10n/cal10n-api/0.7.4/cal10n-api-0.7.4.jar:/root/.m2/repository/org/eclipse/jetty/jetty-continuation/9.2.13.v20150730/jetty-continuation-9.2.13.v20150730.jar:/root/.m2/repository/commons-io/commons-io/2.4/commons-io-2.4.jar:/root/.m2/repository/com/beust/jcommander/1.48/jcommander-1.48.jar:/root/.m2/repository/org/yaml/snakeyaml/1.17/snakeyaml-1.17.jar:/root/.m2/repository/org/xmlunit/xmlunit-core/2.1.1/xmlunit-core-2.1.1.jar:/root/.m2/repository/com/google/inject/guice/4.0/guice-4.0-no_aop.jar:/root/.m2/repository/com/flipkart/zjsonpatch/zjsonpatch/0.2.1/zjsonpatch-0.2.1.jar:/root/.m2/repository/io/swagger/swagger-core/1.5.15/swagger-core-1.5.15-tests.jar:/root/.m2/repository/org/eclipse/jetty/jetty-servlets/9.2.13.v20150730/jetty-servlets-9.2.13.v20150730.jar:/root/.m2/repository/com/fasterxml/jackson/dataformat/jackson-dataformat-yaml/2.8.7/jackson-dataformat-yaml-2.8.7.jar:/root/.m2/repository/io/swagger/swagger-models/1.5.15/swagger-models-1.5.15.jar:/root/.m2/repository/io/swagger/swagger-core/1.5.15/swagger-core-1.5.15.jar:/root/.m2/repository/io/swagger/swagger-annotations/1.5.15/swagger-annotations-1.5.15.jar:/root/.m2/repository/net/minidev/accessors-smart/1.1/accessors-smart-1.1.jar:/root/.m2/repository/javax/validation/validation-api/1.1.0.Final/validation-api-1.1.0.Final.jar:/root/.m2/repository/net/minidev/json-smart/2.2.1/json-smart-2.2.1.jar:/root/.m2/repository/org/apache/httpcomponents/httpcore/4.4.3/httpcore-4.4.3.jar:/root/.m2/repository/org/eclipse/jetty/jetty-xml/9.2.13.v20150730/jetty-xml-9.2.13.v20150730.jar:/root/.m2/repository/org/eclipse/jetty/jetty-webapp/9.2.13.v20150730/jetty-webapp-9.2.13.v20150730.jar:/root/.m2/repository/com/google/guava/guava/20.0/guava-20.0.jar:/root/.m2/repository/org/apache/commons/commons-lang3/3.2.1/commons-lang3-3.2.1.jar:/root/.m2/repository/commons-logging/commons-logging/1.2/commons-logging-1.2.jar:/root/.m2/repository/org/apache/ant/ant/1.7.0/ant-1.7.0.jar
[22691] INFO ConfigurationProperties - p:packageToInstrument= 
[22691] INFO ConfigurationProperties - p:skipfaultlocalization= false
[22691] INFO ConfigurationProperties - p:scope= local
[22691] INFO ConfigurationProperties - p:transformingredient= false
[22691] INFO ConfigurationProperties - p:fitnessfunction= fr.inria.astor.core.solutionsearch.population.TestCaseFitnessFunction
[22691] INFO ConfigurationProperties - p:maxnumvariablesperingredient= 10
[22691] INFO ConfigurationProperties - p:parsesourcefromoriginal= true
[22691] INFO ConfigurationProperties - p:pvariantfoldername= variant-
[22691] INFO ConfigurationProperties - p:savespoonmodelondisk= false
[22691] INFO ConfigurationProperties - p:srcjavafolder= modules/swagger-parser/src/main/java
[22691] INFO ConfigurationProperties - p:populationcontroller= fr.inria.astor.core.solutionsearch.population.TestCaseBasedFitnessPopulationController
[22691] INFO ConfigurationProperties - p:ignoreflakyinfl= false
[22691] INFO ConfigurationProperties - p:cleantemplates= true
[22691] INFO ConfigurationProperties - p:applyCrossover= false
[22691] INFO ConfigurationProperties - p:maxmodificationpoints= 1000
[22691] INFO ConfigurationProperties - p:duplicateingredientsinspace= false
[22691] INFO ConfigurationProperties - p:metid= 0
[22691] INFO ConfigurationProperties - p:continuewhenmodelfail= true
[22691] INFO ConfigurationProperties - p:saveall= false
[22692] INFO ConfigurationProperties - p:seed= 0
[22692] INFO ConfigurationProperties - p:savecompletepatched= true
[22692] INFO ConfigurationProperties - p:resetoperations= false
[22692] INFO ConfigurationProperties - p:keepcomments= false
[22692] INFO ConfigurationProperties - p:processoutputinfile= false
[22692] INFO ConfigurationProperties - p:location= .
[22692] INFO ConfigurationProperties - p:probabilistictransformation= true
[22692] INFO ConfigurationProperties - p:overridemaxtime= true
[22692] INFO ConfigurationProperties - p:outputjsonresult= true
[22692] INFO ConfigurationProperties - p:allpoints= false
[22692] INFO ConfigurationProperties - p:antipattern= false
[22692] INFO ConfigurationProperties - p:bugId= 280
[22692] INFO ConfigurationProperties - p:evosuitetimeout= 120
[22693] INFO ConfigurationProperties - p:maxtimefactor= 10
[22693] INFO ConfigurationProperties - p:nrPlaceholders= 1
[22693] INFO ConfigurationProperties - p:testallcmd= mvn test -pl modules/swagger-parser -Dhttps.protocols=TLSv1.2 -Denforcer.skip=true -Dcheckstyle.skip=true -Dcobertura.skip=true -DskipITs=true -Drat.skip=true -Dlicense.skip=true -Dpmd.skip=true -Dfindbugs.skip=true -Dgpg.skip=true -Dskip.npm=true -Dskip.gulp=true -Dskip.bower=true -Danimal.sniffer.skip=true -V -B
[22693] INFO ConfigurationProperties - p:forcesubprocesskilling= false
[22693] INFO ConfigurationProperties - ----------------------------
[22693] INFO AstorCoreEngine - ----Starting Solution Search
[22693] WARN AstorCoreEngine - ----------Running generation: 1, population size: 1
[22755] WARN AstorCoreEngine - ----------Running generation: 2, population size: 1
[23406] WARN AstorCoreEngine - ----------Running generation: 3, population size: 1
[23580] WARN AstorCoreEngine - ----------Running generation: 4, population size: 1
[23590] WARN AstorCoreEngine - ----------Running generation: 5, population size: 1
[23732] WARN AstorCoreEngine - ----------Running generation: 6, population size: 1
[23760] WARN AstorCoreEngine - ----------Running generation: 7, population size: 1
[23941] INFO main - Run previously failing tests...
[41268] INFO main - Failed tests: 1
[41278] WARN AstorCoreEngine - ----------Running generation: 8, population size: 1
[41290] WARN AstorCoreEngine - ----------Running generation: 9, population size: 1
[41446] WARN AstorCoreEngine - ----------Running generation: 10, population size: 1
[41577] WARN AstorCoreEngine - ----------Running generation: 11, population size: 1
[41587] WARN AstorCoreEngine - ----------Running generation: 12, population size: 1
[41730] INFO main - Run previously failing tests...
[59011] INFO main - Failed tests: 1
[59021] WARN AstorCoreEngine - ----------Running generation: 13, population size: 1
[59165] WARN AstorCoreEngine - ----------Running generation: 14, population size: 1
[59173] WARN AstorCoreEngine - ----------Running generation: 15, population size: 1
[59333] INFO main - Run previously failing tests...
[76897] INFO main - Failed tests: 1
[76908] WARN AstorCoreEngine - ----------Running generation: 16, population size: 1
[76924] WARN AstorCoreEngine - ----------Running generation: 17, population size: 1
[77071] WARN AstorCoreEngine - ----------Running generation: 18, population size: 1
[77198] WARN AstorCoreEngine - ----------Running generation: 19, population size: 1
[77206] WARN AstorCoreEngine - ----------Running generation: 20, population size: 1
[77335] WARN AstorCoreEngine - ----------Running generation: 21, population size: 1
[77344] WARN AstorCoreEngine - ----------Running generation: 22, population size: 1
[77356] WARN AstorCoreEngine - ----------Running generation: 23, population size: 1
[77562] WARN AstorCoreEngine - ----------Running generation: 24, population size: 1
[77685] INFO main - Run previously failing tests...
[95638] INFO main - Failed tests: 1
[95642] WARN AstorCoreEngine - ----------Running generation: 25, population size: 1
[95768] WARN AstorCoreEngine - ----------Running generation: 26, population size: 1
[95896] INFO main - Run previously failing tests...
[113053] INFO main - Failed tests: 1
[113056] WARN AstorCoreEngine - ----------Running generation: 27, population size: 1
[113068] WARN AstorCoreEngine - ----------Running generation: 28, population size: 1
[113076] WARN AstorCoreEngine - ----------Running generation: 29, population size: 1
[113083] WARN AstorCoreEngine - ----------Running generation: 30, population size: 1
[113091] WARN AstorCoreEngine - ----------Running generation: 31, population size: 1
[113098] WARN AstorCoreEngine - ----------Running generation: 32, population size: 1
[113105] WARN AstorCoreEngine - ----------Running generation: 33, population size: 1
[113112] WARN AstorCoreEngine - ----------Running generation: 34, population size: 1
[113117] WARN AstorCoreEngine - ----------Running generation: 35, population size: 1
[113246] WARN AstorCoreEngine - ----------Running generation: 36, population size: 1
[113255] WARN AstorCoreEngine - ----------Running generation: 37, population size: 1
[113261] WARN AstorCoreEngine - ----------Running generation: 38, population size: 1
[113382] WARN AstorCoreEngine - ----------Running generation: 39, population size: 1
[113508] INFO main - Run previously failing tests...
[130831] INFO main - Failed tests: 1
[130839] WARN AstorCoreEngine - ----------Running generation: 40, population size: 1
[130849] WARN AstorCoreEngine - ----------Running generation: 41, population size: 1
[130976] INFO main - Run previously failing tests...
[148448] INFO main - Failed tests: 1
[148453] WARN AstorCoreEngine - ----------Running generation: 42, population size: 1
[148462] WARN AstorCoreEngine - ----------Running generation: 43, population size: 1
[148589] INFO main - Run previously failing tests...
[165979] INFO main - Failed tests: 1
[165983] WARN AstorCoreEngine - ----------Running generation: 44, population size: 1
[165992] WARN AstorCoreEngine - ----------Running generation: 45, population size: 1
[166004] WARN AstorCoreEngine - ----------Running generation: 46, population size: 1
[166131] INFO main - Run previously failing tests...
[183705] INFO main - Failed tests: 1
[183714] WARN AstorCoreEngine - ----------Running generation: 47, population size: 1
[183721] WARN AstorCoreEngine - ----------Running generation: 48, population size: 1
[183731] WARN AstorCoreEngine - ----------Running generation: 49, population size: 1
[183740] WARN AstorCoreEngine - ----------Running generation: 50, population size: 1
[183749] WARN AstorCoreEngine - ----------Running generation: 51, population size: 1
[183757] WARN AstorCoreEngine - ----------Running generation: 52, population size: 1
[183763] WARN AstorCoreEngine - ----------Running generation: 53, population size: 1
[183899] INFO main - Run previously failing tests...
[201336] INFO main - Failed tests: 1
[201338] WARN AstorCoreEngine - ----------Running generation: 54, population size: 1
[201347] WARN AstorCoreEngine - ----------Running generation: 55, population size: 1
[201354] WARN AstorCoreEngine - ----------Running generation: 56, population size: 1
[201362] WARN AstorCoreEngine - ----------Running generation: 57, population size: 1
[201484] INFO main - Run previously failing tests...
[218965] INFO main - Failed tests: 1
[218974] WARN AstorCoreEngine - ----------Running generation: 58, population size: 1
[218988] WARN AstorCoreEngine - ----------Running generation: 59, population size: 1
[218996] WARN AstorCoreEngine - ----------Running generation: 60, population size: 1
[219003] WARN AstorCoreEngine - ----------Running generation: 61, population size: 1
[219011] WARN AstorCoreEngine - ----------Running generation: 62, population size: 1
[219145] INFO main - Run previously failing tests...
[236561] INFO main - Failed tests: 1
[236565] WARN AstorCoreEngine - ----------Running generation: 63, population size: 1
[236573] WARN AstorCoreEngine - ----------Running generation: 64, population size: 1
[236581] WARN AstorCoreEngine - ----------Running generation: 65, population size: 1
[236705] WARN AstorCoreEngine - ----------Running generation: 66, population size: 1
[236712] WARN AstorCoreEngine - ----------Running generation: 67, population size: 1
[236720] WARN AstorCoreEngine - ----------Running generation: 68, population size: 1
[236730] WARN AstorCoreEngine - ----------Running generation: 69, population size: 1
[236847] WARN AstorCoreEngine - ----------Running generation: 70, population size: 1
[236857] WARN AstorCoreEngine - ----------Running generation: 71, population size: 1
[236869] WARN AstorCoreEngine - ----------Running generation: 72, population size: 1
[236988] WARN AstorCoreEngine - ----------Running generation: 73, population size: 1
[236998] WARN AstorCoreEngine - ----------Running generation: 74, population size: 1
[237008] WARN AstorCoreEngine - ----------Running generation: 75, population size: 1
[237015] WARN AstorCoreEngine - ----------Running generation: 76, population size: 1
[237026] WARN AstorCoreEngine - ----------Running generation: 77, population size: 1
[237035] WARN AstorCoreEngine - ----------Running generation: 78, population size: 1
[237043] WARN AstorCoreEngine - ----------Running generation: 79, population size: 1
[237049] WARN AstorCoreEngine - ----------Running generation: 80, population size: 1
[237059] WARN AstorCoreEngine - ----------Running generation: 81, population size: 1
[237066] WARN AstorCoreEngine - ----------Running generation: 82, population size: 1
[237077] WARN AstorCoreEngine - ----------Running generation: 83, population size: 1
[237085] WARN AstorCoreEngine - ----------Running generation: 84, population size: 1
[237093] WARN AstorCoreEngine - ----------Running generation: 85, population size: 1
[237102] WARN AstorCoreEngine - ----------Running generation: 86, population size: 1
[237110] WARN AstorCoreEngine - ----------Running generation: 87, population size: 1
[237123] WARN AstorCoreEngine - ----------Running generation: 88, population size: 1
[237133] WARN AstorCoreEngine - ----------Running generation: 89, population size: 1
[237148] WARN AstorCoreEngine - ----------Running generation: 90, population size: 1
[237158] WARN AstorCoreEngine - ----------Running generation: 91, population size: 1
[237165] WARN AstorCoreEngine - ----------Running generation: 92, population size: 1
[237173] WARN AstorCoreEngine - ----------Running generation: 93, population size: 1
[237182] WARN AstorCoreEngine - ----------Running generation: 94, population size: 1
[237189] WARN AstorCoreEngine - ----------Running generation: 95, population size: 1
[237199] WARN AstorCoreEngine - ----------Running generation: 96, population size: 1
[237209] WARN AstorCoreEngine - ----------Running generation: 97, population size: 1
[237217] WARN AstorCoreEngine - ----------Running generation: 98, population size: 1
[237227] WARN AstorCoreEngine - ----------Running generation: 99, population size: 1
[237239] WARN AstorCoreEngine - ----------Running generation: 100, population size: 1
[237245] WARN AstorCoreEngine - ----------Running generation: 101, population size: 1
[237255] WARN AstorCoreEngine - ----------Running generation: 102, population size: 1
[237274] WARN AstorCoreEngine - ----------Running generation: 103, population size: 1
[237286] WARN AstorCoreEngine - ----------Running generation: 104, population size: 1
[237296] WARN AstorCoreEngine - ----------Running generation: 105, population size: 1
[237309] WARN AstorCoreEngine - ----------Running generation: 106, population size: 1
[237322] WARN AstorCoreEngine - ----------Running generation: 107, population size: 1
[237329] WARN AstorCoreEngine - ----------Running generation: 108, population size: 1
[237339] WARN AstorCoreEngine - ----------Running generation: 109, population size: 1
[237352] WARN AstorCoreEngine - ----------Running generation: 110, population size: 1
[237361] WARN AstorCoreEngine - ----------Running generation: 111, population size: 1
[237370] WARN AstorCoreEngine - ----------Running generation: 112, population size: 1
[237380] WARN AstorCoreEngine - ----------Running generation: 113, population size: 1
[237395] WARN AstorCoreEngine - ----------Running generation: 114, population size: 1
[237404] WARN AstorCoreEngine - ----------Running generation: 115, population size: 1
[237409] WARN AstorCoreEngine - ----------Running generation: 116, population size: 1
[237421] WARN AstorCoreEngine - ----------Running generation: 117, population size: 1
[237427] WARN AstorCoreEngine - ----------Running generation: 118, population size: 1
[237433] WARN AstorCoreEngine - ----------Running generation: 119, population size: 1
[237445] WARN AstorCoreEngine - ----------Running generation: 120, population size: 1
[237450] WARN AstorCoreEngine - ----------Running generation: 121, population size: 1
[237456] WARN AstorCoreEngine - ----------Running generation: 122, population size: 1
[237469] WARN AstorCoreEngine - ----------Running generation: 123, population size: 1
[237475] WARN AstorCoreEngine - ----------Running generation: 124, population size: 1
[237484] WARN AstorCoreEngine - ----------Running generation: 125, population size: 1
[237496] WARN AstorCoreEngine - ----------Running generation: 126, population size: 1
[237503] WARN AstorCoreEngine - ----------Running generation: 127, population size: 1
[237512] WARN AstorCoreEngine - ----------Running generation: 128, population size: 1
[237523] WARN AstorCoreEngine - ----------Running generation: 129, population size: 1
[237535] WARN AstorCoreEngine - ----------Running generation: 130, population size: 1
[237541] WARN AstorCoreEngine - ----------Running generation: 131, population size: 1
[237553] WARN AstorCoreEngine - ----------Running generation: 132, population size: 1
[237563] WARN AstorCoreEngine - ----------Running generation: 133, population size: 1
[237571] WARN AstorCoreEngine - ----------Running generation: 134, population size: 1
[237579] WARN AstorCoreEngine - ----------Running generation: 135, population size: 1
[237588] WARN AstorCoreEngine - ----------Running generation: 136, population size: 1
[237597] WARN AstorCoreEngine - ----------Running generation: 137, population size: 1
[237607] WARN AstorCoreEngine - ----------Running generation: 138, population size: 1
[237617] WARN AstorCoreEngine - ----------Running generation: 139, population size: 1
[237625] WARN AstorCoreEngine - ----------Running generation: 140, population size: 1
[237635] WARN AstorCoreEngine - ----------Running generation: 141, population size: 1
[237645] WARN AstorCoreEngine - ----------Running generation: 142, population size: 1
[237655] WARN AstorCoreEngine - ----------Running generation: 143, population size: 1
[237666] WARN AstorCoreEngine - ----------Running generation: 144, population size: 1
[237677] WARN AstorCoreEngine - ----------Running generation: 145, population size: 1
[237689] WARN AstorCoreEngine - ----------Running generation: 146, population size: 1
[237694] WARN AstorCoreEngine - ----------Running generation: 147, population size: 1
[237786] WARN AstorCoreEngine - ----------Running generation: 148, population size: 1
[237803] WARN AstorCoreEngine - ----------Running generation: 149, population size: 1
[237809] WARN AstorCoreEngine - ----------Running generation: 150, population size: 1
[237819] WARN AstorCoreEngine - ----------Running generation: 151, population size: 1
[237824] WARN AstorCoreEngine - ----------Running generation: 152, population size: 1
[237831] WARN AstorCoreEngine - ----------Running generation: 153, population size: 1
[237837] WARN AstorCoreEngine - ----------Running generation: 154, population size: 1
[237845] WARN AstorCoreEngine - ----------Running generation: 155, population size: 1
[237849] WARN AstorCoreEngine - ----------Running generation: 156, population size: 1
[237858] WARN AstorCoreEngine - ----------Running generation: 157, population size: 1
[237865] WARN AstorCoreEngine - ----------Running generation: 158, population size: 1
[237872] WARN AstorCoreEngine - ----------Running generation: 159, population size: 1
[237876] WARN AstorCoreEngine - ----------Running generation: 160, population size: 1
[237886] WARN AstorCoreEngine - ----------Running generation: 161, population size: 1
[237891] WARN AstorCoreEngine - ----------Running generation: 162, population size: 1
[237895] WARN AstorCoreEngine - ----------Running generation: 163, population size: 1
[237902] WARN AstorCoreEngine - ----------Running generation: 164, population size: 1
[237909] WARN AstorCoreEngine - ----------Running generation: 165, population size: 1
[237918] WARN AstorCoreEngine - ----------Running generation: 166, population size: 1
[237926] WARN AstorCoreEngine - ----------Running generation: 167, population size: 1
[237930] WARN AstorCoreEngine - ----------Running generation: 168, population size: 1
[237936] WARN AstorCoreEngine - ----------Running generation: 169, population size: 1
[237942] WARN AstorCoreEngine - ----------Running generation: 170, population size: 1
[237951] WARN AstorCoreEngine - ----------Running generation: 171, population size: 1
[237958] WARN AstorCoreEngine - ----------Running generation: 172, population size: 1
[237965] ERROR AstorCoreEngine - Stopping main loop at 172 generation
[237966] INFO AstorCoreEngine - Time Repair Loop (s): 215.273
[237966] INFO AstorCoreEngine - generationsexecuted: 172
[237966] WARN AstorCoreEngine - ----SUMMARY_EXECUTION---
[237966] WARN AstorCoreEngine - End Repair Search: NOT Found solution
[237966] WARN AstorCoreEngine - Number suspicious:1
[237968] INFO AstorCoreEngine - 
 --SOLUTIONS DESCRIPTION--


Astor Output:

General stats:
EXECUTION_IDENTIFIER=swagger-api_swagger-parser-VUL4J-77
TOTAL_TIME=215.273
NR_GENERATIONS=172
NR_RIGHT_COMPILATIONS=12
NR_FAILLING_COMPILATIONS=16
NR_ERRONEOUS_VARIANCES=null
NR_FAILING_VALIDATION_PROCESS=null
OUTPUT_STATUS=CONVERGED

Patch stats:

[237975] INFO Stats - Storing ing JSON at /workdir/jGenProg_vul4j_swagger-api_swagger-parser_VUL4J-77/./output_astor/AstorMain-swagger-api_swagger-parser-VUL4J-77//astor_output.json
[237975] INFO Stats - astor_output:
{"general":{"NR_RIGHT_COMPILATIONS":12,"NR_ERRONEOUS_VARIANCES":null,"EXECUTION_IDENTIFIER":"swagger-api_swagger-parser-VUL4J-77","OUTPUT_STATUS":"CONVERGED","NR_FAILLING_COMPILATIONS":16,"NR_GENERATIONS":172,"TOTAL_TIME":215.273,"NR_FAILING_VALIDATION_PROCESS":null},"patches":[]}
[237976] INFO AstorMain - Time Total(s): 237.968
636.96user 52.91system 3:58.51elapsed 289%CPU (0avgtext+0avgdata 742900maxresident)k
1336inputs+33592outputs (3major+3883355minor)pagefaults 0swaps


Node: 7bf757db1356



Date: Tue Nov 29 23:24:30 EST 2022

