cd /workdir/Cardumen_vul4j_swagger-api_swagger-parser_VUL4J-77;
export JAVA_TOOL_OPTIONS="-Dfile.encoding=UTF8 -Duser.language=en-US -Duser.country=US -Duser.language=en";
TZ="America/New_York"; export TZ;
export PATH="/usr/lib/jvm/java-8-openjdk-amd64/bin:$PATH";
export JAVA_HOME="/usr/lib/jvm/java-8-openjdk-amd64/bin";
time java -Xmx4g -Xms1g -XX:MaxPermSize=512m -cp /script/../libs/jtestex7.jar:/script/../repair_tools/astor.jar fr.inria.main.evolution.AstorMain \
	-mode cardumen \
	-location . \
	-id swagger-api_swagger-parser-VUL4J-77 \
	-failing io.swagger.parser.util.SwaggerDeserializerTest#testCVE_2017_1000207 \
	-jvm4testexecution /usr/lib/jvm/java-8-openjdk-amd64/bin \
	-jvm4evosuitetestexecution /usr/lib/jvm/java-8-openjdk-amd64/bin \
	-maxgen 1000000 \
	-maxtime 120 \
	-stopfirst true \
	-seed 0 \
	-scope local \
	-population 1 \
	-javacompliancelevel 8 \
	-faultlocalization perfect \
    -perfectdata /script/../data/benchmarks/vul4j/perfectfl/VUL4J-77 \
    -validation externalcmd \
    -testfailingcmd "mvn -pl modules/swagger-parser -Dtest="io.swagger.parser.util.*" -Dhttps.protocols=TLSv1.2 -Denforcer.skip=true -Dcheckstyle.skip=true -Dcobertura.skip=true -DskipITs=true -Drat.skip=true -Dlicense.skip=true -Dpmd.skip=true -Dfindbugs.skip=true -Dgpg.skip=true -Dskip.npm=true -Dskip.gulp=true -Dskip.bower=true -Danimal.sniffer.skip=true -V -B" \
    -testallcmd "mvn test -pl modules/swagger-parser -Dhttps.protocols=TLSv1.2 -Denforcer.skip=true -Dcheckstyle.skip=true -Dcobertura.skip=true -DskipITs=true -Drat.skip=true -Dlicense.skip=true -Dpmd.skip=true -Dfindbugs.skip=true -Dgpg.skip=true -Dskip.npm=true -Dskip.gulp=true -Dskip.bower=true -Danimal.sniffer.skip=true -V -B"  \ \
	-srcjavafolder modules/swagger-parser/src/main/java \
	-srctestfolder modules/swagger-parser/src/test/java \
	-binjavafolder modules/swagger-parser/target/classes \
	-bintestfolder modules/swagger-parser/target/test-classes \
	-parameters x:x:maxCombinationVariableLimit:true:maxVarCombination:1000:maxCombinationVariableLimit:true:maxVarCombination:1000:maxCombinationVariableLimit:true:maxVarCombination:1000:maxCombinationVariableLimit:true:maxVarCombination:1000:maxCombinationVariableLimit:true:maxVarCombination:1000:maxCombinationVariableLimit:true:maxVarCombination:1000:maxCombinationVariableLimit:true:maxVarCombination:1000:maxCombinationVariableLimit:true:maxVarCombination:1000:maxCombinationVariableLimit:true:maxVarCombination:1000:maxCombinationVariableLimit:true:maxVarCombination:1000:maxCombinationVariableLimit:true:maxVarCombination:1000:maxCombinationVariableLimit:true:maxVarCombination:1000:maxCombinationVariableLimit:true:maxVarCombination:1000:maxCombinationVariableLimit:true:maxVarCombination:1000:maxCombinationVariableLimit:true:maxVarCombination:1000 \
	-dependencies /workdir/Cardumen_vul4j_swagger-api_swagger-parser_VUL4J-77/modules/swagger-parser/target/classes:/root/.m2/repository/com/fasterxml/jackson/core/jackson-core/2.8.7/jackson-core-2.8.7.jar:/root/.m2/repository/net/sf/jopt-simple/jopt-simple/4.9/jopt-simple-4.9.jar:/root/.m2/repository/org/apache/ant/ant-launcher/1.7.0/ant-launcher-1.7.0.jar:/root/.m2/repository/org/apache/commons/commons-collections4/4.0/commons-collections4-4.0.jar:/root/.m2/repository/org/eclipse/jetty/jetty-util/9.2.13.v20150730/jetty-util-9.2.13.v20150730.jar:/root/.m2/repository/javax/servlet/javax.servlet-api/3.1.0/javax.servlet-api-3.1.0.jar:/root/.m2/repository/org/slf4j/slf4j-api/1.6.3/slf4j-api-1.6.3.jar:/root/.m2/repository/org/slf4j/slf4j-ext/1.6.3/slf4j-ext-1.6.3.jar:/root/.m2/repository/org/ow2/asm/asm/5.0.3/asm-5.0.3.jar:/root/.m2/repository/aopalliance/aopalliance/1.0/aopalliance-1.0.jar:/root/.m2/repository/org/eclipse/jetty/jetty-io/9.2.13.v20150730/jetty-io-9.2.13.v20150730.jar:/root/.m2/repository/org/eclipse/jetty/jetty-security/9.2.13.v20150730/jetty-security-9.2.13.v20150730.jar:/root/.m2/repository/org/jmockit/jmockit/1.19/jmockit-1.19.jar:/root/.m2/repository/org/testng/testng/6.9.6/testng-6.9.6.jar:/root/.m2/repository/junit/junit/4.8.1/junit-4.8.1.jar:/root/.m2/repository/org/slf4j/slf4j-simple/1.6.3/slf4j-simple-1.6.3.jar:/root/.m2/repository/org/eclipse/jetty/jetty-servlet/9.2.13.v20150730/jetty-servlet-9.2.13.v20150730.jar:/root/.m2/repository/org/xmlunit/xmlunit-legacy/2.1.1/xmlunit-legacy-2.1.1.jar:/root/.m2/repository/com/fasterxml/jackson/core/jackson-annotations/2.8.7/jackson-annotations-2.8.7.jar:/root/.m2/repository/commons-codec/commons-codec/1.9/commons-codec-1.9.jar:/root/.m2/repository/org/eclipse/jetty/jetty-server/9.2.13.v20150730/jetty-server-9.2.13.v20150730.jar:/root/.m2/repository/org/beanshell/bsh/2.0b4/bsh-2.0b4.jar:/root/.m2/repository/org/eclipse/jetty/jetty-http/9.2.13.v20150730/jetty-http-9.2.13.v20150730.jar:/root/.m2/repository/org/apache/httpcomponents/httpclient/4.5.1/httpclient-4.5.1.jar:/root/.m2/repository/com/fasterxml/jackson/core/jackson-databind/2.8.7/jackson-databind-2.8.7.jar:/root/.m2/repository/javax/inject/javax.inject/1/javax.inject-1.jar:/root/.m2/repository/com/jayway/jsonpath/json-path/2.2.0/json-path-2.2.0.jar:/root/.m2/repository/com/github/tomakehurst/wiremock/2.4.1/wiremock-2.4.1.jar:/root/.m2/repository/ch/qos/cal10n/cal10n-api/0.7.4/cal10n-api-0.7.4.jar:/root/.m2/repository/org/eclipse/jetty/jetty-continuation/9.2.13.v20150730/jetty-continuation-9.2.13.v20150730.jar:/root/.m2/repository/commons-io/commons-io/2.4/commons-io-2.4.jar:/root/.m2/repository/com/beust/jcommander/1.48/jcommander-1.48.jar:/root/.m2/repository/org/yaml/snakeyaml/1.17/snakeyaml-1.17.jar:/root/.m2/repository/org/xmlunit/xmlunit-core/2.1.1/xmlunit-core-2.1.1.jar:/root/.m2/repository/com/google/inject/guice/4.0/guice-4.0-no_aop.jar:/root/.m2/repository/com/flipkart/zjsonpatch/zjsonpatch/0.2.1/zjsonpatch-0.2.1.jar:/root/.m2/repository/io/swagger/swagger-core/1.5.15/swagger-core-1.5.15-tests.jar:/root/.m2/repository/org/eclipse/jetty/jetty-servlets/9.2.13.v20150730/jetty-servlets-9.2.13.v20150730.jar:/root/.m2/repository/com/fasterxml/jackson/dataformat/jackson-dataformat-yaml/2.8.7/jackson-dataformat-yaml-2.8.7.jar:/root/.m2/repository/io/swagger/swagger-models/1.5.15/swagger-models-1.5.15.jar:/root/.m2/repository/io/swagger/swagger-core/1.5.15/swagger-core-1.5.15.jar:/root/.m2/repository/io/swagger/swagger-annotations/1.5.15/swagger-annotations-1.5.15.jar:/root/.m2/repository/net/minidev/accessors-smart/1.1/accessors-smart-1.1.jar:/root/.m2/repository/javax/validation/validation-api/1.1.0.Final/validation-api-1.1.0.Final.jar:/root/.m2/repository/net/minidev/json-smart/2.2.1/json-smart-2.2.1.jar:/root/.m2/repository/org/apache/httpcomponents/httpcore/4.4.3/httpcore-4.4.3.jar:/root/.m2/repository/org/eclipse/jetty/jetty-xml/9.2.13.v20150730/jetty-xml-9.2.13.v20150730.jar:/root/.m2/repository/org/eclipse/jetty/jetty-webapp/9.2.13.v20150730/jetty-webapp-9.2.13.v20150730.jar:/root/.m2/repository/com/google/guava/guava/20.0/guava-20.0.jar:/root/.m2/repository/org/apache/commons/commons-lang3/3.2.1/commons-lang3-3.2.1.jar:/root/.m2/repository/commons-logging/commons-logging/1.2/commons-logging-1.2.jar:/root/.m2/repository/org/apache/ant/ant/1.7.0/ant-1.7.0.jar;
	echo "\n\nNode: `hostname`\n";
	echo "\n\nDate: `date`\n";
Picked up JAVA_TOOL_OPTIONS: -Dfile.encoding=UTF8 -Duser.language=en-US -Duser.country=US -Duser.language=en
OpenJDK 64-Bit Server VM warning: ignoring option MaxPermSize=512m; support was removed in 8.0
[0] INFO ProjectConfiguration - Version of the JVM used: 1.8.0_342
[1] INFO main - Java version of the JDK used to run tests: 1.8.0_342
[1] INFO main - The compliance of the JVM is:  8
[4] INFO main - command line arguments: [-mode  cardumen  -location  .  -id  swagger-api_swagger-parser-VUL4J-77  -failing  io.swagger.parser.util.SwaggerDeserializerTest#testCVE_2017_1000207  -jvm4testexecution  /usr/lib/jvm/java-8-openjdk-amd64/bin  -jvm4evosuitetestexecution  /usr/lib/jvm/java-8-openjdk-amd64/bin  -maxgen  1000000  -maxtime  120  -stopfirst  true  -seed  0  -scope  local  -population  1  -javacompliancelevel  8  -faultlocalization  perfect  -perfectdata  /script/../data/benchmarks/vul4j/perfectfl/VUL4J-77  -validation  externalcmd  -testfailingcmd  mvn -pl modules/swagger-parser -Dtest=io.swagger.parser.util.* -Dhttps.protocols=TLSv1.2 -Denforcer.skip=true -Dcheckstyle.skip=true -Dcobertura.skip=true -DskipITs=true -Drat.skip=true -Dlicense.skip=true -Dpmd.skip=true -Dfindbugs.skip=true -Dgpg.skip=true -Dskip.npm=true -Dskip.gulp=true -Dskip.bower=true -Danimal.sniffer.skip=true -V -B  -testallcmd  mvn test -pl modules/swagger-parser -Dhttps.protocols=TLSv1.2 -Denforcer.skip=true -Dcheckstyle.skip=true -Dcobertura.skip=true -DskipITs=true -Drat.skip=true -Dlicense.skip=true -Dpmd.skip=true -Dfindbugs.skip=true -Dgpg.skip=true -Dskip.npm=true -Dskip.gulp=true -Dskip.bower=true -Danimal.sniffer.skip=true -V -B     -srcjavafolder  modules/swagger-parser/src/main/java  -srctestfolder  modules/swagger-parser/src/test/java  -binjavafolder  modules/swagger-parser/target/classes  -bintestfolder  modules/swagger-parser/target/test-classes  -parameters  x:x:maxCombinationVariableLimit:true:maxVarCombination:1000:maxCombinationVariableLimit:true:maxVarCombination:1000:maxCombinationVariableLimit:true:maxVarCombination:1000:maxCombinationVariableLimit:true:maxVarCombination:1000:maxCombinationVariableLimit:true:maxVarCombination:1000:maxCombinationVariableLimit:true:maxVarCombination:1000:maxCombinationVariableLimit:true:maxVarCombination:1000:maxCombinationVariableLimit:true:maxVarCombination:1000:maxCombinationVariableLimit:true:maxVarCombination:1000:maxCombinationVariableLimit:true:maxVarCombination:1000:maxCombinationVariableLimit:true:maxVarCombination:1000:maxCombinationVariableLimit:true:maxVarCombination:1000:maxCombinationVariableLimit:true:maxVarCombination:1000:maxCombinationVariableLimit:true:maxVarCombination:1000:maxCombinationVariableLimit:true:maxVarCombination:1000  -dependencies  /workdir/Cardumen_vul4j_swagger-api_swagger-parser_VUL4J-77/modules/swagger-parser/target/classes:/root/.m2/repository/com/fasterxml/jackson/core/jackson-core/2.8.7/jackson-core-2.8.7.jar:/root/.m2/repository/net/sf/jopt-simple/jopt-simple/4.9/jopt-simple-4.9.jar:/root/.m2/repository/org/apache/ant/ant-launcher/1.7.0/ant-launcher-1.7.0.jar:/root/.m2/repository/org/apache/commons/commons-collections4/4.0/commons-collections4-4.0.jar:/root/.m2/repository/org/eclipse/jetty/jetty-util/9.2.13.v20150730/jetty-util-9.2.13.v20150730.jar:/root/.m2/repository/javax/servlet/javax.servlet-api/3.1.0/javax.servlet-api-3.1.0.jar:/root/.m2/repository/org/slf4j/slf4j-api/1.6.3/slf4j-api-1.6.3.jar:/root/.m2/repository/org/slf4j/slf4j-ext/1.6.3/slf4j-ext-1.6.3.jar:/root/.m2/repository/org/ow2/asm/asm/5.0.3/asm-5.0.3.jar:/root/.m2/repository/aopalliance/aopalliance/1.0/aopalliance-1.0.jar:/root/.m2/repository/org/eclipse/jetty/jetty-io/9.2.13.v20150730/jetty-io-9.2.13.v20150730.jar:/root/.m2/repository/org/eclipse/jetty/jetty-security/9.2.13.v20150730/jetty-security-9.2.13.v20150730.jar:/root/.m2/repository/org/jmockit/jmockit/1.19/jmockit-1.19.jar:/root/.m2/repository/org/testng/testng/6.9.6/testng-6.9.6.jar:/root/.m2/repository/junit/junit/4.8.1/junit-4.8.1.jar:/root/.m2/repository/org/slf4j/slf4j-simple/1.6.3/slf4j-simple-1.6.3.jar:/root/.m2/repository/org/eclipse/jetty/jetty-servlet/9.2.13.v20150730/jetty-servlet-9.2.13.v20150730.jar:/root/.m2/repository/org/xmlunit/xmlunit-legacy/2.1.1/xmlunit-legacy-2.1.1.jar:/root/.m2/repository/com/fasterxml/jackson/core/jackson-annotations/2.8.7/jackson-annotations-2.8.7.jar:/root/.m2/repository/commons-codec/commons-codec/1.9/commons-codec-1.9.jar:/root/.m2/repository/org/eclipse/jetty/jetty-server/9.2.13.v20150730/jetty-server-9.2.13.v20150730.jar:/root/.m2/repository/org/beanshell/bsh/2.0b4/bsh-2.0b4.jar:/root/.m2/repository/org/eclipse/jetty/jetty-http/9.2.13.v20150730/jetty-http-9.2.13.v20150730.jar:/root/.m2/repository/org/apache/httpcomponents/httpclient/4.5.1/httpclient-4.5.1.jar:/root/.m2/repository/com/fasterxml/jackson/core/jackson-databind/2.8.7/jackson-databind-2.8.7.jar:/root/.m2/repository/javax/inject/javax.inject/1/javax.inject-1.jar:/root/.m2/repository/com/jayway/jsonpath/json-path/2.2.0/json-path-2.2.0.jar:/root/.m2/repository/com/github/tomakehurst/wiremock/2.4.1/wiremock-2.4.1.jar:/root/.m2/repository/ch/qos/cal10n/cal10n-api/0.7.4/cal10n-api-0.7.4.jar:/root/.m2/repository/org/eclipse/jetty/jetty-continuation/9.2.13.v20150730/jetty-continuation-9.2.13.v20150730.jar:/root/.m2/repository/commons-io/commons-io/2.4/commons-io-2.4.jar:/root/.m2/repository/com/beust/jcommander/1.48/jcommander-1.48.jar:/root/.m2/repository/org/yaml/snakeyaml/1.17/snakeyaml-1.17.jar:/root/.m2/repository/org/xmlunit/xmlunit-core/2.1.1/xmlunit-core-2.1.1.jar:/root/.m2/repository/com/google/inject/guice/4.0/guice-4.0-no_aop.jar:/root/.m2/repository/com/flipkart/zjsonpatch/zjsonpatch/0.2.1/zjsonpatch-0.2.1.jar:/root/.m2/repository/io/swagger/swagger-core/1.5.15/swagger-core-1.5.15-tests.jar:/root/.m2/repository/org/eclipse/jetty/jetty-servlets/9.2.13.v20150730/jetty-servlets-9.2.13.v20150730.jar:/root/.m2/repository/com/fasterxml/jackson/dataformat/jackson-dataformat-yaml/2.8.7/jackson-dataformat-yaml-2.8.7.jar:/root/.m2/repository/io/swagger/swagger-models/1.5.15/swagger-models-1.5.15.jar:/root/.m2/repository/io/swagger/swagger-core/1.5.15/swagger-core-1.5.15.jar:/root/.m2/repository/io/swagger/swagger-annotations/1.5.15/swagger-annotations-1.5.15.jar:/root/.m2/repository/net/minidev/accessors-smart/1.1/accessors-smart-1.1.jar:/root/.m2/repository/javax/validation/validation-api/1.1.0.Final/validation-api-1.1.0.Final.jar:/root/.m2/repository/net/minidev/json-smart/2.2.1/json-smart-2.2.1.jar:/root/.m2/repository/org/apache/httpcomponents/httpcore/4.4.3/httpcore-4.4.3.jar:/root/.m2/repository/org/eclipse/jetty/jetty-xml/9.2.13.v20150730/jetty-xml-9.2.13.v20150730.jar:/root/.m2/repository/org/eclipse/jetty/jetty-webapp/9.2.13.v20150730/jetty-webapp-9.2.13.v20150730.jar:/root/.m2/repository/com/google/guava/guava/20.0/guava-20.0.jar:/root/.m2/repository/org/apache/commons/commons-lang3/3.2.1/commons-lang3-3.2.1.jar:/root/.m2/repository/commons-logging/commons-logging/1.2/commons-logging-1.2.jar:/root/.m2/repository/org/apache/ant/ant/1.7.0/ant-1.7.0.jar]
[6] INFO AstorMain - Running Astor on a JDK at /usr/lib/jvm/java-8-openjdk-amd64/jre
[13] INFO main - Source folders: [/workdir/Cardumen_vul4j_swagger-api_swagger-parser_VUL4J-77/./modules/swagger-parser/src/main/java]
[13] INFO main - Source Test folders: [/workdir/Cardumen_vul4j_swagger-api_swagger-parser_VUL4J-77/./modules/swagger-parser/src/test/java]
[810] INFO AstorCoreEngine - ---- Creating spoon model
[845] INFO MutationSupporter - Creating model,  Code location from working folder: /workdir/Cardumen_vul4j_swagger-api_swagger-parser_VUL4J-77/./modules/swagger-parser/src/main/java
[845] INFO MutationSupporter - building model: /workdir/Cardumen_vul4j_swagger-api_swagger-parser_VUL4J-77/./modules/swagger-parser/src/main/java, compliance level: 8
[855] INFO MutationSupporter - Classpath (Dependencies) for building SpoonModel: [/workdir/Cardumen_vul4j_swagger-api_swagger-parser_VUL4J-77/modules/swagger-parser/target/classes/, /root/.m2/repository/com/fasterxml/jackson/core/jackson-core/2.8.7/jackson-core-2.8.7.jar, /root/.m2/repository/net/sf/jopt-simple/jopt-simple/4.9/jopt-simple-4.9.jar, /root/.m2/repository/org/apache/ant/ant-launcher/1.7.0/ant-launcher-1.7.0.jar, /root/.m2/repository/org/apache/commons/commons-collections4/4.0/commons-collections4-4.0.jar, /root/.m2/repository/org/eclipse/jetty/jetty-util/9.2.13.v20150730/jetty-util-9.2.13.v20150730.jar, /root/.m2/repository/javax/servlet/javax.servlet-api/3.1.0/javax.servlet-api-3.1.0.jar, /root/.m2/repository/org/slf4j/slf4j-api/1.6.3/slf4j-api-1.6.3.jar, /root/.m2/repository/org/slf4j/slf4j-ext/1.6.3/slf4j-ext-1.6.3.jar, /root/.m2/repository/org/ow2/asm/asm/5.0.3/asm-5.0.3.jar, /root/.m2/repository/aopalliance/aopalliance/1.0/aopalliance-1.0.jar, /root/.m2/repository/org/eclipse/jetty/jetty-io/9.2.13.v20150730/jetty-io-9.2.13.v20150730.jar, /root/.m2/repository/org/eclipse/jetty/jetty-security/9.2.13.v20150730/jetty-security-9.2.13.v20150730.jar, /root/.m2/repository/org/jmockit/jmockit/1.19/jmockit-1.19.jar, /root/.m2/repository/org/testng/testng/6.9.6/testng-6.9.6.jar, /root/.m2/repository/junit/junit/4.8.1/junit-4.8.1.jar, /root/.m2/repository/org/slf4j/slf4j-simple/1.6.3/slf4j-simple-1.6.3.jar, /root/.m2/repository/org/eclipse/jetty/jetty-servlet/9.2.13.v20150730/jetty-servlet-9.2.13.v20150730.jar, /root/.m2/repository/org/xmlunit/xmlunit-legacy/2.1.1/xmlunit-legacy-2.1.1.jar, /root/.m2/repository/com/fasterxml/jackson/core/jackson-annotations/2.8.7/jackson-annotations-2.8.7.jar, /root/.m2/repository/commons-codec/commons-codec/1.9/commons-codec-1.9.jar, /root/.m2/repository/org/eclipse/jetty/jetty-server/9.2.13.v20150730/jetty-server-9.2.13.v20150730.jar, /root/.m2/repository/org/beanshell/bsh/2.0b4/bsh-2.0b4.jar, /root/.m2/repository/org/eclipse/jetty/jetty-http/9.2.13.v20150730/jetty-http-9.2.13.v20150730.jar, /root/.m2/repository/org/apache/httpcomponents/httpclient/4.5.1/httpclient-4.5.1.jar, /root/.m2/repository/com/fasterxml/jackson/core/jackson-databind/2.8.7/jackson-databind-2.8.7.jar, /root/.m2/repository/javax/inject/javax.inject/1/javax.inject-1.jar, /root/.m2/repository/com/jayway/jsonpath/json-path/2.2.0/json-path-2.2.0.jar, /root/.m2/repository/com/github/tomakehurst/wiremock/2.4.1/wiremock-2.4.1.jar, /root/.m2/repository/ch/qos/cal10n/cal10n-api/0.7.4/cal10n-api-0.7.4.jar, /root/.m2/repository/org/eclipse/jetty/jetty-continuation/9.2.13.v20150730/jetty-continuation-9.2.13.v20150730.jar, /root/.m2/repository/commons-io/commons-io/2.4/commons-io-2.4.jar, /root/.m2/repository/com/beust/jcommander/1.48/jcommander-1.48.jar, /root/.m2/repository/org/yaml/snakeyaml/1.17/snakeyaml-1.17.jar, /root/.m2/repository/org/xmlunit/xmlunit-core/2.1.1/xmlunit-core-2.1.1.jar, /root/.m2/repository/com/google/inject/guice/4.0/guice-4.0-no_aop.jar, /root/.m2/repository/com/flipkart/zjsonpatch/zjsonpatch/0.2.1/zjsonpatch-0.2.1.jar, /root/.m2/repository/io/swagger/swagger-core/1.5.15/swagger-core-1.5.15-tests.jar, /root/.m2/repository/org/eclipse/jetty/jetty-servlets/9.2.13.v20150730/jetty-servlets-9.2.13.v20150730.jar, /root/.m2/repository/com/fasterxml/jackson/dataformat/jackson-dataformat-yaml/2.8.7/jackson-dataformat-yaml-2.8.7.jar, /root/.m2/repository/io/swagger/swagger-models/1.5.15/swagger-models-1.5.15.jar, /root/.m2/repository/io/swagger/swagger-core/1.5.15/swagger-core-1.5.15.jar, /root/.m2/repository/io/swagger/swagger-annotations/1.5.15/swagger-annotations-1.5.15.jar, /root/.m2/repository/net/minidev/accessors-smart/1.1/accessors-smart-1.1.jar, /root/.m2/repository/javax/validation/validation-api/1.1.0.Final/validation-api-1.1.0.Final.jar, /root/.m2/repository/net/minidev/json-smart/2.2.1/json-smart-2.2.1.jar, /root/.m2/repository/org/apache/httpcomponents/httpcore/4.4.3/httpcore-4.4.3.jar, /root/.m2/repository/org/eclipse/jetty/jetty-xml/9.2.13.v20150730/jetty-xml-9.2.13.v20150730.jar, /root/.m2/repository/org/eclipse/jetty/jetty-webapp/9.2.13.v20150730/jetty-webapp-9.2.13.v20150730.jar, /root/.m2/repository/com/google/guava/guava/20.0/guava-20.0.jar, /root/.m2/repository/org/apache/commons/commons-lang3/3.2.1/commons-lang3-3.2.1.jar, /root/.m2/repository/commons-logging/commons-logging/1.2/commons-logging-1.2.jar, /root/.m2/repository/org/apache/ant/ant/1.7.0/ant-1.7.0.jar]
[3860] INFO AstorCoreEngine - Number of CtTypes created: 23
[3883] INFO AstorCoreEngine - Test retrieved from classes: 0
[3923] INFO AstorCoreEngine - Setting up the max to 400 milliseconds (0 sec)
[3923] INFO AstorCoreEngine - ---- Initial suspicious size: 2
[3957] INFO main - Total suspicious from FL: 2,  2
[3957] INFO main - Total ModPoint created: 2
[3957] INFO main - Creating program variant #1, [Variant id: 1, #gens: 2, #ops: 0, parent:-]
[3958] INFO main - Run previously failing tests...
[20697] INFO main - Failed tests: 1
[20698] INFO AstorCoreEngine - The original fitness is : 1.0
[20942] INFO ExpressionTypeIngredientSpace - Ingredient search space info : number keys 7 , number values 25 
[20942] WARN ConfigurationProperties - ----------------------------
[20942] INFO ConfigurationProperties - ---Configuration properties
[20943] INFO ConfigurationProperties - p:lastJUnitVersion= ./examples/libs/junit-4.11.jar
[20943] INFO ConfigurationProperties - p:alternativecompliancelevel= 8
[20943] INFO ConfigurationProperties - p:ignoredTestCases= 
[20943] INFO ConfigurationProperties - p:workingDirectory= /workdir/Cardumen_vul4j_swagger-api_swagger-parser_VUL4J-77/./output_astor
[20943] INFO ConfigurationProperties - p:manipulatesuper= false
[20943] INFO ConfigurationProperties - p:validation= externalcmd
[20943] INFO ConfigurationProperties - p:jvm4testexecution= /usr/lib/jvm/java-8-openjdk-amd64/bin
[20943] INFO ConfigurationProperties - p:operatorspace= r-expression
[20943] INFO ConfigurationProperties - p:diffcontext= 0
[20943] INFO ConfigurationProperties - p:binjavafolder= modules/swagger-parser/target/classes
[20943] INFO ConfigurationProperties - p:synthesis_depth= 3
[20943] INFO ConfigurationProperties - p:gzoltartestpackagetoexclude= junit.framework
[20943] INFO ConfigurationProperties - p:skipfitnessinitialpopulation= false
[20943] INFO ConfigurationProperties - p:evosuiteresultfolder= evosuite
[20943] INFO ConfigurationProperties - p:flthreshold= 0.1
[20944] INFO ConfigurationProperties - p:regressionforfaultlocalization= true
[20944] INFO ConfigurationProperties - p:collectonlyusedmethod= false
[20944] INFO ConfigurationProperties - p:preservelinenumbers= true
[20944] INFO ConfigurationProperties - p:tmax2= 400
[20944] INFO ConfigurationProperties - p:ingredienttransformstrategy= name-probability-based
[20944] INFO ConfigurationProperties - p:tmax1= 10000
[20944] INFO ConfigurationProperties - p:probagenmutation= false
[20944] INFO ConfigurationProperties - p:nomodificationconvergence= 100
[20944] INFO ConfigurationProperties - p:diff_type= relative
[20944] INFO ConfigurationProperties - p:targetelementprocessor= expression
[20944] INFO ConfigurationProperties - p:srctestfolder= modules/swagger-parser/src/test/java
[20944] INFO ConfigurationProperties - p:forceExecuteRegression= false
[20944] INFO ConfigurationProperties - p:clusteringfilename= clustering.csv
[20944] INFO ConfigurationProperties - p:failing= io.swagger.parser.util.SwaggerDeserializerTest#testCVE_2017_1000207
[20944] INFO ConfigurationProperties - p:logtestexecution= false
[20944] INFO ConfigurationProperties - p:evo_buggy_class= true
[20944] INFO ConfigurationProperties - p:numberExecutions= 1
[20944] INFO ConfigurationProperties - p:maxnumbersolutions= 1000000
[20944] INFO ConfigurationProperties - p:evo_affected_by_op= true
[20944] INFO ConfigurationProperties - p:population= 1
[20945] INFO ConfigurationProperties - p:considerzerovaluesusp= false
[20945] INFO ConfigurationProperties - p:maxCombinationVariableLimit= true
[20945] INFO ConfigurationProperties - p:savesolution= true
[20945] INFO ConfigurationProperties - p:javacompliancelevel= 8
[20945] INFO ConfigurationProperties - p:x= x
[20945] INFO ConfigurationProperties - p:uniqueoptogen= false
[20945] INFO ConfigurationProperties - p:gzoltarpackagetonotinstrument= junit.framework
[20945] INFO ConfigurationProperties - p:projectIdentifier= swagger-api_swagger-parser-VUL4J-77
[20945] INFO ConfigurationProperties - p:modificationpointnavigation= weight
[20945] INFO ConfigurationProperties - p:stopfirst= true
[20945] INFO ConfigurationProperties - p:multipointmodification= false
[20945] INFO ConfigurationProperties - p:elementsToMutate= 10
[20945] INFO ConfigurationProperties - p:jsonoutputname= astor_output
[20945] INFO ConfigurationProperties - p:evoDSE= false
[20945] INFO ConfigurationProperties - p:bintestfolder= modules/swagger-parser/target/test-classes
[20945] INFO ConfigurationProperties - p:testbystep= false
[20945] INFO ConfigurationProperties - p:version-location= ./math-version/
[20945] INFO ConfigurationProperties - p:reintroduce= PARENTS:ORIGINAL
[20945] INFO ConfigurationProperties - p:perfectdata= /script/../data/benchmarks/vul4j/perfectfl/VUL4J-77
[20945] INFO ConfigurationProperties - p:executorjar= ./lib/jtestex7.jar
[20946] INFO ConfigurationProperties - p:maxGeneration= 1000000
[20946] INFO ConfigurationProperties - p:max_synthesis_step= 10000
[20946] INFO ConfigurationProperties - p:projectinfocommand= com.github.tdurieux:project-config-maven-plugin:info
[20946] INFO ConfigurationProperties - p:maxVarCombination= 1000
[20946] INFO ConfigurationProperties - p:maxtime= 120
[20946] INFO ConfigurationProperties - p:evosuitejar= ./lib/evosuite-master-1.0.4-SNAPSHOT.jar
[20946] INFO ConfigurationProperties - p:jvmversion= 1.8.0_342
[20946] INFO ConfigurationProperties - p:commandTrunk= 50000
[20946] INFO ConfigurationProperties - p:faultlocalization= perfect
[20946] INFO ConfigurationProperties - p:resetmodel= true
[20946] INFO ConfigurationProperties - p:maxsuspcandidates= 1000
[20947] INFO ConfigurationProperties - p:mode= cardumen
[20947] INFO ConfigurationProperties - p:learningdir= 
[20947] INFO ConfigurationProperties - p:jvm4evosuitetestexecution= /usr/lib/jvm/java-8-openjdk-amd64/bin
[20947] INFO ConfigurationProperties - p:filterfaultlocalization= true
[20947] INFO ConfigurationProperties - p:mutationrate= 1 
[20947] INFO ConfigurationProperties - p:pathToMVNRepository= 
[20947] INFO ConfigurationProperties - p:resourcesfolder= /src/main/resources:/src/test/resources:
[20947] INFO ConfigurationProperties - p:timezone= America/Los_Angeles
[20947] INFO ConfigurationProperties - p:runjava7code= false
[20947] INFO ConfigurationProperties - p:testfailingcmd= mvn -pl modules/swagger-parser -Dtest=io.swagger.parser.util.* -Dhttps.protocols=TLSv1.2 -Denforcer.skip=true -Dcheckstyle.skip=true -Dcobertura.skip=true -DskipITs=true -Drat.skip=true -Dlicense.skip=true -Dpmd.skip=true -Dfindbugs.skip=true -Dgpg.skip=true -Dskip.npm=true -Dskip.gulp=true -Dskip.bower=true -Danimal.sniffer.skip=true -V -B
[20947] INFO ConfigurationProperties - p:evoRunOnBuggyClass= true
[20947] INFO ConfigurationProperties - p:compiler= fr.inria.astor.core.manipulation.bytecode.compiler.SpoonClassCompiler
[20947] INFO ConfigurationProperties - p:limitbysuspicious= true
[20947] INFO ConfigurationProperties - p:logsattemps= true
[20948] INFO ConfigurationProperties - p:dependenciespath= /workdir/Cardumen_vul4j_swagger-api_swagger-parser_VUL4J-77/modules/swagger-parser/target/classes:/root/.m2/repository/com/fasterxml/jackson/core/jackson-core/2.8.7/jackson-core-2.8.7.jar:/root/.m2/repository/net/sf/jopt-simple/jopt-simple/4.9/jopt-simple-4.9.jar:/root/.m2/repository/org/apache/ant/ant-launcher/1.7.0/ant-launcher-1.7.0.jar:/root/.m2/repository/org/apache/commons/commons-collections4/4.0/commons-collections4-4.0.jar:/root/.m2/repository/org/eclipse/jetty/jetty-util/9.2.13.v20150730/jetty-util-9.2.13.v20150730.jar:/root/.m2/repository/javax/servlet/javax.servlet-api/3.1.0/javax.servlet-api-3.1.0.jar:/root/.m2/repository/org/slf4j/slf4j-api/1.6.3/slf4j-api-1.6.3.jar:/root/.m2/repository/org/slf4j/slf4j-ext/1.6.3/slf4j-ext-1.6.3.jar:/root/.m2/repository/org/ow2/asm/asm/5.0.3/asm-5.0.3.jar:/root/.m2/repository/aopalliance/aopalliance/1.0/aopalliance-1.0.jar:/root/.m2/repository/org/eclipse/jetty/jetty-io/9.2.13.v20150730/jetty-io-9.2.13.v20150730.jar:/root/.m2/repository/org/eclipse/jetty/jetty-security/9.2.13.v20150730/jetty-security-9.2.13.v20150730.jar:/root/.m2/repository/org/jmockit/jmockit/1.19/jmockit-1.19.jar:/root/.m2/repository/org/testng/testng/6.9.6/testng-6.9.6.jar:/root/.m2/repository/junit/junit/4.8.1/junit-4.8.1.jar:/root/.m2/repository/org/slf4j/slf4j-simple/1.6.3/slf4j-simple-1.6.3.jar:/root/.m2/repository/org/eclipse/jetty/jetty-servlet/9.2.13.v20150730/jetty-servlet-9.2.13.v20150730.jar:/root/.m2/repository/org/xmlunit/xmlunit-legacy/2.1.1/xmlunit-legacy-2.1.1.jar:/root/.m2/repository/com/fasterxml/jackson/core/jackson-annotations/2.8.7/jackson-annotations-2.8.7.jar:/root/.m2/repository/commons-codec/commons-codec/1.9/commons-codec-1.9.jar:/root/.m2/repository/org/eclipse/jetty/jetty-server/9.2.13.v20150730/jetty-server-9.2.13.v20150730.jar:/root/.m2/repository/org/beanshell/bsh/2.0b4/bsh-2.0b4.jar:/root/.m2/repository/org/eclipse/jetty/jetty-http/9.2.13.v20150730/jetty-http-9.2.13.v20150730.jar:/root/.m2/repository/org/apache/httpcomponents/httpclient/4.5.1/httpclient-4.5.1.jar:/root/.m2/repository/com/fasterxml/jackson/core/jackson-databind/2.8.7/jackson-databind-2.8.7.jar:/root/.m2/repository/javax/inject/javax.inject/1/javax.inject-1.jar:/root/.m2/repository/com/jayway/jsonpath/json-path/2.2.0/json-path-2.2.0.jar:/root/.m2/repository/com/github/tomakehurst/wiremock/2.4.1/wiremock-2.4.1.jar:/root/.m2/repository/ch/qos/cal10n/cal10n-api/0.7.4/cal10n-api-0.7.4.jar:/root/.m2/repository/org/eclipse/jetty/jetty-continuation/9.2.13.v20150730/jetty-continuation-9.2.13.v20150730.jar:/root/.m2/repository/commons-io/commons-io/2.4/commons-io-2.4.jar:/root/.m2/repository/com/beust/jcommander/1.48/jcommander-1.48.jar:/root/.m2/repository/org/yaml/snakeyaml/1.17/snakeyaml-1.17.jar:/root/.m2/repository/org/xmlunit/xmlunit-core/2.1.1/xmlunit-core-2.1.1.jar:/root/.m2/repository/com/google/inject/guice/4.0/guice-4.0-no_aop.jar:/root/.m2/repository/com/flipkart/zjsonpatch/zjsonpatch/0.2.1/zjsonpatch-0.2.1.jar:/root/.m2/repository/io/swagger/swagger-core/1.5.15/swagger-core-1.5.15-tests.jar:/root/.m2/repository/org/eclipse/jetty/jetty-servlets/9.2.13.v20150730/jetty-servlets-9.2.13.v20150730.jar:/root/.m2/repository/com/fasterxml/jackson/dataformat/jackson-dataformat-yaml/2.8.7/jackson-dataformat-yaml-2.8.7.jar:/root/.m2/repository/io/swagger/swagger-models/1.5.15/swagger-models-1.5.15.jar:/root/.m2/repository/io/swagger/swagger-core/1.5.15/swagger-core-1.5.15.jar:/root/.m2/repository/io/swagger/swagger-annotations/1.5.15/swagger-annotations-1.5.15.jar:/root/.m2/repository/net/minidev/accessors-smart/1.1/accessors-smart-1.1.jar:/root/.m2/repository/javax/validation/validation-api/1.1.0.Final/validation-api-1.1.0.Final.jar:/root/.m2/repository/net/minidev/json-smart/2.2.1/json-smart-2.2.1.jar:/root/.m2/repository/org/apache/httpcomponents/httpcore/4.4.3/httpcore-4.4.3.jar:/root/.m2/repository/org/eclipse/jetty/jetty-xml/9.2.13.v20150730/jetty-xml-9.2.13.v20150730.jar:/root/.m2/repository/org/eclipse/jetty/jetty-webapp/9.2.13.v20150730/jetty-webapp-9.2.13.v20150730.jar:/root/.m2/repository/com/google/guava/guava/20.0/guava-20.0.jar:/root/.m2/repository/org/apache/commons/commons-lang3/3.2.1/commons-lang3-3.2.1.jar:/root/.m2/repository/commons-logging/commons-logging/1.2/commons-logging-1.2.jar:/root/.m2/repository/org/apache/ant/ant/1.7.0/ant-1.7.0.jar
[20948] INFO ConfigurationProperties - p:packageToInstrument= 
[20948] INFO ConfigurationProperties - p:skipfaultlocalization= false
[20948] INFO ConfigurationProperties - p:scope= local
[20948] INFO ConfigurationProperties - p:transformingredient= false
[20948] INFO ConfigurationProperties - p:fitnessfunction= fr.inria.astor.core.solutionsearch.population.TestCaseFitnessFunction
[20948] INFO ConfigurationProperties - p:maxnumvariablesperingredient= 10
[20948] INFO ConfigurationProperties - p:parsesourcefromoriginal= true
[20948] INFO ConfigurationProperties - p:pvariantfoldername= variant-
[20948] INFO ConfigurationProperties - p:savespoonmodelondisk= false
[20948] INFO ConfigurationProperties - p:srcjavafolder= modules/swagger-parser/src/main/java
[20948] INFO ConfigurationProperties - p:populationcontroller= fr.inria.astor.core.solutionsearch.population.TestCaseBasedFitnessPopulationController
[20948] INFO ConfigurationProperties - p:ignoreflakyinfl= false
[20948] INFO ConfigurationProperties - p:cleantemplates= true
[20948] INFO ConfigurationProperties - p:applyCrossover= false
[20948] INFO ConfigurationProperties - p:maxmodificationpoints= 1000
[20948] INFO ConfigurationProperties - p:duplicateingredientsinspace= false
[20948] INFO ConfigurationProperties - p:metid= 0
[20949] INFO ConfigurationProperties - p:continuewhenmodelfail= true
[20949] INFO ConfigurationProperties - p:saveall= false
[20949] INFO ConfigurationProperties - p:seed= 0
[20949] INFO ConfigurationProperties - p:savecompletepatched= true
[20949] INFO ConfigurationProperties - p:resetoperations= false
[20949] INFO ConfigurationProperties - p:keepcomments= false
[20949] INFO ConfigurationProperties - p:processoutputinfile= false
[20949] INFO ConfigurationProperties - p:location= .
[20949] INFO ConfigurationProperties - p:probabilistictransformation= true
[20955] INFO ConfigurationProperties - p:overridemaxtime= true
[20955] INFO ConfigurationProperties - p:ingredientstrategy= name-probability-based
[20955] INFO ConfigurationProperties - p:outputjsonresult= true
[20955] INFO ConfigurationProperties - p:allpoints= false
[20955] INFO ConfigurationProperties - p:antipattern= false
[20955] INFO ConfigurationProperties - p:bugId= 280
[20955] INFO ConfigurationProperties - p:evosuitetimeout= 120
[20955] INFO ConfigurationProperties - p:maxtimefactor= 10
[20955] INFO ConfigurationProperties - p:nrPlaceholders= 1
[20955] INFO ConfigurationProperties - p:testallcmd= mvn test -pl modules/swagger-parser -Dhttps.protocols=TLSv1.2 -Denforcer.skip=true -Dcheckstyle.skip=true -Dcobertura.skip=true -DskipITs=true -Drat.skip=true -Dlicense.skip=true -Dpmd.skip=true -Dfindbugs.skip=true -Dgpg.skip=true -Dskip.npm=true -Dskip.gulp=true -Dskip.bower=true -Danimal.sniffer.skip=true -V -B
[20955] INFO ConfigurationProperties - p:forcesubprocesskilling= false
[20955] INFO ConfigurationProperties - ----------------------------
[20955] INFO AstorCoreEngine - ----Starting Solution Search
[20956] WARN AstorCoreEngine - ----------Running generation: 1, population size: 1
[21148] WARN AstorCoreEngine - ----------Running generation: 2, population size: 1
[21157] WARN AstorCoreEngine - ----------Running generation: 3, population size: 1
[21165] WARN AstorCoreEngine - ----------Running generation: 4, population size: 1
[21173] WARN AstorCoreEngine - ----------Running generation: 5, population size: 1
[21181] WARN AstorCoreEngine - ----------Running generation: 6, population size: 1
[21188] WARN AstorCoreEngine - ----------Running generation: 7, population size: 1
[21199] WARN AstorCoreEngine - ----------Running generation: 8, population size: 1
[21207] WARN AstorCoreEngine - ----------Running generation: 9, population size: 1
[21214] WARN AstorCoreEngine - ----------Running generation: 10, population size: 1
[21222] WARN AstorCoreEngine - ----------Running generation: 11, population size: 1
[21230] WARN AstorCoreEngine - ----------Running generation: 12, population size: 1
[21238] WARN AstorCoreEngine - ----------Running generation: 13, population size: 1
[21246] WARN AstorCoreEngine - ----------Running generation: 14, population size: 1
[21252] WARN AstorCoreEngine - ----------Running generation: 15, population size: 1
[21259] WARN AstorCoreEngine - ----------Running generation: 16, population size: 1
[21266] WARN AstorCoreEngine - ----------Running generation: 17, population size: 1
[21273] WARN AstorCoreEngine - ----------Running generation: 18, population size: 1
[21279] WARN AstorCoreEngine - ----------Running generation: 19, population size: 1
[21285] WARN AstorCoreEngine - ----------Running generation: 20, population size: 1
[21291] WARN AstorCoreEngine - ----------Running generation: 21, population size: 1
[21297] WARN AstorCoreEngine - ----------Running generation: 22, population size: 1
[21304] WARN AstorCoreEngine - ----------Running generation: 23, population size: 1
[21310] WARN AstorCoreEngine - ----------Running generation: 24, population size: 1
[21317] WARN AstorCoreEngine - ----------Running generation: 25, population size: 1
[21323] WARN AstorCoreEngine - ----------Running generation: 26, population size: 1
[21329] WARN AstorCoreEngine - ----------Running generation: 27, population size: 1
[21334] WARN AstorCoreEngine - ----------Running generation: 28, population size: 1
[21340] WARN AstorCoreEngine - ----------Running generation: 29, population size: 1
[21347] WARN AstorCoreEngine - ----------Running generation: 30, population size: 1
[21353] WARN AstorCoreEngine - ----------Running generation: 31, population size: 1
[21359] WARN AstorCoreEngine - ----------Running generation: 32, population size: 1
[21366] WARN AstorCoreEngine - ----------Running generation: 33, population size: 1
[21371] WARN AstorCoreEngine - ----------Running generation: 34, population size: 1
[21377] WARN AstorCoreEngine - ----------Running generation: 35, population size: 1
[21383] WARN AstorCoreEngine - ----------Running generation: 36, population size: 1
[21391] WARN AstorCoreEngine - ----------Running generation: 37, population size: 1
[21398] WARN AstorCoreEngine - ----------Running generation: 38, population size: 1
[21404] WARN AstorCoreEngine - ----------Running generation: 39, population size: 1
[21409] WARN AstorCoreEngine - ----------Running generation: 40, population size: 1
[21415] WARN AstorCoreEngine - ----------Running generation: 41, population size: 1
[21421] WARN AstorCoreEngine - ----------Running generation: 42, population size: 1
[21426] WARN AstorCoreEngine - ----------Running generation: 43, population size: 1
[21432] WARN AstorCoreEngine - ----------Running generation: 44, population size: 1
[21438] WARN AstorCoreEngine - ----------Running generation: 45, population size: 1
[21443] WARN AstorCoreEngine - ----------Running generation: 46, population size: 1
[21449] WARN AstorCoreEngine - ----------Running generation: 47, population size: 1
[21455] WARN AstorCoreEngine - ----------Running generation: 48, population size: 1
[21460] WARN AstorCoreEngine - ----------Running generation: 49, population size: 1
[21466] WARN AstorCoreEngine - ----------Running generation: 50, population size: 1
[21471] WARN AstorCoreEngine - ----------Running generation: 51, population size: 1
[21479] WARN AstorCoreEngine - ----------Running generation: 52, population size: 1
[21485] WARN AstorCoreEngine - ----------Running generation: 53, population size: 1
[21491] WARN AstorCoreEngine - ----------Running generation: 54, population size: 1
[21497] WARN AstorCoreEngine - ----------Running generation: 55, population size: 1
[21502] WARN AstorCoreEngine - ----------Running generation: 56, population size: 1
[21508] WARN AstorCoreEngine - ----------Running generation: 57, population size: 1
[21513] WARN AstorCoreEngine - ----------Running generation: 58, population size: 1
[21519] WARN AstorCoreEngine - ----------Running generation: 59, population size: 1
[21525] WARN AstorCoreEngine - ----------Running generation: 60, population size: 1
[21530] WARN AstorCoreEngine - ----------Running generation: 61, population size: 1
[21535] WARN AstorCoreEngine - ----------Running generation: 62, population size: 1
[21541] WARN AstorCoreEngine - ----------Running generation: 63, population size: 1
[21547] WARN AstorCoreEngine - ----------Running generation: 64, population size: 1
[21552] WARN AstorCoreEngine - ----------Running generation: 65, population size: 1
[21558] WARN AstorCoreEngine - ----------Running generation: 66, population size: 1
[21563] WARN AstorCoreEngine - ----------Running generation: 67, population size: 1
[21568] WARN AstorCoreEngine - ----------Running generation: 68, population size: 1
[21573] WARN AstorCoreEngine - ----------Running generation: 69, population size: 1
[21578] WARN AstorCoreEngine - ----------Running generation: 70, population size: 1
[21583] WARN AstorCoreEngine - ----------Running generation: 71, population size: 1
[21588] WARN AstorCoreEngine - ----------Running generation: 72, population size: 1
[21593] WARN AstorCoreEngine - ----------Running generation: 73, population size: 1
[21599] WARN AstorCoreEngine - ----------Running generation: 74, population size: 1
[21605] WARN AstorCoreEngine - ----------Running generation: 75, population size: 1
[21610] WARN AstorCoreEngine - ----------Running generation: 76, population size: 1
[21615] WARN AstorCoreEngine - ----------Running generation: 77, population size: 1
[21621] WARN AstorCoreEngine - ----------Running generation: 78, population size: 1
[21626] WARN AstorCoreEngine - ----------Running generation: 79, population size: 1
[21631] WARN AstorCoreEngine - ----------Running generation: 80, population size: 1
[21637] WARN AstorCoreEngine - ----------Running generation: 81, population size: 1
[21642] WARN AstorCoreEngine - ----------Running generation: 82, population size: 1
[21647] WARN AstorCoreEngine - ----------Running generation: 83, population size: 1
[21652] WARN AstorCoreEngine - ----------Running generation: 84, population size: 1
[21657] WARN AstorCoreEngine - ----------Running generation: 85, population size: 1
[21662] WARN AstorCoreEngine - ----------Running generation: 86, population size: 1
[21668] WARN AstorCoreEngine - ----------Running generation: 87, population size: 1
[21673] WARN AstorCoreEngine - ----------Running generation: 88, population size: 1
[21677] WARN AstorCoreEngine - ----------Running generation: 89, population size: 1
[21683] WARN AstorCoreEngine - ----------Running generation: 90, population size: 1
[21687] WARN AstorCoreEngine - ----------Running generation: 91, population size: 1
[21691] WARN AstorCoreEngine - ----------Running generation: 92, population size: 1
[21696] WARN AstorCoreEngine - ----------Running generation: 93, population size: 1
[21700] WARN AstorCoreEngine - ----------Running generation: 94, population size: 1
[21704] WARN AstorCoreEngine - ----------Running generation: 95, population size: 1
[21709] WARN AstorCoreEngine - ----------Running generation: 96, population size: 1
[21713] WARN AstorCoreEngine - ----------Running generation: 97, population size: 1
[21718] WARN AstorCoreEngine - ----------Running generation: 98, population size: 1
[21722] WARN AstorCoreEngine - ----------Running generation: 99, population size: 1
[21726] WARN AstorCoreEngine - ----------Running generation: 100, population size: 1
[21731] ERROR AstorCoreEngine - Stopping main loop at 100 generation
[21732] INFO AstorCoreEngine - Time Repair Loop (s): 0.776
[21732] INFO AstorCoreEngine - generationsexecuted: 100
[21732] WARN AstorCoreEngine - ----SUMMARY_EXECUTION---
[21732] WARN AstorCoreEngine - End Repair Search: NOT Found solution
[21732] WARN AstorCoreEngine - Number suspicious:1
[21732] INFO AstorCoreEngine - Total mod points: 2
[21739] INFO ExpressionTypeIngredientSpace - Storing ing JSON at /workdir/Cardumen_vul4j_swagger-api_swagger-parser_VUL4J-77/./output_astor/AstorMain-swagger-api_swagger-parser-VUL4J-77//src/ingredients.json
[21740] INFO IngredientStats - Storing ing JSON at /workdir/Cardumen_vul4j_swagger-api_swagger-parser_VUL4J-77/./output_astor/AstorMain-swagger-api_swagger-parser-VUL4J-77//ingredientSpaceSize.json
[21740] INFO IngredientStats - ingredientSpaceSize:{"allAttempts":2,"space":[{"a":1,"v":2}]}
[21740] INFO IngredientStats - Storing ing JSON at /workdir/Cardumen_vul4j_swagger-api_swagger-parser_VUL4J-77/./output_astor/AstorMain-swagger-api_swagger-parser-VUL4J-77//combinationsTemplatesingredientSpaceSize.json
[21740] INFO IngredientStats - combinationsTemplatesingredientSpaceSize:{"allAttempts":4,"space":[{"a":1,"v":4}]}
[21741] INFO AstorCoreEngine - 
 --SOLUTIONS DESCRIPTION--


Astor Output:

General stats:
EXECUTION_IDENTIFIER=swagger-api_swagger-parser-VUL4J-77
TOTAL_TIME=0.776
NR_GENERATIONS=100
NR_RIGHT_COMPILATIONS=null
NR_FAILLING_COMPILATIONS=null
NR_ERRONEOUS_VARIANCES=null
NR_FAILING_VALIDATION_PROCESS=null
OUTPUT_STATUS=CONVERGED

Patch stats:

[21746] INFO Stats - Storing ing JSON at /workdir/Cardumen_vul4j_swagger-api_swagger-parser_VUL4J-77/./output_astor/AstorMain-swagger-api_swagger-parser-VUL4J-77//astor_output.json
[21746] INFO Stats - astor_output:
{"general":{"NR_RIGHT_COMPILATIONS":null,"NR_ERRONEOUS_VARIANCES":null,"EXECUTION_IDENTIFIER":"swagger-api_swagger-parser-VUL4J-77","OUTPUT_STATUS":"CONVERGED","NR_FAILLING_COMPILATIONS":null,"NR_GENERATIONS":100,"TOTAL_TIME":0.776,"NR_FAILING_VALIDATION_PROCESS":null},"patches":[]}
[21746] INFO AstorMain - Time Total(s): 21.738
58.46user 5.59system 0:22.20elapsed 288%CPU (0avgtext+0avgdata 465684maxresident)k
0inputs+4888outputs (0major+397205minor)pagefaults 0swaps


Node: 7bf757db1356



Date: Wed Nov 30 04:20:04 EST 2022

