cd /workdir/GenProg_vul4j_codehaus-plexus_plexus-utils_VUL4J-42;
export JAVA_TOOL_OPTIONS="-Dfile.encoding=UTF8 -Duser.language=en-US -Duser.country=US -Duser.language=en";
TZ="America/New_York"; export TZ;
export PATH="/usr/lib/jvm/jdk1.7.0_80/bin:$PATH";
export JAVA_HOME="/usr/lib/jvm/jdk1.7.0_80";
timeout 240m java -Xmx4g -Xms1g -XX:MaxPermSize=512m -cp /script/../libs/jmetal.jar:/script/../repair_tools/arja.jar us.msu.cse.repair.Main \
	GenProg \
	-DexternalProjRoot /script/../libs/arja_external \
	-DprojectDir /workdir/GenProg_vul4j_codehaus-plexus_plexus-utils_VUL4J-42 \
    -DtestFiltered false \
    -DrunTestCommand "mvn test -Dhttps.protocols=TLSv1.2 -Denforcer.skip=true -Dcheckstyle.skip=true -Dcobertura.skip=true -DskipITs=true -Drat.skip=true -Dlicense.skip=true -Dpmd.skip=true -Dfindbugs.skip=true -Dgpg.skip=true -Dskip.npm=true -Dskip.gulp=true -Dskip.bower=true -Danimal.sniffer.skip=true -V -B" \
	-DsrcJavaDir /workdir/GenProg_vul4j_codehaus-plexus_plexus-utils_VUL4J-42/src/main/java \
	-DbinJavaDir /workdir/GenProg_vul4j_codehaus-plexus_plexus-utils_VUL4J-42/target/classes \
	-DbinTestDir /workdir/GenProg_vul4j_codehaus-plexus_plexus-utils_VUL4J-42/target/test-classes \
	-DdiffFormat true \
	-Dseed 0 \
	-DgzoltarDataDir /script/../data/benchmarks/vul4j/perfectfl/VUL4J-42 \
	-Ddependences /root/.m2/repository/junit/junit/3.8.2/junit-3.8.2.jar;
	echo "\n\nNode: `hostname`\n";
	echo "\n\nDate: `date`\n";
Picked up JAVA_TOOL_OPTIONS: -Dfile.encoding=UTF8 -Duser.language=en-US -Duser.country=US -Duser.language=en
Fault localization starts...
Number of positive tests: 272
Number of negative tests: 12
Negative tests: [org.codehaus.plexus.util.cli.CommandlineTest#testPathWithShellExpansionStrings, org.codehaus.plexus.util.cli.shell.BourneShellTest#testEscapeSingleQuotesOnArgument, org.codehaus.plexus.util.cli.shell.BourneShellTest#testQuoteWorkingDirectoryAndExecutable, org.codehaus.plexus.util.cli.shell.BourneShellTest#testQuoteWorkingDirectoryAndExecutable_WDPathWithSingleQuotes_BackslashFileSep, org.codehaus.plexus.util.cli.shell.BourneShellTest#testBourneShellQuotingCharacters, org.codehaus.plexus.util.cli.CommandlineTest#testGetShellCommandLineBash_WithSingleQuotedArg, org.codehaus.plexus.util.cli.CommandlineTest#testGetShellCommandLineBash_WithWorkingDirectory, org.codehaus.plexus.util.cli.shell.BourneShellTest#testQuoteWorkingDirectoryAndExecutable_WDPathWithSingleQuotes, org.codehaus.plexus.util.cli.shell.BourneShellTest#testArgumentsWithsemicolon, org.codehaus.plexus.util.cli.shell.BourneShellTest#testPreserveSingleQuotesOnArgument, org.codehaus.plexus.util.cli.CommandlineTest#testGetShellCommandLineNonWindows, org.codehaus.plexus.util.cli.CommandlineTest#testGetShellCommandLineBash]
Faulty Lines: 
org.codehaus.plexus.util.cli.Commandline#651:1.0
org.codehaus.plexus.util.cli.shell.BourneShell#164:1.0
org.codehaus.plexus.util.cli.Commandline#636:1.0
org.codehaus.plexus.util.cli.Commandline#672:1.0
org.codehaus.plexus.util.cli.shell.Shell#167:1.0
org.codehaus.plexus.util.cli.shell.Shell#147:1.0
org.codehaus.plexus.util.cli.shell.Shell#165:1.0
org.codehaus.plexus.util.cli.shell.BourneShell#79:1.0
org.codehaus.plexus.util.cli.Commandline#486:1.0
org.codehaus.plexus.util.cli.shell.BourneShell#169:1.0
org.codehaus.plexus.util.cli.shell.BourneShell#59:1.0
org.codehaus.plexus.util.cli.shell.Shell#149:1.0
org.codehaus.plexus.util.cli.shell.BourneShell#57:1.0
org.codehaus.plexus.util.cli.shell.BourneShell#157:1.0
org.codehaus.plexus.util.cli.Commandline#256:1.0
org.codehaus.plexus.util.cli.shell.BourneShell#129:1.0
org.codehaus.plexus.util.cli.shell.Shell#281:1.0
Fault localization is finished!
AST parsing starts...
AST parsing is finished!
Detection of local variables starts...
Detection of local variables is finished!
Detection of fields starts...
Detection of fields is finished!
Detection of methods starts...
Detection of methods is finished!
Ingredient screener starts...
Ingredient screener is finished!
Initialization of manipulations starts...
Initialization of manipulations is finished!
Filtering of the tests starts...
Number of positive tests considered: 272
Filtering of the tests is finished!
One fitness evaluation starts...
----------------------------------
Patch Candidate:
+++ b/src/main/java/org/codehaus/plexus/util/cli/Commandline.java
@@ -633,7 +633,8 @@ public class Commandline
{
if ( workingDir == null )
{
-                process = Runtime.getRuntime().exec( getShellCommandline(), environment );
+                throw new CommandLineException(
+						"Can't handle single and double quotes in same argument");
}
else
{
Number of failed tests: 14
Fitness: 26.0
One fitness evaluation is finished...
One fitness evaluation starts...
Compilation fails!
One fitness evaluation is finished...
One fitness evaluation starts...
Compilation fails!
One fitness evaluation is finished...
One fitness evaluation starts...
----------------------------------
Patch Candidate:
+++ b/src/main/java/org/codehaus/plexus/util/cli/shell/BourneShell.java
@@ -54,7 +54,6 @@ public class BourneShell

public BourneShell( boolean isLoginShell )
{
-        setShellCommand( "/bin/sh" );
setArgumentQuoteDelimiter( '\'' );
setExecutableQuoteDelimiter( '\"' );
setSingleQuotedArgumentEscaped( true );
Number of failed tests: 20
Fitness: 32.0
One fitness evaluation is finished...
One fitness evaluation starts...
----------------------------------
Patch Candidate:
+++ b/src/main/java/org/codehaus/plexus/util/cli/Commandline.java
@@ -483,8 +483,6 @@ public class Commandline
public String[] getCommandline()
{
final String[] args = getArguments();
-        String executable = getExecutable();
-
if ( executable == null )
{
return args;
diff --git a/src/main/java/org/codehaus/plexus/util/cli/shell/Shell.java b/src/main/java/org/codehaus/plexus/util/cli/shell/Shell.java
index 6d748fb28ba9..584a55f13deb 100644
--- a/src/main/java/org/codehaus/plexus/util/cli/shell/Shell.java
+++ b/src/main/java/org/codehaus/plexus/util/cli/shell/Shell.java
@@ -278,7 +278,8 @@ public class Shell
commandLine.addAll( getShellArgsList() );
}

-        commandLine.addAll( getCommandLine( getExecutable(), arguments ) );
+        setSingleQuotedArgumentEscaped(true);
+		commandLine.addAll( getCommandLine( getExecutable(), arguments ) );

return commandLine;

Number of failed tests: 13
Fitness: 25.0
One fitness evaluation is finished...
One fitness evaluation starts...
----------------------------------
Patch Candidate:
+++ b/src/main/java/org/codehaus/plexus/util/cli/shell/BourneShell.java
@@ -56,7 +56,8 @@ public class BourneShell
{
setShellCommand( "/bin/sh" );
setArgumentQuoteDelimiter( '\'' );
-        setExecutableQuoteDelimiter( '\"' );
+        setShellArgs(new String[] { "/X", "/C" });
+		setExecutableQuoteDelimiter( '\"' );
setSingleQuotedArgumentEscaped( true );
setSingleQuotedExecutableEscaped( false );
setQuotedExecutableEnabled( true );
@@ -126,7 +127,6 @@ public class BourneShell
StringBuilder sb = new StringBuilder();
sb.append( "cd " );

-        sb.append( unifyQuotes( dir ) );
sb.append( " && " );

return sb.toString();
Number of failed tests: 19
Fitness: 31.0
One fitness evaluation is finished...
One fitness evaluation starts...
Compilation fails!
One fitness evaluation is finished...
One fitness evaluation starts...
----------------------------------
Patch Candidate:
+++ b/src/main/java/org/codehaus/plexus/util/cli/shell/BourneShell.java
@@ -161,11 +161,6 @@ public class BourneShell
return null;
}

-        if ( path.indexOf( " " ) == -1 && path.indexOf( "'" ) != -1 && path.indexOf( "\"" ) == -1 )
-        {
-            return StringUtils.escape( path );
-        }
-
return StringUtils.quoteAndEscape( path, '\"', BASH_QUOTING_TRIGGER_CHARS );
}
}
Number of failed tests: 15
Fitness: 27.0
One fitness evaluation is finished...
One fitness evaluation starts...
Compilation fails!
One fitness evaluation is finished...
One fitness evaluation starts...
----------------------------------
Patch Candidate:
+++ b/src/main/java/org/codehaus/plexus/util/cli/shell/BourneShell.java
@@ -54,7 +54,8 @@ public class BourneShell

public BourneShell( boolean isLoginShell )
{
-        setShellCommand( "/bin/sh" );
+        List<String> existingShellArgs = super.getShellArgsList();
+		setShellCommand( "/bin/sh" );
setArgumentQuoteDelimiter( '\'' );
setExecutableQuoteDelimiter( '\"' );
setSingleQuotedArgumentEscaped( true );
Number of failed tests: 13
Fitness: 25.0
One fitness evaluation is finished...
One fitness evaluation starts...
----------------------------------
Patch Candidate:
+++ b/src/main/java/org/codehaus/plexus/util/cli/shell/Shell.java
@@ -278,7 +278,7 @@ public class Shell
commandLine.addAll( getShellArgsList() );
}

-        commandLine.addAll( getCommandLine( getExecutable(), arguments ) );
+        this.singleQuotedArgumentEscaped = singleQuotedArgumentEscaped;

return commandLine;

Number of failed tests: 27
Fitness: 39.0
One fitness evaluation is finished...
One fitness evaluation starts...
Compilation fails!
One fitness evaluation is finished...
One fitness evaluation starts...
----------------------------------
Patch Candidate:
+++ b/src/main/java/org/codehaus/plexus/util/cli/shell/BourneShell.java
@@ -161,7 +161,11 @@ public class BourneShell
return null;
}

-        if ( path.indexOf( " " ) == -1 && path.indexOf( "'" ) != -1 && path.indexOf( "\"" ) == -1 )
+        if (path.indexOf(" ") == -1 && path.indexOf("'") != -1
+				&& path.indexOf("\"") == -1) {
+			return StringUtils.escape(path);
+		}
+		if ( path.indexOf( " " ) == -1 && path.indexOf( "'" ) != -1 && path.indexOf( "\"" ) == -1 )
{
return StringUtils.escape( path );
}
Number of failed tests: 14
Fitness: 26.0
One fitness evaluation is finished...
One fitness evaluation starts...
----------------------------------
Patch Candidate:
+++ b/src/main/java/org/codehaus/plexus/util/cli/shell/BourneShell.java
@@ -56,7 +56,6 @@ public class BourneShell
{
setShellCommand( "/bin/sh" );
setArgumentQuoteDelimiter( '\'' );
-        setExecutableQuoteDelimiter( '\"' );
setSingleQuotedArgumentEscaped( true );
setSingleQuotedExecutableEscaped( false );
setQuotedExecutableEnabled( true );
Number of failed tests: 13
Fitness: 25.0
One fitness evaluation is finished...
One fitness evaluation starts...
Compilation fails!
One fitness evaluation is finished...
One fitness evaluation starts...
----------------------------------
Patch Candidate:
+++ b/src/main/java/org/codehaus/plexus/util/cli/shell/BourneShell.java
@@ -126,7 +126,6 @@ public class BourneShell
StringBuilder sb = new StringBuilder();
sb.append( "cd " );

-        sb.append( unifyQuotes( dir ) );
sb.append( " && " );

return sb.toString();
Number of failed tests: 14
Fitness: 26.0
One fitness evaluation is finished...
One fitness evaluation starts...
----------------------------------
Patch Candidate:
+++ b/src/main/java/org/codehaus/plexus/util/cli/shell/Shell.java
@@ -164,7 +164,8 @@ public class Shell
{
char[] escapeChars = getEscapeChars( isSingleQuotedArgumentEscaped(), isDoubleQuotedArgumentEscaped() );

-                sb.append( StringUtils.quoteAndEscape( arguments[i], getArgumentQuoteDelimiter(), escapeChars, getQuotingTriggerChars(), getArgumentEscapePattern(), false ) );
+                this.shellCommand = shellCommand;
+				sb.append( StringUtils.quoteAndEscape( arguments[i], getArgumentQuoteDelimiter(), escapeChars, getQuotingTriggerChars(), getArgumentEscapePattern(), false ) );
}
else
{
Number of failed tests: 13
Fitness: 25.0
One fitness evaluation is finished...
One fitness evaluation starts...
Compilation fails!
One fitness evaluation is finished...
One fitness evaluation starts...
Compilation fails!
One fitness evaluation is finished...
One fitness evaluation starts...
----------------------------------
Patch Candidate:
+++ b/src/main/java/org/codehaus/plexus/util/cli/shell/Shell.java
@@ -163,8 +163,6 @@ public class Shell
if ( isQuotedArgumentsEnabled() )
{
char[] escapeChars = getEscapeChars( isSingleQuotedArgumentEscaped(), isDoubleQuotedArgumentEscaped() );
-
-                sb.append( StringUtils.quoteAndEscape( arguments[i], getArgumentQuoteDelimiter(), escapeChars, getQuotingTriggerChars(), getArgumentEscapePattern(), false ) );
}
else
{
Number of failed tests: 1
Fitness: 1.0
One fitness evaluation is finished...
One fitness evaluation starts...
Compilation fails!
One fitness evaluation is finished...
One fitness evaluation starts...
Compilation fails!
One fitness evaluation is finished...
One fitness evaluation starts...
----------------------------------
Patch Candidate:
+++ b/src/main/java/org/codehaus/plexus/util/cli/Commandline.java
@@ -669,10 +669,7 @@ public class Commandline
shell.setWorkingDirectory( workingDir );
}

-        if ( shell.getExecutable() == null )
-        {
-            shell.setExecutable( executable );
-        }
+        this.notifyAll();
}

public Properties getSystemEnvVars()
Number of failed tests: 27
Fitness: 39.0
One fitness evaluation is finished...
One fitness evaluation starts...
----------------------------------
Patch Candidate:
+++ b/src/main/java/org/codehaus/plexus/util/cli/shell/BourneShell.java
@@ -126,7 +126,6 @@ public class BourneShell
StringBuilder sb = new StringBuilder();
sb.append( "cd " );

-        sb.append( unifyQuotes( dir ) );
sb.append( " && " );

return sb.toString();
Number of failed tests: 14
Fitness: 26.0
One fitness evaluation is finished...
One fitness evaluation starts...
----------------------------------
Patch Candidate:
+++ b/src/main/java/org/codehaus/plexus/util/cli/shell/Shell.java
@@ -278,7 +278,8 @@ public class Shell
commandLine.addAll( getShellArgsList() );
}

-        commandLine.addAll( getCommandLine( getExecutable(), arguments ) );
+        this.argQuoteDelimiter = argQuoteDelimiter;
+		commandLine.addAll( getCommandLine( getExecutable(), arguments ) );

return commandLine;

Number of failed tests: 14
Fitness: 26.0
One fitness evaluation is finished...
One fitness evaluation starts...
----------------------------------
Patch Candidate:
+++ b/src/main/java/org/codehaus/plexus/util/cli/shell/Shell.java
@@ -164,7 +164,8 @@ public class Shell
{
char[] escapeChars = getEscapeChars( isSingleQuotedArgumentEscaped(), isDoubleQuotedArgumentEscaped() );

-                sb.append( StringUtils.quoteAndEscape( arguments[i], getArgumentQuoteDelimiter(), escapeChars, getQuotingTriggerChars(), getArgumentEscapePattern(), false ) );
+                setSingleQuotedArgumentEscaped(true);
+				sb.append( StringUtils.quoteAndEscape( arguments[i], getArgumentQuoteDelimiter(), escapeChars, getQuotingTriggerChars(), getArgumentEscapePattern(), false ) );
}
else
{
Number of failed tests: 13
Fitness: 25.0
One fitness evaluation is finished...
One fitness evaluation starts...
----------------------------------
Patch Candidate:
+++ b/src/main/java/org/codehaus/plexus/util/cli/shell/Shell.java
@@ -146,7 +146,7 @@ public class Shell
{
char[] escapeChars = getEscapeChars( isSingleQuotedExecutableEscaped(), isDoubleQuotedExecutableEscaped() );

-                sb.append( StringUtils.quoteAndEscape( getExecutable(), getExecutableQuoteDelimiter(), escapeChars, getQuotingTriggerChars(), '\\', false ) );
+                sb.append(preamble);
}
else
{
Number of failed tests: 23
Fitness: 35.0
One fitness evaluation is finished...
One fitness evaluation starts...
Compilation fails!
One fitness evaluation is finished...
One fitness evaluation starts...
Compilation fails!
One fitness evaluation is finished...
One fitness evaluation starts...
Compilation fails!
One fitness evaluation is finished...
One fitness evaluation starts...
Compilation fails!
One fitness evaluation is finished...
One fitness evaluation starts...
----------------------------------
Patch Candidate:
+++ b/src/main/java/org/codehaus/plexus/util/cli/shell/BourneShell.java
@@ -56,7 +56,6 @@ public class BourneShell
{
setShellCommand( "/bin/sh" );
setArgumentQuoteDelimiter( '\'' );
-        setExecutableQuoteDelimiter( '\"' );
setSingleQuotedArgumentEscaped( true );
setSingleQuotedExecutableEscaped( false );
setQuotedExecutableEnabled( true );
Number of failed tests: 13
Fitness: 25.0
One fitness evaluation is finished...
One fitness evaluation starts...
Compilation fails!
One fitness evaluation is finished...
One fitness evaluation starts...
Compilation fails!
One fitness evaluation is finished...
One fitness evaluation starts...
Compilation fails!
One fitness evaluation is finished...
One fitness evaluation starts...
Compilation fails!
One fitness evaluation is finished...
One fitness evaluation starts...
----------------------------------
Patch Candidate:
+++ b/src/main/java/org/codehaus/plexus/util/cli/shell/BourneShell.java
@@ -54,7 +54,8 @@ public class BourneShell

public BourneShell( boolean isLoginShell )
{
-        setShellCommand( "/bin/sh" );
+        char[] escapeChars = getEscapeChars(isSingleQuotedArgumentEscaped(),
+				isDoubleQuotedArgumentEscaped());
setArgumentQuoteDelimiter( '\'' );
setExecutableQuoteDelimiter( '\"' );
setSingleQuotedArgumentEscaped( true );
Number of failed tests: 20
Fitness: 32.0
One fitness evaluation is finished...
One fitness evaluation starts...
----------------------------------
Patch Candidate:
+++ b/src/main/java/org/codehaus/plexus/util/cli/shell/Shell.java
@@ -164,7 +164,8 @@ public class Shell
{
char[] escapeChars = getEscapeChars( isSingleQuotedArgumentEscaped(), isDoubleQuotedArgumentEscaped() );

-                sb.append( StringUtils.quoteAndEscape( arguments[i], getArgumentQuoteDelimiter(), escapeChars, getQuotingTriggerChars(), getArgumentEscapePattern(), false ) );
+                String preamble = getExecutionPreamble();
+				sb.append( StringUtils.quoteAndEscape( arguments[i], getArgumentQuoteDelimiter(), escapeChars, getQuotingTriggerChars(), getArgumentEscapePattern(), false ) );
}
else
{
Number of failed tests: 13
Fitness: 25.0
One fitness evaluation is finished...
One fitness evaluation starts...
Compilation fails!
One fitness evaluation is finished...
One fitness evaluation starts...
----------------------------------
Patch Candidate:
+++ b/src/main/java/org/codehaus/plexus/util/cli/shell/BourneShell.java
@@ -56,7 +56,6 @@ public class BourneShell
{
setShellCommand( "/bin/sh" );
setArgumentQuoteDelimiter( '\'' );
-        setExecutableQuoteDelimiter( '\"' );
setSingleQuotedArgumentEscaped( true );
setSingleQuotedExecutableEscaped( false );
setQuotedExecutableEnabled( true );
Number of failed tests: 14
Fitness: 26.0
One fitness evaluation is finished...
One fitness evaluation starts...
----------------------------------
Patch Candidate:
+++ b/src/main/java/org/codehaus/plexus/util/cli/shell/BourneShell.java
@@ -54,7 +54,8 @@ public class BourneShell

public BourneShell( boolean isLoginShell )
{
-        setShellCommand( "/bin/sh" );
+        List<String> existingShellArgs = super.getShellArgsList();
+		setShellCommand( "/bin/sh" );
setArgumentQuoteDelimiter( '\'' );
setExecutableQuoteDelimiter( '\"' );
setSingleQuotedArgumentEscaped( true );
Number of failed tests: 13
Fitness: 25.0
One fitness evaluation is finished...
One fitness evaluation starts...
----------------------------------
Patch Candidate:
+++ b/src/main/java/org/codehaus/plexus/util/cli/shell/Shell.java
@@ -164,7 +164,8 @@ public class Shell
{
char[] escapeChars = getEscapeChars( isSingleQuotedArgumentEscaped(), isDoubleQuotedArgumentEscaped() );

-                sb.append( StringUtils.quoteAndEscape( arguments[i], getArgumentQuoteDelimiter(), escapeChars, getQuotingTriggerChars(), getArgumentEscapePattern(), false ) );
+                String preamble = getExecutionPreamble();
+				sb.append( StringUtils.quoteAndEscape( arguments[i], getArgumentQuoteDelimiter(), escapeChars, getQuotingTriggerChars(), getArgumentEscapePattern(), false ) );
}
else
{
Number of failed tests: 13
Fitness: 25.0
One fitness evaluation is finished...
One fitness evaluation starts...
----------------------------------
Patch Candidate:
+++ b/src/main/java/org/codehaus/plexus/util/cli/shell/Shell.java
@@ -164,7 +164,8 @@ public class Shell
{
char[] escapeChars = getEscapeChars( isSingleQuotedArgumentEscaped(), isDoubleQuotedArgumentEscaped() );

-                sb.append( StringUtils.quoteAndEscape( arguments[i], getArgumentQuoteDelimiter(), escapeChars, getQuotingTriggerChars(), getArgumentEscapePattern(), false ) );
+                String preamble = getExecutionPreamble();
+				sb.append( StringUtils.quoteAndEscape( arguments[i], getArgumentQuoteDelimiter(), escapeChars, getQuotingTriggerChars(), getArgumentEscapePattern(), false ) );
}
else
{
Number of failed tests: 13
Fitness: 25.0
One fitness evaluation is finished...
One fitness evaluation starts...
----------------------------------
Patch Candidate:
+++ b/src/main/java/org/codehaus/plexus/util/cli/shell/BourneShell.java
@@ -54,7 +54,8 @@ public class BourneShell

public BourneShell( boolean isLoginShell )
{
-        setShellCommand( "/bin/sh" );
+        List<String> existingShellArgs = super.getShellArgsList();
+		setShellCommand( "/bin/sh" );
setArgumentQuoteDelimiter( '\'' );
setExecutableQuoteDelimiter( '\"' );
setSingleQuotedArgumentEscaped( true );
Number of failed tests: 13
Fitness: 25.0
One fitness evaluation is finished...
One fitness evaluation starts...
----------------------------------
Patch Candidate:
+++ b/src/main/java/org/codehaus/plexus/util/cli/shell/BourneShell.java
@@ -56,7 +56,6 @@ public class BourneShell
{
setShellCommand( "/bin/sh" );
setArgumentQuoteDelimiter( '\'' );
-        setExecutableQuoteDelimiter( '\"' );
setSingleQuotedArgumentEscaped( true );
setSingleQuotedExecutableEscaped( false );
setQuotedExecutableEnabled( true );
Number of failed tests: 14
Fitness: 26.0
One fitness evaluation is finished...
One fitness evaluation starts...
----------------------------------
Patch Candidate:
+++ b/src/main/java/org/codehaus/plexus/util/cli/Commandline.java
@@ -633,7 +633,8 @@ public class Commandline
{
if ( workingDir == null )
{
-                process = Runtime.getRuntime().exec( getShellCommandline(), environment );
+                throw new CommandLineException(
+						"Can't handle single and double quotes in same argument");
}
else
{
@@ -648,7 +649,8 @@ public class Commandline
+ "\" does not specify a directory." );
}

-                process = Runtime.getRuntime().exec( getShellCommandline(), environment, workingDir );
+                String[] tmp = new String[0];
+				process = Runtime.getRuntime().exec( getShellCommandline(), environment, workingDir );
}
}
catch ( IOException ex )
Number of failed tests: 14
Fitness: 26.0
One fitness evaluation is finished...
One fitness evaluation starts...
----------------------------------
Patch Candidate:
+++ b/src/main/java/org/codehaus/plexus/util/cli/Commandline.java
@@ -483,8 +483,6 @@ public class Commandline
public String[] getCommandline()
{
final String[] args = getArguments();
-        String executable = getExecutable();
-
if ( executable == null )
{
return args;
@@ -633,7 +631,8 @@ public class Commandline
{
if ( workingDir == null )
{
-                process = Runtime.getRuntime().exec( getShellCommandline(), environment );
+                throw new CommandLineException(
+						"Can't handle single and double quotes in same argument");
}
else
{
Number of failed tests: 14
Fitness: 26.0
One fitness evaluation is finished...
One fitness evaluation starts...
----------------------------------
Patch Candidate:
+++ b/src/main/java/org/codehaus/plexus/util/cli/shell/BourneShell.java
@@ -56,7 +56,6 @@ public class BourneShell
{
setShellCommand( "/bin/sh" );
setArgumentQuoteDelimiter( '\'' );
-        setExecutableQuoteDelimiter( '\"' );
setSingleQuotedArgumentEscaped( true );
setSingleQuotedExecutableEscaped( false );
setQuotedExecutableEnabled( true );
Number of failed tests: 13
Fitness: 25.0
One fitness evaluation is finished...
One fitness evaluation starts...
----------------------------------
Patch Candidate:
+++ b/src/main/java/org/codehaus/plexus/util/cli/shell/BourneShell.java
@@ -56,7 +56,8 @@ public class BourneShell
{
setShellCommand( "/bin/sh" );
setArgumentQuoteDelimiter( '\'' );
-        setExecutableQuoteDelimiter( '\"' );
+        setShellArgs(new String[] { "/X", "/C" });
+		setExecutableQuoteDelimiter( '\"' );
setSingleQuotedArgumentEscaped( true );
setSingleQuotedExecutableEscaped( false );
setQuotedExecutableEnabled( true );
@@ -126,7 +127,6 @@ public class BourneShell
StringBuilder sb = new StringBuilder();
sb.append( "cd " );

-        sb.append( unifyQuotes( dir ) );
sb.append( " && " );

return sb.toString();
Number of failed tests: 19
Fitness: 31.0
One fitness evaluation is finished...
One fitness evaluation starts...
Compilation fails!
One fitness evaluation is finished...
One fitness evaluation starts...
----------------------------------
Patch Candidate:
+++ b/src/main/java/org/codehaus/plexus/util/cli/shell/BourneShell.java
@@ -56,7 +56,8 @@ public class BourneShell
{
setShellCommand( "/bin/sh" );
setArgumentQuoteDelimiter( '\'' );
-        setExecutableQuoteDelimiter( '\"' );
+        setShellArgs(new String[] { "/X", "/C" });
+		setExecutableQuoteDelimiter( '\"' );
setSingleQuotedArgumentEscaped( true );
setSingleQuotedExecutableEscaped( false );
setQuotedExecutableEnabled( true );
@@ -161,11 +162,6 @@ public class BourneShell
return null;
}

-        if ( path.indexOf( " " ) == -1 && path.indexOf( "'" ) != -1 && path.indexOf( "\"" ) == -1 )
-        {
-            return StringUtils.escape( path );
-        }
-
return StringUtils.quoteAndEscape( path, '\"', BASH_QUOTING_TRIGGER_CHARS );
}
}
Number of failed tests: 19
Fitness: 31.0
One fitness evaluation is finished...
One fitness evaluation starts...
----------------------------------
Patch Candidate:
+++ b/src/main/java/org/codehaus/plexus/util/cli/shell/BourneShell.java
@@ -126,7 +126,6 @@ public class BourneShell
StringBuilder sb = new StringBuilder();
sb.append( "cd " );

-        sb.append( unifyQuotes( dir ) );
sb.append( " && " );

return sb.toString();
Number of failed tests: 14
Fitness: 26.0
One fitness evaluation is finished...
One fitness evaluation starts...
----------------------------------
Patch Candidate:
+++ b/src/main/java/org/codehaus/plexus/util/cli/shell/BourneShell.java
@@ -56,7 +56,6 @@ public class BourneShell
{
setShellCommand( "/bin/sh" );
setArgumentQuoteDelimiter( '\'' );
-        setExecutableQuoteDelimiter( '\"' );
setSingleQuotedArgumentEscaped( true );
setSingleQuotedExecutableEscaped( false );
setQuotedExecutableEnabled( true );
Number of failed tests: 13
Fitness: 25.0
One fitness evaluation is finished...
One fitness evaluation starts...
Compilation fails!
One fitness evaluation is finished...
One fitness evaluation starts...
----------------------------------
Patch Candidate:
+++ b/src/main/java/org/codehaus/plexus/util/cli/shell/Shell.java
@@ -164,7 +164,8 @@ public class Shell
{
char[] escapeChars = getEscapeChars( isSingleQuotedArgumentEscaped(), isDoubleQuotedArgumentEscaped() );

-                sb.append( StringUtils.quoteAndEscape( arguments[i], getArgumentQuoteDelimiter(), escapeChars, getQuotingTriggerChars(), getArgumentEscapePattern(), false ) );
+                setSingleQuotedArgumentEscaped(true);
+				sb.append( StringUtils.quoteAndEscape( arguments[i], getArgumentQuoteDelimiter(), escapeChars, getQuotingTriggerChars(), getArgumentEscapePattern(), false ) );
}
else
{
Number of failed tests: 14
Fitness: 26.0
One fitness evaluation is finished...
One fitness evaluation starts...
----------------------------------
Patch Candidate:
+++ b/src/main/java/org/codehaus/plexus/util/cli/shell/BourneShell.java
@@ -56,7 +56,6 @@ public class BourneShell
{
setShellCommand( "/bin/sh" );
setArgumentQuoteDelimiter( '\'' );
-        setExecutableQuoteDelimiter( '\"' );
setSingleQuotedArgumentEscaped( true );
setSingleQuotedExecutableEscaped( false );
setQuotedExecutableEnabled( true );
Number of failed tests: 14
Fitness: 26.0
One fitness evaluation is finished...
One fitness evaluation starts...
Compilation fails!
One fitness evaluation is finished...
One fitness evaluation starts...
----------------------------------
Patch Candidate:
+++ b/src/main/java/org/codehaus/plexus/util/cli/shell/Shell.java
@@ -146,7 +146,7 @@ public class Shell
{
char[] escapeChars = getEscapeChars( isSingleQuotedExecutableEscaped(), isDoubleQuotedExecutableEscaped() );

-                sb.append( StringUtils.quoteAndEscape( getExecutable(), getExecutableQuoteDelimiter(), escapeChars, getQuotingTriggerChars(), '\\', false ) );
+                sb.append(preamble);
}
else
{
@@ -162,7 +162,8 @@ public class Shell

if ( isQuotedArgumentsEnabled() )
{
-                char[] escapeChars = getEscapeChars( isSingleQuotedArgumentEscaped(), isDoubleQuotedArgumentEscaped() );
+                this.singleQuotedExecutableEscaped = singleQuotedExecutableEscaped;
+				char[] escapeChars = getEscapeChars( isSingleQuotedArgumentEscaped(), isDoubleQuotedArgumentEscaped() );

sb.append( StringUtils.quoteAndEscape( arguments[i], getArgumentQuoteDelimiter(), escapeChars, getQuotingTriggerChars(), getArgumentEscapePattern(), false ) );
}
Number of failed tests: 23
Fitness: 35.0
One fitness evaluation is finished...
One fitness evaluation starts...
Compilation fails!
One fitness evaluation is finished...
One fitness evaluation starts...
----------------------------------
Patch Candidate:
java.io.IOException: Stream closed
	at java.io.BufferedInputStream.getBufIfOpen(BufferedInputStream.java:162)
	at java.io.BufferedInputStream.read(BufferedInputStream.java:325)
	at sun.nio.cs.StreamDecoder.readBytes(StreamDecoder.java:283)
	at sun.nio.cs.StreamDecoder.implRead(StreamDecoder.java:325)
	at sun.nio.cs.StreamDecoder.read(StreamDecoder.java:177)
	at java.io.InputStreamReader.read(InputStreamReader.java:184)
	at java.io.BufferedReader.fill(BufferedReader.java:154)
	at java.io.BufferedReader.readLine(BufferedReader.java:317)
	at java.io.BufferedReader.readLine(BufferedReader.java:382)
	at us.msu.cse.repair.core.util.StreamReaderThread.run(StreamReaderThread.java:36)
java.lang.IllegalStateException: Exception Occurred
	at us.msu.cse.repair.core.testexecutors.RExternalTestExecutor.runShell(RExternalTestExecutor.java:118)
	at us.msu.cse.repair.core.testexecutors.RExternalTestExecutor.runTests(RExternalTestExecutor.java:45)
	at us.msu.cse.repair.ec.problems.GenProgProblem.invokeTestExecutor(GenProgProblem.java:144)
	at us.msu.cse.repair.ec.problems.GenProgProblem.evaluate(GenProgProblem.java:99)
	at us.msu.cse.repair.ec.algorithms.GenProgGA.execute(GenProgGA.java:76)
	at us.msu.cse.repair.core.AbstractRepairAlgorithm.execute(AbstractRepairAlgorithm.java:18)
	at us.msu.cse.repair.GenProgMain.main(GenProgMain.java:65)
	at us.msu.cse.repair.Main.main(Main.java:10)
Number of failed tests: 13
Fitness: 25.0
One fitness evaluation is finished...
One fitness evaluation starts...
Compilation fails!
One fitness evaluation is finished...
One fitness evaluation starts...
Compilation fails!
One fitness evaluation is finished...
One fitness evaluation starts...
----------------------------------
Patch Candidate:
+++ b/src/main/java/org/codehaus/plexus/util/cli/shell/BourneShell.java
@@ -54,9 +54,7 @@ public class BourneShell

public BourneShell( boolean isLoginShell )
{
-        setShellCommand( "/bin/sh" );
setArgumentQuoteDelimiter( '\'' );
-        setExecutableQuoteDelimiter( '\"' );
setSingleQuotedArgumentEscaped( true );
setSingleQuotedExecutableEscaped( false );
setQuotedExecutableEnabled( true );
Number of failed tests: 20
Fitness: 32.0
One fitness evaluation is finished...
One fitness evaluation starts...
Compilation fails!
One fitness evaluation is finished...
One fitness evaluation starts...
Compilation fails!
One fitness evaluation is finished...
One fitness evaluation starts...
Compilation fails!
One fitness evaluation is finished...
One fitness evaluation starts...
Compilation fails!
One fitness evaluation is finished...
One fitness evaluation starts...
Compilation fails!
One fitness evaluation is finished...
One fitness evaluation starts...
Compilation fails!
One fitness evaluation is finished...
One fitness evaluation starts...
----------------------------------
Patch Candidate:
+++ b/src/main/java/org/codehaus/plexus/util/cli/shell/Shell.java
@@ -164,7 +164,8 @@ public class Shell
{
char[] escapeChars = getEscapeChars( isSingleQuotedArgumentEscaped(), isDoubleQuotedArgumentEscaped() );

-                sb.append( StringUtils.quoteAndEscape( arguments[i], getArgumentQuoteDelimiter(), escapeChars, getQuotingTriggerChars(), getArgumentEscapePattern(), false ) );
+                String preamble = getExecutionPreamble();
+				sb.append( StringUtils.quoteAndEscape( arguments[i], getArgumentQuoteDelimiter(), escapeChars, getQuotingTriggerChars(), getArgumentEscapePattern(), false ) );
}
else
{
Number of failed tests: 13
Fitness: 25.0
One fitness evaluation is finished...
One fitness evaluation starts...
----------------------------------
Patch Candidate:
+++ b/src/main/java/org/codehaus/plexus/util/cli/shell/Shell.java
@@ -164,7 +164,8 @@ public class Shell
{
char[] escapeChars = getEscapeChars( isSingleQuotedArgumentEscaped(), isDoubleQuotedArgumentEscaped() );

-                sb.append( StringUtils.quoteAndEscape( arguments[i], getArgumentQuoteDelimiter(), escapeChars, getQuotingTriggerChars(), getArgumentEscapePattern(), false ) );
+                String preamble = getExecutionPreamble();
+				sb.append( StringUtils.quoteAndEscape( arguments[i], getArgumentQuoteDelimiter(), escapeChars, getQuotingTriggerChars(), getArgumentEscapePattern(), false ) );
}
else
{
Number of failed tests: 13
Fitness: 25.0
One fitness evaluation is finished...
One fitness evaluation starts...
----------------------------------
Patch Candidate:
+++ b/src/main/java/org/codehaus/plexus/util/cli/Commandline.java
@@ -648,7 +648,8 @@ public class Commandline
+ "\" does not specify a directory." );
}

-                process = Runtime.getRuntime().exec( getShellCommandline(), environment, workingDir );
+                final int normal = 0;
+				process = Runtime.getRuntime().exec( getShellCommandline(), environment, workingDir );
}
}
catch ( IOException ex )
diff --git a/src/main/java/org/codehaus/plexus/util/cli/shell/BourneShell.java b/src/main/java/org/codehaus/plexus/util/cli/shell/BourneShell.java
index d3432820fd44..c1809741149c 100644
--- a/src/main/java/org/codehaus/plexus/util/cli/shell/BourneShell.java
+++ b/src/main/java/org/codehaus/plexus/util/cli/shell/BourneShell.java
@@ -126,7 +126,6 @@ public class BourneShell
StringBuilder sb = new StringBuilder();
sb.append( "cd " );

-        sb.append( unifyQuotes( dir ) );
sb.append( " && " );

return sb.toString();
Number of failed tests: 14
Fitness: 26.0
One fitness evaluation is finished...
One fitness evaluation starts...
Compilation fails!
One fitness evaluation is finished...
One fitness evaluation starts...
----------------------------------
Patch Candidate:
+++ b/src/main/java/org/codehaus/plexus/util/cli/shell/BourneShell.java
@@ -56,7 +56,7 @@ public class BourneShell
{
setShellCommand( "/bin/sh" );
setArgumentQuoteDelimiter( '\'' );
-        setExecutableQuoteDelimiter( '\"' );
+        String preamble = getExecutionPreamble();
setSingleQuotedArgumentEscaped( true );
setSingleQuotedExecutableEscaped( false );
setQuotedExecutableEnabled( true );
@@ -126,7 +126,6 @@ public class BourneShell
StringBuilder sb = new StringBuilder();
sb.append( "cd " );

-        sb.append( unifyQuotes( dir ) );
sb.append( " && " );

return sb.toString();
diff --git a/src/main/java/org/codehaus/plexus/util/cli/shell/Shell.java b/src/main/java/org/codehaus/plexus/util/cli/shell/Shell.java
index 6d748fb28ba9..ae1088237bac 100644
--- a/src/main/java/org/codehaus/plexus/util/cli/shell/Shell.java
+++ b/src/main/java/org/codehaus/plexus/util/cli/shell/Shell.java
@@ -164,7 +164,8 @@ public class Shell
{
char[] escapeChars = getEscapeChars( isSingleQuotedArgumentEscaped(), isDoubleQuotedArgumentEscaped() );

-                sb.append( StringUtils.quoteAndEscape( arguments[i], getArgumentQuoteDelimiter(), escapeChars, getQuotingTriggerChars(), getArgumentEscapePattern(), false ) );
+                String preamble = getExecutionPreamble();
+				sb.append( StringUtils.quoteAndEscape( arguments[i], getArgumentQuoteDelimiter(), escapeChars, getQuotingTriggerChars(), getArgumentEscapePattern(), false ) );
}
else
{
Number of failed tests: 15
Fitness: 27.0
One fitness evaluation is finished...
One fitness evaluation starts...
----------------------------------
Patch Candidate:
+++ b/src/main/java/org/codehaus/plexus/util/cli/shell/Shell.java
@@ -164,7 +164,8 @@ public class Shell
{
char[] escapeChars = getEscapeChars( isSingleQuotedArgumentEscaped(), isDoubleQuotedArgumentEscaped() );

-                sb.append( StringUtils.quoteAndEscape( arguments[i], getArgumentQuoteDelimiter(), escapeChars, getQuotingTriggerChars(), getArgumentEscapePattern(), false ) );
+                String preamble = getExecutionPreamble();
+				sb.append( StringUtils.quoteAndEscape( arguments[i], getArgumentQuoteDelimiter(), escapeChars, getQuotingTriggerChars(), getArgumentEscapePattern(), false ) );
}
else
{
Number of failed tests: 13
Fitness: 25.0
One fitness evaluation is finished...
One fitness evaluation starts...
Compilation fails!
One fitness evaluation is finished...
One fitness evaluation starts...
----------------------------------
Patch Candidate:
+++ b/src/main/java/org/codehaus/plexus/util/cli/shell/BourneShell.java
@@ -54,7 +54,8 @@ public class BourneShell

public BourneShell( boolean isLoginShell )
{
-        setShellCommand( "/bin/sh" );
+        List<String> existingShellArgs = super.getShellArgsList();
+		setShellCommand( "/bin/sh" );
setArgumentQuoteDelimiter( '\'' );
setExecutableQuoteDelimiter( '\"' );
setSingleQuotedArgumentEscaped( true );
Number of failed tests: 13
Fitness: 25.0
One fitness evaluation is finished...
One fitness evaluation starts...
Compilation fails!
One fitness evaluation is finished...
One fitness evaluation starts...
----------------------------------
Patch Candidate:
+++ b/src/main/java/org/codehaus/plexus/util/cli/Commandline.java
@@ -669,7 +669,8 @@ public class Commandline
shell.setWorkingDirectory( workingDir );
}

-        if ( shell.getExecutable() == null )
+        this.executable = executable;
+		if ( shell.getExecutable() == null )
{
shell.setExecutable( executable );
}
diff --git a/src/main/java/org/codehaus/plexus/util/cli/shell/BourneShell.java b/src/main/java/org/codehaus/plexus/util/cli/shell/BourneShell.java
index d3432820fd44..0dd22f6cdeb6 100644
--- a/src/main/java/org/codehaus/plexus/util/cli/shell/BourneShell.java
+++ b/src/main/java/org/codehaus/plexus/util/cli/shell/BourneShell.java
@@ -56,7 +56,6 @@ public class BourneShell
{
setShellCommand( "/bin/sh" );
setArgumentQuoteDelimiter( '\'' );
-        setExecutableQuoteDelimiter( '\"' );
setSingleQuotedArgumentEscaped( true );
setSingleQuotedExecutableEscaped( false );
setQuotedExecutableEnabled( true );
Number of failed tests: 13
Fitness: 25.0
One fitness evaluation is finished...
One fitness evaluation starts...
Compilation fails!
One fitness evaluation is finished...
One fitness evaluation starts...
----------------------------------
Patch Candidate:
+++ b/src/main/java/org/codehaus/plexus/util/cli/Commandline.java
@@ -669,7 +669,8 @@ public class Commandline
shell.setWorkingDirectory( workingDir );
}

-        if ( shell.getExecutable() == null )
+        this.executable = executable;
+		if ( shell.getExecutable() == null )
{
shell.setExecutable( executable );
}
diff --git a/src/main/java/org/codehaus/plexus/util/cli/shell/BourneShell.java b/src/main/java/org/codehaus/plexus/util/cli/shell/BourneShell.java
index d3432820fd44..0dd22f6cdeb6 100644
--- a/src/main/java/org/codehaus/plexus/util/cli/shell/BourneShell.java
+++ b/src/main/java/org/codehaus/plexus/util/cli/shell/BourneShell.java
@@ -56,7 +56,6 @@ public class BourneShell
{
setShellCommand( "/bin/sh" );
setArgumentQuoteDelimiter( '\'' );
-        setExecutableQuoteDelimiter( '\"' );
setSingleQuotedArgumentEscaped( true );
setSingleQuotedExecutableEscaped( false );
setQuotedExecutableEnabled( true );
diff --git a/src/main/java/org/codehaus/plexus/util/cli/shell/Shell.java b/src/main/java/org/codehaus/plexus/util/cli/shell/Shell.java
index 6d748fb28ba9..d16d08b3a254 100644
--- a/src/main/java/org/codehaus/plexus/util/cli/shell/Shell.java
+++ b/src/main/java/org/codehaus/plexus/util/cli/shell/Shell.java
@@ -163,8 +163,6 @@ public class Shell
if ( isQuotedArgumentsEnabled() )
{
char[] escapeChars = getEscapeChars( isSingleQuotedArgumentEscaped(), isDoubleQuotedArgumentEscaped() );
-
-                sb.append( StringUtils.quoteAndEscape( arguments[i], getArgumentQuoteDelimiter(), escapeChars, getQuotingTriggerChars(), getArgumentEscapePattern(), false ) );
}
else
{


Node: 2c8178711f7b



Date: Sun Nov 27 21:35:41 EST 2022

