cd /workdir/jGenProg_vul4j_ESAPI_esapi-java-legacy_VUL4J-44;
export JAVA_TOOL_OPTIONS="-Dfile.encoding=UTF8 -Duser.language=en-US -Duser.country=US -Duser.language=en";
TZ="America/New_York"; export TZ;
export PATH="/usr/lib/jvm/java-8-openjdk-amd64/bin:$PATH";
export JAVA_HOME="/usr/lib/jvm/java-8-openjdk-amd64/bin";
time java -Xmx4g -Xms1g -XX:MaxPermSize=512m -cp /script/../libs/jtestex7.jar:/script/../repair_tools/astor.jar fr.inria.main.evolution.AstorMain \
	-mode jgenprog \
	-location . \
	-id ESAPI_esapi-java-legacy-VUL4J-44 \
	-failing "org.OWASP.esapi.codecs.CodecImmunityTest#testImmuneEncode[PercentCodec %De]:org.OWASP.esapi.codecs.CodecImmunityTest#testImmuneEncode[PercentCodec IMMUNE_PERCENT (%)]:org.OWASP.esapi.codecs.CodecImmunityTest#testImmuneEncode[PercentCodec Full_ALPHA_AND_SPECIALS (!)]:org.OWASP.esapi.codecs.CodecImmunityTest#testImmuneEncode[PercentCodec Full_ALPHA_AND_SPECIALS ($)]:org.OWASP.esapi.codecs.CodecImmunityTest#testImmuneEncode[PercentCodec Full_ALPHA_AND_SPECIALS (*)]:org.OWASP.esapi.codecs.CodecImmunityTest#testImmuneEncode[PercentCodec Full_ALPHA_AND_SPECIALS (+)]:org.OWASP.esapi.codecs.CodecImmunityTest#testImmuneEncode[PercentCodec Full_ALPHA_AND_SPECIALS (-)]:org.OWASP.esapi.codecs.CodecImmunityTest#testImmuneEncode[PercentCodec Full_ALPHA_AND_SPECIALS (.)]:org.OWASP.esapi.codecs.CodecImmunityTest#testImmuneEncode[PercentCodec Full_ALPHA_AND_SPECIALS (=)]:org.OWASP.esapi.codecs.CodecImmunityTest#testImmuneEncode[PercentCodec Full_ALPHA_AND_SPECIALS (?)]:org.OWASP.esapi.codecs.CodecImmunityTest#testImmuneEncode[PercentCodec Full_ALPHA_AND_SPECIALS (@)]:org.OWASP.esapi.codecs.CodecImmunityTest#testImmuneEncode[PercentCodec Full_ALPHA_AND_SPECIALS (^)]:org.OWASP.esapi.codecs.CodecImmunityTest#testImmuneEncode[PercentCodec Full_ALPHA_AND_SPECIALS (_)]:org.OWASP.esapi.codecs.CodecImmunityTest#testImmuneEncode[PercentCodec Full_ALPHA_AND_SPECIALS (|)]:org.OWASP.esapi.codecs.CodecImmunityTest#testImmuneEncode[PercentCodec Full_ALPHA_AND_SPECIALS (~)]" \
	-jvm4testexecution /usr/lib/jvm/jdk1.7.0_80/bin \
	-jvm4evosuitetestexecution /usr/lib/jvm/jdk1.7.0_80/bin \
	-maxgen 1000000 \
	-maxtime 120 \
	-stopfirst true \
	-seed 0 \
	-scope local \
	-population 1 \
	-javacompliancelevel 7 \
	-faultlocalization perfect \
    -perfectdata /script/../data/benchmarks/vul4j/perfectfl/VUL4J-44 \
    -validation externalcmd \
    -testfailingcmd "mvn test -Dtest=org.OWASP.esapi.codecs.CodecImmunityTest -Dhttps.protocols=TLSv1.2 -Denforcer.skip=true -Dcheckstyle.skip=true -Dcobertura.skip=true -DskipITs=true -Drat.skip=true -Dlicense.skip=true -Dpmd.skip=true -Dfindbugs.skip=true -Dgpg.skip=true -Dskip.npm=true -Dskip.gulp=true -Dskip.bower=true -Danimal.sniffer.skip=true -V -B" \
    -testallcmd "mvn test -Dhttps.protocols=TLSv1.2 -Denforcer.skip=true -Dcheckstyle.skip=true -Dcobertura.skip=true -DskipITs=true -Drat.skip=true -Dlicense.skip=true -Dpmd.skip=true -Dfindbugs.skip=true -Dgpg.skip=true -Dskip.npm=true -Dskip.gulp=true -Dskip.bower=true -Danimal.sniffer.skip=true -V -B"  \ \
	-srcjavafolder src/main/java \
	-srctestfolder src/test/java \
	-binjavafolder target/classes \
	-bintestfolder target/test-classes \
	-parameters x:x \
	-dependencies /root/.m2/repository/org/beanshell/bsh-core/2.0b4/bsh-core-2.0b4.jar:/root/.m2/repository/org/hamcrest/hamcrest-core/1.3/hamcrest-core-1.3.jar:/root/.m2/repository/xom/xom/1.2.5/xom-1.2.5.jar:/root/.m2/repository/commons-io/commons-io/2.4/commons-io-2.4.jar:/root/.m2/repository/org/apache/xmlgraphics/batik-util/1.8/batik-util-1.8.jar:/root/.m2/repository/net/sourceforge/nekohtml/nekohtml/1.9.16/nekohtml-1.9.16.jar:/root/.m2/repository/org/apache/xmlgraphics/batik-css/1.8/batik-css-1.8.jar:/root/.m2/repository/xml-apis/xml-apis-ext/1.3.04/xml-apis-ext-1.3.04.jar:/root/.m2/repository/commons-collections/commons-collections/3.2.2/commons-collections-3.2.2.jar:/root/.m2/repository/commons-httpclient/commons-httpclient/3.1/commons-httpclient-3.1.jar:/root/.m2/repository/xerces/xercesImpl/2.8.0/xercesImpl-2.8.0.jar:/root/.m2/repository/log4j/log4j/1.2.17/log4j-1.2.17.jar:/root/.m2/repository/org/owasp/antisamy/antisamy/1.5.3/antisamy-1.5.3.jar:/root/.m2/repository/commons-lang/commons-lang/2.6/commons-lang-2.6.jar:/root/.m2/repository/commons-codec/commons-codec/1.2/commons-codec-1.2.jar:/root/.m2/repository/xalan/xalan/2.7.0/xalan-2.7.0.jar:/root/.m2/repository/org/apache/xmlgraphics/batik-ext/1.8/batik-ext-1.8.jar:/root/.m2/repository/commons-logging/commons-logging/1.1.1/commons-logging-1.1.1.jar:/root/.m2/repository/commons-fileupload/commons-fileupload/1.3.1/commons-fileupload-1.3.1.jar:/root/.m2/repository/javax/servlet/jsp-api/2.0/jsp-api-2.0.jar:/root/.m2/repository/xml-apis/xml-apis/1.3.03/xml-apis-1.3.03.jar:/root/.m2/repository/commons-configuration/commons-configuration/1.10/commons-configuration-1.10.jar:/root/.m2/repository/junit/junit/4.12/junit-4.12.jar:/root/.m2/repository/javax/servlet/servlet-api/2.5/servlet-api-2.5.jar:/root/.m2/repository/commons-beanutils/commons-beanutils-core/1.8.3/commons-beanutils-core-1.8.3.jar;
	echo "\n\nNode: `hostname`\n";
	echo "\n\nDate: `date`\n";
Picked up JAVA_TOOL_OPTIONS: -Dfile.encoding=UTF8 -Duser.language=en-US -Duser.country=US -Duser.language=en
OpenJDK 64-Bit Server VM warning: ignoring option MaxPermSize=512m; support was removed in 8.0
[0] INFO ProjectConfiguration - Version of the JVM used: 1.7.0_80
[1] INFO main - Java version of the JDK used to run tests: 1.7.0_80
[1] INFO main - The compliance of the JVM is:  7
[3] INFO main - command line arguments: [-mode  jgenprog  -location  .  -id  ESAPI_esapi-java-legacy-VUL4J-44  -failing  org.OWASP.esapi.codecs.CodecImmunityTest#testImmuneEncode[PercentCodec %De]:org.OWASP.esapi.codecs.CodecImmunityTest#testImmuneEncode[PercentCodec IMMUNE_PERCENT (%)]:org.OWASP.esapi.codecs.CodecImmunityTest#testImmuneEncode[PercentCodec Full_ALPHA_AND_SPECIALS (!)]:org.OWASP.esapi.codecs.CodecImmunityTest#testImmuneEncode[PercentCodec Full_ALPHA_AND_SPECIALS ($)]:org.OWASP.esapi.codecs.CodecImmunityTest#testImmuneEncode[PercentCodec Full_ALPHA_AND_SPECIALS (*)]:org.OWASP.esapi.codecs.CodecImmunityTest#testImmuneEncode[PercentCodec Full_ALPHA_AND_SPECIALS (+)]:org.OWASP.esapi.codecs.CodecImmunityTest#testImmuneEncode[PercentCodec Full_ALPHA_AND_SPECIALS (-)]:org.OWASP.esapi.codecs.CodecImmunityTest#testImmuneEncode[PercentCodec Full_ALPHA_AND_SPECIALS (.)]:org.OWASP.esapi.codecs.CodecImmunityTest#testImmuneEncode[PercentCodec Full_ALPHA_AND_SPECIALS (=)]:org.OWASP.esapi.codecs.CodecImmunityTest#testImmuneEncode[PercentCodec Full_ALPHA_AND_SPECIALS (?)]:org.OWASP.esapi.codecs.CodecImmunityTest#testImmuneEncode[PercentCodec Full_ALPHA_AND_SPECIALS (@)]:org.OWASP.esapi.codecs.CodecImmunityTest#testImmuneEncode[PercentCodec Full_ALPHA_AND_SPECIALS (^)]:org.OWASP.esapi.codecs.CodecImmunityTest#testImmuneEncode[PercentCodec Full_ALPHA_AND_SPECIALS (_)]:org.OWASP.esapi.codecs.CodecImmunityTest#testImmuneEncode[PercentCodec Full_ALPHA_AND_SPECIALS (|)]:org.OWASP.esapi.codecs.CodecImmunityTest#testImmuneEncode[PercentCodec Full_ALPHA_AND_SPECIALS (~)]  -jvm4testexecution  /usr/lib/jvm/jdk1.7.0_80/bin  -jvm4evosuitetestexecution  /usr/lib/jvm/jdk1.7.0_80/bin  -maxgen  1000000  -maxtime  120  -stopfirst  true  -seed  0  -scope  local  -population  1  -javacompliancelevel  7  -faultlocalization  perfect  -perfectdata  /script/../data/benchmarks/vul4j/perfectfl/VUL4J-44  -validation  externalcmd  -testfailingcmd  mvn test -Dtest=org.OWASP.esapi.codecs.CodecImmunityTest -Dhttps.protocols=TLSv1.2 -Denforcer.skip=true -Dcheckstyle.skip=true -Dcobertura.skip=true -DskipITs=true -Drat.skip=true -Dlicense.skip=true -Dpmd.skip=true -Dfindbugs.skip=true -Dgpg.skip=true -Dskip.npm=true -Dskip.gulp=true -Dskip.bower=true -Danimal.sniffer.skip=true -V -B  -testallcmd  mvn test -Dhttps.protocols=TLSv1.2 -Denforcer.skip=true -Dcheckstyle.skip=true -Dcobertura.skip=true -DskipITs=true -Drat.skip=true -Dlicense.skip=true -Dpmd.skip=true -Dfindbugs.skip=true -Dgpg.skip=true -Dskip.npm=true -Dskip.gulp=true -Dskip.bower=true -Danimal.sniffer.skip=true -V -B     -srcjavafolder  src/main/java  -srctestfolder  src/test/java  -binjavafolder  target/classes  -bintestfolder  target/test-classes  -parameters  x:x  -dependencies  /root/.m2/repository/org/beanshell/bsh-core/2.0b4/bsh-core-2.0b4.jar:/root/.m2/repository/org/hamcrest/hamcrest-core/1.3/hamcrest-core-1.3.jar:/root/.m2/repository/xom/xom/1.2.5/xom-1.2.5.jar:/root/.m2/repository/commons-io/commons-io/2.4/commons-io-2.4.jar:/root/.m2/repository/org/apache/xmlgraphics/batik-util/1.8/batik-util-1.8.jar:/root/.m2/repository/net/sourceforge/nekohtml/nekohtml/1.9.16/nekohtml-1.9.16.jar:/root/.m2/repository/org/apache/xmlgraphics/batik-css/1.8/batik-css-1.8.jar:/root/.m2/repository/xml-apis/xml-apis-ext/1.3.04/xml-apis-ext-1.3.04.jar:/root/.m2/repository/commons-collections/commons-collections/3.2.2/commons-collections-3.2.2.jar:/root/.m2/repository/commons-httpclient/commons-httpclient/3.1/commons-httpclient-3.1.jar:/root/.m2/repository/xerces/xercesImpl/2.8.0/xercesImpl-2.8.0.jar:/root/.m2/repository/log4j/log4j/1.2.17/log4j-1.2.17.jar:/root/.m2/repository/org/owasp/antisamy/antisamy/1.5.3/antisamy-1.5.3.jar:/root/.m2/repository/commons-lang/commons-lang/2.6/commons-lang-2.6.jar:/root/.m2/repository/commons-codec/commons-codec/1.2/commons-codec-1.2.jar:/root/.m2/repository/xalan/xalan/2.7.0/xalan-2.7.0.jar:/root/.m2/repository/org/apache/xmlgraphics/batik-ext/1.8/batik-ext-1.8.jar:/root/.m2/repository/commons-logging/commons-logging/1.1.1/commons-logging-1.1.1.jar:/root/.m2/repository/commons-fileupload/commons-fileupload/1.3.1/commons-fileupload-1.3.1.jar:/root/.m2/repository/javax/servlet/jsp-api/2.0/jsp-api-2.0.jar:/root/.m2/repository/xml-apis/xml-apis/1.3.03/xml-apis-1.3.03.jar:/root/.m2/repository/commons-configuration/commons-configuration/1.10/commons-configuration-1.10.jar:/root/.m2/repository/junit/junit/4.12/junit-4.12.jar:/root/.m2/repository/javax/servlet/servlet-api/2.5/servlet-api-2.5.jar:/root/.m2/repository/commons-beanutils/commons-beanutils-core/1.8.3/commons-beanutils-core-1.8.3.jar]
[5] INFO AstorMain - Running Astor on a JDK at /usr/lib/jvm/java-8-openjdk-amd64/jre
[10] INFO main - Source folders: [/workdir/jGenProg_vul4j_ESAPI_esapi-java-legacy_VUL4J-44/./src/main/java]
[11] INFO main - Source Test folders: [/workdir/jGenProg_vul4j_ESAPI_esapi-java-legacy_VUL4J-44/./src/test/java]
[490] INFO AstorCoreEngine - ---- Creating spoon model
[507] INFO MutationSupporter - Creating model,  Code location from working folder: /workdir/jGenProg_vul4j_ESAPI_esapi-java-legacy_VUL4J-44/./src/main/java
[507] INFO MutationSupporter - building model: /workdir/jGenProg_vul4j_ESAPI_esapi-java-legacy_VUL4J-44/./src/main/java, compliance level: 7
[519] INFO MutationSupporter - Classpath (Dependencies) for building SpoonModel: [/root/.m2/repository/org/beanshell/bsh-core/2.0b4/bsh-core-2.0b4.jar, /root/.m2/repository/org/hamcrest/hamcrest-core/1.3/hamcrest-core-1.3.jar, /root/.m2/repository/xom/xom/1.2.5/xom-1.2.5.jar, /root/.m2/repository/commons-io/commons-io/2.4/commons-io-2.4.jar, /root/.m2/repository/org/apache/xmlgraphics/batik-util/1.8/batik-util-1.8.jar, /root/.m2/repository/net/sourceforge/nekohtml/nekohtml/1.9.16/nekohtml-1.9.16.jar, /root/.m2/repository/org/apache/xmlgraphics/batik-css/1.8/batik-css-1.8.jar, /root/.m2/repository/xml-apis/xml-apis-ext/1.3.04/xml-apis-ext-1.3.04.jar, /root/.m2/repository/commons-collections/commons-collections/3.2.2/commons-collections-3.2.2.jar, /root/.m2/repository/commons-httpclient/commons-httpclient/3.1/commons-httpclient-3.1.jar, /root/.m2/repository/xerces/xercesImpl/2.8.0/xercesImpl-2.8.0.jar, /root/.m2/repository/log4j/log4j/1.2.17/log4j-1.2.17.jar, /root/.m2/repository/org/owasp/antisamy/antisamy/1.5.3/antisamy-1.5.3.jar, /root/.m2/repository/commons-lang/commons-lang/2.6/commons-lang-2.6.jar, /root/.m2/repository/commons-codec/commons-codec/1.2/commons-codec-1.2.jar, /root/.m2/repository/xalan/xalan/2.7.0/xalan-2.7.0.jar, /root/.m2/repository/org/apache/xmlgraphics/batik-ext/1.8/batik-ext-1.8.jar, /root/.m2/repository/commons-logging/commons-logging/1.1.1/commons-logging-1.1.1.jar, /root/.m2/repository/commons-fileupload/commons-fileupload/1.3.1/commons-fileupload-1.3.1.jar, /root/.m2/repository/javax/servlet/jsp-api/2.0/jsp-api-2.0.jar, /root/.m2/repository/xml-apis/xml-apis/1.3.03/xml-apis-1.3.03.jar, /root/.m2/repository/commons-configuration/commons-configuration/1.10/commons-configuration-1.10.jar, /root/.m2/repository/junit/junit/4.12/junit-4.12.jar, /root/.m2/repository/javax/servlet/servlet-api/2.5/servlet-api-2.5.jar, /root/.m2/repository/commons-beanutils/commons-beanutils-core/1.8.3/commons-beanutils-core-1.8.3.jar]
[4357] INFO AstorCoreEngine - Number of CtTypes created: 177
[4435] INFO AstorCoreEngine - Test retrieved from classes: 0
[4490] INFO AstorCoreEngine - Setting up the max to 550 milliseconds (0 sec)
[4490] INFO AstorCoreEngine - ---- Initial suspicious size: 2
[4533] INFO main - Total suspicious from FL: 2,  2
[4533] INFO main - Total ModPoint created: 2
[4533] INFO main - Creating program variant #1, [Variant id: 1, #gens: 2, #ops: 0, parent:-]
[4533] INFO main - Run previously failing tests...
[11853] INFO main - Failed tests: 0
Exception in thread "main" java.lang.IllegalStateException: The application under repair has not failling test cases
	at fr.inria.astor.core.solutionsearch.AstorCoreEngine.setFitnessOfPopulation(AstorCoreEngine.java:744)
	at fr.inria.astor.core.solutionsearch.AstorCoreEngine.initPopulation(AstorCoreEngine.java:724)
	at fr.inria.astor.core.ingredientbased.IngredientBasedEvolutionaryRepairApproachImpl.initPopulation(IngredientBasedEvolutionaryRepairApproachImpl.java:70)
	at fr.inria.main.evolution.AstorMain.createEngine(AstorMain.java:121)
	at fr.inria.main.evolution.AstorMain.run(AstorMain.java:173)
	at fr.inria.main.evolution.AstorMain.execute(AstorMain.java:233)
	at fr.inria.main.evolution.AstorMain.main(AstorMain.java:204)
Command exited with non-zero status 1
20.58user 0.91system 0:12.13elapsed 177%CPU (0avgtext+0avgdata 443080maxresident)k
688inputs+9896outputs (0major+181966minor)pagefaults 0swaps


Node: 2c8178711f7b



Date: Tue Nov 29 09:26:34 EST 2022

