cd /workdir/Kali_vul4j_apache_commons-compress_VUL4J-7;
export JAVA_TOOL_OPTIONS="-Dfile.encoding=UTF8 -Duser.language=en-US -Duser.country=US -Duser.language=en";
TZ="America/New_York"; export TZ;
export PATH="/usr/lib/jvm/jdk1.7.0_80/bin:$PATH";
export JAVA_HOME="/usr/lib/jvm/jdk1.7.0_80";
timeout 240m java -Xmx4g -Xms1g -XX:MaxPermSize=512m -cp /script/../libs/jmetal.jar:/script/../repair_tools/arja.jar us.msu.cse.repair.Main \
	Kali \
	-DexternalProjRoot /script/../libs/arja_external \
	-DprojectDir /workdir/Kali_vul4j_apache_commons-compress_VUL4J-7 \
    -DtestFiltered false \
    -DrunTestCommand "mvn test -Dhttps.protocols=TLSv1.2 -Denforcer.skip=true -Dcheckstyle.skip=true -Dcobertura.skip=true -DskipITs=true -Drat.skip=true -Dlicense.skip=true -Dpmd.skip=true -Dfindbugs.skip=true -Dgpg.skip=true -Dskip.npm=true -Dskip.gulp=true -Dskip.bower=true -Danimal.sniffer.skip=true -V -B" \
	-DsrcJavaDir /workdir/Kali_vul4j_apache_commons-compress_VUL4J-7/src/main/java \
	-DbinJavaDir /workdir/Kali_vul4j_apache_commons-compress_VUL4J-7/target/classes \
	-DbinTestDir /workdir/Kali_vul4j_apache_commons-compress_VUL4J-7/target/test-classes \
	-DdiffFormat true \
	-Dseed 0 \
	-DgzoltarDataDir /script/../data/benchmarks/vul4j/perfectfl/VUL4J-7 \
	-Ddependences /root/.m2/repository/org/ops4j/pax/swissbox/pax-swissbox-optional-jcl/1.8.2/pax-swissbox-optional-jcl-1.8.2.jar:/root/.m2/repository/org/powermock/powermock-module-junit4-common/1.7.3/powermock-module-junit4-common-1.7.3.jar:/root/.m2/repository/org/ops4j/base/ops4j-base-util-property/1.5.0/ops4j-base-util-property-1.5.0.jar:/root/.m2/repository/org/ops4j/pax/exam/pax-exam/4.11.0/pax-exam-4.11.0.jar:/root/.m2/repository/javax/inject/javax.inject/1/javax.inject-1.jar:/root/.m2/repository/org/ops4j/pax/swissbox/pax-swissbox-lifecycle/1.8.2/pax-swissbox-lifecycle-1.8.2.jar:/root/.m2/repository/org/ops4j/pax/exam/pax-exam-junit4/4.11.0/pax-exam-junit4-4.11.0.jar:/root/.m2/repository/org/hamcrest/hamcrest-core/1.3/hamcrest-core-1.3.jar:/root/.m2/repository/org/ops4j/pax/tinybundles/tinybundles/2.1.1/tinybundles-2.1.1.jar:/root/.m2/repository/org/powermock/powermock-api-mockito-common/1.7.3/powermock-api-mockito-common-1.7.3.jar:/root/.m2/repository/org/powermock/powermock-core/1.7.3/powermock-core-1.7.3.jar:/root/.m2/repository/org/ops4j/base/ops4j-base-lang/1.5.0/ops4j-base-lang-1.5.0.jar:/root/.m2/repository/org/powermock/powermock-api-support/1.7.3/powermock-api-support-1.7.3.jar:/root/.m2/repository/org/mockito/mockito-core/1.10.19/mockito-core-1.10.19.jar:/root/.m2/repository/org/objenesis/objenesis/2.1/objenesis-2.1.jar:/root/.m2/repository/org/ops4j/base/ops4j-base-spi/1.5.0/ops4j-base-spi-1.5.0.jar:/root/.m2/repository/org/ops4j/pax/exam/pax-exam-container-native/4.11.0/pax-exam-container-native-4.11.0.jar:/root/.m2/repository/org/ops4j/base/ops4j-base-io/1.5.0/ops4j-base-io-1.5.0.jar:/root/.m2/repository/org/ops4j/pax/url/pax-url-aether/2.4.5/pax-url-aether-2.4.5.jar:/root/.m2/repository/org/powermock/powermock-module-junit4/1.7.3/powermock-module-junit4-1.7.3.jar:/root/.m2/repository/org/powermock/powermock-reflect/1.7.3/powermock-reflect-1.7.3.jar:/root/.m2/repository/org/slf4j/jcl-over-slf4j/1.6.6/jcl-over-slf4j-1.6.6.jar:/root/.m2/repository/com/github/luben/zstd-jni/1.3.3-3/zstd-jni-1.3.3-3.jar:/root/.m2/repository/org/osgi/org.osgi.core/6.0.0/org.osgi.core-6.0.0.jar:/root/.m2/repository/org/ops4j/pax/url/pax-url-classpath/2.4.5/pax-url-classpath-2.4.5.jar:/root/.m2/repository/org/ops4j/base/ops4j-base-net/1.5.0/ops4j-base-net-1.5.0.jar:/root/.m2/repository/biz/aQute/bnd/bndlib/2.4.0/bndlib-2.4.0.jar:/root/.m2/repository/org/ops4j/pax/exam/pax-exam-cm/4.11.0/pax-exam-cm-4.11.0.jar:/root/.m2/repository/org/javassist/javassist/3.21.0-GA/javassist-3.21.0-GA.jar:/root/.m2/repository/org/ops4j/pax/swissbox/pax-swissbox-core/1.8.2/pax-swissbox-core-1.8.2.jar:/root/.m2/repository/org/ops4j/base/ops4j-base-monitors/1.5.0/ops4j-base-monitors-1.5.0.jar:/root/.m2/repository/org/ops4j/base/ops4j-base-store/1.5.0/ops4j-base-store-1.5.0.jar:/root/.m2/repository/org/ops4j/pax/url/pax-url-commons/2.4.5/pax-url-commons-2.4.5.jar:/root/.m2/repository/org/ops4j/pax/swissbox/pax-swissbox-tracker/1.8.2/pax-swissbox-tracker-1.8.2.jar:/root/.m2/repository/org/tukaani/xz/1.8/xz-1.8.jar:/root/.m2/repository/org/ops4j/pax/exam/pax-exam-link-mvn/4.11.0/pax-exam-link-mvn-4.11.0.jar:/root/.m2/repository/org/apache/felix/org.apache.felix.framework/5.6.10/org.apache.felix.framework-5.6.10.jar:/root/.m2/repository/org/powermock/powermock-api-mockito/1.7.3/powermock-api-mockito-1.7.3.jar:/root/.m2/repository/junit/junit/4.12/junit-4.12.jar:/root/.m2/repository/org/ops4j/pax/exam/pax-exam-spi/4.11.0/pax-exam-spi-4.11.0.jar:/root/.m2/repository/org/ops4j/pax/url/pax-url-link/2.4.5/pax-url-link-2.4.5.jar:/root/.m2/repository/org/slf4j/slf4j-api/1.7.21/slf4j-api-1.7.21.jar:/root/.m2/repository/org/brotli/dec/0.1.2/dec-0.1.2.jar:/root/.m2/repository/org/ops4j/pax/swissbox/pax-swissbox-property/1.8.2/pax-swissbox-property-1.8.2.jar;
	echo "\n\nNode: `hostname`\n";
	echo "\n\nDate: `date`\n";
Picked up JAVA_TOOL_OPTIONS: -Dfile.encoding=UTF8 -Duser.language=en-US -Duser.country=US -Duser.language=en
Fault localization starts...
Number of positive tests: 942
Number of negative tests: 2
Negative tests: [org.apache.commons.compress.archivers.zip.ZipArchiveInputStreamTest#singleByteReadThrowsAtEofForCorruptedStoredEntry, org.apache.commons.compress.archivers.zip.ZipArchiveInputStreamTest#multiByteReadThrowsAtEofForCorruptedStoredEntry]
Faulty Lines: 
org.apache.commons.compress.archivers.zip.ZipArchiveInputStream#528:1.0
Fault localization is finished!
AST parsing starts...
AST parsing is finished!
Detection of local variables starts...
Detection of local variables is finished!
Detection of fields starts...
Detection of fields is finished!
Detection of methods starts...
Detection of methods is finished!
Ingredient screener starts...
Ingredient screener is finished!
Initialization of manipulations starts...
Initialization of manipulations is finished!
Filtering of the tests starts...
Number of positive tests considered: 942
Filtering of the tests is finished!
----------------------------------
Patch Candidate:
@@ -525,7 +525,9 @@ private int readStored(final byte[] buffer, final int offset, final int length)
buf.position(0);
final int l = in.read(buf.array());
if (l == -1) {
-                return -1;
+                if (true)
+					return 0;
+				return -1;
}
buf.limit(l);

Number of failed tests: 2, 0
----------------------------------
Patch Candidate:
@@ -525,7 +525,9 @@ private int readStored(final byte[] buffer, final int offset, final int length)
buf.position(0);
final int l = in.read(buf.array());
if (l == -1) {
-                return -1;
+                if (true)
+					return -1;
+				return -1;
}
buf.limit(l);

Number of failed tests: 2, 0
----------------------------------
Patch Candidate:
@@ -525,7 +525,6 @@ private int readStored(final byte[] buffer, final int offset, final int length)
buf.position(0);
final int l = in.read(buf.array());
if (l == -1) {
-                return -1;
}
buf.limit(l);

Number of failed tests: 2, 0


Node: 2c8178711f7b



Date: Thu Oct  6 18:18:35 EDT 2022

