cd /workdir/Arja_vul4j_spring-projects_spring-security_VUL4J-72;
export JAVA_TOOL_OPTIONS="-Dfile.encoding=UTF8 -Duser.language=en-US -Duser.country=US -Duser.language=en";
TZ="America/New_York"; export TZ;
export PATH="/usr/lib/jvm/java-8-openjdk-amd64/bin:$PATH";
export JAVA_HOME="/usr/lib/jvm/java-8-openjdk-amd64";
timeout 240m java -Xmx4g -Xms1g -XX:MaxPermSize=512m -cp /script/../libs/jmetal.jar:/script/../repair_tools/arja.jar us.msu.cse.repair.Main \
	Arja \
	-DexternalProjRoot /script/../libs/arja_external \
	-DprojectDir /workdir/Arja_vul4j_spring-projects_spring-security_VUL4J-72 \
    -DtestFiltered false \
    -DrunTestCommand "./gradlew :spring-security-oauth2-jose:test" \
	-DsrcJavaDir /workdir/Arja_vul4j_spring-projects_spring-security_VUL4J-72/oauth2/oauth2-jose/src/main/java \
	-DbinJavaDir /workdir/Arja_vul4j_spring-projects_spring-security_VUL4J-72/oauth2/oauth2-jose/build/classes/java/main \
	-DbinTestDir /workdir/Arja_vul4j_spring-projects_spring-security_VUL4J-72/oauth2/oauth2-jose/build/classes/java/test \
	-DdiffFormat true \
	-Dseed 0 \
	-DgzoltarDataDir /script/../data/benchmarks/vul4j/perfectfl/VUL4J-72 \
	-Ddependences /workdir/Arja_vul4j_spring-projects_spring-security_VUL4J-72/oauth2/oauth2-jose/build/classes/java/test:/workdir/Arja_vul4j_spring-projects_spring-security_VUL4J-72/oauth2/oauth2-jose/build/resources/test:/workdir/Arja_vul4j_spring-projects_spring-security_VUL4J-72/oauth2/oauth2-jose/build/classes/java/main:/workdir/Arja_vul4j_spring-projects_spring-security_VUL4J-72/oauth2/oauth2-jose/build/resources/main:/workdir/Arja_vul4j_spring-projects_spring-security_VUL4J-72/oauth2/oauth2-core/build/libs/spring-security-oauth2-core-5.2.0.BUILD-SNAPSHOT.jar:/workdir/Arja_vul4j_spring-projects_spring-security_VUL4J-72/core/build/libs/spring-security-core-5.2.0.BUILD-SNAPSHOT.jar:/root/.gradle/caches/modules-2/files-2.1/org.springframework/spring-test/5.1.1.RELEASE/68f366d30689f517fbb8acbde3fbfc3eca5e45f6/spring-test-5.1.1.RELEASE.jar:/root/.gradle/caches/modules-2/files-2.1/org.springframework/spring-context/5.1.1.RELEASE/f1d8a23e90bf4f6532f0a4c868c55c0930d88108/spring-context-5.1.1.RELEASE.jar:/root/.gradle/caches/modules-2/files-2.1/org.springframework/spring-aop/5.1.1.RELEASE/d7b2873a244ea6bbe42e6f63a95b7e3b71817508/spring-aop-5.1.1.RELEASE.jar:/root/.gradle/caches/modules-2/files-2.1/org.springframework/spring-beans/5.1.1.RELEASE/b0f2d4c9b7cb3d94140df878635880302b67c403/spring-beans-5.1.1.RELEASE.jar:/root/.gradle/caches/modules-2/files-2.1/org.springframework/spring-expression/5.1.1.RELEASE/75979adece6da931d5d3718db0d253f14f249c26/spring-expression-5.1.1.RELEASE.jar:/root/.gradle/caches/modules-2/files-2.1/org.springframework/spring-core/5.1.1.RELEASE/b40766e482b9cc9cd3ed0958da0ed30202a284b4/spring-core-5.1.1.RELEASE.jar:/root/.gradle/caches/modules-2/files-2.1/com.nimbusds/nimbus-jose-jwt/6.0.2/81605278e5df1cf4c3774851649b85cade077fa5/nimbus-jose-jwt-6.0.2.jar:/root/.gradle/caches/modules-2/files-2.1/org.powermock/powermock-module-junit4/2.0.0-beta.5/4863d6a71361f1aaa7c162146646c50a47e97ee3/powermock-module-junit4-2.0.0-beta.5.jar:/root/.gradle/caches/modules-2/files-2.1/org.powermock/powermock-module-junit4-common/2.0.0-beta.5/cb845360267ab2dfac0ac1d59819501a66ccd139/powermock-module-junit4-common-2.0.0-beta.5.jar:/root/.gradle/caches/modules-2/files-2.1/com.squareup.okhttp3/mockwebserver/3.10.0/3bb03fab2fbdef497eff17a96ddf50f3e30fd1fe/mockwebserver-3.10.0.jar:/root/.gradle/caches/modules-2/files-2.1/junit/junit/4.12/2973d150c0dc1fefe998f834810d68f278ea58ec/junit-4.12.jar:/root/.gradle/caches/modules-2/files-2.1/org.powermock/powermock-api-mockito2/2.0.0-beta.5/5aadd697a176794368d6750aafe6d7525ddbcef8/powermock-api-mockito2-2.0.0-beta.5.jar:/root/.gradle/caches/modules-2/files-2.1/org.mockito/mockito-core/2.22.0/73d21198eea9e20af8e55260ec131b6fea9de917/mockito-core-2.22.0.jar:/root/.gradle/caches/modules-2/files-2.1/org.assertj/assertj-core/3.11.1/fdac3217b804d6900fa3650f17b5cb48e620b140/assertj-core-3.11.1.jar:/root/.gradle/caches/modules-2/files-2.1/org.powermock/powermock-api-support/2.0.0-beta.5/613616628925ecc461ed8b826e44b0c4928261e0/powermock-api-support-2.0.0-beta.5.jar:/root/.gradle/caches/modules-2/files-2.1/org.powermock/powermock-core/2.0.0-beta.5/3e148ed3b247bc856e8e067349983bbd4f047698/powermock-core-2.0.0-beta.5.jar:/root/.gradle/caches/modules-2/files-2.1/org.powermock/powermock-reflect/2.0.0-beta.5/4ea415348f15620783a1f26343d6732adfa86bc8/powermock-reflect-2.0.0-beta.5.jar:/root/.gradle/caches/modules-2/files-2.1/io.projectreactor.netty/reactor-netty/0.8.1.RELEASE/5ee316437cd75e4e6ff1e9c48b6aed81b2762901/reactor-netty-0.8.1.RELEASE.jar:/root/.gradle/caches/modules-2/files-2.1/com.fasterxml.jackson.core/jackson-databind/2.9.7/e6faad47abd3179666e89068485a1b88a195ceb7/jackson-databind-2.9.7.jar:/workdir/Arja_vul4j_spring-projects_spring-security_VUL4J-72/crypto/build/libs/spring-security-crypto-5.2.0.BUILD-SNAPSHOT.jar:/root/.gradle/caches/modules-2/files-2.1/org.springframework/spring-jcl/5.1.1.RELEASE/47f1e3654845260dad4308565464fb26be2fae5/spring-jcl-5.1.1.RELEASE.jar:/root/.gradle/caches/modules-2/files-2.1/com.github.stephenc.jcip/jcip-annotations/1.0-1/ef31541dd28ae2cefdd17c7ebf352d93e9058c63/jcip-annotations-1.0-1.jar:/root/.gradle/caches/modules-2/files-2.1/net.minidev/json-smart/2.3/7396407491352ce4fa30de92efb158adb76b5b/json-smart-2.3.jar:/root/.gradle/caches/modules-2/files-2.1/org.hamcrest/hamcrest-core/1.3/42a25dc3219429f0e5d060061f71acb49bf010a0/hamcrest-core-1.3.jar:/root/.gradle/caches/modules-2/files-2.1/net.bytebuddy/byte-buddy/1.8.3/c7625191ad0f190bd719f0aef54ece5fdf0e4a77/byte-buddy-1.8.3.jar:/root/.gradle/caches/modules-2/files-2.1/net.bytebuddy/byte-buddy-agent/1.8.3/897127e8724cbf38f72b4c85fe8e39e7ae00d688/byte-buddy-agent-1.8.3.jar:/root/.gradle/caches/modules-2/files-2.1/org.objenesis/objenesis/2.6/639033469776fd37c08358c6b92a4761feb2af4b/objenesis-2.6.jar:/root/.gradle/caches/modules-2/files-2.1/org.javassist/javassist/3.22.0-CR2/44eaf0990dea92f4bca4b9931b2239c0e8756ee7/javassist-3.22.0-CR2.jar:/root/.gradle/caches/modules-2/files-2.1/com.squareup.okhttp3/okhttp/3.9.0/1b6c10b5120995a7542c1a31b7828fb8593c8ba/okhttp-3.9.0.jar:/root/.gradle/caches/modules-2/files-2.1/org.bouncycastle/bcprov-jdk15on/1.58/2c9aa1c4e3372b447ba5daabade4adf2a2264b12/bcprov-jdk15on-1.58.jar:/root/.gradle/caches/modules-2/files-2.1/io.netty/netty-codec-http2/4.1.29.Final/e573656f141a54f808ba482213a3abca2f2c6e6d/netty-codec-http2-4.1.29.Final.jar:/root/.gradle/caches/modules-2/files-2.1/io.netty/netty-handler-proxy/4.1.29.Final/67e9473ac043b4d173ac9d620d43eb428ecc408a/netty-handler-proxy-4.1.29.Final.jar:/root/.gradle/caches/modules-2/files-2.1/io.netty/netty-codec-http/4.1.29.Final/454688b88cea27a4d407202d1fc79a6522345b5e/netty-codec-http-4.1.29.Final.jar:/root/.gradle/caches/modules-2/files-2.1/io.netty/netty-handler/4.1.29.Final/1acf1d94799296a2517533ec75ce7e155e9c4ea7/netty-handler-4.1.29.Final.jar:/root/.gradle/caches/modules-2/files-2.1/io.netty/netty-transport-native-epoll/4.1.29.Final/6a6f8c47911c4f5af0ae210c4c0db17d971f553f/netty-transport-native-epoll-4.1.29.Final-linux-x86_64.jar:/root/.gradle/caches/modules-2/files-2.1/io.projectreactor/reactor-core/3.2.1.RELEASE/7560fd565b04cde039611a9647d1bdac3af9897a/reactor-core-3.2.1.RELEASE.jar:/root/.gradle/caches/modules-2/files-2.1/com.fasterxml.jackson.core/jackson-annotations/2.9.7/4b838e5c4fc17ac02f3293e9a558bb781a51c46d/jackson-annotations-2.9.7.jar:/root/.gradle/caches/modules-2/files-2.1/com.fasterxml.jackson.core/jackson-core/2.9.7/4b7f0e0dc527fab032e9800ed231080fdc3ac015/jackson-core-2.9.7.jar:/root/.gradle/caches/modules-2/files-2.1/net.minidev/accessors-smart/1.2/c592b500269bfde36096641b01238a8350f8aa31/accessors-smart-1.2.jar:/root/.gradle/caches/modules-2/files-2.1/com.squareup.okio/okio/1.13.0/a9283170b7305c8d92d25aff02a6ab7e45d06cbe/okio-1.13.0.jar:/root/.gradle/caches/modules-2/files-2.1/io.netty/netty-codec-socks/4.1.29.Final/f687150259de44f0ff7b37a449f1a1bf6f20e992/netty-codec-socks-4.1.29.Final.jar:/root/.gradle/caches/modules-2/files-2.1/io.netty/netty-codec/4.1.29.Final/1651bc2e279216773c234cafe402d68d2a5adc90/netty-codec-4.1.29.Final.jar:/root/.gradle/caches/modules-2/files-2.1/io.netty/netty-transport-native-unix-common/4.1.29.Final/9c9f88ca57873b3c00489ae74fb80bb0cd02d986/netty-transport-native-unix-common-4.1.29.Final.jar:/root/.gradle/caches/modules-2/files-2.1/io.netty/netty-transport/4.1.29.Final/c190b90f70e2ae8a48c068afad709e8728fcaa39/netty-transport-4.1.29.Final.jar:/root/.gradle/caches/modules-2/files-2.1/io.netty/netty-buffer/4.1.29.Final/c3809f72e4b535b343b7dfa3c0c8210dad2fa5ea/netty-buffer-4.1.29.Final.jar:/root/.gradle/caches/modules-2/files-2.1/io.netty/netty-resolver/4.1.29.Final/bbec1dc913732e4773893c14d795b15d6c1e878e/netty-resolver-4.1.29.Final.jar:/root/.gradle/caches/modules-2/files-2.1/io.netty/netty-common/4.1.29.Final/a5d6a735ed07d8f197daa48db7f097cfc971ee5e/netty-common-4.1.29.Final.jar:/root/.gradle/caches/modules-2/files-2.1/org.reactivestreams/reactive-streams/1.0.1/1b1c911686eb40179219466e6a59b634b9d7a748/reactive-streams-1.0.1.jar:/root/.gradle/caches/modules-2/files-2.1/org.ow2.asm/asm/6.2.1/c01b6798f81b0fc2c5faa70cbe468c275d4b50c7/asm-6.2.1.jar:/root/.gradle/caches/modules-2/files-2.1/org.springframework/spring-webflux/5.1.1.RELEASE/ffb7be009341a335e2a8238dfb028492ad7f6ebf/spring-webflux-5.1.1.RELEASE.jar:/root/.gradle/caches/modules-2/files-2.1/org.springframework/spring-web/5.1.1.RELEASE/71407ea649738b7a054f21d388de39a99265463/spring-web-5.1.1.RELEASE.jar;
	echo "\n\nNode: `hostname`\n";
	echo "\n\nDate: `date`\n";
Picked up JAVA_TOOL_OPTIONS: -Dfile.encoding=UTF8 -Duser.language=en-US -Duser.country=US -Duser.language=en
OpenJDK 64-Bit Server VM warning: ignoring option MaxPermSize=512m; support was removed in 8.0
Fault localization starts...
Number of positive tests: 79
Number of negative tests: 1
Negative tests: [org.springframework.security.oauth2.jwt.JwtIssuerValidatorTests#testCVE_2018_15801]
Faulty Lines: 
org.springframework.security.oauth2.jwt.JwtIssuerValidator#66:1.0
Fault localization is finished!
AST parsing starts...
Exception in thread "main" java.lang.IllegalStateException: invalid environment settings
	at org.eclipse.jdt.core.dom.ASTParser.getClasspath(ASTParser.java:258)
	at org.eclipse.jdt.core.dom.ASTParser.createASTs(ASTParser.java:990)
	at us.msu.cse.repair.core.AbstractRepairProblem.invokeASTRequestor(AbstractRepairProblem.java:442)
	at us.msu.cse.repair.core.AbstractRepairProblem.invokeModules(AbstractRepairProblem.java:279)
	at us.msu.cse.repair.core.AbstractRepairProblem.<init>(AbstractRepairProblem.java:252)
	at us.msu.cse.repair.ec.problems.ArjaProblem.<init>(ArjaProblem.java:44)
	at us.msu.cse.repair.ArjaMain.main(ArjaMain.java:37)
	at us.msu.cse.repair.Main.main(Main.java:8)


Node: b97f25038321



Date: Fri Sep 16 22:15:46 EDT 2022

