cd /workdir/RSRepair_vul4j_resteasy_Resteasy_VUL4J-66;
export JAVA_TOOL_OPTIONS="-Dfile.encoding=UTF8 -Duser.language=en-US -Duser.country=US -Duser.language=en";
TZ="America/New_York"; export TZ;
export PATH="/usr/lib/jvm/java-8-openjdk-amd64/bin:$PATH";
export JAVA_HOME="/usr/lib/jvm/java-8-openjdk-amd64";
timeout 240m java -Xmx4g -Xms1g -XX:MaxPermSize=512m -cp /script/../libs/jmetal.jar:/script/../repair_tools/arja.jar us.msu.cse.repair.Main \
	RSRepair \
	-DexternalProjRoot /script/../libs/arja_external \
	-DprojectDir /workdir/RSRepair_vul4j_resteasy_Resteasy_VUL4J-66 \
    -DtestFiltered false \
    -DrunTestCommand "cd testsuitemvn test -Dhttps.protocols=TLSv1.2 -Denforcer.skip=true -Dcheckstyle.skip=true -Dcobertura.skip=true -DskipITs=true -Drat.skip=true -Dlicense.skip=true -Dpmd.skip=true -Dfindbugs.skip=true -Dgpg.skip=true -Dskip.npm=true -Dskip.gulp=true -Dskip.bower=true -Danimal.sniffer.skip=true -V -B" \
	-DsrcJavaDir /workdir/RSRepair_vul4j_resteasy_Resteasy_VUL4J-66/testsuite/unit-tests/../../resteasy-core/src/main/java \
	-DbinJavaDir /workdir/RSRepair_vul4j_resteasy_Resteasy_VUL4J-66/testsuite/unit-tests/../../resteasy-core/target/classes \
	-DbinTestDir /workdir/RSRepair_vul4j_resteasy_Resteasy_VUL4J-66/testsuite/unit-tests/target/test-classes \
	-DdiffFormat true \
	-Dseed 0 \
	-DgzoltarDataDir /script/../data/benchmarks/vul4j/perfectfl/VUL4J-66 \
	-Ddependences "";
	echo "\n\nNode: `hostname`\n";
	echo "\n\nDate: `date`\n";
Picked up JAVA_TOOL_OPTIONS: -Dfile.encoding=UTF8 -Duser.language=en-US -Duser.country=US -Duser.language=en
OpenJDK 64-Bit Server VM warning: ignoring option MaxPermSize=512m; support was removed in 8.0
Exception in thread "main" java.lang.NoClassDefFoundError: javax/ws/rs/ext/ExceptionMapper
	at java.lang.ClassLoader.defineClass1(Native Method)
	at java.lang.ClassLoader.defineClass(ClassLoader.java:756)
	at java.security.SecureClassLoader.defineClass(SecureClassLoader.java:142)
	at java.net.URLClassLoader.defineClass(URLClassLoader.java:473)
	at java.net.URLClassLoader.access$100(URLClassLoader.java:74)
	at java.net.URLClassLoader$1.run(URLClassLoader.java:369)
	at java.net.URLClassLoader$1.run(URLClassLoader.java:363)
	at java.security.AccessController.doPrivileged(Native Method)
	at java.net.URLClassLoader.findClass(URLClassLoader.java:362)
	at java.lang.ClassLoader.loadClass(ClassLoader.java:418)
	at java.lang.ClassLoader.loadClass(ClassLoader.java:351)
	at us.msu.cse.repair.core.util.ClassFinder.scanTestDir(ClassFinder.java:86)
	at us.msu.cse.repair.core.util.ClassFinder.<init>(ClassFinder.java:48)
	at us.msu.cse.repair.core.AbstractRepairProblem.invokeClassFinder(AbstractRepairProblem.java:292)
	at us.msu.cse.repair.core.AbstractRepairProblem.invokeModules(AbstractRepairProblem.java:276)
	at us.msu.cse.repair.core.AbstractRepairProblem.<init>(AbstractRepairProblem.java:252)
	at us.msu.cse.repair.ec.problems.GenProgProblem.<init>(GenProgProblem.java:33)
	at us.msu.cse.repair.RSRepairMain.main(RSRepairMain.java:32)
	at us.msu.cse.repair.Main.main(Main.java:12)
Caused by: java.lang.ClassNotFoundException: javax.ws.rs.ext.ExceptionMapper
	at java.net.URLClassLoader.findClass(URLClassLoader.java:387)
	at java.lang.ClassLoader.loadClass(ClassLoader.java:418)
	at java.lang.ClassLoader.loadClass(ClassLoader.java:351)
	... 19 more


Node: 158fac6bc2aa



Date: Tue Oct 18 02:31:25 EDT 2022

