cd /workdir/TBar_vul4j_swagger-api_swagger-parser_VUL4J-77;
export JAVA_TOOL_OPTIONS="-Dfile.encoding=UTF8 -Duser.language=en-US -Duser.country=US -Duser.language=en";
TZ="America/New_York"; export TZ;
export PATH="/usr/lib/jvm/java-8-openjdk-amd64/bin:$PATH";
export JAVA_HOME="/usr/lib/jvm/java-8-openjdk-amd64";
timeout 240m java -Xmx4g -Xms1g -XX:MaxPermSize=512m \
    -cp /script/../libs/tbar_external/com.gzoltar-0.1.1-jdk7.jar:/script/../repair_tools/tbar.jar edu.lu.uni.serval.tbar.main.Main \
    "/workdir/TBar_vul4j_swagger-api_swagger-parser_VUL4J-77" "io.swagger.parser.util.SwaggerDeserializerTest#testCVE_2017_1000207" "/modules/swagger-parser/src/main/java/" "/modules/swagger-parser/src/test/java/" "/modules/swagger-parser/target/classes/" "/modules/swagger-parser/target/test-classes/" "/script/../data/benchmarks/vul4j/perfectfl/VUL4J-77/spectra.txt" "mvn -pl modules/swagger-parser -Dtest="io.swagger.parser.util.*" -Dhttps.protocols=TLSv1.2 -Denforcer.skip=true -Dcheckstyle.skip=true -Dcobertura.skip=true -DskipITs=true -Drat.skip=true -Dlicense.skip=true -Dpmd.skip=true -Dfindbugs.skip=true -Dgpg.skip=true -Dskip.npm=true -Dskip.gulp=true -Dskip.bower=true -Danimal.sniffer.skip=true -V -B" "mvn test -pl modules/swagger-parser -Dhttps.protocols=TLSv1.2 -Denforcer.skip=true -Dcheckstyle.skip=true -Dcobertura.skip=true -DskipITs=true -Drat.skip=true -Dlicense.skip=true -Dpmd.skip=true -Dfindbugs.skip=true -Dgpg.skip=true -Dskip.npm=true -Dskip.gulp=true -Dskip.bower=true -Danimal.sniffer.skip=true -V -B" "/workdir/TBar_vul4j_swagger-api_swagger-parser_VUL4J-77/modules/swagger-parser/target/classes:/root/.m2/repository/com/fasterxml/jackson/core/jackson-core/2.8.7/jackson-core-2.8.7.jar:/root/.m2/repository/net/sf/jopt-simple/jopt-simple/4.9/jopt-simple-4.9.jar:/root/.m2/repository/org/apache/ant/ant-launcher/1.7.0/ant-launcher-1.7.0.jar:/root/.m2/repository/org/apache/commons/commons-collections4/4.0/commons-collections4-4.0.jar:/root/.m2/repository/org/eclipse/jetty/jetty-util/9.2.13.v20150730/jetty-util-9.2.13.v20150730.jar:/root/.m2/repository/javax/servlet/javax.servlet-api/3.1.0/javax.servlet-api-3.1.0.jar:/root/.m2/repository/org/slf4j/slf4j-api/1.6.3/slf4j-api-1.6.3.jar:/root/.m2/repository/org/slf4j/slf4j-ext/1.6.3/slf4j-ext-1.6.3.jar:/root/.m2/repository/org/ow2/asm/asm/5.0.3/asm-5.0.3.jar:/root/.m2/repository/aopalliance/aopalliance/1.0/aopalliance-1.0.jar:/root/.m2/repository/org/eclipse/jetty/jetty-io/9.2.13.v20150730/jetty-io-9.2.13.v20150730.jar:/root/.m2/repository/org/eclipse/jetty/jetty-security/9.2.13.v20150730/jetty-security-9.2.13.v20150730.jar:/root/.m2/repository/org/jmockit/jmockit/1.19/jmockit-1.19.jar:/root/.m2/repository/org/testng/testng/6.9.6/testng-6.9.6.jar:/root/.m2/repository/junit/junit/4.8.1/junit-4.8.1.jar:/root/.m2/repository/org/slf4j/slf4j-simple/1.6.3/slf4j-simple-1.6.3.jar:/root/.m2/repository/org/eclipse/jetty/jetty-servlet/9.2.13.v20150730/jetty-servlet-9.2.13.v20150730.jar:/root/.m2/repository/org/xmlunit/xmlunit-legacy/2.1.1/xmlunit-legacy-2.1.1.jar:/root/.m2/repository/com/fasterxml/jackson/core/jackson-annotations/2.8.7/jackson-annotations-2.8.7.jar:/root/.m2/repository/commons-codec/commons-codec/1.9/commons-codec-1.9.jar:/root/.m2/repository/org/eclipse/jetty/jetty-server/9.2.13.v20150730/jetty-server-9.2.13.v20150730.jar:/root/.m2/repository/org/beanshell/bsh/2.0b4/bsh-2.0b4.jar:/root/.m2/repository/org/eclipse/jetty/jetty-http/9.2.13.v20150730/jetty-http-9.2.13.v20150730.jar:/root/.m2/repository/org/apache/httpcomponents/httpclient/4.5.1/httpclient-4.5.1.jar:/root/.m2/repository/com/fasterxml/jackson/core/jackson-databind/2.8.7/jackson-databind-2.8.7.jar:/root/.m2/repository/javax/inject/javax.inject/1/javax.inject-1.jar:/root/.m2/repository/com/jayway/jsonpath/json-path/2.2.0/json-path-2.2.0.jar:/root/.m2/repository/com/github/tomakehurst/wiremock/2.4.1/wiremock-2.4.1.jar:/root/.m2/repository/ch/qos/cal10n/cal10n-api/0.7.4/cal10n-api-0.7.4.jar:/root/.m2/repository/org/eclipse/jetty/jetty-continuation/9.2.13.v20150730/jetty-continuation-9.2.13.v20150730.jar:/root/.m2/repository/commons-io/commons-io/2.4/commons-io-2.4.jar:/root/.m2/repository/com/beust/jcommander/1.48/jcommander-1.48.jar:/root/.m2/repository/org/yaml/snakeyaml/1.17/snakeyaml-1.17.jar:/root/.m2/repository/org/xmlunit/xmlunit-core/2.1.1/xmlunit-core-2.1.1.jar:/root/.m2/repository/com/google/inject/guice/4.0/guice-4.0-no_aop.jar:/root/.m2/repository/com/flipkart/zjsonpatch/zjsonpatch/0.2.1/zjsonpatch-0.2.1.jar:/root/.m2/repository/io/swagger/swagger-core/1.5.15/swagger-core-1.5.15-tests.jar:/root/.m2/repository/org/eclipse/jetty/jetty-servlets/9.2.13.v20150730/jetty-servlets-9.2.13.v20150730.jar:/root/.m2/repository/com/fasterxml/jackson/dataformat/jackson-dataformat-yaml/2.8.7/jackson-dataformat-yaml-2.8.7.jar:/root/.m2/repository/io/swagger/swagger-models/1.5.15/swagger-models-1.5.15.jar:/root/.m2/repository/io/swagger/swagger-core/1.5.15/swagger-core-1.5.15.jar:/root/.m2/repository/io/swagger/swagger-annotations/1.5.15/swagger-annotations-1.5.15.jar:/root/.m2/repository/net/minidev/accessors-smart/1.1/accessors-smart-1.1.jar:/root/.m2/repository/javax/validation/validation-api/1.1.0.Final/validation-api-1.1.0.Final.jar:/root/.m2/repository/net/minidev/json-smart/2.2.1/json-smart-2.2.1.jar:/root/.m2/repository/org/apache/httpcomponents/httpcore/4.4.3/httpcore-4.4.3.jar:/root/.m2/repository/org/eclipse/jetty/jetty-xml/9.2.13.v20150730/jetty-xml-9.2.13.v20150730.jar:/root/.m2/repository/org/eclipse/jetty/jetty-webapp/9.2.13.v20150730/jetty-webapp-9.2.13.v20150730.jar:/root/.m2/repository/com/google/guava/guava/20.0/guava-20.0.jar:/root/.m2/repository/org/apache/commons/commons-lang3/3.2.1/commons-lang3-3.2.1.jar:/root/.m2/repository/commons-logging/commons-logging/1.2/commons-logging-1.2.jar:/root/.m2/repository/org/apache/ant/ant/1.7.0/ant-1.7.0.jar";
echo "\n\nNode: `hostname`\n";
echo "\n\nDate: `date`\n";
Picked up JAVA_TOOL_OPTIONS: -Dfile.encoding=UTF8 -Duser.language=en-US -Duser.country=US -Duser.language=en
OpenJDK 64-Bit Server VM warning: ignoring option MaxPermSize=512m; support was removed in 8.0
09:44:37,454 |-INFO in ch.qos.logback.classic.LoggerContext[TBar] - Could NOT find resource [logback-test.xml]
09:44:37,454 |-INFO in ch.qos.logback.classic.LoggerContext[TBar] - Could NOT find resource [logback.groovy]
09:44:37,454 |-INFO in ch.qos.logback.classic.LoggerContext[TBar] - Found resource [logback.xml] at [jar:file:/repair_tools/tbar.jar!/logback.xml]
09:44:37,470 |-INFO in ch.qos.logback.core.joran.spi.ConfigurationWatchList@5a42bbf4 - URL [jar:file:/repair_tools/tbar.jar!/logback.xml] is not of type file
09:44:37,507 |-INFO in ch.qos.logback.classic.joran.action.ConfigurationAction - debug attribute not set
09:44:37,508 |-INFO in ch.qos.logback.classic.joran.action.ContextNameAction - Setting logger context name as [TBar]
09:44:37,509 |-INFO in ch.qos.logback.core.joran.action.AppenderAction - About to instantiate appender of type [ch.qos.logback.core.ConsoleAppender]
09:44:37,511 |-INFO in ch.qos.logback.core.joran.action.AppenderAction - Naming appender as [STDOUT]
09:44:37,549 |-INFO in ch.qos.logback.classic.joran.action.LoggerAction - Setting level of logger [org.hibernate.engine.query.HQLQueryPlan] to DEBUG
09:44:37,549 |-INFO in ch.qos.logback.classic.joran.action.LoggerAction - Setting additivity of logger [org.hibernate.engine.query.HQLQueryPlan] to false
09:44:37,549 |-INFO in ch.qos.logback.classic.joran.action.LoggerAction - Setting level of logger [com.piedra.logback] to DEBUG
09:44:37,549 |-ERROR in ch.qos.logback.core.joran.action.AppenderRefAction - Could not find an appender named [FILE]. Did you define it below instead of above in the configuration file?
09:44:37,549 |-ERROR in ch.qos.logback.core.joran.action.AppenderRefAction - See http://logback.qos.ch/codes.html#appender_order for more details.
09:44:37,549 |-INFO in ch.qos.logback.classic.joran.action.RootLoggerAction - Setting level of ROOT logger to DEBUG
09:44:37,561 |-INFO in ch.qos.logback.core.joran.action.AppenderRefAction - Attaching appender named [STDOUT] to Logger[ROOT]
09:44:37,562 |-ERROR in ch.qos.logback.core.joran.action.AppenderRefAction - Could not find an appender named [ROLLINGFILE]. Did you define it below instead of above in the configuration file?
09:44:37,562 |-ERROR in ch.qos.logback.core.joran.action.AppenderRefAction - See http://logback.qos.ch/codes.html#appender_order for more details.
09:44:37,562 |-INFO in ch.qos.logback.classic.joran.action.ConfigurationAction - End of configuration.
09:44:37,563 |-INFO in ch.qos.logback.classic.joran.JoranConfigurator@270421f5 - Registering current configuration as safe fallback point

2022-10-17 09:44:37.684 [main] INFO  edu.lu.uni.serval.tbar.AbstractFixer - TBar_vul4j_swagger-api_swagger-parser_VUL4J-77 Failed Tests: 1
2022-10-17 09:44:37.686 [main] INFO  edu.lu.uni.serval.tbar.TBarFixer - =======StaticBugFixer: Start to fix suspicious code======
2022-10-17 09:44:37.686 [main] DEBUG edu.lu.uni.serval.tbar.AbstractFixer - io.swagger.parser.util.DeserializationUtils ===60
2022-10-17 09:44:38.026 [main] DEBUG edu.lu.uni.serval.tbar.AbstractFixer - Suspicious Code: 
org.yaml.snakeyaml.Yaml yaml = new org.yaml.snakeyaml.Yaml();
2022-10-17 09:44:38.862 [main] DEBUG edu.lu.uni.serval.tbar.AbstractFixer - Patch Candidate:
@@ -57,7 +57,7 @@ public class DeserializationUtils {
-        org.yaml.snakeyaml.Yaml yaml = new org.yaml.snakeyaml.Yaml();
+
2022-10-17 09:44:38.862 [main] DEBUG edu.lu.uni.serval.tbar.AbstractFixer - Compiling
2022-10-17 09:44:39.462 [main] DEBUG edu.lu.uni.serval.tbar.AbstractFixer - BuggyProject ---Fixer: fix fail because of failed compiling! 
2022-10-17 09:44:39.469 [main] DEBUG edu.lu.uni.serval.tbar.AbstractFixer - Patch Candidate:
@@ -56,10 +56,7 @@ public class DeserializationUtils {
-    public static JsonNode readYamlTree(String contents) {
-        org.yaml.snakeyaml.Yaml yaml = new org.yaml.snakeyaml.Yaml();
-        return Json.mapper().convertValue(yaml.load(contents), JsonNode.class);
-    }
+
2022-10-17 09:44:39.469 [main] DEBUG edu.lu.uni.serval.tbar.AbstractFixer - Compiling
2022-10-17 09:44:40.092 [main] DEBUG edu.lu.uni.serval.tbar.AbstractFixer - BuggyProject ---Fixer: fix fail because of failed compiling! 
2022-10-17 09:44:40.100 [main] DEBUG edu.lu.uni.serval.tbar.AbstractFixer - io.swagger.parser.util.DeserializationUtils ===65
2022-10-17 09:44:40.109 [main] DEBUG edu.lu.uni.serval.tbar.AbstractFixer - Suspicious Code: 
org.yaml.snakeyaml.Yaml yaml = new org.yaml.snakeyaml.Yaml();
2022-10-17 09:44:40.156 [main] DEBUG edu.lu.uni.serval.tbar.AbstractFixer - Patch Candidate:
@@ -62,7 +62,7 @@ public class DeserializationUtils {
-        org.yaml.snakeyaml.Yaml yaml = new org.yaml.snakeyaml.Yaml();
+
2022-10-17 09:44:40.156 [main] DEBUG edu.lu.uni.serval.tbar.AbstractFixer - Compiling
2022-10-17 09:44:40.847 [main] DEBUG edu.lu.uni.serval.tbar.AbstractFixer - BuggyProject ---Fixer: fix fail because of failed compiling! 
2022-10-17 09:44:40.854 [main] DEBUG edu.lu.uni.serval.tbar.AbstractFixer - Patch Candidate:
@@ -61,8 +61,5 @@ public class DeserializationUtils {
-    public static <T> T readYamlValue(String contents, Class<T> expectedType) {
-        org.yaml.snakeyaml.Yaml yaml = new org.yaml.snakeyaml.Yaml();
-        return Json.mapper().convertValue(yaml.load(contents), expectedType);
-    }
+
2022-10-17 09:44:40.854 [main] DEBUG edu.lu.uni.serval.tbar.AbstractFixer - Compiling
2022-10-17 09:44:41.434 [main] DEBUG edu.lu.uni.serval.tbar.AbstractFixer - Test previously failed test cases.
2022-10-17 09:44:56.149 [main] INFO  edu.lu.uni.serval.tbar.TBarFixer - =======StaticBugFixer: Finish off fixing======
Failed to fix bug


Node: 2c8178711f7b



Date: Mon Oct 17 09:44:56 EDT 2022

