cd /workdir/TBar_vul4j_apache_commons-imaging_VUL4J-13;
export JAVA_TOOL_OPTIONS="-Dfile.encoding=UTF8 -Duser.language=en-US -Duser.country=US -Duser.language=en";
TZ="America/New_York"; export TZ;
export PATH="/usr/lib/jvm/jdk1.7.0_80/bin:$PATH";
export JAVA_HOME="/usr/lib/jvm/jdk1.7.0_80";
timeout 240m java -Xmx4g -Xms1g -XX:MaxPermSize=512m \
    -cp /script/../libs/tbar_external/com.gzoltar-0.1.1-jdk7.jar:/script/../repair_tools/tbar.jar edu.lu.uni.serval.tbar.main.Main \
    "/workdir/TBar_vul4j_apache_commons-imaging_VUL4J-13" "org.apache.commons.imaging.formats.rgbe.RgbeReadTest#testErrorDecompressingInvalidFile" "/src/main/java/" "/src/test/java/" "/target/classes/" "/target/test-classes/" "/script/../data/benchmarks/vul4j/perfectfl/VUL4J-13/spectra.txt" "mvn test -Dtest=org.apache.commons.imaging.formats.rgbe.RgbeReadTest#testErrorDecompressingInvalidFile -Dhttps.protocols=TLSv1.2 -Denforcer.skip=true -Dcheckstyle.skip=true -Dcobertura.skip=true -DskipITs=true -Drat.skip=true -Dlicense.skip=true -Dpmd.skip=true -Dfindbugs.skip=true -Dgpg.skip=true -Dskip.npm=true -Dskip.gulp=true -Dskip.bower=true -Danimal.sniffer.skip=true -V -B" "mvn test -Dhttps.protocols=TLSv1.2 -Denforcer.skip=true -Dcheckstyle.skip=true -Dcobertura.skip=true -DskipITs=true -Drat.skip=true -Dlicense.skip=true -Dpmd.skip=true -Dfindbugs.skip=true -Dgpg.skip=true -Dskip.npm=true -Dskip.gulp=true -Dskip.bower=true -Danimal.sniffer.skip=true -V -B" "/root/.m2/repository/commons-io/commons-io/2.6/commons-io-2.6.jar:/root/.m2/repository/junit/junit/4.12/junit-4.12.jar:/root/.m2/repository/org/hamcrest/hamcrest-core/1.3/hamcrest-core-1.3.jar";
echo "\n\nNode: `hostname`\n";
echo "\n\nDate: `date`\n";
Picked up JAVA_TOOL_OPTIONS: -Dfile.encoding=UTF8 -Duser.language=en-US -Duser.country=US -Duser.language=en
06:41:15,741 |-INFO in ch.qos.logback.classic.LoggerContext[TBar] - Could NOT find resource [logback-test.xml]
06:41:15,741 |-INFO in ch.qos.logback.classic.LoggerContext[TBar] - Could NOT find resource [logback.groovy]
06:41:15,741 |-INFO in ch.qos.logback.classic.LoggerContext[TBar] - Found resource [logback.xml] at [jar:file:/repair_tools/tbar.jar!/logback.xml]
06:41:15,761 |-INFO in ch.qos.logback.core.joran.spi.ConfigurationWatchList@31e956bd - URL [jar:file:/repair_tools/tbar.jar!/logback.xml] is not of type file
06:41:15,798 |-INFO in ch.qos.logback.classic.joran.action.ConfigurationAction - debug attribute not set
06:41:15,800 |-INFO in ch.qos.logback.classic.joran.action.ContextNameAction - Setting logger context name as [TBar]
06:41:15,800 |-INFO in ch.qos.logback.core.joran.action.AppenderAction - About to instantiate appender of type [ch.qos.logback.core.ConsoleAppender]
06:41:15,803 |-INFO in ch.qos.logback.core.joran.action.AppenderAction - Naming appender as [STDOUT]
06:41:15,859 |-INFO in ch.qos.logback.classic.joran.action.LoggerAction - Setting level of logger [org.hibernate.engine.query.HQLQueryPlan] to DEBUG
06:41:15,859 |-INFO in ch.qos.logback.classic.joran.action.LoggerAction - Setting additivity of logger [org.hibernate.engine.query.HQLQueryPlan] to false
06:41:15,859 |-INFO in ch.qos.logback.classic.joran.action.LoggerAction - Setting level of logger [com.piedra.logback] to DEBUG
06:41:15,860 |-ERROR in ch.qos.logback.core.joran.action.AppenderRefAction - Could not find an appender named [FILE]. Did you define it below instead of above in the configuration file?
06:41:15,860 |-ERROR in ch.qos.logback.core.joran.action.AppenderRefAction - See http://logback.qos.ch/codes.html#appender_order for more details.
06:41:15,860 |-INFO in ch.qos.logback.classic.joran.action.RootLoggerAction - Setting level of ROOT logger to DEBUG
06:41:15,860 |-INFO in ch.qos.logback.core.joran.action.AppenderRefAction - Attaching appender named [STDOUT] to Logger[ROOT]
06:41:15,860 |-ERROR in ch.qos.logback.core.joran.action.AppenderRefAction - Could not find an appender named [ROLLINGFILE]. Did you define it below instead of above in the configuration file?
06:41:15,860 |-ERROR in ch.qos.logback.core.joran.action.AppenderRefAction - See http://logback.qos.ch/codes.html#appender_order for more details.
06:41:15,860 |-INFO in ch.qos.logback.classic.joran.action.ConfigurationAction - End of configuration.
06:41:15,862 |-INFO in ch.qos.logback.classic.joran.JoranConfigurator@4e3dabe4 - Registering current configuration as safe fallback point

2022-09-14 06:41:16.215 [main] INFO  edu.lu.uni.serval.tbar.AbstractFixer - TBar_vul4j_apache_commons-imaging_VUL4J-13 Failed Tests: 1
2022-09-14 06:41:16.219 [main] INFO  edu.lu.uni.serval.tbar.TBarFixer - =======StaticBugFixer: Start to fix suspicious code======
2022-09-14 06:41:16.219 [main] DEBUG edu.lu.uni.serval.tbar.AbstractFixer - org.apache.commons.imaging.formats.rgbe.RgbeInfo ===177
2022-09-14 06:41:16.692 [main] DEBUG edu.lu.uni.serval.tbar.AbstractFixer - Suspicious Code: 
final int n = in.read();
2022-09-14 06:41:18.067 [main] DEBUG edu.lu.uni.serval.tbar.AbstractFixer - Patch Candidate:
@@ -174,7 +174,7 @@ class RgbeInfo implements Closeable {
-            final int n = in.read();
+            final double n = in.read();
2022-09-14 06:41:18.067 [main] DEBUG edu.lu.uni.serval.tbar.AbstractFixer - Compiling
2022-09-14 06:41:18.852 [main] DEBUG edu.lu.uni.serval.tbar.AbstractFixer - BuggyProject ---Fixer: fix fail because of failed compiling! 
2022-09-14 06:41:18.862 [main] DEBUG edu.lu.uni.serval.tbar.AbstractFixer - Patch Candidate:
@@ -174,7 +174,7 @@ class RgbeInfo implements Closeable {
-            final int n = in.read();
+            final float n = in.read();
2022-09-14 06:41:18.862 [main] DEBUG edu.lu.uni.serval.tbar.AbstractFixer - Compiling
2022-09-14 06:41:19.588 [main] DEBUG edu.lu.uni.serval.tbar.AbstractFixer - BuggyProject ---Fixer: fix fail because of failed compiling! 
2022-09-14 06:41:19.598 [main] DEBUG edu.lu.uni.serval.tbar.AbstractFixer - Patch Candidate:
@@ -174,7 +174,7 @@ class RgbeInfo implements Closeable {
-            final int n = in.read();
+            final long n = in.read();
2022-09-14 06:41:19.598 [main] DEBUG edu.lu.uni.serval.tbar.AbstractFixer - Compiling
2022-09-14 06:41:20.383 [main] DEBUG edu.lu.uni.serval.tbar.AbstractFixer - Test previously failed test cases.
2022-09-14 06:41:37.734 [main] DEBUG edu.lu.uni.serval.tbar.AbstractFixer - Patch Candidate:
@@ -174,7 +174,7 @@ class RgbeInfo implements Closeable {
-            final int n = in.read();
+            final short n = in.read();
2022-09-14 06:41:37.734 [main] DEBUG edu.lu.uni.serval.tbar.AbstractFixer - Compiling
2022-09-14 06:41:38.466 [main] DEBUG edu.lu.uni.serval.tbar.AbstractFixer - BuggyProject ---Fixer: fix fail because of failed compiling! 
2022-09-14 06:41:38.474 [main] DEBUG edu.lu.uni.serval.tbar.AbstractFixer - Patch Candidate:
@@ -174,7 +174,7 @@ class RgbeInfo implements Closeable {
-            final int n = in.read();
+            final char n = in.read();
2022-09-14 06:41:38.475 [main] DEBUG edu.lu.uni.serval.tbar.AbstractFixer - Compiling
2022-09-14 06:41:39.237 [main] DEBUG edu.lu.uni.serval.tbar.AbstractFixer - BuggyProject ---Fixer: fix fail because of failed compiling! 
2022-09-14 06:41:39.245 [main] DEBUG edu.lu.uni.serval.tbar.AbstractFixer - Patch Candidate:
@@ -174,7 +174,7 @@ class RgbeInfo implements Closeable {
-            final int n = in.read();
+            final byte n = in.read();
2022-09-14 06:41:39.245 [main] DEBUG edu.lu.uni.serval.tbar.AbstractFixer - Compiling
2022-09-14 06:41:40.014 [main] DEBUG edu.lu.uni.serval.tbar.AbstractFixer - BuggyProject ---Fixer: fix fail because of failed compiling! 
2022-09-14 06:41:40.229 [main] DEBUG edu.lu.uni.serval.tbar.AbstractFixer - Patch Candidate:
@@ -174,7 +174,8 @@ class RgbeInfo implements Closeable {
-            final int n = in.read();
+            if (in != null) {
+	final int n = in.read();
@@ -187,6 +188,8 @@ class RgbeInfo implements Closeable {
+	}
+
2022-09-14 06:41:40.229 [main] DEBUG edu.lu.uni.serval.tbar.AbstractFixer - Compiling
2022-09-14 06:41:41.058 [main] DEBUG edu.lu.uni.serval.tbar.AbstractFixer - Test previously failed test cases.
2022-09-14 06:41:58.994 [main] DEBUG edu.lu.uni.serval.tbar.AbstractFixer - Patch Candidate:
@@ -174,7 +174,10 @@ class RgbeInfo implements Closeable {
-            final int n = in.read();
+            if (in == null) {
+	    throw new IllegalArgumentException("Null 'in' argument.");
+	}
+final int n = in.read();
2022-09-14 06:41:58.995 [main] DEBUG edu.lu.uni.serval.tbar.AbstractFixer - Compiling
2022-09-14 06:41:59.781 [main] DEBUG edu.lu.uni.serval.tbar.AbstractFixer - Test previously failed test cases.
2022-09-14 06:42:17.696 [main] DEBUG edu.lu.uni.serval.tbar.AbstractFixer - Patch Candidate:
@@ -174,7 +174,10 @@ class RgbeInfo implements Closeable {
-            final int n = in.read();
+            if (in == null) {
+	    return;
+	}
+final int n = in.read();
2022-09-14 06:42:17.696 [main] DEBUG edu.lu.uni.serval.tbar.AbstractFixer - Compiling
2022-09-14 06:42:18.450 [main] DEBUG edu.lu.uni.serval.tbar.AbstractFixer - Test previously failed test cases.
2022-09-14 06:42:36.224 [main] DEBUG edu.lu.uni.serval.tbar.AbstractFixer - Patch Candidate:
@@ -174,7 +174,8 @@ class RgbeInfo implements Closeable {
-            final int n = in.read();
+            if (in == null) in = new InputStream();
+ final int n = in.read();
2022-09-14 06:42:36.224 [main] DEBUG edu.lu.uni.serval.tbar.AbstractFixer - Compiling
2022-09-14 06:42:37.013 [main] DEBUG edu.lu.uni.serval.tbar.AbstractFixer - BuggyProject ---Fixer: fix fail because of failed compiling! 
2022-09-14 06:42:37.020 [main] DEBUG edu.lu.uni.serval.tbar.AbstractFixer - Patch Candidate:
@@ -174,7 +174,8 @@ class RgbeInfo implements Closeable {
-            final int n = in.read();
+            if (in == null) continue;
+	final int n = in.read();
2022-09-14 06:42:37.020 [main] DEBUG edu.lu.uni.serval.tbar.AbstractFixer - Compiling
2022-09-14 06:42:37.786 [main] DEBUG edu.lu.uni.serval.tbar.AbstractFixer - Test previously failed test cases.
2022-09-14 06:42:55.677 [main] DEBUG edu.lu.uni.serval.tbar.AbstractFixer - Patch Candidate:
@@ -174,7 +174,7 @@ class RgbeInfo implements Closeable {
-            final int n = in.read();
+
2022-09-14 06:42:55.677 [main] DEBUG edu.lu.uni.serval.tbar.AbstractFixer - Compiling
2022-09-14 06:42:56.574 [main] DEBUG edu.lu.uni.serval.tbar.AbstractFixer - BuggyProject ---Fixer: fix fail because of failed compiling! 
2022-09-14 06:42:56.583 [main] DEBUG edu.lu.uni.serval.tbar.AbstractFixer - Patch Candidate:
@@ -168,25 +168,5 @@ class RgbeInfo implements Closeable {
-    private static void decompress(final InputStream in, final byte[] out)
-            throws IOException {
-        int position = 0;
-        final int total = out.length;
-
-        while (position < total) {
-            final int n = in.read();
-
-            if (n > 128) {
-                final int value = in.read();
-
-                for (int i = 0; i < (n & 0x7f); i++) {
-                    out[position++] = (byte) value;
-                }
-            } else {
-                for (int i = 0; i < n; i++) {
-                    out[position++] = (byte) in.read();
-                }
-            }
-        }
-    }
+
2022-09-14 06:42:56.583 [main] DEBUG edu.lu.uni.serval.tbar.AbstractFixer - Compiling
2022-09-14 06:42:57.310 [main] DEBUG edu.lu.uni.serval.tbar.AbstractFixer - BuggyProject ---Fixer: fix fail because of failed compiling! 
2022-09-14 06:42:57.334 [main] DEBUG edu.lu.uni.serval.tbar.AbstractFixer - org.apache.commons.imaging.formats.rgbe.RgbeInfo ===172
2022-09-14 06:42:57.362 [main] DEBUG edu.lu.uni.serval.tbar.AbstractFixer - Failed to identify the buggy statement in: org.apache.commons.imaging.formats.rgbe.RgbeInfo --- 172
2022-09-14 06:42:57.362 [main] INFO  edu.lu.uni.serval.tbar.TBarFixer - =======StaticBugFixer: Finish off fixing======
Failed to fix bug


Node: ee2bf67284b9



Date: Wed Sep 14 06:42:57 EDT 2022

