cd /workdir/jKali_vul4j_apache_shiro_VUL4J-22;
export JAVA_TOOL_OPTIONS="-Dfile.encoding=UTF8 -Duser.language=en-US -Duser.country=US -Duser.language=en";
TZ="America/New_York"; export TZ;
export PATH="/usr/lib/jvm/java-8-openjdk-amd64/bin:$PATH";
export JAVA_HOME="/usr/lib/jvm/java-8-openjdk-amd64/bin";
time java -Xmx4g -Xms1g -XX:MaxPermSize=512m -cp /script/../libs/jtestex7.jar:/script/../repair_tools/astor.jar fr.inria.main.evolution.AstorMain \
	-mode jkali \
	-location . \
	-id apache_shiro-VUL4J-22 \
	-failing org.apache.shiro.web.util.WebUtilsTest#testGetContextPathIncludes:org.apache.shiro.web.util.WebUtilsTest#testGetContextPath:org.apache.shiro.web.util.WebUtilsTest#testGetPathWithinApplication \
	-jvm4testexecution /usr/lib/jvm/java-8-openjdk-amd64/bin \
	-jvm4evosuitetestexecution /usr/lib/jvm/java-8-openjdk-amd64/bin \
	-maxgen 1000000 \
	-maxtime 120 \
	-stopfirst true \
	-seed 0 \
	-scope local \
	-population 1 \
	-javacompliancelevel 8 \
	-faultlocalization perfect \
    -perfectdata /script/../data/benchmarks/vul4j/perfectfl/VUL4J-22 \
    -validation externalcmd \
    -testfailingcmd "mvn test -pl web -Dtest=org.apache.shiro.web.util.WebUtilsTest -Dhttps.protocols=TLSv1.2 -Denforcer.skip=true -Dcheckstyle.skip=true -Dcobertura.skip=true -DskipITs=true -Drat.skip=true -Dlicense.skip=true -Dpmd.skip=true -Dfindbugs.skip=true -Dgpg.skip=true -Dskip.npm=true -Dskip.gulp=true -Dskip.bower=true -Danimal.sniffer.skip=true -V -B" \
    -testallcmd "mvn test -pl web -Dhttps.protocols=TLSv1.2 -Denforcer.skip=true -Dcheckstyle.skip=true -Dcobertura.skip=true -DskipITs=true -Drat.skip=true -Dlicense.skip=true -Dpmd.skip=true -Dfindbugs.skip=true -Dgpg.skip=true -Dskip.npm=true -Dskip.gulp=true -Dskip.bower=true -Danimal.sniffer.skip=true -V -B"  \ \
	-srcjavafolder web/src/main/java \
	-srctestfolder web/src/test/groovy \
	-binjavafolder web/target/classes \
	-bintestfolder web/target/test-classes \
	-parameters x:x \
	-dependencies /root/.m2/repository/org/powermock/powermock-api-support/1.5/powermock-api-support-1.5.jar:/root/.m2/repository/junit/junit/4.8.2/junit-4.8.2.jar:/root/.m2/repository/log4j/log4j/1.2.16/log4j-1.2.16.jar:/root/.m2/repository/javax/servlet/jsp/jsp-api/2.1/jsp-api-2.1.jar:/root/.m2/repository/org/powermock/powermock-core/1.5/powermock-core-1.5.jar:/root/.m2/repository/org/slf4j/jcl-over-slf4j/1.6.4/jcl-over-slf4j-1.6.4.jar:/root/.m2/repository/javax/servlet/jstl/1.1.2/jstl-1.1.2.jar:/root/.m2/repository/cglib/cglib-nodep/2.2.2/cglib-nodep-2.2.2.jar:/root/.m2/repository/org/easymock/easymock/3.1/easymock-3.1.jar:/root/.m2/repository/org/javassist/javassist/3.17.1-GA/javassist-3.17.1-GA.jar:/root/.m2/repository/org/powermock/powermock-api-easymock/1.5/powermock-api-easymock-1.5.jar:/root/.m2/repository/org/apache/shiro/shiro-core/1.3.2-SNAPSHOT/shiro-core-1.3.2-SNAPSHOT-tests.jar:/root/.m2/repository/org/slf4j/slf4j-api/1.6.4/slf4j-api-1.6.4.jar:/root/.m2/repository/org/slf4j/slf4j-log4j12/1.6.4/slf4j-log4j12-1.6.4.jar:/root/.m2/repository/org/powermock/powermock-reflect/1.5/powermock-reflect-1.5.jar:/root/.m2/repository/commons-beanutils/commons-beanutils/1.8.3/commons-beanutils-1.8.3.jar:/root/.m2/repository/org/powermock/powermock-module-junit4/1.5/powermock-module-junit4-1.5.jar:/root/.m2/repository/org/powermock/powermock-module-junit4-common/1.5/powermock-module-junit4-common-1.5.jar:/root/.m2/repository/javax/servlet/servlet-api/2.5/servlet-api-2.5.jar:/root/.m2/repository/org/codehaus/groovy/groovy-all/1.8.5/groovy-all-1.8.5.jar:/root/.m2/repository/org/objenesis/objenesis/1.2/objenesis-1.2.jar:/root/.m2/repository/org/apache/shiro/shiro-core/1.3.2-SNAPSHOT/shiro-core-1.3.2-SNAPSHOT.jar;
	echo "\n\nNode: `hostname`\n";
	echo "\n\nDate: `date`\n";
Picked up JAVA_TOOL_OPTIONS: -Dfile.encoding=UTF8 -Duser.language=en-US -Duser.country=US -Duser.language=en
OpenJDK 64-Bit Server VM warning: ignoring option MaxPermSize=512m; support was removed in 8.0
[0] INFO ProjectConfiguration - Version of the JVM used: 1.8.0_342
[0] INFO main - Java version of the JDK used to run tests: 1.8.0_342
[1] INFO main - The compliance of the JVM is:  8
[4] INFO main - command line arguments: [-mode  jkali  -location  .  -id  apache_shiro-VUL4J-22  -failing  org.apache.shiro.web.util.WebUtilsTest#testGetContextPathIncludes:org.apache.shiro.web.util.WebUtilsTest#testGetContextPath:org.apache.shiro.web.util.WebUtilsTest#testGetPathWithinApplication  -jvm4testexecution  /usr/lib/jvm/java-8-openjdk-amd64/bin  -jvm4evosuitetestexecution  /usr/lib/jvm/java-8-openjdk-amd64/bin  -maxgen  1000000  -maxtime  120  -stopfirst  true  -seed  0  -scope  local  -population  1  -javacompliancelevel  8  -faultlocalization  perfect  -perfectdata  /script/../data/benchmarks/vul4j/perfectfl/VUL4J-22  -validation  externalcmd  -testfailingcmd  mvn test -pl web -Dtest=org.apache.shiro.web.util.WebUtilsTest -Dhttps.protocols=TLSv1.2 -Denforcer.skip=true -Dcheckstyle.skip=true -Dcobertura.skip=true -DskipITs=true -Drat.skip=true -Dlicense.skip=true -Dpmd.skip=true -Dfindbugs.skip=true -Dgpg.skip=true -Dskip.npm=true -Dskip.gulp=true -Dskip.bower=true -Danimal.sniffer.skip=true -V -B  -testallcmd  mvn test -pl web -Dhttps.protocols=TLSv1.2 -Denforcer.skip=true -Dcheckstyle.skip=true -Dcobertura.skip=true -DskipITs=true -Drat.skip=true -Dlicense.skip=true -Dpmd.skip=true -Dfindbugs.skip=true -Dgpg.skip=true -Dskip.npm=true -Dskip.gulp=true -Dskip.bower=true -Danimal.sniffer.skip=true -V -B     -srcjavafolder  web/src/main/java  -srctestfolder  web/src/test/groovy  -binjavafolder  web/target/classes  -bintestfolder  web/target/test-classes  -parameters  x:x  -dependencies  /root/.m2/repository/org/powermock/powermock-api-support/1.5/powermock-api-support-1.5.jar:/root/.m2/repository/junit/junit/4.8.2/junit-4.8.2.jar:/root/.m2/repository/log4j/log4j/1.2.16/log4j-1.2.16.jar:/root/.m2/repository/javax/servlet/jsp/jsp-api/2.1/jsp-api-2.1.jar:/root/.m2/repository/org/powermock/powermock-core/1.5/powermock-core-1.5.jar:/root/.m2/repository/org/slf4j/jcl-over-slf4j/1.6.4/jcl-over-slf4j-1.6.4.jar:/root/.m2/repository/javax/servlet/jstl/1.1.2/jstl-1.1.2.jar:/root/.m2/repository/cglib/cglib-nodep/2.2.2/cglib-nodep-2.2.2.jar:/root/.m2/repository/org/easymock/easymock/3.1/easymock-3.1.jar:/root/.m2/repository/org/javassist/javassist/3.17.1-GA/javassist-3.17.1-GA.jar:/root/.m2/repository/org/powermock/powermock-api-easymock/1.5/powermock-api-easymock-1.5.jar:/root/.m2/repository/org/apache/shiro/shiro-core/1.3.2-SNAPSHOT/shiro-core-1.3.2-SNAPSHOT-tests.jar:/root/.m2/repository/org/slf4j/slf4j-api/1.6.4/slf4j-api-1.6.4.jar:/root/.m2/repository/org/slf4j/slf4j-log4j12/1.6.4/slf4j-log4j12-1.6.4.jar:/root/.m2/repository/org/powermock/powermock-reflect/1.5/powermock-reflect-1.5.jar:/root/.m2/repository/commons-beanutils/commons-beanutils/1.8.3/commons-beanutils-1.8.3.jar:/root/.m2/repository/org/powermock/powermock-module-junit4/1.5/powermock-module-junit4-1.5.jar:/root/.m2/repository/org/powermock/powermock-module-junit4-common/1.5/powermock-module-junit4-common-1.5.jar:/root/.m2/repository/javax/servlet/servlet-api/2.5/servlet-api-2.5.jar:/root/.m2/repository/org/codehaus/groovy/groovy-all/1.8.5/groovy-all-1.8.5.jar:/root/.m2/repository/org/objenesis/objenesis/1.2/objenesis-1.2.jar:/root/.m2/repository/org/apache/shiro/shiro-core/1.3.2-SNAPSHOT/shiro-core-1.3.2-SNAPSHOT.jar]
[6] INFO AstorMain - Running Astor on a JDK at /usr/lib/jvm/java-8-openjdk-amd64/jre
[18] INFO main - Source folders: [/workdir/jKali_vul4j_apache_shiro_VUL4J-22/./web/src/main/java]
[18] INFO main - Source Test folders: [/workdir/jKali_vul4j_apache_shiro_VUL4J-22/./web/src/test/groovy]
[1134] INFO AstorCoreEngine - ---- Creating spoon model
[1188] INFO MutationSupporter - Creating model,  Code location from working folder: /workdir/jKali_vul4j_apache_shiro_VUL4J-22/./web/src/main/java
[1188] INFO MutationSupporter - building model: /workdir/jKali_vul4j_apache_shiro_VUL4J-22/./web/src/main/java, compliance level: 8
[1247] INFO MutationSupporter - Classpath (Dependencies) for building SpoonModel: [/root/.m2/repository/org/powermock/powermock-api-support/1.5/powermock-api-support-1.5.jar, /root/.m2/repository/junit/junit/4.8.2/junit-4.8.2.jar, /root/.m2/repository/log4j/log4j/1.2.16/log4j-1.2.16.jar, /root/.m2/repository/javax/servlet/jsp/jsp-api/2.1/jsp-api-2.1.jar, /root/.m2/repository/org/powermock/powermock-core/1.5/powermock-core-1.5.jar, /root/.m2/repository/org/slf4j/jcl-over-slf4j/1.6.4/jcl-over-slf4j-1.6.4.jar, /root/.m2/repository/javax/servlet/jstl/1.1.2/jstl-1.1.2.jar, /root/.m2/repository/cglib/cglib-nodep/2.2.2/cglib-nodep-2.2.2.jar, /root/.m2/repository/org/easymock/easymock/3.1/easymock-3.1.jar, /root/.m2/repository/org/javassist/javassist/3.17.1-GA/javassist-3.17.1-GA.jar, /root/.m2/repository/org/powermock/powermock-api-easymock/1.5/powermock-api-easymock-1.5.jar, /root/.m2/repository/org/apache/shiro/shiro-core/1.3.2-SNAPSHOT/shiro-core-1.3.2-SNAPSHOT-tests.jar, /root/.m2/repository/org/slf4j/slf4j-api/1.6.4/slf4j-api-1.6.4.jar, /root/.m2/repository/org/slf4j/slf4j-log4j12/1.6.4/slf4j-log4j12-1.6.4.jar, /root/.m2/repository/org/powermock/powermock-reflect/1.5/powermock-reflect-1.5.jar, /root/.m2/repository/commons-beanutils/commons-beanutils/1.8.3/commons-beanutils-1.8.3.jar, /root/.m2/repository/org/powermock/powermock-module-junit4/1.5/powermock-module-junit4-1.5.jar, /root/.m2/repository/org/powermock/powermock-module-junit4-common/1.5/powermock-module-junit4-common-1.5.jar, /root/.m2/repository/javax/servlet/servlet-api/2.5/servlet-api-2.5.jar, /root/.m2/repository/org/codehaus/groovy/groovy-all/1.8.5/groovy-all-1.8.5.jar, /root/.m2/repository/org/objenesis/objenesis/1.2/objenesis-1.2.jar, /root/.m2/repository/org/apache/shiro/shiro-core/1.3.2-SNAPSHOT/shiro-core-1.3.2-SNAPSHOT.jar]
[10364] INFO AstorCoreEngine - Number of CtTypes created: 82
[10465] INFO AstorCoreEngine - Test retrieved from classes: 0
[10735] INFO AstorCoreEngine - Setting up the max to 2700 milliseconds (2 sec)
[10735] INFO AstorCoreEngine - ---- Initial suspicious size: 2
[11312] INFO main - Total suspicious from FL: 2,  2
[11312] INFO main - Total ModPoint created: 2
[11312] INFO main - Creating program variant #1, [Variant id: 1, #gens: 2, #ops: 0, parent:-]
[11318] INFO main - Run previously failing tests...
[49426] INFO main - Failed tests: 3
[49428] INFO AstorCoreEngine - The original fitness is : 3.0
[49428] WARN ConfigurationProperties - ----------------------------
[49428] INFO ConfigurationProperties - ---Configuration properties
[49429] INFO ConfigurationProperties - p:lastJUnitVersion= ./examples/libs/junit-4.11.jar
[49429] INFO ConfigurationProperties - p:alternativecompliancelevel= 8
[49429] INFO ConfigurationProperties - p:ignoredTestCases= 
[49429] INFO ConfigurationProperties - p:workingDirectory= /workdir/jKali_vul4j_apache_shiro_VUL4J-22/./output_astor
[49429] INFO ConfigurationProperties - p:manipulatesuper= false
[49429] INFO ConfigurationProperties - p:validation= externalcmd
[49429] INFO ConfigurationProperties - p:jvm4testexecution= /usr/lib/jvm/java-8-openjdk-amd64/bin
[49429] INFO ConfigurationProperties - p:operatorspace= suppression
[49429] INFO ConfigurationProperties - p:diffcontext= 0
[49429] INFO ConfigurationProperties - p:binjavafolder= web/target/classes
[49429] INFO ConfigurationProperties - p:synthesis_depth= 3
[49429] INFO ConfigurationProperties - p:gzoltartestpackagetoexclude= junit.framework
[49429] INFO ConfigurationProperties - p:skipfitnessinitialpopulation= false
[49429] INFO ConfigurationProperties - p:evosuiteresultfolder= evosuite
[49429] INFO ConfigurationProperties - p:flthreshold= 0.1
[49429] INFO ConfigurationProperties - p:regressionforfaultlocalization= true
[49429] INFO ConfigurationProperties - p:collectonlyusedmethod= false
[49429] INFO ConfigurationProperties - p:preservelinenumbers= true
[49429] INFO ConfigurationProperties - p:tmax2= 2700
[49430] INFO ConfigurationProperties - p:tmax1= 10000
[49430] INFO ConfigurationProperties - p:probagenmutation= false
[49430] INFO ConfigurationProperties - p:nomodificationconvergence= 100
[49430] INFO ConfigurationProperties - p:diff_type= relative
[49430] INFO ConfigurationProperties - p:targetelementprocessor= statements
[49430] INFO ConfigurationProperties - p:srctestfolder= web/src/test/groovy
[49430] INFO ConfigurationProperties - p:forceExecuteRegression= false
[49430] INFO ConfigurationProperties - p:clusteringfilename= clustering.csv
[49430] INFO ConfigurationProperties - p:failing= org.apache.shiro.web.util.WebUtilsTest#testGetContextPathIncludes:org.apache.shiro.web.util.WebUtilsTest#testGetContextPath:org.apache.shiro.web.util.WebUtilsTest#testGetPathWithinApplication
[49430] INFO ConfigurationProperties - p:logtestexecution= false
[49430] INFO ConfigurationProperties - p:evo_buggy_class= true
[49430] INFO ConfigurationProperties - p:numberExecutions= 1
[49430] INFO ConfigurationProperties - p:maxnumbersolutions= 1000000
[49430] INFO ConfigurationProperties - p:evo_affected_by_op= true
[49430] INFO ConfigurationProperties - p:population= 1
[49430] INFO ConfigurationProperties - p:considerzerovaluesusp= false
[49430] INFO ConfigurationProperties - p:maxCombinationVariableLimit= false
[49430] INFO ConfigurationProperties - p:savesolution= true
[49430] INFO ConfigurationProperties - p:javacompliancelevel= 8
[49431] INFO ConfigurationProperties - p:x= x
[49431] INFO ConfigurationProperties - p:uniqueoptogen= false
[49431] INFO ConfigurationProperties - p:gzoltarpackagetonotinstrument= junit.framework
[49442] INFO ConfigurationProperties - p:projectIdentifier= apache_shiro-VUL4J-22
[49442] INFO ConfigurationProperties - p:modificationpointnavigation= weight
[49442] INFO ConfigurationProperties - p:stopfirst= true
[49442] INFO ConfigurationProperties - p:multipointmodification= false
[49442] INFO ConfigurationProperties - p:elementsToMutate= 10
[49442] INFO ConfigurationProperties - p:jsonoutputname= astor_output
[49443] INFO ConfigurationProperties - p:evoDSE= false
[49446] INFO ConfigurationProperties - p:bintestfolder= web/target/test-classes
[49446] INFO ConfigurationProperties - p:testbystep= false
[49446] INFO ConfigurationProperties - p:version-location= ./math-version/
[49446] INFO ConfigurationProperties - p:reintroduce= PARENTS:ORIGINAL
[49446] INFO ConfigurationProperties - p:perfectdata= /script/../data/benchmarks/vul4j/perfectfl/VUL4J-22
[49446] INFO ConfigurationProperties - p:executorjar= ./lib/jtestex7.jar
[49446] INFO ConfigurationProperties - p:maxGeneration= 1000000
[49446] INFO ConfigurationProperties - p:max_synthesis_step= 10000
[49446] INFO ConfigurationProperties - p:projectinfocommand= com.github.tdurieux:project-config-maven-plugin:info
[49447] INFO ConfigurationProperties - p:maxVarCombination= 1000
[49447] INFO ConfigurationProperties - p:maxtime= 120
[49447] INFO ConfigurationProperties - p:evosuitejar= ./lib/evosuite-master-1.0.4-SNAPSHOT.jar
[49447] INFO ConfigurationProperties - p:jvmversion= 1.8.0_342
[49447] INFO ConfigurationProperties - p:commandTrunk= 50000
[49447] INFO ConfigurationProperties - p:faultlocalization= perfect
[49447] INFO ConfigurationProperties - p:resetmodel= true
[49447] INFO ConfigurationProperties - p:maxsuspcandidates= 1000
[49447] INFO ConfigurationProperties - p:mode= jkali
[49447] INFO ConfigurationProperties - p:learningdir= 
[49447] INFO ConfigurationProperties - p:jvm4evosuitetestexecution= /usr/lib/jvm/java-8-openjdk-amd64/bin
[49447] INFO ConfigurationProperties - p:filterfaultlocalization= true
[49447] INFO ConfigurationProperties - p:mutationrate= 1 
[49447] INFO ConfigurationProperties - p:pathToMVNRepository= 
[49447] INFO ConfigurationProperties - p:resourcesfolder= /src/main/resources:/src/test/resources:
[49447] INFO ConfigurationProperties - p:timezone= America/Los_Angeles
[49447] INFO ConfigurationProperties - p:runjava7code= false
[49447] INFO ConfigurationProperties - p:testfailingcmd= mvn test -pl web -Dtest=org.apache.shiro.web.util.WebUtilsTest -Dhttps.protocols=TLSv1.2 -Denforcer.skip=true -Dcheckstyle.skip=true -Dcobertura.skip=true -DskipITs=true -Drat.skip=true -Dlicense.skip=true -Dpmd.skip=true -Dfindbugs.skip=true -Dgpg.skip=true -Dskip.npm=true -Dskip.gulp=true -Dskip.bower=true -Danimal.sniffer.skip=true -V -B
[49447] INFO ConfigurationProperties - p:evoRunOnBuggyClass= true
[49447] INFO ConfigurationProperties - p:compiler= fr.inria.astor.core.manipulation.bytecode.compiler.SpoonClassCompiler
[49447] INFO ConfigurationProperties - p:limitbysuspicious= true
[49448] INFO ConfigurationProperties - p:logsattemps= true
[49448] INFO ConfigurationProperties - p:dependenciespath= /root/.m2/repository/org/powermock/powermock-api-support/1.5/powermock-api-support-1.5.jar:/root/.m2/repository/junit/junit/4.8.2/junit-4.8.2.jar:/root/.m2/repository/log4j/log4j/1.2.16/log4j-1.2.16.jar:/root/.m2/repository/javax/servlet/jsp/jsp-api/2.1/jsp-api-2.1.jar:/root/.m2/repository/org/powermock/powermock-core/1.5/powermock-core-1.5.jar:/root/.m2/repository/org/slf4j/jcl-over-slf4j/1.6.4/jcl-over-slf4j-1.6.4.jar:/root/.m2/repository/javax/servlet/jstl/1.1.2/jstl-1.1.2.jar:/root/.m2/repository/cglib/cglib-nodep/2.2.2/cglib-nodep-2.2.2.jar:/root/.m2/repository/org/easymock/easymock/3.1/easymock-3.1.jar:/root/.m2/repository/org/javassist/javassist/3.17.1-GA/javassist-3.17.1-GA.jar:/root/.m2/repository/org/powermock/powermock-api-easymock/1.5/powermock-api-easymock-1.5.jar:/root/.m2/repository/org/apache/shiro/shiro-core/1.3.2-SNAPSHOT/shiro-core-1.3.2-SNAPSHOT-tests.jar:/root/.m2/repository/org/slf4j/slf4j-api/1.6.4/slf4j-api-1.6.4.jar:/root/.m2/repository/org/slf4j/slf4j-log4j12/1.6.4/slf4j-log4j12-1.6.4.jar:/root/.m2/repository/org/powermock/powermock-reflect/1.5/powermock-reflect-1.5.jar:/root/.m2/repository/commons-beanutils/commons-beanutils/1.8.3/commons-beanutils-1.8.3.jar:/root/.m2/repository/org/powermock/powermock-module-junit4/1.5/powermock-module-junit4-1.5.jar:/root/.m2/repository/org/powermock/powermock-module-junit4-common/1.5/powermock-module-junit4-common-1.5.jar:/root/.m2/repository/javax/servlet/servlet-api/2.5/servlet-api-2.5.jar:/root/.m2/repository/org/codehaus/groovy/groovy-all/1.8.5/groovy-all-1.8.5.jar:/root/.m2/repository/org/objenesis/objenesis/1.2/objenesis-1.2.jar:/root/.m2/repository/org/apache/shiro/shiro-core/1.3.2-SNAPSHOT/shiro-core-1.3.2-SNAPSHOT.jar
[49448] INFO ConfigurationProperties - p:packageToInstrument= 
[49448] INFO ConfigurationProperties - p:skipfaultlocalization= false
[49448] INFO ConfigurationProperties - p:scope= local
[49448] INFO ConfigurationProperties - p:transformingredient= false
[49448] INFO ConfigurationProperties - p:fitnessfunction= fr.inria.astor.core.solutionsearch.population.TestCaseFitnessFunction
[49448] INFO ConfigurationProperties - p:maxnumvariablesperingredient= 10
[49448] INFO ConfigurationProperties - p:parsesourcefromoriginal= true
[49448] INFO ConfigurationProperties - p:pvariantfoldername= variant-
[49448] INFO ConfigurationProperties - p:savespoonmodelondisk= false
[49448] INFO ConfigurationProperties - p:srcjavafolder= web/src/main/java
[49448] INFO ConfigurationProperties - p:populationcontroller= fr.inria.astor.core.solutionsearch.population.TestCaseBasedFitnessPopulationController
[49448] INFO ConfigurationProperties - p:ignoreflakyinfl= false
[49448] INFO ConfigurationProperties - p:cleantemplates= true
[49448] INFO ConfigurationProperties - p:applyCrossover= false
[49448] INFO ConfigurationProperties - p:maxmodificationpoints= 1000
[49448] INFO ConfigurationProperties - p:duplicateingredientsinspace= false
[49448] INFO ConfigurationProperties - p:metid= 0
[49448] INFO ConfigurationProperties - p:continuewhenmodelfail= true
[49449] INFO ConfigurationProperties - p:saveall= false
[49449] INFO ConfigurationProperties - p:seed= 0
[49449] INFO ConfigurationProperties - p:savecompletepatched= true
[49449] INFO ConfigurationProperties - p:resetoperations= false
[49449] INFO ConfigurationProperties - p:keepcomments= false
[49449] INFO ConfigurationProperties - p:processoutputinfile= false
[49449] INFO ConfigurationProperties - p:location= .
[49449] INFO ConfigurationProperties - p:probabilistictransformation= true
[49449] INFO ConfigurationProperties - p:overridemaxtime= true
[49449] INFO ConfigurationProperties - p:outputjsonresult= true
[49449] INFO ConfigurationProperties - p:allpoints= false
[49449] INFO ConfigurationProperties - p:antipattern= false
[49449] INFO ConfigurationProperties - p:bugId= 280
[49449] INFO ConfigurationProperties - p:evosuitetimeout= 120
[49449] INFO ConfigurationProperties - p:maxtimefactor= 10
[49449] INFO ConfigurationProperties - p:nrPlaceholders= 1
[49449] INFO ConfigurationProperties - p:testallcmd= mvn test -pl web -Dhttps.protocols=TLSv1.2 -Denforcer.skip=true -Dcheckstyle.skip=true -Dcobertura.skip=true -DskipITs=true -Drat.skip=true -Dlicense.skip=true -Dpmd.skip=true -Dfindbugs.skip=true -Dgpg.skip=true -Dskip.npm=true -Dskip.gulp=true -Dskip.bower=true -Danimal.sniffer.skip=true -V -B
[49449] INFO ConfigurationProperties - p:forcesubprocesskilling= false
[49449] INFO ConfigurationProperties - ----------------------------
[49454] INFO AstorCoreEngine - mod_point MP=org.apache.shiro.web.util.WebUtils line: 248, pointed element: CtIfImpl
[49528] INFO AstorCoreEngine - -->op: OP_INSTANCE:
ReplaceIfBooleanOp:(spoon.support.reflect.code.CtIfImpl) `if (contextPath == null) { 	contextPath = request.getContextPath(); } ` -topatch--> `if (true) { 	contextPath = request.getContextPath(); }` (spoon.support.reflect.code.CtIfImpl) 
[54057] INFO main - Run previously failing tests...
[93616] INFO main - Failed tests: 3
[93632] INFO AstorCoreEngine - mod_point MP=org.apache.shiro.web.util.WebUtils line: 248, pointed element: CtIfImpl
[93640] INFO AstorCoreEngine - -->op: OP_INSTANCE:
ReplaceIfBooleanOp:(spoon.support.reflect.code.CtIfImpl) `if (contextPath == null) { 	contextPath = request.getContextPath(); } ` -topatch--> `if (false) { 	contextPath = request.getContextPath(); }` (spoon.support.reflect.code.CtIfImpl) 
[94764] INFO main - Run previously failing tests...
[140593] INFO main - Failed tests: 3
[140597] INFO AstorCoreEngine - mod_point MP=org.apache.shiro.web.util.WebUtils line: 248, pointed element: CtIfImpl
[140603] INFO AstorCoreEngine - -->op: OP_INSTANCE:
RemoveOp:(spoon.support.reflect.code.CtIfImpl) `if (contextPath == null) { 	contextPath = request.getContextPath(); } ` -topatch--> `-` (null) 
[141552] INFO main - Run previously failing tests...
[178205] INFO main - Failed tests: 3
[178234] INFO AstorCoreEngine - Time Repair Loop (s): 128.785
[178234] INFO AstorCoreEngine - generationsexecuted: 1
[178234] WARN AstorCoreEngine - ----SUMMARY_EXECUTION---
[178234] WARN AstorCoreEngine - End Repair Search: NOT Found solution
[178234] WARN AstorCoreEngine - Number suspicious:1
[178238] INFO AstorCoreEngine - 
 --SOLUTIONS DESCRIPTION--


Astor Output:

General stats:
EXECUTION_IDENTIFIER=apache_shiro-VUL4J-22
TOTAL_TIME=128.785
NR_GENERATIONS=null
NR_RIGHT_COMPILATIONS=3
NR_FAILLING_COMPILATIONS=null
NR_ERRONEOUS_VARIANCES=null
NR_FAILING_VALIDATION_PROCESS=null
OUTPUT_STATUS=EXHAUSTIVE_NAVIGATED

Patch stats:

[178303] INFO Stats - Storing ing JSON at /workdir/jKali_vul4j_apache_shiro_VUL4J-22/./output_astor/AstorMain-apache_shiro-VUL4J-22//astor_output.json
[178304] INFO Stats - astor_output:
{"general":{"NR_RIGHT_COMPILATIONS":3,"NR_ERRONEOUS_VARIANCES":null,"EXECUTION_IDENTIFIER":"apache_shiro-VUL4J-22","OUTPUT_STATUS":"EXHAUSTIVE_NAVIGATED","NR_FAILLING_COMPILATIONS":null,"NR_GENERATIONS":null,"TOTAL_TIME":128.785,"NR_FAILING_VALIDATION_PROCESS":null},"patches":[]}
[178304] INFO AstorMain - Time Total(s): 178.295
152.60user 24.35system 3:00.23elapsed 98%CPU (0avgtext+0avgdata 489436maxresident)k
888inputs+5792outputs (1major+881254minor)pagefaults 0swaps


Node: 9670332cfea8



Date: Thu Sep  8 22:06:14 EDT 2022

