cd /workdir/Cardumen_vul4j_resteasy_Resteasy_VUL4J-66;
export JAVA_TOOL_OPTIONS="-Dfile.encoding=UTF8 -Duser.language=en-US -Duser.country=US -Duser.language=en";
TZ="America/New_York"; export TZ;
export PATH="/usr/lib/jvm/java-8-openjdk-amd64/bin:$PATH";
export JAVA_HOME="/usr/lib/jvm/java-8-openjdk-amd64/bin";
time java -Xmx4g -Xms1g -XX:MaxPermSize=512m -cp /script/../libs/jtestex7.jar:/script/../repair_tools/astor.jar fr.inria.main.evolution.AstorMain \
	-mode cardumen \
	-location . \
	-id resteasy_Resteasy-VUL4J-66 \
	-failing org.jboss.resteasy.test.mediatype.MediaTypeHeaderTest#testNewLineInHeaderValueIsRejected \
	-jvm4testexecution /usr/lib/jvm/java-8-openjdk-amd64/bin \
	-jvm4evosuitetestexecution /usr/lib/jvm/java-8-openjdk-amd64/bin \
	-maxgen 1000000 \
	-maxtime 120 \
	-stopfirst true \
	-seed 0 \
	-scope local \
	-population 1 \
	-javacompliancelevel 8 \
	-faultlocalization perfect \
    -perfectdata /script/../data/benchmarks/vul4j/perfectfl/VUL4J-66 \
    -validation externalcmd \
    -testfailingcmd "cd testsuitemvn test -Dtest=org.jboss.resteasy.test.mediatype.MediaTypeHeaderTest#testNewLineInHeaderValueIsRejected -Dhttps.protocols=TLSv1.2 -Denforcer.skip=true -Dcheckstyle.skip=true -Dcobertura.skip=true -DskipITs=true -Drat.skip=true -Dlicense.skip=true -Dpmd.skip=true -Dfindbugs.skip=true -Dgpg.skip=true -Dskip.npm=true -Dskip.gulp=true -Dskip.bower=true -Danimal.sniffer.skip=true -V -B" \
    -testallcmd "cd testsuitemvn test -Dhttps.protocols=TLSv1.2 -Denforcer.skip=true -Dcheckstyle.skip=true -Dcobertura.skip=true -DskipITs=true -Drat.skip=true -Dlicense.skip=true -Dpmd.skip=true -Dfindbugs.skip=true -Dgpg.skip=true -Dskip.npm=true -Dskip.gulp=true -Dskip.bower=true -Danimal.sniffer.skip=true -V -B"  \ \
	-srcjavafolder testsuite/unit-tests/../../resteasy-core/src/main/java \
	-srctestfolder testsuite/unit-tests/src/test/java \
	-binjavafolder testsuite/unit-tests/../../resteasy-core/target/classes \
	-bintestfolder testsuite/unit-tests/target/test-classes \
	-parameters x:x:maxCombinationVariableLimit:true:maxVarCombination:1000:maxCombinationVariableLimit:true:maxVarCombination:1000:maxCombinationVariableLimit:true:maxVarCombination:1000:maxCombinationVariableLimit:true:maxVarCombination:1000:maxCombinationVariableLimit:true:maxVarCombination:1000:maxCombinationVariableLimit:true:maxVarCombination:1000:maxCombinationVariableLimit:true:maxVarCombination:1000:maxCombinationVariableLimit:true:maxVarCombination:1000:maxCombinationVariableLimit:true:maxVarCombination:1000:maxCombinationVariableLimit:true:maxVarCombination:1000:maxCombinationVariableLimit:true:maxVarCombination:1000:maxCombinationVariableLimit:true:maxVarCombination:1000:maxCombinationVariableLimit:true:maxVarCombination:1000:maxCombinationVariableLimit:true:maxVarCombination:1000:maxCombinationVariableLimit:true:maxVarCombination:1000:maxCombinationVariableLimit:true:maxVarCombination:1000:maxCombinationVariableLimit:true:maxVarCombination:1000:maxCombinationVariableLimit:true:maxVarCombination:1000:maxCombinationVariableLimit:true:maxVarCombination:1000:maxCombinationVariableLimit:true:maxVarCombination:1000:maxCombinationVariableLimit:true:maxVarCombination:1000:maxCombinationVariableLimit:true:maxVarCombination:1000:maxCombinationVariableLimit:true:maxVarCombination:1000:maxCombinationVariableLimit:true:maxVarCombination:1000:maxCombinationVariableLimit:true:maxVarCombination:1000:maxCombinationVariableLimit:true:maxVarCombination:1000:maxCombinationVariableLimit:true:maxVarCombination:1000:maxCombinationVariableLimit:true:maxVarCombination:1000:maxCombinationVariableLimit:true:maxVarCombination:1000:maxCombinationVariableLimit:true:maxVarCombination:1000:maxCombinationVariableLimit:true:maxVarCombination:1000:maxCombinationVariableLimit:true:maxVarCombination:1000:maxCombinationVariableLimit:true:maxVarCombination:1000:maxCombinationVariableLimit:true:maxVarCombination:1000:maxCombinationVariableLimit:true:maxVarCombination:1000:maxCombinationVariableLimit:true:maxVarCombination:1000:maxCombinationVariableLimit:true:maxVarCombination:1000:maxCombinationVariableLimit:true:maxVarCombination:1000:maxCombinationVariableLimit:true:maxVarCombination:1000:maxCombinationVariableLimit:true:maxVarCombination:1000:maxCombinationVariableLimit:true:maxVarCombination:1000:maxCombinationVariableLimit:true:maxVarCombination:1000:maxCombinationVariableLimit:true:maxVarCombination:1000:maxCombinationVariableLimit:true:maxVarCombination:1000:maxCombinationVariableLimit:true:maxVarCombination:1000:maxCombinationVariableLimit:true:maxVarCombination:1000:maxCombinationVariableLimit:true:maxVarCombination:1000:maxCombinationVariableLimit:true:maxVarCombination:1000:maxCombinationVariableLimit:true:maxVarCombination:1000:maxCombinationVariableLimit:true:maxVarCombination:1000:maxCombinationVariableLimit:true:maxVarCombination:1000:maxCombinationVariableLimit:true:maxVarCombination:1000 \
	-dependencies "";
	echo "\n\nNode: `hostname`\n";
	echo "\n\nDate: `date`\n";
Picked up JAVA_TOOL_OPTIONS: -Dfile.encoding=UTF8 -Duser.language=en-US -Duser.country=US -Duser.language=en
OpenJDK 64-Bit Server VM warning: ignoring option MaxPermSize=512m; support was removed in 8.0
[0] INFO ProjectConfiguration - Version of the JVM used: 1.8.0_342
[0] INFO main - Java version of the JDK used to run tests: 1.8.0_342
[1] INFO main - The compliance of the JVM is:  8
[8] INFO main - command line arguments: [-mode  cardumen  -location  .  -id  resteasy_Resteasy-VUL4J-66  -failing  org.jboss.resteasy.test.mediatype.MediaTypeHeaderTest#testNewLineInHeaderValueIsRejected  -jvm4testexecution  /usr/lib/jvm/java-8-openjdk-amd64/bin  -jvm4evosuitetestexecution  /usr/lib/jvm/java-8-openjdk-amd64/bin  -maxgen  1000000  -maxtime  120  -stopfirst  true  -seed  0  -scope  local  -population  1  -javacompliancelevel  8  -faultlocalization  perfect  -perfectdata  /script/../data/benchmarks/vul4j/perfectfl/VUL4J-66  -validation  externalcmd  -testfailingcmd  cd testsuitemvn test -Dtest=org.jboss.resteasy.test.mediatype.MediaTypeHeaderTest#testNewLineInHeaderValueIsRejected -Dhttps.protocols=TLSv1.2 -Denforcer.skip=true -Dcheckstyle.skip=true -Dcobertura.skip=true -DskipITs=true -Drat.skip=true -Dlicense.skip=true -Dpmd.skip=true -Dfindbugs.skip=true -Dgpg.skip=true -Dskip.npm=true -Dskip.gulp=true -Dskip.bower=true -Danimal.sniffer.skip=true -V -B  -testallcmd  cd testsuitemvn test -Dhttps.protocols=TLSv1.2 -Denforcer.skip=true -Dcheckstyle.skip=true -Dcobertura.skip=true -DskipITs=true -Drat.skip=true -Dlicense.skip=true -Dpmd.skip=true -Dfindbugs.skip=true -Dgpg.skip=true -Dskip.npm=true -Dskip.gulp=true -Dskip.bower=true -Danimal.sniffer.skip=true -V -B     -srcjavafolder  testsuite/unit-tests/../../resteasy-core/src/main/java  -srctestfolder  testsuite/unit-tests/src/test/java  -binjavafolder  testsuite/unit-tests/../../resteasy-core/target/classes  -bintestfolder  testsuite/unit-tests/target/test-classes  -parameters  x:x:maxCombinationVariableLimit:true:maxVarCombination:1000:maxCombinationVariableLimit:true:maxVarCombination:1000:maxCombinationVariableLimit:true:maxVarCombination:1000:maxCombinationVariableLimit:true:maxVarCombination:1000:maxCombinationVariableLimit:true:maxVarCombination:1000:maxCombinationVariableLimit:true:maxVarCombination:1000:maxCombinationVariableLimit:true:maxVarCombination:1000:maxCombinationVariableLimit:true:maxVarCombination:1000:maxCombinationVariableLimit:true:maxVarCombination:1000:maxCombinationVariableLimit:true:maxVarCombination:1000:maxCombinationVariableLimit:true:maxVarCombination:1000:maxCombinationVariableLimit:true:maxVarCombination:1000:maxCombinationVariableLimit:true:maxVarCombination:1000:maxCombinationVariableLimit:true:maxVarCombination:1000:maxCombinationVariableLimit:true:maxVarCombination:1000:maxCombinationVariableLimit:true:maxVarCombination:1000:maxCombinationVariableLimit:true:maxVarCombination:1000:maxCombinationVariableLimit:true:maxVarCombination:1000:maxCombinationVariableLimit:true:maxVarCombination:1000:maxCombinationVariableLimit:true:maxVarCombination:1000:maxCombinationVariableLimit:true:maxVarCombination:1000:maxCombinationVariableLimit:true:maxVarCombination:1000:maxCombinationVariableLimit:true:maxVarCombination:1000:maxCombinationVariableLimit:true:maxVarCombination:1000:maxCombinationVariableLimit:true:maxVarCombination:1000:maxCombinationVariableLimit:true:maxVarCombination:1000:maxCombinationVariableLimit:true:maxVarCombination:1000:maxCombinationVariableLimit:true:maxVarCombination:1000:maxCombinationVariableLimit:true:maxVarCombination:1000:maxCombinationVariableLimit:true:maxVarCombination:1000:maxCombinationVariableLimit:true:maxVarCombination:1000:maxCombinationVariableLimit:true:maxVarCombination:1000:maxCombinationVariableLimit:true:maxVarCombination:1000:maxCombinationVariableLimit:true:maxVarCombination:1000:maxCombinationVariableLimit:true:maxVarCombination:1000:maxCombinationVariableLimit:true:maxVarCombination:1000:maxCombinationVariableLimit:true:maxVarCombination:1000:maxCombinationVariableLimit:true:maxVarCombination:1000:maxCombinationVariableLimit:true:maxVarCombination:1000:maxCombinationVariableLimit:true:maxVarCombination:1000:maxCombinationVariableLimit:true:maxVarCombination:1000:maxCombinationVariableLimit:true:maxVarCombination:1000:maxCombinationVariableLimit:true:maxVarCombination:1000:maxCombinationVariableLimit:true:maxVarCombination:1000:maxCombinationVariableLimit:true:maxVarCombination:1000:maxCombinationVariableLimit:true:maxVarCombination:1000:maxCombinationVariableLimit:true:maxVarCombination:1000:maxCombinationVariableLimit:true:maxVarCombination:1000:maxCombinationVariableLimit:true:maxVarCombination:1000:maxCombinationVariableLimit:true:maxVarCombination:1000:maxCombinationVariableLimit:true:maxVarCombination:1000:maxCombinationVariableLimit:true:maxVarCombination:1000  -dependencies  ]
[10] INFO AstorMain - Running Astor on a JDK at /usr/lib/jvm/java-8-openjdk-amd64/jre
[72] INFO main - Source folders: [/workdir/Cardumen_vul4j_resteasy_Resteasy_VUL4J-66/./testsuite/unit-tests/../../resteasy-core/src/main/java]
[73] INFO main - Source Test folders: [/workdir/Cardumen_vul4j_resteasy_Resteasy_VUL4J-66/./testsuite/unit-tests/src/test/java]
[3635] INFO AstorCoreEngine - ---- Creating spoon model
[3747] INFO MutationSupporter - Creating model,  Code location from working folder: /workdir/Cardumen_vul4j_resteasy_Resteasy_VUL4J-66/./testsuite/unit-tests/../../resteasy-core/src/main/java
[3747] INFO MutationSupporter - building model: /workdir/Cardumen_vul4j_resteasy_Resteasy_VUL4J-66/./testsuite/unit-tests/../../resteasy-core/src/main/java, compliance level: 8
[3878] INFO MutationSupporter - Classpath (Dependencies) for building SpoonModel: null
[27889] ERROR MutationSupporter - Problem compiling the model with compliance level 8
[27890] ERROR MutationSupporter - MessageBodyWriter cannot be resolved to a type at /workdir/Cardumen_vul4j_resteasy_Resteasy_VUL4J-66/resteasy-core/src/main/java/org/jboss/resteasy/plugins/providers/sse/SseEventOutputProvider.java:17
spoon.compiler.ModelBuildingException: MessageBodyWriter cannot be resolved to a type at /workdir/Cardumen_vul4j_resteasy_Resteasy_VUL4J-66/resteasy-core/src/main/java/org/jboss/resteasy/plugins/providers/sse/SseEventOutputProvider.java:17
	at spoon.support.compiler.jdt.JDTBasedSpoonCompiler.report(JDTBasedSpoonCompiler.java:649)
	at spoon.support.compiler.jdt.JDTBasedSpoonCompiler.reportProblems(JDTBasedSpoonCompiler.java:631)
	at spoon.support.compiler.jdt.JDTBasedSpoonCompiler.build(JDTBasedSpoonCompiler.java:118)
	at spoon.support.compiler.jdt.JDTBasedSpoonCompiler.build(JDTBasedSpoonCompiler.java:99)
	at fr.inria.astor.core.manipulation.MutationSupporter.buildModel(MutationSupporter.java:85)
	at fr.inria.astor.core.manipulation.MutationSupporter.buildSpoonModel(MutationSupporter.java:240)
	at fr.inria.astor.core.solutionsearch.AstorCoreEngine.initModel(AstorCoreEngine.java:775)
	at fr.inria.main.evolution.AstorMain.createEngine(AstorMain.java:113)
	at fr.inria.main.evolution.AstorMain.run(AstorMain.java:173)
	at fr.inria.main.evolution.AstorMain.execute(AstorMain.java:233)
	at fr.inria.main.evolution.AstorMain.main(AstorMain.java:204)
[27897] INFO MutationSupporter - Recompiling with compliance level 8
[27897] INFO MutationSupporter - building model: /workdir/Cardumen_vul4j_resteasy_Resteasy_VUL4J-66/./testsuite/unit-tests/../../resteasy-core/src/main/java, compliance level: 8
[28128] INFO MutationSupporter - Classpath (Dependencies) for building SpoonModel: null
spoon.compiler.ModelBuildingException: MessageBodyWriter cannot be resolved to a type at /workdir/Cardumen_vul4j_resteasy_Resteasy_VUL4J-66/resteasy-core/src/main/java/org/jboss/resteasy/plugins/providers/sse/SseEventOutputProvider.java:17
	at spoon.support.compiler.jdt.JDTBasedSpoonCompiler.report(JDTBasedSpoonCompiler.java:649)
	at spoon.support.compiler.jdt.JDTBasedSpoonCompiler.reportProblems(JDTBasedSpoonCompiler.java:631)
	at spoon.support.compiler.jdt.JDTBasedSpoonCompiler.build(JDTBasedSpoonCompiler.java:118)
	at spoon.support.compiler.jdt.JDTBasedSpoonCompiler.build(JDTBasedSpoonCompiler.java:99)
	at fr.inria.astor.core.manipulation.MutationSupporter.buildModel(MutationSupporter.java:85)
	at fr.inria.astor.core.manipulation.MutationSupporter.buildSpoonModel(MutationSupporter.java:253)
	at fr.inria.astor.core.solutionsearch.AstorCoreEngine.initModel(AstorCoreEngine.java:775)
	at fr.inria.main.evolution.AstorMain.createEngine(AstorMain.java:113)
	at fr.inria.main.evolution.AstorMain.run(AstorMain.java:173)
	at fr.inria.main.evolution.AstorMain.execute(AstorMain.java:233)
	at fr.inria.main.evolution.AstorMain.main(AstorMain.java:204)
[42165] ERROR MutationSupporter - Error compiling: MessageBodyWriter cannot be resolved to a type at /workdir/Cardumen_vul4j_resteasy_Resteasy_VUL4J-66/resteasy-core/src/main/java/org/jboss/resteasy/plugins/providers/sse/SseEventOutputProvider.java:17
[43347] ERROR MutationSupporter - Astor continues when model build fails. Classes created: 273
[44573] INFO AstorCoreEngine - Number of CtTypes created: 273
[45063] INFO AstorCoreEngine - Test retrieved from classes: 0
[45214] INFO AstorCoreEngine - Setting up the max to 1510 milliseconds (1 sec)
[45215] INFO AstorCoreEngine - ---- Initial suspicious size: 2
[45283] WARN Launcher - Cannot load class: javax.ws.rs.ext.RuntimeDelegate$HeaderDelegate with class loader sun.misc.Launcher$AppClassLoader@74a14482
[45416] WARN Launcher - Cannot load class: javax.ws.rs.ext.RuntimeDelegate$HeaderDelegate with class loader sun.misc.Launcher$AppClassLoader@74a14482
[45420] INFO main - Total suspicious from FL: 2,  0
[45420] INFO main - Total ModPoint created: 0
[45420] INFO main - Creating program variant #1, [Variant id: 1, #gens: 0, #ops: 0, parent:-]
[45420] ERROR AstorCoreEngine - [warning] Any modification point in variant
[45420] ERROR AstorCoreEngine - Variant with any gen
[48816] INFO ExpressionTypeIngredientSpace - Ingredient search space info : number keys 13 , number values 61 
[48817] WARN ConfigurationProperties - ----------------------------
[48817] INFO ConfigurationProperties - ---Configuration properties
[48817] INFO ConfigurationProperties - p:lastJUnitVersion= ./examples/libs/junit-4.11.jar
[48817] INFO ConfigurationProperties - p:alternativecompliancelevel= 8
[48817] INFO ConfigurationProperties - p:ignoredTestCases= 
[48817] INFO ConfigurationProperties - p:workingDirectory= /workdir/Cardumen_vul4j_resteasy_Resteasy_VUL4J-66/./output_astor
[48817] INFO ConfigurationProperties - p:manipulatesuper= false
[48817] INFO ConfigurationProperties - p:validation= externalcmd
[48817] INFO ConfigurationProperties - p:jvm4testexecution= /usr/lib/jvm/java-8-openjdk-amd64/bin
[48817] INFO ConfigurationProperties - p:operatorspace= r-expression
[48817] INFO ConfigurationProperties - p:diffcontext= 0
[48817] INFO ConfigurationProperties - p:binjavafolder= testsuite/unit-tests/../../resteasy-core/target/classes
[48818] INFO ConfigurationProperties - p:synthesis_depth= 3
[48818] INFO ConfigurationProperties - p:gzoltartestpackagetoexclude= junit.framework
[48818] INFO ConfigurationProperties - p:skipfitnessinitialpopulation= false
[48826] INFO ConfigurationProperties - p:evosuiteresultfolder= evosuite
[48826] INFO ConfigurationProperties - p:flthreshold= 0.1
[48826] INFO ConfigurationProperties - p:regressionforfaultlocalization= true
[48826] INFO ConfigurationProperties - p:collectonlyusedmethod= false
[48826] INFO ConfigurationProperties - p:preservelinenumbers= true
[48826] INFO ConfigurationProperties - p:tmax2= 1510
[48826] INFO ConfigurationProperties - p:ingredienttransformstrategy= name-probability-based
[48826] INFO ConfigurationProperties - p:tmax1= 10000
[48826] INFO ConfigurationProperties - p:probagenmutation= false
[48826] INFO ConfigurationProperties - p:nomodificationconvergence= 100
[48826] INFO ConfigurationProperties - p:diff_type= relative
[48826] INFO ConfigurationProperties - p:targetelementprocessor= expression
[48826] INFO ConfigurationProperties - p:srctestfolder= testsuite/unit-tests/src/test/java
[48826] INFO ConfigurationProperties - p:forceExecuteRegression= false
[48826] INFO ConfigurationProperties - p:clusteringfilename= clustering.csv
[48826] INFO ConfigurationProperties - p:failing= org.jboss.resteasy.test.mediatype.MediaTypeHeaderTest#testNewLineInHeaderValueIsRejected
[48827] INFO ConfigurationProperties - p:logtestexecution= false
[48827] INFO ConfigurationProperties - p:evo_buggy_class= true
[48827] INFO ConfigurationProperties - p:numberExecutions= 1
[48827] INFO ConfigurationProperties - p:maxnumbersolutions= 1000000
[48827] INFO ConfigurationProperties - p:evo_affected_by_op= true
[48827] INFO ConfigurationProperties - p:population= 1
[48827] INFO ConfigurationProperties - p:considerzerovaluesusp= false
[48827] INFO ConfigurationProperties - p:maxCombinationVariableLimit= true
[48827] INFO ConfigurationProperties - p:savesolution= true
[48827] INFO ConfigurationProperties - p:javacompliancelevel= 8
[48827] INFO ConfigurationProperties - p:x= x
[48827] INFO ConfigurationProperties - p:uniqueoptogen= false
[48827] INFO ConfigurationProperties - p:gzoltarpackagetonotinstrument= junit.framework
[48827] INFO ConfigurationProperties - p:projectIdentifier= resteasy_Resteasy-VUL4J-66
[48827] INFO ConfigurationProperties - p:modificationpointnavigation= weight
[48827] INFO ConfigurationProperties - p:stopfirst= true
[48827] INFO ConfigurationProperties - p:multipointmodification= false
[48827] INFO ConfigurationProperties - p:elementsToMutate= 10
[48827] INFO ConfigurationProperties - p:jsonoutputname= astor_output
[48827] INFO ConfigurationProperties - p:evoDSE= false
[48827] INFO ConfigurationProperties - p:bintestfolder= testsuite/unit-tests/target/test-classes
[48828] INFO ConfigurationProperties - p:testbystep= false
[48828] INFO ConfigurationProperties - p:version-location= ./math-version/
[48828] INFO ConfigurationProperties - p:reintroduce= PARENTS:ORIGINAL
[48828] INFO ConfigurationProperties - p:perfectdata= /script/../data/benchmarks/vul4j/perfectfl/VUL4J-66
[48829] INFO ConfigurationProperties - p:executorjar= ./lib/jtestex7.jar
[48829] INFO ConfigurationProperties - p:maxGeneration= 1000000
[48829] INFO ConfigurationProperties - p:max_synthesis_step= 10000
[48829] INFO ConfigurationProperties - p:projectinfocommand= com.github.tdurieux:project-config-maven-plugin:info
[48829] INFO ConfigurationProperties - p:maxVarCombination= 1000
[48829] INFO ConfigurationProperties - p:maxtime= 120
[48829] INFO ConfigurationProperties - p:evosuitejar= ./lib/evosuite-master-1.0.4-SNAPSHOT.jar
[48829] INFO ConfigurationProperties - p:jvmversion= 1.8.0_342
[48829] INFO ConfigurationProperties - p:commandTrunk= 50000
[48829] INFO ConfigurationProperties - p:faultlocalization= perfect
[48829] INFO ConfigurationProperties - p:resetmodel= true
[48829] INFO ConfigurationProperties - p:maxsuspcandidates= 1000
[48829] INFO ConfigurationProperties - p:mode= cardumen
[48829] INFO ConfigurationProperties - p:learningdir= 
[48829] INFO ConfigurationProperties - p:jvm4evosuitetestexecution= /usr/lib/jvm/java-8-openjdk-amd64/bin
[48829] INFO ConfigurationProperties - p:filterfaultlocalization= true
[48829] INFO ConfigurationProperties - p:mutationrate= 1 
[48829] INFO ConfigurationProperties - p:pathToMVNRepository= 
[48830] INFO ConfigurationProperties - p:resourcesfolder= /src/main/resources:/src/test/resources:
[48830] INFO ConfigurationProperties - p:timezone= America/Los_Angeles
[48830] INFO ConfigurationProperties - p:runjava7code= false
[48830] INFO ConfigurationProperties - p:testfailingcmd= cd testsuitemvn test -Dtest=org.jboss.resteasy.test.mediatype.MediaTypeHeaderTest#testNewLineInHeaderValueIsRejected -Dhttps.protocols=TLSv1.2 -Denforcer.skip=true -Dcheckstyle.skip=true -Dcobertura.skip=true -DskipITs=true -Drat.skip=true -Dlicense.skip=true -Dpmd.skip=true -Dfindbugs.skip=true -Dgpg.skip=true -Dskip.npm=true -Dskip.gulp=true -Dskip.bower=true -Danimal.sniffer.skip=true -V -B
[48830] INFO ConfigurationProperties - p:evoRunOnBuggyClass= true
[48830] INFO ConfigurationProperties - p:compiler= fr.inria.astor.core.manipulation.bytecode.compiler.SpoonClassCompiler
[48830] INFO ConfigurationProperties - p:limitbysuspicious= true
[48830] INFO ConfigurationProperties - p:logsattemps= true
[48830] INFO ConfigurationProperties - p:dependenciespath= 
[48830] INFO ConfigurationProperties - p:packageToInstrument= 
[48830] INFO ConfigurationProperties - p:skipfaultlocalization= false
[48830] INFO ConfigurationProperties - p:scope= local
[48830] INFO ConfigurationProperties - p:transformingredient= false
[48830] INFO ConfigurationProperties - p:fitnessfunction= fr.inria.astor.core.solutionsearch.population.TestCaseFitnessFunction
[48830] INFO ConfigurationProperties - p:maxnumvariablesperingredient= 10
[48830] INFO ConfigurationProperties - p:parsesourcefromoriginal= true
[48830] INFO ConfigurationProperties - p:pvariantfoldername= variant-
[48830] INFO ConfigurationProperties - p:savespoonmodelondisk= false
[48830] INFO ConfigurationProperties - p:srcjavafolder= testsuite/unit-tests/../../resteasy-core/src/main/java
[48830] INFO ConfigurationProperties - p:populationcontroller= fr.inria.astor.core.solutionsearch.population.TestCaseBasedFitnessPopulationController
[48830] INFO ConfigurationProperties - p:ignoreflakyinfl= false
[48830] INFO ConfigurationProperties - p:cleantemplates= true
[48831] INFO ConfigurationProperties - p:applyCrossover= false
[48831] INFO ConfigurationProperties - p:maxmodificationpoints= 1000
[48831] INFO ConfigurationProperties - p:duplicateingredientsinspace= false
[48831] INFO ConfigurationProperties - p:metid= 0
[48831] INFO ConfigurationProperties - p:continuewhenmodelfail= true
[48838] INFO ConfigurationProperties - p:saveall= false
[48838] INFO ConfigurationProperties - p:seed= 0
[48838] INFO ConfigurationProperties - p:savecompletepatched= true
[48838] INFO ConfigurationProperties - p:resetoperations= false
[48838] INFO ConfigurationProperties - p:keepcomments= false
[48838] INFO ConfigurationProperties - p:processoutputinfile= false
[48838] INFO ConfigurationProperties - p:location= .
[48838] INFO ConfigurationProperties - p:probabilistictransformation= true
[48838] INFO ConfigurationProperties - p:overridemaxtime= true
[48838] INFO ConfigurationProperties - p:ingredientstrategy= name-probability-based
[48838] INFO ConfigurationProperties - p:outputjsonresult= true
[48838] INFO ConfigurationProperties - p:allpoints= false
[48838] INFO ConfigurationProperties - p:antipattern= false
[48838] INFO ConfigurationProperties - p:bugId= 280
[48838] INFO ConfigurationProperties - p:evosuitetimeout= 120
[48838] INFO ConfigurationProperties - p:maxtimefactor= 10
[48839] INFO ConfigurationProperties - p:nrPlaceholders= 1
[48839] INFO ConfigurationProperties - p:testallcmd= cd testsuitemvn test -Dhttps.protocols=TLSv1.2 -Denforcer.skip=true -Dcheckstyle.skip=true -Dcobertura.skip=true -DskipITs=true -Drat.skip=true -Dlicense.skip=true -Dpmd.skip=true -Dfindbugs.skip=true -Dgpg.skip=true -Dskip.npm=true -Dskip.gulp=true -Dskip.bower=true -Danimal.sniffer.skip=true -V -B
[48839] INFO ConfigurationProperties - p:forcesubprocesskilling= false
[48839] INFO ConfigurationProperties - ----------------------------
[48839] INFO AstorCoreEngine - ----Starting Solution Search
[48840] WARN AstorCoreEngine - ----------Running generation: 1, population size: 1
[48930] WARN AstorCoreEngine - ----------Running generation: 2, population size: 1
[49004] WARN AstorCoreEngine - ----------Running generation: 3, population size: 1
[49058] WARN AstorCoreEngine - ----------Running generation: 4, population size: 1
[49155] WARN AstorCoreEngine - ----------Running generation: 5, population size: 1
[49244] WARN AstorCoreEngine - ----------Running generation: 6, population size: 1
[49303] WARN AstorCoreEngine - ----------Running generation: 7, population size: 1
[49349] WARN AstorCoreEngine - ----------Running generation: 8, population size: 1
[49394] WARN AstorCoreEngine - ----------Running generation: 9, population size: 1
[49426] WARN AstorCoreEngine - ----------Running generation: 10, population size: 1
[49469] WARN AstorCoreEngine - ----------Running generation: 11, population size: 1
[49496] WARN AstorCoreEngine - ----------Running generation: 12, population size: 1
[49569] WARN AstorCoreEngine - ----------Running generation: 13, population size: 1
[49616] WARN AstorCoreEngine - ----------Running generation: 14, population size: 1
[49629] WARN AstorCoreEngine - ----------Running generation: 15, population size: 1
[49694] WARN AstorCoreEngine - ----------Running generation: 16, population size: 1
[49734] WARN AstorCoreEngine - ----------Running generation: 17, population size: 1
[49780] WARN AstorCoreEngine - ----------Running generation: 18, population size: 1
[49823] WARN AstorCoreEngine - ----------Running generation: 19, population size: 1
[49856] WARN AstorCoreEngine - ----------Running generation: 20, population size: 1
[49938] WARN AstorCoreEngine - ----------Running generation: 21, population size: 1
[49965] WARN AstorCoreEngine - ----------Running generation: 22, population size: 1
[50036] WARN AstorCoreEngine - ----------Running generation: 23, population size: 1
[50083] WARN AstorCoreEngine - ----------Running generation: 24, population size: 1
[50095] WARN AstorCoreEngine - ----------Running generation: 25, population size: 1
[50151] WARN AstorCoreEngine - ----------Running generation: 26, population size: 1
[50201] WARN AstorCoreEngine - ----------Running generation: 27, population size: 1
[50252] WARN AstorCoreEngine - ----------Running generation: 28, population size: 1
[50288] WARN AstorCoreEngine - ----------Running generation: 29, population size: 1
[50350] WARN AstorCoreEngine - ----------Running generation: 30, population size: 1
[50403] WARN AstorCoreEngine - ----------Running generation: 31, population size: 1
[50455] WARN AstorCoreEngine - ----------Running generation: 32, population size: 1
[50507] WARN AstorCoreEngine - ----------Running generation: 33, population size: 1
[50528] WARN AstorCoreEngine - ----------Running generation: 34, population size: 1
[50561] WARN AstorCoreEngine - ----------Running generation: 35, population size: 1
[50575] WARN AstorCoreEngine - ----------Running generation: 36, population size: 1
[50600] WARN AstorCoreEngine - ----------Running generation: 37, population size: 1
[50637] WARN AstorCoreEngine - ----------Running generation: 38, population size: 1
[50653] WARN AstorCoreEngine - ----------Running generation: 39, population size: 1
[50715] WARN AstorCoreEngine - ----------Running generation: 40, population size: 1
[50746] WARN AstorCoreEngine - ----------Running generation: 41, population size: 1
[50772] WARN AstorCoreEngine - ----------Running generation: 42, population size: 1
[50799] WARN AstorCoreEngine - ----------Running generation: 43, population size: 1
[50827] WARN AstorCoreEngine - ----------Running generation: 44, population size: 1
[50837] WARN AstorCoreEngine - ----------Running generation: 45, population size: 1
[50872] WARN AstorCoreEngine - ----------Running generation: 46, population size: 1
[50916] WARN AstorCoreEngine - ----------Running generation: 47, population size: 1
[50961] WARN AstorCoreEngine - ----------Running generation: 48, population size: 1
[50986] WARN AstorCoreEngine - ----------Running generation: 49, population size: 1
[51006] WARN AstorCoreEngine - ----------Running generation: 50, population size: 1
[51040] WARN AstorCoreEngine - ----------Running generation: 51, population size: 1
[51052] WARN AstorCoreEngine - ----------Running generation: 52, population size: 1
[51084] WARN AstorCoreEngine - ----------Running generation: 53, population size: 1
[51104] WARN AstorCoreEngine - ----------Running generation: 54, population size: 1
[51149] WARN AstorCoreEngine - ----------Running generation: 55, population size: 1
[51197] WARN AstorCoreEngine - ----------Running generation: 56, population size: 1
[51226] WARN AstorCoreEngine - ----------Running generation: 57, population size: 1
[51260] WARN AstorCoreEngine - ----------Running generation: 58, population size: 1
[51269] WARN AstorCoreEngine - ----------Running generation: 59, population size: 1
[51331] WARN AstorCoreEngine - ----------Running generation: 60, population size: 1
[51351] WARN AstorCoreEngine - ----------Running generation: 61, population size: 1
[51383] WARN AstorCoreEngine - ----------Running generation: 62, population size: 1
[51413] WARN AstorCoreEngine - ----------Running generation: 63, population size: 1
[51480] WARN AstorCoreEngine - ----------Running generation: 64, population size: 1
[51538] WARN AstorCoreEngine - ----------Running generation: 65, population size: 1
[51550] WARN AstorCoreEngine - ----------Running generation: 66, population size: 1
[51590] WARN AstorCoreEngine - ----------Running generation: 67, population size: 1
[51599] WARN AstorCoreEngine - ----------Running generation: 68, population size: 1
[51608] WARN AstorCoreEngine - ----------Running generation: 69, population size: 1
[51635] WARN AstorCoreEngine - ----------Running generation: 70, population size: 1
[51704] WARN AstorCoreEngine - ----------Running generation: 71, population size: 1
[51718] WARN AstorCoreEngine - ----------Running generation: 72, population size: 1
[51727] WARN AstorCoreEngine - ----------Running generation: 73, population size: 1
[51738] WARN AstorCoreEngine - ----------Running generation: 74, population size: 1
[51750] WARN AstorCoreEngine - ----------Running generation: 75, population size: 1
[51771] WARN AstorCoreEngine - ----------Running generation: 76, population size: 1
[51780] WARN AstorCoreEngine - ----------Running generation: 77, population size: 1
[51832] WARN AstorCoreEngine - ----------Running generation: 78, population size: 1
[51859] WARN AstorCoreEngine - ----------Running generation: 79, population size: 1
[51875] WARN AstorCoreEngine - ----------Running generation: 80, population size: 1
[51887] WARN AstorCoreEngine - ----------Running generation: 81, population size: 1
[51896] WARN AstorCoreEngine - ----------Running generation: 82, population size: 1
[51905] WARN AstorCoreEngine - ----------Running generation: 83, population size: 1
[51914] WARN AstorCoreEngine - ----------Running generation: 84, population size: 1
[51946] WARN AstorCoreEngine - ----------Running generation: 85, population size: 1
[51976] WARN AstorCoreEngine - ----------Running generation: 86, population size: 1
[51990] WARN AstorCoreEngine - ----------Running generation: 87, population size: 1
[52002] WARN AstorCoreEngine - ----------Running generation: 88, population size: 1
[52021] WARN AstorCoreEngine - ----------Running generation: 89, population size: 1
[52034] WARN AstorCoreEngine - ----------Running generation: 90, population size: 1
[52046] WARN AstorCoreEngine - ----------Running generation: 91, population size: 1
[52088] WARN AstorCoreEngine - ----------Running generation: 92, population size: 1
[52113] WARN AstorCoreEngine - ----------Running generation: 93, population size: 1
[52151] WARN AstorCoreEngine - ----------Running generation: 94, population size: 1
[52204] WARN AstorCoreEngine - ----------Running generation: 95, population size: 1
[52232] WARN AstorCoreEngine - ----------Running generation: 96, population size: 1
[52263] WARN AstorCoreEngine - ----------Running generation: 97, population size: 1
[52277] WARN AstorCoreEngine - ----------Running generation: 98, population size: 1
[52305] WARN AstorCoreEngine - ----------Running generation: 99, population size: 1
[52341] WARN AstorCoreEngine - ----------Running generation: 100, population size: 1
[52352] ERROR AstorCoreEngine - Stopping main loop at 100 generation
[52353] INFO AstorCoreEngine - Time Repair Loop (s): 3.514
[52353] INFO AstorCoreEngine - generationsexecuted: 100
[52353] WARN AstorCoreEngine - ----SUMMARY_EXECUTION---
[52362] WARN AstorCoreEngine - End Repair Search: NOT Found solution
[52363] WARN AstorCoreEngine - Number suspicious:1
[52363] INFO AstorCoreEngine - Total mod points: 0
[52377] INFO ExpressionTypeIngredientSpace - Storing ing JSON at /workdir/Cardumen_vul4j_resteasy_Resteasy_VUL4J-66/./output_astor/AstorMain-resteasy_Resteasy-VUL4J-66//src/ingredients.json
[52391] INFO IngredientStats - Storing ing JSON at /workdir/Cardumen_vul4j_resteasy_Resteasy_VUL4J-66/./output_astor/AstorMain-resteasy_Resteasy-VUL4J-66//ingredientSpaceSize.json
[52391] INFO IngredientStats - ingredientSpaceSize:{"allAttempts":0,"space":[]}
[52392] INFO IngredientStats - Storing ing JSON at /workdir/Cardumen_vul4j_resteasy_Resteasy_VUL4J-66/./output_astor/AstorMain-resteasy_Resteasy-VUL4J-66//combinationsTemplatesingredientSpaceSize.json
[52392] INFO IngredientStats - combinationsTemplatesingredientSpaceSize:{"allAttempts":0,"space":[]}
[52393] INFO AstorCoreEngine - 
 --SOLUTIONS DESCRIPTION--


Astor Output:

General stats:
EXECUTION_IDENTIFIER=resteasy_Resteasy-VUL4J-66
TOTAL_TIME=3.514
NR_GENERATIONS=100
NR_RIGHT_COMPILATIONS=null
NR_FAILLING_COMPILATIONS=null
NR_ERRONEOUS_VARIANCES=null
NR_FAILING_VALIDATION_PROCESS=null
OUTPUT_STATUS=CONVERGED

Patch stats:

[52416] INFO Stats - Storing ing JSON at /workdir/Cardumen_vul4j_resteasy_Resteasy_VUL4J-66/./output_astor/AstorMain-resteasy_Resteasy-VUL4J-66//astor_output.json
[52416] INFO Stats - astor_output:
{"general":{"NR_RIGHT_COMPILATIONS":null,"NR_ERRONEOUS_VARIANCES":null,"EXECUTION_IDENTIFIER":"resteasy_Resteasy-VUL4J-66","OUTPUT_STATUS":"CONVERGED","NR_FAILLING_COMPILATIONS":null,"NR_GENERATIONS":100,"TOTAL_TIME":3.514,"NR_FAILING_VALIDATION_PROCESS":null},"patches":[]}
[52416] INFO AstorMain - Time Total(s): 52.365
62.62user 4.70system 0:53.96elapsed 124%CPU (0avgtext+0avgdata 954520maxresident)k
520inputs+12880outputs (0major+268393minor)pagefaults 0swaps


Node: 9670332cfea8



Date: Fri Sep  9 03:21:20 EDT 2022

