cd /workdir/TBar_vul4j_eclipse_rdf4j_VUL4J-43;
export JAVA_TOOL_OPTIONS="-Dfile.encoding=UTF8 -Duser.language=en-US -Duser.country=US -Duser.language=en";
TZ="America/New_York"; export TZ;
export PATH="/usr/lib/jvm/java-8-openjdk-amd64/bin:$PATH";
export JAVA_HOME="/usr/lib/jvm/java-8-openjdk-amd64";
timeout 240m java -Xmx4g -Xms1g -XX:MaxPermSize=512m \
    -cp /script/../libs/tbar_external/com.gzoltar-0.1.1-jdk7.jar:/script/../repair_tools/tbar.jar edu.lu.uni.serval.tbar.main.Main \
    "/workdir/TBar_vul4j_eclipse_rdf4j_VUL4J-43" "org.eclipse.rdf4j.common.io.ZipUtilTest#testWriteEntryPathTraversing" "/util/src/main/java/" "/util/src/test/java/" "/util/target/classes/" "/util/target/test-classes/" "/script/../data/benchmarks/vul4j/perfectfl/VUL4J-43/spectra.txt" "mvn test -pl util -Dtest=org.eclipse.rdf4j.common.io.ZipUtilTest#testWriteEntryPathTraversing -Dhttps.protocols=TLSv1.2 -Denforcer.skip=true -Dcheckstyle.skip=true -Dcobertura.skip=true -DskipITs=true -Drat.skip=true -Dlicense.skip=true -Dpmd.skip=true -Dfindbugs.skip=true -Dgpg.skip=true -Dskip.npm=true -Dskip.gulp=true -Dskip.bower=true -Danimal.sniffer.skip=true -V -B" "mvn test -pl util -Dhttps.protocols=TLSv1.2 -Denforcer.skip=true -Dcheckstyle.skip=true -Dcobertura.skip=true -DskipITs=true -Drat.skip=true -Dlicense.skip=true -Dpmd.skip=true -Dfindbugs.skip=true -Dgpg.skip=true -Dskip.npm=true -Dskip.gulp=true -Dskip.bower=true -Danimal.sniffer.skip=true -V -B" "/root/.m2/repository/junit/junit/4.12/junit-4.12.jar:/root/.m2/repository/org/slf4j/slf4j-api/1.7.25/slf4j-api-1.7.25.jar:/root/.m2/repository/org/hamcrest/hamcrest-core/1.3/hamcrest-core-1.3.jar";
echo "\n\nNode: `hostname`\n";
echo "\n\nDate: `date`\n";
Picked up JAVA_TOOL_OPTIONS: -Dfile.encoding=UTF8 -Duser.language=en-US -Duser.country=US -Duser.language=en
OpenJDK 64-Bit Server VM warning: ignoring option MaxPermSize=512m; support was removed in 8.0
12:47:55,299 |-INFO in ch.qos.logback.classic.LoggerContext[TBar] - Could NOT find resource [logback-test.xml]
12:47:55,299 |-INFO in ch.qos.logback.classic.LoggerContext[TBar] - Could NOT find resource [logback.groovy]
12:47:55,299 |-INFO in ch.qos.logback.classic.LoggerContext[TBar] - Found resource [logback.xml] at [jar:file:/repair_tools/tbar.jar!/logback.xml]
12:47:55,310 |-INFO in ch.qos.logback.core.joran.spi.ConfigurationWatchList@5a42bbf4 - URL [jar:file:/repair_tools/tbar.jar!/logback.xml] is not of type file
12:47:55,349 |-INFO in ch.qos.logback.classic.joran.action.ConfigurationAction - debug attribute not set
12:47:55,351 |-INFO in ch.qos.logback.classic.joran.action.ContextNameAction - Setting logger context name as [TBar]
12:47:55,351 |-INFO in ch.qos.logback.core.joran.action.AppenderAction - About to instantiate appender of type [ch.qos.logback.core.ConsoleAppender]
12:47:55,362 |-INFO in ch.qos.logback.core.joran.action.AppenderAction - Naming appender as [STDOUT]
12:47:55,408 |-INFO in ch.qos.logback.classic.joran.action.LoggerAction - Setting level of logger [org.hibernate.engine.query.HQLQueryPlan] to DEBUG
12:47:55,408 |-INFO in ch.qos.logback.classic.joran.action.LoggerAction - Setting additivity of logger [org.hibernate.engine.query.HQLQueryPlan] to false
12:47:55,409 |-INFO in ch.qos.logback.classic.joran.action.LoggerAction - Setting level of logger [com.piedra.logback] to DEBUG
12:47:55,409 |-ERROR in ch.qos.logback.core.joran.action.AppenderRefAction - Could not find an appender named [FILE]. Did you define it below instead of above in the configuration file?
12:47:55,409 |-ERROR in ch.qos.logback.core.joran.action.AppenderRefAction - See http://logback.qos.ch/codes.html#appender_order for more details.
12:47:55,409 |-INFO in ch.qos.logback.classic.joran.action.RootLoggerAction - Setting level of ROOT logger to DEBUG
12:47:55,409 |-INFO in ch.qos.logback.core.joran.action.AppenderRefAction - Attaching appender named [STDOUT] to Logger[ROOT]
12:47:55,409 |-ERROR in ch.qos.logback.core.joran.action.AppenderRefAction - Could not find an appender named [ROLLINGFILE]. Did you define it below instead of above in the configuration file?
12:47:55,409 |-ERROR in ch.qos.logback.core.joran.action.AppenderRefAction - See http://logback.qos.ch/codes.html#appender_order for more details.
12:47:55,409 |-INFO in ch.qos.logback.classic.joran.action.ConfigurationAction - End of configuration.
12:47:55,412 |-INFO in ch.qos.logback.classic.joran.JoranConfigurator@270421f5 - Registering current configuration as safe fallback point

2022-09-14 12:47:55.493 [main] INFO  edu.lu.uni.serval.tbar.AbstractFixer - TBar_vul4j_eclipse_rdf4j_VUL4J-43 Failed Tests: 1
2022-09-14 12:47:55.496 [main] INFO  edu.lu.uni.serval.tbar.TBarFixer - =======StaticBugFixer: Start to fix suspicious code======
2022-09-14 12:47:55.496 [main] DEBUG edu.lu.uni.serval.tbar.AbstractFixer - org.eclipse.rdf4j.common.io.ZipUtil ===93
2022-09-14 12:47:55.926 [main] DEBUG edu.lu.uni.serval.tbar.AbstractFixer - Suspicious Code: 
File outFile = new File(destDir, entry.getName());
2022-09-14 12:47:56.789 [main] DEBUG edu.lu.uni.serval.tbar.AbstractFixer - Patch Candidate:
@@ -90,7 +90,7 @@ public class ZipUtil {
-		File outFile = new File(destDir, entry.getName());
+		File outFile = new File(outFile, entry.getName());
2022-09-14 12:47:56.789 [main] DEBUG edu.lu.uni.serval.tbar.AbstractFixer - Compiling
2022-09-14 12:47:57.317 [main] DEBUG edu.lu.uni.serval.tbar.AbstractFixer - BuggyProject ---Fixer: fix fail because of failed compiling! 
2022-09-14 12:47:57.346 [main] DEBUG edu.lu.uni.serval.tbar.AbstractFixer - Patch Candidate:
@@ -90,7 +90,10 @@ public class ZipUtil {
-		File outFile = new File(destDir, entry.getName());
+		if (destDir != null) {
+	File outFile = new File(destDir, entry.getName());
+	}
+
2022-09-14 12:47:57.346 [main] DEBUG edu.lu.uni.serval.tbar.AbstractFixer - Compiling
2022-09-14 12:47:57.880 [main] DEBUG edu.lu.uni.serval.tbar.AbstractFixer - BuggyProject ---Fixer: fix fail because of failed compiling! 
2022-09-14 12:47:57.889 [main] DEBUG edu.lu.uni.serval.tbar.AbstractFixer - Patch Candidate:
@@ -90,7 +90,10 @@ public class ZipUtil {
-		File outFile = new File(destDir, entry.getName());
+		if (destDir == null) {
+	    throw new IllegalArgumentException("Null 'destDir' argument.");
+	}
+File outFile = new File(destDir, entry.getName());
2022-09-14 12:47:57.889 [main] DEBUG edu.lu.uni.serval.tbar.AbstractFixer - Compiling
2022-09-14 12:47:58.446 [main] DEBUG edu.lu.uni.serval.tbar.AbstractFixer - Test previously failed test cases.
2022-09-14 12:48:03.323 [main] DEBUG edu.lu.uni.serval.tbar.AbstractFixer - Patch Candidate:
@@ -90,7 +90,10 @@ public class ZipUtil {
-		File outFile = new File(destDir, entry.getName());
+		if (destDir == null) {
+	    return;
+	}
+File outFile = new File(destDir, entry.getName());
2022-09-14 12:48:03.323 [main] DEBUG edu.lu.uni.serval.tbar.AbstractFixer - Compiling
2022-09-14 12:48:03.849 [main] DEBUG edu.lu.uni.serval.tbar.AbstractFixer - Test previously failed test cases.
2022-09-14 12:48:08.584 [main] DEBUG edu.lu.uni.serval.tbar.AbstractFixer - Patch Candidate:
@@ -90,7 +90,8 @@ public class ZipUtil {
-		File outFile = new File(destDir, entry.getName());
+		if (destDir == null) destDir = outFile;
+ File outFile = new File(destDir, entry.getName());
2022-09-14 12:48:08.584 [main] DEBUG edu.lu.uni.serval.tbar.AbstractFixer - Compiling
2022-09-14 12:48:09.138 [main] DEBUG edu.lu.uni.serval.tbar.AbstractFixer - BuggyProject ---Fixer: fix fail because of failed compiling! 
2022-09-14 12:48:09.152 [main] DEBUG edu.lu.uni.serval.tbar.AbstractFixer - Patch Candidate:
@@ -90,7 +90,8 @@ public class ZipUtil {
-		File outFile = new File(destDir, entry.getName());
+		if (destDir == null) destDir = new File();
+ File outFile = new File(destDir, entry.getName());
2022-09-14 12:48:09.153 [main] DEBUG edu.lu.uni.serval.tbar.AbstractFixer - Compiling
2022-09-14 12:48:09.727 [main] DEBUG edu.lu.uni.serval.tbar.AbstractFixer - BuggyProject ---Fixer: fix fail because of failed compiling! 
2022-09-14 12:48:09.738 [main] DEBUG edu.lu.uni.serval.tbar.AbstractFixer - Patch Candidate:
@@ -90,7 +90,8 @@ public class ZipUtil {
-		File outFile = new File(destDir, entry.getName());
+		if (entry != null) {
+	File outFile = new File(destDir, entry.getName());
@@ -103,4 +104,6 @@ public class ZipUtil {
+
+	}
2022-09-14 12:48:09.738 [main] DEBUG edu.lu.uni.serval.tbar.AbstractFixer - Compiling
2022-09-14 12:48:10.347 [main] DEBUG edu.lu.uni.serval.tbar.AbstractFixer - Test previously failed test cases.
2022-09-14 12:48:15.398 [main] DEBUG edu.lu.uni.serval.tbar.AbstractFixer - Patch Candidate:
@@ -90,7 +90,10 @@ public class ZipUtil {
-		File outFile = new File(destDir, entry.getName());
+		if (entry == null) {
+	    throw new IllegalArgumentException("Null 'entry' argument.");
+	}
+File outFile = new File(destDir, entry.getName());
2022-09-14 12:48:15.400 [main] DEBUG edu.lu.uni.serval.tbar.AbstractFixer - Compiling
2022-09-14 12:48:15.922 [main] DEBUG edu.lu.uni.serval.tbar.AbstractFixer - Test previously failed test cases.
2022-09-14 12:48:20.792 [main] DEBUG edu.lu.uni.serval.tbar.AbstractFixer - Patch Candidate:
@@ -90,7 +90,10 @@ public class ZipUtil {
-		File outFile = new File(destDir, entry.getName());
+		if (entry == null) {
+	    return;
+	}
+File outFile = new File(destDir, entry.getName());
2022-09-14 12:48:20.793 [main] DEBUG edu.lu.uni.serval.tbar.AbstractFixer - Compiling
2022-09-14 12:48:21.382 [main] DEBUG edu.lu.uni.serval.tbar.AbstractFixer - Test previously failed test cases.
2022-09-14 12:48:26.151 [main] DEBUG edu.lu.uni.serval.tbar.AbstractFixer - Patch Candidate:
@@ -90,7 +90,8 @@ public class ZipUtil {
-		File outFile = new File(destDir, entry.getName());
+		if (entry == null) entry = new ZipEntry();
+ File outFile = new File(destDir, entry.getName());
2022-09-14 12:48:26.151 [main] DEBUG edu.lu.uni.serval.tbar.AbstractFixer - Compiling
2022-09-14 12:48:26.621 [main] DEBUG edu.lu.uni.serval.tbar.AbstractFixer - BuggyProject ---Fixer: fix fail because of failed compiling! 
2022-09-14 12:48:26.633 [main] DEBUG edu.lu.uni.serval.tbar.AbstractFixer - Patch Candidate:
@@ -90,7 +90,10 @@ public class ZipUtil {
-		File outFile = new File(destDir, entry.getName());
+		if (destDir != null && entry != null) {
+	File outFile = new File(destDir, entry.getName());
+	}
+
2022-09-14 12:48:26.633 [main] DEBUG edu.lu.uni.serval.tbar.AbstractFixer - Compiling
2022-09-14 12:48:27.142 [main] DEBUG edu.lu.uni.serval.tbar.AbstractFixer - BuggyProject ---Fixer: fix fail because of failed compiling! 
2022-09-14 12:48:27.197 [main] DEBUG edu.lu.uni.serval.tbar.AbstractFixer - Patch Candidate:
@@ -90,7 +90,7 @@ public class ZipUtil {
-		File outFile = new File(destDir, entry.getName());
+		File outFile = new File(outFile, destDir, entry.getName());
2022-09-14 12:48:27.197 [main] DEBUG edu.lu.uni.serval.tbar.AbstractFixer - Compiling
2022-09-14 12:48:27.720 [main] DEBUG edu.lu.uni.serval.tbar.AbstractFixer - BuggyProject ---Fixer: fix fail because of failed compiling! 
2022-09-14 12:48:27.732 [main] DEBUG edu.lu.uni.serval.tbar.AbstractFixer - Patch Candidate:
@@ -90,7 +90,7 @@ public class ZipUtil {
-		File outFile = new File(destDir, entry.getName());
+		File outFile = new File(zipFile, destDir, entry.getName());
2022-09-14 12:48:27.732 [main] DEBUG edu.lu.uni.serval.tbar.AbstractFixer - Compiling
2022-09-14 12:48:28.225 [main] DEBUG edu.lu.uni.serval.tbar.AbstractFixer - BuggyProject ---Fixer: fix fail because of failed compiling! 
2022-09-14 12:48:28.238 [main] DEBUG edu.lu.uni.serval.tbar.AbstractFixer - Patch Candidate:
@@ -90,7 +90,7 @@ public class ZipUtil {
-		File outFile = new File(destDir, entry.getName());
+		File outFile = new File(entry, destDir, entry.getName());
2022-09-14 12:48:28.238 [main] DEBUG edu.lu.uni.serval.tbar.AbstractFixer - Compiling
2022-09-14 12:48:28.737 [main] DEBUG edu.lu.uni.serval.tbar.AbstractFixer - BuggyProject ---Fixer: fix fail because of failed compiling! 
2022-09-14 12:48:28.747 [main] DEBUG edu.lu.uni.serval.tbar.AbstractFixer - Patch Candidate:
@@ -90,7 +90,7 @@ public class ZipUtil {
-		File outFile = new File(destDir, entry.getName());
+		File outFile = new File(destDir, outFile, entry.getName());
2022-09-14 12:48:28.747 [main] DEBUG edu.lu.uni.serval.tbar.AbstractFixer - Compiling
2022-09-14 12:48:29.248 [main] DEBUG edu.lu.uni.serval.tbar.AbstractFixer - BuggyProject ---Fixer: fix fail because of failed compiling! 
2022-09-14 12:48:29.261 [main] DEBUG edu.lu.uni.serval.tbar.AbstractFixer - Patch Candidate:
@@ -90,7 +90,7 @@ public class ZipUtil {
-		File outFile = new File(destDir, entry.getName());
+		File outFile = new File(destDir, zipFile, entry.getName());
2022-09-14 12:48:29.261 [main] DEBUG edu.lu.uni.serval.tbar.AbstractFixer - Compiling
2022-09-14 12:48:29.813 [main] DEBUG edu.lu.uni.serval.tbar.AbstractFixer - BuggyProject ---Fixer: fix fail because of failed compiling! 
2022-09-14 12:48:29.823 [main] DEBUG edu.lu.uni.serval.tbar.AbstractFixer - Patch Candidate:
@@ -90,7 +90,7 @@ public class ZipUtil {
-		File outFile = new File(destDir, entry.getName());
+		File outFile = new File(destDir, entry, entry.getName());
2022-09-14 12:48:29.823 [main] DEBUG edu.lu.uni.serval.tbar.AbstractFixer - Compiling
2022-09-14 12:48:30.329 [main] DEBUG edu.lu.uni.serval.tbar.AbstractFixer - BuggyProject ---Fixer: fix fail because of failed compiling! 
2022-09-14 12:48:30.340 [main] DEBUG edu.lu.uni.serval.tbar.AbstractFixer - Patch Candidate:
@@ -90,7 +90,7 @@ public class ZipUtil {
-		File outFile = new File(destDir, entry.getName());
+		File outFile = new File(destDir, entry.getName(), outFile);
2022-09-14 12:48:30.340 [main] DEBUG edu.lu.uni.serval.tbar.AbstractFixer - Compiling
2022-09-14 12:48:30.792 [main] DEBUG edu.lu.uni.serval.tbar.AbstractFixer - BuggyProject ---Fixer: fix fail because of failed compiling! 
2022-09-14 12:48:30.803 [main] DEBUG edu.lu.uni.serval.tbar.AbstractFixer - Patch Candidate:
@@ -90,7 +90,7 @@ public class ZipUtil {
-		File outFile = new File(destDir, entry.getName());
+		File outFile = new File(destDir, entry.getName(), zipFile);
2022-09-14 12:48:30.803 [main] DEBUG edu.lu.uni.serval.tbar.AbstractFixer - Compiling
2022-09-14 12:48:31.342 [main] DEBUG edu.lu.uni.serval.tbar.AbstractFixer - BuggyProject ---Fixer: fix fail because of failed compiling! 
2022-09-14 12:48:31.354 [main] DEBUG edu.lu.uni.serval.tbar.AbstractFixer - Patch Candidate:
@@ -90,7 +90,7 @@ public class ZipUtil {
-		File outFile = new File(destDir, entry.getName());
+		File outFile = new File(destDir, entry.getName(), entry);
2022-09-14 12:48:31.354 [main] DEBUG edu.lu.uni.serval.tbar.AbstractFixer - Compiling
2022-09-14 12:48:31.823 [main] DEBUG edu.lu.uni.serval.tbar.AbstractFixer - BuggyProject ---Fixer: fix fail because of failed compiling! 
2022-09-14 12:48:31.832 [main] DEBUG edu.lu.uni.serval.tbar.AbstractFixer - Patch Candidate:
@@ -90,7 +90,7 @@ public class ZipUtil {
-		File outFile = new File(destDir, entry.getName());
+		File outFile = new File(entry.getName());
2022-09-14 12:48:31.832 [main] DEBUG edu.lu.uni.serval.tbar.AbstractFixer - Compiling
2022-09-14 12:48:32.412 [main] DEBUG edu.lu.uni.serval.tbar.AbstractFixer - Test previously failed test cases.
2022-09-14 12:48:37.131 [main] DEBUG edu.lu.uni.serval.tbar.AbstractFixer - Patch Candidate:
@@ -90,7 +90,7 @@ public class ZipUtil {
-		File outFile = new File(destDir, entry.getName());
+		File outFile = new File(destDir);
2022-09-14 12:48:37.132 [main] DEBUG edu.lu.uni.serval.tbar.AbstractFixer - Compiling
2022-09-14 12:48:37.638 [main] DEBUG edu.lu.uni.serval.tbar.AbstractFixer - BuggyProject ---Fixer: fix fail because of failed compiling! 
2022-09-14 12:48:37.673 [main] DEBUG edu.lu.uni.serval.tbar.AbstractFixer - Patch Candidate:
@@ -90,7 +90,7 @@ public class ZipUtil {
-		File outFile = new File(destDir, entry.getName());
+
2022-09-14 12:48:37.674 [main] DEBUG edu.lu.uni.serval.tbar.AbstractFixer - Compiling
2022-09-14 12:48:38.206 [main] DEBUG edu.lu.uni.serval.tbar.AbstractFixer - BuggyProject ---Fixer: fix fail because of failed compiling! 
2022-09-14 12:48:38.214 [main] DEBUG edu.lu.uni.serval.tbar.AbstractFixer - Patch Candidate:
@@ -75,32 +75,5 @@ public class ZipUtil {
-	/**
-	 * Write an entry to a zip file.
-	 *
-	 * @param zipFile
-	 *        the zip file to read from
-	 * @param entry
-	 *        the entry to process
-	 * @param destDir
-	 *        the file to write to
-	 * @throws IOException
-	 *         if the entry could not be processed
-	 */
-	public static void writeEntry(ZipFile zipFile, ZipEntry entry, File destDir)
-		throws IOException
-	{
-		File outFile = new File(destDir, entry.getName());
-
-		if (entry.isDirectory()) {
-			outFile.mkdirs();
-		}
-		else {
-			outFile.getParentFile().mkdirs();
-
-			try (InputStream in = zipFile.getInputStream(entry)) {
-				IOUtil.writeStream(in, outFile);
-			}
-		}
-	}
+
2022-09-14 12:48:38.214 [main] DEBUG edu.lu.uni.serval.tbar.AbstractFixer - Compiling
2022-09-14 12:48:38.636 [main] DEBUG edu.lu.uni.serval.tbar.AbstractFixer - BuggyProject ---Fixer: fix fail because of failed compiling! 
2022-09-14 12:48:38.645 [main] INFO  edu.lu.uni.serval.tbar.TBarFixer - =======StaticBugFixer: Finish off fixing======
Failed to fix bug


Node: ee2bf67284b9



Date: Wed Sep 14 12:48:38 EDT 2022

