cd /workdir/jGenProg_vul4j_apache_commons-compress_VUL4J-6;
export JAVA_TOOL_OPTIONS="-Dfile.encoding=UTF8 -Duser.language=en-US -Duser.country=US -Duser.language=en";
TZ="America/New_York"; export TZ;
export PATH="/usr/lib/jvm/java-8-openjdk-amd64/bin:$PATH";
export JAVA_HOME="/usr/lib/jvm/java-8-openjdk-amd64/bin";
time java -Xmx4g -Xms1g -XX:MaxPermSize=512m -cp /script/../libs/jtestex7.jar:/script/../repair_tools/astor.jar fr.inria.main.evolution.AstorMain \
	-mode jgenprog \
	-location . \
	-id apache_commons-compress-VUL4J-6 \
	-failing org.apache.commons.compress.Test_CVE_2018_1324#testCVE_2018_1324 \
	-jvm4testexecution /usr/lib/jvm/jdk1.7.0_80/bin \
	-jvm4evosuitetestexecution /usr/lib/jvm/jdk1.7.0_80/bin \
	-maxgen 1000000 \
	-maxtime 120 \
	-stopfirst true \
	-seed 0 \
	-scope local \
	-population 1 \
	-javacompliancelevel 7 \
	-faultlocalization perfect \
    -perfectdata /script/../data/benchmarks/vul4j/perfectfl/VUL4J-6 \
    -validation externalcmd \
    -testfailingcmd "mvn test -Dtest=org.apache.commons.compress.Test_CVE_2018_1324 -Dhttps.protocols=TLSv1.2 -Denforcer.skip=true -Dcheckstyle.skip=true -Dcobertura.skip=true -DskipITs=true -Drat.skip=true -Dlicense.skip=true -Dpmd.skip=true -Dfindbugs.skip=true -Dgpg.skip=true -Dskip.npm=true -Dskip.gulp=true -Dskip.bower=true -Danimal.sniffer.skip=true -V -B" \
    -testallcmd "mvn test -Dhttps.protocols=TLSv1.2 -Denforcer.skip=true -Dcheckstyle.skip=true -Dcobertura.skip=true -DskipITs=true -Drat.skip=true -Dlicense.skip=true -Dpmd.skip=true -Dfindbugs.skip=true -Dgpg.skip=true -Dskip.npm=true -Dskip.gulp=true -Dskip.bower=true -Danimal.sniffer.skip=true -V -B"  \ \
	-srcjavafolder src/main/java \
	-srctestfolder src/test/java \
	-binjavafolder target/classes \
	-bintestfolder target/test-classes \
	-parameters x:x \
	-dependencies /root/.m2/repository/org/powermock/powermock-api-support/1.7.0/powermock-api-support-1.7.0.jar:/root/.m2/repository/org/powermock/powermock-core/1.7.0/powermock-core-1.7.0.jar:/root/.m2/repository/org/javassist/javassist/3.21.0-GA/javassist-3.21.0-GA.jar:/root/.m2/repository/org/powermock/powermock-api-mockito-common/1.7.0/powermock-api-mockito-common-1.7.0.jar:/root/.m2/repository/org/objenesis/objenesis/2.6/objenesis-2.6.jar:/root/.m2/repository/org/hamcrest/hamcrest-core/1.3/hamcrest-core-1.3.jar:/root/.m2/repository/org/powermock/powermock-api-mockito/1.7.0/powermock-api-mockito-1.7.0.jar:/root/.m2/repository/org/mockito/mockito-core/1.10.19/mockito-core-1.10.19.jar:/root/.m2/repository/org/tukaani/xz/1.6/xz-1.6.jar:/root/.m2/repository/junit/junit/4.12/junit-4.12.jar:/root/.m2/repository/org/powermock/powermock-module-junit4-common/1.7.0/powermock-module-junit4-common-1.7.0.jar:/root/.m2/repository/com/github/luben/zstd-jni/1.3.1-1/zstd-jni-1.3.1-1.jar:/root/.m2/repository/org/powermock/powermock-reflect/1.7.0/powermock-reflect-1.7.0.jar:/root/.m2/repository/org/powermock/powermock-module-junit4/1.7.0/powermock-module-junit4-1.7.0.jar:/root/.m2/repository/org/brotli/dec/0.1.2/dec-0.1.2.jar;
	echo "\n\nNode: `hostname`\n";
	echo "\n\nDate: `date`\n";
Picked up JAVA_TOOL_OPTIONS: -Dfile.encoding=UTF8 -Duser.language=en-US -Duser.country=US -Duser.language=en
OpenJDK 64-Bit Server VM warning: ignoring option MaxPermSize=512m; support was removed in 8.0
[0] INFO ProjectConfiguration - Version of the JVM used: 1.7.0_80
[0] INFO main - Java version of the JDK used to run tests: 1.7.0_80
[0] INFO main - The compliance of the JVM is:  7
[2] INFO main - command line arguments: [-mode  jgenprog  -location  .  -id  apache_commons-compress-VUL4J-6  -failing  org.apache.commons.compress.Test_CVE_2018_1324#testCVE_2018_1324  -jvm4testexecution  /usr/lib/jvm/jdk1.7.0_80/bin  -jvm4evosuitetestexecution  /usr/lib/jvm/jdk1.7.0_80/bin  -maxgen  1000000  -maxtime  120  -stopfirst  true  -seed  0  -scope  local  -population  1  -javacompliancelevel  7  -faultlocalization  perfect  -perfectdata  /script/../data/benchmarks/vul4j/perfectfl/VUL4J-6  -validation  externalcmd  -testfailingcmd  mvn test -Dtest=org.apache.commons.compress.Test_CVE_2018_1324 -Dhttps.protocols=TLSv1.2 -Denforcer.skip=true -Dcheckstyle.skip=true -Dcobertura.skip=true -DskipITs=true -Drat.skip=true -Dlicense.skip=true -Dpmd.skip=true -Dfindbugs.skip=true -Dgpg.skip=true -Dskip.npm=true -Dskip.gulp=true -Dskip.bower=true -Danimal.sniffer.skip=true -V -B  -testallcmd  mvn test -Dhttps.protocols=TLSv1.2 -Denforcer.skip=true -Dcheckstyle.skip=true -Dcobertura.skip=true -DskipITs=true -Drat.skip=true -Dlicense.skip=true -Dpmd.skip=true -Dfindbugs.skip=true -Dgpg.skip=true -Dskip.npm=true -Dskip.gulp=true -Dskip.bower=true -Danimal.sniffer.skip=true -V -B     -srcjavafolder  src/main/java  -srctestfolder  src/test/java  -binjavafolder  target/classes  -bintestfolder  target/test-classes  -parameters  x:x  -dependencies  /root/.m2/repository/org/powermock/powermock-api-support/1.7.0/powermock-api-support-1.7.0.jar:/root/.m2/repository/org/powermock/powermock-core/1.7.0/powermock-core-1.7.0.jar:/root/.m2/repository/org/javassist/javassist/3.21.0-GA/javassist-3.21.0-GA.jar:/root/.m2/repository/org/powermock/powermock-api-mockito-common/1.7.0/powermock-api-mockito-common-1.7.0.jar:/root/.m2/repository/org/objenesis/objenesis/2.6/objenesis-2.6.jar:/root/.m2/repository/org/hamcrest/hamcrest-core/1.3/hamcrest-core-1.3.jar:/root/.m2/repository/org/powermock/powermock-api-mockito/1.7.0/powermock-api-mockito-1.7.0.jar:/root/.m2/repository/org/mockito/mockito-core/1.10.19/mockito-core-1.10.19.jar:/root/.m2/repository/org/tukaani/xz/1.6/xz-1.6.jar:/root/.m2/repository/junit/junit/4.12/junit-4.12.jar:/root/.m2/repository/org/powermock/powermock-module-junit4-common/1.7.0/powermock-module-junit4-common-1.7.0.jar:/root/.m2/repository/com/github/luben/zstd-jni/1.3.1-1/zstd-jni-1.3.1-1.jar:/root/.m2/repository/org/powermock/powermock-reflect/1.7.0/powermock-reflect-1.7.0.jar:/root/.m2/repository/org/powermock/powermock-module-junit4/1.7.0/powermock-module-junit4-1.7.0.jar:/root/.m2/repository/org/brotli/dec/0.1.2/dec-0.1.2.jar]
[3] INFO AstorMain - Running Astor on a JDK at /usr/lib/jvm/java-8-openjdk-amd64/jre
[7] INFO main - Source folders: [/workdir/jGenProg_vul4j_apache_commons-compress_VUL4J-6/./src/main/java]
[7] INFO main - Source Test folders: [/workdir/jGenProg_vul4j_apache_commons-compress_VUL4J-6/./src/test/java]
[555] INFO AstorCoreEngine - ---- Creating spoon model
[577] INFO MutationSupporter - Creating model,  Code location from working folder: /workdir/jGenProg_vul4j_apache_commons-compress_VUL4J-6/./src/main/java
[577] INFO MutationSupporter - building model: /workdir/jGenProg_vul4j_apache_commons-compress_VUL4J-6/./src/main/java, compliance level: 7
[601] INFO MutationSupporter - Classpath (Dependencies) for building SpoonModel: [/root/.m2/repository/org/powermock/powermock-api-support/1.7.0/powermock-api-support-1.7.0.jar, /root/.m2/repository/org/powermock/powermock-core/1.7.0/powermock-core-1.7.0.jar, /root/.m2/repository/org/javassist/javassist/3.21.0-GA/javassist-3.21.0-GA.jar, /root/.m2/repository/org/powermock/powermock-api-mockito-common/1.7.0/powermock-api-mockito-common-1.7.0.jar, /root/.m2/repository/org/objenesis/objenesis/2.6/objenesis-2.6.jar, /root/.m2/repository/org/hamcrest/hamcrest-core/1.3/hamcrest-core-1.3.jar, /root/.m2/repository/org/powermock/powermock-api-mockito/1.7.0/powermock-api-mockito-1.7.0.jar, /root/.m2/repository/org/mockito/mockito-core/1.10.19/mockito-core-1.10.19.jar, /root/.m2/repository/org/tukaani/xz/1.6/xz-1.6.jar, /root/.m2/repository/junit/junit/4.12/junit-4.12.jar, /root/.m2/repository/org/powermock/powermock-module-junit4-common/1.7.0/powermock-module-junit4-common-1.7.0.jar, /root/.m2/repository/com/github/luben/zstd-jni/1.3.1-1/zstd-jni-1.3.1-1.jar, /root/.m2/repository/org/powermock/powermock-reflect/1.7.0/powermock-reflect-1.7.0.jar, /root/.m2/repository/org/powermock/powermock-module-junit4/1.7.0/powermock-module-junit4-1.7.0.jar, /root/.m2/repository/org/brotli/dec/0.1.2/dec-0.1.2.jar]
[4265] INFO AstorCoreEngine - Number of CtTypes created: 197
[4397] INFO AstorCoreEngine - Test retrieved from classes: 0
[4441] INFO AstorCoreEngine - Setting up the max to 440 milliseconds (0 sec)
[4441] INFO AstorCoreEngine - ---- Initial suspicious size: 1
[4503] INFO main - Total suspicious from FL: 1,  1
[4503] INFO main - Total ModPoint created: 1
[4503] INFO main - Creating program variant #1, [Variant id: 1, #gens: 1, #ops: 0, parent:-]
[4504] INFO main - Run previously failing tests...
[16728] INFO main - Failed tests: 1
[16728] INFO AstorCoreEngine - The original fitness is : 1.0
[17499] WARN ConfigurationProperties - ----------------------------
[17499] INFO ConfigurationProperties - ---Configuration properties
[17500] INFO ConfigurationProperties - p:lastJUnitVersion= ./examples/libs/junit-4.11.jar
[17500] INFO ConfigurationProperties - p:alternativecompliancelevel= 8
[17500] INFO ConfigurationProperties - p:ignoredTestCases= 
[17500] INFO ConfigurationProperties - p:workingDirectory= /workdir/jGenProg_vul4j_apache_commons-compress_VUL4J-6/./output_astor
[17500] INFO ConfigurationProperties - p:manipulatesuper= false
[17500] INFO ConfigurationProperties - p:validation= externalcmd
[17500] INFO ConfigurationProperties - p:jvm4testexecution= /usr/lib/jvm/jdk1.7.0_80/bin
[17500] INFO ConfigurationProperties - p:operatorspace= irr-statements
[17500] INFO ConfigurationProperties - p:diffcontext= 0
[17500] INFO ConfigurationProperties - p:binjavafolder= target/classes
[17500] INFO ConfigurationProperties - p:synthesis_depth= 3
[17500] INFO ConfigurationProperties - p:gzoltartestpackagetoexclude= junit.framework
[17500] INFO ConfigurationProperties - p:skipfitnessinitialpopulation= false
[17500] INFO ConfigurationProperties - p:evosuiteresultfolder= evosuite
[17500] INFO ConfigurationProperties - p:flthreshold= 0.1
[17500] INFO ConfigurationProperties - p:regressionforfaultlocalization= true
[17500] INFO ConfigurationProperties - p:collectonlyusedmethod= false
[17500] INFO ConfigurationProperties - p:preservelinenumbers= true
[17500] INFO ConfigurationProperties - p:tmax2= 440
[17500] INFO ConfigurationProperties - p:tmax1= 10000
[17500] INFO ConfigurationProperties - p:probagenmutation= false
[17500] INFO ConfigurationProperties - p:nomodificationconvergence= 100
[17500] INFO ConfigurationProperties - p:diff_type= relative
[17500] INFO ConfigurationProperties - p:targetelementprocessor= statements
[17500] INFO ConfigurationProperties - p:srctestfolder= src/test/java
[17500] INFO ConfigurationProperties - p:forceExecuteRegression= false
[17500] INFO ConfigurationProperties - p:clusteringfilename= clustering.csv
[17500] INFO ConfigurationProperties - p:failing= org.apache.commons.compress.Test_CVE_2018_1324#testCVE_2018_1324
[17500] INFO ConfigurationProperties - p:logtestexecution= false
[17500] INFO ConfigurationProperties - p:evo_buggy_class= true
[17501] INFO ConfigurationProperties - p:numberExecutions= 1
[17501] INFO ConfigurationProperties - p:maxnumbersolutions= 1000000
[17501] INFO ConfigurationProperties - p:evo_affected_by_op= true
[17501] INFO ConfigurationProperties - p:population= 1
[17501] INFO ConfigurationProperties - p:considerzerovaluesusp= false
[17501] INFO ConfigurationProperties - p:maxCombinationVariableLimit= false
[17501] INFO ConfigurationProperties - p:savesolution= true
[17501] INFO ConfigurationProperties - p:javacompliancelevel= 7
[17501] INFO ConfigurationProperties - p:x= x
[17501] INFO ConfigurationProperties - p:uniqueoptogen= false
[17501] INFO ConfigurationProperties - p:gzoltarpackagetonotinstrument= junit.framework
[17501] INFO ConfigurationProperties - p:projectIdentifier= apache_commons-compress-VUL4J-6
[17501] INFO ConfigurationProperties - p:modificationpointnavigation= weight
[17501] INFO ConfigurationProperties - p:stopfirst= true
[17501] INFO ConfigurationProperties - p:multipointmodification= false
[17501] INFO ConfigurationProperties - p:elementsToMutate= 10
[17501] INFO ConfigurationProperties - p:jsonoutputname= astor_output
[17501] INFO ConfigurationProperties - p:evoDSE= false
[17501] INFO ConfigurationProperties - p:bintestfolder= target/test-classes
[17501] INFO ConfigurationProperties - p:testbystep= false
[17501] INFO ConfigurationProperties - p:version-location= ./math-version/
[17501] INFO ConfigurationProperties - p:reintroduce= PARENTS:ORIGINAL
[17501] INFO ConfigurationProperties - p:perfectdata= /script/../data/benchmarks/vul4j/perfectfl/VUL4J-6
[17501] INFO ConfigurationProperties - p:executorjar= ./lib/jtestex7.jar
[17501] INFO ConfigurationProperties - p:maxGeneration= 1000000
[17501] INFO ConfigurationProperties - p:max_synthesis_step= 10000
[17501] INFO ConfigurationProperties - p:projectinfocommand= com.github.tdurieux:project-config-maven-plugin:info
[17501] INFO ConfigurationProperties - p:maxVarCombination= 1000
[17501] INFO ConfigurationProperties - p:maxtime= 120
[17501] INFO ConfigurationProperties - p:evosuitejar= ./lib/evosuite-master-1.0.4-SNAPSHOT.jar
[17501] INFO ConfigurationProperties - p:jvmversion= 1.7.0_80
[17501] INFO ConfigurationProperties - p:commandTrunk= 50000
[17501] INFO ConfigurationProperties - p:faultlocalization= perfect
[17501] INFO ConfigurationProperties - p:resetmodel= true
[17501] INFO ConfigurationProperties - p:maxsuspcandidates= 1000
[17501] INFO ConfigurationProperties - p:mode= jgenprog
[17501] INFO ConfigurationProperties - p:learningdir= 
[17501] INFO ConfigurationProperties - p:jvm4evosuitetestexecution= /usr/lib/jvm/jdk1.7.0_80/bin
[17501] INFO ConfigurationProperties - p:filterfaultlocalization= true
[17501] INFO ConfigurationProperties - p:mutationrate= 1 
[17501] INFO ConfigurationProperties - p:pathToMVNRepository= 
[17502] INFO ConfigurationProperties - p:resourcesfolder= /src/main/resources:/src/test/resources:
[17502] INFO ConfigurationProperties - p:timezone= America/Los_Angeles
[17502] INFO ConfigurationProperties - p:runjava7code= false
[17502] INFO ConfigurationProperties - p:testfailingcmd= mvn test -Dtest=org.apache.commons.compress.Test_CVE_2018_1324 -Dhttps.protocols=TLSv1.2 -Denforcer.skip=true -Dcheckstyle.skip=true -Dcobertura.skip=true -DskipITs=true -Drat.skip=true -Dlicense.skip=true -Dpmd.skip=true -Dfindbugs.skip=true -Dgpg.skip=true -Dskip.npm=true -Dskip.gulp=true -Dskip.bower=true -Danimal.sniffer.skip=true -V -B
[17502] INFO ConfigurationProperties - p:evoRunOnBuggyClass= true
[17502] INFO ConfigurationProperties - p:compiler= fr.inria.astor.core.manipulation.bytecode.compiler.SpoonClassCompiler
[17502] INFO ConfigurationProperties - p:limitbysuspicious= true
[17502] INFO ConfigurationProperties - p:logsattemps= true
[17502] INFO ConfigurationProperties - p:dependenciespath= /root/.m2/repository/org/powermock/powermock-api-support/1.7.0/powermock-api-support-1.7.0.jar:/root/.m2/repository/org/powermock/powermock-core/1.7.0/powermock-core-1.7.0.jar:/root/.m2/repository/org/javassist/javassist/3.21.0-GA/javassist-3.21.0-GA.jar:/root/.m2/repository/org/powermock/powermock-api-mockito-common/1.7.0/powermock-api-mockito-common-1.7.0.jar:/root/.m2/repository/org/objenesis/objenesis/2.6/objenesis-2.6.jar:/root/.m2/repository/org/hamcrest/hamcrest-core/1.3/hamcrest-core-1.3.jar:/root/.m2/repository/org/powermock/powermock-api-mockito/1.7.0/powermock-api-mockito-1.7.0.jar:/root/.m2/repository/org/mockito/mockito-core/1.10.19/mockito-core-1.10.19.jar:/root/.m2/repository/org/tukaani/xz/1.6/xz-1.6.jar:/root/.m2/repository/junit/junit/4.12/junit-4.12.jar:/root/.m2/repository/org/powermock/powermock-module-junit4-common/1.7.0/powermock-module-junit4-common-1.7.0.jar:/root/.m2/repository/com/github/luben/zstd-jni/1.3.1-1/zstd-jni-1.3.1-1.jar:/root/.m2/repository/org/powermock/powermock-reflect/1.7.0/powermock-reflect-1.7.0.jar:/root/.m2/repository/org/powermock/powermock-module-junit4/1.7.0/powermock-module-junit4-1.7.0.jar:/root/.m2/repository/org/brotli/dec/0.1.2/dec-0.1.2.jar
[17502] INFO ConfigurationProperties - p:packageToInstrument= 
[17502] INFO ConfigurationProperties - p:skipfaultlocalization= false
[17502] INFO ConfigurationProperties - p:scope= local
[17502] INFO ConfigurationProperties - p:transformingredient= false
[17502] INFO ConfigurationProperties - p:fitnessfunction= fr.inria.astor.core.solutionsearch.population.TestCaseFitnessFunction
[17502] INFO ConfigurationProperties - p:maxnumvariablesperingredient= 10
[17502] INFO ConfigurationProperties - p:parsesourcefromoriginal= true
[17502] INFO ConfigurationProperties - p:pvariantfoldername= variant-
[17502] INFO ConfigurationProperties - p:savespoonmodelondisk= false
[17502] INFO ConfigurationProperties - p:srcjavafolder= src/main/java
[17502] INFO ConfigurationProperties - p:populationcontroller= fr.inria.astor.core.solutionsearch.population.TestCaseBasedFitnessPopulationController
[17502] INFO ConfigurationProperties - p:ignoreflakyinfl= false
[17502] INFO ConfigurationProperties - p:cleantemplates= true
[17502] INFO ConfigurationProperties - p:applyCrossover= false
[17502] INFO ConfigurationProperties - p:maxmodificationpoints= 1000
[17502] INFO ConfigurationProperties - p:duplicateingredientsinspace= false
[17502] INFO ConfigurationProperties - p:metid= 0
[17502] INFO ConfigurationProperties - p:continuewhenmodelfail= true
[17502] INFO ConfigurationProperties - p:saveall= false
[17502] INFO ConfigurationProperties - p:seed= 0
[17502] INFO ConfigurationProperties - p:savecompletepatched= true
[17502] INFO ConfigurationProperties - p:resetoperations= false
[17502] INFO ConfigurationProperties - p:keepcomments= false
[17502] INFO ConfigurationProperties - p:processoutputinfile= false
[17502] INFO ConfigurationProperties - p:location= .
[17502] INFO ConfigurationProperties - p:probabilistictransformation= true
[17502] INFO ConfigurationProperties - p:overridemaxtime= true
[17502] INFO ConfigurationProperties - p:outputjsonresult= true
[17502] INFO ConfigurationProperties - p:allpoints= false
[17502] INFO ConfigurationProperties - p:antipattern= false
[17502] INFO ConfigurationProperties - p:bugId= 280
[17502] INFO ConfigurationProperties - p:evosuitetimeout= 120
[17502] INFO ConfigurationProperties - p:maxtimefactor= 10
[17503] INFO ConfigurationProperties - p:nrPlaceholders= 1
[17503] INFO ConfigurationProperties - p:testallcmd= mvn test -Dhttps.protocols=TLSv1.2 -Denforcer.skip=true -Dcheckstyle.skip=true -Dcobertura.skip=true -DskipITs=true -Drat.skip=true -Dlicense.skip=true -Dpmd.skip=true -Dfindbugs.skip=true -Dgpg.skip=true -Dskip.npm=true -Dskip.gulp=true -Dskip.bower=true -Danimal.sniffer.skip=true -V -B
[17503] INFO ConfigurationProperties - p:forcesubprocesskilling= false
[17503] INFO ConfigurationProperties - ----------------------------
[17503] INFO AstorCoreEngine - ----Starting Solution Search
[17503] WARN AstorCoreEngine - ----------Running generation: 1, population size: 1
java.lang.IndexOutOfBoundsException: Index: 0, Size: 0
	at java.util.ArrayList.rangeCheck(ArrayList.java:659)
	at java.util.ArrayList.get(ArrayList.java:435)
	at fr.inria.astor.core.validation.ExternalCmdValidator.validate(ExternalCmdValidator.java:35)
	at fr.inria.astor.core.solutionsearch.AstorCoreEngine.validateInstance(AstorCoreEngine.java:522)
	at fr.inria.astor.core.solutionsearch.AstorCoreEngine.processCreatedVariant(AstorCoreEngine.java:443)
	at fr.inria.astor.core.solutionsearch.EvolutionarySearchEngine.processGenerations(EvolutionarySearchEngine.java:164)
	at fr.inria.astor.core.solutionsearch.EvolutionarySearchEngine.startEvolution(EvolutionarySearchEngine.java:70)
	at fr.inria.main.evolution.AstorMain.run(AstorMain.java:189)
	at fr.inria.main.evolution.AstorMain.execute(AstorMain.java:233)
	at fr.inria.main.evolution.AstorMain.main(AstorMain.java:204)
java.io.FileNotFoundException:  (No such file or directory)
	at java.io.FileOutputStream.open0(Native Method)
	at java.io.FileOutputStream.open(FileOutputStream.java:270)
	at java.io.FileOutputStream.<init>(FileOutputStream.java:213)
	at org.apache.commons.io.FileUtils.openOutputStream(FileUtils.java:360)
	at org.apache.commons.io.FileUtils.writeStringToFile(FileUtils.java:1981)
	at org.apache.commons.io.FileUtils.write(FileUtils.java:2107)
	at org.apache.commons.io.FileUtils.write(FileUtils.java:2076)
	at fr.inria.astor.core.validation.ExternalCmdValidator.validate(ExternalCmdValidator.java:75)
	at fr.inria.astor.core.solutionsearch.AstorCoreEngine.validateInstance(AstorCoreEngine.java:522)
	at fr.inria.astor.core.solutionsearch.AstorCoreEngine.processCreatedVariant(AstorCoreEngine.java:443)
	at fr.inria.astor.core.solutionsearch.EvolutionarySearchEngine.processGenerations(EvolutionarySearchEngine.java:164)
	at fr.inria.astor.core.solutionsearch.EvolutionarySearchEngine.startEvolution(EvolutionarySearchEngine.java:70)
	at fr.inria.main.evolution.AstorMain.run(AstorMain.java:189)
	at fr.inria.main.evolution.AstorMain.execute(AstorMain.java:233)
	at fr.inria.main.evolution.AstorMain.main(AstorMain.java:204)
[18044] WARN AstorCoreEngine - ----------Running generation: 2, population size: 1
[18074] WARN AstorCoreEngine - ----------Running generation: 3, population size: 1
[18218] INFO main - Run previously failing tests...
[33733] INFO main - Failed tests: 0
[33733] INFO main - Run whole testsuite...
[71798] INFO main - Failed tests: 0
[71799] INFO AstorCoreEngine - -Found Solution, child variant #6
[71814] INFO AstorCoreEngine - Time Repair Loop (s): 54.311
[71814] INFO AstorCoreEngine - generationsexecuted: 3
[71814] WARN AstorCoreEngine - ----SUMMARY_EXECUTION---
[71814] WARN AstorCoreEngine - End Repair Search: Found solution
[71814] WARN AstorCoreEngine - Solution stored at: /workdir/jGenProg_vul4j_apache_commons-compress_VUL4J-6/./output_astor/AstorMain-apache_commons-compress-VUL4J-6//src/
[71814] WARN AstorCoreEngine - Number solutions:1
[71814] INFO AstorCoreEngine - f (sol): 0.0, [Variant id: 6 (SOL) , #gens: 1, #ops: 1, parent:5]
[71814] WARN AstorCoreEngine - Number suspicious:1
[71846] INFO AstorCoreEngine - 
 --SOLUTIONS DESCRIPTION--

 ----
ProgramVariant 6
 
time(sec)= 54
operation: ReplaceOp
location= org.apache.commons.compress.archivers.zip.X0017_StrongEncryptionHeader
line= 313
lineSuspiciousness= 1
lineSuspiciousness= 0
original statement= for (int i = 0; i < this.rcount; i++) {
	for (int j = 0; j < this.hashSize; j++) {

	}
}
buggy kind= CtForImpl|CtBlockImpl
fixed statement= for (int j = 0; j < this.hashSize; j++) {

}
Patch kind= CtForImpl|CtBlockImpl
generation= 3
ingredientScope= LOCAL
validation=|true|0|0|[]|
diffpatch=--- /workdir/jGenProg_vul4j_apache_commons-compress_VUL4J-6/src/main/java/org/apache/commons/compress/archivers/zip/X0017_StrongEncryptionHeaderjava
+++ /workdir/jGenProg_vul4j_apache_commons-compress_VUL4J-6/src/main/java/org/apache/commons/compress/archivers/zip/X0017_StrongEncryptionHeaderjava
@@ -54 +53,0 @@
-			for (int i = 0; i < this.rcount; i++) {
@@ -56 +54,0 @@
-				}


diffpatchoriginal=--- /workdir/jGenProg_vul4j_apache_commons-compress_VUL4J-6/src/main/java/org/apache/commons/compress/archivers/zip/X0017_StrongEncryptionHeaderjava
+++ /workdir/jGenProg_vul4j_apache_commons-compress_VUL4J-6/src/main/java/org/apache/commons/compress/archivers/zip/X0017_StrongEncryptionHeaderjava
@@ -313 +313 @@
-			for (int i = 0; i < this.rcount; i++) {
+
@@ -317 +317 @@
-			}
+



[71847] INFO AstorCoreEngine - Generation 1
[71847] INFO AstorCoreEngine - Generation 2
[71847] INFO AstorCoreEngine - Generation 3
Astor Output:

General stats:
EXECUTION_IDENTIFIER=apache_commons-compress-VUL4J-6
TOTAL_TIME=54.311
NR_GENERATIONS=3
NR_RIGHT_COMPILATIONS=2
NR_FAILLING_COMPILATIONS=null
NR_ERRONEOUS_VARIANCES=null
NR_FAILING_VALIDATION_PROCESS=null
OUTPUT_STATUS=STOP_BY_PATCH_FOUND

Patch stats:

Patch 1
VARIANT_ID=6
TIME=54
VALIDATION=|true|0|0|[]|
GENERATION=3
FOLDER_SOLUTION_CODE=/workdir/jGenProg_vul4j_apache_commons-compress_VUL4J-6/./output_astor/AstorMain-apache_commons-compress-VUL4J-6//src//variant-6
--Patch Hunk #1
OPERATOR=ReplaceOp

LOCATION=org.apache.commons.compress.archivers.zip.X0017_StrongEncryptionHeader

PATH=/workdir/jGenProg_vul4j_apache_commons-compress_VUL4J-6/src/main/java/org/apache/commons/compress/archivers/zip/X0017_StrongEncryptionHeader.java

MODIFIED_FILE_PATH=/workdir/jGenProg_vul4j_apache_commons-compress_VUL4J-6/./output_astor/AstorMain-apache_commons-compress-VUL4J-6//src//variant-6/org/apache/commons/compress/archivers/zip/X0017_StrongEncryptionHeader.java

LINE=313

SUSPICIOUNESS=1

MP_RANKING=0

ORIGINAL_CODE=for (int i = 0; i < this.rcount; i++) {
	for (int j = 0; j < this.hashSize; j++) {

	}
}

BUGGY_CODE_TYPE=CtForImpl|CtBlockImpl

PATCH_HUNK_CODE=for (int j = 0; j < this.hashSize; j++) {

}

PATCH_HUNK_TYPE=CtForImpl|CtBlockImpl

INGREDIENT_SCOPE=LOCAL

INGREDIENT_PARENT=for (int j = 0; j < this.hashSize; j++) {

}

PATCH_DIFF_ORIG=--- /workdir/jGenProg_vul4j_apache_commons-compress_VUL4J-6/src/main/java/org/apache/commons/compress/archivers/zip/X0017_StrongEncryptionHeaderjava
+++ /workdir/jGenProg_vul4j_apache_commons-compress_VUL4J-6/src/main/java/org/apache/commons/compress/archivers/zip/X0017_StrongEncryptionHeaderjava
@@ -313 +313 @@
-			for (int i = 0; i < this.rcount; i++) {
+
@@ -317 +317 @@
-			}
+



[71858] INFO Stats - Storing ing JSON at /workdir/jGenProg_vul4j_apache_commons-compress_VUL4J-6/./output_astor/AstorMain-apache_commons-compress-VUL4J-6//astor_output.json
[71858] INFO Stats - astor_output:
{"general":{"NR_RIGHT_COMPILATIONS":2,"NR_ERRONEOUS_VARIANCES":null,"EXECUTION_IDENTIFIER":"apache_commons-compress-VUL4J-6","OUTPUT_STATUS":"STOP_BY_PATCH_FOUND","NR_FAILLING_COMPILATIONS":null,"NR_GENERATIONS":3,"TOTAL_TIME":54.311,"NR_FAILING_VALIDATION_PROCESS":null},"patches":[{"VARIANT_ID":"6","VALIDATION":"|true|0|0|[]|","patchhunks":[{"LOCATION":"org.apache.commons.compress.archivers.zip.X0017_StrongEncryptionHeader","PATH":"\\\/workdir\\\/jGenProg_vul4j_apache_commons-compress_VUL4J-6\\\/src\\\/main\\\/java\\\/org\\\/apache\\\/commons\\\/compress\\\/archivers\\\/zip\\\/X0017_StrongEncryptionHeader.java","INGREDIENT_SCOPE":"LOCAL","SUSPICIOUNESS":"1","INGREDIENT_PARENT":"for (int j = 0; j < this.hashSize; j++) {\\n\\n}","PATCH_HUNK_TYPE":"CtForImpl|CtBlockImpl","ORIGINAL_CODE":"for (int i = 0; i < this.rcount; i++) {\\n\\tfor (int j = 0; j < this.hashSize; j++) {\\n\\n\\t}\\n}","BUGGY_CODE_TYPE":"CtForImpl|CtBlockImpl","OPERATOR":"ReplaceOp","MODIFIED_FILE_PATH":"\\\/workdir\\\/jGenProg_vul4j_apache_commons-compress_VUL4J-6\\\/.\\\/output_astor\\\/AstorMain-apache_commons-compress-VUL4J-6\\\/\\\/src\\\/\\\/variant-6\\\/org\\\/apache\\\/commons\\\/compress\\\/archivers\\\/zip\\\/X0017_StrongEncryptionHeader.java","LINE":"313","MP_RANKING":"0","PATCH_HUNK_CODE":"for (int j = 0; j < this.hashSize; j++) {\\n\\n}"}],"TIME":"54","GENERATION":"3","FOLDER_SOLUTION_CODE":"\\\/workdir\\\/jGenProg_vul4j_apache_commons-compress_VUL4J-6\\\/.\\\/output_astor\\\/AstorMain-apache_commons-compress-VUL4J-6\\\/\\\/src\\\/\\\/variant-6","PATCH_DIFF_ORIG":"--- \\\/workdir\\\/jGenProg_vul4j_apache_commons-compress_VUL4J-6\\\/src\\\/main\\\/java\\\/org\\\/apache\\\/commons\\\/compress\\\/archivers\\\/zip\\\/X0017_StrongEncryptionHeaderjava\\n+++ \\\/workdir\\\/jGenProg_vul4j_apache_commons-compress_VUL4J-6\\\/src\\\/main\\\/java\\\/org\\\/apache\\\/commons\\\/compress\\\/archivers\\\/zip\\\/X0017_StrongEncryptionHeaderjava\\n@@ -313 +313 @@\\n-\\t\\t\\tfor (int i = 0; i < this.rcount; i++) {\\n+\\n@@ -317 +317 @@\\n-\\t\\t\\t}\\n+\\n\\n"}]}
[71858] INFO AstorMain - Time Total(s): 71.854
93.30user 14.79system 1:12.10elapsed 149%CPU (0avgtext+0avgdata 1004256maxresident)k
19312inputs+127968outputs (12major+761838minor)pagefaults 0swaps


Node: 2c8178711f7b



Date: Mon Oct 24 06:06:48 EDT 2022

