cd /workdir/Cardumen_vul4j_OpenRefine_OpenRefine_VUL4J-65;
export JAVA_TOOL_OPTIONS="-Dfile.encoding=UTF8 -Duser.language=en-US -Duser.country=US -Duser.language=en";
TZ="America/New_York"; export TZ;
export PATH="/usr/lib/jvm/java-8-openjdk-amd64/bin:$PATH";
export JAVA_HOME="/usr/lib/jvm/java-8-openjdk-amd64/bin";
time java -Xmx4g -Xms1g -XX:MaxPermSize=512m -cp /script/../libs/jtestex7.jar:/script/../repair_tools/astor.jar fr.inria.main.evolution.AstorMain \
	-mode cardumen \
	-location . \
	-id OpenRefine_OpenRefine-VUL4J-65 \
	-failing com.google.refine.tests.importing.ImportingUtilitiesTests#testZipSlip \
	-jvm4testexecution /usr/lib/jvm/java-8-openjdk-amd64/bin \
	-jvm4evosuitetestexecution /usr/lib/jvm/java-8-openjdk-amd64/bin \
	-maxgen 1000000 \
	-maxtime 120 \
	-stopfirst true \
	-seed 0 \
	-scope local \
	-population 1 \
	-javacompliancelevel 8 \
	-faultlocalization perfect \
    -perfectdata /script/../data/benchmarks/vul4j/perfectfl/VUL4J-65 \
    -validation externalcmd \
    -testfailingcmd "mvn test -pl main -Dtest=com.google.refine.tests.importing.ImportingUtilitiesTests#testZipSlip -Dhttps.protocols=TLSv1.2 -Denforcer.skip=true -Dcheckstyle.skip=true -Dcobertura.skip=true -DskipITs=true -Drat.skip=true -Dlicense.skip=true -Dpmd.skip=true -Dfindbugs.skip=true -Dgpg.skip=true -Dskip.npm=true -Dskip.gulp=true -Dskip.bower=true -Danimal.sniffer.skip=true -V -B" \
    -testallcmd "mvn test -pl main -Dhttps.protocols=TLSv1.2 -Denforcer.skip=true -Dcheckstyle.skip=true -Dcobertura.skip=true -DskipITs=true -Drat.skip=true -Dlicense.skip=true -Dpmd.skip=true -Dfindbugs.skip=true -Dgpg.skip=true -Dskip.npm=true -Dskip.gulp=true -Dskip.bower=true -Danimal.sniffer.skip=true -V -B"  \ \
	-srcjavafolder main/src \
	-srctestfolder main/tests/server/src \
	-binjavafolder main/webapp/WEB-INF/classes \
	-bintestfolder main/target/test-classes \
	-parameters x:x:maxCombinationVariableLimit:true:maxVarCombination:1000:maxCombinationVariableLimit:true:maxVarCombination:1000:maxCombinationVariableLimit:true:maxVarCombination:1000:maxCombinationVariableLimit:true:maxVarCombination:1000:maxCombinationVariableLimit:true:maxVarCombination:1000:maxCombinationVariableLimit:true:maxVarCombination:1000:maxCombinationVariableLimit:true:maxVarCombination:1000:maxCombinationVariableLimit:true:maxVarCombination:1000:maxCombinationVariableLimit:true:maxVarCombination:1000:maxCombinationVariableLimit:true:maxVarCombination:1000:maxCombinationVariableLimit:true:maxVarCombination:1000:maxCombinationVariableLimit:true:maxVarCombination:1000:maxCombinationVariableLimit:true:maxVarCombination:1000:maxCombinationVariableLimit:true:maxVarCombination:1000 \
	-dependencies /root/.m2/repository/stax/stax-api/1.0.1/stax-api-1.0.1.jar:/root/.m2/repository/org/apache/jena/jena-dboe-index/3.6.0/jena-dboe-index-3.6.0.jar:/root/.m2/repository/net/bytebuddy/byte-buddy/1.6.14/byte-buddy-1.6.14.jar:/root/.m2/repository/org/slf4j/jcl-over-slf4j/1.7.25/jcl-over-slf4j-1.7.25.jar:/root/.m2/repository/commons-validator/commons-validator/1.5.1/commons-validator-1.5.1.jar:/root/.m2/repository/edu/mit/simile/vicino/1.1/vicino-1.1.jar:/root/.m2/repository/com/wcohen/secondstring/20100303/secondstring-20100303.jar:/root/.m2/repository/org/powermock/powermock-api-support/1.7.1/powermock-api-support-1.7.1.jar:/root/.m2/repository/org/apache/poi/poi-ooxml/3.8/poi-ooxml-3.8.jar:/root/.m2/repository/org/slf4j/slf4j-log4j12/1.7.18/slf4j-log4j12-1.7.18.jar:/root/.m2/repository/org/apache/httpcomponents/httpcore/4.4.9/httpcore-4.4.9.jar:/root/.m2/repository/com/github/andrewoma/dexx/collection/0.7/collection-0.7.jar:/root/.m2/repository/org/mozilla/rhino/1.7.10/rhino-1.7.10.jar:/root/.m2/repository/org/apache/odftoolkit/taglets/0.8.8-incubating/taglets-0.8.8-incubating.jar:/root/.m2/repository/commons-collections/commons-collections/3.2.2/commons-collections-3.2.2.jar:/root/.m2/repository/org/apache/jena/jena-dboe-base/3.6.0/jena-dboe-base-3.6.0.jar:/root/.m2/repository/oauth/signpost/signpost-core/1.2.1.2/signpost-core-1.2.1.2.jar:/root/.m2/repository/org/apache/commons/commons-lang3/3.6/commons-lang3-3.6.jar:/root/.m2/repository/dom4j/dom4j/1.6.1/dom4j-1.6.1.jar:/root/.m2/repository/org/apache/jena/jena-tdb2/3.6.0/jena-tdb2-3.6.0.jar:/root/.m2/repository/commons-digester/commons-digester/1.8.1/commons-digester-1.8.1.jar:/root/.m2/repository/com/fasterxml/jackson/core/jackson-core/2.9.7/jackson-core-2.9.7.jar:/root/.m2/repository/commons-fileupload/commons-fileupload/1.2.1/commons-fileupload-1.2.1.jar:/root/.m2/repository/commons-beanutils/commons-beanutils/1.8.0/commons-beanutils-1.8.0.jar:/root/.m2/repository/org/apache/xmlbeans/xmlbeans/2.3.0/xmlbeans-2.3.0.jar:/root/.m2/repository/org/apache/jena/jena-core/3.6.0/jena-core-3.6.0.jar:/root/.m2/repository/org/powermock/powermock-api-mockito-common/1.7.1/powermock-api-mockito-common-1.7.1.jar:/root/.m2/repository/org/apache/odftoolkit/odfdom-java/0.8.8-incubating/odfdom-java-0.8.8-incubating.jar:/root/.m2/repository/org/apache/ant/ant-launcher/1.8.0/ant-launcher-1.8.0.jar:/root/.m2/repository/org/javassist/javassist/3.21.0-GA/javassist-3.21.0-GA.jar:/root/.m2/repository/org/apache/ant/ant/1.8.0/ant-1.8.0.jar:/root/.m2/repository/org/mockito/mockito-core/2.8.9/mockito-core-2.8.9.jar:/root/.m2/repository/org/powermock/powermock-module-junit4/1.7.1/powermock-module-junit4-1.7.1.jar:/root/.m2/repository/org/powermock/powermock-module-junit4-common/1.7.1/powermock-module-junit4-common-1.7.1.jar:/root/.m2/repository/commons-codec/commons-codec/1.5/commons-codec-1.5.jar:/root/.m2/repository/oauth/signpost/signpost-commonshttp4/1.2.1.2/signpost-commonshttp4-1.2.1.2.jar:/root/.m2/repository/org/apache/thrift/libthrift/0.10.0/libthrift-0.10.0.jar:/root/.m2/repository/de/fau/cs/osr/utils/utils/3.0.8/utils-3.0.8.jar:/root/.m2/repository/javax/servlet/servlet-api/2.5/servlet-api-2.5.jar:/root/.m2/repository/com/fasterxml/jackson/core/jackson-annotations/2.9.7/jackson-annotations-2.9.7.jar:/root/.m2/repository/com/github/jsonld-java/jsonld-java/0.11.1/jsonld-java-0.11.1.jar:/root/.m2/repository/com/fasterxml/jackson/core/jackson-databind/2.9.7/jackson-databind-2.9.7.jar:/root/.m2/repository/org/beanshell/bsh/2.0b4/bsh-2.0b4.jar:/root/.m2/repository/edu/mit/simile/butterfly/1.0.1/butterfly-1.0.1.jar:/root/.m2/repository/org/powermock/powermock-core/1.7.1/powermock-core-1.7.1.jar:/root/.m2/repository/org/clojure/clojure/1.5.1/clojure-1.5.1.jar:/root/.m2/repository/org/sweble/wikitext/swc-parser-lazy/3.1.7/swc-parser-lazy-3.1.7.jar:/root/.m2/repository/org/apache/jena/jena-arq/3.6.0/jena-arq-3.6.0.jar:/root/.m2/repository/org/testng/testng/6.9.10/testng-6.9.10.jar:/root/.m2/repository/marc4j/marc4j/2.4/marc4j-2.4.jar:/root/.m2/repository/commons-cli/commons-cli/1.4/commons-cli-1.4.jar:/root/.m2/repository/xtc/rats-runtime/1.15.0/rats-runtime-1.15.0.jar:/root/.m2/repository/org/apache/jena/jena-shaded-guava/3.6.0/jena-shaded-guava-3.6.0.jar:/root/.m2/repository/com/colloquial/arithcode/1.1/arithcode-1.1.jar:/root/.m2/repository/commons-io/commons-io/1.4/commons-io-1.4.jar:/root/.m2/repository/org/powermock/powermock-api-mockito2/1.7.1/powermock-api-mockito2-1.7.1.jar:/root/.m2/repository/org/hamcrest/hamcrest-core/1.3/hamcrest-core-1.3.jar:/root/.m2/repository/org/jsoup/jsoup/1.11.3/jsoup-1.11.3.jar:/root/.m2/repository/xerces/xercesImpl/2.9.1/xercesImpl-2.9.1.jar:/root/.m2/repository/org/slf4j/slf4j-api/1.7.18/slf4j-api-1.7.18.jar:/root/.m2/repository/com/beust/jcommander/1.48/jcommander-1.48.jar:/root/.m2/repository/de/fau/cs/osr/ptk/ptk-common/3.0.8/ptk-common-3.0.8.jar:/root/.m2/repository/org/powermock/powermock-reflect/1.7.1/powermock-reflect-1.7.1.jar:/root/.m2/repository/velocity/velocity/1.5/velocity-1.5.jar:/root/.m2/repository/org/apache/poi/poi-ooxml-schemas/3.8/poi-ooxml-schemas-3.8.jar:/root/.m2/repository/net/sf/opencsv/opencsv/2.4-SNAPSHOT/opencsv-2.4-SNAPSHOT.jar:/root/.m2/repository/net/bytebuddy/byte-buddy-agent/1.6.14/byte-buddy-agent-1.6.14.jar:/root/.m2/repository/org/apache/jena/jena-rdfconnection/3.6.0/jena-rdfconnection-3.6.0.jar:/root/.m2/repository/com/google/guava/guava/19.0/guava-19.0.jar:/root/.m2/repository/log4j/log4j/1.2.17/log4j-1.2.17.jar:/root/.m2/repository/com/metaweb/lessen/1.0/lessen-1.0.jar:/root/.m2/repository/commons-lang/commons-lang/2.1/commons-lang-2.1.jar:/root/.m2/repository/org/apache/jena/jena-dboe-trans-data/3.6.0/jena-dboe-trans-data-3.6.0.jar:/root/.m2/repository/org/objenesis/objenesis/2.5/objenesis-2.5.jar:/root/.m2/repository/org/apache/httpcomponents/httpclient/4.5.5/httpclient-4.5.5.jar:/root/.m2/repository/xml-apis/xml-apis/1.0.b2/xml-apis-1.0.b2.jar:/root/.m2/repository/org/apache/httpcomponents/httpclient-cache/4.5.3/httpclient-cache-4.5.3.jar:/root/.m2/repository/org/apache/jena/jena-base/3.6.0/jena-base-3.6.0.jar:/root/.m2/repository/org/apache/jena/jena-dboe-transaction/3.6.0/jena-dboe-transaction-3.6.0.jar:/root/.m2/repository/org/apache/jena/jena-iri/3.6.0/jena-iri-3.6.0.jar:/root/.m2/repository/commons-logging/commons-logging/1.1.1/commons-logging-1.1.1.jar:/root/.m2/repository/org/apache/poi/poi/3.8/poi-3.8.jar:/root/.m2/repository/org/apache/jena/jena-tdb/3.6.0/jena-tdb-3.6.0.jar:/root/.m2/repository/junit/junit/4.12/junit-4.12.jar:/root/.m2/repository/oro/oro/2.0.8/oro-2.0.8.jar:/root/.m2/repository/joda-time/joda-time/2.9.9/joda-time-2.9.9.jar:/root/.m2/repository/org/apache/jena/jena-cmds/3.6.0/jena-cmds-3.6.0.jar:/root/.m2/repository/org/apache/commons/commons-csv/1.5/commons-csv-1.5.jar;
	echo "\n\nNode: `hostname`\n";
	echo "\n\nDate: `date`\n";
Picked up JAVA_TOOL_OPTIONS: -Dfile.encoding=UTF8 -Duser.language=en-US -Duser.country=US -Duser.language=en
OpenJDK 64-Bit Server VM warning: ignoring option MaxPermSize=512m; support was removed in 8.0
[0] INFO ProjectConfiguration - Version of the JVM used: 1.8.0_342
[1] INFO main - Java version of the JDK used to run tests: 1.8.0_342
[1] INFO main - The compliance of the JVM is:  8
[4] INFO main - command line arguments: [-mode  cardumen  -location  .  -id  OpenRefine_OpenRefine-VUL4J-65  -failing  com.google.refine.tests.importing.ImportingUtilitiesTests#testZipSlip  -jvm4testexecution  /usr/lib/jvm/java-8-openjdk-amd64/bin  -jvm4evosuitetestexecution  /usr/lib/jvm/java-8-openjdk-amd64/bin  -maxgen  1000000  -maxtime  120  -stopfirst  true  -seed  0  -scope  local  -population  1  -javacompliancelevel  8  -faultlocalization  perfect  -perfectdata  /script/../data/benchmarks/vul4j/perfectfl/VUL4J-65  -validation  externalcmd  -testfailingcmd  mvn test -pl main -Dtest=com.google.refine.tests.importing.ImportingUtilitiesTests#testZipSlip -Dhttps.protocols=TLSv1.2 -Denforcer.skip=true -Dcheckstyle.skip=true -Dcobertura.skip=true -DskipITs=true -Drat.skip=true -Dlicense.skip=true -Dpmd.skip=true -Dfindbugs.skip=true -Dgpg.skip=true -Dskip.npm=true -Dskip.gulp=true -Dskip.bower=true -Danimal.sniffer.skip=true -V -B  -testallcmd  mvn test -pl main -Dhttps.protocols=TLSv1.2 -Denforcer.skip=true -Dcheckstyle.skip=true -Dcobertura.skip=true -DskipITs=true -Drat.skip=true -Dlicense.skip=true -Dpmd.skip=true -Dfindbugs.skip=true -Dgpg.skip=true -Dskip.npm=true -Dskip.gulp=true -Dskip.bower=true -Danimal.sniffer.skip=true -V -B     -srcjavafolder  main/src  -srctestfolder  main/tests/server/src  -binjavafolder  main/webapp/WEB-INF/classes  -bintestfolder  main/target/test-classes  -parameters  x:x:maxCombinationVariableLimit:true:maxVarCombination:1000:maxCombinationVariableLimit:true:maxVarCombination:1000:maxCombinationVariableLimit:true:maxVarCombination:1000:maxCombinationVariableLimit:true:maxVarCombination:1000:maxCombinationVariableLimit:true:maxVarCombination:1000:maxCombinationVariableLimit:true:maxVarCombination:1000:maxCombinationVariableLimit:true:maxVarCombination:1000:maxCombinationVariableLimit:true:maxVarCombination:1000:maxCombinationVariableLimit:true:maxVarCombination:1000:maxCombinationVariableLimit:true:maxVarCombination:1000:maxCombinationVariableLimit:true:maxVarCombination:1000:maxCombinationVariableLimit:true:maxVarCombination:1000:maxCombinationVariableLimit:true:maxVarCombination:1000:maxCombinationVariableLimit:true:maxVarCombination:1000  -dependencies  /root/.m2/repository/stax/stax-api/1.0.1/stax-api-1.0.1.jar:/root/.m2/repository/org/apache/jena/jena-dboe-index/3.6.0/jena-dboe-index-3.6.0.jar:/root/.m2/repository/net/bytebuddy/byte-buddy/1.6.14/byte-buddy-1.6.14.jar:/root/.m2/repository/org/slf4j/jcl-over-slf4j/1.7.25/jcl-over-slf4j-1.7.25.jar:/root/.m2/repository/commons-validator/commons-validator/1.5.1/commons-validator-1.5.1.jar:/root/.m2/repository/edu/mit/simile/vicino/1.1/vicino-1.1.jar:/root/.m2/repository/com/wcohen/secondstring/20100303/secondstring-20100303.jar:/root/.m2/repository/org/powermock/powermock-api-support/1.7.1/powermock-api-support-1.7.1.jar:/root/.m2/repository/org/apache/poi/poi-ooxml/3.8/poi-ooxml-3.8.jar:/root/.m2/repository/org/slf4j/slf4j-log4j12/1.7.18/slf4j-log4j12-1.7.18.jar:/root/.m2/repository/org/apache/httpcomponents/httpcore/4.4.9/httpcore-4.4.9.jar:/root/.m2/repository/com/github/andrewoma/dexx/collection/0.7/collection-0.7.jar:/root/.m2/repository/org/mozilla/rhino/1.7.10/rhino-1.7.10.jar:/root/.m2/repository/org/apache/odftoolkit/taglets/0.8.8-incubating/taglets-0.8.8-incubating.jar:/root/.m2/repository/commons-collections/commons-collections/3.2.2/commons-collections-3.2.2.jar:/root/.m2/repository/org/apache/jena/jena-dboe-base/3.6.0/jena-dboe-base-3.6.0.jar:/root/.m2/repository/oauth/signpost/signpost-core/1.2.1.2/signpost-core-1.2.1.2.jar:/root/.m2/repository/org/apache/commons/commons-lang3/3.6/commons-lang3-3.6.jar:/root/.m2/repository/dom4j/dom4j/1.6.1/dom4j-1.6.1.jar:/root/.m2/repository/org/apache/jena/jena-tdb2/3.6.0/jena-tdb2-3.6.0.jar:/root/.m2/repository/commons-digester/commons-digester/1.8.1/commons-digester-1.8.1.jar:/root/.m2/repository/com/fasterxml/jackson/core/jackson-core/2.9.7/jackson-core-2.9.7.jar:/root/.m2/repository/commons-fileupload/commons-fileupload/1.2.1/commons-fileupload-1.2.1.jar:/root/.m2/repository/commons-beanutils/commons-beanutils/1.8.0/commons-beanutils-1.8.0.jar:/root/.m2/repository/org/apache/xmlbeans/xmlbeans/2.3.0/xmlbeans-2.3.0.jar:/root/.m2/repository/org/apache/jena/jena-core/3.6.0/jena-core-3.6.0.jar:/root/.m2/repository/org/powermock/powermock-api-mockito-common/1.7.1/powermock-api-mockito-common-1.7.1.jar:/root/.m2/repository/org/apache/odftoolkit/odfdom-java/0.8.8-incubating/odfdom-java-0.8.8-incubating.jar:/root/.m2/repository/org/apache/ant/ant-launcher/1.8.0/ant-launcher-1.8.0.jar:/root/.m2/repository/org/javassist/javassist/3.21.0-GA/javassist-3.21.0-GA.jar:/root/.m2/repository/org/apache/ant/ant/1.8.0/ant-1.8.0.jar:/root/.m2/repository/org/mockito/mockito-core/2.8.9/mockito-core-2.8.9.jar:/root/.m2/repository/org/powermock/powermock-module-junit4/1.7.1/powermock-module-junit4-1.7.1.jar:/root/.m2/repository/org/powermock/powermock-module-junit4-common/1.7.1/powermock-module-junit4-common-1.7.1.jar:/root/.m2/repository/commons-codec/commons-codec/1.5/commons-codec-1.5.jar:/root/.m2/repository/oauth/signpost/signpost-commonshttp4/1.2.1.2/signpost-commonshttp4-1.2.1.2.jar:/root/.m2/repository/org/apache/thrift/libthrift/0.10.0/libthrift-0.10.0.jar:/root/.m2/repository/de/fau/cs/osr/utils/utils/3.0.8/utils-3.0.8.jar:/root/.m2/repository/javax/servlet/servlet-api/2.5/servlet-api-2.5.jar:/root/.m2/repository/com/fasterxml/jackson/core/jackson-annotations/2.9.7/jackson-annotations-2.9.7.jar:/root/.m2/repository/com/github/jsonld-java/jsonld-java/0.11.1/jsonld-java-0.11.1.jar:/root/.m2/repository/com/fasterxml/jackson/core/jackson-databind/2.9.7/jackson-databind-2.9.7.jar:/root/.m2/repository/org/beanshell/bsh/2.0b4/bsh-2.0b4.jar:/root/.m2/repository/edu/mit/simile/butterfly/1.0.1/butterfly-1.0.1.jar:/root/.m2/repository/org/powermock/powermock-core/1.7.1/powermock-core-1.7.1.jar:/root/.m2/repository/org/clojure/clojure/1.5.1/clojure-1.5.1.jar:/root/.m2/repository/org/sweble/wikitext/swc-parser-lazy/3.1.7/swc-parser-lazy-3.1.7.jar:/root/.m2/repository/org/apache/jena/jena-arq/3.6.0/jena-arq-3.6.0.jar:/root/.m2/repository/org/testng/testng/6.9.10/testng-6.9.10.jar:/root/.m2/repository/marc4j/marc4j/2.4/marc4j-2.4.jar:/root/.m2/repository/commons-cli/commons-cli/1.4/commons-cli-1.4.jar:/root/.m2/repository/xtc/rats-runtime/1.15.0/rats-runtime-1.15.0.jar:/root/.m2/repository/org/apache/jena/jena-shaded-guava/3.6.0/jena-shaded-guava-3.6.0.jar:/root/.m2/repository/com/colloquial/arithcode/1.1/arithcode-1.1.jar:/root/.m2/repository/commons-io/commons-io/1.4/commons-io-1.4.jar:/root/.m2/repository/org/powermock/powermock-api-mockito2/1.7.1/powermock-api-mockito2-1.7.1.jar:/root/.m2/repository/org/hamcrest/hamcrest-core/1.3/hamcrest-core-1.3.jar:/root/.m2/repository/org/jsoup/jsoup/1.11.3/jsoup-1.11.3.jar:/root/.m2/repository/xerces/xercesImpl/2.9.1/xercesImpl-2.9.1.jar:/root/.m2/repository/org/slf4j/slf4j-api/1.7.18/slf4j-api-1.7.18.jar:/root/.m2/repository/com/beust/jcommander/1.48/jcommander-1.48.jar:/root/.m2/repository/de/fau/cs/osr/ptk/ptk-common/3.0.8/ptk-common-3.0.8.jar:/root/.m2/repository/org/powermock/powermock-reflect/1.7.1/powermock-reflect-1.7.1.jar:/root/.m2/repository/velocity/velocity/1.5/velocity-1.5.jar:/root/.m2/repository/org/apache/poi/poi-ooxml-schemas/3.8/poi-ooxml-schemas-3.8.jar:/root/.m2/repository/net/sf/opencsv/opencsv/2.4-SNAPSHOT/opencsv-2.4-SNAPSHOT.jar:/root/.m2/repository/net/bytebuddy/byte-buddy-agent/1.6.14/byte-buddy-agent-1.6.14.jar:/root/.m2/repository/org/apache/jena/jena-rdfconnection/3.6.0/jena-rdfconnection-3.6.0.jar:/root/.m2/repository/com/google/guava/guava/19.0/guava-19.0.jar:/root/.m2/repository/log4j/log4j/1.2.17/log4j-1.2.17.jar:/root/.m2/repository/com/metaweb/lessen/1.0/lessen-1.0.jar:/root/.m2/repository/commons-lang/commons-lang/2.1/commons-lang-2.1.jar:/root/.m2/repository/org/apache/jena/jena-dboe-trans-data/3.6.0/jena-dboe-trans-data-3.6.0.jar:/root/.m2/repository/org/objenesis/objenesis/2.5/objenesis-2.5.jar:/root/.m2/repository/org/apache/httpcomponents/httpclient/4.5.5/httpclient-4.5.5.jar:/root/.m2/repository/xml-apis/xml-apis/1.0.b2/xml-apis-1.0.b2.jar:/root/.m2/repository/org/apache/httpcomponents/httpclient-cache/4.5.3/httpclient-cache-4.5.3.jar:/root/.m2/repository/org/apache/jena/jena-base/3.6.0/jena-base-3.6.0.jar:/root/.m2/repository/org/apache/jena/jena-dboe-transaction/3.6.0/jena-dboe-transaction-3.6.0.jar:/root/.m2/repository/org/apache/jena/jena-iri/3.6.0/jena-iri-3.6.0.jar:/root/.m2/repository/commons-logging/commons-logging/1.1.1/commons-logging-1.1.1.jar:/root/.m2/repository/org/apache/poi/poi/3.8/poi-3.8.jar:/root/.m2/repository/org/apache/jena/jena-tdb/3.6.0/jena-tdb-3.6.0.jar:/root/.m2/repository/junit/junit/4.12/junit-4.12.jar:/root/.m2/repository/oro/oro/2.0.8/oro-2.0.8.jar:/root/.m2/repository/joda-time/joda-time/2.9.9/joda-time-2.9.9.jar:/root/.m2/repository/org/apache/jena/jena-cmds/3.6.0/jena-cmds-3.6.0.jar:/root/.m2/repository/org/apache/commons/commons-csv/1.5/commons-csv-1.5.jar]
[6] INFO AstorMain - Running Astor on a JDK at /usr/lib/jvm/java-8-openjdk-amd64/jre
[13] INFO main - Source folders: [/workdir/Cardumen_vul4j_OpenRefine_OpenRefine_VUL4J-65/./main/src]
[13] INFO main - Source Test folders: [/workdir/Cardumen_vul4j_OpenRefine_OpenRefine_VUL4J-65/./main/tests/server/src]
[1592] INFO AstorCoreEngine - ---- Creating spoon model
[1627] INFO MutationSupporter - Creating model,  Code location from working folder: /workdir/Cardumen_vul4j_OpenRefine_OpenRefine_VUL4J-65/./main/src
[1627] INFO MutationSupporter - building model: /workdir/Cardumen_vul4j_OpenRefine_OpenRefine_VUL4J-65/./main/src, compliance level: 8
[1735] INFO MutationSupporter - Classpath (Dependencies) for building SpoonModel: [/root/.m2/repository/stax/stax-api/1.0.1/stax-api-1.0.1.jar, /root/.m2/repository/org/apache/jena/jena-dboe-index/3.6.0/jena-dboe-index-3.6.0.jar, /root/.m2/repository/net/bytebuddy/byte-buddy/1.6.14/byte-buddy-1.6.14.jar, /root/.m2/repository/org/slf4j/jcl-over-slf4j/1.7.25/jcl-over-slf4j-1.7.25.jar, /root/.m2/repository/commons-validator/commons-validator/1.5.1/commons-validator-1.5.1.jar, /root/.m2/repository/edu/mit/simile/vicino/1.1/vicino-1.1.jar, /root/.m2/repository/com/wcohen/secondstring/20100303/secondstring-20100303.jar, /root/.m2/repository/org/powermock/powermock-api-support/1.7.1/powermock-api-support-1.7.1.jar, /root/.m2/repository/org/apache/poi/poi-ooxml/3.8/poi-ooxml-3.8.jar, /root/.m2/repository/org/slf4j/slf4j-log4j12/1.7.18/slf4j-log4j12-1.7.18.jar, /root/.m2/repository/org/apache/httpcomponents/httpcore/4.4.9/httpcore-4.4.9.jar, /root/.m2/repository/com/github/andrewoma/dexx/collection/0.7/collection-0.7.jar, /root/.m2/repository/org/mozilla/rhino/1.7.10/rhino-1.7.10.jar, /root/.m2/repository/org/apache/odftoolkit/taglets/0.8.8-incubating/taglets-0.8.8-incubating.jar, /root/.m2/repository/commons-collections/commons-collections/3.2.2/commons-collections-3.2.2.jar, /root/.m2/repository/org/apache/jena/jena-dboe-base/3.6.0/jena-dboe-base-3.6.0.jar, /root/.m2/repository/oauth/signpost/signpost-core/1.2.1.2/signpost-core-1.2.1.2.jar, /root/.m2/repository/org/apache/commons/commons-lang3/3.6/commons-lang3-3.6.jar, /root/.m2/repository/dom4j/dom4j/1.6.1/dom4j-1.6.1.jar, /root/.m2/repository/org/apache/jena/jena-tdb2/3.6.0/jena-tdb2-3.6.0.jar, /root/.m2/repository/commons-digester/commons-digester/1.8.1/commons-digester-1.8.1.jar, /root/.m2/repository/com/fasterxml/jackson/core/jackson-core/2.9.7/jackson-core-2.9.7.jar, /root/.m2/repository/commons-fileupload/commons-fileupload/1.2.1/commons-fileupload-1.2.1.jar, /root/.m2/repository/commons-beanutils/commons-beanutils/1.8.0/commons-beanutils-1.8.0.jar, /root/.m2/repository/org/apache/xmlbeans/xmlbeans/2.3.0/xmlbeans-2.3.0.jar, /root/.m2/repository/org/apache/jena/jena-core/3.6.0/jena-core-3.6.0.jar, /root/.m2/repository/org/powermock/powermock-api-mockito-common/1.7.1/powermock-api-mockito-common-1.7.1.jar, /root/.m2/repository/org/apache/odftoolkit/odfdom-java/0.8.8-incubating/odfdom-java-0.8.8-incubating.jar, /root/.m2/repository/org/apache/ant/ant-launcher/1.8.0/ant-launcher-1.8.0.jar, /root/.m2/repository/org/javassist/javassist/3.21.0-GA/javassist-3.21.0-GA.jar, /root/.m2/repository/org/apache/ant/ant/1.8.0/ant-1.8.0.jar, /root/.m2/repository/org/mockito/mockito-core/2.8.9/mockito-core-2.8.9.jar, /root/.m2/repository/org/powermock/powermock-module-junit4/1.7.1/powermock-module-junit4-1.7.1.jar, /root/.m2/repository/org/powermock/powermock-module-junit4-common/1.7.1/powermock-module-junit4-common-1.7.1.jar, /root/.m2/repository/commons-codec/commons-codec/1.5/commons-codec-1.5.jar, /root/.m2/repository/oauth/signpost/signpost-commonshttp4/1.2.1.2/signpost-commonshttp4-1.2.1.2.jar, /root/.m2/repository/org/apache/thrift/libthrift/0.10.0/libthrift-0.10.0.jar, /root/.m2/repository/de/fau/cs/osr/utils/utils/3.0.8/utils-3.0.8.jar, /root/.m2/repository/javax/servlet/servlet-api/2.5/servlet-api-2.5.jar, /root/.m2/repository/com/fasterxml/jackson/core/jackson-annotations/2.9.7/jackson-annotations-2.9.7.jar, /root/.m2/repository/com/github/jsonld-java/jsonld-java/0.11.1/jsonld-java-0.11.1.jar, /root/.m2/repository/com/fasterxml/jackson/core/jackson-databind/2.9.7/jackson-databind-2.9.7.jar, /root/.m2/repository/org/beanshell/bsh/2.0b4/bsh-2.0b4.jar, /root/.m2/repository/edu/mit/simile/butterfly/1.0.1/butterfly-1.0.1.jar, /root/.m2/repository/org/powermock/powermock-core/1.7.1/powermock-core-1.7.1.jar, /root/.m2/repository/org/clojure/clojure/1.5.1/clojure-1.5.1.jar, /root/.m2/repository/org/sweble/wikitext/swc-parser-lazy/3.1.7/swc-parser-lazy-3.1.7.jar, /root/.m2/repository/org/apache/jena/jena-arq/3.6.0/jena-arq-3.6.0.jar, /root/.m2/repository/org/testng/testng/6.9.10/testng-6.9.10.jar, /root/.m2/repository/marc4j/marc4j/2.4/marc4j-2.4.jar, /root/.m2/repository/commons-cli/commons-cli/1.4/commons-cli-1.4.jar, /root/.m2/repository/xtc/rats-runtime/1.15.0/rats-runtime-1.15.0.jar, /root/.m2/repository/org/apache/jena/jena-shaded-guava/3.6.0/jena-shaded-guava-3.6.0.jar, /root/.m2/repository/com/colloquial/arithcode/1.1/arithcode-1.1.jar, /root/.m2/repository/commons-io/commons-io/1.4/commons-io-1.4.jar, /root/.m2/repository/org/powermock/powermock-api-mockito2/1.7.1/powermock-api-mockito2-1.7.1.jar, /root/.m2/repository/org/hamcrest/hamcrest-core/1.3/hamcrest-core-1.3.jar, /root/.m2/repository/org/jsoup/jsoup/1.11.3/jsoup-1.11.3.jar, /root/.m2/repository/xerces/xercesImpl/2.9.1/xercesImpl-2.9.1.jar, /root/.m2/repository/org/slf4j/slf4j-api/1.7.18/slf4j-api-1.7.18.jar, /root/.m2/repository/com/beust/jcommander/1.48/jcommander-1.48.jar, /root/.m2/repository/de/fau/cs/osr/ptk/ptk-common/3.0.8/ptk-common-3.0.8.jar, /root/.m2/repository/org/powermock/powermock-reflect/1.7.1/powermock-reflect-1.7.1.jar, /root/.m2/repository/velocity/velocity/1.5/velocity-1.5.jar, /root/.m2/repository/org/apache/poi/poi-ooxml-schemas/3.8/poi-ooxml-schemas-3.8.jar, /root/.m2/repository/net/sf/opencsv/opencsv/2.4-SNAPSHOT/opencsv-2.4-SNAPSHOT.jar, /root/.m2/repository/net/bytebuddy/byte-buddy-agent/1.6.14/byte-buddy-agent-1.6.14.jar, /root/.m2/repository/org/apache/jena/jena-rdfconnection/3.6.0/jena-rdfconnection-3.6.0.jar, /root/.m2/repository/com/google/guava/guava/19.0/guava-19.0.jar, /root/.m2/repository/log4j/log4j/1.2.17/log4j-1.2.17.jar, /root/.m2/repository/com/metaweb/lessen/1.0/lessen-1.0.jar, /root/.m2/repository/commons-lang/commons-lang/2.1/commons-lang-2.1.jar, /root/.m2/repository/org/apache/jena/jena-dboe-trans-data/3.6.0/jena-dboe-trans-data-3.6.0.jar, /root/.m2/repository/org/objenesis/objenesis/2.5/objenesis-2.5.jar, /root/.m2/repository/org/apache/httpcomponents/httpclient/4.5.5/httpclient-4.5.5.jar, /root/.m2/repository/xml-apis/xml-apis/1.0.b2/xml-apis-1.0.b2.jar, /root/.m2/repository/org/apache/httpcomponents/httpclient-cache/4.5.3/httpclient-cache-4.5.3.jar, /root/.m2/repository/org/apache/jena/jena-base/3.6.0/jena-base-3.6.0.jar, /root/.m2/repository/org/apache/jena/jena-dboe-transaction/3.6.0/jena-dboe-transaction-3.6.0.jar, /root/.m2/repository/org/apache/jena/jena-iri/3.6.0/jena-iri-3.6.0.jar, /root/.m2/repository/commons-logging/commons-logging/1.1.1/commons-logging-1.1.1.jar, /root/.m2/repository/org/apache/poi/poi/3.8/poi-3.8.jar, /root/.m2/repository/org/apache/jena/jena-tdb/3.6.0/jena-tdb-3.6.0.jar, /root/.m2/repository/junit/junit/4.12/junit-4.12.jar, /root/.m2/repository/oro/oro/2.0.8/oro-2.0.8.jar, /root/.m2/repository/joda-time/joda-time/2.9.9/joda-time-2.9.9.jar, /root/.m2/repository/org/apache/jena/jena-cmds/3.6.0/jena-cmds-3.6.0.jar, /root/.m2/repository/org/apache/commons/commons-csv/1.5/commons-csv-1.5.jar]
[9855] INFO AstorCoreEngine - Number of CtTypes created: 466
[10134] INFO AstorCoreEngine - Test retrieved from classes: 0
[10182] INFO AstorCoreEngine - Setting up the max to 480 milliseconds (0 sec)
[10182] INFO AstorCoreEngine - ---- Initial suspicious size: 1
[10184] INFO main -  Not ctClass for suspicious code Candidate [className=main.src.com.google.refine.importing.ImportingUtilities, methodName=null, lineNumber=443, susp=1.0]
[10184] INFO main - Total suspicious from FL: 1,  0
[10184] INFO main - Total ModPoint created: 0
[10184] INFO main - Creating program variant #1, [Variant id: 1, #gens: 0, #ops: 0, parent:-]
[10185] ERROR AstorCoreEngine - [warning] Any modification point in variant
[10185] ERROR AstorCoreEngine - Variant with any gen
[10192] INFO ExpressionTypeIngredientSpace - Ingredient search space info : number keys 0 , number values 0 
[10192] WARN ConfigurationProperties - ----------------------------
[10192] INFO ConfigurationProperties - ---Configuration properties
[10192] INFO ConfigurationProperties - p:lastJUnitVersion= ./examples/libs/junit-4.11.jar
[10192] INFO ConfigurationProperties - p:alternativecompliancelevel= 8
[10192] INFO ConfigurationProperties - p:ignoredTestCases= 
[10192] INFO ConfigurationProperties - p:workingDirectory= /workdir/Cardumen_vul4j_OpenRefine_OpenRefine_VUL4J-65/./output_astor
[10192] INFO ConfigurationProperties - p:manipulatesuper= false
[10192] INFO ConfigurationProperties - p:validation= externalcmd
[10193] INFO ConfigurationProperties - p:jvm4testexecution= /usr/lib/jvm/java-8-openjdk-amd64/bin
[10193] INFO ConfigurationProperties - p:operatorspace= r-expression
[10193] INFO ConfigurationProperties - p:diffcontext= 0
[10193] INFO ConfigurationProperties - p:binjavafolder= main/webapp/WEB-INF/classes
[10193] INFO ConfigurationProperties - p:synthesis_depth= 3
[10193] INFO ConfigurationProperties - p:gzoltartestpackagetoexclude= junit.framework
[10193] INFO ConfigurationProperties - p:skipfitnessinitialpopulation= false
[10193] INFO ConfigurationProperties - p:evosuiteresultfolder= evosuite
[10193] INFO ConfigurationProperties - p:flthreshold= 0.1
[10193] INFO ConfigurationProperties - p:regressionforfaultlocalization= true
[10193] INFO ConfigurationProperties - p:collectonlyusedmethod= false
[10193] INFO ConfigurationProperties - p:preservelinenumbers= true
[10193] INFO ConfigurationProperties - p:tmax2= 480
[10193] INFO ConfigurationProperties - p:ingredienttransformstrategy= name-probability-based
[10193] INFO ConfigurationProperties - p:tmax1= 10000
[10193] INFO ConfigurationProperties - p:probagenmutation= false
[10193] INFO ConfigurationProperties - p:nomodificationconvergence= 100
[10193] INFO ConfigurationProperties - p:diff_type= relative
[10193] INFO ConfigurationProperties - p:targetelementprocessor= expression
[10193] INFO ConfigurationProperties - p:srctestfolder= main/tests/server/src
[10194] INFO ConfigurationProperties - p:forceExecuteRegression= false
[10194] INFO ConfigurationProperties - p:clusteringfilename= clustering.csv
[10194] INFO ConfigurationProperties - p:failing= com.google.refine.tests.importing.ImportingUtilitiesTests#testZipSlip
[10194] INFO ConfigurationProperties - p:logtestexecution= false
[10194] INFO ConfigurationProperties - p:evo_buggy_class= true
[10194] INFO ConfigurationProperties - p:numberExecutions= 1
[10194] INFO ConfigurationProperties - p:maxnumbersolutions= 1000000
[10194] INFO ConfigurationProperties - p:evo_affected_by_op= true
[10194] INFO ConfigurationProperties - p:population= 1
[10194] INFO ConfigurationProperties - p:considerzerovaluesusp= false
[10194] INFO ConfigurationProperties - p:maxCombinationVariableLimit= true
[10194] INFO ConfigurationProperties - p:savesolution= true
[10194] INFO ConfigurationProperties - p:javacompliancelevel= 8
[10194] INFO ConfigurationProperties - p:x= x
[10194] INFO ConfigurationProperties - p:uniqueoptogen= false
[10194] INFO ConfigurationProperties - p:gzoltarpackagetonotinstrument= junit.framework
[10194] INFO ConfigurationProperties - p:projectIdentifier= OpenRefine_OpenRefine-VUL4J-65
[10194] INFO ConfigurationProperties - p:modificationpointnavigation= weight
[10194] INFO ConfigurationProperties - p:stopfirst= true
[10194] INFO ConfigurationProperties - p:multipointmodification= false
[10194] INFO ConfigurationProperties - p:elementsToMutate= 10
[10195] INFO ConfigurationProperties - p:jsonoutputname= astor_output
[10195] INFO ConfigurationProperties - p:evoDSE= false
[10195] INFO ConfigurationProperties - p:bintestfolder= main/target/test-classes
[10195] INFO ConfigurationProperties - p:testbystep= false
[10195] INFO ConfigurationProperties - p:version-location= ./math-version/
[10195] INFO ConfigurationProperties - p:reintroduce= PARENTS:ORIGINAL
[10195] INFO ConfigurationProperties - p:perfectdata= /script/../data/benchmarks/vul4j/perfectfl/VUL4J-65
[10195] INFO ConfigurationProperties - p:executorjar= ./lib/jtestex7.jar
[10195] INFO ConfigurationProperties - p:maxGeneration= 1000000
[10195] INFO ConfigurationProperties - p:max_synthesis_step= 10000
[10195] INFO ConfigurationProperties - p:projectinfocommand= com.github.tdurieux:project-config-maven-plugin:info
[10195] INFO ConfigurationProperties - p:maxVarCombination= 1000
[10195] INFO ConfigurationProperties - p:maxtime= 120
[10195] INFO ConfigurationProperties - p:evosuitejar= ./lib/evosuite-master-1.0.4-SNAPSHOT.jar
[10195] INFO ConfigurationProperties - p:jvmversion= 1.8.0_342
[10195] INFO ConfigurationProperties - p:commandTrunk= 50000
[10195] INFO ConfigurationProperties - p:faultlocalization= perfect
[10195] INFO ConfigurationProperties - p:resetmodel= true
[10195] INFO ConfigurationProperties - p:maxsuspcandidates= 1000
[10195] INFO ConfigurationProperties - p:mode= cardumen
[10195] INFO ConfigurationProperties - p:learningdir= 
[10195] INFO ConfigurationProperties - p:jvm4evosuitetestexecution= /usr/lib/jvm/java-8-openjdk-amd64/bin
[10196] INFO ConfigurationProperties - p:filterfaultlocalization= true
[10196] INFO ConfigurationProperties - p:mutationrate= 1 
[10196] INFO ConfigurationProperties - p:pathToMVNRepository= 
[10196] INFO ConfigurationProperties - p:resourcesfolder= /src/main/resources:/src/test/resources:
[10196] INFO ConfigurationProperties - p:timezone= America/Los_Angeles
[10196] INFO ConfigurationProperties - p:runjava7code= false
[10196] INFO ConfigurationProperties - p:testfailingcmd= mvn test -pl main -Dtest=com.google.refine.tests.importing.ImportingUtilitiesTests#testZipSlip -Dhttps.protocols=TLSv1.2 -Denforcer.skip=true -Dcheckstyle.skip=true -Dcobertura.skip=true -DskipITs=true -Drat.skip=true -Dlicense.skip=true -Dpmd.skip=true -Dfindbugs.skip=true -Dgpg.skip=true -Dskip.npm=true -Dskip.gulp=true -Dskip.bower=true -Danimal.sniffer.skip=true -V -B
[10196] INFO ConfigurationProperties - p:evoRunOnBuggyClass= true
[10196] INFO ConfigurationProperties - p:compiler= fr.inria.astor.core.manipulation.bytecode.compiler.SpoonClassCompiler
[10196] INFO ConfigurationProperties - p:limitbysuspicious= true
[10196] INFO ConfigurationProperties - p:logsattemps= true
[10196] INFO ConfigurationProperties - p:dependenciespath= /root/.m2/repository/stax/stax-api/1.0.1/stax-api-1.0.1.jar:/root/.m2/repository/org/apache/jena/jena-dboe-index/3.6.0/jena-dboe-index-3.6.0.jar:/root/.m2/repository/net/bytebuddy/byte-buddy/1.6.14/byte-buddy-1.6.14.jar:/root/.m2/repository/org/slf4j/jcl-over-slf4j/1.7.25/jcl-over-slf4j-1.7.25.jar:/root/.m2/repository/commons-validator/commons-validator/1.5.1/commons-validator-1.5.1.jar:/root/.m2/repository/edu/mit/simile/vicino/1.1/vicino-1.1.jar:/root/.m2/repository/com/wcohen/secondstring/20100303/secondstring-20100303.jar:/root/.m2/repository/org/powermock/powermock-api-support/1.7.1/powermock-api-support-1.7.1.jar:/root/.m2/repository/org/apache/poi/poi-ooxml/3.8/poi-ooxml-3.8.jar:/root/.m2/repository/org/slf4j/slf4j-log4j12/1.7.18/slf4j-log4j12-1.7.18.jar:/root/.m2/repository/org/apache/httpcomponents/httpcore/4.4.9/httpcore-4.4.9.jar:/root/.m2/repository/com/github/andrewoma/dexx/collection/0.7/collection-0.7.jar:/root/.m2/repository/org/mozilla/rhino/1.7.10/rhino-1.7.10.jar:/root/.m2/repository/org/apache/odftoolkit/taglets/0.8.8-incubating/taglets-0.8.8-incubating.jar:/root/.m2/repository/commons-collections/commons-collections/3.2.2/commons-collections-3.2.2.jar:/root/.m2/repository/org/apache/jena/jena-dboe-base/3.6.0/jena-dboe-base-3.6.0.jar:/root/.m2/repository/oauth/signpost/signpost-core/1.2.1.2/signpost-core-1.2.1.2.jar:/root/.m2/repository/org/apache/commons/commons-lang3/3.6/commons-lang3-3.6.jar:/root/.m2/repository/dom4j/dom4j/1.6.1/dom4j-1.6.1.jar:/root/.m2/repository/org/apache/jena/jena-tdb2/3.6.0/jena-tdb2-3.6.0.jar:/root/.m2/repository/commons-digester/commons-digester/1.8.1/commons-digester-1.8.1.jar:/root/.m2/repository/com/fasterxml/jackson/core/jackson-core/2.9.7/jackson-core-2.9.7.jar:/root/.m2/repository/commons-fileupload/commons-fileupload/1.2.1/commons-fileupload-1.2.1.jar:/root/.m2/repository/commons-beanutils/commons-beanutils/1.8.0/commons-beanutils-1.8.0.jar:/root/.m2/repository/org/apache/xmlbeans/xmlbeans/2.3.0/xmlbeans-2.3.0.jar:/root/.m2/repository/org/apache/jena/jena-core/3.6.0/jena-core-3.6.0.jar:/root/.m2/repository/org/powermock/powermock-api-mockito-common/1.7.1/powermock-api-mockito-common-1.7.1.jar:/root/.m2/repository/org/apache/odftoolkit/odfdom-java/0.8.8-incubating/odfdom-java-0.8.8-incubating.jar:/root/.m2/repository/org/apache/ant/ant-launcher/1.8.0/ant-launcher-1.8.0.jar:/root/.m2/repository/org/javassist/javassist/3.21.0-GA/javassist-3.21.0-GA.jar:/root/.m2/repository/org/apache/ant/ant/1.8.0/ant-1.8.0.jar:/root/.m2/repository/org/mockito/mockito-core/2.8.9/mockito-core-2.8.9.jar:/root/.m2/repository/org/powermock/powermock-module-junit4/1.7.1/powermock-module-junit4-1.7.1.jar:/root/.m2/repository/org/powermock/powermock-module-junit4-common/1.7.1/powermock-module-junit4-common-1.7.1.jar:/root/.m2/repository/commons-codec/commons-codec/1.5/commons-codec-1.5.jar:/root/.m2/repository/oauth/signpost/signpost-commonshttp4/1.2.1.2/signpost-commonshttp4-1.2.1.2.jar:/root/.m2/repository/org/apache/thrift/libthrift/0.10.0/libthrift-0.10.0.jar:/root/.m2/repository/de/fau/cs/osr/utils/utils/3.0.8/utils-3.0.8.jar:/root/.m2/repository/javax/servlet/servlet-api/2.5/servlet-api-2.5.jar:/root/.m2/repository/com/fasterxml/jackson/core/jackson-annotations/2.9.7/jackson-annotations-2.9.7.jar:/root/.m2/repository/com/github/jsonld-java/jsonld-java/0.11.1/jsonld-java-0.11.1.jar:/root/.m2/repository/com/fasterxml/jackson/core/jackson-databind/2.9.7/jackson-databind-2.9.7.jar:/root/.m2/repository/org/beanshell/bsh/2.0b4/bsh-2.0b4.jar:/root/.m2/repository/edu/mit/simile/butterfly/1.0.1/butterfly-1.0.1.jar:/root/.m2/repository/org/powermock/powermock-core/1.7.1/powermock-core-1.7.1.jar:/root/.m2/repository/org/clojure/clojure/1.5.1/clojure-1.5.1.jar:/root/.m2/repository/org/sweble/wikitext/swc-parser-lazy/3.1.7/swc-parser-lazy-3.1.7.jar:/root/.m2/repository/org/apache/jena/jena-arq/3.6.0/jena-arq-3.6.0.jar:/root/.m2/repository/org/testng/testng/6.9.10/testng-6.9.10.jar:/root/.m2/repository/marc4j/marc4j/2.4/marc4j-2.4.jar:/root/.m2/repository/commons-cli/commons-cli/1.4/commons-cli-1.4.jar:/root/.m2/repository/xtc/rats-runtime/1.15.0/rats-runtime-1.15.0.jar:/root/.m2/repository/org/apache/jena/jena-shaded-guava/3.6.0/jena-shaded-guava-3.6.0.jar:/root/.m2/repository/com/colloquial/arithcode/1.1/arithcode-1.1.jar:/root/.m2/repository/commons-io/commons-io/1.4/commons-io-1.4.jar:/root/.m2/repository/org/powermock/powermock-api-mockito2/1.7.1/powermock-api-mockito2-1.7.1.jar:/root/.m2/repository/org/hamcrest/hamcrest-core/1.3/hamcrest-core-1.3.jar:/root/.m2/repository/org/jsoup/jsoup/1.11.3/jsoup-1.11.3.jar:/root/.m2/repository/xerces/xercesImpl/2.9.1/xercesImpl-2.9.1.jar:/root/.m2/repository/org/slf4j/slf4j-api/1.7.18/slf4j-api-1.7.18.jar:/root/.m2/repository/com/beust/jcommander/1.48/jcommander-1.48.jar:/root/.m2/repository/de/fau/cs/osr/ptk/ptk-common/3.0.8/ptk-common-3.0.8.jar:/root/.m2/repository/org/powermock/powermock-reflect/1.7.1/powermock-reflect-1.7.1.jar:/root/.m2/repository/velocity/velocity/1.5/velocity-1.5.jar:/root/.m2/repository/org/apache/poi/poi-ooxml-schemas/3.8/poi-ooxml-schemas-3.8.jar:/root/.m2/repository/net/sf/opencsv/opencsv/2.4-SNAPSHOT/opencsv-2.4-SNAPSHOT.jar:/root/.m2/repository/net/bytebuddy/byte-buddy-agent/1.6.14/byte-buddy-agent-1.6.14.jar:/root/.m2/repository/org/apache/jena/jena-rdfconnection/3.6.0/jena-rdfconnection-3.6.0.jar:/root/.m2/repository/com/google/guava/guava/19.0/guava-19.0.jar:/root/.m2/repository/log4j/log4j/1.2.17/log4j-1.2.17.jar:/root/.m2/repository/com/metaweb/lessen/1.0/lessen-1.0.jar:/root/.m2/repository/commons-lang/commons-lang/2.1/commons-lang-2.1.jar:/root/.m2/repository/org/apache/jena/jena-dboe-trans-data/3.6.0/jena-dboe-trans-data-3.6.0.jar:/root/.m2/repository/org/objenesis/objenesis/2.5/objenesis-2.5.jar:/root/.m2/repository/org/apache/httpcomponents/httpclient/4.5.5/httpclient-4.5.5.jar:/root/.m2/repository/xml-apis/xml-apis/1.0.b2/xml-apis-1.0.b2.jar:/root/.m2/repository/org/apache/httpcomponents/httpclient-cache/4.5.3/httpclient-cache-4.5.3.jar:/root/.m2/repository/org/apache/jena/jena-base/3.6.0/jena-base-3.6.0.jar:/root/.m2/repository/org/apache/jena/jena-dboe-transaction/3.6.0/jena-dboe-transaction-3.6.0.jar:/root/.m2/repository/org/apache/jena/jena-iri/3.6.0/jena-iri-3.6.0.jar:/root/.m2/repository/commons-logging/commons-logging/1.1.1/commons-logging-1.1.1.jar:/root/.m2/repository/org/apache/poi/poi/3.8/poi-3.8.jar:/root/.m2/repository/org/apache/jena/jena-tdb/3.6.0/jena-tdb-3.6.0.jar:/root/.m2/repository/junit/junit/4.12/junit-4.12.jar:/root/.m2/repository/oro/oro/2.0.8/oro-2.0.8.jar:/root/.m2/repository/joda-time/joda-time/2.9.9/joda-time-2.9.9.jar:/root/.m2/repository/org/apache/jena/jena-cmds/3.6.0/jena-cmds-3.6.0.jar:/root/.m2/repository/org/apache/commons/commons-csv/1.5/commons-csv-1.5.jar
[10196] INFO ConfigurationProperties - p:packageToInstrument= 
[10196] INFO ConfigurationProperties - p:skipfaultlocalization= false
[10196] INFO ConfigurationProperties - p:scope= local
[10196] INFO ConfigurationProperties - p:transformingredient= false
[10197] INFO ConfigurationProperties - p:fitnessfunction= fr.inria.astor.core.solutionsearch.population.TestCaseFitnessFunction
[10197] INFO ConfigurationProperties - p:maxnumvariablesperingredient= 10
[10197] INFO ConfigurationProperties - p:parsesourcefromoriginal= true
[10197] INFO ConfigurationProperties - p:pvariantfoldername= variant-
[10197] INFO ConfigurationProperties - p:savespoonmodelondisk= false
[10197] INFO ConfigurationProperties - p:srcjavafolder= main/src
[10197] INFO ConfigurationProperties - p:populationcontroller= fr.inria.astor.core.solutionsearch.population.TestCaseBasedFitnessPopulationController
[10197] INFO ConfigurationProperties - p:ignoreflakyinfl= false
[10197] INFO ConfigurationProperties - p:cleantemplates= true
[10197] INFO ConfigurationProperties - p:applyCrossover= false
[10197] INFO ConfigurationProperties - p:maxmodificationpoints= 1000
[10197] INFO ConfigurationProperties - p:duplicateingredientsinspace= false
[10197] INFO ConfigurationProperties - p:metid= 0
[10197] INFO ConfigurationProperties - p:continuewhenmodelfail= true
[10197] INFO ConfigurationProperties - p:saveall= false
[10197] INFO ConfigurationProperties - p:seed= 0
[10197] INFO ConfigurationProperties - p:savecompletepatched= true
[10197] INFO ConfigurationProperties - p:resetoperations= false
[10197] INFO ConfigurationProperties - p:keepcomments= false
[10198] INFO ConfigurationProperties - p:processoutputinfile= false
[10198] INFO ConfigurationProperties - p:location= .
[10198] INFO ConfigurationProperties - p:probabilistictransformation= true
[10198] INFO ConfigurationProperties - p:overridemaxtime= true
[10198] INFO ConfigurationProperties - p:ingredientstrategy= name-probability-based
[10198] INFO ConfigurationProperties - p:outputjsonresult= true
[10198] INFO ConfigurationProperties - p:allpoints= false
[10198] INFO ConfigurationProperties - p:antipattern= false
[10198] INFO ConfigurationProperties - p:bugId= 280
[10198] INFO ConfigurationProperties - p:evosuitetimeout= 120
[10198] INFO ConfigurationProperties - p:maxtimefactor= 10
[10198] INFO ConfigurationProperties - p:nrPlaceholders= 1
[10198] INFO ConfigurationProperties - p:testallcmd= mvn test -pl main -Dhttps.protocols=TLSv1.2 -Denforcer.skip=true -Dcheckstyle.skip=true -Dcobertura.skip=true -DskipITs=true -Drat.skip=true -Dlicense.skip=true -Dpmd.skip=true -Dfindbugs.skip=true -Dgpg.skip=true -Dskip.npm=true -Dskip.gulp=true -Dskip.bower=true -Danimal.sniffer.skip=true -V -B
[10198] INFO ConfigurationProperties - p:forcesubprocesskilling= false
[10198] INFO ConfigurationProperties - ----------------------------
[10198] INFO AstorCoreEngine - ----Starting Solution Search
[10199] WARN AstorCoreEngine - ----------Running generation: 1, population size: 1
[10201] WARN AstorCoreEngine - ----------Running generation: 2, population size: 1
[10201] WARN AstorCoreEngine - ----------Running generation: 3, population size: 1
[10202] WARN AstorCoreEngine - ----------Running generation: 4, population size: 1
[10202] WARN AstorCoreEngine - ----------Running generation: 5, population size: 1
[10202] WARN AstorCoreEngine - ----------Running generation: 6, population size: 1
[10203] WARN AstorCoreEngine - ----------Running generation: 7, population size: 1
[10203] WARN AstorCoreEngine - ----------Running generation: 8, population size: 1
[10203] WARN AstorCoreEngine - ----------Running generation: 9, population size: 1
[10204] WARN AstorCoreEngine - ----------Running generation: 10, population size: 1
[10204] WARN AstorCoreEngine - ----------Running generation: 11, population size: 1
[10204] WARN AstorCoreEngine - ----------Running generation: 12, population size: 1
[10204] WARN AstorCoreEngine - ----------Running generation: 13, population size: 1
[10205] WARN AstorCoreEngine - ----------Running generation: 14, population size: 1
[10205] WARN AstorCoreEngine - ----------Running generation: 15, population size: 1
[10205] WARN AstorCoreEngine - ----------Running generation: 16, population size: 1
[10206] WARN AstorCoreEngine - ----------Running generation: 17, population size: 1
[10206] WARN AstorCoreEngine - ----------Running generation: 18, population size: 1
[10206] WARN AstorCoreEngine - ----------Running generation: 19, population size: 1
[10206] WARN AstorCoreEngine - ----------Running generation: 20, population size: 1
[10207] WARN AstorCoreEngine - ----------Running generation: 21, population size: 1
[10207] WARN AstorCoreEngine - ----------Running generation: 22, population size: 1
[10207] WARN AstorCoreEngine - ----------Running generation: 23, population size: 1
[10207] WARN AstorCoreEngine - ----------Running generation: 24, population size: 1
[10207] WARN AstorCoreEngine - ----------Running generation: 25, population size: 1
[10208] WARN AstorCoreEngine - ----------Running generation: 26, population size: 1
[10208] WARN AstorCoreEngine - ----------Running generation: 27, population size: 1
[10208] WARN AstorCoreEngine - ----------Running generation: 28, population size: 1
[10209] WARN AstorCoreEngine - ----------Running generation: 29, population size: 1
[10209] WARN AstorCoreEngine - ----------Running generation: 30, population size: 1
[10209] WARN AstorCoreEngine - ----------Running generation: 31, population size: 1
[10209] WARN AstorCoreEngine - ----------Running generation: 32, population size: 1
[10210] WARN AstorCoreEngine - ----------Running generation: 33, population size: 1
[10210] WARN AstorCoreEngine - ----------Running generation: 34, population size: 1
[10210] WARN AstorCoreEngine - ----------Running generation: 35, population size: 1
[10210] WARN AstorCoreEngine - ----------Running generation: 36, population size: 1
[10210] WARN AstorCoreEngine - ----------Running generation: 37, population size: 1
[10211] WARN AstorCoreEngine - ----------Running generation: 38, population size: 1
[10211] WARN AstorCoreEngine - ----------Running generation: 39, population size: 1
[10211] WARN AstorCoreEngine - ----------Running generation: 40, population size: 1
[10211] WARN AstorCoreEngine - ----------Running generation: 41, population size: 1
[10211] WARN AstorCoreEngine - ----------Running generation: 42, population size: 1
[10212] WARN AstorCoreEngine - ----------Running generation: 43, population size: 1
[10212] WARN AstorCoreEngine - ----------Running generation: 44, population size: 1
[10212] WARN AstorCoreEngine - ----------Running generation: 45, population size: 1
[10212] WARN AstorCoreEngine - ----------Running generation: 46, population size: 1
[10212] WARN AstorCoreEngine - ----------Running generation: 47, population size: 1
[10213] WARN AstorCoreEngine - ----------Running generation: 48, population size: 1
[10213] WARN AstorCoreEngine - ----------Running generation: 49, population size: 1
[10213] WARN AstorCoreEngine - ----------Running generation: 50, population size: 1
[10213] WARN AstorCoreEngine - ----------Running generation: 51, population size: 1
[10213] WARN AstorCoreEngine - ----------Running generation: 52, population size: 1
[10214] WARN AstorCoreEngine - ----------Running generation: 53, population size: 1
[10214] WARN AstorCoreEngine - ----------Running generation: 54, population size: 1
[10214] WARN AstorCoreEngine - ----------Running generation: 55, population size: 1
[10214] WARN AstorCoreEngine - ----------Running generation: 56, population size: 1
[10214] WARN AstorCoreEngine - ----------Running generation: 57, population size: 1
[10214] WARN AstorCoreEngine - ----------Running generation: 58, population size: 1
[10215] WARN AstorCoreEngine - ----------Running generation: 59, population size: 1
[10215] WARN AstorCoreEngine - ----------Running generation: 60, population size: 1
[10215] WARN AstorCoreEngine - ----------Running generation: 61, population size: 1
[10215] WARN AstorCoreEngine - ----------Running generation: 62, population size: 1
[10215] WARN AstorCoreEngine - ----------Running generation: 63, population size: 1
[10216] WARN AstorCoreEngine - ----------Running generation: 64, population size: 1
[10216] WARN AstorCoreEngine - ----------Running generation: 65, population size: 1
[10216] WARN AstorCoreEngine - ----------Running generation: 66, population size: 1
[10216] WARN AstorCoreEngine - ----------Running generation: 67, population size: 1
[10216] WARN AstorCoreEngine - ----------Running generation: 68, population size: 1
[10217] WARN AstorCoreEngine - ----------Running generation: 69, population size: 1
[10217] WARN AstorCoreEngine - ----------Running generation: 70, population size: 1
[10217] WARN AstorCoreEngine - ----------Running generation: 71, population size: 1
[10217] WARN AstorCoreEngine - ----------Running generation: 72, population size: 1
[10217] WARN AstorCoreEngine - ----------Running generation: 73, population size: 1
[10218] WARN AstorCoreEngine - ----------Running generation: 74, population size: 1
[10218] WARN AstorCoreEngine - ----------Running generation: 75, population size: 1
[10218] WARN AstorCoreEngine - ----------Running generation: 76, population size: 1
[10218] WARN AstorCoreEngine - ----------Running generation: 77, population size: 1
[10218] WARN AstorCoreEngine - ----------Running generation: 78, population size: 1
[10218] WARN AstorCoreEngine - ----------Running generation: 79, population size: 1
[10219] WARN AstorCoreEngine - ----------Running generation: 80, population size: 1
[10219] WARN AstorCoreEngine - ----------Running generation: 81, population size: 1
[10219] WARN AstorCoreEngine - ----------Running generation: 82, population size: 1
[10219] WARN AstorCoreEngine - ----------Running generation: 83, population size: 1
[10219] WARN AstorCoreEngine - ----------Running generation: 84, population size: 1
[10220] WARN AstorCoreEngine - ----------Running generation: 85, population size: 1
[10220] WARN AstorCoreEngine - ----------Running generation: 86, population size: 1
[10220] WARN AstorCoreEngine - ----------Running generation: 87, population size: 1
[10220] WARN AstorCoreEngine - ----------Running generation: 88, population size: 1
[10220] WARN AstorCoreEngine - ----------Running generation: 89, population size: 1
[10221] WARN AstorCoreEngine - ----------Running generation: 90, population size: 1
[10221] WARN AstorCoreEngine - ----------Running generation: 91, population size: 1
[10221] WARN AstorCoreEngine - ----------Running generation: 92, population size: 1
[10221] WARN AstorCoreEngine - ----------Running generation: 93, population size: 1
[10221] WARN AstorCoreEngine - ----------Running generation: 94, population size: 1
[10222] WARN AstorCoreEngine - ----------Running generation: 95, population size: 1
[10222] WARN AstorCoreEngine - ----------Running generation: 96, population size: 1
[10223] WARN AstorCoreEngine - ----------Running generation: 97, population size: 1
[10223] WARN AstorCoreEngine - ----------Running generation: 98, population size: 1
[10223] WARN AstorCoreEngine - ----------Running generation: 99, population size: 1
[10223] WARN AstorCoreEngine - ----------Running generation: 100, population size: 1
[10224] ERROR AstorCoreEngine - Stopping main loop at 100 generation
[10224] INFO AstorCoreEngine - Time Repair Loop (s): 0.026
[10224] INFO AstorCoreEngine - generationsexecuted: 100
[10224] WARN AstorCoreEngine - ----SUMMARY_EXECUTION---
[10224] WARN AstorCoreEngine - End Repair Search: NOT Found solution
[10224] WARN AstorCoreEngine - Number suspicious:1
[10224] INFO AstorCoreEngine - Total mod points: 0
[10227] INFO ExpressionTypeIngredientSpace - Storing ing JSON at /workdir/Cardumen_vul4j_OpenRefine_OpenRefine_VUL4J-65/./output_astor/AstorMain-OpenRefine_OpenRefine-VUL4J-65//src/ingredients.json
[10227] INFO IngredientStats - Storing ing JSON at /workdir/Cardumen_vul4j_OpenRefine_OpenRefine_VUL4J-65/./output_astor/AstorMain-OpenRefine_OpenRefine-VUL4J-65//ingredientSpaceSize.json
[10228] INFO IngredientStats - ingredientSpaceSize:{"allAttempts":0,"space":[]}
[10228] INFO IngredientStats - Storing ing JSON at /workdir/Cardumen_vul4j_OpenRefine_OpenRefine_VUL4J-65/./output_astor/AstorMain-OpenRefine_OpenRefine-VUL4J-65//combinationsTemplatesingredientSpaceSize.json
[10228] INFO IngredientStats - combinationsTemplatesingredientSpaceSize:{"allAttempts":0,"space":[]}
[10229] INFO AstorCoreEngine - 
 --SOLUTIONS DESCRIPTION--


Astor Output:

General stats:
EXECUTION_IDENTIFIER=OpenRefine_OpenRefine-VUL4J-65
TOTAL_TIME=0.026
NR_GENERATIONS=100
NR_RIGHT_COMPILATIONS=null
NR_FAILLING_COMPILATIONS=null
NR_ERRONEOUS_VARIANCES=null
NR_FAILING_VALIDATION_PROCESS=null
OUTPUT_STATUS=CONVERGED

Patch stats:

[10234] INFO Stats - Storing ing JSON at /workdir/Cardumen_vul4j_OpenRefine_OpenRefine_VUL4J-65/./output_astor/AstorMain-OpenRefine_OpenRefine-VUL4J-65//astor_output.json
[10234] INFO Stats - astor_output:
{"general":{"NR_RIGHT_COMPILATIONS":null,"NR_ERRONEOUS_VARIANCES":null,"EXECUTION_IDENTIFIER":"OpenRefine_OpenRefine-VUL4J-65","OUTPUT_STATUS":"CONVERGED","NR_FAILLING_COMPILATIONS":null,"NR_GENERATIONS":100,"TOTAL_TIME":0.026,"NR_FAILING_VALIDATION_PROCESS":null},"patches":[]}
[10234] INFO AstorMain - Time Total(s): 10.226
34.80user 2.64system 0:10.76elapsed 348%CPU (0avgtext+0avgdata 686760maxresident)k
0inputs+62520outputs (0major+194696minor)pagefaults 0swaps


Node: 7bf757db1356



Date: Wed Nov 30 04:19:05 EST 2022

