cd /workdir/Cardumen_vul4j_square_retrofit_VUL4J-76;
export JAVA_TOOL_OPTIONS="-Dfile.encoding=UTF8 -Duser.language=en-US -Duser.country=US -Duser.language=en";
TZ="America/New_York"; export TZ;
export PATH="/usr/lib/jvm/java-8-openjdk-amd64/bin:$PATH";
export JAVA_HOME="/usr/lib/jvm/java-8-openjdk-amd64/bin";
time java -Xmx4g -Xms1g -XX:MaxPermSize=512m -cp /script/../libs/jtestex7.jar:/script/../repair_tools/astor.jar fr.inria.main.evolution.AstorMain \
	-mode cardumen \
	-location . \
	-id square_retrofit-VUL4J-76 \
	-failing retrofit2.RequestFactoryTest#pathParametersAndPathTraversal:retrofit2.RequestFactoryTest#encodedPathParametersAndPathTraversal:retrofit2.RequestFactoryTest#dotDotsOkayWhenNotFullPathSegment \
	-jvm4testexecution /usr/lib/jvm/java-8-openjdk-amd64/bin \
	-jvm4evosuitetestexecution /usr/lib/jvm/java-8-openjdk-amd64/bin \
	-maxgen 1000000 \
	-maxtime 120 \
	-stopfirst true \
	-seed 0 \
	-scope local \
	-population 1 \
	-javacompliancelevel 8 \
	-faultlocalization perfect \
    -perfectdata /script/../data/benchmarks/vul4j/perfectfl/VUL4J-76 \
    -validation externalcmd \
    -testfailingcmd "mvn test -pl retrofit -Dtest=retrofit2.RequestFactoryTest -Dhttps.protocols=TLSv1.2 -Denforcer.skip=true -Dcheckstyle.skip=true -Dcobertura.skip=true -DskipITs=true -Drat.skip=true -Dlicense.skip=true -Dpmd.skip=true -Dfindbugs.skip=true -Dgpg.skip=true -Dskip.npm=true -Dskip.gulp=true -Dskip.bower=true -Danimal.sniffer.skip=true -V -B" \
    -testallcmd "mvn test -pl retrofit -Dhttps.protocols=TLSv1.2 -Denforcer.skip=true -Dcheckstyle.skip=true -Dcobertura.skip=true -DskipITs=true -Drat.skip=true -Dlicense.skip=true -Dpmd.skip=true -Dfindbugs.skip=true -Dgpg.skip=true -Dskip.npm=true -Dskip.gulp=true -Dskip.bower=true -Danimal.sniffer.skip=true -V -B"  \ \
	-srcjavafolder retrofit/src/main/java \
	-srctestfolder retrofit/src/test/java \
	-binjavafolder retrofit/target/classes \
	-bintestfolder retrofit/target/test-classes \
	-parameters x:x:maxCombinationVariableLimit:true:maxVarCombination:1000:maxCombinationVariableLimit:true:maxVarCombination:1000:maxCombinationVariableLimit:true:maxVarCombination:1000:maxCombinationVariableLimit:true:maxVarCombination:1000:maxCombinationVariableLimit:true:maxVarCombination:1000:maxCombinationVariableLimit:true:maxVarCombination:1000:maxCombinationVariableLimit:true:maxVarCombination:1000:maxCombinationVariableLimit:true:maxVarCombination:1000:maxCombinationVariableLimit:true:maxVarCombination:1000:maxCombinationVariableLimit:true:maxVarCombination:1000:maxCombinationVariableLimit:true:maxVarCombination:1000:maxCombinationVariableLimit:true:maxVarCombination:1000:maxCombinationVariableLimit:true:maxVarCombination:1000:maxCombinationVariableLimit:true:maxVarCombination:1000:maxCombinationVariableLimit:true:maxVarCombination:1000:maxCombinationVariableLimit:true:maxVarCombination:1000:maxCombinationVariableLimit:true:maxVarCombination:1000:maxCombinationVariableLimit:true:maxVarCombination:1000:maxCombinationVariableLimit:true:maxVarCombination:1000:maxCombinationVariableLimit:true:maxVarCombination:1000:maxCombinationVariableLimit:true:maxVarCombination:1000:maxCombinationVariableLimit:true:maxVarCombination:1000:maxCombinationVariableLimit:true:maxVarCombination:1000:maxCombinationVariableLimit:true:maxVarCombination:1000:maxCombinationVariableLimit:true:maxVarCombination:1000:maxCombinationVariableLimit:true:maxVarCombination:1000:maxCombinationVariableLimit:true:maxVarCombination:1000:maxCombinationVariableLimit:true:maxVarCombination:1000:maxCombinationVariableLimit:true:maxVarCombination:1000:maxCombinationVariableLimit:true:maxVarCombination:1000:maxCombinationVariableLimit:true:maxVarCombination:1000:maxCombinationVariableLimit:true:maxVarCombination:1000:maxCombinationVariableLimit:true:maxVarCombination:1000:maxCombinationVariableLimit:true:maxVarCombination:1000:maxCombinationVariableLimit:true:maxVarCombination:1000:maxCombinationVariableLimit:true:maxVarCombination:1000:maxCombinationVariableLimit:true:maxVarCombination:1000:maxCombinationVariableLimit:true:maxVarCombination:1000:maxCombinationVariableLimit:true:maxVarCombination:1000:maxCombinationVariableLimit:true:maxVarCombination:1000:maxCombinationVariableLimit:true:maxVarCombination:1000:maxCombinationVariableLimit:true:maxVarCombination:1000:maxCombinationVariableLimit:true:maxVarCombination:1000:maxCombinationVariableLimit:true:maxVarCombination:1000:maxCombinationVariableLimit:true:maxVarCombination:1000:maxCombinationVariableLimit:true:maxVarCombination:1000:maxCombinationVariableLimit:true:maxVarCombination:1000:maxCombinationVariableLimit:true:maxVarCombination:1000:maxCombinationVariableLimit:true:maxVarCombination:1000:maxCombinationVariableLimit:true:maxVarCombination:1000:maxCombinationVariableLimit:true:maxVarCombination:1000:maxCombinationVariableLimit:true:maxVarCombination:1000:maxCombinationVariableLimit:true:maxVarCombination:1000:maxCombinationVariableLimit:true:maxVarCombination:1000:maxCombinationVariableLimit:true:maxVarCombination:1000:maxCombinationVariableLimit:true:maxVarCombination:1000:maxCombinationVariableLimit:true:maxVarCombination:1000:maxCombinationVariableLimit:true:maxVarCombination:1000:maxCombinationVariableLimit:true:maxVarCombination:1000:maxCombinationVariableLimit:true:maxVarCombination:1000:maxCombinationVariableLimit:true:maxVarCombination:1000:maxCombinationVariableLimit:true:maxVarCombination:1000 \
	-dependencies /root/.m2/repository/com/google/android/apps/common/testing/accessibility/framework/accessibility-test-framework/1.0/accessibility-test-framework-1.0.jar:/root/.m2/repository/xerces/xmlParserAPIs/2.6.2/xmlParserAPIs-2.6.2.jar:/root/.m2/repository/org/apache/httpcomponents/httpcore/4.0.1/httpcore-4.0.1.jar:/root/.m2/repository/com/squareup/okhttp3/mockwebserver/3.11.0/mockwebserver-3.11.0.jar:/root/.m2/repository/org/json/json/20080701/json-20080701.jar:/root/.m2/repository/com/squareup/okhttp3/okhttp/3.11.0/okhttp-3.11.0.jar:/root/.m2/repository/org/jetbrains/kotlin/kotlin-stdlib-common/1.2.60/kotlin-stdlib-common-1.2.60.jar:/root/.m2/repository/org/jetbrains/kotlin/kotlin-stdlib/1.2.60/kotlin-stdlib-1.2.60.jar:/root/.m2/repository/org/hamcrest/hamcrest-core/1.3/hamcrest-core-1.3.jar:/root/.m2/repository/org/ow2/asm/asm-analysis/5.0.1/asm-analysis-5.0.1.jar:/root/.m2/repository/com/almworks/sqlite4java/sqlite4java/0.282/sqlite4java-0.282.jar:/root/.m2/repository/org/jetbrains/annotations/13.0/annotations-13.0.jar:/root/.m2/repository/org/robolectric/robolectric/3.0/robolectric-3.0.jar:/root/.m2/repository/org/codehaus/mojo/animal-sniffer-annotations/1.14/animal-sniffer-annotations-1.14.jar:/root/.m2/repository/org/ow2/asm/asm-commons/5.0.1/asm-commons-5.0.1.jar:/root/.m2/repository/xpp3/xpp3/1.1.4c/xpp3-1.1.4c.jar:/root/.m2/repository/org/ow2/asm/asm-tree/5.0.1/asm-tree-5.0.1.jar:/root/.m2/repository/com/squareup/okio/okio/1.14.0/okio-1.14.0.jar:/root/.m2/repository/org/robolectric/robolectric-utils/3.0/robolectric-utils-3.0.jar:/root/.m2/repository/com/ibm/icu/icu4j/53.1/icu4j-53.1.jar:/root/.m2/repository/org/robolectric/shadows-core/3.0/shadows-core-3.0.jar:/root/.m2/repository/com/google/guava/guava/19.0/guava-19.0.jar:/root/.m2/repository/org/apache/httpcomponents/httpclient/4.0.1/httpclient-4.0.1.jar:/root/.m2/repository/org/robolectric/robolectric-resources/3.0/robolectric-resources-3.0.jar:/root/.m2/repository/org/robolectric/robolectric-annotations/3.0/robolectric-annotations-3.0.jar:/root/.m2/repository/org/objenesis/objenesis/1.0/objenesis-1.0.jar:/root/.m2/repository/org/khronos/opengl-api/gl1.1-android-2.1_r1/opengl-api-gl1.1-android-2.1_r1.jar:/root/.m2/repository/org/apache/ant/ant-launcher/1.8.0/ant-launcher-1.8.0.jar:/root/.m2/repository/org/apache/ant/ant/1.8.0/ant-1.8.0.jar:/root/.m2/repository/org/ow2/asm/asm-util/5.0.1/asm-util-5.0.1.jar:/root/.m2/repository/com/ximpleware/vtd-xml/2.11/vtd-xml-2.11.jar:/root/.m2/repository/commons-codec/commons-codec/1.3/commons-codec-1.3.jar:/root/.m2/repository/org/ow2/asm/asm/5.0.1/asm-5.0.1.jar:/root/.m2/repository/commons-logging/commons-logging/1.1.1/commons-logging-1.1.1.jar:/root/.m2/repository/com/google/android/android/4.1.1.4/android-4.1.1.4.jar:/root/.m2/repository/org/assertj/assertj-core/1.7.0/assertj-core-1.7.0.jar:/root/.m2/repository/org/apache/maven/maven-ant-tasks/2.1.3/maven-ant-tasks-2.1.3.jar:/root/.m2/repository/junit/junit/4.12/junit-4.12.jar:/root/.m2/repository/org/mockito/mockito-core/1.9.5/mockito-core-1.9.5.jar:/root/.m2/repository/org/bouncycastle/bcprov-jdk16/1.46/bcprov-jdk16-1.46.jar:/root/.m2/repository/com/google/code/findbugs/jsr305/3.0.2/jsr305-3.0.2.jar;
	echo "\n\nNode: `hostname`\n";
	echo "\n\nDate: `date`\n";
Picked up JAVA_TOOL_OPTIONS: -Dfile.encoding=UTF8 -Duser.language=en-US -Duser.country=US -Duser.language=en
OpenJDK 64-Bit Server VM warning: ignoring option MaxPermSize=512m; support was removed in 8.0
[1] INFO ProjectConfiguration - Version of the JVM used: 1.8.0_342
[1] INFO main - Java version of the JDK used to run tests: 1.8.0_342
[1] INFO main - The compliance of the JVM is:  8
[9] INFO main - command line arguments: [-mode  cardumen  -location  .  -id  square_retrofit-VUL4J-76  -failing  retrofit2.RequestFactoryTest#pathParametersAndPathTraversal:retrofit2.RequestFactoryTest#encodedPathParametersAndPathTraversal:retrofit2.RequestFactoryTest#dotDotsOkayWhenNotFullPathSegment  -jvm4testexecution  /usr/lib/jvm/java-8-openjdk-amd64/bin  -jvm4evosuitetestexecution  /usr/lib/jvm/java-8-openjdk-amd64/bin  -maxgen  1000000  -maxtime  120  -stopfirst  true  -seed  0  -scope  local  -population  1  -javacompliancelevel  8  -faultlocalization  perfect  -perfectdata  /script/../data/benchmarks/vul4j/perfectfl/VUL4J-76  -validation  externalcmd  -testfailingcmd  mvn test -pl retrofit -Dtest=retrofit2.RequestFactoryTest -Dhttps.protocols=TLSv1.2 -Denforcer.skip=true -Dcheckstyle.skip=true -Dcobertura.skip=true -DskipITs=true -Drat.skip=true -Dlicense.skip=true -Dpmd.skip=true -Dfindbugs.skip=true -Dgpg.skip=true -Dskip.npm=true -Dskip.gulp=true -Dskip.bower=true -Danimal.sniffer.skip=true -V -B  -testallcmd  mvn test -pl retrofit -Dhttps.protocols=TLSv1.2 -Denforcer.skip=true -Dcheckstyle.skip=true -Dcobertura.skip=true -DskipITs=true -Drat.skip=true -Dlicense.skip=true -Dpmd.skip=true -Dfindbugs.skip=true -Dgpg.skip=true -Dskip.npm=true -Dskip.gulp=true -Dskip.bower=true -Danimal.sniffer.skip=true -V -B     -srcjavafolder  retrofit/src/main/java  -srctestfolder  retrofit/src/test/java  -binjavafolder  retrofit/target/classes  -bintestfolder  retrofit/target/test-classes  -parameters  x:x:maxCombinationVariableLimit:true:maxVarCombination:1000:maxCombinationVariableLimit:true:maxVarCombination:1000:maxCombinationVariableLimit:true:maxVarCombination:1000:maxCombinationVariableLimit:true:maxVarCombination:1000:maxCombinationVariableLimit:true:maxVarCombination:1000:maxCombinationVariableLimit:true:maxVarCombination:1000:maxCombinationVariableLimit:true:maxVarCombination:1000:maxCombinationVariableLimit:true:maxVarCombination:1000:maxCombinationVariableLimit:true:maxVarCombination:1000:maxCombinationVariableLimit:true:maxVarCombination:1000:maxCombinationVariableLimit:true:maxVarCombination:1000:maxCombinationVariableLimit:true:maxVarCombination:1000:maxCombinationVariableLimit:true:maxVarCombination:1000:maxCombinationVariableLimit:true:maxVarCombination:1000:maxCombinationVariableLimit:true:maxVarCombination:1000:maxCombinationVariableLimit:true:maxVarCombination:1000:maxCombinationVariableLimit:true:maxVarCombination:1000:maxCombinationVariableLimit:true:maxVarCombination:1000:maxCombinationVariableLimit:true:maxVarCombination:1000:maxCombinationVariableLimit:true:maxVarCombination:1000:maxCombinationVariableLimit:true:maxVarCombination:1000:maxCombinationVariableLimit:true:maxVarCombination:1000:maxCombinationVariableLimit:true:maxVarCombination:1000:maxCombinationVariableLimit:true:maxVarCombination:1000:maxCombinationVariableLimit:true:maxVarCombination:1000:maxCombinationVariableLimit:true:maxVarCombination:1000:maxCombinationVariableLimit:true:maxVarCombination:1000:maxCombinationVariableLimit:true:maxVarCombination:1000:maxCombinationVariableLimit:true:maxVarCombination:1000:maxCombinationVariableLimit:true:maxVarCombination:1000:maxCombinationVariableLimit:true:maxVarCombination:1000:maxCombinationVariableLimit:true:maxVarCombination:1000:maxCombinationVariableLimit:true:maxVarCombination:1000:maxCombinationVariableLimit:true:maxVarCombination:1000:maxCombinationVariableLimit:true:maxVarCombination:1000:maxCombinationVariableLimit:true:maxVarCombination:1000:maxCombinationVariableLimit:true:maxVarCombination:1000:maxCombinationVariableLimit:true:maxVarCombination:1000:maxCombinationVariableLimit:true:maxVarCombination:1000:maxCombinationVariableLimit:true:maxVarCombination:1000:maxCombinationVariableLimit:true:maxVarCombination:1000:maxCombinationVariableLimit:true:maxVarCombination:1000:maxCombinationVariableLimit:true:maxVarCombination:1000:maxCombinationVariableLimit:true:maxVarCombination:1000:maxCombinationVariableLimit:true:maxVarCombination:1000:maxCombinationVariableLimit:true:maxVarCombination:1000:maxCombinationVariableLimit:true:maxVarCombination:1000:maxCombinationVariableLimit:true:maxVarCombination:1000:maxCombinationVariableLimit:true:maxVarCombination:1000:maxCombinationVariableLimit:true:maxVarCombination:1000:maxCombinationVariableLimit:true:maxVarCombination:1000:maxCombinationVariableLimit:true:maxVarCombination:1000:maxCombinationVariableLimit:true:maxVarCombination:1000:maxCombinationVariableLimit:true:maxVarCombination:1000:maxCombinationVariableLimit:true:maxVarCombination:1000:maxCombinationVariableLimit:true:maxVarCombination:1000:maxCombinationVariableLimit:true:maxVarCombination:1000:maxCombinationVariableLimit:true:maxVarCombination:1000:maxCombinationVariableLimit:true:maxVarCombination:1000:maxCombinationVariableLimit:true:maxVarCombination:1000:maxCombinationVariableLimit:true:maxVarCombination:1000:maxCombinationVariableLimit:true:maxVarCombination:1000  -dependencies  /root/.m2/repository/com/google/android/apps/common/testing/accessibility/framework/accessibility-test-framework/1.0/accessibility-test-framework-1.0.jar:/root/.m2/repository/xerces/xmlParserAPIs/2.6.2/xmlParserAPIs-2.6.2.jar:/root/.m2/repository/org/apache/httpcomponents/httpcore/4.0.1/httpcore-4.0.1.jar:/root/.m2/repository/com/squareup/okhttp3/mockwebserver/3.11.0/mockwebserver-3.11.0.jar:/root/.m2/repository/org/json/json/20080701/json-20080701.jar:/root/.m2/repository/com/squareup/okhttp3/okhttp/3.11.0/okhttp-3.11.0.jar:/root/.m2/repository/org/jetbrains/kotlin/kotlin-stdlib-common/1.2.60/kotlin-stdlib-common-1.2.60.jar:/root/.m2/repository/org/jetbrains/kotlin/kotlin-stdlib/1.2.60/kotlin-stdlib-1.2.60.jar:/root/.m2/repository/org/hamcrest/hamcrest-core/1.3/hamcrest-core-1.3.jar:/root/.m2/repository/org/ow2/asm/asm-analysis/5.0.1/asm-analysis-5.0.1.jar:/root/.m2/repository/com/almworks/sqlite4java/sqlite4java/0.282/sqlite4java-0.282.jar:/root/.m2/repository/org/jetbrains/annotations/13.0/annotations-13.0.jar:/root/.m2/repository/org/robolectric/robolectric/3.0/robolectric-3.0.jar:/root/.m2/repository/org/codehaus/mojo/animal-sniffer-annotations/1.14/animal-sniffer-annotations-1.14.jar:/root/.m2/repository/org/ow2/asm/asm-commons/5.0.1/asm-commons-5.0.1.jar:/root/.m2/repository/xpp3/xpp3/1.1.4c/xpp3-1.1.4c.jar:/root/.m2/repository/org/ow2/asm/asm-tree/5.0.1/asm-tree-5.0.1.jar:/root/.m2/repository/com/squareup/okio/okio/1.14.0/okio-1.14.0.jar:/root/.m2/repository/org/robolectric/robolectric-utils/3.0/robolectric-utils-3.0.jar:/root/.m2/repository/com/ibm/icu/icu4j/53.1/icu4j-53.1.jar:/root/.m2/repository/org/robolectric/shadows-core/3.0/shadows-core-3.0.jar:/root/.m2/repository/com/google/guava/guava/19.0/guava-19.0.jar:/root/.m2/repository/org/apache/httpcomponents/httpclient/4.0.1/httpclient-4.0.1.jar:/root/.m2/repository/org/robolectric/robolectric-resources/3.0/robolectric-resources-3.0.jar:/root/.m2/repository/org/robolectric/robolectric-annotations/3.0/robolectric-annotations-3.0.jar:/root/.m2/repository/org/objenesis/objenesis/1.0/objenesis-1.0.jar:/root/.m2/repository/org/khronos/opengl-api/gl1.1-android-2.1_r1/opengl-api-gl1.1-android-2.1_r1.jar:/root/.m2/repository/org/apache/ant/ant-launcher/1.8.0/ant-launcher-1.8.0.jar:/root/.m2/repository/org/apache/ant/ant/1.8.0/ant-1.8.0.jar:/root/.m2/repository/org/ow2/asm/asm-util/5.0.1/asm-util-5.0.1.jar:/root/.m2/repository/com/ximpleware/vtd-xml/2.11/vtd-xml-2.11.jar:/root/.m2/repository/commons-codec/commons-codec/1.3/commons-codec-1.3.jar:/root/.m2/repository/org/ow2/asm/asm/5.0.1/asm-5.0.1.jar:/root/.m2/repository/commons-logging/commons-logging/1.1.1/commons-logging-1.1.1.jar:/root/.m2/repository/com/google/android/android/4.1.1.4/android-4.1.1.4.jar:/root/.m2/repository/org/assertj/assertj-core/1.7.0/assertj-core-1.7.0.jar:/root/.m2/repository/org/apache/maven/maven-ant-tasks/2.1.3/maven-ant-tasks-2.1.3.jar:/root/.m2/repository/junit/junit/4.12/junit-4.12.jar:/root/.m2/repository/org/mockito/mockito-core/1.9.5/mockito-core-1.9.5.jar:/root/.m2/repository/org/bouncycastle/bcprov-jdk16/1.46/bcprov-jdk16-1.46.jar:/root/.m2/repository/com/google/code/findbugs/jsr305/3.0.2/jsr305-3.0.2.jar]
[12] INFO AstorMain - Running Astor on a JDK at /usr/lib/jvm/java-8-openjdk-amd64/jre
[23] INFO main - Source folders: [/workdir/Cardumen_vul4j_square_retrofit_VUL4J-76/./retrofit/src/main/java]
[24] INFO main - Source Test folders: [/workdir/Cardumen_vul4j_square_retrofit_VUL4J-76/./retrofit/src/test/java]
[2126] INFO AstorCoreEngine - ---- Creating spoon model
[2214] INFO MutationSupporter - Creating model,  Code location from working folder: /workdir/Cardumen_vul4j_square_retrofit_VUL4J-76/./retrofit/src/main/java
[2214] INFO MutationSupporter - building model: /workdir/Cardumen_vul4j_square_retrofit_VUL4J-76/./retrofit/src/main/java, compliance level: 8
[2251] INFO MutationSupporter - Classpath (Dependencies) for building SpoonModel: [/root/.m2/repository/com/google/android/apps/common/testing/accessibility/framework/accessibility-test-framework/1.0/accessibility-test-framework-1.0.jar, /root/.m2/repository/xerces/xmlParserAPIs/2.6.2/xmlParserAPIs-2.6.2.jar, /root/.m2/repository/org/apache/httpcomponents/httpcore/4.0.1/httpcore-4.0.1.jar, /root/.m2/repository/com/squareup/okhttp3/mockwebserver/3.11.0/mockwebserver-3.11.0.jar, /root/.m2/repository/org/json/json/20080701/json-20080701.jar, /root/.m2/repository/com/squareup/okhttp3/okhttp/3.11.0/okhttp-3.11.0.jar, /root/.m2/repository/org/jetbrains/kotlin/kotlin-stdlib-common/1.2.60/kotlin-stdlib-common-1.2.60.jar, /root/.m2/repository/org/jetbrains/kotlin/kotlin-stdlib/1.2.60/kotlin-stdlib-1.2.60.jar, /root/.m2/repository/org/hamcrest/hamcrest-core/1.3/hamcrest-core-1.3.jar, /root/.m2/repository/org/ow2/asm/asm-analysis/5.0.1/asm-analysis-5.0.1.jar, /root/.m2/repository/com/almworks/sqlite4java/sqlite4java/0.282/sqlite4java-0.282.jar, /root/.m2/repository/org/jetbrains/annotations/13.0/annotations-13.0.jar, /root/.m2/repository/org/robolectric/robolectric/3.0/robolectric-3.0.jar, /root/.m2/repository/org/codehaus/mojo/animal-sniffer-annotations/1.14/animal-sniffer-annotations-1.14.jar, /root/.m2/repository/org/ow2/asm/asm-commons/5.0.1/asm-commons-5.0.1.jar, /root/.m2/repository/xpp3/xpp3/1.1.4c/xpp3-1.1.4c.jar, /root/.m2/repository/org/ow2/asm/asm-tree/5.0.1/asm-tree-5.0.1.jar, /root/.m2/repository/com/squareup/okio/okio/1.14.0/okio-1.14.0.jar, /root/.m2/repository/org/robolectric/robolectric-utils/3.0/robolectric-utils-3.0.jar, /root/.m2/repository/com/ibm/icu/icu4j/53.1/icu4j-53.1.jar, /root/.m2/repository/org/robolectric/shadows-core/3.0/shadows-core-3.0.jar, /root/.m2/repository/com/google/guava/guava/19.0/guava-19.0.jar, /root/.m2/repository/org/apache/httpcomponents/httpclient/4.0.1/httpclient-4.0.1.jar, /root/.m2/repository/org/robolectric/robolectric-resources/3.0/robolectric-resources-3.0.jar, /root/.m2/repository/org/robolectric/robolectric-annotations/3.0/robolectric-annotations-3.0.jar, /root/.m2/repository/org/objenesis/objenesis/1.0/objenesis-1.0.jar, /root/.m2/repository/org/khronos/opengl-api/gl1.1-android-2.1_r1/opengl-api-gl1.1-android-2.1_r1.jar, /root/.m2/repository/org/apache/ant/ant-launcher/1.8.0/ant-launcher-1.8.0.jar, /root/.m2/repository/org/apache/ant/ant/1.8.0/ant-1.8.0.jar, /root/.m2/repository/org/ow2/asm/asm-util/5.0.1/asm-util-5.0.1.jar, /root/.m2/repository/com/ximpleware/vtd-xml/2.11/vtd-xml-2.11.jar, /root/.m2/repository/commons-codec/commons-codec/1.3/commons-codec-1.3.jar, /root/.m2/repository/org/ow2/asm/asm/5.0.1/asm-5.0.1.jar, /root/.m2/repository/commons-logging/commons-logging/1.1.1/commons-logging-1.1.1.jar, /root/.m2/repository/com/google/android/android/4.1.1.4/android-4.1.1.4.jar, /root/.m2/repository/org/assertj/assertj-core/1.7.0/assertj-core-1.7.0.jar, /root/.m2/repository/org/apache/maven/maven-ant-tasks/2.1.3/maven-ant-tasks-2.1.3.jar, /root/.m2/repository/junit/junit/4.12/junit-4.12.jar, /root/.m2/repository/org/mockito/mockito-core/1.9.5/mockito-core-1.9.5.jar, /root/.m2/repository/org/bouncycastle/bcprov-jdk16/1.46/bcprov-jdk16-1.46.jar, /root/.m2/repository/com/google/code/findbugs/jsr305/3.0.2/jsr305-3.0.2.jar]
[11535] INFO AstorCoreEngine - Number of CtTypes created: 46
[11610] INFO AstorCoreEngine - Test retrieved from classes: 0
[11738] INFO AstorCoreEngine - Setting up the max to 1280 milliseconds (1 sec)
[11738] INFO AstorCoreEngine - ---- Initial suspicious size: 1
[12111] INFO main - Total suspicious from FL: 1,  4
[12111] INFO main - Total ModPoint created: 4
[12111] INFO main - Creating program variant #1, [Variant id: 1, #gens: 4, #ops: 0, parent:-]
[12111] INFO main - Run previously failing tests...
[70687] INFO main - Failed tests: 3
[70692] INFO AstorCoreEngine - The original fitness is : 3.0
[78146] INFO ExpressionTypeIngredientSpace - Ingredient search space info : number keys 23 , number values 96 
[78146] WARN ConfigurationProperties - ----------------------------
[78147] INFO ConfigurationProperties - ---Configuration properties
[78147] INFO ConfigurationProperties - p:lastJUnitVersion= ./examples/libs/junit-4.11.jar
[78147] INFO ConfigurationProperties - p:alternativecompliancelevel= 8
[78147] INFO ConfigurationProperties - p:ignoredTestCases= 
[78147] INFO ConfigurationProperties - p:workingDirectory= /workdir/Cardumen_vul4j_square_retrofit_VUL4J-76/./output_astor
[78147] INFO ConfigurationProperties - p:manipulatesuper= false
[78147] INFO ConfigurationProperties - p:validation= externalcmd
[78147] INFO ConfigurationProperties - p:jvm4testexecution= /usr/lib/jvm/java-8-openjdk-amd64/bin
[78147] INFO ConfigurationProperties - p:operatorspace= r-expression
[78148] INFO ConfigurationProperties - p:diffcontext= 0
[78148] INFO ConfigurationProperties - p:binjavafolder= retrofit/target/classes
[78149] INFO ConfigurationProperties - p:synthesis_depth= 3
[78149] INFO ConfigurationProperties - p:gzoltartestpackagetoexclude= junit.framework
[78149] INFO ConfigurationProperties - p:skipfitnessinitialpopulation= false
[78149] INFO ConfigurationProperties - p:evosuiteresultfolder= evosuite
[78149] INFO ConfigurationProperties - p:flthreshold= 0.1
[78149] INFO ConfigurationProperties - p:regressionforfaultlocalization= true
[78149] INFO ConfigurationProperties - p:collectonlyusedmethod= false
[78149] INFO ConfigurationProperties - p:preservelinenumbers= true
[78149] INFO ConfigurationProperties - p:tmax2= 1280
[78149] INFO ConfigurationProperties - p:ingredienttransformstrategy= name-probability-based
[78149] INFO ConfigurationProperties - p:tmax1= 10000
[78149] INFO ConfigurationProperties - p:probagenmutation= false
[78149] INFO ConfigurationProperties - p:nomodificationconvergence= 100
[78149] INFO ConfigurationProperties - p:diff_type= relative
[78149] INFO ConfigurationProperties - p:targetelementprocessor= expression
[78149] INFO ConfigurationProperties - p:srctestfolder= retrofit/src/test/java
[78149] INFO ConfigurationProperties - p:forceExecuteRegression= false
[78149] INFO ConfigurationProperties - p:clusteringfilename= clustering.csv
[78150] INFO ConfigurationProperties - p:failing= retrofit2.RequestFactoryTest#pathParametersAndPathTraversal:retrofit2.RequestFactoryTest#encodedPathParametersAndPathTraversal:retrofit2.RequestFactoryTest#dotDotsOkayWhenNotFullPathSegment
[78150] INFO ConfigurationProperties - p:logtestexecution= false
[78150] INFO ConfigurationProperties - p:evo_buggy_class= true
[78150] INFO ConfigurationProperties - p:numberExecutions= 1
[78151] INFO ConfigurationProperties - p:maxnumbersolutions= 1000000
[78151] INFO ConfigurationProperties - p:evo_affected_by_op= true
[78151] INFO ConfigurationProperties - p:population= 1
[78151] INFO ConfigurationProperties - p:considerzerovaluesusp= false
[78154] INFO ConfigurationProperties - p:maxCombinationVariableLimit= true
[78154] INFO ConfigurationProperties - p:savesolution= true
[78154] INFO ConfigurationProperties - p:javacompliancelevel= 8
[78154] INFO ConfigurationProperties - p:x= x
[78155] INFO ConfigurationProperties - p:uniqueoptogen= false
[78155] INFO ConfigurationProperties - p:gzoltarpackagetonotinstrument= junit.framework
[78155] INFO ConfigurationProperties - p:projectIdentifier= square_retrofit-VUL4J-76
[78155] INFO ConfigurationProperties - p:modificationpointnavigation= weight
[78155] INFO ConfigurationProperties - p:stopfirst= true
[78155] INFO ConfigurationProperties - p:multipointmodification= false
[78155] INFO ConfigurationProperties - p:elementsToMutate= 10
[78155] INFO ConfigurationProperties - p:jsonoutputname= astor_output
[78156] INFO ConfigurationProperties - p:evoDSE= false
[78156] INFO ConfigurationProperties - p:bintestfolder= retrofit/target/test-classes
[78156] INFO ConfigurationProperties - p:testbystep= false
[78156] INFO ConfigurationProperties - p:version-location= ./math-version/
[78156] INFO ConfigurationProperties - p:reintroduce= PARENTS:ORIGINAL
[78156] INFO ConfigurationProperties - p:perfectdata= /script/../data/benchmarks/vul4j/perfectfl/VUL4J-76
[78156] INFO ConfigurationProperties - p:executorjar= ./lib/jtestex7.jar
[78156] INFO ConfigurationProperties - p:maxGeneration= 1000000
[78156] INFO ConfigurationProperties - p:max_synthesis_step= 10000
[78156] INFO ConfigurationProperties - p:projectinfocommand= com.github.tdurieux:project-config-maven-plugin:info
[78156] INFO ConfigurationProperties - p:maxVarCombination= 1000
[78156] INFO ConfigurationProperties - p:maxtime= 120
[78156] INFO ConfigurationProperties - p:evosuitejar= ./lib/evosuite-master-1.0.4-SNAPSHOT.jar
[78156] INFO ConfigurationProperties - p:jvmversion= 1.8.0_342
[78170] INFO ConfigurationProperties - p:commandTrunk= 50000
[78170] INFO ConfigurationProperties - p:faultlocalization= perfect
[78170] INFO ConfigurationProperties - p:resetmodel= true
[78170] INFO ConfigurationProperties - p:maxsuspcandidates= 1000
[78170] INFO ConfigurationProperties - p:mode= cardumen
[78170] INFO ConfigurationProperties - p:learningdir= 
[78170] INFO ConfigurationProperties - p:jvm4evosuitetestexecution= /usr/lib/jvm/java-8-openjdk-amd64/bin
[78170] INFO ConfigurationProperties - p:filterfaultlocalization= true
[78171] INFO ConfigurationProperties - p:mutationrate= 1 
[78171] INFO ConfigurationProperties - p:pathToMVNRepository= 
[78171] INFO ConfigurationProperties - p:resourcesfolder= /src/main/resources:/src/test/resources:
[78171] INFO ConfigurationProperties - p:timezone= America/Los_Angeles
[78171] INFO ConfigurationProperties - p:runjava7code= false
[78171] INFO ConfigurationProperties - p:testfailingcmd= mvn test -pl retrofit -Dtest=retrofit2.RequestFactoryTest -Dhttps.protocols=TLSv1.2 -Denforcer.skip=true -Dcheckstyle.skip=true -Dcobertura.skip=true -DskipITs=true -Drat.skip=true -Dlicense.skip=true -Dpmd.skip=true -Dfindbugs.skip=true -Dgpg.skip=true -Dskip.npm=true -Dskip.gulp=true -Dskip.bower=true -Danimal.sniffer.skip=true -V -B
[78171] INFO ConfigurationProperties - p:evoRunOnBuggyClass= true
[78171] INFO ConfigurationProperties - p:compiler= fr.inria.astor.core.manipulation.bytecode.compiler.SpoonClassCompiler
[78171] INFO ConfigurationProperties - p:limitbysuspicious= true
[78171] INFO ConfigurationProperties - p:logsattemps= true
[78171] INFO ConfigurationProperties - p:dependenciespath= /root/.m2/repository/com/google/android/apps/common/testing/accessibility/framework/accessibility-test-framework/1.0/accessibility-test-framework-1.0.jar:/root/.m2/repository/xerces/xmlParserAPIs/2.6.2/xmlParserAPIs-2.6.2.jar:/root/.m2/repository/org/apache/httpcomponents/httpcore/4.0.1/httpcore-4.0.1.jar:/root/.m2/repository/com/squareup/okhttp3/mockwebserver/3.11.0/mockwebserver-3.11.0.jar:/root/.m2/repository/org/json/json/20080701/json-20080701.jar:/root/.m2/repository/com/squareup/okhttp3/okhttp/3.11.0/okhttp-3.11.0.jar:/root/.m2/repository/org/jetbrains/kotlin/kotlin-stdlib-common/1.2.60/kotlin-stdlib-common-1.2.60.jar:/root/.m2/repository/org/jetbrains/kotlin/kotlin-stdlib/1.2.60/kotlin-stdlib-1.2.60.jar:/root/.m2/repository/org/hamcrest/hamcrest-core/1.3/hamcrest-core-1.3.jar:/root/.m2/repository/org/ow2/asm/asm-analysis/5.0.1/asm-analysis-5.0.1.jar:/root/.m2/repository/com/almworks/sqlite4java/sqlite4java/0.282/sqlite4java-0.282.jar:/root/.m2/repository/org/jetbrains/annotations/13.0/annotations-13.0.jar:/root/.m2/repository/org/robolectric/robolectric/3.0/robolectric-3.0.jar:/root/.m2/repository/org/codehaus/mojo/animal-sniffer-annotations/1.14/animal-sniffer-annotations-1.14.jar:/root/.m2/repository/org/ow2/asm/asm-commons/5.0.1/asm-commons-5.0.1.jar:/root/.m2/repository/xpp3/xpp3/1.1.4c/xpp3-1.1.4c.jar:/root/.m2/repository/org/ow2/asm/asm-tree/5.0.1/asm-tree-5.0.1.jar:/root/.m2/repository/com/squareup/okio/okio/1.14.0/okio-1.14.0.jar:/root/.m2/repository/org/robolectric/robolectric-utils/3.0/robolectric-utils-3.0.jar:/root/.m2/repository/com/ibm/icu/icu4j/53.1/icu4j-53.1.jar:/root/.m2/repository/org/robolectric/shadows-core/3.0/shadows-core-3.0.jar:/root/.m2/repository/com/google/guava/guava/19.0/guava-19.0.jar:/root/.m2/repository/org/apache/httpcomponents/httpclient/4.0.1/httpclient-4.0.1.jar:/root/.m2/repository/org/robolectric/robolectric-resources/3.0/robolectric-resources-3.0.jar:/root/.m2/repository/org/robolectric/robolectric-annotations/3.0/robolectric-annotations-3.0.jar:/root/.m2/repository/org/objenesis/objenesis/1.0/objenesis-1.0.jar:/root/.m2/repository/org/khronos/opengl-api/gl1.1-android-2.1_r1/opengl-api-gl1.1-android-2.1_r1.jar:/root/.m2/repository/org/apache/ant/ant-launcher/1.8.0/ant-launcher-1.8.0.jar:/root/.m2/repository/org/apache/ant/ant/1.8.0/ant-1.8.0.jar:/root/.m2/repository/org/ow2/asm/asm-util/5.0.1/asm-util-5.0.1.jar:/root/.m2/repository/com/ximpleware/vtd-xml/2.11/vtd-xml-2.11.jar:/root/.m2/repository/commons-codec/commons-codec/1.3/commons-codec-1.3.jar:/root/.m2/repository/org/ow2/asm/asm/5.0.1/asm-5.0.1.jar:/root/.m2/repository/commons-logging/commons-logging/1.1.1/commons-logging-1.1.1.jar:/root/.m2/repository/com/google/android/android/4.1.1.4/android-4.1.1.4.jar:/root/.m2/repository/org/assertj/assertj-core/1.7.0/assertj-core-1.7.0.jar:/root/.m2/repository/org/apache/maven/maven-ant-tasks/2.1.3/maven-ant-tasks-2.1.3.jar:/root/.m2/repository/junit/junit/4.12/junit-4.12.jar:/root/.m2/repository/org/mockito/mockito-core/1.9.5/mockito-core-1.9.5.jar:/root/.m2/repository/org/bouncycastle/bcprov-jdk16/1.46/bcprov-jdk16-1.46.jar:/root/.m2/repository/com/google/code/findbugs/jsr305/3.0.2/jsr305-3.0.2.jar
[78171] INFO ConfigurationProperties - p:packageToInstrument= 
[78171] INFO ConfigurationProperties - p:skipfaultlocalization= false
[78171] INFO ConfigurationProperties - p:scope= local
[78171] INFO ConfigurationProperties - p:transformingredient= false
[78171] INFO ConfigurationProperties - p:fitnessfunction= fr.inria.astor.core.solutionsearch.population.TestCaseFitnessFunction
[78171] INFO ConfigurationProperties - p:maxnumvariablesperingredient= 10
[78171] INFO ConfigurationProperties - p:parsesourcefromoriginal= true
[78172] INFO ConfigurationProperties - p:pvariantfoldername= variant-
[78172] INFO ConfigurationProperties - p:savespoonmodelondisk= false
[78172] INFO ConfigurationProperties - p:srcjavafolder= retrofit/src/main/java
[78172] INFO ConfigurationProperties - p:populationcontroller= fr.inria.astor.core.solutionsearch.population.TestCaseBasedFitnessPopulationController
[78172] INFO ConfigurationProperties - p:ignoreflakyinfl= false
[78172] INFO ConfigurationProperties - p:cleantemplates= true
[78172] INFO ConfigurationProperties - p:applyCrossover= false
[78172] INFO ConfigurationProperties - p:maxmodificationpoints= 1000
[78172] INFO ConfigurationProperties - p:duplicateingredientsinspace= false
[78172] INFO ConfigurationProperties - p:metid= 0
[78173] INFO ConfigurationProperties - p:continuewhenmodelfail= true
[78173] INFO ConfigurationProperties - p:saveall= false
[78173] INFO ConfigurationProperties - p:seed= 0
[78173] INFO ConfigurationProperties - p:savecompletepatched= true
[78174] INFO ConfigurationProperties - p:resetoperations= false
[78174] INFO ConfigurationProperties - p:keepcomments= false
[78175] INFO ConfigurationProperties - p:processoutputinfile= false
[78175] INFO ConfigurationProperties - p:location= .
[78175] INFO ConfigurationProperties - p:probabilistictransformation= true
[78175] INFO ConfigurationProperties - p:overridemaxtime= true
[78175] INFO ConfigurationProperties - p:ingredientstrategy= name-probability-based
[78175] INFO ConfigurationProperties - p:outputjsonresult= true
[78175] INFO ConfigurationProperties - p:allpoints= false
[78175] INFO ConfigurationProperties - p:antipattern= false
[78175] INFO ConfigurationProperties - p:bugId= 280
[78175] INFO ConfigurationProperties - p:evosuitetimeout= 120
[78175] INFO ConfigurationProperties - p:maxtimefactor= 10
[78175] INFO ConfigurationProperties - p:nrPlaceholders= 1
[78175] INFO ConfigurationProperties - p:testallcmd= mvn test -pl retrofit -Dhttps.protocols=TLSv1.2 -Denforcer.skip=true -Dcheckstyle.skip=true -Dcobertura.skip=true -DskipITs=true -Drat.skip=true -Dlicense.skip=true -Dpmd.skip=true -Dfindbugs.skip=true -Dgpg.skip=true -Dskip.npm=true -Dskip.gulp=true -Dskip.bower=true -Danimal.sniffer.skip=true -V -B
[78175] INFO ConfigurationProperties - p:forcesubprocesskilling= false
[78175] INFO ConfigurationProperties - ----------------------------
[78175] INFO AstorCoreEngine - ----Starting Solution Search
[78177] WARN AstorCoreEngine - ----------Running generation: 1, population size: 1
[82481] INFO main - Run previously failing tests...
[151602] INFO main - Failed tests: 15
[151619] WARN AstorCoreEngine - ----------Running generation: 2, population size: 1
[152719] INFO main - Run previously failing tests...
[205959] INFO main - Failed tests: 15
[205973] WARN AstorCoreEngine - ----------Running generation: 3, population size: 1
[207120] INFO main - Run previously failing tests...
[263854] INFO main - Failed tests: 3
[263899] WARN AstorCoreEngine - ----------Running generation: 4, population size: 1
[265835] INFO main - Run previously failing tests...
[327506] INFO main - Failed tests: 15
[327523] WARN AstorCoreEngine - ----------Running generation: 5, population size: 1
[328793] INFO main - Run previously failing tests...
[384687] INFO main - Failed tests: 15
[384722] WARN AstorCoreEngine - ----------Running generation: 6, population size: 1
[385826] INFO main - Run previously failing tests...
[445485] INFO main - Failed tests: 15
[445500] WARN AstorCoreEngine - ----------Running generation: 7, population size: 1
[447453] INFO main - Run previously failing tests...
[511305] INFO main - Failed tests: 3
[511316] WARN AstorCoreEngine - ----------Running generation: 8, population size: 1
[512323] INFO main - Run previously failing tests...
[578610] INFO main - Failed tests: 3
[578626] WARN AstorCoreEngine - ----------Running generation: 9, population size: 1
[579706] INFO main - Run previously failing tests...
[643861] INFO main - Failed tests: 3
[643875] WARN AstorCoreEngine - ----------Running generation: 10, population size: 1
[644628] INFO main - Run previously failing tests...
[700736] INFO main - Failed tests: 3
[700761] WARN AstorCoreEngine - ----------Running generation: 11, population size: 1
[702173] INFO main - Run previously failing tests...
[758664] INFO main - Failed tests: 15
[758676] WARN AstorCoreEngine - ----------Running generation: 12, population size: 1
[759963] INFO main - Run previously failing tests...
[823810] INFO main - Failed tests: 3
[823834] WARN AstorCoreEngine - ----------Running generation: 13, population size: 1
[824685] INFO main - Run previously failing tests...
[880538] INFO main - Failed tests: 15
[880546] WARN AstorCoreEngine - ----------Running generation: 14, population size: 1
[881329] INFO main - Run previously failing tests...
java.io.IOException: Stream closed
	at java.io.BufferedInputStream.getBufIfOpen(BufferedInputStream.java:170)
	at java.io.BufferedInputStream.read(BufferedInputStream.java:336)
	at sun.nio.cs.StreamDecoder.readBytes(StreamDecoder.java:284)
	at sun.nio.cs.StreamDecoder.implRead(StreamDecoder.java:326)
	at sun.nio.cs.StreamDecoder.read(StreamDecoder.java:178)
	at java.io.InputStreamReader.read(InputStreamReader.java:184)
	at java.io.BufferedReader.fill(BufferedReader.java:161)
	at java.io.BufferedReader.readLine(BufferedReader.java:324)
	at java.io.BufferedReader.readLine(BufferedReader.java:389)
	at fr.inria.astor.core.validation.StreamReaderThread.run(ExternalCmdValidator.java:180)
java.lang.IllegalStateException: Exception Occurred
	at fr.inria.astor.core.validation.ExternalCmdValidator.runShell(ExternalCmdValidator.java:142)
	at fr.inria.astor.core.validation.ExternalCmdValidator.runTests(ExternalCmdValidator.java:87)
	at fr.inria.astor.core.validation.ExternalCmdValidator.validate(ExternalCmdValidator.java:44)
	at fr.inria.astor.core.solutionsearch.AstorCoreEngine.validateInstance(AstorCoreEngine.java:522)
	at fr.inria.astor.core.solutionsearch.AstorCoreEngine.processCreatedVariant(AstorCoreEngine.java:443)
	at fr.inria.astor.core.solutionsearch.EvolutionarySearchEngine.processGenerations(EvolutionarySearchEngine.java:164)
	at fr.inria.astor.core.solutionsearch.EvolutionarySearchEngine.startEvolution(EvolutionarySearchEngine.java:70)
	at fr.inria.main.evolution.AstorMain.run(AstorMain.java:189)
	at fr.inria.main.evolution.AstorMain.execute(AstorMain.java:233)
	at fr.inria.main.evolution.AstorMain.main(AstorMain.java:204)
[881615] WARN AstorCoreEngine - ----------Running generation: 15, population size: 1
[882346] INFO main - Run previously failing tests...
[944718] INFO main - Failed tests: 15
[944735] WARN AstorCoreEngine - ----------Running generation: 16, population size: 1
[946385] INFO main - Run previously failing tests...
[998688] INFO main - Failed tests: 3
[998693] WARN AstorCoreEngine - ----------Running generation: 17, population size: 1
[999636] INFO main - Run previously failing tests...
[1054726] INFO main - Failed tests: 3
[1054740] WARN AstorCoreEngine - ----------Running generation: 18, population size: 1
[1055742] INFO main - Run previously failing tests...
[1126513] INFO main - Failed tests: 3
[1126549] WARN AstorCoreEngine - ----------Running generation: 19, population size: 1
[1127654] INFO main - Run previously failing tests...
[1180314] INFO main - Failed tests: 3
[1180325] WARN AstorCoreEngine - ----------Running generation: 20, population size: 1
[1180990] INFO main - Run previously failing tests...
[1248266] INFO main - Failed tests: 3
[1248301] WARN AstorCoreEngine - ----------Running generation: 21, population size: 1
[1249782] INFO main - Run previously failing tests...
[1305100] INFO main - Failed tests: 3
[1305107] WARN AstorCoreEngine - ----------Running generation: 22, population size: 1
[1305918] INFO main - Run previously failing tests...
[1364501] INFO main - Failed tests: 3
[1364507] WARN AstorCoreEngine - ----------Running generation: 23, population size: 1
[1365265] INFO main - Run previously failing tests...
[1427443] INFO main - Failed tests: 15
[1427460] WARN AstorCoreEngine - ----------Running generation: 24, population size: 1
[1428215] INFO main - Run previously failing tests...
[1479555] INFO main - Failed tests: 15
[1479572] WARN AstorCoreEngine - ----------Running generation: 25, population size: 1
[1480349] INFO main - Run previously failing tests...
[1541615] INFO main - Failed tests: 3
[1541649] WARN AstorCoreEngine - ----------Running generation: 26, population size: 1
[1542493] INFO main - Run previously failing tests...
[1608673] INFO main - Failed tests: 15
[1608680] WARN AstorCoreEngine - ----------Running generation: 27, population size: 1
[1609107] INFO main - Run previously failing tests...
[1663680] INFO main - Failed tests: 3
[1663686] WARN AstorCoreEngine - ----------Running generation: 28, population size: 1
[1664425] INFO main - Run previously failing tests...
[1726561] INFO main - Failed tests: 3
[1726569] WARN AstorCoreEngine - ----------Running generation: 29, population size: 1
[1727681] INFO main - Run previously failing tests...
[1789967] INFO main - Failed tests: 3
[1790006] WARN AstorCoreEngine - ----------Running generation: 30, population size: 1
[1791289] INFO main - Run previously failing tests...
[1849442] INFO main - Failed tests: 15
[1849455] WARN AstorCoreEngine - ----------Running generation: 31, population size: 1
[1850429] INFO main - Run previously failing tests...
[1911207] INFO main - Failed tests: 3
[1911220] WARN AstorCoreEngine - ----------Running generation: 32, population size: 1
[1912047] INFO main - Run previously failing tests...
[1971341] INFO main - Failed tests: 3
[1971350] WARN AstorCoreEngine - ----------Running generation: 33, population size: 1
[1972052] INFO main - Run previously failing tests...
[2032047] INFO main - Failed tests: 3
[2032062] WARN AstorCoreEngine - ----------Running generation: 34, population size: 1
[2033256] INFO main - Run previously failing tests...
[2099949] INFO main - Failed tests: 15
[2099955] WARN AstorCoreEngine - ----------Running generation: 35, population size: 1
[2100438] INFO main - Run previously failing tests...
[2154274] INFO main - Failed tests: 3
[2154288] WARN AstorCoreEngine - ----------Running generation: 36, population size: 1
[2155070] INFO main - Run previously failing tests...
[2218267] INFO main - Failed tests: 3
[2218284] WARN AstorCoreEngine - ----------Running generation: 37, population size: 1
[2219213] INFO main - Run previously failing tests...
[2266708] INFO main - Failed tests: 3
[2266715] WARN AstorCoreEngine - ----------Running generation: 38, population size: 1
[2267460] INFO main - Run previously failing tests...
[2311363] INFO main - Failed tests: 3
[2311370] WARN AstorCoreEngine - ----------Running generation: 39, population size: 1
[2311783] INFO main - Run previously failing tests...
[2367248] INFO main - Failed tests: 3
[2367260] WARN AstorCoreEngine - ----------Running generation: 40, population size: 1
[2367666] INFO main - Run previously failing tests...
[2411077] INFO main - Failed tests: 3
[2411083] WARN AstorCoreEngine - ----------Running generation: 41, population size: 1
[2411753] INFO main - Run previously failing tests...
[2457537] INFO main - Failed tests: 3
[2457548] WARN AstorCoreEngine - ----------Running generation: 42, population size: 1
[2458073] INFO main - Run previously failing tests...
[2512034] INFO main - Failed tests: 15
[2512054] WARN AstorCoreEngine - ----------Running generation: 43, population size: 1
[2512902] INFO main - Run previously failing tests...
[2552682] INFO main - Failed tests: 3
[2552687] WARN AstorCoreEngine - ----------Running generation: 44, population size: 1
[2553173] INFO main - Run previously failing tests...
[2603327] INFO main - Failed tests: 3
[2603344] WARN AstorCoreEngine - ----------Running generation: 45, population size: 1
[2604160] INFO main - Run previously failing tests...
[2646116] INFO main - Failed tests: 3
[2646122] WARN AstorCoreEngine - ----------Running generation: 46, population size: 1
[2646603] INFO main - Run previously failing tests...
[2679201] INFO main - Failed tests: 3
[2679213] WARN AstorCoreEngine - ----------Running generation: 47, population size: 1
[2679710] INFO main - Run previously failing tests...
[2717811] INFO main - Failed tests: 15
[2717817] WARN AstorCoreEngine - ----------Running generation: 48, population size: 1
[2718329] INFO main - Run previously failing tests...
[2763071] INFO main - Failed tests: 3
[2763083] WARN AstorCoreEngine - ----------Running generation: 49, population size: 1
[2763557] INFO main - Run previously failing tests...
[2793965] INFO main - Failed tests: 15
[2793968] WARN AstorCoreEngine - ----------Running generation: 50, population size: 1
[2794377] INFO main - Run previously failing tests...
[2831949] INFO main - Failed tests: 3
[2831961] WARN AstorCoreEngine - ----------Running generation: 51, population size: 1
[2832478] INFO main - Run previously failing tests...
[2869513] INFO main - Failed tests: 3
[2869521] WARN AstorCoreEngine - ----------Running generation: 52, population size: 1
[2870166] INFO main - Run previously failing tests...
[2902542] INFO main - Failed tests: 3
[2902548] WARN AstorCoreEngine - ----------Running generation: 53, population size: 1
[2902948] INFO main - Run previously failing tests...
[2932605] INFO main - Failed tests: 15
[2932612] WARN AstorCoreEngine - ----------Running generation: 54, population size: 1
[2932904] INFO main - Run previously failing tests...
[2964273] INFO main - Failed tests: 15
[2964295] WARN AstorCoreEngine - ----------Running generation: 55, population size: 1
[2964757] INFO main - Run previously failing tests...
[2993292] INFO main - Failed tests: 3
[2993304] WARN AstorCoreEngine - ----------Running generation: 56, population size: 1
[2993568] INFO main - Run previously failing tests...
[3026240] INFO main - Failed tests: 3
[3026253] WARN AstorCoreEngine - ----------Running generation: 57, population size: 1
[3026546] INFO main - Run previously failing tests...
[3057171] INFO main - Failed tests: 3
[3057182] WARN AstorCoreEngine - ----------Running generation: 58, population size: 1
[3057452] INFO main - Run previously failing tests...
[3089049] INFO main - Failed tests: 3
[3089055] WARN AstorCoreEngine - ----------Running generation: 59, population size: 1
[3089523] INFO main - Run previously failing tests...
[3119251] INFO main - Failed tests: 3
[3119264] WARN AstorCoreEngine - ----------Running generation: 60, population size: 1
[3119560] INFO main - Run previously failing tests...
[3150855] INFO main - Failed tests: 3
[3150859] WARN AstorCoreEngine - ----------Running generation: 61, population size: 1
[3151185] INFO main - Run previously failing tests...
[3180470] INFO main - Failed tests: 3
[3180480] WARN AstorCoreEngine - ----------Running generation: 62, population size: 1
[3180803] INFO main - Run previously failing tests...
[3212431] INFO main - Failed tests: 15
[3212442] WARN AstorCoreEngine - ----------Running generation: 63, population size: 1
[3212729] INFO main - Run previously failing tests...
[3244010] INFO main - Failed tests: 3
[3244023] WARN AstorCoreEngine - ----------Running generation: 64, population size: 1
[3244322] INFO main - Run previously failing tests...
[3273632] INFO main - Failed tests: 3
[3273637] WARN AstorCoreEngine - ----------Running generation: 65, population size: 1
[3274012] INFO main - Run previously failing tests...
[3305694] INFO main - Failed tests: 15
[3305707] WARN AstorCoreEngine - ----------Running generation: 66, population size: 1
[3306218] INFO main - Run previously failing tests...
[3335234] INFO main - Failed tests: 3
[3335240] WARN AstorCoreEngine - ----------Running generation: 67, population size: 1
[3335609] INFO main - Run previously failing tests...
[3367162] INFO main - Failed tests: 15
[3367169] WARN AstorCoreEngine - ----------Running generation: 68, population size: 1
[3367452] INFO main - Run previously failing tests...
[3397020] INFO main - Failed tests: 3
[3397035] WARN AstorCoreEngine - ----------Running generation: 69, population size: 1
[3397392] INFO main - Run previously failing tests...
[3429384] INFO main - Failed tests: 3
[3429390] WARN AstorCoreEngine - ----------Running generation: 70, population size: 1
[3429814] INFO main - Run previously failing tests...
[3458815] INFO main - Failed tests: 3
[3458821] WARN AstorCoreEngine - ----------Running generation: 71, population size: 1
[3459285] INFO main - Run previously failing tests...
[3491087] INFO main - Failed tests: 15
[3491092] WARN AstorCoreEngine - ----------Running generation: 72, population size: 1
[3491419] INFO main - Run previously failing tests...
[3520491] INFO main - Failed tests: 3
[3520505] WARN AstorCoreEngine - ----------Running generation: 73, population size: 1
[3521161] INFO main - Run previously failing tests...
[3553262] INFO main - Failed tests: 15
[3553272] WARN AstorCoreEngine - ----------Running generation: 74, population size: 1
[3553542] INFO main - Run previously failing tests...
[3583381] INFO main - Failed tests: 3
[3583396] WARN AstorCoreEngine - ----------Running generation: 75, population size: 1
[3583772] INFO main - Run previously failing tests...
[3615551] INFO main - Failed tests: 3
[3615558] WARN AstorCoreEngine - ----------Running generation: 76, population size: 1
[3615938] INFO main - Run previously failing tests...
[3645022] INFO main - Failed tests: 3
[3645034] WARN AstorCoreEngine - ----------Running generation: 77, population size: 1
[3645393] INFO main - Run previously failing tests...
[3673904] INFO main - Failed tests: 15
[3673909] WARN AstorCoreEngine - ----------Running generation: 78, population size: 1
[3674259] INFO main - Run previously failing tests...
[3698881] INFO main - Failed tests: 3
[3698887] WARN AstorCoreEngine - ----------Running generation: 79, population size: 1
[3699273] INFO main - Run previously failing tests...
[3719136] INFO main - Failed tests: 3
[3719147] WARN AstorCoreEngine - ----------Running generation: 80, population size: 1
[3719396] INFO main - Run previously failing tests...
[3737853] INFO main - Failed tests: 3
[3737863] WARN AstorCoreEngine - ----------Running generation: 81, population size: 1
[3738094] INFO main - Run previously failing tests...
[3757646] INFO main - Failed tests: 3
[3757656] WARN AstorCoreEngine - ----------Running generation: 82, population size: 1
[3757912] INFO main - Run previously failing tests...
[3776991] INFO main - Failed tests: 3
[3776993] WARN AstorCoreEngine - ----------Running generation: 83, population size: 1
[3777229] INFO main - Run previously failing tests...
[3795943] INFO main - Failed tests: 3
[3795952] WARN AstorCoreEngine - ----------Running generation: 84, population size: 1
[3796176] INFO main - Run previously failing tests...
[3814958] INFO main - Failed tests: 15
[3814968] WARN AstorCoreEngine - ----------Running generation: 85, population size: 1
[3815204] INFO main - Run previously failing tests...
[3834604] INFO main - Failed tests: 3
[3834607] WARN AstorCoreEngine - ----------Running generation: 86, population size: 1
[3834988] INFO main - Run previously failing tests...
[3853695] INFO main - Failed tests: 3
[3853697] WARN AstorCoreEngine - ----------Running generation: 87, population size: 1
[3853928] INFO main - Run previously failing tests...
[3872839] INFO main - Failed tests: 3
[3872848] WARN AstorCoreEngine - ----------Running generation: 88, population size: 1
[3873074] INFO main - Run previously failing tests...
[3891892] INFO main - Failed tests: 3
[3891895] WARN AstorCoreEngine - ----------Running generation: 89, population size: 1
[3892162] INFO main - Run previously failing tests...
[3911815] INFO main - Failed tests: 3
[3911819] WARN AstorCoreEngine - ----------Running generation: 90, population size: 1
[3912062] INFO main - Run previously failing tests...
[3930894] INFO main - Failed tests: 3
[3930902] WARN AstorCoreEngine - ----------Running generation: 91, population size: 1
[3931144] INFO main - Run previously failing tests...
[3948931] INFO main - Failed tests: 3
[3948940] WARN AstorCoreEngine - ----------Running generation: 92, population size: 1
[3949281] INFO main - Run previously failing tests...
[3968118] INFO main - Failed tests: 3
[3968126] WARN AstorCoreEngine - ----------Running generation: 93, population size: 1
[3968345] INFO main - Run previously failing tests...
[3987404] INFO main - Failed tests: 3
[3987415] WARN AstorCoreEngine - ----------Running generation: 94, population size: 1
[3987662] INFO main - Run previously failing tests...
[4006680] INFO main - Failed tests: 3
[4006682] WARN AstorCoreEngine - ----------Running generation: 95, population size: 1
[4006906] INFO main - Run previously failing tests...
[4025828] INFO main - Failed tests: 3
[4025835] WARN AstorCoreEngine - ----------Running generation: 96, population size: 1
[4026078] INFO main - Run previously failing tests...
[4044983] INFO main - Failed tests: 3
[4044993] WARN AstorCoreEngine - ----------Running generation: 97, population size: 1
[4045222] INFO main - Run previously failing tests...
[4064569] INFO main - Failed tests: 3
[4064576] WARN AstorCoreEngine - ----------Running generation: 98, population size: 1
[4064800] INFO main - Run previously failing tests...
[4082750] INFO main - Failed tests: 3
[4082759] WARN AstorCoreEngine - ----------Running generation: 99, population size: 1
[4082982] INFO main - Run previously failing tests...
[4102043] INFO main - Failed tests: 3
[4102045] WARN AstorCoreEngine - ----------Running generation: 100, population size: 1
[4102288] INFO main - Run previously failing tests...
[4120244] INFO main - Failed tests: 3
[4120254] WARN AstorCoreEngine - ----------Running generation: 101, population size: 1
[4120475] INFO main - Run previously failing tests...
[4140020] INFO main - Failed tests: 15
[4140028] WARN AstorCoreEngine - ----------Running generation: 102, population size: 1
[4140268] INFO main - Run previously failing tests...
[4158930] INFO main - Failed tests: 3
[4158932] WARN AstorCoreEngine - ----------Running generation: 103, population size: 1
[4159152] INFO main - Run previously failing tests...
[4177817] INFO main - Failed tests: 3
[4177825] WARN AstorCoreEngine - ----------Running generation: 104, population size: 1
[4178071] INFO main - Run previously failing tests...
[4196018] INFO main - Failed tests: 3
[4196028] WARN AstorCoreEngine - ----------Running generation: 105, population size: 1
[4196236] INFO main - Run previously failing tests...
[4216086] INFO main - Failed tests: 3
[4216093] WARN AstorCoreEngine - ----------Running generation: 106, population size: 1
[4216318] INFO main - Run previously failing tests...
[4234774] INFO main - Failed tests: 3
[4234783] WARN AstorCoreEngine - ----------Running generation: 107, population size: 1
[4235012] INFO main - Run previously failing tests...
[4254294] INFO main - Failed tests: 3
[4254303] WARN AstorCoreEngine - ----------Running generation: 108, population size: 1
[4254558] INFO main - Run previously failing tests...
[4273713] INFO main - Failed tests: 3
[4273722] WARN AstorCoreEngine - ----------Running generation: 109, population size: 1
[4273947] INFO main - Run previously failing tests...
[4292898] INFO main - Failed tests: 15
[4292901] WARN AstorCoreEngine - ----------Running generation: 110, population size: 1
[4293121] INFO main - Run previously failing tests...
[4310663] INFO main - Failed tests: 15
[4310666] WARN AstorCoreEngine - ----------Running generation: 111, population size: 1
[4310887] INFO main - Run previously failing tests...
[4329425] INFO main - Failed tests: 3
[4329433] WARN AstorCoreEngine - ----------Running generation: 112, population size: 1
[4329668] INFO main - Run previously failing tests...
[4348342] INFO main - Failed tests: 15
[4348346] WARN AstorCoreEngine - ----------Running generation: 113, population size: 1
[4348580] INFO main - Run previously failing tests...
[4367706] INFO main - Failed tests: 3
[4367714] WARN AstorCoreEngine - ----------Running generation: 114, population size: 1
[4367943] INFO main - Run previously failing tests...
[4385787] INFO main - Failed tests: 3
[4385789] WARN AstorCoreEngine - ----------Running generation: 115, population size: 1
[4386013] INFO main - Run previously failing tests...
[4404699] INFO main - Failed tests: 15
[4404702] WARN AstorCoreEngine - ----------Running generation: 116, population size: 1
[4405011] INFO main - Run previously failing tests...
[4422908] INFO main - Failed tests: 3
[4422910] WARN AstorCoreEngine - ----------Running generation: 117, population size: 1
[4423127] INFO main - Run previously failing tests...
[4442221] INFO main - Failed tests: 3
[4442231] WARN AstorCoreEngine - ----------Running generation: 118, population size: 1
[4442750] INFO main - Run previously failing tests...
[4461559] INFO main - Failed tests: 15
[4461567] WARN AstorCoreEngine - ----------Running generation: 119, population size: 1
[4461787] INFO main - Run previously failing tests...
[4480554] INFO main - Failed tests: 3
[4480564] WARN AstorCoreEngine - ----------Running generation: 120, population size: 1
[4480804] INFO main - Run previously failing tests...
[4498684] INFO main - Failed tests: 15
[4498693] WARN AstorCoreEngine - ----------Running generation: 121, population size: 1
[4498907] INFO main - Run previously failing tests...
[4517734] INFO main - Failed tests: 3
[4517743] WARN AstorCoreEngine - ----------Running generation: 122, population size: 1
[4517971] INFO main - Run previously failing tests...
[4536110] INFO main - Failed tests: 3
[4536113] WARN AstorCoreEngine - ----------Running generation: 123, population size: 1
[4536375] INFO main - Run previously failing tests...
[4554462] INFO main - Failed tests: 3
[4554465] WARN AstorCoreEngine - ----------Running generation: 124, population size: 1
[4554737] INFO main - Run previously failing tests...
[4572751] INFO main - Failed tests: 15
[4572753] WARN AstorCoreEngine - ----------Running generation: 125, population size: 1
[4572970] INFO main - Run previously failing tests...
[4591727] INFO main - Failed tests: 3
[4591736] WARN AstorCoreEngine - ----------Running generation: 126, population size: 1
[4591973] INFO main - Run previously failing tests...
[4610972] INFO main - Failed tests: 3
[4610980] WARN AstorCoreEngine - ----------Running generation: 127, population size: 1
[4611194] INFO main - Run previously failing tests...
[4629859] INFO main - Failed tests: 15
[4629861] WARN AstorCoreEngine - ----------Running generation: 128, population size: 1
[4630096] INFO main - Run previously failing tests...
[4648956] INFO main - Failed tests: 15
[4648964] WARN AstorCoreEngine - ----------Running generation: 129, population size: 1
[4649237] INFO main - Run previously failing tests...
[4667990] INFO main - Failed tests: 15
[4667994] WARN AstorCoreEngine - ----------Running generation: 130, population size: 1
[4668212] INFO main - Run previously failing tests...
[4687355] INFO main - Failed tests: 3
[4687363] WARN AstorCoreEngine - ----------Running generation: 131, population size: 1
[4687599] INFO main - Run previously failing tests...
[4706208] INFO main - Failed tests: 3
[4706211] WARN AstorCoreEngine - ----------Running generation: 132, population size: 1
[4706437] INFO main - Run previously failing tests...
[4725469] INFO main - Failed tests: 15
[4725478] WARN AstorCoreEngine - ----------Running generation: 133, population size: 1
[4725699] INFO main - Run previously failing tests...
[4743673] INFO main - Failed tests: 15
[4743682] WARN AstorCoreEngine - ----------Running generation: 134, population size: 1
[4743951] INFO main - Run previously failing tests...
[4763043] INFO main - Failed tests: 3
[4763045] WARN AstorCoreEngine - ----------Running generation: 135, population size: 1
[4763252] INFO main - Run previously failing tests...
[4782088] INFO main - Failed tests: 3
[4782092] WARN AstorCoreEngine - ----------Running generation: 136, population size: 1
[4782316] INFO main - Run previously failing tests...
[4801156] INFO main - Failed tests: 15
[4801165] WARN AstorCoreEngine - ----------Running generation: 137, population size: 1
[4801377] INFO main - Run previously failing tests...
[4820379] INFO main - Failed tests: 3
[4820382] WARN AstorCoreEngine - ----------Running generation: 138, population size: 1
[4820611] INFO main - Run previously failing tests...
[4839672] INFO main - Failed tests: 3
[4839680] WARN AstorCoreEngine - ----------Running generation: 139, population size: 1
[4839892] INFO main - Run previously failing tests...
[4858972] INFO main - Failed tests: 3
[4858976] WARN AstorCoreEngine - ----------Running generation: 140, population size: 1
[4859248] INFO main - Run previously failing tests...
[4878449] INFO main - Failed tests: 3
[4878454] WARN AstorCoreEngine - ----------Running generation: 141, population size: 1
[4878672] INFO main - Run previously failing tests...
[4896354] INFO main - Failed tests: 3
[4896363] WARN AstorCoreEngine - ----------Running generation: 142, population size: 1
[4896574] INFO main - Run previously failing tests...
[4915652] INFO main - Failed tests: 3
[4915660] WARN AstorCoreEngine - ----------Running generation: 143, population size: 1
[4915913] INFO main - Run previously failing tests...
[4935021] INFO main - Failed tests: 3
[4935031] WARN AstorCoreEngine - ----------Running generation: 144, population size: 1
[4935274] INFO main - Run previously failing tests...
[4953288] INFO main - Failed tests: 3
[4953291] WARN AstorCoreEngine - ----------Running generation: 145, population size: 1
[4953571] INFO main - Run previously failing tests...
[4972611] INFO main - Failed tests: 3
[4972613] WARN AstorCoreEngine - ----------Running generation: 146, population size: 1
[4972829] INFO main - Run previously failing tests...
[4991967] INFO main - Failed tests: 15
[4991971] WARN AstorCoreEngine - ----------Running generation: 147, population size: 1
[4992182] INFO main - Run previously failing tests...
[5010224] INFO main - Failed tests: 3
[5010226] WARN AstorCoreEngine - ----------Running generation: 148, population size: 1
[5010445] INFO main - Run previously failing tests...
[5029399] INFO main - Failed tests: 3
[5029408] WARN AstorCoreEngine - ----------Running generation: 149, population size: 1
[5029629] INFO main - Run previously failing tests...
[5048265] INFO main - Failed tests: 3
[5048274] WARN AstorCoreEngine - ----------Running generation: 150, population size: 1
[5048553] INFO main - Run previously failing tests...
[5067338] INFO main - Failed tests: 3
[5067346] WARN AstorCoreEngine - ----------Running generation: 151, population size: 1
[5067564] INFO main - Run previously failing tests...
[5085514] INFO main - Failed tests: 15
[5085525] WARN AstorCoreEngine - ----------Running generation: 152, population size: 1
[5085735] INFO main - Run previously failing tests...
[5104636] INFO main - Failed tests: 15
[5104645] WARN AstorCoreEngine - ----------Running generation: 153, population size: 1
[5104872] INFO main - Run previously failing tests...
[5123628] INFO main - Failed tests: 3
[5123638] WARN AstorCoreEngine - ----------Running generation: 154, population size: 1
[5123859] INFO main - Run previously failing tests...
[5142745] INFO main - Failed tests: 3
[5142748] WARN AstorCoreEngine - ----------Running generation: 155, population size: 1
[5142957] INFO main - Run previously failing tests...
[5160772] INFO main - Failed tests: 3
[5160774] WARN AstorCoreEngine - ----------Running generation: 156, population size: 1
[5160988] INFO main - Run previously failing tests...
[5179667] INFO main - Failed tests: 3
[5179675] WARN AstorCoreEngine - ----------Running generation: 157, population size: 1
[5179879] INFO main - Run previously failing tests...
[5197765] INFO main - Failed tests: 15
[5197769] WARN AstorCoreEngine - ----------Running generation: 158, population size: 1
[5197989] INFO main - Run previously failing tests...
[5216608] INFO main - Failed tests: 15
[5216616] WARN AstorCoreEngine - ----------Running generation: 159, population size: 1
[5216825] INFO main - Run previously failing tests...
[5235050] INFO main - Failed tests: 3
[5235057] WARN AstorCoreEngine - ----------Running generation: 160, population size: 1
[5235280] INFO main - Run previously failing tests...
[5253789] INFO main - Failed tests: 15
[5253799] WARN AstorCoreEngine - ----------Running generation: 161, population size: 1
[5254004] INFO main - Run previously failing tests...
[5271577] INFO main - Failed tests: 3
[5271581] WARN AstorCoreEngine - ----------Running generation: 162, population size: 1
[5271801] INFO main - Run previously failing tests...
[5290689] INFO main - Failed tests: 3
[5290693] WARN AstorCoreEngine - ----------Running generation: 163, population size: 1
[5290904] INFO main - Run previously failing tests...
[5309677] INFO main - Failed tests: 3
[5309679] WARN AstorCoreEngine - ----------Running generation: 164, population size: 1
[5309896] INFO main - Run previously failing tests...
[5328111] INFO main - Failed tests: 15
[5328114] WARN AstorCoreEngine - ----------Running generation: 165, population size: 1
[5328339] INFO main - Run previously failing tests...
[5346832] INFO main - Failed tests: 3
[5346835] WARN AstorCoreEngine - ----------Running generation: 166, population size: 1
[5347074] INFO main - Run previously failing tests...
[5364989] INFO main - Failed tests: 15
[5364993] WARN AstorCoreEngine - ----------Running generation: 167, population size: 1
[5365202] INFO main - Run previously failing tests...
[5383791] INFO main - Failed tests: 3
[5383793] WARN AstorCoreEngine - ----------Running generation: 168, population size: 1
[5384008] INFO main - Run previously failing tests...
[5401589] INFO main - Failed tests: 3
[5401590] WARN AstorCoreEngine - ----------Running generation: 169, population size: 1
[5401872] INFO main - Run previously failing tests...
[5420851] INFO main - Failed tests: 3
[5420854] WARN AstorCoreEngine - ----------Running generation: 170, population size: 1
[5421072] INFO main - Run previously failing tests...
[5439693] INFO main - Failed tests: 3
[5439696] WARN AstorCoreEngine - ----------Running generation: 171, population size: 1
[5439910] INFO main - Run previously failing tests...
[5458179] INFO main - Failed tests: 3
[5458187] WARN AstorCoreEngine - ----------Running generation: 172, population size: 1
[5458400] INFO main - Run previously failing tests...
[5476836] INFO main - Failed tests: 3
[5476838] WARN AstorCoreEngine - ----------Running generation: 173, population size: 1
[5477052] INFO main - Run previously failing tests...
[5495793] INFO main - Failed tests: 15
[5495797] WARN AstorCoreEngine - ----------Running generation: 174, population size: 1
[5496072] INFO main - Run previously failing tests...
[5513995] INFO main - Failed tests: 3
[5514004] WARN AstorCoreEngine - ----------Running generation: 175, population size: 1
[5514210] INFO main - Run previously failing tests...
[5532766] INFO main - Failed tests: 3
[5532775] WARN AstorCoreEngine - ----------Running generation: 176, population size: 1
[5532989] INFO main - Run previously failing tests...
[5551708] INFO main - Failed tests: 3
[5551711] WARN AstorCoreEngine - ----------Running generation: 177, population size: 1
[5551923] INFO main - Run previously failing tests...
[5570068] INFO main - Failed tests: 3
[5570072] WARN AstorCoreEngine - ----------Running generation: 178, population size: 1
[5570291] INFO main - Run previously failing tests...
[5589060] INFO main - Failed tests: 3
[5589062] WARN AstorCoreEngine - ----------Running generation: 179, population size: 1
[5589270] INFO main - Run previously failing tests...
[5607054] INFO main - Failed tests: 3
[5607057] WARN AstorCoreEngine - ----------Running generation: 180, population size: 1
[5607279] INFO main - Run previously failing tests...
[5625340] INFO main - Failed tests: 15
[5625343] WARN AstorCoreEngine - ----------Running generation: 181, population size: 1
[5625567] INFO main - Run previously failing tests...
[5643541] INFO main - Failed tests: 3
[5643550] WARN AstorCoreEngine - ----------Running generation: 182, population size: 1
[5643761] INFO main - Run previously failing tests...
[5662888] INFO main - Failed tests: 3
[5662896] WARN AstorCoreEngine - ----------Running generation: 183, population size: 1
[5663169] INFO main - Run previously failing tests...
[5681933] INFO main - Failed tests: 15
[5681936] WARN AstorCoreEngine - ----------Running generation: 184, population size: 1
[5682148] INFO main - Run previously failing tests...
[5700891] INFO main - Failed tests: 3
[5700899] WARN AstorCoreEngine - ----------Running generation: 185, population size: 1
[5701107] INFO main - Run previously failing tests...
[5719058] INFO main - Failed tests: 3
[5719068] WARN AstorCoreEngine - ----------Running generation: 186, population size: 1
[5719293] INFO main - Run previously failing tests...
[5736859] INFO main - Failed tests: 3
[5736862] WARN AstorCoreEngine - ----------Running generation: 187, population size: 1
[5737132] INFO main - Run previously failing tests...
[5755167] INFO main - Failed tests: 15
[5755176] WARN AstorCoreEngine - ----------Running generation: 188, population size: 1
[5755383] INFO main - Run previously failing tests...
[5774013] INFO main - Failed tests: 15
[5774022] WARN AstorCoreEngine - ----------Running generation: 189, population size: 1
[5774220] INFO main - Run previously failing tests...
[5791911] INFO main - Failed tests: 3
[5791920] WARN AstorCoreEngine - ----------Running generation: 190, population size: 1
[5792133] INFO main - Run previously failing tests...
[5809890] INFO main - Failed tests: 3
[5809892] WARN AstorCoreEngine - ----------Running generation: 191, population size: 1
[5810110] INFO main - Run previously failing tests...
[5829252] INFO main - Failed tests: 15
[5829256] WARN AstorCoreEngine - ----------Running generation: 192, population size: 1
[5829540] INFO main - Run previously failing tests...
[5848490] INFO main - Failed tests: 15
[5848493] WARN AstorCoreEngine - ----------Running generation: 193, population size: 1
[5848702] INFO main - Run previously failing tests...
[5867251] INFO main - Failed tests: 15
[5867255] WARN AstorCoreEngine - ----------Running generation: 194, population size: 1
[5867471] INFO main - Run previously failing tests...
[5886135] INFO main - Failed tests: 3
[5886143] WARN AstorCoreEngine - ----------Running generation: 195, population size: 1
[5886357] INFO main - Run previously failing tests...
[5904876] INFO main - Failed tests: 3
[5904880] WARN AstorCoreEngine - ----------Running generation: 196, population size: 1
[5905149] INFO main - Run previously failing tests...
[5922699] INFO main - Failed tests: 3
[5922702] WARN AstorCoreEngine - ----------Running generation: 197, population size: 1
[5922934] INFO main - Run previously failing tests...
[5940583] INFO main - Failed tests: 3
[5940586] WARN AstorCoreEngine - ----------Running generation: 198, population size: 1
[5940798] INFO main - Run previously failing tests...
[5959037] INFO main - Failed tests: 3
[5959045] WARN AstorCoreEngine - ----------Running generation: 199, population size: 1
[5959245] INFO main - Run previously failing tests...
[5976723] INFO main - Failed tests: 3
[5976732] WARN AstorCoreEngine - ----------Running generation: 200, population size: 1
[5976998] INFO main - Run previously failing tests...
[5995906] INFO main - Failed tests: 3
[5995908] WARN AstorCoreEngine - ----------Running generation: 201, population size: 1
[5996125] INFO main - Run previously failing tests...
[6014905] INFO main - Failed tests: 3
[6014913] WARN AstorCoreEngine - ----------Running generation: 202, population size: 1
[6015120] INFO main - Run previously failing tests...
[6033812] INFO main - Failed tests: 3
[6033822] WARN AstorCoreEngine - ----------Running generation: 203, population size: 1
[6034029] INFO main - Run previously failing tests...
[6052505] INFO main - Failed tests: 3
[6052513] WARN AstorCoreEngine - ----------Running generation: 204, population size: 1
[6052747] INFO main - Run previously failing tests...
[6070596] INFO main - Failed tests: 3
[6070600] WARN AstorCoreEngine - ----------Running generation: 205, population size: 1
[6070871] INFO main - Run previously failing tests...
[6089560] INFO main - Failed tests: 3
[6089567] WARN AstorCoreEngine - ----------Running generation: 206, population size: 1
[6089776] INFO main - Run previously failing tests...
[6108447] INFO main - Failed tests: 3
[6108450] WARN AstorCoreEngine - ----------Running generation: 207, population size: 1
[6108669] INFO main - Run previously failing tests...
[6127328] INFO main - Failed tests: 3
[6127336] WARN AstorCoreEngine - ----------Running generation: 208, population size: 1
[6127549] INFO main - Run previously failing tests...
[6145266] INFO main - Failed tests: 3
[6145270] WARN AstorCoreEngine - ----------Running generation: 209, population size: 1
[6145554] INFO main - Run previously failing tests...
[6164575] INFO main - Failed tests: 15
[6164577] WARN AstorCoreEngine - ----------Running generation: 210, population size: 1
[6164796] INFO main - Run previously failing tests...
[6182371] INFO main - Failed tests: 3
[6182379] WARN AstorCoreEngine - ----------Running generation: 211, population size: 1
[6182581] INFO main - Run previously failing tests...
[6201789] INFO main - Failed tests: 15
[6201800] WARN AstorCoreEngine - ----------Running generation: 212, population size: 1
[6202017] INFO main - Run previously failing tests...
[6221188] INFO main - Failed tests: 3
[6221191] WARN AstorCoreEngine - ----------Running generation: 213, population size: 1
[6221483] INFO main - Run previously failing tests...
[6240542] INFO main - Failed tests: 3
[6240550] WARN AstorCoreEngine - ----------Running generation: 214, population size: 1
[6240770] INFO main - Run previously failing tests...
[6259962] INFO main - Failed tests: 3
[6259967] WARN AstorCoreEngine - ----------Running generation: 215, population size: 1
[6260184] INFO main - Run previously failing tests...
[6278187] INFO main - Failed tests: 15
[6278197] WARN AstorCoreEngine - ----------Running generation: 216, population size: 1
[6278416] INFO main - Run previously failing tests...
[6297118] INFO main - Failed tests: 3
[6297131] WARN AstorCoreEngine - ----------Running generation: 217, population size: 1
[6297346] INFO main - Run previously failing tests...
[6314924] INFO main - Failed tests: 15
[6314927] WARN AstorCoreEngine - ----------Running generation: 218, population size: 1
[6315196] INFO main - Run previously failing tests...
[6333744] INFO main - Failed tests: 3
[6333747] WARN AstorCoreEngine - ----------Running generation: 219, population size: 1
[6333965] INFO main - Run previously failing tests...
[6352615] INFO main - Failed tests: 3
[6352624] WARN AstorCoreEngine - ----------Running generation: 220, population size: 1
[6352835] INFO main - Run previously failing tests...
[6371800] INFO main - Failed tests: 3
[6371803] WARN AstorCoreEngine - ----------Running generation: 221, population size: 1
[6372018] INFO main - Run previously failing tests...
[6390790] INFO main - Failed tests: 15
[6390799] WARN AstorCoreEngine - ----------Running generation: 222, population size: 1
[6391080] INFO main - Run previously failing tests...
[6409870] INFO main - Failed tests: 15
[6409875] WARN AstorCoreEngine - ----------Running generation: 223, population size: 1
[6410082] INFO main - Run previously failing tests...
[6429134] INFO main - Failed tests: 3
[6429137] WARN AstorCoreEngine - ----------Running generation: 224, population size: 1
[6429347] INFO main - Run previously failing tests...
[6447343] INFO main - Failed tests: 3
[6447351] WARN AstorCoreEngine - ----------Running generation: 225, population size: 1
[6447567] INFO main - Run previously failing tests...
[6465230] INFO main - Failed tests: 3
[6465239] WARN AstorCoreEngine - ----------Running generation: 226, population size: 1
[6465455] INFO main - Run previously failing tests...
[6484449] INFO main - Failed tests: 3
[6484452] WARN AstorCoreEngine - ----------Running generation: 227, population size: 1
[6484655] INFO main - Run previously failing tests...
[6503384] INFO main - Failed tests: 15
[6503392] WARN AstorCoreEngine - ----------Running generation: 228, population size: 1
[6503600] INFO main - Run previously failing tests...
[6523918] INFO main - Failed tests: 3
[6523927] WARN AstorCoreEngine - ----------Running generation: 229, population size: 1
[6524134] INFO main - Run previously failing tests...
[6543490] INFO main - Failed tests: 3
[6543500] WARN AstorCoreEngine - ----------Running generation: 230, population size: 1
[6543721] INFO main - Run previously failing tests...
[6561797] INFO main - Failed tests: 3
[6561800] WARN AstorCoreEngine - ----------Running generation: 231, population size: 1
[6562061] INFO main - Run previously failing tests...
[6581025] INFO main - Failed tests: 3
[6581027] WARN AstorCoreEngine - ----------Running generation: 232, population size: 1
[6581233] INFO main - Run previously failing tests...
[6599164] INFO main - Failed tests: 3
[6599169] WARN AstorCoreEngine - ----------Running generation: 233, population size: 1
[6599377] INFO main - Run previously failing tests...
[6618292] INFO main - Failed tests: 15
[6618295] WARN AstorCoreEngine - ----------Running generation: 234, population size: 1
[6618517] INFO main - Run previously failing tests...
[6636193] INFO main - Failed tests: 3
[6636202] WARN AstorCoreEngine - ----------Running generation: 235, population size: 1
[6636405] INFO main - Run previously failing tests...
[6655399] INFO main - Failed tests: 15
[6655406] WARN AstorCoreEngine - ----------Running generation: 236, population size: 1
[6655618] INFO main - Run previously failing tests...
[6673176] INFO main - Failed tests: 15
[6673184] WARN AstorCoreEngine - ----------Running generation: 237, population size: 1
[6673390] INFO main - Run previously failing tests...
[6692142] INFO main - Failed tests: 3
[6692150] WARN AstorCoreEngine - ----------Running generation: 238, population size: 1
[6692363] INFO main - Run previously failing tests...
[6711209] INFO main - Failed tests: 3
[6711218] WARN AstorCoreEngine - ----------Running generation: 239, population size: 1
[6711443] INFO main - Run previously failing tests...
[6730362] INFO main - Failed tests: 15
[6730369] WARN AstorCoreEngine - ----------Running generation: 240, population size: 1
[6730642] INFO main - Run previously failing tests...
[6748629] INFO main - Failed tests: 3
[6748632] WARN AstorCoreEngine - ----------Running generation: 241, population size: 1
[6748836] INFO main - Run previously failing tests...
[6767749] INFO main - Failed tests: 3
[6767759] WARN AstorCoreEngine - ----------Running generation: 242, population size: 1
[6767974] INFO main - Run previously failing tests...
[6786827] INFO main - Failed tests: 15
[6786836] WARN AstorCoreEngine - ----------Running generation: 243, population size: 1
[6787042] INFO main - Run previously failing tests...
[6805582] INFO main - Failed tests: 3
[6805600] WARN AstorCoreEngine - ----------Running generation: 244, population size: 1
[6805825] INFO main - Run previously failing tests...
[6823652] INFO main - Failed tests: 3
[6823654] WARN AstorCoreEngine - ----------Running generation: 245, population size: 1
[6823856] INFO main - Run previously failing tests...
[6842466] INFO main - Failed tests: 3
[6842475] WARN AstorCoreEngine - ----------Running generation: 246, population size: 1
[6842686] INFO main - Run previously failing tests...
[6860667] INFO main - Failed tests: 3
[6860677] WARN AstorCoreEngine - ----------Running generation: 247, population size: 1
[6860885] INFO main - Run previously failing tests...
[6879750] INFO main - Failed tests: 3
[6879753] WARN AstorCoreEngine - ----------Running generation: 248, population size: 1
[6879968] INFO main - Run previously failing tests...
[6898601] INFO main - Failed tests: 3
[6898604] WARN AstorCoreEngine - ----------Running generation: 249, population size: 1
[6898862] INFO main - Run previously failing tests...
[6916927] INFO main - Failed tests: 3
[6916930] WARN AstorCoreEngine - ----------Running generation: 250, population size: 1
[6917142] INFO main - Run previously failing tests...
[6936232] INFO main - Failed tests: 3
[6936242] WARN AstorCoreEngine - ----------Running generation: 251, population size: 1
[6936455] INFO main - Run previously failing tests...
[6955225] INFO main - Failed tests: 3
[6955228] WARN AstorCoreEngine - ----------Running generation: 252, population size: 1
[6955448] INFO main - Run previously failing tests...
[6973332] INFO main - Failed tests: 3
[6973335] WARN AstorCoreEngine - ----------Running generation: 253, population size: 1
[6973541] INFO main - Run previously failing tests...
[6992401] INFO main - Failed tests: 3
[6992404] WARN AstorCoreEngine - ----------Running generation: 254, population size: 1
[6992709] INFO main - Run previously failing tests...
[7011960] INFO main - Failed tests: 15
[7011963] WARN AstorCoreEngine - ----------Running generation: 255, population size: 1
[7012180] INFO main - Run previously failing tests...
[7030064] INFO main - Failed tests: 3
[7030072] WARN AstorCoreEngine - ----------Running generation: 256, population size: 1
[7030302] INFO main - Run previously failing tests...
[7049105] INFO main - Failed tests: 3
[7049108] WARN AstorCoreEngine - ----------Running generation: 257, population size: 1
[7049340] INFO main - Run previously failing tests...
[7067795] INFO main - Failed tests: 3
[7067805] WARN AstorCoreEngine - ----------Running generation: 258, population size: 1
[7068021] INFO main - Run previously failing tests...
[7086810] INFO main - Failed tests: 15
[7086813] WARN AstorCoreEngine - ----------Running generation: 259, population size: 1
[7087094] INFO main - Run previously failing tests...
[7105107] INFO main - Failed tests: 15
[7105111] WARN AstorCoreEngine - ----------Running generation: 260, population size: 1
[7105320] INFO main - Run previously failing tests...
[7123807] INFO main - Failed tests: 3
[7123811] WARN AstorCoreEngine - ----------Running generation: 261, population size: 1
[7124015] INFO main - Run previously failing tests...
[7142871] INFO main - Failed tests: 15
[7142880] WARN AstorCoreEngine - ----------Running generation: 262, population size: 1
[7143094] INFO main - Run previously failing tests...
[7161139] INFO main - Failed tests: 3
[7161142] WARN AstorCoreEngine - ----------Running generation: 263, population size: 1
[7161366] INFO main - Run previously failing tests...
[7179018] INFO main - Failed tests: 3
[7179021] WARN AstorCoreEngine - ----------Running generation: 264, population size: 1
[7179293] INFO main - Run previously failing tests...
[7197388] INFO main - Failed tests: 3
[7197398] WARN AstorCoreEngine - ----------Running generation: 265, population size: 1
[7197610] INFO main - Run previously failing tests...
[7216658] INFO main - Failed tests: 3
[7216668] WARN AstorCoreEngine - ----------Running generation: 266, population size: 1
[7216878] INFO main - Run previously failing tests...
[7235690] INFO main - Failed tests: 3
[7235698] WARN AstorCoreEngine - ----------Running generation: 267, population size: 1
[7235905] INFO main - Run previously failing tests...
[7254831] INFO main - Failed tests: 3
[7254835] WARN AstorCoreEngine - ----------Running generation: 268, population size: 1
[7255059] INFO main - Run previously failing tests...
[7273949] INFO main - Failed tests: 3
[7273959] WARN AstorCoreEngine - ----------Running generation: 269, population size: 1
[7274179] INFO main - Run previously failing tests...
[7293145] INFO main - Failed tests: 3
[7293148] INFO AstorCoreEngine - 
 No more time for operating
[7293149] INFO AstorCoreEngine - Time Repair Loop (s): 7214.973
[7293149] INFO AstorCoreEngine - generationsexecuted: 269
[7293149] WARN AstorCoreEngine - ----SUMMARY_EXECUTION---
[7293149] WARN AstorCoreEngine - End Repair Search: NOT Found solution
[7293150] WARN AstorCoreEngine - Number suspicious:1
[7293150] INFO AstorCoreEngine - Total mod points: 4
[7293172] INFO ExpressionTypeIngredientSpace - Storing ing JSON at /workdir/Cardumen_vul4j_square_retrofit_VUL4J-76/./output_astor/AstorMain-square_retrofit-VUL4J-76//src/ingredients.json
[7293172] INFO IngredientStats - Storing ing JSON at /workdir/Cardumen_vul4j_square_retrofit_VUL4J-76/./output_astor/AstorMain-square_retrofit-VUL4J-76//ingredientSpaceSize.json
[7293173] INFO IngredientStats - ingredientSpaceSize:{"allAttempts":269,"space":[{"a":2,"v":29},{"a":4,"v":25},{"a":8,"v":29},{"a":9,"v":15},{"a":6,"v":25},{"a":11,"v":7},{"a":1,"v":46},{"a":3,"v":32},{"a":7,"v":19},{"a":10,"v":26},{"a":5,"v":16}]}
[7293173] INFO IngredientStats - Storing ing JSON at /workdir/Cardumen_vul4j_square_retrofit_VUL4J-76/./output_astor/AstorMain-square_retrofit-VUL4J-76//combinationsTemplatesingredientSpaceSize.json
[7293174] INFO IngredientStats - combinationsTemplatesingredientSpaceSize:{"allAttempts":587,"space":[{"a":246,"v":3},{"a":235,"v":4},{"a":241,"v":4},{"a":223,"v":1},{"a":240,"v":4},{"a":230,"v":2},{"a":225,"v":1},{"a":224,"v":1},{"a":1,"v":317},{"a":234,"v":3},{"a":250,"v":8},{"a":231,"v":3},{"a":3,"v":24},{"a":226,"v":2},{"a":245,"v":4},{"a":12,"v":8},{"a":2,"v":22},{"a":229,"v":2},{"a":248,"v":4},{"a":228,"v":2},{"a":247,"v":4},{"a":249,"v":4},{"a":215,"v":1},{"a":232,"v":3},{"a":227,"v":2},{"a":222,"v":1},{"a":8,"v":5},{"a":7,"v":8},{"a":244,"v":4},{"a":9,"v":7},{"a":6,"v":8},{"a":233,"v":3},{"a":243,"v":4},{"a":221,"v":1},{"a":216,"v":1},{"a":242,"v":4},{"a":4,"v":24},{"a":239,"v":4},{"a":218,"v":1},{"a":11,"v":4},{"a":219,"v":1},{"a":236,"v":4},{"a":237,"v":4},{"a":220,"v":1},{"a":238,"v":4},{"a":10,"v":12},{"a":5,"v":40},{"a":217,"v":1},{"a":0,"v":8}]}
[7293175] INFO AstorCoreEngine - 
 --SOLUTIONS DESCRIPTION--


Astor Output:

General stats:
EXECUTION_IDENTIFIER=square_retrofit-VUL4J-76
TOTAL_TIME=7214.973
NR_GENERATIONS=269
NR_RIGHT_COMPILATIONS=269
NR_FAILLING_COMPILATIONS=null
NR_ERRONEOUS_VARIANCES=null
NR_FAILING_VALIDATION_PROCESS=null
OUTPUT_STATUS=TIME_OUT

Patch stats:

[7293181] INFO Stats - Storing ing JSON at /workdir/Cardumen_vul4j_square_retrofit_VUL4J-76/./output_astor/AstorMain-square_retrofit-VUL4J-76//astor_output.json
[7293181] INFO Stats - astor_output:
{"general":{"NR_RIGHT_COMPILATIONS":269,"NR_ERRONEOUS_VARIANCES":null,"EXECUTION_IDENTIFIER":"square_retrofit-VUL4J-76","OUTPUT_STATUS":"TIME_OUT","NR_FAILLING_COMPILATIONS":null,"NR_GENERATIONS":269,"TOTAL_TIME":7214.973,"NR_FAILING_VALIDATION_PROCESS":null},"patches":[]}
[7293181] INFO AstorMain - Time Total(s): 7293.166
12293.23user 1190.30system 2:01:34elapsed 184%CPU (0avgtext+0avgdata 972340maxresident)k
432inputs+378360outputs (0major+67022521minor)pagefaults 0swaps


Node: 9670332cfea8



Date: Fri Sep  9 06:04:06 EDT 2022

