cd /workdir/Cardumen_vul4j_apache_commons-io_VUL4J-14;
export JAVA_TOOL_OPTIONS="-Dfile.encoding=UTF8 -Duser.language=en-US -Duser.country=US -Duser.language=en";
TZ="America/New_York"; export TZ;
export PATH="/usr/lib/jvm/java-8-openjdk-amd64/bin:$PATH";
export JAVA_HOME="/usr/lib/jvm/java-8-openjdk-amd64/bin";
time java -Xmx4g -Xms1g -XX:MaxPermSize=512m -cp /script/../libs/jtestex7.jar:/script/../repair_tools/astor.jar fr.inria.main.evolution.AstorMain \
	-mode cardumen \
	-location . \
	-id apache_commons-io-VUL4J-14 \
	-failing org.apache.commons.io.FilenameUtilsTestCase#testGetPrefixLength:org.apache.commons.io.FilenameUtilsTestCase#testNormalize \
	-jvm4testexecution /usr/lib/jvm/jdk1.7.0_80/bin \
	-jvm4evosuitetestexecution /usr/lib/jvm/jdk1.7.0_80/bin \
	-maxgen 1000000 \
	-maxtime 120 \
	-stopfirst true \
	-seed 0 \
	-scope local \
	-population 1 \
	-javacompliancelevel 7 \
	-faultlocalization perfect \
    -perfectdata /script/../data/benchmarks/vul4j/perfectfl/VUL4J-14 \
    -validation externalcmd \
    -testfailingcmd "mvn test -Dtest=org.apache.commons.io.FilenameUtilsTestCase#testGetPrefixLength,org.apache.commons.io.FilenameUtilsTestCase#testNormalize -Dhttps.protocols=TLSv1.2 -Denforcer.skip=true -Dcheckstyle.skip=true -Dcobertura.skip=true -DskipITs=true -Drat.skip=true -Dlicense.skip=true -Dpmd.skip=true -Dfindbugs.skip=true -Dgpg.skip=true -Dskip.npm=true -Dskip.gulp=true -Dskip.bower=true -Danimal.sniffer.skip=true -V -B" \
    -testallcmd "mvn test -Dhttps.protocols=TLSv1.2 -Denforcer.skip=true -Dcheckstyle.skip=true -Dcobertura.skip=true -DskipITs=true -Drat.skip=true -Dlicense.skip=true -Dpmd.skip=true -Dfindbugs.skip=true -Dgpg.skip=true -Dskip.npm=true -Dskip.gulp=true -Dskip.bower=true -Danimal.sniffer.skip=true -V -B"  \ \
	-srcjavafolder src/main/java \
	-srctestfolder src/test/java \
	-binjavafolder target/classes \
	-bintestfolder target/test-classes \
	-parameters x:x:maxCombinationVariableLimit:true:maxVarCombination:1000:maxCombinationVariableLimit:true:maxVarCombination:1000:maxCombinationVariableLimit:true:maxVarCombination:1000:maxCombinationVariableLimit:true:maxVarCombination:1000:maxCombinationVariableLimit:true:maxVarCombination:1000:maxCombinationVariableLimit:true:maxVarCombination:1000:maxCombinationVariableLimit:true:maxVarCombination:1000:maxCombinationVariableLimit:true:maxVarCombination:1000:maxCombinationVariableLimit:true:maxVarCombination:1000:maxCombinationVariableLimit:true:maxVarCombination:1000:maxCombinationVariableLimit:true:maxVarCombination:1000:maxCombinationVariableLimit:true:maxVarCombination:1000:maxCombinationVariableLimit:true:maxVarCombination:1000:maxCombinationVariableLimit:true:maxVarCombination:1000 \
	-dependencies /root/.m2/repository/junit/junit/4.12/junit-4.12.jar:/root/.m2/repository/org/hamcrest/hamcrest-core/1.3/hamcrest-core-1.3.jar;
	echo "\n\nNode: `hostname`\n";
	echo "\n\nDate: `date`\n";
Picked up JAVA_TOOL_OPTIONS: -Dfile.encoding=UTF8 -Duser.language=en-US -Duser.country=US -Duser.language=en
OpenJDK 64-Bit Server VM warning: ignoring option MaxPermSize=512m; support was removed in 8.0
[0] INFO ProjectConfiguration - Version of the JVM used: 1.7.0_80
[0] INFO main - Java version of the JDK used to run tests: 1.7.0_80
[0] INFO main - The compliance of the JVM is:  7
[3] INFO main - command line arguments: [-mode  cardumen  -location  .  -id  apache_commons-io-VUL4J-14  -failing  org.apache.commons.io.FilenameUtilsTestCase#testGetPrefixLength:org.apache.commons.io.FilenameUtilsTestCase#testNormalize  -jvm4testexecution  /usr/lib/jvm/jdk1.7.0_80/bin  -jvm4evosuitetestexecution  /usr/lib/jvm/jdk1.7.0_80/bin  -maxgen  1000000  -maxtime  120  -stopfirst  true  -seed  0  -scope  local  -population  1  -javacompliancelevel  7  -faultlocalization  perfect  -perfectdata  /script/../data/benchmarks/vul4j/perfectfl/VUL4J-14  -validation  externalcmd  -testfailingcmd  mvn test -Dtest=org.apache.commons.io.FilenameUtilsTestCase#testGetPrefixLength org.apache.commons.io.FilenameUtilsTestCase#testNormalize -Dhttps.protocols=TLSv1.2 -Denforcer.skip=true -Dcheckstyle.skip=true -Dcobertura.skip=true -DskipITs=true -Drat.skip=true -Dlicense.skip=true -Dpmd.skip=true -Dfindbugs.skip=true -Dgpg.skip=true -Dskip.npm=true -Dskip.gulp=true -Dskip.bower=true -Danimal.sniffer.skip=true -V -B  -testallcmd  mvn test -Dhttps.protocols=TLSv1.2 -Denforcer.skip=true -Dcheckstyle.skip=true -Dcobertura.skip=true -DskipITs=true -Drat.skip=true -Dlicense.skip=true -Dpmd.skip=true -Dfindbugs.skip=true -Dgpg.skip=true -Dskip.npm=true -Dskip.gulp=true -Dskip.bower=true -Danimal.sniffer.skip=true -V -B     -srcjavafolder  src/main/java  -srctestfolder  src/test/java  -binjavafolder  target/classes  -bintestfolder  target/test-classes  -parameters  x:x:maxCombinationVariableLimit:true:maxVarCombination:1000:maxCombinationVariableLimit:true:maxVarCombination:1000:maxCombinationVariableLimit:true:maxVarCombination:1000:maxCombinationVariableLimit:true:maxVarCombination:1000:maxCombinationVariableLimit:true:maxVarCombination:1000:maxCombinationVariableLimit:true:maxVarCombination:1000:maxCombinationVariableLimit:true:maxVarCombination:1000:maxCombinationVariableLimit:true:maxVarCombination:1000:maxCombinationVariableLimit:true:maxVarCombination:1000:maxCombinationVariableLimit:true:maxVarCombination:1000:maxCombinationVariableLimit:true:maxVarCombination:1000:maxCombinationVariableLimit:true:maxVarCombination:1000:maxCombinationVariableLimit:true:maxVarCombination:1000:maxCombinationVariableLimit:true:maxVarCombination:1000  -dependencies  /root/.m2/repository/junit/junit/4.12/junit-4.12.jar:/root/.m2/repository/org/hamcrest/hamcrest-core/1.3/hamcrest-core-1.3.jar]
[4] INFO AstorMain - Running Astor on a JDK at /usr/lib/jvm/java-8-openjdk-amd64/jre
[24] INFO main - Source folders: [/workdir/Cardumen_vul4j_apache_commons-io_VUL4J-14/./src/main/java]
[35] INFO main - Source Test folders: [/workdir/Cardumen_vul4j_apache_commons-io_VUL4J-14/./src/test/java]
[2546] INFO AstorCoreEngine - ---- Creating spoon model
[2589] INFO MutationSupporter - Creating model,  Code location from working folder: /workdir/Cardumen_vul4j_apache_commons-io_VUL4J-14/./src/main/java
[2589] INFO MutationSupporter - building model: /workdir/Cardumen_vul4j_apache_commons-io_VUL4J-14/./src/main/java, compliance level: 7
[2643] INFO MutationSupporter - Classpath (Dependencies) for building SpoonModel: [/root/.m2/repository/junit/junit/4.12/junit-4.12.jar, /root/.m2/repository/org/hamcrest/hamcrest-core/1.3/hamcrest-core-1.3.jar]
[13535] INFO AstorCoreEngine - Number of CtTypes created: 122
[13920] INFO AstorCoreEngine - Test retrieved from classes: 0
[14154] INFO AstorCoreEngine - Setting up the max to 2340 milliseconds (2 sec)
[14163] INFO AstorCoreEngine - ---- Initial suspicious size: 1
[14489] INFO main - Total suspicious from FL: 1,  2
[14489] INFO main - Total ModPoint created: 2
[14489] INFO main - Creating program variant #1, [Variant id: 1, #gens: 2, #ops: 0, parent:-]
[14490] INFO main - Run previously failing tests...
[41134] INFO main - Failed tests: 2
[41138] INFO AstorCoreEngine - The original fitness is : 2.0
[75653] INFO ExpressionTypeIngredientSpace - Ingredient search space info : number keys 14 , number values 223 
[75653] WARN ConfigurationProperties - ----------------------------
[75653] INFO ConfigurationProperties - ---Configuration properties
[75655] INFO ConfigurationProperties - p:lastJUnitVersion= ./examples/libs/junit-4.11.jar
[75655] INFO ConfigurationProperties - p:alternativecompliancelevel= 8
[75655] INFO ConfigurationProperties - p:ignoredTestCases= 
[75655] INFO ConfigurationProperties - p:workingDirectory= /workdir/Cardumen_vul4j_apache_commons-io_VUL4J-14/./output_astor
[75655] INFO ConfigurationProperties - p:manipulatesuper= false
[75656] INFO ConfigurationProperties - p:validation= externalcmd
[75656] INFO ConfigurationProperties - p:jvm4testexecution= /usr/lib/jvm/jdk1.7.0_80/bin
[75656] INFO ConfigurationProperties - p:operatorspace= r-expression
[75656] INFO ConfigurationProperties - p:diffcontext= 0
[75656] INFO ConfigurationProperties - p:binjavafolder= target/classes
[75656] INFO ConfigurationProperties - p:synthesis_depth= 3
[75656] INFO ConfigurationProperties - p:gzoltartestpackagetoexclude= junit.framework
[75656] INFO ConfigurationProperties - p:skipfitnessinitialpopulation= false
[75656] INFO ConfigurationProperties - p:evosuiteresultfolder= evosuite
[75656] INFO ConfigurationProperties - p:flthreshold= 0.1
[75656] INFO ConfigurationProperties - p:regressionforfaultlocalization= true
[75656] INFO ConfigurationProperties - p:collectonlyusedmethod= false
[75656] INFO ConfigurationProperties - p:preservelinenumbers= true
[75656] INFO ConfigurationProperties - p:tmax2= 2340
[75656] INFO ConfigurationProperties - p:ingredienttransformstrategy= name-probability-based
[75656] INFO ConfigurationProperties - p:tmax1= 10000
[75656] INFO ConfigurationProperties - p:probagenmutation= false
[75656] INFO ConfigurationProperties - p:nomodificationconvergence= 100
[75657] INFO ConfigurationProperties - p:diff_type= relative
[75657] INFO ConfigurationProperties - p:targetelementprocessor= expression
[75657] INFO ConfigurationProperties - p:srctestfolder= src/test/java
[75657] INFO ConfigurationProperties - p:forceExecuteRegression= false
[75657] INFO ConfigurationProperties - p:clusteringfilename= clustering.csv
[75658] INFO ConfigurationProperties - p:failing= org.apache.commons.io.FilenameUtilsTestCase#testGetPrefixLength:org.apache.commons.io.FilenameUtilsTestCase#testNormalize
[75658] INFO ConfigurationProperties - p:logtestexecution= false
[75658] INFO ConfigurationProperties - p:evo_buggy_class= true
[75658] INFO ConfigurationProperties - p:numberExecutions= 1
[75658] INFO ConfigurationProperties - p:maxnumbersolutions= 1000000
[75658] INFO ConfigurationProperties - p:evo_affected_by_op= true
[75658] INFO ConfigurationProperties - p:population= 1
[75658] INFO ConfigurationProperties - p:considerzerovaluesusp= false
[75658] INFO ConfigurationProperties - p:maxCombinationVariableLimit= true
[75658] INFO ConfigurationProperties - p:savesolution= true
[75658] INFO ConfigurationProperties - p:javacompliancelevel= 7
[75658] INFO ConfigurationProperties - p:x= x
[75659] INFO ConfigurationProperties - p:uniqueoptogen= false
[75660] INFO ConfigurationProperties - p:gzoltarpackagetonotinstrument= junit.framework
[75663] INFO ConfigurationProperties - p:projectIdentifier= apache_commons-io-VUL4J-14
[75663] INFO ConfigurationProperties - p:modificationpointnavigation= weight
[75663] INFO ConfigurationProperties - p:stopfirst= true
[75663] INFO ConfigurationProperties - p:multipointmodification= false
[75663] INFO ConfigurationProperties - p:elementsToMutate= 10
[75663] INFO ConfigurationProperties - p:jsonoutputname= astor_output
[75663] INFO ConfigurationProperties - p:evoDSE= false
[75664] INFO ConfigurationProperties - p:bintestfolder= target/test-classes
[75664] INFO ConfigurationProperties - p:testbystep= false
[75664] INFO ConfigurationProperties - p:version-location= ./math-version/
[75664] INFO ConfigurationProperties - p:reintroduce= PARENTS:ORIGINAL
[75664] INFO ConfigurationProperties - p:perfectdata= /script/../data/benchmarks/vul4j/perfectfl/VUL4J-14
[75664] INFO ConfigurationProperties - p:executorjar= ./lib/jtestex7.jar
[75664] INFO ConfigurationProperties - p:maxGeneration= 1000000
[75664] INFO ConfigurationProperties - p:max_synthesis_step= 10000
[75665] INFO ConfigurationProperties - p:projectinfocommand= com.github.tdurieux:project-config-maven-plugin:info
[75665] INFO ConfigurationProperties - p:maxVarCombination= 1000
[75665] INFO ConfigurationProperties - p:maxtime= 120
[75665] INFO ConfigurationProperties - p:evosuitejar= ./lib/evosuite-master-1.0.4-SNAPSHOT.jar
[75665] INFO ConfigurationProperties - p:jvmversion= 1.7.0_80
[75665] INFO ConfigurationProperties - p:commandTrunk= 50000
[75665] INFO ConfigurationProperties - p:faultlocalization= perfect
[75666] INFO ConfigurationProperties - p:resetmodel= true
[75666] INFO ConfigurationProperties - p:maxsuspcandidates= 1000
[75666] INFO ConfigurationProperties - p:mode= cardumen
[75666] INFO ConfigurationProperties - p:learningdir= 
[75666] INFO ConfigurationProperties - p:jvm4evosuitetestexecution= /usr/lib/jvm/jdk1.7.0_80/bin
[75666] INFO ConfigurationProperties - p:filterfaultlocalization= true
[75666] INFO ConfigurationProperties - p:mutationrate= 1 
[75666] INFO ConfigurationProperties - p:pathToMVNRepository= 
[75666] INFO ConfigurationProperties - p:resourcesfolder= /src/main/resources:/src/test/resources:
[75666] INFO ConfigurationProperties - p:timezone= America/Los_Angeles
[75666] INFO ConfigurationProperties - p:runjava7code= false
[75666] INFO ConfigurationProperties - p:testfailingcmd= mvn test -Dtest=org.apache.commons.io.FilenameUtilsTestCase#testGetPrefixLength,org.apache.commons.io.FilenameUtilsTestCase#testNormalize -Dhttps.protocols=TLSv1.2 -Denforcer.skip=true -Dcheckstyle.skip=true -Dcobertura.skip=true -DskipITs=true -Drat.skip=true -Dlicense.skip=true -Dpmd.skip=true -Dfindbugs.skip=true -Dgpg.skip=true -Dskip.npm=true -Dskip.gulp=true -Dskip.bower=true -Danimal.sniffer.skip=true -V -B
[75666] INFO ConfigurationProperties - p:evoRunOnBuggyClass= true
[75666] INFO ConfigurationProperties - p:compiler= fr.inria.astor.core.manipulation.bytecode.compiler.SpoonClassCompiler
[75666] INFO ConfigurationProperties - p:limitbysuspicious= true
[75666] INFO ConfigurationProperties - p:logsattemps= true
[75666] INFO ConfigurationProperties - p:dependenciespath= /root/.m2/repository/junit/junit/4.12/junit-4.12.jar:/root/.m2/repository/org/hamcrest/hamcrest-core/1.3/hamcrest-core-1.3.jar
[75666] INFO ConfigurationProperties - p:packageToInstrument= 
[75666] INFO ConfigurationProperties - p:skipfaultlocalization= false
[75666] INFO ConfigurationProperties - p:scope= local
[75666] INFO ConfigurationProperties - p:transformingredient= false
[75666] INFO ConfigurationProperties - p:fitnessfunction= fr.inria.astor.core.solutionsearch.population.TestCaseFitnessFunction
[75666] INFO ConfigurationProperties - p:maxnumvariablesperingredient= 10
[75667] INFO ConfigurationProperties - p:parsesourcefromoriginal= true
[75667] INFO ConfigurationProperties - p:pvariantfoldername= variant-
[75667] INFO ConfigurationProperties - p:savespoonmodelondisk= false
[75667] INFO ConfigurationProperties - p:srcjavafolder= src/main/java
[75667] INFO ConfigurationProperties - p:populationcontroller= fr.inria.astor.core.solutionsearch.population.TestCaseBasedFitnessPopulationController
[75667] INFO ConfigurationProperties - p:ignoreflakyinfl= false
[75667] INFO ConfigurationProperties - p:cleantemplates= true
[75667] INFO ConfigurationProperties - p:applyCrossover= false
[75667] INFO ConfigurationProperties - p:maxmodificationpoints= 1000
[75667] INFO ConfigurationProperties - p:duplicateingredientsinspace= false
[75667] INFO ConfigurationProperties - p:metid= 0
[75668] INFO ConfigurationProperties - p:continuewhenmodelfail= true
[75668] INFO ConfigurationProperties - p:saveall= false
[75668] INFO ConfigurationProperties - p:seed= 0
[75668] INFO ConfigurationProperties - p:savecompletepatched= true
[75668] INFO ConfigurationProperties - p:resetoperations= false
[75668] INFO ConfigurationProperties - p:keepcomments= false
[75669] INFO ConfigurationProperties - p:processoutputinfile= false
[75669] INFO ConfigurationProperties - p:location= .
[75669] INFO ConfigurationProperties - p:probabilistictransformation= true
[75670] INFO ConfigurationProperties - p:overridemaxtime= true
[75670] INFO ConfigurationProperties - p:ingredientstrategy= name-probability-based
[75670] INFO ConfigurationProperties - p:outputjsonresult= true
[75670] INFO ConfigurationProperties - p:allpoints= false
[75670] INFO ConfigurationProperties - p:antipattern= false
[75670] INFO ConfigurationProperties - p:bugId= 280
[75670] INFO ConfigurationProperties - p:evosuitetimeout= 120
[75670] INFO ConfigurationProperties - p:maxtimefactor= 10
[75670] INFO ConfigurationProperties - p:nrPlaceholders= 1
[75670] INFO ConfigurationProperties - p:testallcmd= mvn test -Dhttps.protocols=TLSv1.2 -Denforcer.skip=true -Dcheckstyle.skip=true -Dcobertura.skip=true -DskipITs=true -Drat.skip=true -Dlicense.skip=true -Dpmd.skip=true -Dfindbugs.skip=true -Dgpg.skip=true -Dskip.npm=true -Dskip.gulp=true -Dskip.bower=true -Danimal.sniffer.skip=true -V -B
[75670] INFO ConfigurationProperties - p:forcesubprocesskilling= false
[75670] INFO ConfigurationProperties - ----------------------------
[75670] INFO AstorCoreEngine - ----Starting Solution Search
[75679] WARN AstorCoreEngine - ----------Running generation: 1, population size: 1
[81216] WARN AstorCoreEngine - ----------Running generation: 2, population size: 1
[82209] WARN AstorCoreEngine - ----------Running generation: 3, population size: 1
[82831] WARN AstorCoreEngine - ----------Running generation: 4, population size: 1
[83519] WARN AstorCoreEngine - ----------Running generation: 5, population size: 1
[84210] WARN AstorCoreEngine - ----------Running generation: 6, population size: 1
[84651] WARN AstorCoreEngine - ----------Running generation: 7, population size: 1
[85563] WARN AstorCoreEngine - ----------Running generation: 8, population size: 1
[86144] WARN AstorCoreEngine - ----------Running generation: 9, population size: 1
[86682] WARN AstorCoreEngine - ----------Running generation: 10, population size: 1
[87384] WARN AstorCoreEngine - ----------Running generation: 11, population size: 1
[87878] WARN AstorCoreEngine - ----------Running generation: 12, population size: 1
[88214] WARN AstorCoreEngine - ----------Running generation: 13, population size: 1
[88565] WARN AstorCoreEngine - ----------Running generation: 14, population size: 1
[89239] WARN AstorCoreEngine - ----------Running generation: 15, population size: 1
[90033] WARN AstorCoreEngine - ----------Running generation: 16, population size: 1
[90899] WARN AstorCoreEngine - ----------Running generation: 17, population size: 1
[91835] WARN AstorCoreEngine - ----------Running generation: 18, population size: 1
[92559] WARN AstorCoreEngine - ----------Running generation: 19, population size: 1
[93100] WARN AstorCoreEngine - ----------Running generation: 20, population size: 1
[93793] WARN AstorCoreEngine - ----------Running generation: 21, population size: 1
[94045] WARN AstorCoreEngine - ----------Running generation: 22, population size: 1
[94396] WARN AstorCoreEngine - ----------Running generation: 23, population size: 1
[94803] WARN AstorCoreEngine - ----------Running generation: 24, population size: 1
[95064] WARN AstorCoreEngine - ----------Running generation: 25, population size: 1
[95402] WARN AstorCoreEngine - ----------Running generation: 26, population size: 1
[95787] WARN AstorCoreEngine - ----------Running generation: 27, population size: 1
[96141] WARN AstorCoreEngine - ----------Running generation: 28, population size: 1
[96332] WARN AstorCoreEngine - ----------Running generation: 29, population size: 1
[96566] WARN AstorCoreEngine - ----------Running generation: 30, population size: 1
[96896] WARN AstorCoreEngine - ----------Running generation: 31, population size: 1
[97196] WARN AstorCoreEngine - ----------Running generation: 32, population size: 1
[97511] WARN AstorCoreEngine - ----------Running generation: 33, population size: 1
[97816] WARN AstorCoreEngine - ----------Running generation: 34, population size: 1
[98041] WARN AstorCoreEngine - ----------Running generation: 35, population size: 1
[98253] WARN AstorCoreEngine - ----------Running generation: 36, population size: 1
[98530] WARN AstorCoreEngine - ----------Running generation: 37, population size: 1
[98832] WARN AstorCoreEngine - ----------Running generation: 38, population size: 1
[99092] WARN AstorCoreEngine - ----------Running generation: 39, population size: 1
[99332] WARN AstorCoreEngine - ----------Running generation: 40, population size: 1
[99660] WARN AstorCoreEngine - ----------Running generation: 41, population size: 1
[99956] WARN AstorCoreEngine - ----------Running generation: 42, population size: 1
[100214] WARN AstorCoreEngine - ----------Running generation: 43, population size: 1
[100500] WARN AstorCoreEngine - ----------Running generation: 44, population size: 1
[100758] WARN AstorCoreEngine - ----------Running generation: 45, population size: 1
[100948] WARN AstorCoreEngine - ----------Running generation: 46, population size: 1
[101202] WARN AstorCoreEngine - ----------Running generation: 47, population size: 1
[101463] WARN AstorCoreEngine - ----------Running generation: 48, population size: 1
[101813] WARN AstorCoreEngine - ----------Running generation: 49, population size: 1
[102137] WARN AstorCoreEngine - ----------Running generation: 50, population size: 1
[102432] WARN AstorCoreEngine - ----------Running generation: 51, population size: 1
[102590] WARN AstorCoreEngine - ----------Running generation: 52, population size: 1
[102895] WARN AstorCoreEngine - ----------Running generation: 53, population size: 1
[103222] WARN AstorCoreEngine - ----------Running generation: 54, population size: 1
[103425] WARN AstorCoreEngine - ----------Running generation: 55, population size: 1
[103607] WARN AstorCoreEngine - ----------Running generation: 56, population size: 1
[103826] WARN AstorCoreEngine - ----------Running generation: 57, population size: 1
[104326] WARN AstorCoreEngine - ----------Running generation: 58, population size: 1
[104579] WARN AstorCoreEngine - ----------Running generation: 59, population size: 1
[104874] WARN AstorCoreEngine - ----------Running generation: 60, population size: 1
[105151] WARN AstorCoreEngine - ----------Running generation: 61, population size: 1
[105370] WARN AstorCoreEngine - ----------Running generation: 62, population size: 1
[105616] WARN AstorCoreEngine - ----------Running generation: 63, population size: 1
[105878] WARN AstorCoreEngine - ----------Running generation: 64, population size: 1
[106208] WARN AstorCoreEngine - ----------Running generation: 65, population size: 1
[106442] WARN AstorCoreEngine - ----------Running generation: 66, population size: 1
[106820] WARN AstorCoreEngine - ----------Running generation: 67, population size: 1
[106997] WARN AstorCoreEngine - ----------Running generation: 68, population size: 1
[107357] WARN AstorCoreEngine - ----------Running generation: 69, population size: 1
[107691] WARN AstorCoreEngine - ----------Running generation: 70, population size: 1
[107958] WARN AstorCoreEngine - ----------Running generation: 71, population size: 1
[108319] WARN AstorCoreEngine - ----------Running generation: 72, population size: 1
[108616] WARN AstorCoreEngine - ----------Running generation: 73, population size: 1
[109014] WARN AstorCoreEngine - ----------Running generation: 74, population size: 1
[109295] WARN AstorCoreEngine - ----------Running generation: 75, population size: 1
[109607] WARN AstorCoreEngine - ----------Running generation: 76, population size: 1
[109772] WARN AstorCoreEngine - ----------Running generation: 77, population size: 1
[109922] WARN AstorCoreEngine - ----------Running generation: 78, population size: 1
[110281] WARN AstorCoreEngine - ----------Running generation: 79, population size: 1
[110595] WARN AstorCoreEngine - ----------Running generation: 80, population size: 1
[110936] WARN AstorCoreEngine - ----------Running generation: 81, population size: 1
[111225] WARN AstorCoreEngine - ----------Running generation: 82, population size: 1
[111522] WARN AstorCoreEngine - ----------Running generation: 83, population size: 1
[111886] WARN AstorCoreEngine - ----------Running generation: 84, population size: 1
[112209] WARN AstorCoreEngine - ----------Running generation: 85, population size: 1
[112530] WARN AstorCoreEngine - ----------Running generation: 86, population size: 1
[112744] WARN AstorCoreEngine - ----------Running generation: 87, population size: 1
[112924] WARN AstorCoreEngine - ----------Running generation: 88, population size: 1
[113166] WARN AstorCoreEngine - ----------Running generation: 89, population size: 1
[113530] WARN AstorCoreEngine - ----------Running generation: 90, population size: 1
[113840] WARN AstorCoreEngine - ----------Running generation: 91, population size: 1
[114123] WARN AstorCoreEngine - ----------Running generation: 92, population size: 1
[114421] WARN AstorCoreEngine - ----------Running generation: 93, population size: 1
[114665] WARN AstorCoreEngine - ----------Running generation: 94, population size: 1
[114793] WARN AstorCoreEngine - ----------Running generation: 95, population size: 1
[114937] WARN AstorCoreEngine - ----------Running generation: 96, population size: 1
[115099] WARN AstorCoreEngine - ----------Running generation: 97, population size: 1
[115422] WARN AstorCoreEngine - ----------Running generation: 98, population size: 1
[115843] WARN AstorCoreEngine - ----------Running generation: 99, population size: 1
[116208] WARN AstorCoreEngine - ----------Running generation: 100, population size: 1
[116558] WARN AstorCoreEngine - ----------Running generation: 101, population size: 1
[117103] WARN AstorCoreEngine - ----------Running generation: 102, population size: 1
[117537] WARN AstorCoreEngine - ----------Running generation: 103, population size: 1
[118093] WARN AstorCoreEngine - ----------Running generation: 104, population size: 1
[118981] WARN AstorCoreEngine - ----------Running generation: 105, population size: 1
[119234] WARN AstorCoreEngine - ----------Running generation: 106, population size: 1
[119537] WARN AstorCoreEngine - ----------Running generation: 107, population size: 1
[119807] WARN AstorCoreEngine - ----------Running generation: 108, population size: 1
[120148] WARN AstorCoreEngine - ----------Running generation: 109, population size: 1
[120610] WARN AstorCoreEngine - ----------Running generation: 110, population size: 1
[120956] WARN AstorCoreEngine - ----------Running generation: 111, population size: 1
[121201] WARN AstorCoreEngine - ----------Running generation: 112, population size: 1
[121524] WARN AstorCoreEngine - ----------Running generation: 113, population size: 1
[121761] WARN AstorCoreEngine - ----------Running generation: 114, population size: 1
[122079] WARN AstorCoreEngine - ----------Running generation: 115, population size: 1
[122521] WARN AstorCoreEngine - ----------Running generation: 116, population size: 1
[122977] WARN AstorCoreEngine - ----------Running generation: 117, population size: 1
[123426] WARN AstorCoreEngine - ----------Running generation: 118, population size: 1
[123797] WARN AstorCoreEngine - ----------Running generation: 119, population size: 1
[124098] WARN AstorCoreEngine - ----------Running generation: 120, population size: 1
[124444] WARN AstorCoreEngine - ----------Running generation: 121, population size: 1
[124759] WARN AstorCoreEngine - ----------Running generation: 122, population size: 1
[125084] WARN AstorCoreEngine - ----------Running generation: 123, population size: 1
[125250] WARN AstorCoreEngine - ----------Running generation: 124, population size: 1
[125562] WARN AstorCoreEngine - ----------Running generation: 125, population size: 1
[125755] WARN AstorCoreEngine - ----------Running generation: 126, population size: 1
[126019] WARN AstorCoreEngine - ----------Running generation: 127, population size: 1
[126187] WARN AstorCoreEngine - ----------Running generation: 128, population size: 1
[126603] WARN AstorCoreEngine - ----------Running generation: 129, population size: 1
[126748] WARN AstorCoreEngine - ----------Running generation: 130, population size: 1
[126988] WARN AstorCoreEngine - ----------Running generation: 131, population size: 1
[127294] WARN AstorCoreEngine - ----------Running generation: 132, population size: 1
[127626] WARN AstorCoreEngine - ----------Running generation: 133, population size: 1
[127994] WARN AstorCoreEngine - ----------Running generation: 134, population size: 1
[128236] WARN AstorCoreEngine - ----------Running generation: 135, population size: 1
[128495] WARN AstorCoreEngine - ----------Running generation: 136, population size: 1
[128680] WARN AstorCoreEngine - ----------Running generation: 137, population size: 1
[128905] WARN AstorCoreEngine - ----------Running generation: 138, population size: 1
[129096] WARN AstorCoreEngine - ----------Running generation: 139, population size: 1
[129235] WARN AstorCoreEngine - ----------Running generation: 140, population size: 1
[129393] WARN AstorCoreEngine - ----------Running generation: 141, population size: 1
[129546] WARN AstorCoreEngine - ----------Running generation: 142, population size: 1
[129794] WARN AstorCoreEngine - ----------Running generation: 143, population size: 1
[129960] WARN AstorCoreEngine - ----------Running generation: 144, population size: 1
[130086] WARN AstorCoreEngine - ----------Running generation: 145, population size: 1
[130210] WARN AstorCoreEngine - ----------Running generation: 146, population size: 1
[130472] WARN AstorCoreEngine - ----------Running generation: 147, population size: 1
[130916] WARN AstorCoreEngine - ----------Running generation: 148, population size: 1
[131171] WARN AstorCoreEngine - ----------Running generation: 149, population size: 1
[131347] WARN AstorCoreEngine - ----------Running generation: 150, population size: 1
[131538] WARN AstorCoreEngine - ----------Running generation: 151, population size: 1
[131872] WARN AstorCoreEngine - ----------Running generation: 152, population size: 1
[132158] WARN AstorCoreEngine - ----------Running generation: 153, population size: 1
[132371] WARN AstorCoreEngine - ----------Running generation: 154, population size: 1
[132494] WARN AstorCoreEngine - ----------Running generation: 155, population size: 1
[132623] WARN AstorCoreEngine - ----------Running generation: 156, population size: 1
[132850] WARN AstorCoreEngine - ----------Running generation: 157, population size: 1
[133063] WARN AstorCoreEngine - ----------Running generation: 158, population size: 1
[133180] WARN AstorCoreEngine - ----------Running generation: 159, population size: 1
[133289] WARN AstorCoreEngine - ----------Running generation: 160, population size: 1
[133473] WARN AstorCoreEngine - ----------Running generation: 161, population size: 1
[133710] WARN AstorCoreEngine - ----------Running generation: 162, population size: 1
[134020] WARN AstorCoreEngine - ----------Running generation: 163, population size: 1
[134238] WARN AstorCoreEngine - ----------Running generation: 164, population size: 1
[134457] WARN AstorCoreEngine - ----------Running generation: 165, population size: 1
[134696] WARN AstorCoreEngine - ----------Running generation: 166, population size: 1
[134932] WARN AstorCoreEngine - ----------Running generation: 167, population size: 1
[135162] WARN AstorCoreEngine - ----------Running generation: 168, population size: 1
[135297] WARN AstorCoreEngine - ----------Running generation: 169, population size: 1
[135556] WARN AstorCoreEngine - ----------Running generation: 170, population size: 1
[135875] WARN AstorCoreEngine - ----------Running generation: 171, population size: 1
[136172] WARN AstorCoreEngine - ----------Running generation: 172, population size: 1
[136494] WARN AstorCoreEngine - ----------Running generation: 173, population size: 1
[136864] WARN AstorCoreEngine - ----------Running generation: 174, population size: 1
[137147] WARN AstorCoreEngine - ----------Running generation: 175, population size: 1
[137388] WARN AstorCoreEngine - ----------Running generation: 176, population size: 1
[137629] WARN AstorCoreEngine - ----------Running generation: 177, population size: 1
[137859] WARN AstorCoreEngine - ----------Running generation: 178, population size: 1
[138089] WARN AstorCoreEngine - ----------Running generation: 179, population size: 1
[138306] WARN AstorCoreEngine - ----------Running generation: 180, population size: 1
[138546] WARN AstorCoreEngine - ----------Running generation: 181, population size: 1
[138767] WARN AstorCoreEngine - ----------Running generation: 182, population size: 1
[139004] WARN AstorCoreEngine - ----------Running generation: 183, population size: 1
[139197] WARN AstorCoreEngine - ----------Running generation: 184, population size: 1
[139459] WARN AstorCoreEngine - ----------Running generation: 185, population size: 1
[139662] WARN AstorCoreEngine - ----------Running generation: 186, population size: 1
[139871] WARN AstorCoreEngine - ----------Running generation: 187, population size: 1
[140205] WARN AstorCoreEngine - ----------Running generation: 188, population size: 1
[140386] WARN AstorCoreEngine - ----------Running generation: 189, population size: 1
[140490] WARN AstorCoreEngine - ----------Running generation: 190, population size: 1
[140718] WARN AstorCoreEngine - ----------Running generation: 191, population size: 1
[140959] WARN AstorCoreEngine - ----------Running generation: 192, population size: 1
[141131] WARN AstorCoreEngine - ----------Running generation: 193, population size: 1
[141233] WARN AstorCoreEngine - ----------Running generation: 194, population size: 1
[141336] WARN AstorCoreEngine - ----------Running generation: 195, population size: 1
[141455] WARN AstorCoreEngine - ----------Running generation: 196, population size: 1
[141570] WARN AstorCoreEngine - ----------Running generation: 197, population size: 1
[141832] WARN AstorCoreEngine - ----------Running generation: 198, population size: 1
[142043] WARN AstorCoreEngine - ----------Running generation: 199, population size: 1
[142266] WARN AstorCoreEngine - ----------Running generation: 200, population size: 1
[142533] WARN AstorCoreEngine - ----------Running generation: 201, population size: 1
[142782] WARN AstorCoreEngine - ----------Running generation: 202, population size: 1
[143191] WARN AstorCoreEngine - ----------Running generation: 203, population size: 1
[143470] WARN AstorCoreEngine - ----------Running generation: 204, population size: 1
[143715] WARN AstorCoreEngine - ----------Running generation: 205, population size: 1
[144091] WARN AstorCoreEngine - ----------Running generation: 206, population size: 1
[144356] WARN AstorCoreEngine - ----------Running generation: 207, population size: 1
[144583] WARN AstorCoreEngine - ----------Running generation: 208, population size: 1
[144764] WARN AstorCoreEngine - ----------Running generation: 209, population size: 1
[144923] WARN AstorCoreEngine - ----------Running generation: 210, population size: 1
[145049] WARN AstorCoreEngine - ----------Running generation: 211, population size: 1
[145202] WARN AstorCoreEngine - ----------Running generation: 212, population size: 1
[145471] WARN AstorCoreEngine - ----------Running generation: 213, population size: 1
[145635] WARN AstorCoreEngine - ----------Running generation: 214, population size: 1
[145792] WARN AstorCoreEngine - ----------Running generation: 215, population size: 1
[145939] WARN AstorCoreEngine - ----------Running generation: 216, population size: 1
[146151] WARN AstorCoreEngine - ----------Running generation: 217, population size: 1
[146359] WARN AstorCoreEngine - ----------Running generation: 218, population size: 1
[146543] WARN AstorCoreEngine - ----------Running generation: 219, population size: 1
[146784] WARN AstorCoreEngine - ----------Running generation: 220, population size: 1
[146909] WARN AstorCoreEngine - ----------Running generation: 221, population size: 1
[147093] WARN AstorCoreEngine - ----------Running generation: 222, population size: 1
[147230] WARN AstorCoreEngine - ----------Running generation: 223, population size: 1
[147485] WARN AstorCoreEngine - ----------Running generation: 224, population size: 1
[147735] WARN AstorCoreEngine - ----------Running generation: 225, population size: 1
[148048] WARN AstorCoreEngine - ----------Running generation: 226, population size: 1
[148258] WARN AstorCoreEngine - ----------Running generation: 227, population size: 1
[148499] WARN AstorCoreEngine - ----------Running generation: 228, population size: 1
[148783] WARN AstorCoreEngine - ----------Running generation: 229, population size: 1
[149081] WARN AstorCoreEngine - ----------Running generation: 230, population size: 1
[149231] WARN AstorCoreEngine - ----------Running generation: 231, population size: 1
[149362] WARN AstorCoreEngine - ----------Running generation: 232, population size: 1
[149581] WARN AstorCoreEngine - ----------Running generation: 233, population size: 1
[149839] WARN AstorCoreEngine - ----------Running generation: 234, population size: 1
[150295] WARN AstorCoreEngine - ----------Running generation: 235, population size: 1
[150583] WARN AstorCoreEngine - ----------Running generation: 236, population size: 1
[150759] WARN AstorCoreEngine - ----------Running generation: 237, population size: 1
[150869] WARN AstorCoreEngine - ----------Running generation: 238, population size: 1
[151128] WARN AstorCoreEngine - ----------Running generation: 239, population size: 1
[151285] WARN AstorCoreEngine - ----------Running generation: 240, population size: 1
[151389] WARN AstorCoreEngine - ----------Running generation: 241, population size: 1
[151503] WARN AstorCoreEngine - ----------Running generation: 242, population size: 1
[151618] WARN AstorCoreEngine - ----------Running generation: 243, population size: 1
[151777] WARN AstorCoreEngine - ----------Running generation: 244, population size: 1
[151895] WARN AstorCoreEngine - ----------Running generation: 245, population size: 1
[152115] WARN AstorCoreEngine - ----------Running generation: 246, population size: 1
[152365] WARN AstorCoreEngine - ----------Running generation: 247, population size: 1
[152641] WARN AstorCoreEngine - ----------Running generation: 248, population size: 1
[152990] WARN AstorCoreEngine - ----------Running generation: 249, population size: 1
[153293] WARN AstorCoreEngine - ----------Running generation: 250, population size: 1
[153692] WARN AstorCoreEngine - ----------Running generation: 251, population size: 1
[154031] WARN AstorCoreEngine - ----------Running generation: 252, population size: 1
[154250] WARN AstorCoreEngine - ----------Running generation: 253, population size: 1
[154743] WARN AstorCoreEngine - ----------Running generation: 254, population size: 1
[154993] WARN AstorCoreEngine - ----------Running generation: 255, population size: 1
[155319] WARN AstorCoreEngine - ----------Running generation: 256, population size: 1
[155729] WARN AstorCoreEngine - ----------Running generation: 257, population size: 1
[155885] WARN AstorCoreEngine - ----------Running generation: 258, population size: 1
[156029] WARN AstorCoreEngine - ----------Running generation: 259, population size: 1
[156153] WARN AstorCoreEngine - ----------Running generation: 260, population size: 1
[156291] WARN AstorCoreEngine - ----------Running generation: 261, population size: 1
[156399] WARN AstorCoreEngine - ----------Running generation: 262, population size: 1
[156534] WARN AstorCoreEngine - ----------Running generation: 263, population size: 1
[156669] WARN AstorCoreEngine - ----------Running generation: 264, population size: 1
[156782] WARN AstorCoreEngine - ----------Running generation: 265, population size: 1
[156893] WARN AstorCoreEngine - ----------Running generation: 266, population size: 1
[157005] WARN AstorCoreEngine - ----------Running generation: 267, population size: 1
[157179] WARN AstorCoreEngine - ----------Running generation: 268, population size: 1
[157354] WARN AstorCoreEngine - ----------Running generation: 269, population size: 1
[157543] WARN AstorCoreEngine - ----------Running generation: 270, population size: 1
[157711] WARN AstorCoreEngine - ----------Running generation: 271, population size: 1
[157851] WARN AstorCoreEngine - ----------Running generation: 272, population size: 1
[157995] WARN AstorCoreEngine - ----------Running generation: 273, population size: 1
[158101] WARN AstorCoreEngine - ----------Running generation: 274, population size: 1
[158274] WARN AstorCoreEngine - ----------Running generation: 275, population size: 1
[158473] WARN AstorCoreEngine - ----------Running generation: 276, population size: 1
[158603] WARN AstorCoreEngine - ----------Running generation: 277, population size: 1
[158744] WARN AstorCoreEngine - ----------Running generation: 278, population size: 1
[158870] WARN AstorCoreEngine - ----------Running generation: 279, population size: 1
[159042] WARN AstorCoreEngine - ----------Running generation: 280, population size: 1
[159176] WARN AstorCoreEngine - ----------Running generation: 281, population size: 1
[159287] WARN AstorCoreEngine - ----------Running generation: 282, population size: 1
[159455] WARN AstorCoreEngine - ----------Running generation: 283, population size: 1
[159573] WARN AstorCoreEngine - ----------Running generation: 284, population size: 1
[159700] WARN AstorCoreEngine - ----------Running generation: 285, population size: 1
[159853] WARN AstorCoreEngine - ----------Running generation: 286, population size: 1
[160090] WARN AstorCoreEngine - ----------Running generation: 287, population size: 1
[160301] WARN AstorCoreEngine - ----------Running generation: 288, population size: 1
[160428] WARN AstorCoreEngine - ----------Running generation: 289, population size: 1
[160543] WARN AstorCoreEngine - ----------Running generation: 290, population size: 1
[160658] WARN AstorCoreEngine - ----------Running generation: 291, population size: 1
[160837] WARN AstorCoreEngine - ----------Running generation: 292, population size: 1
[160947] WARN AstorCoreEngine - ----------Running generation: 293, population size: 1
[161103] WARN AstorCoreEngine - ----------Running generation: 294, population size: 1
[161228] WARN AstorCoreEngine - ----------Running generation: 295, population size: 1
[161335] WARN AstorCoreEngine - ----------Running generation: 296, population size: 1
[161458] WARN AstorCoreEngine - ----------Running generation: 297, population size: 1
[161601] WARN AstorCoreEngine - ----------Running generation: 298, population size: 1
[161863] WARN AstorCoreEngine - ----------Running generation: 299, population size: 1
[162094] WARN AstorCoreEngine - ----------Running generation: 300, population size: 1
[162237] WARN AstorCoreEngine - ----------Running generation: 301, population size: 1
[162370] WARN AstorCoreEngine - ----------Running generation: 302, population size: 1
[162489] WARN AstorCoreEngine - ----------Running generation: 303, population size: 1
[162782] WARN AstorCoreEngine - ----------Running generation: 304, population size: 1
[163001] WARN AstorCoreEngine - ----------Running generation: 305, population size: 1
[163193] WARN AstorCoreEngine - ----------Running generation: 306, population size: 1
[163428] WARN AstorCoreEngine - ----------Running generation: 307, population size: 1
[163585] WARN AstorCoreEngine - ----------Running generation: 308, population size: 1
[163786] WARN AstorCoreEngine - ----------Running generation: 309, population size: 1
[164145] WARN AstorCoreEngine - ----------Running generation: 310, population size: 1
[164322] WARN AstorCoreEngine - ----------Running generation: 311, population size: 1
[164437] WARN AstorCoreEngine - ----------Running generation: 312, population size: 1
[164588] WARN AstorCoreEngine - ----------Running generation: 313, population size: 1
[164734] WARN AstorCoreEngine - ----------Running generation: 314, population size: 1
[164912] WARN AstorCoreEngine - ----------Running generation: 315, population size: 1
[165043] WARN AstorCoreEngine - ----------Running generation: 316, population size: 1
[165261] WARN AstorCoreEngine - ----------Running generation: 317, population size: 1
[165473] WARN AstorCoreEngine - ----------Running generation: 318, population size: 1
[165670] WARN AstorCoreEngine - ----------Running generation: 319, population size: 1
[165874] WARN AstorCoreEngine - ----------Running generation: 320, population size: 1
[166077] WARN AstorCoreEngine - ----------Running generation: 321, population size: 1
[166290] WARN AstorCoreEngine - ----------Running generation: 322, population size: 1
[166409] WARN AstorCoreEngine - ----------Running generation: 323, population size: 1
[166521] WARN AstorCoreEngine - ----------Running generation: 324, population size: 1
[166637] WARN AstorCoreEngine - ----------Running generation: 325, population size: 1
[166743] WARN AstorCoreEngine - ----------Running generation: 326, population size: 1
[166850] WARN AstorCoreEngine - ----------Running generation: 327, population size: 1
[167010] WARN AstorCoreEngine - ----------Running generation: 328, population size: 1
[167311] WARN AstorCoreEngine - ----------Running generation: 329, population size: 1
[167562] WARN AstorCoreEngine - ----------Running generation: 330, population size: 1
[167831] WARN AstorCoreEngine - ----------Running generation: 331, population size: 1
[168134] WARN AstorCoreEngine - ----------Running generation: 332, population size: 1
[168262] WARN AstorCoreEngine - ----------Running generation: 333, population size: 1
[168511] WARN AstorCoreEngine - ----------Running generation: 334, population size: 1
[168682] WARN AstorCoreEngine - ----------Running generation: 335, population size: 1
[168935] WARN AstorCoreEngine - ----------Running generation: 336, population size: 1
[169168] WARN AstorCoreEngine - ----------Running generation: 337, population size: 1
[169298] WARN AstorCoreEngine - ----------Running generation: 338, population size: 1
[169488] WARN AstorCoreEngine - ----------Running generation: 339, population size: 1
[169740] WARN AstorCoreEngine - ----------Running generation: 340, population size: 1
[170016] WARN AstorCoreEngine - ----------Running generation: 341, population size: 1
[170273] WARN AstorCoreEngine - ----------Running generation: 342, population size: 1
[170609] WARN AstorCoreEngine - ----------Running generation: 343, population size: 1
[170846] WARN AstorCoreEngine - ----------Running generation: 344, population size: 1
[171070] WARN AstorCoreEngine - ----------Running generation: 345, population size: 1
[171319] WARN AstorCoreEngine - ----------Running generation: 346, population size: 1
[171527] WARN AstorCoreEngine - ----------Running generation: 347, population size: 1
[171781] WARN AstorCoreEngine - ----------Running generation: 348, population size: 1
[171913] WARN AstorCoreEngine - ----------Running generation: 349, population size: 1
[172158] WARN AstorCoreEngine - ----------Running generation: 350, population size: 1
[172360] WARN AstorCoreEngine - ----------Running generation: 351, population size: 1
[172629] WARN AstorCoreEngine - ----------Running generation: 352, population size: 1
[173022] WARN AstorCoreEngine - ----------Running generation: 353, population size: 1
[173312] WARN AstorCoreEngine - ----------Running generation: 354, population size: 1
[173492] WARN AstorCoreEngine - ----------Running generation: 355, population size: 1
[173616] WARN AstorCoreEngine - ----------Running generation: 356, population size: 1
[173882] WARN AstorCoreEngine - ----------Running generation: 357, population size: 1
[174128] WARN AstorCoreEngine - ----------Running generation: 358, population size: 1
[174235] WARN AstorCoreEngine - ----------Running generation: 359, population size: 1
[174370] WARN AstorCoreEngine - ----------Running generation: 360, population size: 1
[174572] WARN AstorCoreEngine - ----------Running generation: 361, population size: 1
[174687] WARN AstorCoreEngine - ----------Running generation: 362, population size: 1
[174890] WARN AstorCoreEngine - ----------Running generation: 363, population size: 1
[175183] WARN AstorCoreEngine - ----------Running generation: 364, population size: 1
[175405] WARN AstorCoreEngine - ----------Running generation: 365, population size: 1
[175657] WARN AstorCoreEngine - ----------Running generation: 366, population size: 1
[176015] WARN AstorCoreEngine - ----------Running generation: 367, population size: 1
[176345] WARN AstorCoreEngine - ----------Running generation: 368, population size: 1
[176451] WARN AstorCoreEngine - ----------Running generation: 369, population size: 1
[176559] WARN AstorCoreEngine - ----------Running generation: 370, population size: 1
[176759] WARN AstorCoreEngine - ----------Running generation: 371, population size: 1
[177085] WARN AstorCoreEngine - ----------Running generation: 372, population size: 1
[177445] WARN AstorCoreEngine - ----------Running generation: 373, population size: 1
[177812] WARN AstorCoreEngine - ----------Running generation: 374, population size: 1
[178087] WARN AstorCoreEngine - ----------Running generation: 375, population size: 1
[178383] WARN AstorCoreEngine - ----------Running generation: 376, population size: 1
[178499] WARN AstorCoreEngine - ----------Running generation: 377, population size: 1
[178797] WARN AstorCoreEngine - ----------Running generation: 378, population size: 1
[179040] WARN AstorCoreEngine - ----------Running generation: 379, population size: 1
[179370] WARN AstorCoreEngine - ----------Running generation: 380, population size: 1
[179637] WARN AstorCoreEngine - ----------Running generation: 381, population size: 1
[180030] WARN AstorCoreEngine - ----------Running generation: 382, population size: 1
[180384] WARN AstorCoreEngine - ----------Running generation: 383, population size: 1
[180840] WARN AstorCoreEngine - ----------Running generation: 384, population size: 1
[181265] WARN AstorCoreEngine - ----------Running generation: 385, population size: 1
[181437] WARN AstorCoreEngine - ----------Running generation: 386, population size: 1
[181562] WARN AstorCoreEngine - ----------Running generation: 387, population size: 1
[181655] WARN AstorCoreEngine - ----------Running generation: 388, population size: 1
[181799] WARN AstorCoreEngine - ----------Running generation: 389, population size: 1
[182053] WARN AstorCoreEngine - ----------Running generation: 390, population size: 1
[182293] WARN AstorCoreEngine - ----------Running generation: 391, population size: 1
[182499] WARN AstorCoreEngine - ----------Running generation: 392, population size: 1
[182609] WARN AstorCoreEngine - ----------Running generation: 393, population size: 1
[182742] WARN AstorCoreEngine - ----------Running generation: 394, population size: 1
[182850] WARN AstorCoreEngine - ----------Running generation: 395, population size: 1
[182981] WARN AstorCoreEngine - ----------Running generation: 396, population size: 1
[183179] WARN AstorCoreEngine - ----------Running generation: 397, population size: 1
[183453] WARN AstorCoreEngine - ----------Running generation: 398, population size: 1
[183727] WARN AstorCoreEngine - ----------Running generation: 399, population size: 1
[183988] WARN AstorCoreEngine - ----------Running generation: 400, population size: 1
[184351] WARN AstorCoreEngine - ----------Running generation: 401, population size: 1
[184568] WARN AstorCoreEngine - ----------Running generation: 402, population size: 1
[184837] WARN AstorCoreEngine - ----------Running generation: 403, population size: 1
[185062] WARN AstorCoreEngine - ----------Running generation: 404, population size: 1
[185293] WARN AstorCoreEngine - ----------Running generation: 405, population size: 1
[185462] WARN AstorCoreEngine - ----------Running generation: 406, population size: 1
[185584] WARN AstorCoreEngine - ----------Running generation: 407, population size: 1
[185738] WARN AstorCoreEngine - ----------Running generation: 408, population size: 1
[185936] WARN AstorCoreEngine - ----------Running generation: 409, population size: 1
[186312] WARN AstorCoreEngine - ----------Running generation: 410, population size: 1
[186688] WARN AstorCoreEngine - ----------Running generation: 411, population size: 1
[186970] WARN AstorCoreEngine - ----------Running generation: 412, population size: 1
[187119] WARN AstorCoreEngine - ----------Running generation: 413, population size: 1
[187228] WARN AstorCoreEngine - ----------Running generation: 414, population size: 1
[187314] WARN AstorCoreEngine - ----------Running generation: 415, population size: 1
[187509] WARN AstorCoreEngine - ----------Running generation: 416, population size: 1
[187673] WARN AstorCoreEngine - ----------Running generation: 417, population size: 1
[187818] WARN AstorCoreEngine - ----------Running generation: 418, population size: 1
[187999] WARN AstorCoreEngine - ----------Running generation: 419, population size: 1
[188260] WARN AstorCoreEngine - ----------Running generation: 420, population size: 1
[188430] WARN AstorCoreEngine - ----------Running generation: 421, population size: 1
[188554] WARN AstorCoreEngine - ----------Running generation: 422, population size: 1
[188657] WARN AstorCoreEngine - ----------Running generation: 423, population size: 1
[188777] WARN AstorCoreEngine - ----------Running generation: 424, population size: 1
[188876] WARN AstorCoreEngine - ----------Running generation: 425, population size: 1
[188981] WARN AstorCoreEngine - ----------Running generation: 426, population size: 1
[189091] WARN AstorCoreEngine - ----------Running generation: 427, population size: 1
[189446] WARN AstorCoreEngine - ----------Running generation: 428, population size: 1
[189637] WARN AstorCoreEngine - ----------Running generation: 429, population size: 1
[189835] WARN AstorCoreEngine - ----------Running generation: 430, population size: 1
[190145] WARN AstorCoreEngine - ----------Running generation: 431, population size: 1
[190443] WARN AstorCoreEngine - ----------Running generation: 432, population size: 1
[190824] WARN AstorCoreEngine - ----------Running generation: 433, population size: 1
[191076] WARN AstorCoreEngine - ----------Running generation: 434, population size: 1
[191275] WARN AstorCoreEngine - ----------Running generation: 435, population size: 1
[191674] WARN AstorCoreEngine - ----------Running generation: 436, population size: 1
[192172] WARN AstorCoreEngine - ----------Running generation: 437, population size: 1
[192386] WARN AstorCoreEngine - ----------Running generation: 438, population size: 1
[192542] WARN AstorCoreEngine - ----------Running generation: 439, population size: 1
[192664] WARN AstorCoreEngine - ----------Running generation: 440, population size: 1
[192793] WARN AstorCoreEngine - ----------Running generation: 441, population size: 1
[192898] WARN AstorCoreEngine - ----------Running generation: 442, population size: 1
[192993] WARN AstorCoreEngine - ----------Running generation: 443, population size: 1
[193202] WARN AstorCoreEngine - ----------Running generation: 444, population size: 1
[193412] WARN AstorCoreEngine - ----------Running generation: 445, population size: 1
[193673] WARN AstorCoreEngine - ----------Running generation: 446, population size: 1
[193898] WARN AstorCoreEngine - ----------Running generation: 447, population size: 1
[194157] WARN AstorCoreEngine - ----------Running generation: 448, population size: 1
[194583] WARN AstorCoreEngine - ----------Running generation: 449, population size: 1
[194838] WARN AstorCoreEngine - ----------Running generation: 450, population size: 1
[195196] WARN AstorCoreEngine - ----------Running generation: 451, population size: 1
[195302] WARN AstorCoreEngine - ----------Running generation: 452, population size: 1
[195529] WARN AstorCoreEngine - ----------Running generation: 453, population size: 1
[195857] WARN AstorCoreEngine - ----------Running generation: 454, population size: 1
[196129] WARN AstorCoreEngine - ----------Running generation: 455, population size: 1
[196356] WARN AstorCoreEngine - ----------Running generation: 456, population size: 1
[196529] WARN AstorCoreEngine - ----------Running generation: 457, population size: 1
[196742] WARN AstorCoreEngine - ----------Running generation: 458, population size: 1
[197020] WARN AstorCoreEngine - ----------Running generation: 459, population size: 1
[197285] WARN AstorCoreEngine - ----------Running generation: 460, population size: 1
[197511] WARN AstorCoreEngine - ----------Running generation: 461, population size: 1
[197772] WARN AstorCoreEngine - ----------Running generation: 462, population size: 1
[197988] WARN AstorCoreEngine - ----------Running generation: 463, population size: 1
[198231] WARN AstorCoreEngine - ----------Running generation: 464, population size: 1
[198518] WARN AstorCoreEngine - ----------Running generation: 465, population size: 1
[198815] WARN AstorCoreEngine - ----------Running generation: 466, population size: 1
[199152] WARN AstorCoreEngine - ----------Running generation: 467, population size: 1
[199449] WARN AstorCoreEngine - ----------Running generation: 468, population size: 1
[199718] WARN AstorCoreEngine - ----------Running generation: 469, population size: 1
[200025] WARN AstorCoreEngine - ----------Running generation: 470, population size: 1
[200311] WARN AstorCoreEngine - ----------Running generation: 471, population size: 1
[200580] WARN AstorCoreEngine - ----------Running generation: 472, population size: 1
[200911] WARN AstorCoreEngine - ----------Running generation: 473, population size: 1
[200974] WARN AstorCoreEngine - ----------Running generation: 474, population size: 1
[201049] WARN AstorCoreEngine - ----------Running generation: 475, population size: 1
[201125] WARN AstorCoreEngine - ----------Running generation: 476, population size: 1
[201186] WARN AstorCoreEngine - ----------Running generation: 477, population size: 1
[201247] WARN AstorCoreEngine - ----------Running generation: 478, population size: 1
[201321] WARN AstorCoreEngine - ----------Running generation: 479, population size: 1
[201424] WARN AstorCoreEngine - ----------Running generation: 480, population size: 1
[201491] WARN AstorCoreEngine - ----------Running generation: 481, population size: 1
[201530] WARN AstorCoreEngine - ----------Running generation: 482, population size: 1
[201561] WARN AstorCoreEngine - ----------Running generation: 483, population size: 1
[201617] WARN AstorCoreEngine - ----------Running generation: 484, population size: 1
[201651] WARN AstorCoreEngine - ----------Running generation: 485, population size: 1
[201679] WARN AstorCoreEngine - ----------Running generation: 486, population size: 1
[201708] WARN AstorCoreEngine - ----------Running generation: 487, population size: 1
[201751] WARN AstorCoreEngine - ----------Running generation: 488, population size: 1
[201786] WARN AstorCoreEngine - ----------Running generation: 489, population size: 1
[201861] WARN AstorCoreEngine - ----------Running generation: 490, population size: 1
[201914] WARN AstorCoreEngine - ----------Running generation: 491, population size: 1
[201989] WARN AstorCoreEngine - ----------Running generation: 492, population size: 1
[202024] WARN AstorCoreEngine - ----------Running generation: 493, population size: 1
[202053] WARN AstorCoreEngine - ----------Running generation: 494, population size: 1
[202090] WARN AstorCoreEngine - ----------Running generation: 495, population size: 1
[202124] WARN AstorCoreEngine - ----------Running generation: 496, population size: 1
[202156] WARN AstorCoreEngine - ----------Running generation: 497, population size: 1
[202188] WARN AstorCoreEngine - ----------Running generation: 498, population size: 1
[202250] WARN AstorCoreEngine - ----------Running generation: 499, population size: 1
[202300] WARN AstorCoreEngine - ----------Running generation: 500, population size: 1
[202379] WARN AstorCoreEngine - ----------Running generation: 501, population size: 1
[202448] WARN AstorCoreEngine - ----------Running generation: 502, population size: 1
[202514] WARN AstorCoreEngine - ----------Running generation: 503, population size: 1
[202584] WARN AstorCoreEngine - ----------Running generation: 504, population size: 1
[202691] WARN AstorCoreEngine - ----------Running generation: 505, population size: 1
[202743] WARN AstorCoreEngine - ----------Running generation: 506, population size: 1
[202802] WARN AstorCoreEngine - ----------Running generation: 507, population size: 1
[202895] WARN AstorCoreEngine - ----------Running generation: 508, population size: 1
[202954] WARN AstorCoreEngine - ----------Running generation: 509, population size: 1
[203008] WARN AstorCoreEngine - ----------Running generation: 510, population size: 1
[203092] WARN AstorCoreEngine - ----------Running generation: 511, population size: 1
[203174] WARN AstorCoreEngine - ----------Running generation: 512, population size: 1
[203252] WARN AstorCoreEngine - ----------Running generation: 513, population size: 1
[203324] WARN AstorCoreEngine - ----------Running generation: 514, population size: 1
[203376] WARN AstorCoreEngine - ----------Running generation: 515, population size: 1
[203464] WARN AstorCoreEngine - ----------Running generation: 516, population size: 1
[203521] WARN AstorCoreEngine - ----------Running generation: 517, population size: 1
[203578] WARN AstorCoreEngine - ----------Running generation: 518, population size: 1
[203621] WARN AstorCoreEngine - ----------Running generation: 519, population size: 1
[203651] WARN AstorCoreEngine - ----------Running generation: 520, population size: 1
[203679] WARN AstorCoreEngine - ----------Running generation: 521, population size: 1
[203706] WARN AstorCoreEngine - ----------Running generation: 522, population size: 1
[203732] WARN AstorCoreEngine - ----------Running generation: 523, population size: 1
[203788] WARN AstorCoreEngine - ----------Running generation: 524, population size: 1
[203821] WARN AstorCoreEngine - ----------Running generation: 525, population size: 1
[203853] WARN AstorCoreEngine - ----------Running generation: 526, population size: 1
[203880] WARN AstorCoreEngine - ----------Running generation: 527, population size: 1
[203906] WARN AstorCoreEngine - ----------Running generation: 528, population size: 1
[203942] WARN AstorCoreEngine - ----------Running generation: 529, population size: 1
[203966] WARN AstorCoreEngine - ----------Running generation: 530, population size: 1
[203997] WARN AstorCoreEngine - ----------Running generation: 531, population size: 1
[204051] WARN AstorCoreEngine - ----------Running generation: 532, population size: 1
[204082] WARN AstorCoreEngine - ----------Running generation: 533, population size: 1
[204152] WARN AstorCoreEngine - ----------Running generation: 534, population size: 1
[204189] WARN AstorCoreEngine - ----------Running generation: 535, population size: 1
[204219] WARN AstorCoreEngine - ----------Running generation: 536, population size: 1
[204253] WARN AstorCoreEngine - ----------Running generation: 537, population size: 1
[204294] WARN AstorCoreEngine - ----------Running generation: 538, population size: 1
[204340] WARN AstorCoreEngine - ----------Running generation: 539, population size: 1
[204392] WARN AstorCoreEngine - ----------Running generation: 540, population size: 1
[204521] WARN AstorCoreEngine - ----------Running generation: 541, population size: 1
[204568] WARN AstorCoreEngine - ----------Running generation: 542, population size: 1
[204664] WARN AstorCoreEngine - ----------Running generation: 543, population size: 1
[204778] WARN AstorCoreEngine - ----------Running generation: 544, population size: 1
[204843] WARN AstorCoreEngine - ----------Running generation: 545, population size: 1
[205054] WARN AstorCoreEngine - ----------Running generation: 546, population size: 1
[205101] WARN AstorCoreEngine - ----------Running generation: 547, population size: 1
[205128] WARN AstorCoreEngine - ----------Running generation: 548, population size: 1
[205157] WARN AstorCoreEngine - ----------Running generation: 549, population size: 1
[205196] WARN AstorCoreEngine - ----------Running generation: 550, population size: 1
[205226] WARN AstorCoreEngine - ----------Running generation: 551, population size: 1
[205255] WARN AstorCoreEngine - ----------Running generation: 552, population size: 1
[205282] WARN AstorCoreEngine - ----------Running generation: 553, population size: 1
[205357] WARN AstorCoreEngine - ----------Running generation: 554, population size: 1
[205470] WARN AstorCoreEngine - ----------Running generation: 555, population size: 1
[205572] WARN AstorCoreEngine - ----------Running generation: 556, population size: 1
[205687] WARN AstorCoreEngine - ----------Running generation: 557, population size: 1
[205753] WARN AstorCoreEngine - ----------Running generation: 558, population size: 1
[205846] WARN AstorCoreEngine - ----------Running generation: 559, population size: 1
[205891] WARN AstorCoreEngine - ----------Running generation: 560, population size: 1
[205994] WARN AstorCoreEngine - ----------Running generation: 561, population size: 1
[206093] WARN AstorCoreEngine - ----------Running generation: 562, population size: 1
[206207] WARN AstorCoreEngine - ----------Running generation: 563, population size: 1
[206306] WARN AstorCoreEngine - ----------Running generation: 564, population size: 1
[206377] WARN AstorCoreEngine - ----------Running generation: 565, population size: 1
[206442] WARN AstorCoreEngine - ----------Running generation: 566, population size: 1
[206469] WARN AstorCoreEngine - ----------Running generation: 567, population size: 1
[206500] WARN AstorCoreEngine - ----------Running generation: 568, population size: 1
[206553] WARN AstorCoreEngine - ----------Running generation: 569, population size: 1
[206593] WARN AstorCoreEngine - ----------Running generation: 570, population size: 1
[206649] WARN AstorCoreEngine - ----------Running generation: 571, population size: 1
[206709] WARN AstorCoreEngine - ----------Running generation: 572, population size: 1
[206760] ERROR AstorCoreEngine - Stopping main loop at 572 generation
[206762] INFO AstorCoreEngine - Time Repair Loop (s): 131.092
[206762] INFO AstorCoreEngine - generationsexecuted: 572
[206762] WARN AstorCoreEngine - ----SUMMARY_EXECUTION---
[206762] WARN AstorCoreEngine - End Repair Search: NOT Found solution
[206762] WARN AstorCoreEngine - Number suspicious:1
[206762] INFO AstorCoreEngine - Total mod points: 2
[206843] INFO ExpressionTypeIngredientSpace - Storing ing JSON at /workdir/Cardumen_vul4j_apache_commons-io_VUL4J-14/./output_astor/AstorMain-apache_commons-io-VUL4J-14//src/ingredients.json
[206844] INFO IngredientStats - Storing ing JSON at /workdir/Cardumen_vul4j_apache_commons-io_VUL4J-14/./output_astor/AstorMain-apache_commons-io-VUL4J-14//ingredientSpaceSize.json
[206845] INFO IngredientStats - ingredientSpaceSize:{"allAttempts":480,"space":[{"a":15,"v":13},{"a":30,"v":4},{"a":43,"v":18},{"a":31,"v":14},{"a":16,"v":6},{"a":48,"v":3},{"a":32,"v":6},{"a":34,"v":8},{"a":41,"v":9},{"a":1,"v":4},{"a":29,"v":5},{"a":14,"v":8},{"a":47,"v":4},{"a":18,"v":5},{"a":3,"v":11},{"a":12,"v":7},{"a":27,"v":8},{"a":44,"v":7},{"a":17,"v":8},{"a":2,"v":4},{"a":13,"v":10},{"a":28,"v":3},{"a":38,"v":5},{"a":37,"v":5},{"a":8,"v":4},{"a":40,"v":23},{"a":23,"v":11},{"a":35,"v":13},{"a":7,"v":38},{"a":49,"v":4},{"a":22,"v":8},{"a":9,"v":15},{"a":33,"v":1},{"a":21,"v":8},{"a":6,"v":10},{"a":42,"v":2},{"a":24,"v":8},{"a":4,"v":9},{"a":36,"v":8},{"a":19,"v":8},{"a":26,"v":4},{"a":11,"v":62},{"a":39,"v":12},{"a":45,"v":9},{"a":46,"v":2},{"a":20,"v":4},{"a":25,"v":7},{"a":10,"v":28},{"a":5,"v":7}]}
[206845] INFO IngredientStats - Storing ing JSON at /workdir/Cardumen_vul4j_apache_commons-io_VUL4J-14/./output_astor/AstorMain-apache_commons-io-VUL4J-14//combinationsTemplatesingredientSpaceSize.json
[206845] INFO IngredientStats - combinationsTemplatesingredientSpaceSize:{"allAttempts":1080,"space":[{"a":15,"v":18},{"a":4,"v":52},{"a":8,"v":18},{"a":11,"v":18},{"a":16,"v":36},{"a":3,"v":112},{"a":7,"v":22},{"a":12,"v":18},{"a":2,"v":74},{"a":13,"v":16},{"a":9,"v":18},{"a":6,"v":20},{"a":1,"v":558},{"a":14,"v":18},{"a":10,"v":18},{"a":5,"v":20},{"a":0,"v":44}]}
[206847] INFO AstorCoreEngine - 
 --SOLUTIONS DESCRIPTION--


Astor Output:

General stats:
EXECUTION_IDENTIFIER=apache_commons-io-VUL4J-14
TOTAL_TIME=131.092
NR_GENERATIONS=572
NR_RIGHT_COMPILATIONS=null
NR_FAILLING_COMPILATIONS=472
NR_ERRONEOUS_VARIANCES=null
NR_FAILING_VALIDATION_PROCESS=null
OUTPUT_STATUS=CONVERGED

Patch stats:

[206871] INFO Stats - Storing ing JSON at /workdir/Cardumen_vul4j_apache_commons-io_VUL4J-14/./output_astor/AstorMain-apache_commons-io-VUL4J-14//astor_output.json
[206871] INFO Stats - astor_output:
{"general":{"NR_RIGHT_COMPILATIONS":null,"NR_ERRONEOUS_VARIANCES":null,"EXECUTION_IDENTIFIER":"apache_commons-io-VUL4J-14","OUTPUT_STATUS":"CONVERGED","NR_FAILLING_COMPILATIONS":472,"NR_GENERATIONS":572,"TOTAL_TIME":131.092,"NR_FAILING_VALIDATION_PROCESS":null},"patches":[]}
[206871] INFO AstorMain - Time Total(s): 206.857
143.43user 18.29system 3:29.33elapsed 77%CPU (0avgtext+0avgdata 1736716maxresident)k
480inputs+7920outputs (0major+579981minor)pagefaults 0swaps


Node: 9670332cfea8



Date: Thu Sep  8 23:48:39 EDT 2022

