cd /workdir/Kali_vul4j_jenkinsci_ccm-plugin_VUL4J-51;
export JAVA_TOOL_OPTIONS="-Dfile.encoding=UTF8 -Duser.language=en-US -Duser.country=US -Duser.language=en";
TZ="America/New_York"; export TZ;
export PATH="/usr/lib/jvm/java-8-openjdk-amd64/bin:$PATH";
export JAVA_HOME="/usr/lib/jvm/java-8-openjdk-amd64";
timeout 240m java -Xmx4g -Xms1g -XX:MaxPermSize=512m -cp /script/../libs/jmetal.jar:/script/../repair_tools/arja.jar us.msu.cse.repair.Main \
	Kali \
	-DexternalProjRoot /script/../libs/arja_external \
	-DprojectDir /workdir/Kali_vul4j_jenkinsci_ccm-plugin_VUL4J-51 \
    -DtestFiltered false \
    -DrunTestCommand "mvn test -Dhttps.protocols=TLSv1.2 -Denforcer.skip=true -Dcheckstyle.skip=true -Dcobertura.skip=true -DskipITs=true -Drat.skip=true -Dlicense.skip=true -Dpmd.skip=true -Dfindbugs.skip=true -Dgpg.skip=true -Dskip.npm=true -Dskip.gulp=true -Dskip.bower=true -Danimal.sniffer.skip=true -V -B" \
	-DsrcJavaDir /workdir/Kali_vul4j_jenkinsci_ccm-plugin_VUL4J-51/src/main/java \
	-DbinJavaDir /workdir/Kali_vul4j_jenkinsci_ccm-plugin_VUL4J-51/target/classes \
	-DbinTestDir /workdir/Kali_vul4j_jenkinsci_ccm-plugin_VUL4J-51/target/test-classes \
	-DdiffFormat true \
	-Dseed 0 \
	-DgzoltarDataDir /script/../data/benchmarks/vul4j/perfectfl/VUL4J-51 \
	-Ddependences /root/.m2/repository/org/jenkins-ci/test-annotations/1.1/test-annotations-1.1.jar:/root/.m2/repository/org/apache/maven/maven-artifact/3.1.0/maven-artifact-3.1.0.jar:/root/.m2/repository/org/easymock/easymock/2.4/easymock-2.4.jar:/root/.m2/repository/org/codehaus/plexus/plexus-classworlds/2.5.1/plexus-classworlds-2.5.1.jar:/root/.m2/repository/log4j/log4j/1.2.9/log4j-1.2.9.jar:/root/.m2/repository/org/apache/maven/wagon/wagon-http-shared/2.4/wagon-http-shared-2.4.jar:/root/.m2/repository/org/slf4j/slf4j-jdk14/1.7.7/slf4j-jdk14-1.7.7.jar:/root/.m2/repository/org/apache/maven/wagon/wagon-ssh-common/2.4/wagon-ssh-common-2.4.jar:/root/.m2/repository/org/ow2/asm/asm-tree/4.0/asm-tree-4.0.jar:/root/.m2/repository/org/eclipse/aether/aether-connector-wagon/0.9.0.M2/aether-connector-wagon-0.9.0.M2.jar:/root/.m2/repository/xerces/xercesImpl/2.11.0/xercesImpl-2.11.0.jar:/root/.m2/repository/org/jenkins-ci/plugins/workflow/workflow-api/1.7/workflow-api-1.7.jar:/root/.m2/repository/org/apache/maven/maven-settings-builder/3.1.0/maven-settings-builder-3.1.0.jar:/root/.m2/repository/org/eclipse/aether/aether-api/0.9.0.M3/aether-api-0.9.0.M3.jar:/root/.m2/repository/commons-httpclient/commons-httpclient/3.1/commons-httpclient-3.1.jar:/root/.m2/repository/jfree/jfreechart/1.0.9/jfreechart-1.0.9.jar:/root/.m2/repository/joda-time/joda-time/2.9.5/joda-time-2.9.5.jar:/root/.m2/repository/commons-net/commons-net/3.1/commons-net-3.1.jar:/root/.m2/repository/org/ow2/asm/asm-commons/4.0/asm-commons-4.0.jar:/root/.m2/repository/xml-apis/xml-apis/1.4.01/xml-apis-1.4.01.jar:/root/.m2/repository/org/eclipse/sisu/org.eclipse.sisu.inject/0.0.0.M5/org.eclipse.sisu.inject-0.0.0.M5.jar:/root/.m2/repository/org/mortbay/jetty/jetty-util/6.1.26/jetty-util-6.1.26.jar:/root/.m2/repository/org/jenkins-ci/plugins/script-security/1.13/script-security-1.13.jar:/root/.m2/repository/org/mockito/mockito-all/1.10.8/mockito-all-1.10.8.jar:/root/.m2/repository/org/tmatesoft/sqljet/sqljet/1.1.0/sqljet-1.1.0.jar:/root/.m2/repository/javax/mail/mail/1.4.4/mail-1.4.4.jar:/root/.m2/repository/org/jvnet/hudson/htmlunit-core-js/2.6-hudson-1/htmlunit-core-js-2.6-hudson-1.jar:/root/.m2/repository/org/codehaus/plexus/plexus-component-annotations/1.5.5/plexus-component-annotations-1.5.5.jar:/root/.m2/repository/org/codehaus/plexus/plexus-utils/3.0.10/plexus-utils-3.0.10.jar:/root/.m2/repository/javax/annotation/javax.annotation-api/1.2/javax.annotation-api-1.2.jar:/root/.m2/repository/args4j/args4j/2.0.23/args4j-2.0.23.jar:/root/.m2/repository/org/eclipse/aether/aether-impl/0.9.0.M3/aether-impl-0.9.0.M3.jar:/root/.m2/repository/org/jenkins-ci/dom4j/dom4j/1.6.1-jenkins-4/dom4j-1.6.1-jenkins-4.jar:/root/.m2/repository/com/google/code/findbugs/jsr305/2.0.0/jsr305-2.0.0.jar:/root/.m2/repository/xalan/xalan/2.7.1/xalan-2.7.1.jar:/root/.m2/repository/commons-io/commons-io/2.4/commons-io-2.4.jar:/root/.m2/repository/org/eclipse/aether/aether-transport-wagon/0.9.0.M3/aether-transport-wagon-0.9.0.M3.jar:/root/.m2/repository/org/kohsuke/stapler/stapler-jrebel/1.234/stapler-jrebel-1.234.jar:/root/.m2/repository/de/regnis/q/sequence/sequence-library/1.0.1/sequence-library-1.0.1.jar:/root/.m2/repository/net/sourceforge/nekohtml/nekohtml/1.9.13/nekohtml-1.9.13.jar:/root/.m2/repository/org/jvnet/tiger-types/1.3/tiger-types-1.3.jar:/root/.m2/repository/org/jenkins-ci/main/maven/maven32-agent/1.6/maven32-agent-1.6.jar:/root/.m2/repository/org/springframework/spring-web/2.5.6.SEC03/spring-web-2.5.6.SEC03.jar:/root/.m2/repository/org/jenkins-ci/modules/upstart-slave-installer/1.1/upstart-slave-installer-1.1.jar:/root/.m2/repository/javax/xml/stream/stax-api/1.0-2/stax-api-1.0-2.jar:/root/.m2/repository/org/jboss/marshalling/jboss-marshalling/1.4.9.Final/jboss-marshalling-1.4.9.Final.jar:/root/.m2/repository/org/jvnet/hudson/netx/0.5-hudson-2/netx-0.5-hudson-2.jar:/root/.m2/repository/org/jenkins-ci/modules/ssh-cli-auth/1.2/ssh-cli-auth-1.2.jar:/root/.m2/repository/org/kohsuke/stapler/stapler-adjunct-codemirror/1.3/stapler-adjunct-codemirror-1.3.jar:/root/.m2/repository/org/jenkins-ci/plugins/durable-task/1.5/durable-task-1.5.jar:/root/.m2/repository/org/jenkins-ci/constant-pool-scanner/1.2/constant-pool-scanner-1.2.jar:/root/.m2/repository/commons-discovery/commons-discovery/0.4/commons-discovery-0.4.jar:/root/.m2/repository/oro/oro/2.0.8/oro-2.0.8.jar:/root/.m2/repository/de/java2html/java2html/5.0/java2html-5.0.jar:/root/.m2/repository/org/apache/httpcomponents/httpcore/4.2.4/httpcore-4.2.4.jar:/root/.m2/repository/org/apache/ant/ant/1.8.4/ant-1.8.4.jar:/root/.m2/repository/org/jvnet/hudson/xstream/1.4.7-jenkins-1/xstream-1.4.7-jenkins-1.jar:/root/.m2/repository/org/apache/maven/maven-settings/3.1.0/maven-settings-3.1.0.jar:/root/.m2/repository/org/samba/jcifs/jcifs/1.2.19/jcifs-1.2.19.jar:/root/.m2/repository/org/apache/maven/wagon/wagon-provider-api/2.4/wagon-provider-api-2.4.jar:/root/.m2/repository/org/jenkins-ci/modules/systemd-slave-installer/1.1/systemd-slave-installer-1.1.jar:/root/.m2/repository/javax/enterprise/cdi-api/1.0/cdi-api-1.0.jar:/root/.m2/repository/net/sf/ezmorph/ezmorph/1.0.6/ezmorph-1.0.6.jar:/root/.m2/repository/org/jvnet/hudson/maven2.1-interceptor/1.2/maven2.1-interceptor-1.2.jar:/root/.m2/repository/org/jenkins-ci/plugins/workflow/workflow-scm-step/1.7/workflow-scm-step-1.7.jar:/root/.m2/repository/org/jenkins-ci/main/maven/maven3-agent/1.6/maven3-agent-1.6.jar:/root/.m2/repository/org/jboss/marshalling/jboss-marshalling-river/1.4.9.Final/jboss-marshalling-river-1.4.9.Final.jar:/root/.m2/repository/org/jenkins-ci/htmlunit/2.6-jenkins-6/htmlunit-2.6-jenkins-6.jar:/root/.m2/repository/org/jsoup/jsoup/1.7.1/jsoup-1.7.1.jar:/root/.m2/repository/org/sonatype/plexus/plexus-sec-dispatcher/1.3/plexus-sec-dispatcher-1.3.jar:/root/.m2/repository/org/jenkins-ci/main/maven/maven-interceptor/1.6/maven-interceptor-1.6.jar:/root/.m2/repository/org/jenkins-ci/crypto-util/1.1/crypto-util-1.1.jar:/root/.m2/repository/org/kohsuke/jinterop/j-interop/2.0.6-kohsuke-1/j-interop-2.0.6-kohsuke-1.jar:/root/.m2/repository/org/jenkins-ci/SECURITY-144-compat/1.0/SECURITY-144-compat-1.0.jar:/root/.m2/repository/org/kohsuke/stapler/json-lib/2.4-jenkins-2/json-lib-2.4-jenkins-2.jar:/root/.m2/repository/xpp3/xpp3/1.1.4c/xpp3-1.1.4c.jar:/root/.m2/repository/org/kohsuke/stapler/stapler-groovy/1.234/stapler-groovy-1.234.jar:/root/.m2/repository/org/kohsuke/groovy-sandbox/1.8/groovy-sandbox-1.8.jar:/root/.m2/repository/org/apache/commons/commons-lang3/3.4/commons-lang3-3.4.jar:/root/.m2/repository/org/springframework/spring-jdbc/1.2.9/spring-jdbc-1.2.9.jar:/root/.m2/repository/org/jvnet/hudson/plugins/analysis-core/1.94/analysis-core-1.94.jar:/root/.m2/repository/org/jenkins-ci/main/maven/maven3-interceptor/1.6/maven3-interceptor-1.6.jar:/root/.m2/repository/org/apache/maven/maven-model/3.1.0/maven-model-3.1.0.jar:/root/.m2/repository/org/springframework/spring-context-support/2.5.6.SEC03/spring-context-support-2.5.6.SEC03.jar:/root/.m2/repository/org/apache/maven/wagon/wagon-ftp/2.4/wagon-ftp-2.4.jar:/root/.m2/repository/com/google/code/findbugs/annotations/2.0.0/annotations-2.0.0.jar:/root/.m2/repository/com/github/jnr/jffi/1.2.7/jffi-1.2.7.jar:/root/.m2/repository/org/apache/jackrabbit/jackrabbit-webdav/2.5.2/jackrabbit-webdav-2.5.2.jar:/root/.m2/repository/org/jenkins-ci/main/maven/maven31-interceptor/1.6/maven31-interceptor-1.6.jar:/root/.m2/repository/org/antlr/antlr-runtime/3.4/antlr-runtime-3.4.jar:/root/.m2/repository/commons-codec/commons-codec/1.8/commons-codec-1.8.jar:/root/.m2/repository/org/sonatype/plexus/plexus-cipher/1.7/plexus-cipher-1.7.jar:/root/.m2/repository/org/jenkins-ci/plugins/icon-shim/icon-set/1.0.5/icon-set-1.0.5.jar:/root/.m2/repository/org/jenkins-ci/trilead-ssh2/build217-jenkins-8/trilead-ssh2-build217-jenkins-8.jar:/root/.m2/repository/org/jenkins-ci/version-number/1.1/version-number-1.1.jar:/root/.m2/repository/javax/annotation/jsr250-api/1.0/jsr250-api-1.0.jar:/root/.m2/repository/org/jenkins-ci/lib/lib-jenkins-maven-artifact-manager/1.2/lib-jenkins-maven-artifact-manager-1.2.jar:/root/.m2/repository/javax/inject/javax.inject/1/javax.inject-1.jar:/root/.m2/repository/org/jenkins-ci/main/jenkins-war/1.596.1/jenkins-war-1.596.1-war-for-test.jar:/root/.m2/repository/javax/servlet/jstl/1.1.0/jstl-1.1.0.jar:/root/.m2/repository/org/kohsuke/trilead-putty-extension/1.2/trilead-putty-extension-1.2.jar:/root/.m2/repository/jaxen/jaxen/1.1-beta-11/jaxen-1.1-beta-11.jar:/root/.m2/repository/org/hamcrest/hamcrest-core/1.3/hamcrest-core-1.3.jar:/root/.m2/repository/org/kohsuke/stapler/stapler/1.234/stapler-1.234.jar:/root/.m2/repository/org/kohsuke/stapler/stapler-adjunct-zeroclipboard/1.3.5-1/stapler-adjunct-zeroclipboard-1.3.5-1.jar:/root/.m2/repository/jfree/jcommon/1.0.12/jcommon-1.0.12.jar:/root/.m2/repository/net/sourceforge/cssparser/cssparser/0.9.5/cssparser-0.9.5.jar:/root/.m2/repository/org/apache/maven/maven-core/3.1.0/maven-core-3.1.0.jar:/root/.m2/repository/com/jcraft/jsch/0.1.44-1/jsch-0.1.44-1.jar:/root/.m2/repository/org/springframework/spring-webmvc/2.5.6.SEC03/spring-webmvc-2.5.6.SEC03.jar:/root/.m2/repository/org/jenkins-ci/plugins/matrix-project/1.2.1/matrix-project-1.2.1.jar:/root/.m2/repository/org/jenkins-ci/modules/launchd-slave-installer/1.2/launchd-slave-installer-1.2.jar:/root/.m2/repository/org/jenkins-ci/main/maven/maven-agent/1.6/maven-agent-1.6.jar:/root/.m2/repository/org/jenkins-ci/plugins/workflow/workflow-support/1.7/workflow-support-1.7.jar:/root/.m2/repository/com/github/jnr/jnr-posix/3.0.1/jnr-posix-3.0.1.jar:/root/.m2/repository/org/jenkins-ci/plugins/workflow/workflow-step-api/1.7/workflow-step-api-1.7.jar:/root/.m2/repository/commons-jelly/commons-jelly-tags-xml/1.1/commons-jelly-tags-xml-1.1.jar:/root/.m2/repository/org/jenkins-ci/plugins/token-macro/1.10/token-macro-1.10.jar:/root/.m2/repository/org/jenkins-ci/plugins/structs/1.10/structs-1.10.jar:/root/.m2/repository/org/apache/ant/ant-launcher/1.8.4/ant-launcher-1.8.4.jar:/root/.m2/repository/org/jenkins-ci/plugins/subversion/1.45/subversion-1.45.jar:/root/.m2/repository/com/sun/solaris/embedded_su4j/1.1/embedded_su4j-1.1.jar:/root/.m2/repository/org/kohsuke/windows-package-checker/1.0/windows-package-checker-1.0.jar:/root/.m2/repository/org/ow2/asm/asm-util/4.0/asm-util-4.0.jar:/root/.m2/repository/org/apache/maven/reporting/maven-reporting-api/3.0/maven-reporting-api-3.0.jar:/root/.m2/repository/junit/junit/4.11/junit-4.11.jar:/root/.m2/repository/org/springframework/spring-dao/1.2.9/spring-dao-1.2.9.jar:/root/.m2/repository/org/jenkins-ci/main/jenkins-core/1.596.1/jenkins-core-1.596.1.jar:/root/.m2/repository/org/mindrot/jbcrypt/0.3m/jbcrypt-0.3m.jar:/root/.m2/repository/org/kohsuke/libpam4j/1.8/libpam4j-1.8.jar:/root/.m2/repository/org/codehaus/mojo/animal-sniffer-annotations/1.9/animal-sniffer-annotations-1.9.jar:/root/.m2/repository/org/apache/maven/wagon/wagon-webdav-jackrabbit/2.4/wagon-webdav-jackrabbit-2.4.jar:/root/.m2/repository/org/jenkins-ci/main/jenkins-test-harness/1.596.1/jenkins-test-harness-1.596.1.jar:/root/.m2/repository/org/apache/httpcomponents/httpclient/4.2.5/httpclient-4.2.5.jar:/root/.m2/repository/com/github/stephenc/findbugs/findbugs-annotations/1.3.9-1/findbugs-annotations-1.3.9-1.jar:/root/.m2/repository/org/ow2/asm/asm-analysis/4.0/asm-analysis-4.0.jar:/root/.m2/repository/org/jenkins-ci/plugins/workflow/workflow-cps/1.7/workflow-cps-1.7.jar:/root/.m2/repository/jline/jline/0.9.94/jline-0.9.94.jar:/root/.m2/repository/org/kohsuke/akuma/1.9/akuma-1.9.jar:/root/.m2/repository/org/apache/maven/wagon/wagon-http-shared4/2.4/wagon-http-shared4-2.4.jar:/root/.m2/repository/antlr/antlr/2.7.6/antlr-2.7.6.jar:/root/.m2/repository/org/jenkins-ci/jmdns/3.4.0-jenkins-3/jmdns-3.4.0-jenkins-3.jar:/root/.m2/repository/org/jenkins-ci/main/maven/maven31-agent/1.6/maven31-agent-1.6.jar:/root/.m2/repository/com/google/inject/guice/4.0-beta/guice-4.0-beta-no_aop.jar:/root/.m2/repository/org/apache/maven/doxia/doxia-sink-api/1.0/doxia-sink-api-1.0.jar:/root/.m2/repository/com/sun/xml/txw2/txw2/20110809/txw2-20110809.jar:/root/.m2/repository/org/slf4j/slf4j-api/1.7.4/slf4j-api-1.7.4.jar:/root/.m2/repository/org/apache/maven/wagon/wagon-file/2.4/wagon-file-2.4.jar:/root/.m2/repository/org/kohsuke/jinterop/j-interopdeps/2.0.6-kohsuke-1/j-interopdeps-2.0.6-kohsuke-1.jar:/root/.m2/repository/org/jenkins-ci/modules/slave-installer/1.5/slave-installer-1.5.jar:/root/.m2/repository/org/codehaus/groovy/groovy-all/1.8.9/groovy-all-1.8.9.jar:/root/.m2/repository/org/jenkins-ci/plugins/javadoc/1.0/javadoc-1.0.jar:/root/.m2/repository/org/kohsuke/access-modifier-annotation/1.4/access-modifier-annotation-1.4.jar:/root/.m2/repository/org/jvnet/libzfs/libzfs/0.5/libzfs-0.5.jar:/root/.m2/repository/org/ow2/asm/asm/4.0/asm-4.0.jar:/root/.m2/repository/org/jenkins-ci/plugins/mailer/1.13/mailer-1.13.jar:/root/.m2/repository/org/jenkins-ci/bytecode-compatibility-transformer/1.5/bytecode-compatibility-transformer-1.5.jar:/root/.m2/repository/org/jenkins-ci/plugins/antisamy-markup-formatter/1.5/antisamy-markup-formatter-1.5.jar:/root/.m2/repository/org/eclipse/aether/aether-util/0.9.0.M3/aether-util-0.9.0.M3.jar:/root/.m2/repository/cglib/cglib/2.2.2/cglib-2.2.2.jar:/root/.m2/repository/org/jenkins-ci/modules/instance-identity/1.4/instance-identity-1.4.jar:/root/.m2/repository/com/jcraft/jzlib/1.1.3-kohsuke-1/jzlib-1.1.3-kohsuke-1.jar:/root/.m2/repository/org/jenkins-ci/commons-jexl/1.1-jenkins-20111212/commons-jexl-1.1-jenkins-20111212.jar:/root/.m2/repository/com/github/jnr/jnr-constants/0.8.5/jnr-constants-0.8.5.jar:/root/.m2/repository/org/jenkins-ci/main/remoting/2.49/remoting-2.49.jar:/root/.m2/repository/org/codehaus/woodstox/wstx-asl/3.2.9/wstx-asl-3.2.9.jar:/root/.m2/repository/org/apache/commons/commons-digester3/3.2/commons-digester3-3.2.jar:/root/.m2/repository/relaxngDatatype/relaxngDatatype/20020414/relaxngDatatype-20020414.jar:/root/.m2/repository/org/codehaus/geb/geb-implicit-assertions/0.7.2/geb-implicit-assertions-0.7.2.jar:/root/.m2/repository/org/kohsuke/stapler/stapler-jelly/1.234/stapler-jelly-1.234.jar:/root/.m2/repository/org/apache/maven/maven-model-builder/3.1.0/maven-model-builder-3.1.0.jar:/root/.m2/repository/org/jenkins-ci/main/cli/1.596.1/cli-1.596.1.jar:/root/.m2/repository/org/apache/maven/maven-plugin-api/3.1.0/maven-plugin-api-3.1.0.jar:/root/.m2/repository/org/jenkins-ci/svnkit/svnkit/1.7.6-jenkins-1/svnkit-1.7.6-jenkins-1.jar:/root/.m2/repository/org/jenkins-ci/main/maven/maven3-interceptor-commons/1.6/maven3-interceptor-commons-1.6.jar:/root/.m2/repository/xalan/serializer/2.7.1/serializer-2.7.1.jar:/root/.m2/repository/org/apache/maven/wagon/wagon-ssh/2.4/wagon-ssh-2.4.jar:/root/.m2/repository/org/hamcrest/hamcrest-library/1.3/hamcrest-library-1.3.jar:/root/.m2/repository/org/kohsuke/stapler/stapler-adjunct-timeline/1.4/stapler-adjunct-timeline-1.4.jar:/root/.m2/repository/org/jenkins-ci/lib/lib-jenkins-maven-embedder/3.11/lib-jenkins-maven-embedder-3.11.jar:/root/.m2/repository/com/github/jnr/jnr-x86asm/1.0.2/jnr-x86asm-1.0.2.jar:/root/.m2/repository/org/bouncycastle/bcprov-jdk15on/1.47/bcprov-jdk15on-1.47.jar:/root/.m2/repository/org/jenkins-ci/plugins/matrix-auth/1.0.2/matrix-auth-1.0.2.jar:/root/.m2/repository/org/jvnet/hudson/jtidy/4aug2000r7-dev-hudson-1/jtidy-4aug2000r7-dev-hudson-1.jar:/root/.m2/repository/org/jruby/ext/posix/jna-posix/1.0.3-jenkins-1/jna-posix-1.0.3-jenkins-1.jar:/root/.m2/repository/commons-cli/commons-cli/1.2/commons-cli-1.2.jar:/root/.m2/repository/org/jvnet/hudson/embedded-rhino-debugger/1.2/embedded-rhino-debugger-1.2.jar:/root/.m2/repository/org/fusesource/jansi/jansi/1.9/jansi-1.9.jar:/root/.m2/repository/org/mortbay/jetty/servlet-api/2.5-20081211/servlet-api-2.5-20081211.jar:/root/.m2/repository/org/apache/maven/maven-aether-provider/3.1.0/maven-aether-provider-3.1.0.jar:/root/.m2/repository/net/java/sezpoz/sezpoz/1.9/sezpoz-1.9.jar:/root/.m2/repository/org/eclipse/sisu/org.eclipse.sisu.plexus/0.0.0.M5/org.eclipse.sisu.plexus-0.0.0.M5.jar:/root/.m2/repository/javax/servlet/servlet-api/2.4/servlet-api-2.4.jar:/root/.m2/repository/org/jenkins-ci/plugins/workflow/workflow-job/1.7/workflow-job-1.7.jar:/root/.m2/repository/stax/stax-api/1.0.1/stax-api-1.0.1.jar:/root/.m2/repository/org/apache/maven/maven-compat/3.1.0/maven-compat-3.1.0.jar:/root/.m2/repository/org/jvnet/mock-javamail/mock-javamail/1.7/mock-javamail-1.7.jar:/root/.m2/repository/org/jenkins-ci/plugins/workflow/workflow-basic-steps/1.7/workflow-basic-steps-1.7.jar:/root/.m2/repository/org/codehaus/plexus/plexus-interactivity-api/1.0-alpha-6/plexus-interactivity-api-1.0-alpha-6.jar:/root/.m2/repository/commons-beanutils/commons-beanutils/1.8.3/commons-beanutils-1.8.3.jar:/root/.m2/repository/org/jvnet/hudson/commons-jelly-tags-define/1.0.1-hudson-20071021/commons-jelly-tags-define-1.0.1-hudson-20071021.jar:/root/.m2/repository/org/apache/maven/maven-embedder/3.1.0/maven-embedder-3.1.0.jar:/root/.m2/repository/org/springframework/spring-core/2.5.6.SEC03/spring-core-2.5.6.SEC03.jar:/root/.m2/repository/org/apache/maven/wagon/wagon-http/2.4/wagon-http-2.4.jar:/root/.m2/repository/aopalliance/aopalliance/1.0/aopalliance-1.0.jar:/root/.m2/repository/org/netbeans/modules/org-netbeans-insane/RELEASE72/org-netbeans-insane-RELEASE72.jar:/root/.m2/repository/org/kohsuke/owasp-html-sanitizer/r88/owasp-html-sanitizer-r88.jar:/root/.m2/repository/org/jvnet/localizer/localizer/1.10/localizer-1.10.jar:/root/.m2/repository/net/java/dev/jna/jna/4.1.0/jna-4.1.0.jar:/root/.m2/repository/org/apache/maven/wagon/wagon-ssh-external/2.4/wagon-ssh-external-2.4.jar:/root/.m2/repository/commons-collections/commons-collections/3.2.1/commons-collections-3.2.1.jar:/root/.m2/repository/org/jenkins-ci/plugins/dashboard-view/2.9.4/dashboard-view-2.9.4.jar:/root/.m2/repository/commons-fileupload/commons-fileupload/1.3.1-jenkins-1/commons-fileupload-1.3.1-jenkins-1.jar:/root/.m2/repository/com/infradna/tool/bridge-method-annotation/1.13/bridge-method-annotation-1.13.jar:/root/.m2/repository/org/springframework/spring-beans/2.5.6.SEC03/spring-beans-2.5.6.SEC03.jar:/root/.m2/repository/org/bouncycastle/bcpkix-jdk15on/1.47/bcpkix-jdk15on-1.47.jar:/root/.m2/repository/commons-digester/commons-digester/2.1/commons-digester-2.1.jar:/root/.m2/repository/asm/asm/3.3.1/asm-3.3.1.jar:/root/.m2/repository/org/springframework/spring-aop/2.5.6.SEC03/spring-aop-2.5.6.SEC03.jar:/root/.m2/repository/commons-logging/commons-logging/1.1.3/commons-logging-1.1.3.jar:/root/.m2/repository/org/jenkins-ci/memory-monitor/1.9/memory-monitor-1.9.jar:/root/.m2/repository/com/cloudbees/groovy-cps/1.3/groovy-cps-1.3.jar:/root/.m2/repository/com/github/jnr/jnr-ffi/1.0.7/jnr-ffi-1.0.7.jar:/root/.m2/repository/commons-jelly/commons-jelly-tags-fmt/1.0/commons-jelly-tags-fmt-1.0.jar:/root/.m2/repository/com/github/jnr/jffi/1.2.7/jffi-1.2.7-native.jar:/root/.m2/repository/org/jenkins-ci/main/maven-plugin/2.9/maven-plugin-2.9.jar:/root/.m2/repository/org/eclipse/aether/aether-spi/0.9.0.M3/aether-spi-0.9.0.M3.jar:/root/.m2/repository/org/w3c/css/sac/1.3/sac-1.3.jar:/root/.m2/repository/org/jvnet/winp/winp/1.22/winp-1.22.jar:/root/.m2/repository/org/jenkins-ci/commons-jelly/1.1-jenkins-20120928/commons-jelly-1.1-jenkins-20120928.jar:/root/.m2/repository/org/jenkins-ci/plugins/ant/1.2/ant-1.2.jar:/root/.m2/repository/org/jvnet/hudson/activation/1.1.1-hudson-1/activation-1.1.1-hudson-1.jar:/root/.m2/repository/org/jvnet/hudson/plugins/analysis-test/1.12/analysis-test-1.12.jar:/root/.m2/repository/org/jenkins-ci/annotation-indexer/1.7/annotation-indexer-1.7.jar:/root/.m2/repository/org/codehaus/plexus/plexus-interpolation/1.16/plexus-interpolation-1.16.jar:/root/.m2/repository/commons-lang/commons-lang/2.6/commons-lang-2.6.jar:/root/.m2/repository/org/apache/maven/maven-repository-metadata/3.1.0/maven-repository-metadata-3.1.0.jar:/root/.m2/repository/org/jenkins-ci/task-reactor/1.4/task-reactor-1.4.jar:/root/.m2/repository/org/jenkins-ci/modules/windows-slave-installer/1.4/windows-slave-installer-1.4.jar:/root/.m2/repository/org/mortbay/jetty/jetty/6.1.26/jetty-6.1.26.jar:/root/.m2/repository/org/jenkins-ci/plugins/junit/1.2-beta-4/junit-1.2-beta-4.jar:/root/.m2/repository/org/jenkins-ci/symbol-annotation/1.10/symbol-annotation-1.10.jar:/root/.m2/repository/org/jvnet/robust-http-client/robust-http-client/1.2/robust-http-client-1.2.jar:/root/.m2/repository/org/acegisecurity/acegi-security/1.0.7/acegi-security-1.0.7.jar:/root/.m2/repository/org/kohsuke/asm5/5.0.1/asm5-5.0.1.jar:/root/.m2/repository/com/google/guava/guava/11.0.1/guava-11.0.1.jar:/root/.m2/repository/org/springframework/spring-context/2.5.6.SEC03/spring-context-2.5.6.SEC03.jar:/root/.m2/repository/org/jenkins-ci/main/maven/maven32-interceptor/1.6/maven32-interceptor-1.6.jar;
	echo "\n\nNode: `hostname`\n";
	echo "\n\nDate: `date`\n";
Picked up JAVA_TOOL_OPTIONS: -Dfile.encoding=UTF8 -Duser.language=en-US -Duser.country=US -Duser.language=en
OpenJDK 64-Bit Server VM warning: ignoring option MaxPermSize=512m; support was removed in 8.0
Fault localization starts...
Number of positive tests: 9
Number of negative tests: 1
Negative tests: [hudson.plugins.ccm.CcmPublisherTest#testXxe]
Faulty Lines: 
hudson.plugins.ccm.parser.CcmParser#87:1.0
hudson.plugins.ccm.parser.CcmParser#88:1.0
hudson.plugins.ccm.parser.CcmParser#89:1.0
Fault localization is finished!
AST parsing starts...
AST parsing is finished!
Detection of local variables starts...
Detection of local variables is finished!
Detection of fields starts...
Detection of fields is finished!
Detection of methods starts...
Detection of methods is finished!
Ingredient screener starts...
Ingredient screener is finished!
Initialization of manipulations starts...
Initialization of manipulations is finished!
Filtering of the tests starts...
Number of positive tests considered: 9
Filtering of the tests is finished!
----------------------------------
Patch Candidate:
@@ -85,6 +85,8 @@ public class CcmParser extends AbstractAnnotationParser {

private Ccm parseCCMXmlFile(InputStream ccmXmlFile) throws IOException, SAXException {
Digester digester = new Digester();
+		if (true)
+			return null;
digester.setValidating(false);
digester.setClassLoader(CcmParser.class.getClassLoader());

Number of failed tests: 0, 5
----------------------------------
Patch Candidate:
@@ -85,6 +85,8 @@ public class CcmParser extends AbstractAnnotationParser {

private Ccm parseCCMXmlFile(InputStream ccmXmlFile) throws IOException, SAXException {
Digester digester = new Digester();
+		if (true)
+			return null;
digester.setValidating(false);
digester.setClassLoader(CcmParser.class.getClassLoader());

Number of failed tests: 0, 5
----------------------------------
Patch Candidate:
@@ -86,6 +86,8 @@ public class CcmParser extends AbstractAnnotationParser {
private Ccm parseCCMXmlFile(InputStream ccmXmlFile) throws IOException, SAXException {
Digester digester = new Digester();
digester.setValidating(false);
+		if (true)
+			return null;
digester.setClassLoader(CcmParser.class.getClassLoader());

String rootXPath = "ccm";
Number of failed tests: 0, 5
----------------------------------
Patch Candidate:
@@ -86,6 +86,8 @@ public class CcmParser extends AbstractAnnotationParser {
private Ccm parseCCMXmlFile(InputStream ccmXmlFile) throws IOException, SAXException {
Digester digester = new Digester();
digester.setValidating(false);
+		if (true)
+			return null;
digester.setClassLoader(CcmParser.class.getClassLoader());

String rootXPath = "ccm";
Number of failed tests: 0, 5
----------------------------------
Patch Candidate:
@@ -85,7 +85,6 @@ public class CcmParser extends AbstractAnnotationParser {

private Ccm parseCCMXmlFile(InputStream ccmXmlFile) throws IOException, SAXException {
Digester digester = new Digester();
-		digester.setValidating(false);
digester.setClassLoader(CcmParser.class.getClassLoader());

String rootXPath = "ccm";
Number of failed tests: 1, 0
----------------------------------
Patch Candidate:
@@ -86,8 +86,6 @@ public class CcmParser extends AbstractAnnotationParser {
private Ccm parseCCMXmlFile(InputStream ccmXmlFile) throws IOException, SAXException {
Digester digester = new Digester();
digester.setValidating(false);
-		digester.setClassLoader(CcmParser.class.getClassLoader());
-
String rootXPath = "ccm";
digester.addObjectCreate(rootXPath, Ccm.class);
digester.addSetProperties(rootXPath);
Number of failed tests: 1, 0


Node: 2c8178711f7b



Date: Fri Oct  7 09:02:17 EDT 2022

