cd /workdir/jMutRepair_vul4j_square_retrofit_VUL4J-76;
export JAVA_TOOL_OPTIONS="-Dfile.encoding=UTF8 -Duser.language=en-US -Duser.country=US -Duser.language=en";
TZ="America/New_York"; export TZ;
export PATH="/usr/lib/jvm/java-8-openjdk-amd64/bin:$PATH";
export JAVA_HOME="/usr/lib/jvm/java-8-openjdk-amd64/bin";
time java -Xmx4g -Xms1g -XX:MaxPermSize=512m -cp /script/../libs/jtestex7.jar:/script/../repair_tools/astor.jar fr.inria.main.evolution.AstorMain \
	-mode jMutRepair \
	-location . \
	-id square_retrofit-VUL4J-76 \
	-failing retrofit2.RequestFactoryTest#pathParametersAndPathTraversal:retrofit2.RequestFactoryTest#encodedPathParametersAndPathTraversal:retrofit2.RequestFactoryTest#dotDotsOkayWhenNotFullPathSegment \
	-jvm4testexecution /usr/lib/jvm/java-8-openjdk-amd64/bin \
	-jvm4evosuitetestexecution /usr/lib/jvm/java-8-openjdk-amd64/bin \
	-maxgen 1000000 \
	-maxtime 120 \
	-stopfirst true \
	-seed 0 \
	-scope local \
	-population 1 \
	-javacompliancelevel 8 \
	-faultlocalization perfect \
    -perfectdata /script/../data/benchmarks/vul4j/perfectfl/VUL4J-76 \
    -validation externalcmd \
    -testfailingcmd "mvn test -pl retrofit -Dtest=retrofit2.RequestFactoryTest -Dhttps.protocols=TLSv1.2 -Denforcer.skip=true -Dcheckstyle.skip=true -Dcobertura.skip=true -DskipITs=true -Drat.skip=true -Dlicense.skip=true -Dpmd.skip=true -Dfindbugs.skip=true -Dgpg.skip=true -Dskip.npm=true -Dskip.gulp=true -Dskip.bower=true -Danimal.sniffer.skip=true -V -B" \
    -testallcmd "mvn test -pl retrofit -Dhttps.protocols=TLSv1.2 -Denforcer.skip=true -Dcheckstyle.skip=true -Dcobertura.skip=true -DskipITs=true -Drat.skip=true -Dlicense.skip=true -Dpmd.skip=true -Dfindbugs.skip=true -Dgpg.skip=true -Dskip.npm=true -Dskip.gulp=true -Dskip.bower=true -Danimal.sniffer.skip=true -V -B"  \ \
	-srcjavafolder retrofit/src/main/java \
	-srctestfolder retrofit/src/test/java \
	-binjavafolder retrofit/target/classes \
	-bintestfolder retrofit/target/test-classes \
	-parameters x:x \
	-dependencies /root/.m2/repository/com/google/android/apps/common/testing/accessibility/framework/accessibility-test-framework/1.0/accessibility-test-framework-1.0.jar:/root/.m2/repository/xerces/xmlParserAPIs/2.6.2/xmlParserAPIs-2.6.2.jar:/root/.m2/repository/org/apache/httpcomponents/httpcore/4.0.1/httpcore-4.0.1.jar:/root/.m2/repository/com/squareup/okhttp3/mockwebserver/3.11.0/mockwebserver-3.11.0.jar:/root/.m2/repository/org/json/json/20080701/json-20080701.jar:/root/.m2/repository/com/squareup/okhttp3/okhttp/3.11.0/okhttp-3.11.0.jar:/root/.m2/repository/org/jetbrains/kotlin/kotlin-stdlib-common/1.2.60/kotlin-stdlib-common-1.2.60.jar:/root/.m2/repository/org/jetbrains/kotlin/kotlin-stdlib/1.2.60/kotlin-stdlib-1.2.60.jar:/root/.m2/repository/org/hamcrest/hamcrest-core/1.3/hamcrest-core-1.3.jar:/root/.m2/repository/org/ow2/asm/asm-analysis/5.0.1/asm-analysis-5.0.1.jar:/root/.m2/repository/com/almworks/sqlite4java/sqlite4java/0.282/sqlite4java-0.282.jar:/root/.m2/repository/org/jetbrains/annotations/13.0/annotations-13.0.jar:/root/.m2/repository/org/robolectric/robolectric/3.0/robolectric-3.0.jar:/root/.m2/repository/org/codehaus/mojo/animal-sniffer-annotations/1.14/animal-sniffer-annotations-1.14.jar:/root/.m2/repository/org/ow2/asm/asm-commons/5.0.1/asm-commons-5.0.1.jar:/root/.m2/repository/xpp3/xpp3/1.1.4c/xpp3-1.1.4c.jar:/root/.m2/repository/org/ow2/asm/asm-tree/5.0.1/asm-tree-5.0.1.jar:/root/.m2/repository/com/squareup/okio/okio/1.14.0/okio-1.14.0.jar:/root/.m2/repository/org/robolectric/robolectric-utils/3.0/robolectric-utils-3.0.jar:/root/.m2/repository/com/ibm/icu/icu4j/53.1/icu4j-53.1.jar:/root/.m2/repository/org/robolectric/shadows-core/3.0/shadows-core-3.0.jar:/root/.m2/repository/com/google/guava/guava/19.0/guava-19.0.jar:/root/.m2/repository/org/apache/httpcomponents/httpclient/4.0.1/httpclient-4.0.1.jar:/root/.m2/repository/org/robolectric/robolectric-resources/3.0/robolectric-resources-3.0.jar:/root/.m2/repository/org/robolectric/robolectric-annotations/3.0/robolectric-annotations-3.0.jar:/root/.m2/repository/org/objenesis/objenesis/1.0/objenesis-1.0.jar:/root/.m2/repository/org/khronos/opengl-api/gl1.1-android-2.1_r1/opengl-api-gl1.1-android-2.1_r1.jar:/root/.m2/repository/org/apache/ant/ant-launcher/1.8.0/ant-launcher-1.8.0.jar:/root/.m2/repository/org/apache/ant/ant/1.8.0/ant-1.8.0.jar:/root/.m2/repository/org/ow2/asm/asm-util/5.0.1/asm-util-5.0.1.jar:/root/.m2/repository/com/ximpleware/vtd-xml/2.11/vtd-xml-2.11.jar:/root/.m2/repository/commons-codec/commons-codec/1.3/commons-codec-1.3.jar:/root/.m2/repository/org/ow2/asm/asm/5.0.1/asm-5.0.1.jar:/root/.m2/repository/commons-logging/commons-logging/1.1.1/commons-logging-1.1.1.jar:/root/.m2/repository/com/google/android/android/4.1.1.4/android-4.1.1.4.jar:/root/.m2/repository/org/assertj/assertj-core/1.7.0/assertj-core-1.7.0.jar:/root/.m2/repository/org/apache/maven/maven-ant-tasks/2.1.3/maven-ant-tasks-2.1.3.jar:/root/.m2/repository/junit/junit/4.12/junit-4.12.jar:/root/.m2/repository/org/mockito/mockito-core/1.9.5/mockito-core-1.9.5.jar:/root/.m2/repository/org/bouncycastle/bcprov-jdk16/1.46/bcprov-jdk16-1.46.jar:/root/.m2/repository/com/google/code/findbugs/jsr305/3.0.2/jsr305-3.0.2.jar;
	echo "\n\nNode: `hostname`\n";
	echo "\n\nDate: `date`\n";
Picked up JAVA_TOOL_OPTIONS: -Dfile.encoding=UTF8 -Duser.language=en-US -Duser.country=US -Duser.language=en
OpenJDK 64-Bit Server VM warning: ignoring option MaxPermSize=512m; support was removed in 8.0
[1] INFO ProjectConfiguration - Version of the JVM used: 1.8.0_342
[1] INFO main - Java version of the JDK used to run tests: 1.8.0_342
[1] INFO main - The compliance of the JVM is:  8
[5] INFO main - command line arguments: [-mode  jMutRepair  -location  .  -id  square_retrofit-VUL4J-76  -failing  retrofit2.RequestFactoryTest#pathParametersAndPathTraversal:retrofit2.RequestFactoryTest#encodedPathParametersAndPathTraversal:retrofit2.RequestFactoryTest#dotDotsOkayWhenNotFullPathSegment  -jvm4testexecution  /usr/lib/jvm/java-8-openjdk-amd64/bin  -jvm4evosuitetestexecution  /usr/lib/jvm/java-8-openjdk-amd64/bin  -maxgen  1000000  -maxtime  120  -stopfirst  true  -seed  0  -scope  local  -population  1  -javacompliancelevel  8  -faultlocalization  perfect  -perfectdata  /script/../data/benchmarks/vul4j/perfectfl/VUL4J-76  -validation  externalcmd  -testfailingcmd  mvn test -pl retrofit -Dtest=retrofit2.RequestFactoryTest -Dhttps.protocols=TLSv1.2 -Denforcer.skip=true -Dcheckstyle.skip=true -Dcobertura.skip=true -DskipITs=true -Drat.skip=true -Dlicense.skip=true -Dpmd.skip=true -Dfindbugs.skip=true -Dgpg.skip=true -Dskip.npm=true -Dskip.gulp=true -Dskip.bower=true -Danimal.sniffer.skip=true -V -B  -testallcmd  mvn test -pl retrofit -Dhttps.protocols=TLSv1.2 -Denforcer.skip=true -Dcheckstyle.skip=true -Dcobertura.skip=true -DskipITs=true -Drat.skip=true -Dlicense.skip=true -Dpmd.skip=true -Dfindbugs.skip=true -Dgpg.skip=true -Dskip.npm=true -Dskip.gulp=true -Dskip.bower=true -Danimal.sniffer.skip=true -V -B     -srcjavafolder  retrofit/src/main/java  -srctestfolder  retrofit/src/test/java  -binjavafolder  retrofit/target/classes  -bintestfolder  retrofit/target/test-classes  -parameters  x:x  -dependencies  /root/.m2/repository/com/google/android/apps/common/testing/accessibility/framework/accessibility-test-framework/1.0/accessibility-test-framework-1.0.jar:/root/.m2/repository/xerces/xmlParserAPIs/2.6.2/xmlParserAPIs-2.6.2.jar:/root/.m2/repository/org/apache/httpcomponents/httpcore/4.0.1/httpcore-4.0.1.jar:/root/.m2/repository/com/squareup/okhttp3/mockwebserver/3.11.0/mockwebserver-3.11.0.jar:/root/.m2/repository/org/json/json/20080701/json-20080701.jar:/root/.m2/repository/com/squareup/okhttp3/okhttp/3.11.0/okhttp-3.11.0.jar:/root/.m2/repository/org/jetbrains/kotlin/kotlin-stdlib-common/1.2.60/kotlin-stdlib-common-1.2.60.jar:/root/.m2/repository/org/jetbrains/kotlin/kotlin-stdlib/1.2.60/kotlin-stdlib-1.2.60.jar:/root/.m2/repository/org/hamcrest/hamcrest-core/1.3/hamcrest-core-1.3.jar:/root/.m2/repository/org/ow2/asm/asm-analysis/5.0.1/asm-analysis-5.0.1.jar:/root/.m2/repository/com/almworks/sqlite4java/sqlite4java/0.282/sqlite4java-0.282.jar:/root/.m2/repository/org/jetbrains/annotations/13.0/annotations-13.0.jar:/root/.m2/repository/org/robolectric/robolectric/3.0/robolectric-3.0.jar:/root/.m2/repository/org/codehaus/mojo/animal-sniffer-annotations/1.14/animal-sniffer-annotations-1.14.jar:/root/.m2/repository/org/ow2/asm/asm-commons/5.0.1/asm-commons-5.0.1.jar:/root/.m2/repository/xpp3/xpp3/1.1.4c/xpp3-1.1.4c.jar:/root/.m2/repository/org/ow2/asm/asm-tree/5.0.1/asm-tree-5.0.1.jar:/root/.m2/repository/com/squareup/okio/okio/1.14.0/okio-1.14.0.jar:/root/.m2/repository/org/robolectric/robolectric-utils/3.0/robolectric-utils-3.0.jar:/root/.m2/repository/com/ibm/icu/icu4j/53.1/icu4j-53.1.jar:/root/.m2/repository/org/robolectric/shadows-core/3.0/shadows-core-3.0.jar:/root/.m2/repository/com/google/guava/guava/19.0/guava-19.0.jar:/root/.m2/repository/org/apache/httpcomponents/httpclient/4.0.1/httpclient-4.0.1.jar:/root/.m2/repository/org/robolectric/robolectric-resources/3.0/robolectric-resources-3.0.jar:/root/.m2/repository/org/robolectric/robolectric-annotations/3.0/robolectric-annotations-3.0.jar:/root/.m2/repository/org/objenesis/objenesis/1.0/objenesis-1.0.jar:/root/.m2/repository/org/khronos/opengl-api/gl1.1-android-2.1_r1/opengl-api-gl1.1-android-2.1_r1.jar:/root/.m2/repository/org/apache/ant/ant-launcher/1.8.0/ant-launcher-1.8.0.jar:/root/.m2/repository/org/apache/ant/ant/1.8.0/ant-1.8.0.jar:/root/.m2/repository/org/ow2/asm/asm-util/5.0.1/asm-util-5.0.1.jar:/root/.m2/repository/com/ximpleware/vtd-xml/2.11/vtd-xml-2.11.jar:/root/.m2/repository/commons-codec/commons-codec/1.3/commons-codec-1.3.jar:/root/.m2/repository/org/ow2/asm/asm/5.0.1/asm-5.0.1.jar:/root/.m2/repository/commons-logging/commons-logging/1.1.1/commons-logging-1.1.1.jar:/root/.m2/repository/com/google/android/android/4.1.1.4/android-4.1.1.4.jar:/root/.m2/repository/org/assertj/assertj-core/1.7.0/assertj-core-1.7.0.jar:/root/.m2/repository/org/apache/maven/maven-ant-tasks/2.1.3/maven-ant-tasks-2.1.3.jar:/root/.m2/repository/junit/junit/4.12/junit-4.12.jar:/root/.m2/repository/org/mockito/mockito-core/1.9.5/mockito-core-1.9.5.jar:/root/.m2/repository/org/bouncycastle/bcprov-jdk16/1.46/bcprov-jdk16-1.46.jar:/root/.m2/repository/com/google/code/findbugs/jsr305/3.0.2/jsr305-3.0.2.jar]
[8] INFO AstorMain - Running Astor on a JDK at /usr/lib/jvm/java-8-openjdk-amd64/jre
[28] INFO main - Source folders: [/workdir/jMutRepair_vul4j_square_retrofit_VUL4J-76/./retrofit/src/main/java]
[29] INFO main - Source Test folders: [/workdir/jMutRepair_vul4j_square_retrofit_VUL4J-76/./retrofit/src/test/java]
[1432] INFO AstorCoreEngine - ---- Creating spoon model
[1510] INFO MutationSupporter - Creating model,  Code location from working folder: /workdir/jMutRepair_vul4j_square_retrofit_VUL4J-76/./retrofit/src/main/java
[1511] INFO MutationSupporter - building model: /workdir/jMutRepair_vul4j_square_retrofit_VUL4J-76/./retrofit/src/main/java, compliance level: 8
[1556] INFO MutationSupporter - Classpath (Dependencies) for building SpoonModel: [/root/.m2/repository/com/google/android/apps/common/testing/accessibility/framework/accessibility-test-framework/1.0/accessibility-test-framework-1.0.jar, /root/.m2/repository/xerces/xmlParserAPIs/2.6.2/xmlParserAPIs-2.6.2.jar, /root/.m2/repository/org/apache/httpcomponents/httpcore/4.0.1/httpcore-4.0.1.jar, /root/.m2/repository/com/squareup/okhttp3/mockwebserver/3.11.0/mockwebserver-3.11.0.jar, /root/.m2/repository/org/json/json/20080701/json-20080701.jar, /root/.m2/repository/com/squareup/okhttp3/okhttp/3.11.0/okhttp-3.11.0.jar, /root/.m2/repository/org/jetbrains/kotlin/kotlin-stdlib-common/1.2.60/kotlin-stdlib-common-1.2.60.jar, /root/.m2/repository/org/jetbrains/kotlin/kotlin-stdlib/1.2.60/kotlin-stdlib-1.2.60.jar, /root/.m2/repository/org/hamcrest/hamcrest-core/1.3/hamcrest-core-1.3.jar, /root/.m2/repository/org/ow2/asm/asm-analysis/5.0.1/asm-analysis-5.0.1.jar, /root/.m2/repository/com/almworks/sqlite4java/sqlite4java/0.282/sqlite4java-0.282.jar, /root/.m2/repository/org/jetbrains/annotations/13.0/annotations-13.0.jar, /root/.m2/repository/org/robolectric/robolectric/3.0/robolectric-3.0.jar, /root/.m2/repository/org/codehaus/mojo/animal-sniffer-annotations/1.14/animal-sniffer-annotations-1.14.jar, /root/.m2/repository/org/ow2/asm/asm-commons/5.0.1/asm-commons-5.0.1.jar, /root/.m2/repository/xpp3/xpp3/1.1.4c/xpp3-1.1.4c.jar, /root/.m2/repository/org/ow2/asm/asm-tree/5.0.1/asm-tree-5.0.1.jar, /root/.m2/repository/com/squareup/okio/okio/1.14.0/okio-1.14.0.jar, /root/.m2/repository/org/robolectric/robolectric-utils/3.0/robolectric-utils-3.0.jar, /root/.m2/repository/com/ibm/icu/icu4j/53.1/icu4j-53.1.jar, /root/.m2/repository/org/robolectric/shadows-core/3.0/shadows-core-3.0.jar, /root/.m2/repository/com/google/guava/guava/19.0/guava-19.0.jar, /root/.m2/repository/org/apache/httpcomponents/httpclient/4.0.1/httpclient-4.0.1.jar, /root/.m2/repository/org/robolectric/robolectric-resources/3.0/robolectric-resources-3.0.jar, /root/.m2/repository/org/robolectric/robolectric-annotations/3.0/robolectric-annotations-3.0.jar, /root/.m2/repository/org/objenesis/objenesis/1.0/objenesis-1.0.jar, /root/.m2/repository/org/khronos/opengl-api/gl1.1-android-2.1_r1/opengl-api-gl1.1-android-2.1_r1.jar, /root/.m2/repository/org/apache/ant/ant-launcher/1.8.0/ant-launcher-1.8.0.jar, /root/.m2/repository/org/apache/ant/ant/1.8.0/ant-1.8.0.jar, /root/.m2/repository/org/ow2/asm/asm-util/5.0.1/asm-util-5.0.1.jar, /root/.m2/repository/com/ximpleware/vtd-xml/2.11/vtd-xml-2.11.jar, /root/.m2/repository/commons-codec/commons-codec/1.3/commons-codec-1.3.jar, /root/.m2/repository/org/ow2/asm/asm/5.0.1/asm-5.0.1.jar, /root/.m2/repository/commons-logging/commons-logging/1.1.1/commons-logging-1.1.1.jar, /root/.m2/repository/com/google/android/android/4.1.1.4/android-4.1.1.4.jar, /root/.m2/repository/org/assertj/assertj-core/1.7.0/assertj-core-1.7.0.jar, /root/.m2/repository/org/apache/maven/maven-ant-tasks/2.1.3/maven-ant-tasks-2.1.3.jar, /root/.m2/repository/junit/junit/4.12/junit-4.12.jar, /root/.m2/repository/org/mockito/mockito-core/1.9.5/mockito-core-1.9.5.jar, /root/.m2/repository/org/bouncycastle/bcprov-jdk16/1.46/bcprov-jdk16-1.46.jar, /root/.m2/repository/com/google/code/findbugs/jsr305/3.0.2/jsr305-3.0.2.jar]
[9868] INFO AstorCoreEngine - Number of CtTypes created: 46
[9947] INFO AstorCoreEngine - Test retrieved from classes: 0
[10104] INFO AstorCoreEngine - Setting up the max to 1570 milliseconds (1 sec)
[10104] INFO AstorCoreEngine - ---- Initial suspicious size: 1
[10800] INFO main - Total suspicious from FL: 1,  0
[10800] INFO main - Total ModPoint created: 0
[10800] INFO main - Creating program variant #1, [Variant id: 1, #gens: 0, #ops: 0, parent:-]
[10800] ERROR AstorCoreEngine - [warning] Any modification point in variant
[10800] ERROR AstorCoreEngine - Variant with any gen
[10800] WARN ConfigurationProperties - ----------------------------
[10801] INFO ConfigurationProperties - ---Configuration properties
[10801] INFO ConfigurationProperties - p:lastJUnitVersion= ./examples/libs/junit-4.11.jar
[10801] INFO ConfigurationProperties - p:alternativecompliancelevel= 8
[10801] INFO ConfigurationProperties - p:ignoredTestCases= 
[10801] INFO ConfigurationProperties - p:workingDirectory= /workdir/jMutRepair_vul4j_square_retrofit_VUL4J-76/./output_astor
[10801] INFO ConfigurationProperties - p:manipulatesuper= false
[10801] INFO ConfigurationProperties - p:validation= externalcmd
[10801] INFO ConfigurationProperties - p:jvm4testexecution= /usr/lib/jvm/java-8-openjdk-amd64/bin
[10801] INFO ConfigurationProperties - p:operatorspace= mutationspace
[10801] INFO ConfigurationProperties - p:diffcontext= 0
[10802] INFO ConfigurationProperties - p:binjavafolder= retrofit/target/classes
[10802] INFO ConfigurationProperties - p:synthesis_depth= 3
[10802] INFO ConfigurationProperties - p:gzoltartestpackagetoexclude= junit.framework
[10802] INFO ConfigurationProperties - p:skipfitnessinitialpopulation= false
[10802] INFO ConfigurationProperties - p:evosuiteresultfolder= evosuite
[10802] INFO ConfigurationProperties - p:flthreshold= 0.1
[10802] INFO ConfigurationProperties - p:regressionforfaultlocalization= true
[10802] INFO ConfigurationProperties - p:collectonlyusedmethod= false
[10803] INFO ConfigurationProperties - p:preservelinenumbers= true
[10803] INFO ConfigurationProperties - p:tmax2= 1570
[10803] INFO ConfigurationProperties - p:tmax1= 10000
[10803] INFO ConfigurationProperties - p:probagenmutation= false
[10803] INFO ConfigurationProperties - p:nomodificationconvergence= 100
[10803] INFO ConfigurationProperties - p:diff_type= relative
[10803] INFO ConfigurationProperties - p:targetelementprocessor= if-conditions:return-op-mutation
[10803] INFO ConfigurationProperties - p:srctestfolder= retrofit/src/test/java
[10804] INFO ConfigurationProperties - p:forceExecuteRegression= false
[10804] INFO ConfigurationProperties - p:clusteringfilename= clustering.csv
[10804] INFO ConfigurationProperties - p:failing= retrofit2.RequestFactoryTest#pathParametersAndPathTraversal:retrofit2.RequestFactoryTest#encodedPathParametersAndPathTraversal:retrofit2.RequestFactoryTest#dotDotsOkayWhenNotFullPathSegment
[10804] INFO ConfigurationProperties - p:logtestexecution= false
[10804] INFO ConfigurationProperties - p:evo_buggy_class= true
[10804] INFO ConfigurationProperties - p:numberExecutions= 1
[10804] INFO ConfigurationProperties - p:maxnumbersolutions= 1000000
[10804] INFO ConfigurationProperties - p:evo_affected_by_op= true
[10804] INFO ConfigurationProperties - p:population= 1
[10804] INFO ConfigurationProperties - p:considerzerovaluesusp= false
[10804] INFO ConfigurationProperties - p:maxCombinationVariableLimit= false
[10804] INFO ConfigurationProperties - p:savesolution= true
[10804] INFO ConfigurationProperties - p:javacompliancelevel= 8
[10804] INFO ConfigurationProperties - p:x= x
[10804] INFO ConfigurationProperties - p:uniqueoptogen= false
[10804] INFO ConfigurationProperties - p:gzoltarpackagetonotinstrument= junit.framework
[10804] INFO ConfigurationProperties - p:projectIdentifier= square_retrofit-VUL4J-76
[10804] INFO ConfigurationProperties - p:modificationpointnavigation= weight
[10804] INFO ConfigurationProperties - p:stopfirst= true
[10805] INFO ConfigurationProperties - p:multipointmodification= false
[10805] INFO ConfigurationProperties - p:elementsToMutate= 10
[10805] INFO ConfigurationProperties - p:jsonoutputname= astor_output
[10805] INFO ConfigurationProperties - p:evoDSE= false
[10805] INFO ConfigurationProperties - p:bintestfolder= retrofit/target/test-classes
[10805] INFO ConfigurationProperties - p:testbystep= false
[10805] INFO ConfigurationProperties - p:version-location= ./math-version/
[10805] INFO ConfigurationProperties - p:reintroduce= PARENTS:ORIGINAL
[10805] INFO ConfigurationProperties - p:perfectdata= /script/../data/benchmarks/vul4j/perfectfl/VUL4J-76
[10805] INFO ConfigurationProperties - p:executorjar= ./lib/jtestex7.jar
[10805] INFO ConfigurationProperties - p:maxGeneration= 1000000
[10805] INFO ConfigurationProperties - p:max_synthesis_step= 10000
[10805] INFO ConfigurationProperties - p:projectinfocommand= com.github.tdurieux:project-config-maven-plugin:info
[10805] INFO ConfigurationProperties - p:maxVarCombination= 1000
[10805] INFO ConfigurationProperties - p:maxtime= 120
[10805] INFO ConfigurationProperties - p:evosuitejar= ./lib/evosuite-master-1.0.4-SNAPSHOT.jar
[10805] INFO ConfigurationProperties - p:jvmversion= 1.8.0_342
[10805] INFO ConfigurationProperties - p:commandTrunk= 50000
[10805] INFO ConfigurationProperties - p:faultlocalization= perfect
[10805] INFO ConfigurationProperties - p:resetmodel= true
[10806] INFO ConfigurationProperties - p:maxsuspcandidates= 1000
[10806] INFO ConfigurationProperties - p:mode= jMutRepair
[10806] INFO ConfigurationProperties - p:learningdir= 
[10806] INFO ConfigurationProperties - p:jvm4evosuitetestexecution= /usr/lib/jvm/java-8-openjdk-amd64/bin
[10806] INFO ConfigurationProperties - p:filterfaultlocalization= true
[10806] INFO ConfigurationProperties - p:mutationrate= 1 
[10806] INFO ConfigurationProperties - p:pathToMVNRepository= 
[10806] INFO ConfigurationProperties - p:resourcesfolder= /src/main/resources:/src/test/resources:
[10806] INFO ConfigurationProperties - p:timezone= America/Los_Angeles
[10806] INFO ConfigurationProperties - p:runjava7code= false
[10806] INFO ConfigurationProperties - p:testfailingcmd= mvn test -pl retrofit -Dtest=retrofit2.RequestFactoryTest -Dhttps.protocols=TLSv1.2 -Denforcer.skip=true -Dcheckstyle.skip=true -Dcobertura.skip=true -DskipITs=true -Drat.skip=true -Dlicense.skip=true -Dpmd.skip=true -Dfindbugs.skip=true -Dgpg.skip=true -Dskip.npm=true -Dskip.gulp=true -Dskip.bower=true -Danimal.sniffer.skip=true -V -B
[10806] INFO ConfigurationProperties - p:evoRunOnBuggyClass= true
[10806] INFO ConfigurationProperties - p:compiler= fr.inria.astor.core.manipulation.bytecode.compiler.SpoonClassCompiler
[10806] INFO ConfigurationProperties - p:limitbysuspicious= true
[10806] INFO ConfigurationProperties - p:logsattemps= true
[10806] INFO ConfigurationProperties - p:dependenciespath= /root/.m2/repository/com/google/android/apps/common/testing/accessibility/framework/accessibility-test-framework/1.0/accessibility-test-framework-1.0.jar:/root/.m2/repository/xerces/xmlParserAPIs/2.6.2/xmlParserAPIs-2.6.2.jar:/root/.m2/repository/org/apache/httpcomponents/httpcore/4.0.1/httpcore-4.0.1.jar:/root/.m2/repository/com/squareup/okhttp3/mockwebserver/3.11.0/mockwebserver-3.11.0.jar:/root/.m2/repository/org/json/json/20080701/json-20080701.jar:/root/.m2/repository/com/squareup/okhttp3/okhttp/3.11.0/okhttp-3.11.0.jar:/root/.m2/repository/org/jetbrains/kotlin/kotlin-stdlib-common/1.2.60/kotlin-stdlib-common-1.2.60.jar:/root/.m2/repository/org/jetbrains/kotlin/kotlin-stdlib/1.2.60/kotlin-stdlib-1.2.60.jar:/root/.m2/repository/org/hamcrest/hamcrest-core/1.3/hamcrest-core-1.3.jar:/root/.m2/repository/org/ow2/asm/asm-analysis/5.0.1/asm-analysis-5.0.1.jar:/root/.m2/repository/com/almworks/sqlite4java/sqlite4java/0.282/sqlite4java-0.282.jar:/root/.m2/repository/org/jetbrains/annotations/13.0/annotations-13.0.jar:/root/.m2/repository/org/robolectric/robolectric/3.0/robolectric-3.0.jar:/root/.m2/repository/org/codehaus/mojo/animal-sniffer-annotations/1.14/animal-sniffer-annotations-1.14.jar:/root/.m2/repository/org/ow2/asm/asm-commons/5.0.1/asm-commons-5.0.1.jar:/root/.m2/repository/xpp3/xpp3/1.1.4c/xpp3-1.1.4c.jar:/root/.m2/repository/org/ow2/asm/asm-tree/5.0.1/asm-tree-5.0.1.jar:/root/.m2/repository/com/squareup/okio/okio/1.14.0/okio-1.14.0.jar:/root/.m2/repository/org/robolectric/robolectric-utils/3.0/robolectric-utils-3.0.jar:/root/.m2/repository/com/ibm/icu/icu4j/53.1/icu4j-53.1.jar:/root/.m2/repository/org/robolectric/shadows-core/3.0/shadows-core-3.0.jar:/root/.m2/repository/com/google/guava/guava/19.0/guava-19.0.jar:/root/.m2/repository/org/apache/httpcomponents/httpclient/4.0.1/httpclient-4.0.1.jar:/root/.m2/repository/org/robolectric/robolectric-resources/3.0/robolectric-resources-3.0.jar:/root/.m2/repository/org/robolectric/robolectric-annotations/3.0/robolectric-annotations-3.0.jar:/root/.m2/repository/org/objenesis/objenesis/1.0/objenesis-1.0.jar:/root/.m2/repository/org/khronos/opengl-api/gl1.1-android-2.1_r1/opengl-api-gl1.1-android-2.1_r1.jar:/root/.m2/repository/org/apache/ant/ant-launcher/1.8.0/ant-launcher-1.8.0.jar:/root/.m2/repository/org/apache/ant/ant/1.8.0/ant-1.8.0.jar:/root/.m2/repository/org/ow2/asm/asm-util/5.0.1/asm-util-5.0.1.jar:/root/.m2/repository/com/ximpleware/vtd-xml/2.11/vtd-xml-2.11.jar:/root/.m2/repository/commons-codec/commons-codec/1.3/commons-codec-1.3.jar:/root/.m2/repository/org/ow2/asm/asm/5.0.1/asm-5.0.1.jar:/root/.m2/repository/commons-logging/commons-logging/1.1.1/commons-logging-1.1.1.jar:/root/.m2/repository/com/google/android/android/4.1.1.4/android-4.1.1.4.jar:/root/.m2/repository/org/assertj/assertj-core/1.7.0/assertj-core-1.7.0.jar:/root/.m2/repository/org/apache/maven/maven-ant-tasks/2.1.3/maven-ant-tasks-2.1.3.jar:/root/.m2/repository/junit/junit/4.12/junit-4.12.jar:/root/.m2/repository/org/mockito/mockito-core/1.9.5/mockito-core-1.9.5.jar:/root/.m2/repository/org/bouncycastle/bcprov-jdk16/1.46/bcprov-jdk16-1.46.jar:/root/.m2/repository/com/google/code/findbugs/jsr305/3.0.2/jsr305-3.0.2.jar
[10807] INFO ConfigurationProperties - p:packageToInstrument= 
[10807] INFO ConfigurationProperties - p:skipfaultlocalization= false
[10807] INFO ConfigurationProperties - p:scope= local
[10807] INFO ConfigurationProperties - p:transformingredient= false
[10807] INFO ConfigurationProperties - p:fitnessfunction= fr.inria.astor.core.solutionsearch.population.TestCaseFitnessFunction
[10807] INFO ConfigurationProperties - p:maxnumvariablesperingredient= 10
[10807] INFO ConfigurationProperties - p:parsesourcefromoriginal= true
[10807] INFO ConfigurationProperties - p:pvariantfoldername= variant-
[10807] INFO ConfigurationProperties - p:savespoonmodelondisk= false
[10807] INFO ConfigurationProperties - p:srcjavafolder= retrofit/src/main/java
[10807] INFO ConfigurationProperties - p:populationcontroller= fr.inria.astor.core.solutionsearch.population.TestCaseBasedFitnessPopulationController
[10807] INFO ConfigurationProperties - p:ignoreflakyinfl= false
[10807] INFO ConfigurationProperties - p:cleantemplates= true
[10807] INFO ConfigurationProperties - p:applyCrossover= false
[10807] INFO ConfigurationProperties - p:maxmodificationpoints= 1000
[10807] INFO ConfigurationProperties - p:duplicateingredientsinspace= false
[10808] INFO ConfigurationProperties - p:metid= 0
[10808] INFO ConfigurationProperties - p:continuewhenmodelfail= true
[10808] INFO ConfigurationProperties - p:saveall= false
[10808] INFO ConfigurationProperties - p:seed= 0
[10808] INFO ConfigurationProperties - p:savecompletepatched= true
[10808] INFO ConfigurationProperties - p:resetoperations= false
[10808] INFO ConfigurationProperties - p:keepcomments= false
[10808] INFO ConfigurationProperties - p:processoutputinfile= false
[10808] INFO ConfigurationProperties - p:location= .
[10808] INFO ConfigurationProperties - p:probabilistictransformation= true
[10808] INFO ConfigurationProperties - p:overridemaxtime= true
[10808] INFO ConfigurationProperties - p:outputjsonresult= true
[10808] INFO ConfigurationProperties - p:allpoints= false
[10808] INFO ConfigurationProperties - p:antipattern= false
[10808] INFO ConfigurationProperties - p:bugId= 280
[10808] INFO ConfigurationProperties - p:evosuitetimeout= 120
[10808] INFO ConfigurationProperties - p:maxtimefactor= 10
[10808] INFO ConfigurationProperties - p:nrPlaceholders= 1
[10808] INFO ConfigurationProperties - p:testallcmd= mvn test -pl retrofit -Dhttps.protocols=TLSv1.2 -Denforcer.skip=true -Dcheckstyle.skip=true -Dcobertura.skip=true -DskipITs=true -Drat.skip=true -Dlicense.skip=true -Dpmd.skip=true -Dfindbugs.skip=true -Dgpg.skip=true -Dskip.npm=true -Dskip.gulp=true -Dskip.bower=true -Danimal.sniffer.skip=true -V -B
[10809] INFO ConfigurationProperties - p:forcesubprocesskilling= false
[10809] INFO ConfigurationProperties - ----------------------------
[10809] INFO AstorCoreEngine - Time Repair Loop (s): 0.0
[10810] INFO AstorCoreEngine - generationsexecuted: 1
[10810] WARN AstorCoreEngine - ----SUMMARY_EXECUTION---
[10810] WARN AstorCoreEngine - End Repair Search: NOT Found solution
[10812] WARN AstorCoreEngine - Number suspicious:1
[10813] INFO AstorCoreEngine - 
 --SOLUTIONS DESCRIPTION--


Astor Output:

General stats:
EXECUTION_IDENTIFIER=square_retrofit-VUL4J-76
TOTAL_TIME=0.0
NR_GENERATIONS=null
NR_RIGHT_COMPILATIONS=null
NR_FAILLING_COMPILATIONS=null
NR_ERRONEOUS_VARIANCES=null
NR_FAILING_VALIDATION_PROCESS=null
OUTPUT_STATUS=EXHAUSTIVE_NAVIGATED

Patch stats:

[10837] INFO Stats - Storing ing JSON at /workdir/jMutRepair_vul4j_square_retrofit_VUL4J-76/./output_astor/AstorMain-square_retrofit-VUL4J-76//astor_output.json
[10838] INFO Stats - astor_output:
{"general":{"NR_RIGHT_COMPILATIONS":null,"NR_ERRONEOUS_VARIANCES":null,"EXECUTION_IDENTIFIER":"square_retrofit-VUL4J-76","OUTPUT_STATUS":"EXHAUSTIVE_NAVIGATED","NR_FAILLING_COMPILATIONS":null,"NR_GENERATIONS":null,"TOTAL_TIME":0.0,"NR_FAILING_VALIDATION_PROCESS":null},"patches":[]}
[10838] INFO AstorMain - Time Total(s): 10.823
13.31user 2.05system 0:12.35elapsed 124%CPU (0avgtext+0avgdata 316132maxresident)k
80inputs+4544outputs (0major+90429minor)pagefaults 0swaps


Node: 9670332cfea8



Date: Fri Sep  9 07:14:27 EDT 2022

