cd /workdir/jKali_vul4j_apache_sling_VUL4J-24;
export JAVA_TOOL_OPTIONS="-Dfile.encoding=UTF8 -Duser.language=en-US -Duser.country=US -Duser.language=en";
TZ="America/New_York"; export TZ;
export PATH="/usr/lib/jvm/java-8-openjdk-amd64/bin:$PATH";
export JAVA_HOME="/usr/lib/jvm/java-8-openjdk-amd64/bin";
time java -Xmx4g -Xms1g -XX:MaxPermSize=512m -cp /script/../libs/jtestex7.jar:/script/../repair_tools/astor.jar fr.inria.main.evolution.AstorMain \
	-mode jkali \
	-location . \
	-id apache_sling-VUL4J-24 \
	-failing org.apache.sling.xss.impl.XSSAPIImplTest#testGetValidXML \
	-jvm4testexecution /usr/lib/jvm/java-8-openjdk-amd64/bin \
	-jvm4evosuitetestexecution /usr/lib/jvm/java-8-openjdk-amd64/bin \
	-maxgen 1000000 \
	-maxtime 120 \
	-stopfirst true \
	-seed 0 \
	-scope local \
	-population 1 \
	-javacompliancelevel 8 \
	-faultlocalization perfect \
    -perfectdata /script/../data/benchmarks/vul4j/perfectfl/VUL4J-24 \
    -validation externalcmd \
    -testfailingcmd "mvn test -pl bundles/extensions/xss -Dtest=org.apache.sling.xss.impl.XSSAPIImplTest#testGetValidXML -Dhttps.protocols=TLSv1.2 -Denforcer.skip=true -Dcheckstyle.skip=true -Dcobertura.skip=true -DskipITs=true -Drat.skip=true -Dlicense.skip=true -Dpmd.skip=true -Dfindbugs.skip=true -Dgpg.skip=true -Dskip.npm=true -Dskip.gulp=true -Dskip.bower=true -Danimal.sniffer.skip=true -V -B" \
    -testallcmd "mvn test -pl bundles/extensions/xss -Dhttps.protocols=TLSv1.2 -Denforcer.skip=true -Dcheckstyle.skip=true -Dcobertura.skip=true -DskipITs=true -Drat.skip=true -Dlicense.skip=true -Dpmd.skip=true -Dfindbugs.skip=true -Dgpg.skip=true -Dskip.npm=true -Dskip.gulp=true -Dskip.bower=true -Danimal.sniffer.skip=true -V -B"  \ \
	-srcjavafolder bundles/extensions/xss/src/main/java \
	-srctestfolder bundles/extensions/xss/src/test/java \
	-binjavafolder bundles/extensions/xss/target/classes \
	-bintestfolder bundles/extensions/xss/target/test-classes \
	-parameters x:x \
	-dependencies /workdir/jKali_vul4j_apache_sling_VUL4J-24/bundles/extensions/xss/target/classes:/root/.m2/repository/javax/servlet/servlet-api/2.4/servlet-api-2.4.jar:/root/.m2/repository/commons-configuration/commons-configuration/1.5/commons-configuration-1.5.jar:/root/.m2/repository/commons-lang/commons-lang/2.3/commons-lang-2.3.jar:/root/.m2/repository/org/javassist/javassist/3.18.2-GA/javassist-3.18.2-GA.jar:/root/.m2/repository/com/google/code/findbugs/jsr305/2.0.0/jsr305-2.0.0.jar:/root/.m2/repository/org/owasp/esapi/esapi/2.1.0/esapi-2.1.0.jar:/root/.m2/repository/org/beanshell/bsh-core/2.0b4/bsh-core-2.0b4.jar:/root/.m2/repository/commons-beanutils/commons-beanutils-core/1.7.0/commons-beanutils-core-1.7.0.jar:/root/.m2/repository/xom/xom/1.2.5/xom-1.2.5.jar:/root/.m2/repository/org/hamcrest/hamcrest-core/1.3/hamcrest-core-1.3.jar:/root/.m2/repository/xerces/xercesImpl/2.9.1/xercesImpl-2.9.1.jar:/root/.m2/repository/org/apache/sling/org.apache.sling.api/2.2.0/org.apache.sling.api-2.2.0.jar:/root/.m2/repository/batik/batik-css/1.6/batik-css-1.6.jar:/root/.m2/repository/net/sourceforge/nekohtml/nekohtml/1.9.16/nekohtml-1.9.16.jar:/root/.m2/repository/org/objenesis/objenesis/2.1/objenesis-2.1.jar:/root/.m2/repository/commons-logging/commons-logging/1.0.4/commons-logging-1.0.4.jar:/root/.m2/repository/xml-apis/xml-apis-ext/1.3.04/xml-apis-ext-1.3.04.jar:/root/.m2/repository/commons-digester/commons-digester/1.8/commons-digester-1.8.jar:/root/.m2/repository/org/osgi/org.osgi.core/4.1.0/org.osgi.core-4.1.0.jar:/root/.m2/repository/commons-httpclient/commons-httpclient/3.1/commons-httpclient-3.1.jar:/root/.m2/repository/batik/batik-util/1.6/batik-util-1.6.jar:/root/.m2/repository/org/osgi/org.osgi.compendium/4.1.0/org.osgi.compendium-4.1.0.jar:/root/.m2/repository/org/slf4j/slf4j-api/1.5.2/slf4j-api-1.5.2.jar:/root/.m2/repository/biz/aQute/bndlib/1.50.0/bndlib-1.50.0.jar:/root/.m2/repository/org/powermock/powermock-api-support/1.5.5/powermock-api-support-1.5.5.jar:/root/.m2/repository/log4j/log4j/1.2.16/log4j-1.2.16.jar:/root/.m2/repository/org/owasp/encoder/encoder/1.1.1/encoder-1.1.1.jar:/root/.m2/repository/commons-collections/commons-collections/3.2/commons-collections-3.2.jar:/root/.m2/repository/org/apache/felix/org.apache.felix.scr.annotations/1.9.12/org.apache.felix.scr.annotations-1.9.12.jar:/root/.m2/repository/org/powermock/powermock-api-mockito/1.5.5/powermock-api-mockito-1.5.5.jar:/root/.m2/repository/commons-codec/commons-codec/1.2/commons-codec-1.2.jar:/root/.m2/repository/org/apache/sling/org.apache.sling.commons.json/2.0.6/org.apache.sling.commons.json-2.0.6.jar:/root/.m2/repository/xalan/xalan/2.7.0/xalan-2.7.0.jar:/root/.m2/repository/org/powermock/powermock-core/1.5.5/powermock-core-1.5.5.jar:/root/.m2/repository/commons-fileupload/commons-fileupload/1.2/commons-fileupload-1.2.jar:/root/.m2/repository/org/mockito/mockito-all/1.8.4/mockito-all-1.8.4.jar:/root/.m2/repository/commons-beanutils/commons-beanutils/1.7.0/commons-beanutils-1.7.0.jar:/root/.m2/repository/org/owasp/antisamy/antisamy/1.5.2/antisamy-1.5.2.jar:/root/.m2/repository/batik/batik-gui-util/1.6/batik-gui-util-1.6.jar:/root/.m2/repository/xml-apis/xml-apis/1.3.03/xml-apis-1.3.03.jar:/root/.m2/repository/batik/batik-ext/1.6/batik-ext-1.6.jar:/root/.m2/repository/junit/junit/4.12/junit-4.12.jar:/root/.m2/repository/org/powermock/powermock-reflect/1.5.5/powermock-reflect-1.5.5.jar:/root/.m2/repository/org/slf4j/slf4j-simple/1.5.2/slf4j-simple-1.5.2.jar;
	echo "\n\nNode: `hostname`\n";
	echo "\n\nDate: `date`\n";
Picked up JAVA_TOOL_OPTIONS: -Dfile.encoding=UTF8 -Duser.language=en-US -Duser.country=US -Duser.language=en
OpenJDK 64-Bit Server VM warning: ignoring option MaxPermSize=512m; support was removed in 8.0
[0] INFO ProjectConfiguration - Version of the JVM used: 1.8.0_342
[0] INFO main - Java version of the JDK used to run tests: 1.8.0_342
[0] INFO main - The compliance of the JVM is:  8
[7] INFO main - command line arguments: [-mode  jkali  -location  .  -id  apache_sling-VUL4J-24  -failing  org.apache.sling.xss.impl.XSSAPIImplTest#testGetValidXML  -jvm4testexecution  /usr/lib/jvm/java-8-openjdk-amd64/bin  -jvm4evosuitetestexecution  /usr/lib/jvm/java-8-openjdk-amd64/bin  -maxgen  1000000  -maxtime  120  -stopfirst  true  -seed  0  -scope  local  -population  1  -javacompliancelevel  8  -faultlocalization  perfect  -perfectdata  /script/../data/benchmarks/vul4j/perfectfl/VUL4J-24  -validation  externalcmd  -testfailingcmd  mvn test -pl bundles/extensions/xss -Dtest=org.apache.sling.xss.impl.XSSAPIImplTest#testGetValidXML -Dhttps.protocols=TLSv1.2 -Denforcer.skip=true -Dcheckstyle.skip=true -Dcobertura.skip=true -DskipITs=true -Drat.skip=true -Dlicense.skip=true -Dpmd.skip=true -Dfindbugs.skip=true -Dgpg.skip=true -Dskip.npm=true -Dskip.gulp=true -Dskip.bower=true -Danimal.sniffer.skip=true -V -B  -testallcmd  mvn test -pl bundles/extensions/xss -Dhttps.protocols=TLSv1.2 -Denforcer.skip=true -Dcheckstyle.skip=true -Dcobertura.skip=true -DskipITs=true -Drat.skip=true -Dlicense.skip=true -Dpmd.skip=true -Dfindbugs.skip=true -Dgpg.skip=true -Dskip.npm=true -Dskip.gulp=true -Dskip.bower=true -Danimal.sniffer.skip=true -V -B     -srcjavafolder  bundles/extensions/xss/src/main/java  -srctestfolder  bundles/extensions/xss/src/test/java  -binjavafolder  bundles/extensions/xss/target/classes  -bintestfolder  bundles/extensions/xss/target/test-classes  -parameters  x:x  -dependencies  /workdir/jKali_vul4j_apache_sling_VUL4J-24/bundles/extensions/xss/target/classes:/root/.m2/repository/javax/servlet/servlet-api/2.4/servlet-api-2.4.jar:/root/.m2/repository/commons-configuration/commons-configuration/1.5/commons-configuration-1.5.jar:/root/.m2/repository/commons-lang/commons-lang/2.3/commons-lang-2.3.jar:/root/.m2/repository/org/javassist/javassist/3.18.2-GA/javassist-3.18.2-GA.jar:/root/.m2/repository/com/google/code/findbugs/jsr305/2.0.0/jsr305-2.0.0.jar:/root/.m2/repository/org/owasp/esapi/esapi/2.1.0/esapi-2.1.0.jar:/root/.m2/repository/org/beanshell/bsh-core/2.0b4/bsh-core-2.0b4.jar:/root/.m2/repository/commons-beanutils/commons-beanutils-core/1.7.0/commons-beanutils-core-1.7.0.jar:/root/.m2/repository/xom/xom/1.2.5/xom-1.2.5.jar:/root/.m2/repository/org/hamcrest/hamcrest-core/1.3/hamcrest-core-1.3.jar:/root/.m2/repository/xerces/xercesImpl/2.9.1/xercesImpl-2.9.1.jar:/root/.m2/repository/org/apache/sling/org.apache.sling.api/2.2.0/org.apache.sling.api-2.2.0.jar:/root/.m2/repository/batik/batik-css/1.6/batik-css-1.6.jar:/root/.m2/repository/net/sourceforge/nekohtml/nekohtml/1.9.16/nekohtml-1.9.16.jar:/root/.m2/repository/org/objenesis/objenesis/2.1/objenesis-2.1.jar:/root/.m2/repository/commons-logging/commons-logging/1.0.4/commons-logging-1.0.4.jar:/root/.m2/repository/xml-apis/xml-apis-ext/1.3.04/xml-apis-ext-1.3.04.jar:/root/.m2/repository/commons-digester/commons-digester/1.8/commons-digester-1.8.jar:/root/.m2/repository/org/osgi/org.osgi.core/4.1.0/org.osgi.core-4.1.0.jar:/root/.m2/repository/commons-httpclient/commons-httpclient/3.1/commons-httpclient-3.1.jar:/root/.m2/repository/batik/batik-util/1.6/batik-util-1.6.jar:/root/.m2/repository/org/osgi/org.osgi.compendium/4.1.0/org.osgi.compendium-4.1.0.jar:/root/.m2/repository/org/slf4j/slf4j-api/1.5.2/slf4j-api-1.5.2.jar:/root/.m2/repository/biz/aQute/bndlib/1.50.0/bndlib-1.50.0.jar:/root/.m2/repository/org/powermock/powermock-api-support/1.5.5/powermock-api-support-1.5.5.jar:/root/.m2/repository/log4j/log4j/1.2.16/log4j-1.2.16.jar:/root/.m2/repository/org/owasp/encoder/encoder/1.1.1/encoder-1.1.1.jar:/root/.m2/repository/commons-collections/commons-collections/3.2/commons-collections-3.2.jar:/root/.m2/repository/org/apache/felix/org.apache.felix.scr.annotations/1.9.12/org.apache.felix.scr.annotations-1.9.12.jar:/root/.m2/repository/org/powermock/powermock-api-mockito/1.5.5/powermock-api-mockito-1.5.5.jar:/root/.m2/repository/commons-codec/commons-codec/1.2/commons-codec-1.2.jar:/root/.m2/repository/org/apache/sling/org.apache.sling.commons.json/2.0.6/org.apache.sling.commons.json-2.0.6.jar:/root/.m2/repository/xalan/xalan/2.7.0/xalan-2.7.0.jar:/root/.m2/repository/org/powermock/powermock-core/1.5.5/powermock-core-1.5.5.jar:/root/.m2/repository/commons-fileupload/commons-fileupload/1.2/commons-fileupload-1.2.jar:/root/.m2/repository/org/mockito/mockito-all/1.8.4/mockito-all-1.8.4.jar:/root/.m2/repository/commons-beanutils/commons-beanutils/1.7.0/commons-beanutils-1.7.0.jar:/root/.m2/repository/org/owasp/antisamy/antisamy/1.5.2/antisamy-1.5.2.jar:/root/.m2/repository/batik/batik-gui-util/1.6/batik-gui-util-1.6.jar:/root/.m2/repository/xml-apis/xml-apis/1.3.03/xml-apis-1.3.03.jar:/root/.m2/repository/batik/batik-ext/1.6/batik-ext-1.6.jar:/root/.m2/repository/junit/junit/4.12/junit-4.12.jar:/root/.m2/repository/org/powermock/powermock-reflect/1.5.5/powermock-reflect-1.5.5.jar:/root/.m2/repository/org/slf4j/slf4j-simple/1.5.2/slf4j-simple-1.5.2.jar]
[8] INFO AstorMain - Running Astor on a JDK at /usr/lib/jvm/java-8-openjdk-amd64/jre
[19] INFO main - Source folders: [/workdir/jKali_vul4j_apache_sling_VUL4J-24/./bundles/extensions/xss/src/main/java]
[43] INFO main - Source Test folders: [/workdir/jKali_vul4j_apache_sling_VUL4J-24/./bundles/extensions/xss/src/test/java]
[1059] INFO AstorCoreEngine - ---- Creating spoon model
[1151] INFO MutationSupporter - Creating model,  Code location from working folder: /workdir/jKali_vul4j_apache_sling_VUL4J-24/./bundles/extensions/xss/src/main/java
[1151] INFO MutationSupporter - building model: /workdir/jKali_vul4j_apache_sling_VUL4J-24/./bundles/extensions/xss/src/main/java, compliance level: 8
[1189] INFO MutationSupporter - Classpath (Dependencies) for building SpoonModel: [/workdir/jKali_vul4j_apache_sling_VUL4J-24/bundles/extensions/xss/target/classes/, /root/.m2/repository/javax/servlet/servlet-api/2.4/servlet-api-2.4.jar, /root/.m2/repository/commons-configuration/commons-configuration/1.5/commons-configuration-1.5.jar, /root/.m2/repository/commons-lang/commons-lang/2.3/commons-lang-2.3.jar, /root/.m2/repository/org/javassist/javassist/3.18.2-GA/javassist-3.18.2-GA.jar, /root/.m2/repository/com/google/code/findbugs/jsr305/2.0.0/jsr305-2.0.0.jar, /root/.m2/repository/org/owasp/esapi/esapi/2.1.0/esapi-2.1.0.jar, /root/.m2/repository/org/beanshell/bsh-core/2.0b4/bsh-core-2.0b4.jar, /root/.m2/repository/commons-beanutils/commons-beanutils-core/1.7.0/commons-beanutils-core-1.7.0.jar, /root/.m2/repository/xom/xom/1.2.5/xom-1.2.5.jar, /root/.m2/repository/org/hamcrest/hamcrest-core/1.3/hamcrest-core-1.3.jar, /root/.m2/repository/xerces/xercesImpl/2.9.1/xercesImpl-2.9.1.jar, /root/.m2/repository/org/apache/sling/org.apache.sling.api/2.2.0/org.apache.sling.api-2.2.0.jar, /root/.m2/repository/batik/batik-css/1.6/batik-css-1.6.jar, /root/.m2/repository/net/sourceforge/nekohtml/nekohtml/1.9.16/nekohtml-1.9.16.jar, /root/.m2/repository/org/objenesis/objenesis/2.1/objenesis-2.1.jar, /root/.m2/repository/commons-logging/commons-logging/1.0.4/commons-logging-1.0.4.jar, /root/.m2/repository/xml-apis/xml-apis-ext/1.3.04/xml-apis-ext-1.3.04.jar, /root/.m2/repository/commons-digester/commons-digester/1.8/commons-digester-1.8.jar, /root/.m2/repository/org/osgi/org.osgi.core/4.1.0/org.osgi.core-4.1.0.jar, /root/.m2/repository/commons-httpclient/commons-httpclient/3.1/commons-httpclient-3.1.jar, /root/.m2/repository/batik/batik-util/1.6/batik-util-1.6.jar, /root/.m2/repository/org/osgi/org.osgi.compendium/4.1.0/org.osgi.compendium-4.1.0.jar, /root/.m2/repository/org/slf4j/slf4j-api/1.5.2/slf4j-api-1.5.2.jar, /root/.m2/repository/biz/aQute/bndlib/1.50.0/bndlib-1.50.0.jar, /root/.m2/repository/org/powermock/powermock-api-support/1.5.5/powermock-api-support-1.5.5.jar, /root/.m2/repository/log4j/log4j/1.2.16/log4j-1.2.16.jar, /root/.m2/repository/org/owasp/encoder/encoder/1.1.1/encoder-1.1.1.jar, /root/.m2/repository/commons-collections/commons-collections/3.2/commons-collections-3.2.jar, /root/.m2/repository/org/apache/felix/org.apache.felix.scr.annotations/1.9.12/org.apache.felix.scr.annotations-1.9.12.jar, /root/.m2/repository/org/powermock/powermock-api-mockito/1.5.5/powermock-api-mockito-1.5.5.jar, /root/.m2/repository/commons-codec/commons-codec/1.2/commons-codec-1.2.jar, /root/.m2/repository/org/apache/sling/org.apache.sling.commons.json/2.0.6/org.apache.sling.commons.json-2.0.6.jar, /root/.m2/repository/xalan/xalan/2.7.0/xalan-2.7.0.jar, /root/.m2/repository/org/powermock/powermock-core/1.5.5/powermock-core-1.5.5.jar, /root/.m2/repository/commons-fileupload/commons-fileupload/1.2/commons-fileupload-1.2.jar, /root/.m2/repository/org/mockito/mockito-all/1.8.4/mockito-all-1.8.4.jar, /root/.m2/repository/commons-beanutils/commons-beanutils/1.7.0/commons-beanutils-1.7.0.jar, /root/.m2/repository/org/owasp/antisamy/antisamy/1.5.2/antisamy-1.5.2.jar, /root/.m2/repository/batik/batik-gui-util/1.6/batik-gui-util-1.6.jar, /root/.m2/repository/xml-apis/xml-apis/1.3.03/xml-apis-1.3.03.jar, /root/.m2/repository/batik/batik-ext/1.6/batik-ext-1.6.jar, /root/.m2/repository/junit/junit/4.12/junit-4.12.jar, /root/.m2/repository/org/powermock/powermock-reflect/1.5.5/powermock-reflect-1.5.5.jar, /root/.m2/repository/org/slf4j/slf4j-simple/1.5.2/slf4j-simple-1.5.2.jar]
[7602] INFO AstorCoreEngine - Number of CtTypes created: 12
[7684] INFO AstorCoreEngine - Test retrieved from classes: 0
[7918] INFO AstorCoreEngine - Setting up the max to 2340 milliseconds (2 sec)
[7918] INFO AstorCoreEngine - ---- Initial suspicious size: 2
[9052] INFO main - Total suspicious from FL: 2,  2
[9052] INFO main - Total ModPoint created: 2
[9052] INFO main - Creating program variant #1, [Variant id: 1, #gens: 2, #ops: 0, parent:-]
[9052] INFO main - Run previously failing tests...
[52649] INFO main - Failed tests: 1
[52651] INFO AstorCoreEngine - The original fitness is : 1.0
[52651] WARN ConfigurationProperties - ----------------------------
[52659] INFO ConfigurationProperties - ---Configuration properties
[52662] INFO ConfigurationProperties - p:lastJUnitVersion= ./examples/libs/junit-4.11.jar
[52662] INFO ConfigurationProperties - p:alternativecompliancelevel= 8
[52662] INFO ConfigurationProperties - p:ignoredTestCases= 
[52662] INFO ConfigurationProperties - p:workingDirectory= /workdir/jKali_vul4j_apache_sling_VUL4J-24/./output_astor
[52662] INFO ConfigurationProperties - p:manipulatesuper= false
[52662] INFO ConfigurationProperties - p:validation= externalcmd
[52662] INFO ConfigurationProperties - p:jvm4testexecution= /usr/lib/jvm/java-8-openjdk-amd64/bin
[52662] INFO ConfigurationProperties - p:operatorspace= suppression
[52662] INFO ConfigurationProperties - p:diffcontext= 0
[52662] INFO ConfigurationProperties - p:binjavafolder= bundles/extensions/xss/target/classes
[52664] INFO ConfigurationProperties - p:synthesis_depth= 3
[52664] INFO ConfigurationProperties - p:gzoltartestpackagetoexclude= junit.framework
[52664] INFO ConfigurationProperties - p:skipfitnessinitialpopulation= false
[52664] INFO ConfigurationProperties - p:evosuiteresultfolder= evosuite
[52664] INFO ConfigurationProperties - p:flthreshold= 0.1
[52664] INFO ConfigurationProperties - p:regressionforfaultlocalization= true
[52664] INFO ConfigurationProperties - p:collectonlyusedmethod= false
[52664] INFO ConfigurationProperties - p:preservelinenumbers= true
[52665] INFO ConfigurationProperties - p:tmax2= 2340
[52665] INFO ConfigurationProperties - p:tmax1= 10000
[52665] INFO ConfigurationProperties - p:probagenmutation= false
[52665] INFO ConfigurationProperties - p:nomodificationconvergence= 100
[52665] INFO ConfigurationProperties - p:diff_type= relative
[52665] INFO ConfigurationProperties - p:targetelementprocessor= statements
[52668] INFO ConfigurationProperties - p:srctestfolder= bundles/extensions/xss/src/test/java
[52668] INFO ConfigurationProperties - p:forceExecuteRegression= false
[52668] INFO ConfigurationProperties - p:clusteringfilename= clustering.csv
[52668] INFO ConfigurationProperties - p:failing= org.apache.sling.xss.impl.XSSAPIImplTest#testGetValidXML
[52676] INFO ConfigurationProperties - p:logtestexecution= false
[52681] INFO ConfigurationProperties - p:evo_buggy_class= true
[52685] INFO ConfigurationProperties - p:numberExecutions= 1
[52685] INFO ConfigurationProperties - p:maxnumbersolutions= 1000000
[52685] INFO ConfigurationProperties - p:evo_affected_by_op= true
[52685] INFO ConfigurationProperties - p:population= 1
[52685] INFO ConfigurationProperties - p:considerzerovaluesusp= false
[52685] INFO ConfigurationProperties - p:maxCombinationVariableLimit= false
[52685] INFO ConfigurationProperties - p:savesolution= true
[52685] INFO ConfigurationProperties - p:javacompliancelevel= 8
[52685] INFO ConfigurationProperties - p:x= x
[52685] INFO ConfigurationProperties - p:uniqueoptogen= false
[52685] INFO ConfigurationProperties - p:gzoltarpackagetonotinstrument= junit.framework
[52686] INFO ConfigurationProperties - p:projectIdentifier= apache_sling-VUL4J-24
[52686] INFO ConfigurationProperties - p:modificationpointnavigation= weight
[52686] INFO ConfigurationProperties - p:stopfirst= true
[52687] INFO ConfigurationProperties - p:multipointmodification= false
[52687] INFO ConfigurationProperties - p:elementsToMutate= 10
[52687] INFO ConfigurationProperties - p:jsonoutputname= astor_output
[52687] INFO ConfigurationProperties - p:evoDSE= false
[52687] INFO ConfigurationProperties - p:bintestfolder= bundles/extensions/xss/target/test-classes
[52687] INFO ConfigurationProperties - p:testbystep= false
[52687] INFO ConfigurationProperties - p:version-location= ./math-version/
[52687] INFO ConfigurationProperties - p:reintroduce= PARENTS:ORIGINAL
[52687] INFO ConfigurationProperties - p:perfectdata= /script/../data/benchmarks/vul4j/perfectfl/VUL4J-24
[52687] INFO ConfigurationProperties - p:executorjar= ./lib/jtestex7.jar
[52687] INFO ConfigurationProperties - p:maxGeneration= 1000000
[52687] INFO ConfigurationProperties - p:max_synthesis_step= 10000
[52687] INFO ConfigurationProperties - p:projectinfocommand= com.github.tdurieux:project-config-maven-plugin:info
[52687] INFO ConfigurationProperties - p:maxVarCombination= 1000
[52687] INFO ConfigurationProperties - p:maxtime= 120
[52687] INFO ConfigurationProperties - p:evosuitejar= ./lib/evosuite-master-1.0.4-SNAPSHOT.jar
[52687] INFO ConfigurationProperties - p:jvmversion= 1.8.0_342
[52687] INFO ConfigurationProperties - p:commandTrunk= 50000
[52687] INFO ConfigurationProperties - p:faultlocalization= perfect
[52688] INFO ConfigurationProperties - p:resetmodel= true
[52688] INFO ConfigurationProperties - p:maxsuspcandidates= 1000
[52689] INFO ConfigurationProperties - p:mode= jkali
[52689] INFO ConfigurationProperties - p:learningdir= 
[52689] INFO ConfigurationProperties - p:jvm4evosuitetestexecution= /usr/lib/jvm/java-8-openjdk-amd64/bin
[52689] INFO ConfigurationProperties - p:filterfaultlocalization= true
[52689] INFO ConfigurationProperties - p:mutationrate= 1 
[52689] INFO ConfigurationProperties - p:pathToMVNRepository= 
[52689] INFO ConfigurationProperties - p:resourcesfolder= /src/main/resources:/src/test/resources:
[52689] INFO ConfigurationProperties - p:timezone= America/Los_Angeles
[52689] INFO ConfigurationProperties - p:runjava7code= false
[52689] INFO ConfigurationProperties - p:testfailingcmd= mvn test -pl bundles/extensions/xss -Dtest=org.apache.sling.xss.impl.XSSAPIImplTest#testGetValidXML -Dhttps.protocols=TLSv1.2 -Denforcer.skip=true -Dcheckstyle.skip=true -Dcobertura.skip=true -DskipITs=true -Drat.skip=true -Dlicense.skip=true -Dpmd.skip=true -Dfindbugs.skip=true -Dgpg.skip=true -Dskip.npm=true -Dskip.gulp=true -Dskip.bower=true -Danimal.sniffer.skip=true -V -B
[52690] INFO ConfigurationProperties - p:evoRunOnBuggyClass= true
[52690] INFO ConfigurationProperties - p:compiler= fr.inria.astor.core.manipulation.bytecode.compiler.SpoonClassCompiler
[52690] INFO ConfigurationProperties - p:limitbysuspicious= true
[52690] INFO ConfigurationProperties - p:logsattemps= true
[52690] INFO ConfigurationProperties - p:dependenciespath= /workdir/jKali_vul4j_apache_sling_VUL4J-24/bundles/extensions/xss/target/classes:/root/.m2/repository/javax/servlet/servlet-api/2.4/servlet-api-2.4.jar:/root/.m2/repository/commons-configuration/commons-configuration/1.5/commons-configuration-1.5.jar:/root/.m2/repository/commons-lang/commons-lang/2.3/commons-lang-2.3.jar:/root/.m2/repository/org/javassist/javassist/3.18.2-GA/javassist-3.18.2-GA.jar:/root/.m2/repository/com/google/code/findbugs/jsr305/2.0.0/jsr305-2.0.0.jar:/root/.m2/repository/org/owasp/esapi/esapi/2.1.0/esapi-2.1.0.jar:/root/.m2/repository/org/beanshell/bsh-core/2.0b4/bsh-core-2.0b4.jar:/root/.m2/repository/commons-beanutils/commons-beanutils-core/1.7.0/commons-beanutils-core-1.7.0.jar:/root/.m2/repository/xom/xom/1.2.5/xom-1.2.5.jar:/root/.m2/repository/org/hamcrest/hamcrest-core/1.3/hamcrest-core-1.3.jar:/root/.m2/repository/xerces/xercesImpl/2.9.1/xercesImpl-2.9.1.jar:/root/.m2/repository/org/apache/sling/org.apache.sling.api/2.2.0/org.apache.sling.api-2.2.0.jar:/root/.m2/repository/batik/batik-css/1.6/batik-css-1.6.jar:/root/.m2/repository/net/sourceforge/nekohtml/nekohtml/1.9.16/nekohtml-1.9.16.jar:/root/.m2/repository/org/objenesis/objenesis/2.1/objenesis-2.1.jar:/root/.m2/repository/commons-logging/commons-logging/1.0.4/commons-logging-1.0.4.jar:/root/.m2/repository/xml-apis/xml-apis-ext/1.3.04/xml-apis-ext-1.3.04.jar:/root/.m2/repository/commons-digester/commons-digester/1.8/commons-digester-1.8.jar:/root/.m2/repository/org/osgi/org.osgi.core/4.1.0/org.osgi.core-4.1.0.jar:/root/.m2/repository/commons-httpclient/commons-httpclient/3.1/commons-httpclient-3.1.jar:/root/.m2/repository/batik/batik-util/1.6/batik-util-1.6.jar:/root/.m2/repository/org/osgi/org.osgi.compendium/4.1.0/org.osgi.compendium-4.1.0.jar:/root/.m2/repository/org/slf4j/slf4j-api/1.5.2/slf4j-api-1.5.2.jar:/root/.m2/repository/biz/aQute/bndlib/1.50.0/bndlib-1.50.0.jar:/root/.m2/repository/org/powermock/powermock-api-support/1.5.5/powermock-api-support-1.5.5.jar:/root/.m2/repository/log4j/log4j/1.2.16/log4j-1.2.16.jar:/root/.m2/repository/org/owasp/encoder/encoder/1.1.1/encoder-1.1.1.jar:/root/.m2/repository/commons-collections/commons-collections/3.2/commons-collections-3.2.jar:/root/.m2/repository/org/apache/felix/org.apache.felix.scr.annotations/1.9.12/org.apache.felix.scr.annotations-1.9.12.jar:/root/.m2/repository/org/powermock/powermock-api-mockito/1.5.5/powermock-api-mockito-1.5.5.jar:/root/.m2/repository/commons-codec/commons-codec/1.2/commons-codec-1.2.jar:/root/.m2/repository/org/apache/sling/org.apache.sling.commons.json/2.0.6/org.apache.sling.commons.json-2.0.6.jar:/root/.m2/repository/xalan/xalan/2.7.0/xalan-2.7.0.jar:/root/.m2/repository/org/powermock/powermock-core/1.5.5/powermock-core-1.5.5.jar:/root/.m2/repository/commons-fileupload/commons-fileupload/1.2/commons-fileupload-1.2.jar:/root/.m2/repository/org/mockito/mockito-all/1.8.4/mockito-all-1.8.4.jar:/root/.m2/repository/commons-beanutils/commons-beanutils/1.7.0/commons-beanutils-1.7.0.jar:/root/.m2/repository/org/owasp/antisamy/antisamy/1.5.2/antisamy-1.5.2.jar:/root/.m2/repository/batik/batik-gui-util/1.6/batik-gui-util-1.6.jar:/root/.m2/repository/xml-apis/xml-apis/1.3.03/xml-apis-1.3.03.jar:/root/.m2/repository/batik/batik-ext/1.6/batik-ext-1.6.jar:/root/.m2/repository/junit/junit/4.12/junit-4.12.jar:/root/.m2/repository/org/powermock/powermock-reflect/1.5.5/powermock-reflect-1.5.5.jar:/root/.m2/repository/org/slf4j/slf4j-simple/1.5.2/slf4j-simple-1.5.2.jar
[52690] INFO ConfigurationProperties - p:packageToInstrument= 
[52690] INFO ConfigurationProperties - p:skipfaultlocalization= false
[52690] INFO ConfigurationProperties - p:scope= local
[52690] INFO ConfigurationProperties - p:transformingredient= false
[52690] INFO ConfigurationProperties - p:fitnessfunction= fr.inria.astor.core.solutionsearch.population.TestCaseFitnessFunction
[52690] INFO ConfigurationProperties - p:maxnumvariablesperingredient= 10
[52690] INFO ConfigurationProperties - p:parsesourcefromoriginal= true
[52690] INFO ConfigurationProperties - p:pvariantfoldername= variant-
[52690] INFO ConfigurationProperties - p:savespoonmodelondisk= false
[52690] INFO ConfigurationProperties - p:srcjavafolder= bundles/extensions/xss/src/main/java
[52691] INFO ConfigurationProperties - p:populationcontroller= fr.inria.astor.core.solutionsearch.population.TestCaseBasedFitnessPopulationController
[52691] INFO ConfigurationProperties - p:ignoreflakyinfl= false
[52691] INFO ConfigurationProperties - p:cleantemplates= true
[52691] INFO ConfigurationProperties - p:applyCrossover= false
[52691] INFO ConfigurationProperties - p:maxmodificationpoints= 1000
[52691] INFO ConfigurationProperties - p:duplicateingredientsinspace= false
[52691] INFO ConfigurationProperties - p:metid= 0
[52691] INFO ConfigurationProperties - p:continuewhenmodelfail= true
[52691] INFO ConfigurationProperties - p:saveall= false
[52691] INFO ConfigurationProperties - p:seed= 0
[52692] INFO ConfigurationProperties - p:savecompletepatched= true
[52692] INFO ConfigurationProperties - p:resetoperations= false
[52692] INFO ConfigurationProperties - p:keepcomments= false
[52692] INFO ConfigurationProperties - p:processoutputinfile= false
[52692] INFO ConfigurationProperties - p:location= .
[52693] INFO ConfigurationProperties - p:probabilistictransformation= true
[52694] INFO ConfigurationProperties - p:overridemaxtime= true
[52694] INFO ConfigurationProperties - p:outputjsonresult= true
[52694] INFO ConfigurationProperties - p:allpoints= false
[52694] INFO ConfigurationProperties - p:antipattern= false
[52694] INFO ConfigurationProperties - p:bugId= 280
[52694] INFO ConfigurationProperties - p:evosuitetimeout= 120
[52694] INFO ConfigurationProperties - p:maxtimefactor= 10
[52694] INFO ConfigurationProperties - p:nrPlaceholders= 1
[52694] INFO ConfigurationProperties - p:testallcmd= mvn test -pl bundles/extensions/xss -Dhttps.protocols=TLSv1.2 -Denforcer.skip=true -Dcheckstyle.skip=true -Dcobertura.skip=true -DskipITs=true -Drat.skip=true -Dlicense.skip=true -Dpmd.skip=true -Dfindbugs.skip=true -Dgpg.skip=true -Dskip.npm=true -Dskip.gulp=true -Dskip.bower=true -Danimal.sniffer.skip=true -V -B
[52694] INFO ConfigurationProperties - p:forcesubprocesskilling= false
[52694] INFO ConfigurationProperties - ----------------------------
[52696] INFO AstorCoreEngine - mod_point MP=org.apache.sling.xss.impl.XSSAPIImpl line: 65, pointed element: CtAssignmentImpl
[52717] INFO AstorCoreEngine - -->op: OP_INSTANCE:
RemoveOp:(spoon.support.reflect.code.CtAssignmentImpl) `factory = javax.xml.parsers.SAXParserFactory.newInstance() ` -topatch--> `-` (null) 
[56082] INFO main - Run previously failing tests...
[110958] INFO main - Failed tests: 1
[110968] INFO AstorCoreEngine - mod_point MP=org.apache.sling.xss.impl.XSSAPIImpl line: 67, pointed element: CtInvocationImpl
[110983] INFO AstorCoreEngine - -->op: OP_INSTANCE:
RemoveOp:(spoon.support.reflect.code.CtInvocationImpl) `factory.setNamespaceAware(true) ` -topatch--> `-` (null) 
[112557] INFO main - Run previously failing tests...
[168627] INFO main - Failed tests: 1
[168641] INFO AstorCoreEngine - Time Repair Loop (s): 115.947
[168641] INFO AstorCoreEngine - generationsexecuted: 1
[168656] WARN AstorCoreEngine - ----SUMMARY_EXECUTION---
[168656] WARN AstorCoreEngine - End Repair Search: NOT Found solution
[168656] WARN AstorCoreEngine - Number suspicious:1
[168660] INFO AstorCoreEngine - 
 --SOLUTIONS DESCRIPTION--


Astor Output:

General stats:
EXECUTION_IDENTIFIER=apache_sling-VUL4J-24
TOTAL_TIME=115.947
NR_GENERATIONS=null
NR_RIGHT_COMPILATIONS=2
NR_FAILLING_COMPILATIONS=null
NR_ERRONEOUS_VARIANCES=null
NR_FAILING_VALIDATION_PROCESS=null
OUTPUT_STATUS=EXHAUSTIVE_NAVIGATED

Patch stats:

[168693] INFO Stats - Storing ing JSON at /workdir/jKali_vul4j_apache_sling_VUL4J-24/./output_astor/AstorMain-apache_sling-VUL4J-24//astor_output.json
[168693] INFO Stats - astor_output:
{"general":{"NR_RIGHT_COMPILATIONS":2,"NR_ERRONEOUS_VARIANCES":null,"EXECUTION_IDENTIFIER":"apache_sling-VUL4J-24","OUTPUT_STATUS":"EXHAUSTIVE_NAVIGATED","NR_FAILLING_COMPILATIONS":null,"NR_GENERATIONS":null,"TOTAL_TIME":115.947,"NR_FAILING_VALIDATION_PROCESS":null},"patches":[]}
[168693] INFO AstorMain - Time Total(s): 168.68
139.01user 24.17system 2:50.37elapsed 95%CPU (0avgtext+0avgdata 465256maxresident)k
24inputs+3328outputs (0major+546623minor)pagefaults 0swaps


Node: 9670332cfea8



Date: Thu Sep  8 22:20:25 EDT 2022

