cd /workdir/jKali_vul4j_apache_struts_VUL4J-29;
export JAVA_TOOL_OPTIONS="-Dfile.encoding=UTF8 -Duser.language=en-US -Duser.country=US -Duser.language=en";
TZ="America/New_York"; export TZ;
export PATH="/usr/lib/jvm/java-8-openjdk-amd64/bin:$PATH";
export JAVA_HOME="/usr/lib/jvm/java-8-openjdk-amd64/bin";
time java -Xmx4g -Xms1g -XX:MaxPermSize=512m -cp /script/../libs/jtestex7.jar:/script/../repair_tools/astor.jar fr.inria.main.evolution.AstorMain \
	-mode jkali \
	-location . \
	-id apache_struts-VUL4J-29 \
	-failing org.apache.struts2.interceptor.CookieInterceptorTest#testCookiesWithStrutsInternalsAccess \
	-jvm4testexecution /usr/lib/jvm/jdk1.7.0_80/bin \
	-jvm4evosuitetestexecution /usr/lib/jvm/jdk1.7.0_80/bin \
	-maxgen 1000000 \
	-maxtime 120 \
	-stopfirst true \
	-seed 0 \
	-scope local \
	-population 1 \
	-javacompliancelevel 7 \
	-faultlocalization perfect \
    -perfectdata /script/../data/benchmarks/vul4j/perfectfl/VUL4J-29 \
    -validation externalcmd \
    -testfailingcmd "mvn test -pl core -Dtest=org.apache.struts2.interceptor.CookieInterceptorTest -Dhttps.protocols=TLSv1.2 -Denforcer.skip=true -Dcheckstyle.skip=true -Dcobertura.skip=true -DskipITs=true -Drat.skip=true -Dlicense.skip=true -Dpmd.skip=true -Dfindbugs.skip=true -Dgpg.skip=true -Dskip.npm=true -Dskip.gulp=true -Dskip.bower=true -Danimal.sniffer.skip=true -V -B" \
    -testallcmd "mvn test -pl core -Dhttps.protocols=TLSv1.2 -Denforcer.skip=true -Dcheckstyle.skip=true -Dcobertura.skip=true -DskipITs=true -Drat.skip=true -Dlicense.skip=true -Dpmd.skip=true -Dfindbugs.skip=true -Dgpg.skip=true -Dskip.npm=true -Dskip.gulp=true -Dskip.bower=true -Danimal.sniffer.skip=true -V -B"  \ \
	-srcjavafolder xwork-core/src/main/java \
	-srctestfolder xwork-core/src/test/java \
	-binjavafolder xwork-core/target/classes \
	-bintestfolder xwork-core/target/test-classes \
	-parameters x:x \
	-dependencies /root/.m2/repository/javassist/javassist/3.11.0.GA/javassist-3.11.0.GA.jar:/root/.m2/repository/org/springframework/spring-expression/3.0.5.RELEASE/spring-expression-3.0.5.RELEASE.jar:/root/.m2/repository/org/easymock/easymock/2.4/easymock-2.4.jar:/root/.m2/repository/org/springframework/spring-aop/3.0.5.RELEASE/spring-aop-3.0.5.RELEASE.jar:/root/.m2/repository/asm/asm-commons/3.3/asm-commons-3.3.jar:/root/.m2/repository/org/testng/testng/5.1/testng-5.1-jdk15.jar:/root/.m2/repository/asm/asm/3.3/asm-3.3.jar:/root/.m2/repository/asm/asm-tree/3.3/asm-tree-3.3.jar:/root/.m2/repository/org/springframework/spring-web/3.0.5.RELEASE/spring-web-3.0.5.RELEASE.jar:/root/.m2/repository/mockobjects/mockobjects-core/0.09/mockobjects-core-0.09.jar:/root/.m2/repository/org/apache/commons/commons-lang3/3.1/commons-lang3-3.1.jar:/root/.m2/repository/org/springframework/spring-context-support/3.0.5.RELEASE/spring-context-support-3.0.5.RELEASE.jar:/root/.m2/repository/cglib/cglib-nodep/2.1_3/cglib-nodep-2.1_3.jar:/root/.m2/repository/org/springframework/spring-aspects/3.0.5.RELEASE/spring-aspects-3.0.5.RELEASE.jar:/root/.m2/repository/junit/junit/4.8.2/junit-4.8.2.jar:/root/.m2/repository/aopalliance/aopalliance/1.0/aopalliance-1.0.jar:/root/.m2/repository/org/springframework/spring-test/3.0.5.RELEASE/spring-test-3.0.5.RELEASE.jar:/root/.m2/repository/org/springframework/spring-context/3.0.5.RELEASE/spring-context-3.0.5.RELEASE.jar:/root/.m2/repository/org/slf4j/slf4j-api/1.7.2/slf4j-api-1.7.2.jar:/root/.m2/repository/org/springframework/spring-core/3.0.5.RELEASE/spring-core-3.0.5.RELEASE.jar:/root/.m2/repository/org/springframework/spring-beans/3.0.5.RELEASE/spring-beans-3.0.5.RELEASE.jar:/root/.m2/repository/commons-io/commons-io/2.2/commons-io-2.2.jar:/root/.m2/repository/ognl/ognl/3.0.6/ognl-3.0.6.jar:/root/.m2/repository/org/springframework/spring-asm/3.0.5.RELEASE/spring-asm-3.0.5.RELEASE.jar:/root/.m2/repository/commons-logging/commons-logging/1.1.3/commons-logging-1.1.3.jar:/root/.m2/repository/org/slf4j/slf4j-simple/1.7.2/slf4j-simple-1.7.2.jar;
	echo "\n\nNode: `hostname`\n";
	echo "\n\nDate: `date`\n";
Picked up JAVA_TOOL_OPTIONS: -Dfile.encoding=UTF8 -Duser.language=en-US -Duser.country=US -Duser.language=en
OpenJDK 64-Bit Server VM warning: ignoring option MaxPermSize=512m; support was removed in 8.0
[0] INFO ProjectConfiguration - Version of the JVM used: 1.7.0_80
[1] INFO main - Java version of the JDK used to run tests: 1.7.0_80
[1] INFO main - The compliance of the JVM is:  7
[4] INFO main - command line arguments: [-mode  jkali  -location  .  -id  apache_struts-VUL4J-29  -failing  org.apache.struts2.interceptor.CookieInterceptorTest#testCookiesWithStrutsInternalsAccess  -jvm4testexecution  /usr/lib/jvm/jdk1.7.0_80/bin  -jvm4evosuitetestexecution  /usr/lib/jvm/jdk1.7.0_80/bin  -maxgen  1000000  -maxtime  120  -stopfirst  true  -seed  0  -scope  local  -population  1  -javacompliancelevel  7  -faultlocalization  perfect  -perfectdata  /script/../data/benchmarks/vul4j/perfectfl/VUL4J-29  -validation  externalcmd  -testfailingcmd  mvn test -pl core -Dtest=org.apache.struts2.interceptor.CookieInterceptorTest -Dhttps.protocols=TLSv1.2 -Denforcer.skip=true -Dcheckstyle.skip=true -Dcobertura.skip=true -DskipITs=true -Drat.skip=true -Dlicense.skip=true -Dpmd.skip=true -Dfindbugs.skip=true -Dgpg.skip=true -Dskip.npm=true -Dskip.gulp=true -Dskip.bower=true -Danimal.sniffer.skip=true -V -B  -testallcmd  mvn test -pl core -Dhttps.protocols=TLSv1.2 -Denforcer.skip=true -Dcheckstyle.skip=true -Dcobertura.skip=true -DskipITs=true -Drat.skip=true -Dlicense.skip=true -Dpmd.skip=true -Dfindbugs.skip=true -Dgpg.skip=true -Dskip.npm=true -Dskip.gulp=true -Dskip.bower=true -Danimal.sniffer.skip=true -V -B     -srcjavafolder  xwork-core/src/main/java  -srctestfolder  xwork-core/src/test/java  -binjavafolder  xwork-core/target/classes  -bintestfolder  xwork-core/target/test-classes  -parameters  x:x  -dependencies  /root/.m2/repository/javassist/javassist/3.11.0.GA/javassist-3.11.0.GA.jar:/root/.m2/repository/org/springframework/spring-expression/3.0.5.RELEASE/spring-expression-3.0.5.RELEASE.jar:/root/.m2/repository/org/easymock/easymock/2.4/easymock-2.4.jar:/root/.m2/repository/org/springframework/spring-aop/3.0.5.RELEASE/spring-aop-3.0.5.RELEASE.jar:/root/.m2/repository/asm/asm-commons/3.3/asm-commons-3.3.jar:/root/.m2/repository/org/testng/testng/5.1/testng-5.1-jdk15.jar:/root/.m2/repository/asm/asm/3.3/asm-3.3.jar:/root/.m2/repository/asm/asm-tree/3.3/asm-tree-3.3.jar:/root/.m2/repository/org/springframework/spring-web/3.0.5.RELEASE/spring-web-3.0.5.RELEASE.jar:/root/.m2/repository/mockobjects/mockobjects-core/0.09/mockobjects-core-0.09.jar:/root/.m2/repository/org/apache/commons/commons-lang3/3.1/commons-lang3-3.1.jar:/root/.m2/repository/org/springframework/spring-context-support/3.0.5.RELEASE/spring-context-support-3.0.5.RELEASE.jar:/root/.m2/repository/cglib/cglib-nodep/2.1_3/cglib-nodep-2.1_3.jar:/root/.m2/repository/org/springframework/spring-aspects/3.0.5.RELEASE/spring-aspects-3.0.5.RELEASE.jar:/root/.m2/repository/junit/junit/4.8.2/junit-4.8.2.jar:/root/.m2/repository/aopalliance/aopalliance/1.0/aopalliance-1.0.jar:/root/.m2/repository/org/springframework/spring-test/3.0.5.RELEASE/spring-test-3.0.5.RELEASE.jar:/root/.m2/repository/org/springframework/spring-context/3.0.5.RELEASE/spring-context-3.0.5.RELEASE.jar:/root/.m2/repository/org/slf4j/slf4j-api/1.7.2/slf4j-api-1.7.2.jar:/root/.m2/repository/org/springframework/spring-core/3.0.5.RELEASE/spring-core-3.0.5.RELEASE.jar:/root/.m2/repository/org/springframework/spring-beans/3.0.5.RELEASE/spring-beans-3.0.5.RELEASE.jar:/root/.m2/repository/commons-io/commons-io/2.2/commons-io-2.2.jar:/root/.m2/repository/ognl/ognl/3.0.6/ognl-3.0.6.jar:/root/.m2/repository/org/springframework/spring-asm/3.0.5.RELEASE/spring-asm-3.0.5.RELEASE.jar:/root/.m2/repository/commons-logging/commons-logging/1.1.3/commons-logging-1.1.3.jar:/root/.m2/repository/org/slf4j/slf4j-simple/1.7.2/slf4j-simple-1.7.2.jar]
[5] INFO AstorMain - Running Astor on a JDK at /usr/lib/jvm/java-8-openjdk-amd64/jre
[13] INFO main - Source folders: [/workdir/jKali_vul4j_apache_struts_VUL4J-29/./xwork-core/src/main/java]
[13] INFO main - Source Test folders: [/workdir/jKali_vul4j_apache_struts_VUL4J-29/./xwork-core/src/test/java]
[418] INFO AstorCoreEngine - ---- Creating spoon model
[436] INFO MutationSupporter - Creating model,  Code location from working folder: /workdir/jKali_vul4j_apache_struts_VUL4J-29/./xwork-core/src/main/java
[436] INFO MutationSupporter - building model: /workdir/jKali_vul4j_apache_struts_VUL4J-29/./xwork-core/src/main/java, compliance level: 7
[463] INFO MutationSupporter - Classpath (Dependencies) for building SpoonModel: [/root/.m2/repository/javassist/javassist/3.11.0.GA/javassist-3.11.0.GA.jar, /root/.m2/repository/org/springframework/spring-expression/3.0.5.RELEASE/spring-expression-3.0.5.RELEASE.jar, /root/.m2/repository/org/easymock/easymock/2.4/easymock-2.4.jar, /root/.m2/repository/org/springframework/spring-aop/3.0.5.RELEASE/spring-aop-3.0.5.RELEASE.jar, /root/.m2/repository/asm/asm-commons/3.3/asm-commons-3.3.jar, /root/.m2/repository/org/testng/testng/5.1/testng-5.1-jdk15.jar, /root/.m2/repository/asm/asm/3.3/asm-3.3.jar, /root/.m2/repository/asm/asm-tree/3.3/asm-tree-3.3.jar, /root/.m2/repository/org/springframework/spring-web/3.0.5.RELEASE/spring-web-3.0.5.RELEASE.jar, /root/.m2/repository/mockobjects/mockobjects-core/0.09/mockobjects-core-0.09.jar, /root/.m2/repository/org/apache/commons/commons-lang3/3.1/commons-lang3-3.1.jar, /root/.m2/repository/org/springframework/spring-context-support/3.0.5.RELEASE/spring-context-support-3.0.5.RELEASE.jar, /root/.m2/repository/cglib/cglib-nodep/2.1_3/cglib-nodep-2.1_3.jar, /root/.m2/repository/org/springframework/spring-aspects/3.0.5.RELEASE/spring-aspects-3.0.5.RELEASE.jar, /root/.m2/repository/junit/junit/4.8.2/junit-4.8.2.jar, /root/.m2/repository/aopalliance/aopalliance/1.0/aopalliance-1.0.jar, /root/.m2/repository/org/springframework/spring-test/3.0.5.RELEASE/spring-test-3.0.5.RELEASE.jar, /root/.m2/repository/org/springframework/spring-context/3.0.5.RELEASE/spring-context-3.0.5.RELEASE.jar, /root/.m2/repository/org/slf4j/slf4j-api/1.7.2/slf4j-api-1.7.2.jar, /root/.m2/repository/org/springframework/spring-core/3.0.5.RELEASE/spring-core-3.0.5.RELEASE.jar, /root/.m2/repository/org/springframework/spring-beans/3.0.5.RELEASE/spring-beans-3.0.5.RELEASE.jar, /root/.m2/repository/commons-io/commons-io/2.2/commons-io-2.2.jar, /root/.m2/repository/ognl/ognl/3.0.6/ognl-3.0.6.jar, /root/.m2/repository/org/springframework/spring-asm/3.0.5.RELEASE/spring-asm-3.0.5.RELEASE.jar, /root/.m2/repository/commons-logging/commons-logging/1.1.3/commons-logging-1.1.3.jar, /root/.m2/repository/org/slf4j/slf4j-simple/1.7.2/slf4j-simple-1.7.2.jar]
Exception in thread "main" java.lang.IncompatibleClassChangeError: Implementing class
	at java.lang.ClassLoader.defineClass1(Native Method)
	at java.lang.ClassLoader.defineClass(ClassLoader.java:756)
	at java.security.SecureClassLoader.defineClass(SecureClassLoader.java:142)
	at java.net.URLClassLoader.defineClass(URLClassLoader.java:473)
	at java.net.URLClassLoader.access$100(URLClassLoader.java:74)
	at java.net.URLClassLoader$1.run(URLClassLoader.java:369)
	at java.net.URLClassLoader$1.run(URLClassLoader.java:363)
	at java.security.AccessController.doPrivileged(Native Method)
	at java.net.URLClassLoader.findClass(URLClassLoader.java:362)
	at java.lang.ClassLoader.loadClass(ClassLoader.java:418)
	at java.lang.ClassLoader.loadClass(ClassLoader.java:351)
	at spoon.support.compiler.jdt.JDTImportBuilder.loadClass(JDTImportBuilder.java:169)
	at spoon.support.compiler.jdt.JDTImportBuilder.getOrLoadClass(JDTImportBuilder.java:149)
	at spoon.support.compiler.jdt.JDTImportBuilder.build(JDTImportBuilder.java:75)
	at spoon.support.compiler.jdt.JDTBasedSpoonCompiler.lambda$buildModel$1(JDTBasedSpoonCompiler.java:441)
	at spoon.support.compiler.jdt.JDTBasedSpoonCompiler.forEachCompilationUnit(JDTBasedSpoonCompiler.java:464)
	at spoon.support.compiler.jdt.JDTBasedSpoonCompiler.buildModel(JDTBasedSpoonCompiler.java:440)
	at spoon.support.compiler.jdt.JDTBasedSpoonCompiler.buildUnitsAndModel(JDTBasedSpoonCompiler.java:372)
	at spoon.support.compiler.jdt.JDTBasedSpoonCompiler.buildSources(JDTBasedSpoonCompiler.java:335)
	at spoon.support.compiler.jdt.JDTBasedSpoonCompiler.build(JDTBasedSpoonCompiler.java:116)
	at spoon.support.compiler.jdt.JDTBasedSpoonCompiler.build(JDTBasedSpoonCompiler.java:99)
	at fr.inria.astor.core.manipulation.MutationSupporter.buildModel(MutationSupporter.java:85)
	at fr.inria.astor.core.manipulation.MutationSupporter.buildSpoonModel(MutationSupporter.java:240)
	at fr.inria.astor.core.solutionsearch.AstorCoreEngine.initModel(AstorCoreEngine.java:775)
	at fr.inria.main.evolution.AstorMain.createEngine(AstorMain.java:113)
	at fr.inria.main.evolution.AstorMain.run(AstorMain.java:173)
	at fr.inria.main.evolution.AstorMain.execute(AstorMain.java:233)
	at fr.inria.main.evolution.AstorMain.main(AstorMain.java:204)
Command exited with non-zero status 1
8.78user 0.51system 0:05.02elapsed 184%CPU (0avgtext+0avgdata 489584maxresident)k
0inputs+15280outputs (0major+130030minor)pagefaults 0swaps


Node: 2c8178711f7b



Date: Tue Nov 29 06:28:47 EST 2022

