cd /workdir/Kali_vul4j_FasterXML_jackson-dataformat-xml_VUL4J-47;
export JAVA_TOOL_OPTIONS="-Dfile.encoding=UTF8 -Duser.language=en-US -Duser.country=US -Duser.language=en";
TZ="America/New_York"; export TZ;
export PATH="/usr/lib/jvm/jdk1.7.0_80/bin:$PATH";
export JAVA_HOME="/usr/lib/jvm/jdk1.7.0_80";
timeout 240m java -Xmx4g -Xms1g -XX:MaxPermSize=512m -cp /script/../libs/jmetal.jar:/script/../repair_tools/arja.jar us.msu.cse.repair.Main \
	Kali \
	-DexternalProjRoot /script/../libs/arja_external \
	-DprojectDir /workdir/Kali_vul4j_FasterXML_jackson-dataformat-xml_VUL4J-47 \
    -DtestFiltered false \
    -DrunTestCommand "mvn test -Dhttps.protocols=TLSv1.2 -Denforcer.skip=true -Dcheckstyle.skip=true -Dcobertura.skip=true -DskipITs=true -Drat.skip=true -Dlicense.skip=true -Dpmd.skip=true -Dfindbugs.skip=true -Dgpg.skip=true -Dskip.npm=true -Dskip.gulp=true -Dskip.bower=true -Danimal.sniffer.skip=true -V -B" \
	-DsrcJavaDir /workdir/Kali_vul4j_FasterXML_jackson-dataformat-xml_VUL4J-47/src/main/java \
	-DbinJavaDir /workdir/Kali_vul4j_FasterXML_jackson-dataformat-xml_VUL4J-47/target/classes \
	-DbinTestDir /workdir/Kali_vul4j_FasterXML_jackson-dataformat-xml_VUL4J-47/target/test-classes \
	-DdiffFormat true \
	-Dseed 0 \
	-DgzoltarDataDir /script/../data/benchmarks/vul4j/perfectfl/VUL4J-47 \
	-Ddependences /root/.m2/repository/com/fasterxml/jackson/core/jackson-annotations/2.7.0/jackson-annotations-2.7.0.jar:/root/.m2/repository/com/fasterxml/jackson/core/jackson-core/2.7.8/jackson-core-2.7.8.jar:/root/.m2/repository/com/fasterxml/jackson/core/jackson-databind/2.7.8/jackson-databind-2.7.8.jar:/root/.m2/repository/org/codehaus/woodstox/stax2-api/3.1.4/stax2-api-3.1.4.jar:/root/.m2/repository/junit/junit/4.12/junit-4.12.jar:/root/.m2/repository/com/fasterxml/woodstox/woodstox-core/5.0.2/woodstox-core-5.0.2.jar:/root/.m2/repository/com/fasterxml/jackson/module/jackson-module-jaxb-annotations/2.7.8/jackson-module-jaxb-annotations-2.7.8.jar:/root/.m2/repository/javax/xml/stream/stax-api/1.0-2/stax-api-1.0-2.jar:/root/.m2/repository/org/hamcrest/hamcrest-core/1.3/hamcrest-core-1.3.jar;
	echo "\n\nNode: `hostname`\n";
	echo "\n\nDate: `date`\n";
Picked up JAVA_TOOL_OPTIONS: -Dfile.encoding=UTF8 -Duser.language=en-US -Duser.country=US -Duser.language=en
Fault localization starts...
Number of positive tests: 140
Number of negative tests: 1
Negative tests: [com.fasterxml.jackson.dataformat.xml.SupportDTDDefaultsTest#testDTDAttempt]
Faulty Lines: 
com.fasterxml.jackson.dataformat.xml.XmlFactory#113:1.0
com.fasterxml.jackson.dataformat.xml.XmlFactory#115:1.0
Fault localization is finished!
AST parsing starts...
AST parsing is finished!
Detection of local variables starts...
Detection of local variables is finished!
Detection of fields starts...
Detection of fields is finished!
Detection of methods starts...
Detection of methods is finished!
Ingredient screener starts...
Ingredient screener is finished!
Initialization of manipulations starts...
Initialization of manipulations is finished!
Filtering of the tests starts...
Number of positive tests considered: 140
Filtering of the tests is finished!
----------------------------------
Patch Candidate:
@@ -110,7 +110,6 @@ public class XmlFactory extends JsonFactory
_xmlGeneratorFeatures = xgFeatures;
_cfgNameForTextElement = nameForTextElem;
if (xmlIn == null) {
-            xmlIn = XMLInputFactory.newInstance();
// as per [dataformat-xml#190], disable external entity expansion by default
xmlIn.setProperty(XMLInputFactory.IS_SUPPORTING_EXTERNAL_ENTITIES, Boolean.FALSE);
}
java.io.IOException: Stream closed
	at java.io.BufferedInputStream.getBufIfOpen(BufferedInputStream.java:162)
	at java.io.BufferedInputStream.read1(BufferedInputStream.java:272)
	at java.io.BufferedInputStream.read(BufferedInputStream.java:334)
	at sun.nio.cs.StreamDecoder.readBytes(StreamDecoder.java:283)
	at sun.nio.cs.StreamDecoder.implRead(StreamDecoder.java:325)
	at sun.nio.cs.StreamDecoder.read(StreamDecoder.java:177)
	at java.io.InputStreamReader.read(InputStreamReader.java:184)
	at java.io.BufferedReader.fill(BufferedReader.java:154)
	at java.io.BufferedReader.readLine(BufferedReader.java:317)
	at java.io.BufferedReader.readLine(BufferedReader.java:382)
	at us.msu.cse.repair.core.util.StreamReaderThread.run(StreamReaderThread.java:36)
java.lang.IllegalStateException: Exception Occurred
	at us.msu.cse.repair.core.testexecutors.RExternalTestExecutor.runShell(RExternalTestExecutor.java:108)
	at us.msu.cse.repair.core.testexecutors.RExternalTestExecutor.runTests(RExternalTestExecutor.java:64)
	at us.msu.cse.repair.algorithms.kali.Kali.invokeTestExecutor(Kali.java:149)
	at us.msu.cse.repair.algorithms.kali.Kali.deleteStatement(Kali.java:134)
	at us.msu.cse.repair.algorithms.kali.Kali.deleteStatement(Kali.java:118)
	at us.msu.cse.repair.algorithms.kali.Kali.execute(Kali.java:54)
	at us.msu.cse.repair.algorithms.kali.KaliAlgInterface.execute(KaliAlgInterface.java:24)
	at us.msu.cse.repair.core.AbstractRepairAlgorithm.execute(AbstractRepairAlgorithm.java:18)
	at us.msu.cse.repair.KaliMain.main(KaliMain.java:16)
	at us.msu.cse.repair.Main.main(Main.java:14)
java.lang.NullPointerException
	at us.msu.cse.repair.core.testexecutors.RExternalTestExecutor.runTests(RExternalTestExecutor.java:85)
	at us.msu.cse.repair.algorithms.kali.Kali.invokeTestExecutor(Kali.java:149)
	at us.msu.cse.repair.algorithms.kali.Kali.deleteStatement(Kali.java:134)
	at us.msu.cse.repair.algorithms.kali.Kali.deleteStatement(Kali.java:118)
	at us.msu.cse.repair.algorithms.kali.Kali.execute(Kali.java:54)
	at us.msu.cse.repair.algorithms.kali.KaliAlgInterface.execute(KaliAlgInterface.java:24)
	at us.msu.cse.repair.core.AbstractRepairAlgorithm.execute(AbstractRepairAlgorithm.java:18)
	at us.msu.cse.repair.KaliMain.main(KaliMain.java:16)
	at us.msu.cse.repair.Main.main(Main.java:14)


Node: 2c8178711f7b



Date: Fri Oct  7 08:57:02 EDT 2022

