cd /workdir/jKali_vul4j_spring-projects_spring-security_VUL4J-72;
export JAVA_TOOL_OPTIONS="-Dfile.encoding=UTF8 -Duser.language=en-US -Duser.country=US -Duser.language=en";
TZ="America/New_York"; export TZ;
export PATH="/usr/lib/jvm/java-8-openjdk-amd64/bin:$PATH";
export JAVA_HOME="/usr/lib/jvm/java-8-openjdk-amd64/bin";
time java -Xmx4g -Xms1g -XX:MaxPermSize=512m -cp /script/../libs/jtestex7.jar:/script/../repair_tools/astor.jar fr.inria.main.evolution.AstorMain \
	-mode jkali \
	-location . \
	-id spring-projects_spring-security-VUL4J-72 \
	-failing org.springframework.security.oauth2.jwt.JwtIssuerValidatorTests#testCVE_2018_15801 \
	-jvm4testexecution /usr/lib/jvm/java-8-openjdk-amd64/bin \
	-jvm4evosuitetestexecution /usr/lib/jvm/java-8-openjdk-amd64/bin \
	-maxgen 1000000 \
	-maxtime 120 \
	-stopfirst true \
	-seed 0 \
	-scope local \
	-population 1 \
	-javacompliancelevel 8 \
	-faultlocalization perfect \
    -perfectdata /script/../data/benchmarks/vul4j/perfectfl/VUL4J-72 \
    -validation externalcmd \
    -testfailingcmd "./gradlew :spring-security-oauth2-jose:test --tests org.springframework.security.oauth2.jwt.JwtIssuerValidatorTests.testCVE_2018_15801" \
    -testallcmd "./gradlew :spring-security-oauth2-jose:test"  \ \
	-srcjavafolder oauth2/oauth2-jose/src/main/java \
	-srctestfolder oauth2/oauth2-jose/src/test/java \
	-binjavafolder oauth2/oauth2-jose/build/classes/java/main \
	-bintestfolder oauth2/oauth2-jose/build/classes/java/test \
	-parameters x:x \
	-dependencies /workdir/jKali_vul4j_spring-projects_spring-security_VUL4J-72/oauth2/oauth2-jose/build/classes/java/test:/workdir/jKali_vul4j_spring-projects_spring-security_VUL4J-72/oauth2/oauth2-jose/build/resources/test:/workdir/jKali_vul4j_spring-projects_spring-security_VUL4J-72/oauth2/oauth2-jose/build/classes/java/main:/workdir/jKali_vul4j_spring-projects_spring-security_VUL4J-72/oauth2/oauth2-jose/build/resources/main:/workdir/jKali_vul4j_spring-projects_spring-security_VUL4J-72/oauth2/oauth2-core/build/libs/spring-security-oauth2-core-5.2.0.BUILD-SNAPSHOT.jar:/workdir/jKali_vul4j_spring-projects_spring-security_VUL4J-72/core/build/libs/spring-security-core-5.2.0.BUILD-SNAPSHOT.jar:/root/.gradle/caches/modules-2/files-2.1/org.springframework/spring-test/5.1.1.RELEASE/68f366d30689f517fbb8acbde3fbfc3eca5e45f6/spring-test-5.1.1.RELEASE.jar:/root/.gradle/caches/modules-2/files-2.1/org.springframework/spring-context/5.1.1.RELEASE/f1d8a23e90bf4f6532f0a4c868c55c0930d88108/spring-context-5.1.1.RELEASE.jar:/root/.gradle/caches/modules-2/files-2.1/org.springframework/spring-aop/5.1.1.RELEASE/d7b2873a244ea6bbe42e6f63a95b7e3b71817508/spring-aop-5.1.1.RELEASE.jar:/root/.gradle/caches/modules-2/files-2.1/org.springframework/spring-beans/5.1.1.RELEASE/b0f2d4c9b7cb3d94140df878635880302b67c403/spring-beans-5.1.1.RELEASE.jar:/root/.gradle/caches/modules-2/files-2.1/org.springframework/spring-expression/5.1.1.RELEASE/75979adece6da931d5d3718db0d253f14f249c26/spring-expression-5.1.1.RELEASE.jar:/root/.gradle/caches/modules-2/files-2.1/org.springframework/spring-core/5.1.1.RELEASE/b40766e482b9cc9cd3ed0958da0ed30202a284b4/spring-core-5.1.1.RELEASE.jar:/root/.gradle/caches/modules-2/files-2.1/com.nimbusds/nimbus-jose-jwt/6.0.2/81605278e5df1cf4c3774851649b85cade077fa5/nimbus-jose-jwt-6.0.2.jar:/root/.gradle/caches/modules-2/files-2.1/org.powermock/powermock-module-junit4/2.0.0-beta.5/4863d6a71361f1aaa7c162146646c50a47e97ee3/powermock-module-junit4-2.0.0-beta.5.jar:/root/.gradle/caches/modules-2/files-2.1/org.powermock/powermock-module-junit4-common/2.0.0-beta.5/cb845360267ab2dfac0ac1d59819501a66ccd139/powermock-module-junit4-common-2.0.0-beta.5.jar:/root/.gradle/caches/modules-2/files-2.1/com.squareup.okhttp3/mockwebserver/3.10.0/3bb03fab2fbdef497eff17a96ddf50f3e30fd1fe/mockwebserver-3.10.0.jar:/root/.gradle/caches/modules-2/files-2.1/junit/junit/4.12/2973d150c0dc1fefe998f834810d68f278ea58ec/junit-4.12.jar:/root/.gradle/caches/modules-2/files-2.1/org.powermock/powermock-api-mockito2/2.0.0-beta.5/5aadd697a176794368d6750aafe6d7525ddbcef8/powermock-api-mockito2-2.0.0-beta.5.jar:/root/.gradle/caches/modules-2/files-2.1/org.mockito/mockito-core/2.22.0/73d21198eea9e20af8e55260ec131b6fea9de917/mockito-core-2.22.0.jar:/root/.gradle/caches/modules-2/files-2.1/org.assertj/assertj-core/3.11.1/fdac3217b804d6900fa3650f17b5cb48e620b140/assertj-core-3.11.1.jar:/root/.gradle/caches/modules-2/files-2.1/org.powermock/powermock-api-support/2.0.0-beta.5/613616628925ecc461ed8b826e44b0c4928261e0/powermock-api-support-2.0.0-beta.5.jar:/root/.gradle/caches/modules-2/files-2.1/org.powermock/powermock-core/2.0.0-beta.5/3e148ed3b247bc856e8e067349983bbd4f047698/powermock-core-2.0.0-beta.5.jar:/root/.gradle/caches/modules-2/files-2.1/org.powermock/powermock-reflect/2.0.0-beta.5/4ea415348f15620783a1f26343d6732adfa86bc8/powermock-reflect-2.0.0-beta.5.jar:/root/.gradle/caches/modules-2/files-2.1/io.projectreactor.netty/reactor-netty/0.8.1.RELEASE/5ee316437cd75e4e6ff1e9c48b6aed81b2762901/reactor-netty-0.8.1.RELEASE.jar:/root/.gradle/caches/modules-2/files-2.1/com.fasterxml.jackson.core/jackson-databind/2.9.7/e6faad47abd3179666e89068485a1b88a195ceb7/jackson-databind-2.9.7.jar:/workdir/jKali_vul4j_spring-projects_spring-security_VUL4J-72/crypto/build/libs/spring-security-crypto-5.2.0.BUILD-SNAPSHOT.jar:/root/.gradle/caches/modules-2/files-2.1/org.springframework/spring-jcl/5.1.1.RELEASE/47f1e3654845260dad4308565464fb26be2fae5/spring-jcl-5.1.1.RELEASE.jar:/root/.gradle/caches/modules-2/files-2.1/com.github.stephenc.jcip/jcip-annotations/1.0-1/ef31541dd28ae2cefdd17c7ebf352d93e9058c63/jcip-annotations-1.0-1.jar:/root/.gradle/caches/modules-2/files-2.1/net.minidev/json-smart/2.3/7396407491352ce4fa30de92efb158adb76b5b/json-smart-2.3.jar:/root/.gradle/caches/modules-2/files-2.1/org.hamcrest/hamcrest-core/1.3/42a25dc3219429f0e5d060061f71acb49bf010a0/hamcrest-core-1.3.jar:/root/.gradle/caches/modules-2/files-2.1/net.bytebuddy/byte-buddy/1.8.3/c7625191ad0f190bd719f0aef54ece5fdf0e4a77/byte-buddy-1.8.3.jar:/root/.gradle/caches/modules-2/files-2.1/net.bytebuddy/byte-buddy-agent/1.8.3/897127e8724cbf38f72b4c85fe8e39e7ae00d688/byte-buddy-agent-1.8.3.jar:/root/.gradle/caches/modules-2/files-2.1/org.objenesis/objenesis/2.6/639033469776fd37c08358c6b92a4761feb2af4b/objenesis-2.6.jar:/root/.gradle/caches/modules-2/files-2.1/org.javassist/javassist/3.22.0-CR2/44eaf0990dea92f4bca4b9931b2239c0e8756ee7/javassist-3.22.0-CR2.jar:/root/.gradle/caches/modules-2/files-2.1/com.squareup.okhttp3/okhttp/3.9.0/1b6c10b5120995a7542c1a31b7828fb8593c8ba/okhttp-3.9.0.jar:/root/.gradle/caches/modules-2/files-2.1/org.bouncycastle/bcprov-jdk15on/1.58/2c9aa1c4e3372b447ba5daabade4adf2a2264b12/bcprov-jdk15on-1.58.jar:/root/.gradle/caches/modules-2/files-2.1/io.netty/netty-codec-http2/4.1.29.Final/e573656f141a54f808ba482213a3abca2f2c6e6d/netty-codec-http2-4.1.29.Final.jar:/root/.gradle/caches/modules-2/files-2.1/io.netty/netty-handler-proxy/4.1.29.Final/67e9473ac043b4d173ac9d620d43eb428ecc408a/netty-handler-proxy-4.1.29.Final.jar:/root/.gradle/caches/modules-2/files-2.1/io.netty/netty-codec-http/4.1.29.Final/454688b88cea27a4d407202d1fc79a6522345b5e/netty-codec-http-4.1.29.Final.jar:/root/.gradle/caches/modules-2/files-2.1/io.netty/netty-handler/4.1.29.Final/1acf1d94799296a2517533ec75ce7e155e9c4ea7/netty-handler-4.1.29.Final.jar:/root/.gradle/caches/modules-2/files-2.1/io.netty/netty-transport-native-epoll/4.1.29.Final/6a6f8c47911c4f5af0ae210c4c0db17d971f553f/netty-transport-native-epoll-4.1.29.Final-linux-x86_64.jar:/root/.gradle/caches/modules-2/files-2.1/io.projectreactor/reactor-core/3.2.1.RELEASE/7560fd565b04cde039611a9647d1bdac3af9897a/reactor-core-3.2.1.RELEASE.jar:/root/.gradle/caches/modules-2/files-2.1/com.fasterxml.jackson.core/jackson-annotations/2.9.7/4b838e5c4fc17ac02f3293e9a558bb781a51c46d/jackson-annotations-2.9.7.jar:/root/.gradle/caches/modules-2/files-2.1/com.fasterxml.jackson.core/jackson-core/2.9.7/4b7f0e0dc527fab032e9800ed231080fdc3ac015/jackson-core-2.9.7.jar:/root/.gradle/caches/modules-2/files-2.1/net.minidev/accessors-smart/1.2/c592b500269bfde36096641b01238a8350f8aa31/accessors-smart-1.2.jar:/root/.gradle/caches/modules-2/files-2.1/com.squareup.okio/okio/1.13.0/a9283170b7305c8d92d25aff02a6ab7e45d06cbe/okio-1.13.0.jar:/root/.gradle/caches/modules-2/files-2.1/io.netty/netty-codec-socks/4.1.29.Final/f687150259de44f0ff7b37a449f1a1bf6f20e992/netty-codec-socks-4.1.29.Final.jar:/root/.gradle/caches/modules-2/files-2.1/io.netty/netty-codec/4.1.29.Final/1651bc2e279216773c234cafe402d68d2a5adc90/netty-codec-4.1.29.Final.jar:/root/.gradle/caches/modules-2/files-2.1/io.netty/netty-transport-native-unix-common/4.1.29.Final/9c9f88ca57873b3c00489ae74fb80bb0cd02d986/netty-transport-native-unix-common-4.1.29.Final.jar:/root/.gradle/caches/modules-2/files-2.1/io.netty/netty-transport/4.1.29.Final/c190b90f70e2ae8a48c068afad709e8728fcaa39/netty-transport-4.1.29.Final.jar:/root/.gradle/caches/modules-2/files-2.1/io.netty/netty-buffer/4.1.29.Final/c3809f72e4b535b343b7dfa3c0c8210dad2fa5ea/netty-buffer-4.1.29.Final.jar:/root/.gradle/caches/modules-2/files-2.1/io.netty/netty-resolver/4.1.29.Final/bbec1dc913732e4773893c14d795b15d6c1e878e/netty-resolver-4.1.29.Final.jar:/root/.gradle/caches/modules-2/files-2.1/io.netty/netty-common/4.1.29.Final/a5d6a735ed07d8f197daa48db7f097cfc971ee5e/netty-common-4.1.29.Final.jar:/root/.gradle/caches/modules-2/files-2.1/org.reactivestreams/reactive-streams/1.0.1/1b1c911686eb40179219466e6a59b634b9d7a748/reactive-streams-1.0.1.jar:/root/.gradle/caches/modules-2/files-2.1/org.ow2.asm/asm/6.2.1/c01b6798f81b0fc2c5faa70cbe468c275d4b50c7/asm-6.2.1.jar:/root/.gradle/caches/modules-2/files-2.1/org.springframework/spring-webflux/5.1.1.RELEASE/ffb7be009341a335e2a8238dfb028492ad7f6ebf/spring-webflux-5.1.1.RELEASE.jar:/root/.gradle/caches/modules-2/files-2.1/org.springframework/spring-web/5.1.1.RELEASE/71407ea649738b7a054f21d388de39a99265463/spring-web-5.1.1.RELEASE.jar;
	echo "\n\nNode: `hostname`\n";
	echo "\n\nDate: `date`\n";
Picked up JAVA_TOOL_OPTIONS: -Dfile.encoding=UTF8 -Duser.language=en-US -Duser.country=US -Duser.language=en
OpenJDK 64-Bit Server VM warning: ignoring option MaxPermSize=512m; support was removed in 8.0
[0] INFO ProjectConfiguration - Version of the JVM used: 1.8.0_342
[0] INFO main - Java version of the JDK used to run tests: 1.8.0_342
[0] INFO main - The compliance of the JVM is:  8
[4] INFO main - command line arguments: [-mode  jkali  -location  .  -id  spring-projects_spring-security-VUL4J-72  -failing  org.springframework.security.oauth2.jwt.JwtIssuerValidatorTests#testCVE_2018_15801  -jvm4testexecution  /usr/lib/jvm/java-8-openjdk-amd64/bin  -jvm4evosuitetestexecution  /usr/lib/jvm/java-8-openjdk-amd64/bin  -maxgen  1000000  -maxtime  120  -stopfirst  true  -seed  0  -scope  local  -population  1  -javacompliancelevel  8  -faultlocalization  perfect  -perfectdata  /script/../data/benchmarks/vul4j/perfectfl/VUL4J-72  -validation  externalcmd  -testfailingcmd  ./gradlew :spring-security-oauth2-jose:test --tests org.springframework.security.oauth2.jwt.JwtIssuerValidatorTests.testCVE_2018_15801  -testallcmd  ./gradlew :spring-security-oauth2-jose:test     -srcjavafolder  oauth2/oauth2-jose/src/main/java  -srctestfolder  oauth2/oauth2-jose/src/test/java  -binjavafolder  oauth2/oauth2-jose/build/classes/java/main  -bintestfolder  oauth2/oauth2-jose/build/classes/java/test  -parameters  x:x  -dependencies  /workdir/jKali_vul4j_spring-projects_spring-security_VUL4J-72/oauth2/oauth2-jose/build/classes/java/test:/workdir/jKali_vul4j_spring-projects_spring-security_VUL4J-72/oauth2/oauth2-jose/build/resources/test:/workdir/jKali_vul4j_spring-projects_spring-security_VUL4J-72/oauth2/oauth2-jose/build/classes/java/main:/workdir/jKali_vul4j_spring-projects_spring-security_VUL4J-72/oauth2/oauth2-jose/build/resources/main:/workdir/jKali_vul4j_spring-projects_spring-security_VUL4J-72/oauth2/oauth2-core/build/libs/spring-security-oauth2-core-5.2.0.BUILD-SNAPSHOT.jar:/workdir/jKali_vul4j_spring-projects_spring-security_VUL4J-72/core/build/libs/spring-security-core-5.2.0.BUILD-SNAPSHOT.jar:/root/.gradle/caches/modules-2/files-2.1/org.springframework/spring-test/5.1.1.RELEASE/68f366d30689f517fbb8acbde3fbfc3eca5e45f6/spring-test-5.1.1.RELEASE.jar:/root/.gradle/caches/modules-2/files-2.1/org.springframework/spring-context/5.1.1.RELEASE/f1d8a23e90bf4f6532f0a4c868c55c0930d88108/spring-context-5.1.1.RELEASE.jar:/root/.gradle/caches/modules-2/files-2.1/org.springframework/spring-aop/5.1.1.RELEASE/d7b2873a244ea6bbe42e6f63a95b7e3b71817508/spring-aop-5.1.1.RELEASE.jar:/root/.gradle/caches/modules-2/files-2.1/org.springframework/spring-beans/5.1.1.RELEASE/b0f2d4c9b7cb3d94140df878635880302b67c403/spring-beans-5.1.1.RELEASE.jar:/root/.gradle/caches/modules-2/files-2.1/org.springframework/spring-expression/5.1.1.RELEASE/75979adece6da931d5d3718db0d253f14f249c26/spring-expression-5.1.1.RELEASE.jar:/root/.gradle/caches/modules-2/files-2.1/org.springframework/spring-core/5.1.1.RELEASE/b40766e482b9cc9cd3ed0958da0ed30202a284b4/spring-core-5.1.1.RELEASE.jar:/root/.gradle/caches/modules-2/files-2.1/com.nimbusds/nimbus-jose-jwt/6.0.2/81605278e5df1cf4c3774851649b85cade077fa5/nimbus-jose-jwt-6.0.2.jar:/root/.gradle/caches/modules-2/files-2.1/org.powermock/powermock-module-junit4/2.0.0-beta.5/4863d6a71361f1aaa7c162146646c50a47e97ee3/powermock-module-junit4-2.0.0-beta.5.jar:/root/.gradle/caches/modules-2/files-2.1/org.powermock/powermock-module-junit4-common/2.0.0-beta.5/cb845360267ab2dfac0ac1d59819501a66ccd139/powermock-module-junit4-common-2.0.0-beta.5.jar:/root/.gradle/caches/modules-2/files-2.1/com.squareup.okhttp3/mockwebserver/3.10.0/3bb03fab2fbdef497eff17a96ddf50f3e30fd1fe/mockwebserver-3.10.0.jar:/root/.gradle/caches/modules-2/files-2.1/junit/junit/4.12/2973d150c0dc1fefe998f834810d68f278ea58ec/junit-4.12.jar:/root/.gradle/caches/modules-2/files-2.1/org.powermock/powermock-api-mockito2/2.0.0-beta.5/5aadd697a176794368d6750aafe6d7525ddbcef8/powermock-api-mockito2-2.0.0-beta.5.jar:/root/.gradle/caches/modules-2/files-2.1/org.mockito/mockito-core/2.22.0/73d21198eea9e20af8e55260ec131b6fea9de917/mockito-core-2.22.0.jar:/root/.gradle/caches/modules-2/files-2.1/org.assertj/assertj-core/3.11.1/fdac3217b804d6900fa3650f17b5cb48e620b140/assertj-core-3.11.1.jar:/root/.gradle/caches/modules-2/files-2.1/org.powermock/powermock-api-support/2.0.0-beta.5/613616628925ecc461ed8b826e44b0c4928261e0/powermock-api-support-2.0.0-beta.5.jar:/root/.gradle/caches/modules-2/files-2.1/org.powermock/powermock-core/2.0.0-beta.5/3e148ed3b247bc856e8e067349983bbd4f047698/powermock-core-2.0.0-beta.5.jar:/root/.gradle/caches/modules-2/files-2.1/org.powermock/powermock-reflect/2.0.0-beta.5/4ea415348f15620783a1f26343d6732adfa86bc8/powermock-reflect-2.0.0-beta.5.jar:/root/.gradle/caches/modules-2/files-2.1/io.projectreactor.netty/reactor-netty/0.8.1.RELEASE/5ee316437cd75e4e6ff1e9c48b6aed81b2762901/reactor-netty-0.8.1.RELEASE.jar:/root/.gradle/caches/modules-2/files-2.1/com.fasterxml.jackson.core/jackson-databind/2.9.7/e6faad47abd3179666e89068485a1b88a195ceb7/jackson-databind-2.9.7.jar:/workdir/jKali_vul4j_spring-projects_spring-security_VUL4J-72/crypto/build/libs/spring-security-crypto-5.2.0.BUILD-SNAPSHOT.jar:/root/.gradle/caches/modules-2/files-2.1/org.springframework/spring-jcl/5.1.1.RELEASE/47f1e3654845260dad4308565464fb26be2fae5/spring-jcl-5.1.1.RELEASE.jar:/root/.gradle/caches/modules-2/files-2.1/com.github.stephenc.jcip/jcip-annotations/1.0-1/ef31541dd28ae2cefdd17c7ebf352d93e9058c63/jcip-annotations-1.0-1.jar:/root/.gradle/caches/modules-2/files-2.1/net.minidev/json-smart/2.3/7396407491352ce4fa30de92efb158adb76b5b/json-smart-2.3.jar:/root/.gradle/caches/modules-2/files-2.1/org.hamcrest/hamcrest-core/1.3/42a25dc3219429f0e5d060061f71acb49bf010a0/hamcrest-core-1.3.jar:/root/.gradle/caches/modules-2/files-2.1/net.bytebuddy/byte-buddy/1.8.3/c7625191ad0f190bd719f0aef54ece5fdf0e4a77/byte-buddy-1.8.3.jar:/root/.gradle/caches/modules-2/files-2.1/net.bytebuddy/byte-buddy-agent/1.8.3/897127e8724cbf38f72b4c85fe8e39e7ae00d688/byte-buddy-agent-1.8.3.jar:/root/.gradle/caches/modules-2/files-2.1/org.objenesis/objenesis/2.6/639033469776fd37c08358c6b92a4761feb2af4b/objenesis-2.6.jar:/root/.gradle/caches/modules-2/files-2.1/org.javassist/javassist/3.22.0-CR2/44eaf0990dea92f4bca4b9931b2239c0e8756ee7/javassist-3.22.0-CR2.jar:/root/.gradle/caches/modules-2/files-2.1/com.squareup.okhttp3/okhttp/3.9.0/1b6c10b5120995a7542c1a31b7828fb8593c8ba/okhttp-3.9.0.jar:/root/.gradle/caches/modules-2/files-2.1/org.bouncycastle/bcprov-jdk15on/1.58/2c9aa1c4e3372b447ba5daabade4adf2a2264b12/bcprov-jdk15on-1.58.jar:/root/.gradle/caches/modules-2/files-2.1/io.netty/netty-codec-http2/4.1.29.Final/e573656f141a54f808ba482213a3abca2f2c6e6d/netty-codec-http2-4.1.29.Final.jar:/root/.gradle/caches/modules-2/files-2.1/io.netty/netty-handler-proxy/4.1.29.Final/67e9473ac043b4d173ac9d620d43eb428ecc408a/netty-handler-proxy-4.1.29.Final.jar:/root/.gradle/caches/modules-2/files-2.1/io.netty/netty-codec-http/4.1.29.Final/454688b88cea27a4d407202d1fc79a6522345b5e/netty-codec-http-4.1.29.Final.jar:/root/.gradle/caches/modules-2/files-2.1/io.netty/netty-handler/4.1.29.Final/1acf1d94799296a2517533ec75ce7e155e9c4ea7/netty-handler-4.1.29.Final.jar:/root/.gradle/caches/modules-2/files-2.1/io.netty/netty-transport-native-epoll/4.1.29.Final/6a6f8c47911c4f5af0ae210c4c0db17d971f553f/netty-transport-native-epoll-4.1.29.Final-linux-x86_64.jar:/root/.gradle/caches/modules-2/files-2.1/io.projectreactor/reactor-core/3.2.1.RELEASE/7560fd565b04cde039611a9647d1bdac3af9897a/reactor-core-3.2.1.RELEASE.jar:/root/.gradle/caches/modules-2/files-2.1/com.fasterxml.jackson.core/jackson-annotations/2.9.7/4b838e5c4fc17ac02f3293e9a558bb781a51c46d/jackson-annotations-2.9.7.jar:/root/.gradle/caches/modules-2/files-2.1/com.fasterxml.jackson.core/jackson-core/2.9.7/4b7f0e0dc527fab032e9800ed231080fdc3ac015/jackson-core-2.9.7.jar:/root/.gradle/caches/modules-2/files-2.1/net.minidev/accessors-smart/1.2/c592b500269bfde36096641b01238a8350f8aa31/accessors-smart-1.2.jar:/root/.gradle/caches/modules-2/files-2.1/com.squareup.okio/okio/1.13.0/a9283170b7305c8d92d25aff02a6ab7e45d06cbe/okio-1.13.0.jar:/root/.gradle/caches/modules-2/files-2.1/io.netty/netty-codec-socks/4.1.29.Final/f687150259de44f0ff7b37a449f1a1bf6f20e992/netty-codec-socks-4.1.29.Final.jar:/root/.gradle/caches/modules-2/files-2.1/io.netty/netty-codec/4.1.29.Final/1651bc2e279216773c234cafe402d68d2a5adc90/netty-codec-4.1.29.Final.jar:/root/.gradle/caches/modules-2/files-2.1/io.netty/netty-transport-native-unix-common/4.1.29.Final/9c9f88ca57873b3c00489ae74fb80bb0cd02d986/netty-transport-native-unix-common-4.1.29.Final.jar:/root/.gradle/caches/modules-2/files-2.1/io.netty/netty-transport/4.1.29.Final/c190b90f70e2ae8a48c068afad709e8728fcaa39/netty-transport-4.1.29.Final.jar:/root/.gradle/caches/modules-2/files-2.1/io.netty/netty-buffer/4.1.29.Final/c3809f72e4b535b343b7dfa3c0c8210dad2fa5ea/netty-buffer-4.1.29.Final.jar:/root/.gradle/caches/modules-2/files-2.1/io.netty/netty-resolver/4.1.29.Final/bbec1dc913732e4773893c14d795b15d6c1e878e/netty-resolver-4.1.29.Final.jar:/root/.gradle/caches/modules-2/files-2.1/io.netty/netty-common/4.1.29.Final/a5d6a735ed07d8f197daa48db7f097cfc971ee5e/netty-common-4.1.29.Final.jar:/root/.gradle/caches/modules-2/files-2.1/org.reactivestreams/reactive-streams/1.0.1/1b1c911686eb40179219466e6a59b634b9d7a748/reactive-streams-1.0.1.jar:/root/.gradle/caches/modules-2/files-2.1/org.ow2.asm/asm/6.2.1/c01b6798f81b0fc2c5faa70cbe468c275d4b50c7/asm-6.2.1.jar:/root/.gradle/caches/modules-2/files-2.1/org.springframework/spring-webflux/5.1.1.RELEASE/ffb7be009341a335e2a8238dfb028492ad7f6ebf/spring-webflux-5.1.1.RELEASE.jar:/root/.gradle/caches/modules-2/files-2.1/org.springframework/spring-web/5.1.1.RELEASE/71407ea649738b7a054f21d388de39a99265463/spring-web-5.1.1.RELEASE.jar]
[14] INFO AstorMain - Running Astor on a JDK at /usr/lib/jvm/java-8-openjdk-amd64/jre
[29] INFO main - Source folders: [/workdir/jKali_vul4j_spring-projects_spring-security_VUL4J-72/./oauth2/oauth2-jose/src/main/java]
[41] INFO main - Source Test folders: [/workdir/jKali_vul4j_spring-projects_spring-security_VUL4J-72/./oauth2/oauth2-jose/src/test/java]
[1269] INFO AstorCoreEngine - ---- Creating spoon model
[1405] INFO MutationSupporter - Creating model,  Code location from working folder: /workdir/jKali_vul4j_spring-projects_spring-security_VUL4J-72/./oauth2/oauth2-jose/src/main/java
[1405] INFO MutationSupporter - building model: /workdir/jKali_vul4j_spring-projects_spring-security_VUL4J-72/./oauth2/oauth2-jose/src/main/java, compliance level: 8
[1499] INFO MutationSupporter - Classpath (Dependencies) for building SpoonModel: [/workdir/jKali_vul4j_spring-projects_spring-security_VUL4J-72/oauth2/oauth2-jose/build/classes/java/test/, /workdir/jKali_vul4j_spring-projects_spring-security_VUL4J-72/oauth2/oauth2-jose/build/classes/java/main/, /workdir/jKali_vul4j_spring-projects_spring-security_VUL4J-72/oauth2/oauth2-core/build/libs/spring-security-oauth2-core-5.2.0.BUILD-SNAPSHOT.jar, /workdir/jKali_vul4j_spring-projects_spring-security_VUL4J-72/core/build/libs/spring-security-core-5.2.0.BUILD-SNAPSHOT.jar, /root/.gradle/caches/modules-2/files-2.1/org.springframework/spring-test/5.1.1.RELEASE/68f366d30689f517fbb8acbde3fbfc3eca5e45f6/spring-test-5.1.1.RELEASE.jar, /root/.gradle/caches/modules-2/files-2.1/org.springframework/spring-context/5.1.1.RELEASE/f1d8a23e90bf4f6532f0a4c868c55c0930d88108/spring-context-5.1.1.RELEASE.jar, /root/.gradle/caches/modules-2/files-2.1/org.springframework/spring-aop/5.1.1.RELEASE/d7b2873a244ea6bbe42e6f63a95b7e3b71817508/spring-aop-5.1.1.RELEASE.jar, /root/.gradle/caches/modules-2/files-2.1/org.springframework/spring-beans/5.1.1.RELEASE/b0f2d4c9b7cb3d94140df878635880302b67c403/spring-beans-5.1.1.RELEASE.jar, /root/.gradle/caches/modules-2/files-2.1/org.springframework/spring-expression/5.1.1.RELEASE/75979adece6da931d5d3718db0d253f14f249c26/spring-expression-5.1.1.RELEASE.jar, /root/.gradle/caches/modules-2/files-2.1/org.springframework/spring-core/5.1.1.RELEASE/b40766e482b9cc9cd3ed0958da0ed30202a284b4/spring-core-5.1.1.RELEASE.jar, /root/.gradle/caches/modules-2/files-2.1/com.nimbusds/nimbus-jose-jwt/6.0.2/81605278e5df1cf4c3774851649b85cade077fa5/nimbus-jose-jwt-6.0.2.jar, /root/.gradle/caches/modules-2/files-2.1/org.powermock/powermock-module-junit4/2.0.0-beta.5/4863d6a71361f1aaa7c162146646c50a47e97ee3/powermock-module-junit4-2.0.0-beta.5.jar, /root/.gradle/caches/modules-2/files-2.1/org.powermock/powermock-module-junit4-common/2.0.0-beta.5/cb845360267ab2dfac0ac1d59819501a66ccd139/powermock-module-junit4-common-2.0.0-beta.5.jar, /root/.gradle/caches/modules-2/files-2.1/com.squareup.okhttp3/mockwebserver/3.10.0/3bb03fab2fbdef497eff17a96ddf50f3e30fd1fe/mockwebserver-3.10.0.jar, /root/.gradle/caches/modules-2/files-2.1/junit/junit/4.12/2973d150c0dc1fefe998f834810d68f278ea58ec/junit-4.12.jar, /root/.gradle/caches/modules-2/files-2.1/org.powermock/powermock-api-mockito2/2.0.0-beta.5/5aadd697a176794368d6750aafe6d7525ddbcef8/powermock-api-mockito2-2.0.0-beta.5.jar, /root/.gradle/caches/modules-2/files-2.1/org.mockito/mockito-core/2.22.0/73d21198eea9e20af8e55260ec131b6fea9de917/mockito-core-2.22.0.jar, /root/.gradle/caches/modules-2/files-2.1/org.assertj/assertj-core/3.11.1/fdac3217b804d6900fa3650f17b5cb48e620b140/assertj-core-3.11.1.jar, /root/.gradle/caches/modules-2/files-2.1/org.powermock/powermock-api-support/2.0.0-beta.5/613616628925ecc461ed8b826e44b0c4928261e0/powermock-api-support-2.0.0-beta.5.jar, /root/.gradle/caches/modules-2/files-2.1/org.powermock/powermock-core/2.0.0-beta.5/3e148ed3b247bc856e8e067349983bbd4f047698/powermock-core-2.0.0-beta.5.jar, /root/.gradle/caches/modules-2/files-2.1/org.powermock/powermock-reflect/2.0.0-beta.5/4ea415348f15620783a1f26343d6732adfa86bc8/powermock-reflect-2.0.0-beta.5.jar, /root/.gradle/caches/modules-2/files-2.1/io.projectreactor.netty/reactor-netty/0.8.1.RELEASE/5ee316437cd75e4e6ff1e9c48b6aed81b2762901/reactor-netty-0.8.1.RELEASE.jar, /root/.gradle/caches/modules-2/files-2.1/com.fasterxml.jackson.core/jackson-databind/2.9.7/e6faad47abd3179666e89068485a1b88a195ceb7/jackson-databind-2.9.7.jar, /workdir/jKali_vul4j_spring-projects_spring-security_VUL4J-72/crypto/build/libs/spring-security-crypto-5.2.0.BUILD-SNAPSHOT.jar, /root/.gradle/caches/modules-2/files-2.1/org.springframework/spring-jcl/5.1.1.RELEASE/47f1e3654845260dad4308565464fb26be2fae5/spring-jcl-5.1.1.RELEASE.jar, /root/.gradle/caches/modules-2/files-2.1/com.github.stephenc.jcip/jcip-annotations/1.0-1/ef31541dd28ae2cefdd17c7ebf352d93e9058c63/jcip-annotations-1.0-1.jar, /root/.gradle/caches/modules-2/files-2.1/net.minidev/json-smart/2.3/7396407491352ce4fa30de92efb158adb76b5b/json-smart-2.3.jar, /root/.gradle/caches/modules-2/files-2.1/org.hamcrest/hamcrest-core/1.3/42a25dc3219429f0e5d060061f71acb49bf010a0/hamcrest-core-1.3.jar, /root/.gradle/caches/modules-2/files-2.1/net.bytebuddy/byte-buddy/1.8.3/c7625191ad0f190bd719f0aef54ece5fdf0e4a77/byte-buddy-1.8.3.jar, /root/.gradle/caches/modules-2/files-2.1/net.bytebuddy/byte-buddy-agent/1.8.3/897127e8724cbf38f72b4c85fe8e39e7ae00d688/byte-buddy-agent-1.8.3.jar, /root/.gradle/caches/modules-2/files-2.1/org.objenesis/objenesis/2.6/639033469776fd37c08358c6b92a4761feb2af4b/objenesis-2.6.jar, /root/.gradle/caches/modules-2/files-2.1/org.javassist/javassist/3.22.0-CR2/44eaf0990dea92f4bca4b9931b2239c0e8756ee7/javassist-3.22.0-CR2.jar, /root/.gradle/caches/modules-2/files-2.1/com.squareup.okhttp3/okhttp/3.9.0/1b6c10b5120995a7542c1a31b7828fb8593c8ba/okhttp-3.9.0.jar, /root/.gradle/caches/modules-2/files-2.1/org.bouncycastle/bcprov-jdk15on/1.58/2c9aa1c4e3372b447ba5daabade4adf2a2264b12/bcprov-jdk15on-1.58.jar, /root/.gradle/caches/modules-2/files-2.1/io.netty/netty-codec-http2/4.1.29.Final/e573656f141a54f808ba482213a3abca2f2c6e6d/netty-codec-http2-4.1.29.Final.jar, /root/.gradle/caches/modules-2/files-2.1/io.netty/netty-handler-proxy/4.1.29.Final/67e9473ac043b4d173ac9d620d43eb428ecc408a/netty-handler-proxy-4.1.29.Final.jar, /root/.gradle/caches/modules-2/files-2.1/io.netty/netty-codec-http/4.1.29.Final/454688b88cea27a4d407202d1fc79a6522345b5e/netty-codec-http-4.1.29.Final.jar, /root/.gradle/caches/modules-2/files-2.1/io.netty/netty-handler/4.1.29.Final/1acf1d94799296a2517533ec75ce7e155e9c4ea7/netty-handler-4.1.29.Final.jar, /root/.gradle/caches/modules-2/files-2.1/io.netty/netty-transport-native-epoll/4.1.29.Final/6a6f8c47911c4f5af0ae210c4c0db17d971f553f/netty-transport-native-epoll-4.1.29.Final-linux-x86_64.jar, /root/.gradle/caches/modules-2/files-2.1/io.projectreactor/reactor-core/3.2.1.RELEASE/7560fd565b04cde039611a9647d1bdac3af9897a/reactor-core-3.2.1.RELEASE.jar, /root/.gradle/caches/modules-2/files-2.1/com.fasterxml.jackson.core/jackson-annotations/2.9.7/4b838e5c4fc17ac02f3293e9a558bb781a51c46d/jackson-annotations-2.9.7.jar, /root/.gradle/caches/modules-2/files-2.1/com.fasterxml.jackson.core/jackson-core/2.9.7/4b7f0e0dc527fab032e9800ed231080fdc3ac015/jackson-core-2.9.7.jar, /root/.gradle/caches/modules-2/files-2.1/net.minidev/accessors-smart/1.2/c592b500269bfde36096641b01238a8350f8aa31/accessors-smart-1.2.jar, /root/.gradle/caches/modules-2/files-2.1/com.squareup.okio/okio/1.13.0/a9283170b7305c8d92d25aff02a6ab7e45d06cbe/okio-1.13.0.jar, /root/.gradle/caches/modules-2/files-2.1/io.netty/netty-codec-socks/4.1.29.Final/f687150259de44f0ff7b37a449f1a1bf6f20e992/netty-codec-socks-4.1.29.Final.jar, /root/.gradle/caches/modules-2/files-2.1/io.netty/netty-codec/4.1.29.Final/1651bc2e279216773c234cafe402d68d2a5adc90/netty-codec-4.1.29.Final.jar, /root/.gradle/caches/modules-2/files-2.1/io.netty/netty-transport-native-unix-common/4.1.29.Final/9c9f88ca57873b3c00489ae74fb80bb0cd02d986/netty-transport-native-unix-common-4.1.29.Final.jar, /root/.gradle/caches/modules-2/files-2.1/io.netty/netty-transport/4.1.29.Final/c190b90f70e2ae8a48c068afad709e8728fcaa39/netty-transport-4.1.29.Final.jar, /root/.gradle/caches/modules-2/files-2.1/io.netty/netty-buffer/4.1.29.Final/c3809f72e4b535b343b7dfa3c0c8210dad2fa5ea/netty-buffer-4.1.29.Final.jar, /root/.gradle/caches/modules-2/files-2.1/io.netty/netty-resolver/4.1.29.Final/bbec1dc913732e4773893c14d795b15d6c1e878e/netty-resolver-4.1.29.Final.jar, /root/.gradle/caches/modules-2/files-2.1/io.netty/netty-common/4.1.29.Final/a5d6a735ed07d8f197daa48db7f097cfc971ee5e/netty-common-4.1.29.Final.jar, /root/.gradle/caches/modules-2/files-2.1/org.reactivestreams/reactive-streams/1.0.1/1b1c911686eb40179219466e6a59b634b9d7a748/reactive-streams-1.0.1.jar, /root/.gradle/caches/modules-2/files-2.1/org.ow2.asm/asm/6.2.1/c01b6798f81b0fc2c5faa70cbe468c275d4b50c7/asm-6.2.1.jar, /root/.gradle/caches/modules-2/files-2.1/org.springframework/spring-webflux/5.1.1.RELEASE/ffb7be009341a335e2a8238dfb028492ad7f6ebf/spring-webflux-5.1.1.RELEASE.jar, /root/.gradle/caches/modules-2/files-2.1/org.springframework/spring-web/5.1.1.RELEASE/71407ea649738b7a054f21d388de39a99265463/spring-web-5.1.1.RELEASE.jar]
[9438] INFO AstorCoreEngine - Number of CtTypes created: 22
[9480] INFO AstorCoreEngine - Test retrieved from classes: 0
[9607] INFO AstorCoreEngine - Setting up the max to 1270 milliseconds (1 sec)
[9607] INFO AstorCoreEngine - ---- Initial suspicious size: 1
[10244] INFO main - Total suspicious from FL: 1,  1
[10244] INFO main - Total ModPoint created: 1
[10244] INFO main - Creating program variant #1, [Variant id: 1, #gens: 1, #ops: 0, parent:-]
[10245] INFO main - Run previously failing tests...
[102313] INFO main - Failed tests: 1
[102317] INFO AstorCoreEngine - The original fitness is : 1.0
[102317] WARN ConfigurationProperties - ----------------------------
[102318] INFO ConfigurationProperties - ---Configuration properties
[102319] INFO ConfigurationProperties - p:lastJUnitVersion= ./examples/libs/junit-4.11.jar
[102320] INFO ConfigurationProperties - p:alternativecompliancelevel= 8
[102320] INFO ConfigurationProperties - p:ignoredTestCases= 
[102320] INFO ConfigurationProperties - p:workingDirectory= /workdir/jKali_vul4j_spring-projects_spring-security_VUL4J-72/./output_astor
[102320] INFO ConfigurationProperties - p:manipulatesuper= false
[102320] INFO ConfigurationProperties - p:validation= externalcmd
[102320] INFO ConfigurationProperties - p:jvm4testexecution= /usr/lib/jvm/java-8-openjdk-amd64/bin
[102320] INFO ConfigurationProperties - p:operatorspace= suppression
[102320] INFO ConfigurationProperties - p:diffcontext= 0
[102320] INFO ConfigurationProperties - p:binjavafolder= oauth2/oauth2-jose/build/classes/java/main
[102320] INFO ConfigurationProperties - p:synthesis_depth= 3
[102320] INFO ConfigurationProperties - p:gzoltartestpackagetoexclude= junit.framework
[102320] INFO ConfigurationProperties - p:skipfitnessinitialpopulation= false
[102320] INFO ConfigurationProperties - p:evosuiteresultfolder= evosuite
[102320] INFO ConfigurationProperties - p:flthreshold= 0.1
[102320] INFO ConfigurationProperties - p:regressionforfaultlocalization= true
[102320] INFO ConfigurationProperties - p:collectonlyusedmethod= false
[102320] INFO ConfigurationProperties - p:preservelinenumbers= true
[102320] INFO ConfigurationProperties - p:tmax2= 1270
[102320] INFO ConfigurationProperties - p:tmax1= 10000
[102320] INFO ConfigurationProperties - p:probagenmutation= false
[102321] INFO ConfigurationProperties - p:nomodificationconvergence= 100
[102321] INFO ConfigurationProperties - p:diff_type= relative
[102330] INFO ConfigurationProperties - p:targetelementprocessor= statements
[102330] INFO ConfigurationProperties - p:srctestfolder= oauth2/oauth2-jose/src/test/java
[102330] INFO ConfigurationProperties - p:forceExecuteRegression= false
[102330] INFO ConfigurationProperties - p:clusteringfilename= clustering.csv
[102330] INFO ConfigurationProperties - p:failing= org.springframework.security.oauth2.jwt.JwtIssuerValidatorTests#testCVE_2018_15801
[102330] INFO ConfigurationProperties - p:logtestexecution= false
[102332] INFO ConfigurationProperties - p:evo_buggy_class= true
[102332] INFO ConfigurationProperties - p:numberExecutions= 1
[102332] INFO ConfigurationProperties - p:maxnumbersolutions= 1000000
[102332] INFO ConfigurationProperties - p:evo_affected_by_op= true
[102332] INFO ConfigurationProperties - p:population= 1
[102332] INFO ConfigurationProperties - p:considerzerovaluesusp= false
[102339] INFO ConfigurationProperties - p:maxCombinationVariableLimit= false
[102339] INFO ConfigurationProperties - p:savesolution= true
[102339] INFO ConfigurationProperties - p:javacompliancelevel= 8
[102339] INFO ConfigurationProperties - p:x= x
[102339] INFO ConfigurationProperties - p:uniqueoptogen= false
[102339] INFO ConfigurationProperties - p:gzoltarpackagetonotinstrument= junit.framework
[102341] INFO ConfigurationProperties - p:projectIdentifier= spring-projects_spring-security-VUL4J-72
[102342] INFO ConfigurationProperties - p:modificationpointnavigation= weight
[102342] INFO ConfigurationProperties - p:stopfirst= true
[102342] INFO ConfigurationProperties - p:multipointmodification= false
[102342] INFO ConfigurationProperties - p:elementsToMutate= 10
[102342] INFO ConfigurationProperties - p:jsonoutputname= astor_output
[102343] INFO ConfigurationProperties - p:evoDSE= false
[102343] INFO ConfigurationProperties - p:bintestfolder= oauth2/oauth2-jose/build/classes/java/test
[102343] INFO ConfigurationProperties - p:testbystep= false
[102343] INFO ConfigurationProperties - p:version-location= ./math-version/
[102343] INFO ConfigurationProperties - p:reintroduce= PARENTS:ORIGINAL
[102353] INFO ConfigurationProperties - p:perfectdata= /script/../data/benchmarks/vul4j/perfectfl/VUL4J-72
[102353] INFO ConfigurationProperties - p:executorjar= ./lib/jtestex7.jar
[102353] INFO ConfigurationProperties - p:maxGeneration= 1000000
[102353] INFO ConfigurationProperties - p:max_synthesis_step= 10000
[102354] INFO ConfigurationProperties - p:projectinfocommand= com.github.tdurieux:project-config-maven-plugin:info
[102354] INFO ConfigurationProperties - p:maxVarCombination= 1000
[102354] INFO ConfigurationProperties - p:maxtime= 120
[102354] INFO ConfigurationProperties - p:evosuitejar= ./lib/evosuite-master-1.0.4-SNAPSHOT.jar
[102354] INFO ConfigurationProperties - p:jvmversion= 1.8.0_342
[102354] INFO ConfigurationProperties - p:commandTrunk= 50000
[102354] INFO ConfigurationProperties - p:faultlocalization= perfect
[102357] INFO ConfigurationProperties - p:resetmodel= true
[102357] INFO ConfigurationProperties - p:maxsuspcandidates= 1000
[102357] INFO ConfigurationProperties - p:mode= jkali
[102358] INFO ConfigurationProperties - p:learningdir= 
[102358] INFO ConfigurationProperties - p:jvm4evosuitetestexecution= /usr/lib/jvm/java-8-openjdk-amd64/bin
[102358] INFO ConfigurationProperties - p:filterfaultlocalization= true
[102358] INFO ConfigurationProperties - p:mutationrate= 1 
[102358] INFO ConfigurationProperties - p:pathToMVNRepository= 
[102358] INFO ConfigurationProperties - p:resourcesfolder= /src/main/resources:/src/test/resources:
[102358] INFO ConfigurationProperties - p:timezone= America/Los_Angeles
[102358] INFO ConfigurationProperties - p:runjava7code= false
[102358] INFO ConfigurationProperties - p:testfailingcmd= ./gradlew :spring-security-oauth2-jose:test --tests org.springframework.security.oauth2.jwt.JwtIssuerValidatorTests.testCVE_2018_15801
[102358] INFO ConfigurationProperties - p:evoRunOnBuggyClass= true
[102358] INFO ConfigurationProperties - p:compiler= fr.inria.astor.core.manipulation.bytecode.compiler.SpoonClassCompiler
[102359] INFO ConfigurationProperties - p:limitbysuspicious= true
[102359] INFO ConfigurationProperties - p:logsattemps= true
[102359] INFO ConfigurationProperties - p:dependenciespath= /workdir/jKali_vul4j_spring-projects_spring-security_VUL4J-72/oauth2/oauth2-jose/build/classes/java/test:/workdir/jKali_vul4j_spring-projects_spring-security_VUL4J-72/oauth2/oauth2-jose/build/resources/test:/workdir/jKali_vul4j_spring-projects_spring-security_VUL4J-72/oauth2/oauth2-jose/build/classes/java/main:/workdir/jKali_vul4j_spring-projects_spring-security_VUL4J-72/oauth2/oauth2-jose/build/resources/main:/workdir/jKali_vul4j_spring-projects_spring-security_VUL4J-72/oauth2/oauth2-core/build/libs/spring-security-oauth2-core-5.2.0.BUILD-SNAPSHOT.jar:/workdir/jKali_vul4j_spring-projects_spring-security_VUL4J-72/core/build/libs/spring-security-core-5.2.0.BUILD-SNAPSHOT.jar:/root/.gradle/caches/modules-2/files-2.1/org.springframework/spring-test/5.1.1.RELEASE/68f366d30689f517fbb8acbde3fbfc3eca5e45f6/spring-test-5.1.1.RELEASE.jar:/root/.gradle/caches/modules-2/files-2.1/org.springframework/spring-context/5.1.1.RELEASE/f1d8a23e90bf4f6532f0a4c868c55c0930d88108/spring-context-5.1.1.RELEASE.jar:/root/.gradle/caches/modules-2/files-2.1/org.springframework/spring-aop/5.1.1.RELEASE/d7b2873a244ea6bbe42e6f63a95b7e3b71817508/spring-aop-5.1.1.RELEASE.jar:/root/.gradle/caches/modules-2/files-2.1/org.springframework/spring-beans/5.1.1.RELEASE/b0f2d4c9b7cb3d94140df878635880302b67c403/spring-beans-5.1.1.RELEASE.jar:/root/.gradle/caches/modules-2/files-2.1/org.springframework/spring-expression/5.1.1.RELEASE/75979adece6da931d5d3718db0d253f14f249c26/spring-expression-5.1.1.RELEASE.jar:/root/.gradle/caches/modules-2/files-2.1/org.springframework/spring-core/5.1.1.RELEASE/b40766e482b9cc9cd3ed0958da0ed30202a284b4/spring-core-5.1.1.RELEASE.jar:/root/.gradle/caches/modules-2/files-2.1/com.nimbusds/nimbus-jose-jwt/6.0.2/81605278e5df1cf4c3774851649b85cade077fa5/nimbus-jose-jwt-6.0.2.jar:/root/.gradle/caches/modules-2/files-2.1/org.powermock/powermock-module-junit4/2.0.0-beta.5/4863d6a71361f1aaa7c162146646c50a47e97ee3/powermock-module-junit4-2.0.0-beta.5.jar:/root/.gradle/caches/modules-2/files-2.1/org.powermock/powermock-module-junit4-common/2.0.0-beta.5/cb845360267ab2dfac0ac1d59819501a66ccd139/powermock-module-junit4-common-2.0.0-beta.5.jar:/root/.gradle/caches/modules-2/files-2.1/com.squareup.okhttp3/mockwebserver/3.10.0/3bb03fab2fbdef497eff17a96ddf50f3e30fd1fe/mockwebserver-3.10.0.jar:/root/.gradle/caches/modules-2/files-2.1/junit/junit/4.12/2973d150c0dc1fefe998f834810d68f278ea58ec/junit-4.12.jar:/root/.gradle/caches/modules-2/files-2.1/org.powermock/powermock-api-mockito2/2.0.0-beta.5/5aadd697a176794368d6750aafe6d7525ddbcef8/powermock-api-mockito2-2.0.0-beta.5.jar:/root/.gradle/caches/modules-2/files-2.1/org.mockito/mockito-core/2.22.0/73d21198eea9e20af8e55260ec131b6fea9de917/mockito-core-2.22.0.jar:/root/.gradle/caches/modules-2/files-2.1/org.assertj/assertj-core/3.11.1/fdac3217b804d6900fa3650f17b5cb48e620b140/assertj-core-3.11.1.jar:/root/.gradle/caches/modules-2/files-2.1/org.powermock/powermock-api-support/2.0.0-beta.5/613616628925ecc461ed8b826e44b0c4928261e0/powermock-api-support-2.0.0-beta.5.jar:/root/.gradle/caches/modules-2/files-2.1/org.powermock/powermock-core/2.0.0-beta.5/3e148ed3b247bc856e8e067349983bbd4f047698/powermock-core-2.0.0-beta.5.jar:/root/.gradle/caches/modules-2/files-2.1/org.powermock/powermock-reflect/2.0.0-beta.5/4ea415348f15620783a1f26343d6732adfa86bc8/powermock-reflect-2.0.0-beta.5.jar:/root/.gradle/caches/modules-2/files-2.1/io.projectreactor.netty/reactor-netty/0.8.1.RELEASE/5ee316437cd75e4e6ff1e9c48b6aed81b2762901/reactor-netty-0.8.1.RELEASE.jar:/root/.gradle/caches/modules-2/files-2.1/com.fasterxml.jackson.core/jackson-databind/2.9.7/e6faad47abd3179666e89068485a1b88a195ceb7/jackson-databind-2.9.7.jar:/workdir/jKali_vul4j_spring-projects_spring-security_VUL4J-72/crypto/build/libs/spring-security-crypto-5.2.0.BUILD-SNAPSHOT.jar:/root/.gradle/caches/modules-2/files-2.1/org.springframework/spring-jcl/5.1.1.RELEASE/47f1e3654845260dad4308565464fb26be2fae5/spring-jcl-5.1.1.RELEASE.jar:/root/.gradle/caches/modules-2/files-2.1/com.github.stephenc.jcip/jcip-annotations/1.0-1/ef31541dd28ae2cefdd17c7ebf352d93e9058c63/jcip-annotations-1.0-1.jar:/root/.gradle/caches/modules-2/files-2.1/net.minidev/json-smart/2.3/7396407491352ce4fa30de92efb158adb76b5b/json-smart-2.3.jar:/root/.gradle/caches/modules-2/files-2.1/org.hamcrest/hamcrest-core/1.3/42a25dc3219429f0e5d060061f71acb49bf010a0/hamcrest-core-1.3.jar:/root/.gradle/caches/modules-2/files-2.1/net.bytebuddy/byte-buddy/1.8.3/c7625191ad0f190bd719f0aef54ece5fdf0e4a77/byte-buddy-1.8.3.jar:/root/.gradle/caches/modules-2/files-2.1/net.bytebuddy/byte-buddy-agent/1.8.3/897127e8724cbf38f72b4c85fe8e39e7ae00d688/byte-buddy-agent-1.8.3.jar:/root/.gradle/caches/modules-2/files-2.1/org.objenesis/objenesis/2.6/639033469776fd37c08358c6b92a4761feb2af4b/objenesis-2.6.jar:/root/.gradle/caches/modules-2/files-2.1/org.javassist/javassist/3.22.0-CR2/44eaf0990dea92f4bca4b9931b2239c0e8756ee7/javassist-3.22.0-CR2.jar:/root/.gradle/caches/modules-2/files-2.1/com.squareup.okhttp3/okhttp/3.9.0/1b6c10b5120995a7542c1a31b7828fb8593c8ba/okhttp-3.9.0.jar:/root/.gradle/caches/modules-2/files-2.1/org.bouncycastle/bcprov-jdk15on/1.58/2c9aa1c4e3372b447ba5daabade4adf2a2264b12/bcprov-jdk15on-1.58.jar:/root/.gradle/caches/modules-2/files-2.1/io.netty/netty-codec-http2/4.1.29.Final/e573656f141a54f808ba482213a3abca2f2c6e6d/netty-codec-http2-4.1.29.Final.jar:/root/.gradle/caches/modules-2/files-2.1/io.netty/netty-handler-proxy/4.1.29.Final/67e9473ac043b4d173ac9d620d43eb428ecc408a/netty-handler-proxy-4.1.29.Final.jar:/root/.gradle/caches/modules-2/files-2.1/io.netty/netty-codec-http/4.1.29.Final/454688b88cea27a4d407202d1fc79a6522345b5e/netty-codec-http-4.1.29.Final.jar:/root/.gradle/caches/modules-2/files-2.1/io.netty/netty-handler/4.1.29.Final/1acf1d94799296a2517533ec75ce7e155e9c4ea7/netty-handler-4.1.29.Final.jar:/root/.gradle/caches/modules-2/files-2.1/io.netty/netty-transport-native-epoll/4.1.29.Final/6a6f8c47911c4f5af0ae210c4c0db17d971f553f/netty-transport-native-epoll-4.1.29.Final-linux-x86_64.jar:/root/.gradle/caches/modules-2/files-2.1/io.projectreactor/reactor-core/3.2.1.RELEASE/7560fd565b04cde039611a9647d1bdac3af9897a/reactor-core-3.2.1.RELEASE.jar:/root/.gradle/caches/modules-2/files-2.1/com.fasterxml.jackson.core/jackson-annotations/2.9.7/4b838e5c4fc17ac02f3293e9a558bb781a51c46d/jackson-annotations-2.9.7.jar:/root/.gradle/caches/modules-2/files-2.1/com.fasterxml.jackson.core/jackson-core/2.9.7/4b7f0e0dc527fab032e9800ed231080fdc3ac015/jackson-core-2.9.7.jar:/root/.gradle/caches/modules-2/files-2.1/net.minidev/accessors-smart/1.2/c592b500269bfde36096641b01238a8350f8aa31/accessors-smart-1.2.jar:/root/.gradle/caches/modules-2/files-2.1/com.squareup.okio/okio/1.13.0/a9283170b7305c8d92d25aff02a6ab7e45d06cbe/okio-1.13.0.jar:/root/.gradle/caches/modules-2/files-2.1/io.netty/netty-codec-socks/4.1.29.Final/f687150259de44f0ff7b37a449f1a1bf6f20e992/netty-codec-socks-4.1.29.Final.jar:/root/.gradle/caches/modules-2/files-2.1/io.netty/netty-codec/4.1.29.Final/1651bc2e279216773c234cafe402d68d2a5adc90/netty-codec-4.1.29.Final.jar:/root/.gradle/caches/modules-2/files-2.1/io.netty/netty-transport-native-unix-common/4.1.29.Final/9c9f88ca57873b3c00489ae74fb80bb0cd02d986/netty-transport-native-unix-common-4.1.29.Final.jar:/root/.gradle/caches/modules-2/files-2.1/io.netty/netty-transport/4.1.29.Final/c190b90f70e2ae8a48c068afad709e8728fcaa39/netty-transport-4.1.29.Final.jar:/root/.gradle/caches/modules-2/files-2.1/io.netty/netty-buffer/4.1.29.Final/c3809f72e4b535b343b7dfa3c0c8210dad2fa5ea/netty-buffer-4.1.29.Final.jar:/root/.gradle/caches/modules-2/files-2.1/io.netty/netty-resolver/4.1.29.Final/bbec1dc913732e4773893c14d795b15d6c1e878e/netty-resolver-4.1.29.Final.jar:/root/.gradle/caches/modules-2/files-2.1/io.netty/netty-common/4.1.29.Final/a5d6a735ed07d8f197daa48db7f097cfc971ee5e/netty-common-4.1.29.Final.jar:/root/.gradle/caches/modules-2/files-2.1/org.reactivestreams/reactive-streams/1.0.1/1b1c911686eb40179219466e6a59b634b9d7a748/reactive-streams-1.0.1.jar:/root/.gradle/caches/modules-2/files-2.1/org.ow2.asm/asm/6.2.1/c01b6798f81b0fc2c5faa70cbe468c275d4b50c7/asm-6.2.1.jar:/root/.gradle/caches/modules-2/files-2.1/org.springframework/spring-webflux/5.1.1.RELEASE/ffb7be009341a335e2a8238dfb028492ad7f6ebf/spring-webflux-5.1.1.RELEASE.jar:/root/.gradle/caches/modules-2/files-2.1/org.springframework/spring-web/5.1.1.RELEASE/71407ea649738b7a054f21d388de39a99265463/spring-web-5.1.1.RELEASE.jar
[102362] INFO ConfigurationProperties - p:packageToInstrument= 
[102362] INFO ConfigurationProperties - p:skipfaultlocalization= false
[102362] INFO ConfigurationProperties - p:scope= local
[102362] INFO ConfigurationProperties - p:transformingredient= false
[102362] INFO ConfigurationProperties - p:fitnessfunction= fr.inria.astor.core.solutionsearch.population.TestCaseFitnessFunction
[102362] INFO ConfigurationProperties - p:maxnumvariablesperingredient= 10
[102362] INFO ConfigurationProperties - p:parsesourcefromoriginal= true
[102362] INFO ConfigurationProperties - p:pvariantfoldername= variant-
[102362] INFO ConfigurationProperties - p:savespoonmodelondisk= false
[102362] INFO ConfigurationProperties - p:srcjavafolder= oauth2/oauth2-jose/src/main/java
[102362] INFO ConfigurationProperties - p:populationcontroller= fr.inria.astor.core.solutionsearch.population.TestCaseBasedFitnessPopulationController
[102362] INFO ConfigurationProperties - p:ignoreflakyinfl= false
[102362] INFO ConfigurationProperties - p:cleantemplates= true
[102362] INFO ConfigurationProperties - p:applyCrossover= false
[102362] INFO ConfigurationProperties - p:maxmodificationpoints= 1000
[102378] INFO ConfigurationProperties - p:duplicateingredientsinspace= false
[102378] INFO ConfigurationProperties - p:metid= 0
[102378] INFO ConfigurationProperties - p:continuewhenmodelfail= true
[102378] INFO ConfigurationProperties - p:saveall= false
[102380] INFO ConfigurationProperties - p:seed= 0
[102380] INFO ConfigurationProperties - p:savecompletepatched= true
[102380] INFO ConfigurationProperties - p:resetoperations= false
[102380] INFO ConfigurationProperties - p:keepcomments= false
[102380] INFO ConfigurationProperties - p:processoutputinfile= false
[102380] INFO ConfigurationProperties - p:location= .
[102380] INFO ConfigurationProperties - p:probabilistictransformation= true
[102380] INFO ConfigurationProperties - p:overridemaxtime= true
[102380] INFO ConfigurationProperties - p:outputjsonresult= true
[102380] INFO ConfigurationProperties - p:allpoints= false
[102380] INFO ConfigurationProperties - p:antipattern= false
[102381] INFO ConfigurationProperties - p:bugId= 280
[102381] INFO ConfigurationProperties - p:evosuitetimeout= 120
[102381] INFO ConfigurationProperties - p:maxtimefactor= 10
[102381] INFO ConfigurationProperties - p:nrPlaceholders= 1
[102381] INFO ConfigurationProperties - p:testallcmd= ./gradlew :spring-security-oauth2-jose:test
[102381] INFO ConfigurationProperties - p:forcesubprocesskilling= false
[102381] INFO ConfigurationProperties - ----------------------------
[102394] INFO AstorCoreEngine - mod_point MP=org.springframework.security.oauth2.jwt.JwtIssuerValidator line: 66, pointed element: CtIfImpl
[102430] INFO AstorCoreEngine - -->op: OP_INSTANCE:
ReplaceIfBooleanOp:(spoon.support.reflect.code.CtIfImpl) `if (this.issuer.equals(token.getIssuer())) { 	return org.springframework.security.oauth2.core.OAuth2[...] ` -topatch--> `if (true) { 	return org.springframework.security.oauth2.core.OAuth2TokenValidatorResult.success(); }[...]` (spoon.support.reflect.code.CtIfImpl) 
[104227] INFO main - Run previously failing tests...
[143365] INFO main - Failed tests: 1
[143381] INFO AstorCoreEngine - mod_point MP=org.springframework.security.oauth2.jwt.JwtIssuerValidator line: 66, pointed element: CtIfImpl
[143405] INFO AstorCoreEngine - -->op: OP_INSTANCE:
ReplaceIfBooleanOp:(spoon.support.reflect.code.CtIfImpl) `if (this.issuer.equals(token.getIssuer())) { 	return org.springframework.security.oauth2.core.OAuth2[...] ` -topatch--> `if (false) { 	return org.springframework.security.oauth2.core.OAuth2TokenValidatorResult.success(); [...]` (spoon.support.reflect.code.CtIfImpl) 
[144361] INFO main - Run previously failing tests...
[182908] INFO main - Failed tests: 0
[182908] INFO main - Run whole testsuite...
[257858] INFO main - Failed tests: 1
[257861] INFO AstorCoreEngine - mod_point MP=org.springframework.security.oauth2.jwt.JwtIssuerValidator line: 66, pointed element: CtIfImpl
[257880] INFO AstorCoreEngine - -->op: OP_INSTANCE:
RemoveOp:(spoon.support.reflect.code.CtIfImpl) `if (this.issuer.equals(token.getIssuer())) { 	return org.springframework.security.oauth2.core.OAuth2[...] ` -topatch--> `-` (null) 
[258861] INFO AstorCoreEngine - Time Repair Loop (s): 156.479
[258861] INFO AstorCoreEngine - generationsexecuted: 1
[258861] WARN AstorCoreEngine - ----SUMMARY_EXECUTION---
[258861] WARN AstorCoreEngine - End Repair Search: NOT Found solution
[258861] WARN AstorCoreEngine - Number suspicious:1
[258863] INFO AstorCoreEngine - 
 --SOLUTIONS DESCRIPTION--


Astor Output:

General stats:
EXECUTION_IDENTIFIER=spring-projects_spring-security-VUL4J-72
TOTAL_TIME=156.479
NR_GENERATIONS=null
NR_RIGHT_COMPILATIONS=2
NR_FAILLING_COMPILATIONS=1
NR_ERRONEOUS_VARIANCES=null
NR_FAILING_VALIDATION_PROCESS=null
OUTPUT_STATUS=EXHAUSTIVE_NAVIGATED

Patch stats:

[258901] INFO Stats - Storing ing JSON at /workdir/jKali_vul4j_spring-projects_spring-security_VUL4J-72/./output_astor/AstorMain-spring-projects_spring-security-VUL4J-72//astor_output.json
[258902] INFO Stats - astor_output:
{"general":{"NR_RIGHT_COMPILATIONS":2,"NR_ERRONEOUS_VARIANCES":null,"EXECUTION_IDENTIFIER":"spring-projects_spring-security-VUL4J-72","OUTPUT_STATUS":"EXHAUSTIVE_NAVIGATED","NR_FAILLING_COMPILATIONS":1,"NR_GENERATIONS":null,"TOTAL_TIME":156.479,"NR_FAILING_VALIDATION_PROCESS":null},"patches":[]}
[258902] INFO AstorMain - Time Total(s): 258.886
23.49user 6.50system 4:20.74elapsed 11%CPU (0avgtext+0avgdata 448444maxresident)k
32inputs+2048outputs (0major+212262minor)pagefaults 0swaps


Node: 9670332cfea8



Date: Thu Sep  8 22:53:44 EDT 2022

